2025-10-15 11:57:02.7971: Verificando versão para atualização de PDV.
2025-10-15 11:57:03.6480: Atualização
2025-10-15 11:58:07.6013: Calculando totais da venda...
2025-10-15 11:58:12.9883: Iniciando finalização da venda Id 6399...
2025-10-15 11:58:12.9883: Verificando repique de troco...
2025-10-15 11:58:12.9883: Calculando totais da venda...
2025-10-15 11:58:13.5675: Aguarde, estamos realizando a emissão da NFC-e...
2025-10-15 11:58:13.6434: Validando NFC-e...
2025-10-15 11:58:13.6704: Tipo de emissão NFC-e: NORMAL
2025-10-15 11:58:13.6704: Gerando XML de NFC-e...
2025-10-15 11:58:13.6804: Realizando conversão da venda para XML...
2025-10-15 11:58:13.8024: Conversão realizada com sucesso para a NFC-e id: NFe42251029005632000120650010000306131360470180
2025-10-15 11:58:14.1395: Assinando XML...
2025-10-15 11:58:15.9059: XML assinado com sucesso!
2025-10-15 11:58:15.9059: Enviando NFC-e para a SEFAZ...
2025-10-15 11:58:16.7073: Retorno da SEFAZ: 100 - Autorizado o uso da NF-e
2025-10-15 11:58:16.7073: Numeração de NFC-e atualizada para Nr. 30614
2025-10-15 11:58:16.7203: Finalizando Venda e validando NF emitida...
2025-10-15 11:58:16.7453: Venda finalizada com sucesso!
2025-10-15 11:58:16.7453: Realizando rotinas pós-venda...
2025-10-15 11:58:16.7613: Enviando e-mail...
2025-10-15 11:58:16.7703: Iniciando rotina de sincronização da venda 6399...
2025-10-15 11:58:16.7703: Todas as rotinas da venda 6399 foram concluídas com sucesso!
2025-10-15 11:58:16.7703: Imprimindo DANFe...
2025-10-15 11:59:09.6309: Iniciando rotina de sincronização da venda 6411...
2025-10-15 11:59:49.4086: Calculando totais da venda...
2025-10-15 11:59:52.9556: Iniciando finalização da venda Id 6410...
2025-10-15 11:59:52.9556: Verificando repique de troco...
2025-10-15 11:59:52.9556: Calculando totais da venda...
2025-10-15 11:59:53.4606: Aguarde, estamos realizando a emissão da NFC-e...
2025-10-15 11:59:53.5546: Validando NFC-e...
2025-10-15 11:59:53.5656: Tipo de emissão NFC-e: NORMAL
2025-10-15 11:59:53.5656: Gerando XML de NFC-e...
2025-10-15 11:59:53.5656: Realizando conversão da venda para XML...
2025-10-15 11:59:53.5876: Conversão realizada com sucesso para a NFC-e id: NFe42251029005632000120650010000306141517439552
2025-10-15 11:59:53.5876: Assinando XML...
2025-10-15 11:59:53.6716: XML assinado com sucesso!
2025-10-15 11:59:53.6716: Enviando NFC-e para a SEFAZ...
2025-10-15 11:59:53.9880: Retorno da SEFAZ: 100 - Autorizado o uso da NF-e
2025-10-15 11:59:53.9880: Numeração de NFC-e atualizada para Nr. 30615
2025-10-15 11:59:53.9880: Finalizando Venda e validando NF emitida...
2025-10-15 11:59:54.0110: Venda finalizada com sucesso!
2025-10-15 11:59:54.0110: Realizando rotinas pós-venda...
2025-10-15 11:59:54.0150: Enviando e-mail...
2025-10-15 11:59:56.2157: Iniciando rotina de sincronização da venda 6410...
2025-10-15 11:59:56.2157: Todas as rotinas da venda 6410 foram concluídas com sucesso!
2025-10-15 11:59:56.2187: Imprimindo DANFe...
2025-10-15 12:11:36.0710: Calculando totais da venda...
2025-10-15 12:11:39.4209: Iniciando finalização da venda Id 6412...
2025-10-15 12:11:39.4209: Verificando repique de troco...
2025-10-15 12:11:39.4219: Calculando totais da venda...
2025-10-15 12:11:41.0643: Aguarde, estamos realizando a emissão da NFC-e...
2025-10-15 12:11:41.1601: Validando NFC-e...
2025-10-15 12:11:41.1601: Tipo de emissão NFC-e: NORMAL
2025-10-15 12:11:41.1601: Gerando XML de NFC-e...
2025-10-15 12:11:41.1601: Realizando conversão da venda para XML...
2025-10-15 12:11:41.1791: Conversão realizada com sucesso para a NFC-e id: NFe42251029005632000120650010000306151114509231
2025-10-15 12:11:41.1791: Assinando XML...
2025-10-15 12:11:41.2671: XML assinado com sucesso!
2025-10-15 12:11:41.2671: Enviando NFC-e para a SEFAZ...
2025-10-15 12:11:41.5741: Retorno da SEFAZ: 100 - Autorizado o uso da NF-e
2025-10-15 12:11:41.5741: Numeração de NFC-e atualizada para Nr. 30616
2025-10-15 12:11:41.5805: Finalizando Venda e validando NF emitida...
2025-10-15 12:11:41.6024: Venda finalizada com sucesso!
2025-10-15 12:11:41.6024: Realizando rotinas pós-venda...
2025-10-15 12:11:41.6024: Enviando e-mail...
2025-10-15 12:11:41.6024: Iniciando rotina de sincronização da venda 6412...
2025-10-15 12:11:41.6024: Todas as rotinas da venda 6412 foram concluídas com sucesso!
2025-10-15 12:11:41.6024: Imprimindo DANFe...
2025-10-15 12:44:48.7465: Calculando totais da venda...
2025-10-15 12:45:03.9366: Validando desconto atribuído ao cliente...
2025-10-15 12:45:50.8183: Calculando totais da venda...
2025-10-15 12:46:10.0742: Calculando totais da venda...
2025-10-15 12:47:58.3754: Calculando totais da venda...
2025-10-15 12:48:01.7745: Iniciando finalização da venda Id 6414...
2025-10-15 12:48:01.7745: Verificando repique de troco...
2025-10-15 12:48:01.7745: Calculando totais da venda...
2025-10-15 12:48:03.4016: Aguarde, estamos realizando a emissão da NFC-e...
2025-10-15 12:48:03.4916: Validando NFC-e...
2025-10-15 12:48:03.4916: Tipo de emissão NFC-e: NORMAL
2025-10-15 12:48:03.4916: Gerando XML de NFC-e...
2025-10-15 12:48:03.4916: Realizando conversão da venda para XML...
2025-10-15 12:48:03.5116: Conversão realizada com sucesso para a NFC-e id: NFe42251029005632000120650010000306161474827542
2025-10-15 12:48:03.5116: Assinando XML...
2025-10-15 12:48:03.6036: XML assinado com sucesso!
2025-10-15 12:48:03.6036: Enviando NFC-e para a SEFAZ...
2025-10-15 12:48:04.4058: Retorno da SEFAZ: 100 - Autorizado o uso da NF-e
2025-10-15 12:48:04.4058: Numeração de NFC-e atualizada para Nr. 30617
2025-10-15 12:48:04.4058: Finalizando Venda e validando NF emitida...
2025-10-15 12:48:04.8199: Venda finalizada com sucesso!
2025-10-15 12:48:04.8199: Realizando rotinas pós-venda...
2025-10-15 12:48:04.8199: Enviando e-mail...
2025-10-15 12:48:04.8199: Iniciando rotina de sincronização da venda 6414...
2025-10-15 12:48:04.8199: Todas as rotinas da venda 6414 foram concluídas com sucesso!
2025-10-15 12:48:04.8278: Imprimindo DANFe...
2025-10-15 12:57:19.5361: Calculando totais da venda...
2025-10-15 12:57:23.1065: Iniciando finalização da venda Id 6413...
2025-10-15 12:57:23.1065: Verificando repique de troco...
2025-10-15 12:57:23.1065: Calculando totais da venda...
2025-10-15 12:57:23.2114: Iniciando finalização da venda Id 6413...
2025-10-15 12:57:23.2114: Verificando repique de troco...
2025-10-15 12:57:23.2114: Calculando totais da venda...
2025-10-15 12:57:24.6987: Aguarde, estamos realizando a emissão da NFC-e...
2025-10-15 12:57:24.7997: Validando NFC-e...
2025-10-15 12:57:24.7997: Tipo de emissão NFC-e: NORMAL
2025-10-15 12:57:24.7997: Gerando XML de NFC-e...
2025-10-15 12:57:24.7997: Realizando conversão da venda para XML...
2025-10-15 12:57:24.8257: Conversão realizada com sucesso para a NFC-e id: NFe42251029005632000120650010000306171942038549
2025-10-15 12:57:24.8257: Assinando XML...
2025-10-15 12:57:24.9177: XML assinado com sucesso!
2025-10-15 12:57:24.9177: Enviando NFC-e para a SEFAZ...
2025-10-15 12:57:25.4358: Retorno da SEFAZ: 100 - Autorizado o uso da NF-e
2025-10-15 12:57:25.4378: Numeração de NFC-e atualizada para Nr. 30618
2025-10-15 12:57:25.4378: Finalizando Venda e validando NF emitida...
2025-10-15 12:57:25.4678: Venda finalizada com sucesso!
2025-10-15 12:57:25.4688: Realizando rotinas pós-venda...
2025-10-15 12:57:25.4688: Enviando e-mail...
2025-10-15 12:57:25.4688: Iniciando rotina de sincronização da venda 6413...
2025-10-15 12:57:25.4688: Todas as rotinas da venda 6413 foram concluídas com sucesso!
2025-10-15 12:57:25.4688: Imprimindo DANFe...
2025-10-15 13:24:20.9031: Calculando totais da venda...
2025-10-15 13:24:24.2162: Iniciando finalização da venda Id 6415...
2025-10-15 13:24:24.2162: Verificando repique de troco...
2025-10-15 13:24:24.2162: Calculando totais da venda...
2025-10-15 13:24:25.5918: Aguarde, estamos realizando a emissão da NFC-e...
2025-10-15 13:24:25.7034: Validando NFC-e...
2025-10-15 13:24:25.7034: Tipo de emissão NFC-e: NORMAL
2025-10-15 13:24:25.7034: Gerando XML de NFC-e...
2025-10-15 13:24:25.7034: Realizando conversão da venda para XML...
2025-10-15 13:24:25.7234: Conversão realizada com sucesso para a NFC-e id: NFe42251029005632000120650010000306181334308628
2025-10-15 13:24:25.7234: Assinando XML...
2025-10-15 13:24:25.8324: XML assinado com sucesso!
2025-10-15 13:24:25.8324: Enviando NFC-e para a SEFAZ...
2025-10-15 13:24:26.5465: Retorno da SEFAZ: 100 - Autorizado o uso da NF-e
2025-10-15 13:24:26.5465: Numeração de NFC-e atualizada para Nr. 30619
2025-10-15 13:24:26.5465: Finalizando Venda e validando NF emitida...
2025-10-15 13:24:26.9545: Venda finalizada com sucesso!
2025-10-15 13:24:26.9545: Realizando rotinas pós-venda...
2025-10-15 13:24:26.9545: Enviando e-mail...
2025-10-15 13:24:26.9545: Iniciando rotina de sincronização da venda 6415...
2025-10-15 13:24:26.9545: Todas as rotinas da venda 6415 foram concluídas com sucesso!
2025-10-15 13:24:26.9545: Imprimindo DANFe...
2025-10-15 13:26:37.1554: Calculando totais da venda...
2025-10-15 13:26:41.7830: Iniciando finalização da venda Id 6416...
2025-10-15 13:26:41.7830: Verificando repique de troco...
2025-10-15 13:26:41.7830: Calculando totais da venda...
2025-10-15 13:26:43.3364: Aguarde, estamos realizando a emissão da NFC-e...
2025-10-15 13:26:43.4453: Validando NFC-e...
2025-10-15 13:26:43.4533: Tipo de emissão NFC-e: NORMAL
2025-10-15 13:26:43.4533: Gerando XML de NFC-e...
2025-10-15 13:26:43.4533: Realizando conversão da venda para XML...
2025-10-15 13:26:43.4533: Conversão realizada com sucesso para a NFC-e id: NFe42251029005632000120650010000306191956967878
2025-10-15 13:26:43.4533: Assinando XML...
2025-10-15 13:26:43.5813: XML assinado com sucesso!
2025-10-15 13:26:43.5813: Enviando NFC-e para a SEFAZ...
2025-10-15 13:26:43.9851: Retorno da SEFAZ: 100 - Autorizado o uso da NF-e
2025-10-15 13:26:43.9851: Numeração de NFC-e atualizada para Nr. 30620
2025-10-15 13:26:43.9851: Finalizando Venda e validando NF emitida...
2025-10-15 13:26:44.0172: Venda finalizada com sucesso!
2025-10-15 13:26:44.0172: Realizando rotinas pós-venda...
2025-10-15 13:26:44.0172: Enviando e-mail...
2025-10-15 13:26:44.0172: Iniciando rotina de sincronização da venda 6416...
2025-10-15 13:26:44.0172: Todas as rotinas da venda 6416 foram concluídas com sucesso!
2025-10-15 13:26:44.0172: Imprimindo DANFe...
2025-10-15 13:59:53.5020: Calculando totais da venda...
2025-10-15 14:00:01.5569: Validando desconto atribuído ao cliente...
2025-10-15 14:00:49.2523: Calculando totais da venda...
2025-10-15 14:00:55.9284: Iniciando finalização da venda Id 6417...
2025-10-15 14:00:55.9284: Verificando repique de troco...
2025-10-15 14:00:55.9284: Calculando totais da venda...
2025-10-15 14:00:59.4895: Aguarde, estamos realizando a emissão da NFC-e...
2025-10-15 14:00:59.6085: Validando NFC-e...
2025-10-15 14:00:59.6185: Tipo de emissão NFC-e: NORMAL
2025-10-15 14:00:59.6185: Gerando XML de NFC-e...
2025-10-15 14:00:59.6285: Realizando conversão da venda para XML...
2025-10-15 14:00:59.6285: Conversão realizada com sucesso para a NFC-e id: NFe42251029005632000120650010000306201398589308
2025-10-15 14:00:59.6285: Assinando XML...
2025-10-15 14:00:59.8645: XML assinado com sucesso!
2025-10-15 14:00:59.8645: Enviando NFC-e para a SEFAZ...
2025-10-15 14:01:01.4372: Retorno da SEFAZ: 100 - Autorizado o uso da NF-e
2025-10-15 14:01:01.4372: Numeração de NFC-e atualizada para Nr. 30621
2025-10-15 14:01:01.4372: Finalizando Venda e validando NF emitida...
2025-10-15 14:01:02.1753: Venda finalizada com sucesso!
2025-10-15 14:01:02.1753: Realizando rotinas pós-venda...
2025-10-15 14:01:02.1753: Enviando e-mail...
2025-10-15 14:01:02.1753: Iniciando rotina de sincronização da venda 6417...
2025-10-15 14:01:02.1753: Todas as rotinas da venda 6417 foram concluídas com sucesso!
2025-10-15 14:01:02.1753: Imprimindo DANFe...
2025-10-15 14:07:09.2529: Calculando totais da venda...
2025-10-15 14:07:58.4816: Calculando totais da venda...
2025-10-15 14:10:12.8637: Calculando totais da venda...
2025-10-15 14:10:15.9727: Iniciando finalização da venda Id 6419...
2025-10-15 14:10:15.9727: Verificando repique de troco...
2025-10-15 14:10:15.9727: Calculando totais da venda...
2025-10-15 14:12:10.2788: Calculando totais da venda...
2025-10-15 14:12:13.3837: Iniciando finalização da venda Id 6419...
2025-10-15 14:12:13.3837: Verificando repique de troco...
2025-10-15 14:12:13.3837: Calculando totais da venda...
2025-10-15 14:12:17.0968: Aguarde, estamos realizando a emissão da NFC-e...
2025-10-15 14:12:17.2568: Validando NFC-e...
2025-10-15 14:12:17.2568: Tipo de emissão NFC-e: NORMAL
2025-10-15 14:12:17.2568: Gerando XML de NFC-e...
2025-10-15 14:12:17.2658: Realizando conversão da venda para XML...
2025-10-15 14:12:17.2658: Conversão realizada com sucesso para a NFC-e id: NFe42251029005632000120650010000306211722239157
2025-10-15 14:12:17.2658: Assinando XML...
2025-10-15 14:12:17.4578: XML assinado com sucesso!
2025-10-15 14:12:17.4578: Enviando NFC-e para a SEFAZ...
2025-10-15 14:12:18.3304: Retorno da SEFAZ: 100 - Autorizado o uso da NF-e
2025-10-15 14:12:18.3304: Numeração de NFC-e atualizada para Nr. 30622
2025-10-15 14:12:18.3304: Finalizando Venda e validando NF emitida...
2025-10-15 14:12:18.7594: Venda finalizada com sucesso!
2025-10-15 14:12:18.7594: Realizando rotinas pós-venda...
2025-10-15 14:12:18.7594: Enviando e-mail...
2025-10-15 14:12:18.7594: Iniciando rotina de sincronização da venda 6419...
2025-10-15 14:12:18.7684: Todas as rotinas da venda 6419 foram concluídas com sucesso!
2025-10-15 14:12:18.7684: Imprimindo DANFe...
2025-10-15 14:15:52.5165: Calculando totais da venda...
2025-10-15 14:17:15.5499: Iniciando finalização da venda Id 6418...
2025-10-15 14:17:15.5499: Verificando repique de troco...
2025-10-15 14:17:15.5499: Calculando totais da venda...
2025-10-15 14:17:16.1120: Aguarde, estamos realizando a emissão da NFC-e...
2025-10-15 14:17:16.2239: Validando NFC-e...
2025-10-15 14:17:16.2239: Tipo de emissão NFC-e: NORMAL
2025-10-15 14:17:16.2239: Gerando XML de NFC-e...
2025-10-15 14:17:16.2239: Realizando conversão da venda para XML...
2025-10-15 14:17:16.2429: Conversão realizada com sucesso para a NFC-e id: NFe42251029005632000120650010000306221465841756
2025-10-15 14:17:16.2429: Assinando XML...
2025-10-15 14:17:16.3609: XML assinado com sucesso!
2025-10-15 14:17:16.3609: Enviando NFC-e para a SEFAZ...
2025-10-15 14:17:16.7280: Retorno da SEFAZ: 100 - Autorizado o uso da NF-e
2025-10-15 14:17:16.7280: Numeração de NFC-e atualizada para Nr. 30623
2025-10-15 14:17:16.7370: Finalizando Venda e validando NF emitida...
2025-10-15 14:17:16.7570: Venda finalizada com sucesso!
2025-10-15 14:17:16.7570: Realizando rotinas pós-venda...
2025-10-15 14:17:16.7570: Enviando e-mail...
2025-10-15 14:17:16.7570: Iniciando rotina de sincronização da venda 6418...
2025-10-15 14:17:16.7570: Todas as rotinas da venda 6418 foram concluídas com sucesso!
2025-10-15 14:17:16.7570: Imprimindo DANFe...
2025-10-15 14:29:53.3791: Calculando totais da venda...
2025-10-15 14:38:12.5052: Calculando totais da venda...
2025-10-15 14:38:16.0196: Iniciando finalização da venda Id 6421...
2025-10-15 14:38:16.0196: Verificando repique de troco...
2025-10-15 14:38:16.0196: Calculando totais da venda...
2025-10-15 14:38:17.2405: Aguarde, estamos realizando a emissão da NFC-e...
2025-10-15 14:38:17.4070: Validando NFC-e...
2025-10-15 14:38:17.4070: Tipo de emissão NFC-e: NORMAL
2025-10-15 14:38:17.4070: Gerando XML de NFC-e...
2025-10-15 14:38:17.4070: Realizando conversão da venda para XML...
2025-10-15 14:38:17.4330: Conversão realizada com sucesso para a NFC-e id: NFe42251029005632000120650010000306231700570483
2025-10-15 14:38:17.4380: Assinando XML...
2025-10-15 14:38:17.7100: XML assinado com sucesso!
2025-10-15 14:38:17.7100: Enviando NFC-e para a SEFAZ...
2025-10-15 14:38:18.6004: Retorno da SEFAZ: 100 - Autorizado o uso da NF-e
2025-10-15 14:38:18.6004: Numeração de NFC-e atualizada para Nr. 30624
2025-10-15 14:38:18.6204: Finalizando Venda e validando NF emitida...
2025-10-15 14:38:19.0605: Venda finalizada com sucesso!
2025-10-15 14:38:19.0605: Realizando rotinas pós-venda...
2025-10-15 14:38:19.0625: Enviando e-mail...
2025-10-15 14:38:19.0625: Iniciando rotina de sincronização da venda 6421...
2025-10-15 14:38:19.0625: Todas as rotinas da venda 6421 foram concluídas com sucesso!
2025-10-15 14:38:19.0625: Imprimindo DANFe...
