2025-10-15 09:01:05.1399: Verificando versão para atualização de PDV.
2025-10-15 09:01:05.6619: Atualização
2025-10-15 09:02:23.7189: Iniciando rotina de sincronização de caixa...
2025-10-15 09:02:27.0559: Iniciando rotina de sincronização de caixa...
2025-10-15 09:12:09.1485: Calculando totais da venda...
2025-10-15 09:12:34.0723: Iniciando finalização da venda Id 6398...
2025-10-15 09:12:34.0723: Verificando repique de troco...
2025-10-15 09:12:34.0723: Calculando totais da venda...
2025-10-15 09:12:35.7242: Aguarde, estamos realizando a emissão da NFC-e...
2025-10-15 09:12:35.8153: Validando NFC-e...
2025-10-15 09:12:35.8533: Tipo de emissão NFC-e: NORMAL
2025-10-15 09:12:35.8533: Gerando XML de NFC-e...
2025-10-15 09:12:35.8673: Realizando conversão da venda para XML...
2025-10-15 09:12:35.9853: Conversão realizada com sucesso para a NFC-e id: NFe42251029005632000120650010000306031903919429
2025-10-15 09:12:36.3543: Assinando XML...
2025-10-15 09:12:38.0843: XML assinado com sucesso!
2025-10-15 09:12:38.0843: Enviando NFC-e para a SEFAZ...
2025-10-15 09:12:41.1443: Retorno da SEFAZ: 100 - Autorizado o uso da NF-e
2025-10-15 09:12:41.1443: Numeração de NFC-e atualizada para Nr. 30604
2025-10-15 09:12:41.1443: Finalizando Venda e validando NF emitida...
2025-10-15 09:12:41.5693: Venda finalizada com sucesso!
2025-10-15 09:12:41.5693: Realizando rotinas pós-venda...
2025-10-15 09:12:41.5929: Enviando e-mail...
2025-10-15 09:12:41.5929: Iniciando rotina de sincronização da venda 6398...
2025-10-15 09:12:41.5929: Todas as rotinas da venda 6398 foram concluídas com sucesso!
2025-10-15 09:12:41.5929: Imprimindo DANFe...
2025-10-15 09:13:06.8810: Calculando totais da venda...
2025-10-15 09:54:05.3177: Calculando totais da venda...
2025-10-15 09:54:16.4116: Iniciando finalização da venda Id 6400...
2025-10-15 09:54:16.4116: Verificando repique de troco...
2025-10-15 09:54:16.4116: Calculando totais da venda...
2025-10-15 09:54:17.1713: Aguarde, estamos realizando a emissão da NFC-e...
2025-10-15 09:54:17.2671: Validando NFC-e...
2025-10-15 09:54:17.2671: Tipo de emissão NFC-e: NORMAL
2025-10-15 09:54:17.2671: Gerando XML de NFC-e...
2025-10-15 09:54:17.2671: Realizando conversão da venda para XML...
2025-10-15 09:54:17.2941: Conversão realizada com sucesso para a NFC-e id: NFe42251029005632000120650010000306041534615332
2025-10-15 09:54:17.2941: Assinando XML...
2025-10-15 09:54:17.3891: XML assinado com sucesso!
2025-10-15 09:54:17.3901: Enviando NFC-e para a SEFAZ...
2025-10-15 09:54:18.2017: Retorno da SEFAZ: 100 - Autorizado o uso da NF-e
2025-10-15 09:54:18.2027: Numeração de NFC-e atualizada para Nr. 30605
2025-10-15 09:54:18.2027: Finalizando Venda e validando NF emitida...
2025-10-15 09:54:18.6247: Venda finalizada com sucesso!
2025-10-15 09:54:18.6247: Realizando rotinas pós-venda...
2025-10-15 09:54:18.6247: Enviando e-mail...
2025-10-15 09:54:18.6247: Iniciando rotina de sincronização da venda 6400...
2025-10-15 09:54:18.6247: Todas as rotinas da venda 6400 foram concluídas com sucesso!
2025-10-15 09:54:18.6247: Imprimindo DANFe...
2025-10-15 09:58:01.1150: Calculando totais da venda...
2025-10-15 09:58:05.6129: Iniciando finalização da venda Id 6401...
2025-10-15 09:58:05.6129: Verificando repique de troco...
2025-10-15 09:58:05.6129: Calculando totais da venda...
2025-10-15 09:58:06.4859: Aguarde, estamos realizando a emissão da NFC-e...
2025-10-15 09:58:06.5739: Validando NFC-e...
2025-10-15 09:58:06.5799: Tipo de emissão NFC-e: NORMAL
2025-10-15 09:58:06.5799: Gerando XML de NFC-e...
2025-10-15 09:58:06.5799: Realizando conversão da venda para XML...
2025-10-15 09:58:06.5939: Conversão realizada com sucesso para a NFC-e id: NFe42251029005632000120650010000306051799998504
2025-10-15 09:58:06.5939: Assinando XML...
2025-10-15 09:58:06.6849: XML assinado com sucesso!
2025-10-15 09:58:06.6849: Enviando NFC-e para a SEFAZ...
2025-10-15 09:58:07.2229: Retorno da SEFAZ: 100 - Autorizado o uso da NF-e
2025-10-15 09:58:07.2229: Numeração de NFC-e atualizada para Nr. 30606
2025-10-15 09:58:07.2229: Finalizando Venda e validando NF emitida...
2025-10-15 09:58:07.6369: Venda finalizada com sucesso!
2025-10-15 09:58:07.6369: Realizando rotinas pós-venda...
2025-10-15 09:58:07.6369: Enviando e-mail...
2025-10-15 09:58:07.6369: Iniciando rotina de sincronização da venda 6401...
2025-10-15 09:58:07.6409: Todas as rotinas da venda 6401 foram concluídas com sucesso!
2025-10-15 09:58:07.6409: Imprimindo DANFe...
2025-10-15 10:09:00.8285: Calculando totais da venda...
2025-10-15 10:09:11.9417: Iniciando finalização da venda Id 6402...
2025-10-15 10:09:11.9417: Verificando repique de troco...
2025-10-15 10:09:11.9417: Calculando totais da venda...
2025-10-15 10:09:13.2377: Aguarde, estamos realizando a emissão da NFC-e...
2025-10-15 10:09:13.3304: Validando NFC-e...
2025-10-15 10:09:13.3304: Tipo de emissão NFC-e: NORMAL
2025-10-15 10:09:13.3304: Gerando XML de NFC-e...
2025-10-15 10:09:13.3304: Realizando conversão da venda para XML...
2025-10-15 10:09:13.3464: Conversão realizada com sucesso para a NFC-e id: NFe42251029005632000120650010000306061375399511
2025-10-15 10:09:13.3464: Assinando XML...
2025-10-15 10:09:13.4394: XML assinado com sucesso!
2025-10-15 10:09:13.4394: Enviando NFC-e para a SEFAZ...
2025-10-15 10:09:20.4979: Retorno da SEFAZ: 100 - Autorizado o uso da NF-e
2025-10-15 10:09:20.4999: Numeração de NFC-e atualizada para Nr. 30607
2025-10-15 10:09:20.4999: Finalizando Venda e validando NF emitida...
2025-10-15 10:09:20.9059: Venda finalizada com sucesso!
2025-10-15 10:09:20.9059: Realizando rotinas pós-venda...
2025-10-15 10:09:20.9059: Enviando e-mail...
2025-10-15 10:09:20.9059: Iniciando rotina de sincronização da venda 6402...
2025-10-15 10:09:20.9059: Todas as rotinas da venda 6402 foram concluídas com sucesso!
2025-10-15 10:09:20.9059: Imprimindo DANFe...
2025-10-15 10:25:36.1681: Calculando totais da venda...
2025-10-15 10:25:45.7611: Iniciando finalização da venda Id 6403...
2025-10-15 10:25:45.7611: Verificando repique de troco...
2025-10-15 10:25:45.7611: Calculando totais da venda...
2025-10-15 10:25:47.7658: Finalizando Venda não fiscal...
2025-10-15 10:25:48.1858: Venda finalizada com sucesso!
2025-10-15 10:25:48.1858: Realizando rotinas pós-venda...
2025-10-15 10:25:48.1888: Enviando e-mail...
2025-10-15 10:25:48.1888: Iniciando rotina de sincronização da venda 6403...
2025-10-15 10:25:48.1888: Todas as rotinas da venda 6403 foram concluídas com sucesso!
2025-10-15 10:30:50.9180: Calculando totais da venda...
2025-10-15 10:32:13.1972: Iniciando finalização da venda Id 6404...
2025-10-15 10:32:13.1972: Verificando repique de troco...
2025-10-15 10:32:13.1972: Calculando totais da venda...
2025-10-15 10:32:14.4306: Aguarde, estamos realizando a emissão da NFC-e...
2025-10-15 10:32:14.5334: Validando NFC-e...
2025-10-15 10:32:14.5334: Tipo de emissão NFC-e: NORMAL
2025-10-15 10:32:14.5334: Gerando XML de NFC-e...
2025-10-15 10:32:14.5334: Realizando conversão da venda para XML...
2025-10-15 10:32:14.5474: Conversão realizada com sucesso para a NFC-e id: NFe42251029005632000120650010000306071852321636
2025-10-15 10:32:14.5474: Assinando XML...
2025-10-15 10:32:14.6514: XML assinado com sucesso!
2025-10-15 10:32:14.6514: Enviando NFC-e para a SEFAZ...
2025-10-15 10:32:15.1122: Retorno da SEFAZ: 100 - Autorizado o uso da NF-e
2025-10-15 10:32:15.1122: Numeração de NFC-e atualizada para Nr. 30608
2025-10-15 10:32:15.1122: Finalizando Venda e validando NF emitida...
2025-10-15 10:32:15.1381: Venda finalizada com sucesso!
2025-10-15 10:32:15.1381: Realizando rotinas pós-venda...
2025-10-15 10:32:15.1401: Enviando e-mail...
2025-10-15 10:32:15.1401: Iniciando rotina de sincronização da venda 6404...
2025-10-15 10:32:15.1401: Todas as rotinas da venda 6404 foram concluídas com sucesso!
2025-10-15 10:32:15.1401: Imprimindo DANFe...
2025-10-15 11:05:08.3006: Calculando totais da venda...
2025-10-15 11:15:40.7558: Calculando totais da venda...
2025-10-15 11:15:46.5517: Iniciando finalização da venda Id 6406...
2025-10-15 11:15:46.5517: Verificando repique de troco...
2025-10-15 11:15:46.5517: Calculando totais da venda...
2025-10-15 11:15:47.3562: Aguarde, estamos realizando a emissão da NFC-e...
2025-10-15 11:15:47.4551: Validando NFC-e...
2025-10-15 11:15:47.4551: Tipo de emissão NFC-e: NORMAL
2025-10-15 11:15:47.4551: Gerando XML de NFC-e...
2025-10-15 11:15:47.4761: Realizando conversão da venda para XML...
2025-10-15 11:15:47.4921: Conversão realizada com sucesso para a NFC-e id: NFe42251029005632000120650010000306081930806318
2025-10-15 11:15:47.5011: Assinando XML...
2025-10-15 11:15:47.7201: XML assinado com sucesso!
2025-10-15 11:15:47.7201: Enviando NFC-e para a SEFAZ...
2025-10-15 11:15:48.4993: Retorno da SEFAZ: 100 - Autorizado o uso da NF-e
2025-10-15 11:15:48.5043: Numeração de NFC-e atualizada para Nr. 30609
2025-10-15 11:15:48.5043: Finalizando Venda e validando NF emitida...
2025-10-15 11:15:48.9158: Venda finalizada com sucesso!
2025-10-15 11:15:48.9158: Realizando rotinas pós-venda...
2025-10-15 11:15:48.9158: Enviando e-mail...
2025-10-15 11:15:48.9158: Iniciando rotina de sincronização da venda 6406...
2025-10-15 11:15:48.9158: Todas as rotinas da venda 6406 foram concluídas com sucesso!
2025-10-15 11:15:48.9158: Imprimindo DANFe...
2025-10-15 11:18:33.5180: Calculando totais da venda...
2025-10-15 11:18:46.9540: Iniciando finalização da venda Id 6407...
2025-10-15 11:18:46.9540: Verificando repique de troco...
2025-10-15 11:18:46.9540: Calculando totais da venda...
2025-10-15 11:18:51.5108: Aguarde, estamos realizando a emissão da NFC-e...
2025-10-15 11:18:51.6186: Validando NFC-e...
2025-10-15 11:18:51.6266: Tipo de emissão NFC-e: NORMAL
2025-10-15 11:18:51.6266: Gerando XML de NFC-e...
2025-10-15 11:18:51.6266: Realizando conversão da venda para XML...
2025-10-15 11:18:51.6436: Conversão realizada com sucesso para a NFC-e id: NFe42251029005632000120650010000306091398589300
2025-10-15 11:18:51.6436: Assinando XML...
2025-10-15 11:18:51.7376: XML assinado com sucesso!
2025-10-15 11:18:51.7376: Enviando NFC-e para a SEFAZ...
2025-10-15 11:18:52.5868: Retorno da SEFAZ: 100 - Autorizado o uso da NF-e
2025-10-15 11:18:52.5868: Numeração de NFC-e atualizada para Nr. 30610
2025-10-15 11:18:52.5998: Finalizando Venda e validando NF emitida...
2025-10-15 11:18:53.0054: Venda finalizada com sucesso!
2025-10-15 11:18:53.0054: Realizando rotinas pós-venda...
2025-10-15 11:18:53.0054: Enviando e-mail...
2025-10-15 11:18:53.0054: Iniciando rotina de sincronização da venda 6407...
2025-10-15 11:18:53.0054: Todas as rotinas da venda 6407 foram concluídas com sucesso!
2025-10-15 11:18:53.0054: Imprimindo DANFe...
2025-10-15 11:19:12.0352: Imprimindo DANFe...
2025-10-15 11:19:17.0319: Imprimindo DANFe...
2025-10-15 11:21:40.5378: Calculando totais da venda...
2025-10-15 11:21:50.6344: Iniciando finalização da venda Id 6408...
2025-10-15 11:21:50.6344: Verificando repique de troco...
2025-10-15 11:21:50.6344: Calculando totais da venda...
2025-10-15 11:21:52.5752: Aguarde, estamos realizando a emissão da NFC-e...
2025-10-15 11:21:52.6640: Validando NFC-e...
2025-10-15 11:21:52.6640: Tipo de emissão NFC-e: NORMAL
2025-10-15 11:21:52.6640: Gerando XML de NFC-e...
2025-10-15 11:21:52.6730: Realizando conversão da venda para XML...
2025-10-15 11:21:52.6730: Conversão realizada com sucesso para a NFC-e id: NFe42251029005632000120650010000306101426997308
2025-10-15 11:21:52.6730: Assinando XML...
2025-10-15 11:21:52.9900: XML assinado com sucesso!
2025-10-15 11:21:52.9900: Enviando NFC-e para a SEFAZ...
2025-10-15 11:21:53.7472: Retorno da SEFAZ: 100 - Autorizado o uso da NF-e
2025-10-15 11:21:53.7472: Numeração de NFC-e atualizada para Nr. 30611
2025-10-15 11:21:53.7598: Finalizando Venda e validando NF emitida...
2025-10-15 11:21:54.1748: Venda finalizada com sucesso!
2025-10-15 11:21:54.1748: Realizando rotinas pós-venda...
2025-10-15 11:21:54.1748: Enviando e-mail...
2025-10-15 11:21:54.1748: Iniciando rotina de sincronização da venda 6408...
2025-10-15 11:21:54.1748: Todas as rotinas da venda 6408 foram concluídas com sucesso!
2025-10-15 11:21:54.1748: Imprimindo DANFe...
2025-10-15 11:42:58.2649: Calculando totais da venda...
2025-10-15 11:43:30.8746: Validando desconto atribuído ao cliente...
2025-10-15 11:43:33.1998: Iniciando finalização da venda Id 6265...
2025-10-15 11:43:33.1998: Verificando repique de troco...
2025-10-15 11:43:33.1998: Calculando totais da venda...
2025-10-15 11:43:33.2964: Iniciando finalização da venda Id 6265...
2025-10-15 11:43:33.2964: Verificando repique de troco...
2025-10-15 11:43:33.2964: Calculando totais da venda...
2025-10-15 11:43:34.9204: Aguarde, estamos realizando a emissão da NFC-e...
2025-10-15 11:43:35.0909: Validando NFC-e...
2025-10-15 11:43:35.0959: Tipo de emissão NFC-e: NORMAL
2025-10-15 11:43:35.0959: Gerando XML de NFC-e...
2025-10-15 11:43:35.0959: Realizando conversão da venda para XML...
2025-10-15 11:43:35.1229: Conversão realizada com sucesso para a NFC-e id: NFe42251029005632000120650010000306111192993910
2025-10-15 11:43:35.1329: Assinando XML...
2025-10-15 11:43:35.3969: XML assinado com sucesso!
2025-10-15 11:43:35.3969: Enviando NFC-e para a SEFAZ...
2025-10-15 11:43:35.9022: Retorno da SEFAZ: 100 - Autorizado o uso da NF-e
2025-10-15 11:43:35.9062: Numeração de NFC-e atualizada para Nr. 30612
2025-10-15 11:43:35.9062: Finalizando Venda e validando NF emitida...
2025-10-15 11:43:35.9795: Venda finalizada com sucesso!
2025-10-15 11:43:35.9795: Realizando rotinas pós-venda...
2025-10-15 11:43:35.9795: Enviando e-mail...
2025-10-15 11:43:35.9845: Iniciando rotina de sincronização da venda 6265...
2025-10-15 11:43:35.9845: Todas as rotinas da venda 6265 foram concluídas com sucesso!
2025-10-15 11:43:35.9845: Imprimindo DANFe...
2025-10-15 11:48:22.9034: Calculando totais da venda...
2025-10-15 11:48:26.9910: Iniciando finalização da venda Id 6409...
2025-10-15 11:48:26.9910: Verificando repique de troco...
2025-10-15 11:48:26.9910: Calculando totais da venda...
2025-10-15 11:48:27.9359: Aguarde, estamos realizando a emissão da NFC-e...
2025-10-15 11:48:28.0569: Validando NFC-e...
2025-10-15 11:48:28.0569: Tipo de emissão NFC-e: NORMAL
2025-10-15 11:48:28.0619: Gerando XML de NFC-e...
2025-10-15 11:48:28.0619: Realizando conversão da venda para XML...
2025-10-15 11:48:28.0799: Conversão realizada com sucesso para a NFC-e id: NFe42251029005632000120650010000306121796230944
2025-10-15 11:48:28.0799: Assinando XML...
2025-10-15 11:48:28.3129: XML assinado com sucesso!
2025-10-15 11:48:28.3129: Enviando NFC-e para a SEFAZ...
2025-10-15 11:48:33.3754: Retorno da SEFAZ: 100 - Autorizado o uso da NF-e
2025-10-15 11:48:33.3754: Numeração de NFC-e atualizada para Nr. 30613
2025-10-15 11:48:33.3954: Finalizando Venda e validando NF emitida...
2025-10-15 11:48:33.9094: Venda finalizada com sucesso!
2025-10-15 11:48:33.9094: Realizando rotinas pós-venda...
2025-10-15 11:48:33.9094: Enviando e-mail...
2025-10-15 11:48:33.9094: Iniciando rotina de sincronização da venda 6409...
2025-10-15 11:48:33.9094: Todas as rotinas da venda 6409 foram concluídas com sucesso!
2025-10-15 11:48:33.9094: Imprimindo DANFe...
