2025-10-13 17:41:06.1762: Verificando versão para atualização de PDV.
2025-10-13 17:41:06.6742: Atualização
2025-10-13 17:41:29.7228: Calculando totais da venda...
2025-10-13 17:41:35.4515: Iniciando finalização da venda Id 6341...
2025-10-13 17:41:35.4535: Verificando repique de troco...
2025-10-13 17:41:35.4535: Calculando totais da venda...
2025-10-13 17:41:35.9856: Aguarde, estamos realizando a emissão da NFC-e...
2025-10-13 17:41:36.0813: Validando NFC-e...
2025-10-13 17:41:36.1173: Tipo de emissão NFC-e: NORMAL
2025-10-13 17:41:36.1173: Gerando XML de NFC-e...
2025-10-13 17:41:36.1283: Realizando conversão da venda para XML...
2025-10-13 17:41:36.2413: Conversão realizada com sucesso para a NFC-e id: NFe42251029005632000120650010000305611798477393
2025-10-13 17:41:36.6213: Assinando XML...
2025-10-13 17:41:38.0007: XML assinado com sucesso!
2025-10-13 17:41:38.0007: Enviando NFC-e para a SEFAZ...
2025-10-13 17:41:38.6766: Retorno da SEFAZ: 100 - Autorizado o uso da NF-e
2025-10-13 17:41:38.6766: Numeração de NFC-e atualizada para Nr. 30562
2025-10-13 17:41:38.6886: Finalizando Venda e validando NF emitida...
2025-10-13 17:41:38.7156: Venda finalizada com sucesso!
2025-10-13 17:41:38.7156: Realizando rotinas pós-venda...
2025-10-13 17:41:38.7356: Enviando e-mail...
2025-10-13 17:41:38.7356: Iniciando rotina de sincronização da venda 6341...
2025-10-13 17:41:38.7356: Todas as rotinas da venda 6341 foram concluídas com sucesso!
2025-10-13 17:41:38.7356: Imprimindo DANFe...
2025-10-13 18:14:19.2063: Calculando totais da venda...
2025-10-13 18:14:21.5221: Iniciando finalização da venda Id 6349...
2025-10-13 18:14:21.5221: Verificando repique de troco...
2025-10-13 18:14:21.5221: Calculando totais da venda...
2025-10-13 18:14:22.8299: Aguarde, estamos realizando a emissão da NFC-e...
2025-10-13 18:14:22.9357: Validando NFC-e...
2025-10-13 18:14:22.9427: Tipo de emissão NFC-e: NORMAL
2025-10-13 18:14:22.9427: Gerando XML de NFC-e...
2025-10-13 18:14:22.9427: Realizando conversão da venda para XML...
2025-10-13 18:14:22.9627: Conversão realizada com sucesso para a NFC-e id: NFe42251029005632000120650010000305621986896990
2025-10-13 18:14:22.9627: Assinando XML...
2025-10-13 18:14:23.0637: XML assinado com sucesso!
2025-10-13 18:14:23.0637: Enviando NFC-e para a SEFAZ...
2025-10-13 18:14:23.4739: Retorno da SEFAZ: 100 - Autorizado o uso da NF-e
2025-10-13 18:14:23.4739: Numeração de NFC-e atualizada para Nr. 30563
2025-10-13 18:14:23.4859: Finalizando Venda e validando NF emitida...
2025-10-13 18:14:23.5158: Venda finalizada com sucesso!
2025-10-13 18:14:23.5158: Realizando rotinas pós-venda...
2025-10-13 18:14:23.5158: Enviando e-mail...
2025-10-13 18:14:23.5158: Iniciando rotina de sincronização da venda 6349...
2025-10-13 18:14:23.5158: Todas as rotinas da venda 6349 foram concluídas com sucesso!
2025-10-13 18:14:23.5158: Imprimindo DANFe...
2025-10-13 18:24:24.7421: Calculando totais da venda...
2025-10-13 18:24:27.8202: Iniciando finalização da venda Id 6350...
2025-10-13 18:24:27.8202: Verificando repique de troco...
2025-10-13 18:24:27.8202: Calculando totais da venda...
2025-10-13 18:24:28.5546: Aguarde, estamos realizando a emissão da NFC-e...
2025-10-13 18:24:28.6768: Validando NFC-e...
2025-10-13 18:24:28.6768: Tipo de emissão NFC-e: NORMAL
2025-10-13 18:24:28.6768: Gerando XML de NFC-e...
2025-10-13 18:24:28.6878: Realizando conversão da venda para XML...
2025-10-13 18:24:28.7028: Conversão realizada com sucesso para a NFC-e id: NFe42251029005632000120650010000305631239373485
2025-10-13 18:24:28.7028: Assinando XML...
2025-10-13 18:24:28.7838: XML assinado com sucesso!
2025-10-13 18:24:28.7838: Enviando NFC-e para a SEFAZ...
2025-10-13 18:24:29.3835: Retorno da SEFAZ: 100 - Autorizado o uso da NF-e
2025-10-13 18:24:29.3835: Numeração de NFC-e atualizada para Nr. 30564
2025-10-13 18:24:29.3919: Finalizando Venda e validando NF emitida...
2025-10-13 18:24:29.7842: Venda finalizada com sucesso!
2025-10-13 18:24:29.7842: Realizando rotinas pós-venda...
2025-10-13 18:24:29.7842: Enviando e-mail...
2025-10-13 18:24:29.7842: Iniciando rotina de sincronização da venda 6350...
2025-10-13 18:24:29.7842: Todas as rotinas da venda 6350 foram concluídas com sucesso!
2025-10-13 18:24:29.7842: Imprimindo DANFe...
2025-10-13 18:46:04.4941: Calculando totais da venda...
