2025-10-14 09:00:08.7067: Verificando versão para atualização de PDV.
2025-10-14 09:00:09.1887: Atualização
2025-10-14 09:00:38.4708: Iniciando rotina de sincronização de caixa...
2025-10-14 09:00:42.4569: Iniciando rotina de sincronização de caixa...
2025-10-14 09:45:43.3721: Calculando totais da venda...
2025-10-14 09:45:48.6238: Validando desconto atribuído ao cliente...
2025-10-14 09:46:38.6805: Iniciando finalização da venda Id 6354...
2025-10-14 09:46:38.6805: Verificando repique de troco...
2025-10-14 09:46:38.6961: Calculando totais da venda...
2025-10-14 09:46:39.6824: Iniciando finalização da venda Id 6354...
2025-10-14 09:46:39.6824: Verificando repique de troco...
2025-10-14 09:46:39.6824: Calculando totais da venda...
2025-10-14 09:46:40.1444: Iniciando finalização da venda Id 6354...
2025-10-14 09:46:40.1444: Verificando repique de troco...
2025-10-14 09:46:40.1444: Calculando totais da venda...
2025-10-14 09:46:40.9020: Iniciando finalização da venda Id 6354...
2025-10-14 09:46:40.9020: Verificando repique de troco...
2025-10-14 09:46:40.9020: Calculando totais da venda...
2025-10-14 09:46:41.4540: Iniciando finalização da venda Id 6354...
2025-10-14 09:46:41.4540: Verificando repique de troco...
2025-10-14 09:46:41.4540: Calculando totais da venda...
2025-10-14 09:46:42.7370: Aguarde, estamos realizando a emissão da NFC-e...
2025-10-14 09:46:42.8280: Validando NFC-e...
2025-10-14 09:46:42.8350: Tipo de emissão NFC-e: NORMAL
2025-10-14 09:46:42.8350: Gerando XML de NFC-e...
2025-10-14 09:46:42.8500: Realizando conversão da venda para XML...
2025-10-14 09:46:42.9350: Conversão realizada com sucesso para a NFC-e id: NFe42251029005632000120650010000305651540629331
2025-10-14 09:46:43.2930: Assinando XML...
2025-10-14 09:46:44.8276: XML assinado com sucesso!
2025-10-14 09:46:44.8276: Enviando NFC-e para a SEFAZ...
2025-10-14 09:46:46.9208: Retorno da SEFAZ: 100 - Autorizado o uso da NF-e
2025-10-14 09:46:46.9228: Numeração de NFC-e atualizada para Nr. 30566
2025-10-14 09:46:46.9228: Finalizando Venda e validando NF emitida...
2025-10-14 09:46:47.3679: Venda finalizada com sucesso!
2025-10-14 09:46:47.3679: Realizando rotinas pós-venda...
2025-10-14 09:46:47.3869: Enviando e-mail...
2025-10-14 09:46:47.3869: Iniciando rotina de sincronização da venda 6354...
2025-10-14 09:46:47.3909: Todas as rotinas da venda 6354 foram concluídas com sucesso!
2025-10-14 09:46:47.3909: Imprimindo DANFe...
2025-10-14 09:52:49.2164: Calculando totais da venda...
2025-10-14 09:52:58.4215: Iniciando finalização da venda Id 6355...
2025-10-14 09:52:58.4225: Verificando repique de troco...
2025-10-14 09:52:58.4225: Calculando totais da venda...
2025-10-14 09:53:05.8727: Aguarde, estamos realizando a emissão da NFC-e...
2025-10-14 09:53:05.9734: Validando NFC-e...
2025-10-14 09:53:05.9734: Tipo de emissão NFC-e: NORMAL
2025-10-14 09:53:05.9734: Gerando XML de NFC-e...
2025-10-14 09:53:05.9734: Realizando conversão da venda para XML...
2025-10-14 09:53:05.9924: Conversão realizada com sucesso para a NFC-e id: NFe42251029005632000120650010000305661302928835
2025-10-14 09:53:05.9924: Assinando XML...
2025-10-14 09:53:06.0904: XML assinado com sucesso!
2025-10-14 09:53:06.0904: Enviando NFC-e para a SEFAZ...
2025-10-14 09:53:06.7830: Retorno da SEFAZ: 100 - Autorizado o uso da NF-e
2025-10-14 09:53:06.7830: Numeração de NFC-e atualizada para Nr. 30567
2025-10-14 09:53:06.7830: Finalizando Venda e validando NF emitida...
2025-10-14 09:53:07.2025: Venda finalizada com sucesso!
2025-10-14 09:53:07.2035: Realizando rotinas pós-venda...
2025-10-14 09:53:07.2035: Enviando e-mail...
2025-10-14 09:53:07.2035: Iniciando rotina de sincronização da venda 6355...
2025-10-14 09:53:07.2035: Todas as rotinas da venda 6355 foram concluídas com sucesso!
2025-10-14 09:53:07.2035: Imprimindo DANFe...
2025-10-14 10:09:09.6815: Calculando totais da venda...
2025-10-14 10:09:13.1431: Iniciando finalização da venda Id 6356...
2025-10-14 10:09:13.1431: Verificando repique de troco...
2025-10-14 10:09:13.1431: Calculando totais da venda...
2025-10-14 10:09:14.7617: Aguarde, estamos realizando a emissão da NFC-e...
2025-10-14 10:09:14.8697: Validando NFC-e...
2025-10-14 10:09:14.8777: Tipo de emissão NFC-e: NORMAL
2025-10-14 10:09:14.8777: Gerando XML de NFC-e...
2025-10-14 10:09:14.8777: Realizando conversão da venda para XML...
2025-10-14 10:09:14.8777: Conversão realizada com sucesso para a NFC-e id: NFe42251029005632000120650010000305671514467774
2025-10-14 10:09:14.8917: Assinando XML...
2025-10-14 10:09:14.9797: XML assinado com sucesso!
2025-10-14 10:09:14.9797: Enviando NFC-e para a SEFAZ...
2025-10-14 10:09:15.5651: Retorno da SEFAZ: 100 - Autorizado o uso da NF-e
2025-10-14 10:09:15.5651: Numeração de NFC-e atualizada para Nr. 30568
2025-10-14 10:09:15.5651: Finalizando Venda e validando NF emitida...
2025-10-14 10:09:15.9951: Venda finalizada com sucesso!
2025-10-14 10:09:15.9951: Realizando rotinas pós-venda...
2025-10-14 10:09:15.9951: Enviando e-mail...
2025-10-14 10:09:15.9951: Iniciando rotina de sincronização da venda 6356...
2025-10-14 10:09:15.9951: Todas as rotinas da venda 6356 foram concluídas com sucesso!
2025-10-14 10:09:15.9951: Imprimindo DANFe...
2025-10-14 10:13:13.7535: Calculando totais da venda...
2025-10-14 10:13:21.3078: Validando desconto atribuído ao cliente...
2025-10-14 10:30:12.1416: Iniciando finalização da venda Id 6357...
2025-10-14 10:30:12.1416: Verificando repique de troco...
2025-10-14 10:30:12.1416: Calculando totais da venda...
2025-10-14 10:30:13.4136: Aguarde, estamos realizando a emissão da NFC-e...
2025-10-14 10:30:13.5146: Validando NFC-e...
2025-10-14 10:30:13.5216: Tipo de emissão NFC-e: NORMAL
2025-10-14 10:30:13.5216: Gerando XML de NFC-e...
2025-10-14 10:30:13.5216: Realizando conversão da venda para XML...
2025-10-14 10:30:13.5336: Conversão realizada com sucesso para a NFC-e id: NFe42251029005632000120650010000305681569762678
2025-10-14 10:30:13.5336: Assinando XML...
2025-10-14 10:30:13.6416: XML assinado com sucesso!
2025-10-14 10:30:13.6416: Enviando NFC-e para a SEFAZ...
2025-10-14 10:30:14.3146: Retorno da SEFAZ: 100 - Autorizado o uso da NF-e
2025-10-14 10:30:14.3146: Numeração de NFC-e atualizada para Nr. 30569
2025-10-14 10:30:14.3146: Finalizando Venda e validando NF emitida...
2025-10-14 10:30:14.7726: Venda finalizada com sucesso!
2025-10-14 10:30:14.7726: Realizando rotinas pós-venda...
2025-10-14 10:30:14.7726: Enviando e-mail...
2025-10-14 10:30:14.7726: Iniciando rotina de sincronização da venda 6357...
2025-10-14 10:30:14.7726: Todas as rotinas da venda 6357 foram concluídas com sucesso!
2025-10-14 10:30:14.7726: Imprimindo DANFe...
2025-10-14 10:32:23.4438: Calculando totais da venda...
2025-10-14 10:32:26.1005: Iniciando finalização da venda Id 6358...
2025-10-14 10:32:26.1005: Verificando repique de troco...
2025-10-14 10:32:26.1005: Calculando totais da venda...
2025-10-14 10:32:26.1959: Iniciando finalização da venda Id 6358...
2025-10-14 10:32:26.1959: Verificando repique de troco...
2025-10-14 10:32:26.1959: Calculando totais da venda...
2025-10-14 10:32:28.0874: Aguarde, estamos realizando a emissão da NFC-e...
2025-10-14 10:32:28.1974: Validando NFC-e...
2025-10-14 10:32:28.1974: Tipo de emissão NFC-e: NORMAL
2025-10-14 10:32:28.1974: Gerando XML de NFC-e...
2025-10-14 10:32:28.2034: Realizando conversão da venda para XML...
2025-10-14 10:32:28.2034: Conversão realizada com sucesso para a NFC-e id: NFe42251029005632000120650010000305691370906622
2025-10-14 10:32:28.2034: Assinando XML...
2025-10-14 10:32:28.3124: XML assinado com sucesso!
2025-10-14 10:32:28.3124: Enviando NFC-e para a SEFAZ...
2025-10-14 10:32:28.6754: Retorno da SEFAZ: 100 - Autorizado o uso da NF-e
2025-10-14 10:32:28.6754: Numeração de NFC-e atualizada para Nr. 30570
2025-10-14 10:32:28.6754: Finalizando Venda e validando NF emitida...
2025-10-14 10:32:28.7084: Venda finalizada com sucesso!
2025-10-14 10:32:28.7084: Realizando rotinas pós-venda...
2025-10-14 10:32:28.7084: Enviando e-mail...
2025-10-14 10:32:28.7084: Iniciando rotina de sincronização da venda 6358...
2025-10-14 10:32:28.7084: Todas as rotinas da venda 6358 foram concluídas com sucesso!
2025-10-14 10:32:28.7084: Imprimindo DANFe...
2025-10-14 11:21:13.6705: Calculando totais da venda...
2025-10-14 11:21:17.0924: Iniciando finalização da venda Id 6359...
2025-10-14 11:21:17.0924: Verificando repique de troco...
2025-10-14 11:21:17.0924: Calculando totais da venda...
2025-10-14 11:21:17.9205: Aguarde, estamos realizando a emissão da NFC-e...
2025-10-14 11:21:18.0177: Validando NFC-e...
2025-10-14 11:21:18.0177: Tipo de emissão NFC-e: NORMAL
2025-10-14 11:21:18.0177: Gerando XML de NFC-e...
2025-10-14 11:21:18.0177: Realizando conversão da venda para XML...
2025-10-14 11:21:18.0327: Conversão realizada com sucesso para a NFC-e id: NFe42251029005632000120650010000305701338005721
2025-10-14 11:21:18.0327: Assinando XML...
2025-10-14 11:21:18.1337: XML assinado com sucesso!
2025-10-14 11:21:18.1337: Enviando NFC-e para a SEFAZ...
2025-10-14 11:21:18.8207: Retorno da SEFAZ: 100 - Autorizado o uso da NF-e
2025-10-14 11:21:18.8207: Numeração de NFC-e atualizada para Nr. 30571
2025-10-14 11:21:18.8297: Finalizando Venda e validando NF emitida...
2025-10-14 11:21:19.2397: Venda finalizada com sucesso!
2025-10-14 11:21:19.2397: Realizando rotinas pós-venda...
2025-10-14 11:21:19.2397: Enviando e-mail...
2025-10-14 11:21:19.2397: Iniciando rotina de sincronização da venda 6359...
2025-10-14 11:21:19.2397: Todas as rotinas da venda 6359 foram concluídas com sucesso!
2025-10-14 11:21:19.2397: Imprimindo DANFe...
2025-10-14 11:25:17.8098: Calculando totais da venda...
2025-10-14 11:25:21.6072: Iniciando finalização da venda Id 6360...
2025-10-14 11:25:21.6072: Verificando repique de troco...
2025-10-14 11:25:21.6072: Calculando totais da venda...
2025-10-14 11:25:29.4727: Aguarde, estamos realizando a emissão da NFC-e...
2025-10-14 11:25:29.5764: Validando NFC-e...
2025-10-14 11:25:29.5804: Tipo de emissão NFC-e: NORMAL
2025-10-14 11:25:29.5804: Gerando XML de NFC-e...
2025-10-14 11:25:29.5804: Realizando conversão da venda para XML...
2025-10-14 11:25:29.5804: Conversão realizada com sucesso para a NFC-e id: NFe42251029005632000120650010000305711840364071
2025-10-14 11:25:29.5954: Assinando XML...
2025-10-14 11:25:29.7064: XML assinado com sucesso!
2025-10-14 11:25:29.7064: Enviando NFC-e para a SEFAZ...
2025-10-14 11:25:42.5380: Retorno da SEFAZ: 100 - Autorizado o uso da NF-e
2025-10-14 11:25:42.5380: Numeração de NFC-e atualizada para Nr. 30572
2025-10-14 11:25:42.5470: Finalizando Venda e validando NF emitida...
2025-10-14 11:25:42.9700: Venda finalizada com sucesso!
2025-10-14 11:25:42.9700: Realizando rotinas pós-venda...
2025-10-14 11:25:42.9700: Enviando e-mail...
2025-10-14 11:25:42.9700: Iniciando rotina de sincronização da venda 6360...
2025-10-14 11:25:42.9700: Todas as rotinas da venda 6360 foram concluídas com sucesso!
2025-10-14 11:25:42.9700: Imprimindo DANFe...
2025-10-14 11:43:54.0320: Calculando totais da venda...
2025-10-14 11:45:01.6230: Calculando totais da venda...
2025-10-14 11:45:05.7324: Iniciando finalização da venda Id 6362...
2025-10-14 11:45:05.7324: Verificando repique de troco...
2025-10-14 11:45:05.7324: Calculando totais da venda...
2025-10-14 11:45:07.7011: Aguarde, estamos realizando a emissão da NFC-e...
2025-10-14 11:45:07.8718: Validando NFC-e...
2025-10-14 11:45:07.8788: Tipo de emissão NFC-e: NORMAL
2025-10-14 11:45:07.8788: Gerando XML de NFC-e...
2025-10-14 11:45:07.8788: Realizando conversão da venda para XML...
2025-10-14 11:45:07.8968: Conversão realizada com sucesso para a NFC-e id: NFe42251029005632000120650010000305721635564479
2025-10-14 11:45:07.9068: Assinando XML...
2025-10-14 11:45:08.1168: XML assinado com sucesso!
2025-10-14 11:45:08.1168: Enviando NFC-e para a SEFAZ...
2025-10-14 11:45:08.9154: Retorno da SEFAZ: 100 - Autorizado o uso da NF-e
2025-10-14 11:45:08.9154: Numeração de NFC-e atualizada para Nr. 30573
2025-10-14 11:45:08.9324: Finalizando Venda e validando NF emitida...
2025-10-14 11:45:09.3427: Venda finalizada com sucesso!
2025-10-14 11:45:09.3427: Realizando rotinas pós-venda...
2025-10-14 11:45:09.3447: Enviando e-mail...
2025-10-14 11:45:09.3447: Iniciando rotina de sincronização da venda 6362...
2025-10-14 11:45:09.3447: Todas as rotinas da venda 6362 foram concluídas com sucesso!
2025-10-14 11:45:09.3447: Imprimindo DANFe...
2025-10-14 11:46:10.5115: Calculando totais da venda...
2025-10-14 11:46:17.8664: Validando desconto atribuído ao cliente...
2025-10-14 11:52:00.0359: Calculando totais da venda...
2025-10-14 11:54:21.7586: Calculando totais da venda...
2025-10-14 11:54:25.5515: Iniciando finalização da venda Id 6363...
2025-10-14 11:54:25.5515: Verificando repique de troco...
2025-10-14 11:54:25.5515: Calculando totais da venda...
2025-10-14 11:54:26.0390: Iniciando finalização da venda Id 6363...
2025-10-14 11:54:26.0390: Verificando repique de troco...
2025-10-14 11:54:26.0390: Calculando totais da venda...
2025-10-14 11:54:28.2162: Aguarde, estamos realizando a emissão da NFC-e...
2025-10-14 11:54:28.3198: Validando NFC-e...
2025-10-14 11:54:28.3198: Tipo de emissão NFC-e: NORMAL
2025-10-14 11:54:28.3198: Gerando XML de NFC-e...
2025-10-14 11:54:28.3198: Realizando conversão da venda para XML...
2025-10-14 11:54:28.3368: Conversão realizada com sucesso para a NFC-e id: NFe42251029005632000120650010000305731133206123
2025-10-14 11:54:28.3368: Assinando XML...
2025-10-14 11:54:28.4348: XML assinado com sucesso!
2025-10-14 11:54:28.4348: Enviando NFC-e para a SEFAZ...
2025-10-14 11:54:29.3694: Retorno da SEFAZ: 100 - Autorizado o uso da NF-e
2025-10-14 11:54:29.3694: Numeração de NFC-e atualizada para Nr. 30574
2025-10-14 11:54:29.3774: Finalizando Venda e validando NF emitida...
2025-10-14 11:54:29.7934: Venda finalizada com sucesso!
2025-10-14 11:54:29.7934: Realizando rotinas pós-venda...
2025-10-14 11:54:29.7934: Enviando e-mail...
2025-10-14 11:54:29.7934: Iniciando rotina de sincronização da venda 6363...
2025-10-14 11:54:29.7934: Todas as rotinas da venda 6363 foram concluídas com sucesso!
2025-10-14 11:54:29.7974: Imprimindo DANFe...
2025-10-14 12:15:34.7938: Calculando totais da venda...
2025-10-14 12:15:37.7229: Iniciando finalização da venda Id 6364...
2025-10-14 12:15:37.7229: Verificando repique de troco...
2025-10-14 12:15:37.7229: Calculando totais da venda...
2025-10-14 12:15:38.9857: Aguarde, estamos realizando a emissão da NFC-e...
2025-10-14 12:15:39.0759: Validando NFC-e...
2025-10-14 12:15:39.0829: Tipo de emissão NFC-e: NORMAL
2025-10-14 12:15:39.0829: Gerando XML de NFC-e...
2025-10-14 12:15:39.0829: Realizando conversão da venda para XML...
2025-10-14 12:15:39.1069: Conversão realizada com sucesso para a NFC-e id: NFe42251029005632000120650010000305741219155478
2025-10-14 12:15:39.1139: Assinando XML...
2025-10-14 12:15:39.2019: XML assinado com sucesso!
2025-10-14 12:15:39.2019: Enviando NFC-e para a SEFAZ...
2025-10-14 12:15:40.2706: Retorno da SEFAZ: 100 - Autorizado o uso da NF-e
2025-10-14 12:15:40.2706: Numeração de NFC-e atualizada para Nr. 30575
2025-10-14 12:15:40.2706: Finalizando Venda e validando NF emitida...
2025-10-14 12:15:40.6916: Venda finalizada com sucesso!
2025-10-14 12:15:40.6916: Realizando rotinas pós-venda...
2025-10-14 12:15:40.6916: Enviando e-mail...
2025-10-14 12:15:40.6916: Iniciando rotina de sincronização da venda 6364...
2025-10-14 12:15:40.6916: Todas as rotinas da venda 6364 foram concluídas com sucesso!
2025-10-14 12:15:40.6916: Imprimindo DANFe...
2025-10-14 12:17:12.5591: Calculando totais da venda...
2025-10-14 12:17:17.0131: Iniciando finalização da venda Id 6365...
2025-10-14 12:17:17.0131: Verificando repique de troco...
2025-10-14 12:17:17.0131: Calculando totais da venda...
2025-10-14 12:17:17.5971: Aguarde, estamos realizando a emissão da NFC-e...
2025-10-14 12:17:17.6708: Validando NFC-e...
2025-10-14 12:17:17.6758: Tipo de emissão NFC-e: NORMAL
2025-10-14 12:17:17.6758: Gerando XML de NFC-e...
2025-10-14 12:17:17.6758: Realizando conversão da venda para XML...
2025-10-14 12:17:17.6758: Conversão realizada com sucesso para a NFC-e id: NFe42251029005632000120650010000305751937545657
2025-10-14 12:17:17.6878: Assinando XML...
2025-10-14 12:17:17.7768: XML assinado com sucesso!
2025-10-14 12:17:17.7768: Enviando NFC-e para a SEFAZ...
2025-10-14 12:17:18.4331: Retorno da SEFAZ: 100 - Autorizado o uso da NF-e
2025-10-14 12:17:18.4331: Numeração de NFC-e atualizada para Nr. 30576
2025-10-14 12:17:18.4406: Finalizando Venda e validando NF emitida...
2025-10-14 12:17:18.8556: Venda finalizada com sucesso!
2025-10-14 12:17:18.8556: Realizando rotinas pós-venda...
2025-10-14 12:17:18.8556: Enviando e-mail...
2025-10-14 12:17:18.8596: Iniciando rotina de sincronização da venda 6365...
2025-10-14 12:17:18.8596: Todas as rotinas da venda 6365 foram concluídas com sucesso!
2025-10-14 12:17:18.8596: Imprimindo DANFe...
2025-10-14 12:19:00.8344: Calculando totais da venda...
2025-10-14 12:19:05.8077: Iniciando finalização da venda Id 6366...
2025-10-14 12:19:05.8077: Verificando repique de troco...
2025-10-14 12:19:05.8077: Calculando totais da venda...
2025-10-14 12:19:07.1494: Aguarde, estamos realizando a emissão da NFC-e...
2025-10-14 12:19:07.2435: Validando NFC-e...
2025-10-14 12:19:07.2435: Tipo de emissão NFC-e: NORMAL
2025-10-14 12:19:07.2505: Gerando XML de NFC-e...
2025-10-14 12:19:07.2505: Realizando conversão da venda para XML...
2025-10-14 12:19:07.2505: Conversão realizada com sucesso para a NFC-e id: NFe42251029005632000120650010000305761439680193
2025-10-14 12:19:07.2505: Assinando XML...
2025-10-14 12:19:07.3515: XML assinado com sucesso!
2025-10-14 12:19:07.3515: Enviando NFC-e para a SEFAZ...
2025-10-14 12:19:07.9778: Retorno da SEFAZ: 100 - Autorizado o uso da NF-e
2025-10-14 12:19:07.9778: Numeração de NFC-e atualizada para Nr. 30577
2025-10-14 12:19:07.9848: Finalizando Venda e validando NF emitida...
2025-10-14 12:19:08.4088: Venda finalizada com sucesso!
2025-10-14 12:19:08.4088: Realizando rotinas pós-venda...
2025-10-14 12:19:08.4088: Enviando e-mail...
2025-10-14 12:19:08.4088: Iniciando rotina de sincronização da venda 6366...
2025-10-14 12:19:08.4088: Todas as rotinas da venda 6366 foram concluídas com sucesso!
2025-10-14 12:19:08.4088: Imprimindo DANFe...
2025-10-14 12:20:26.2516: Calculando totais da venda...
2025-10-14 12:20:29.4198: Iniciando finalização da venda Id 6367...
2025-10-14 12:20:29.4198: Verificando repique de troco...
2025-10-14 12:20:29.4198: Calculando totais da venda...
2025-10-14 12:20:30.2158: Aguarde, estamos realizando a emissão da NFC-e...
2025-10-14 12:20:30.3038: Validando NFC-e...
2025-10-14 12:20:30.3038: Tipo de emissão NFC-e: NORMAL
2025-10-14 12:20:30.3038: Gerando XML de NFC-e...
2025-10-14 12:20:30.3038: Realizando conversão da venda para XML...
2025-10-14 12:20:30.3248: Conversão realizada com sucesso para a NFC-e id: NFe42251029005632000120650010000305771710281595
2025-10-14 12:20:30.3248: Assinando XML...
2025-10-14 12:20:30.4108: XML assinado com sucesso!
2025-10-14 12:20:30.4108: Enviando NFC-e para a SEFAZ...
2025-10-14 12:20:30.9707: Retorno da SEFAZ: 100 - Autorizado o uso da NF-e
2025-10-14 12:20:30.9707: Numeração de NFC-e atualizada para Nr. 30578
2025-10-14 12:20:30.9707: Finalizando Venda e validando NF emitida...
2025-10-14 12:20:31.4047: Venda finalizada com sucesso!
2025-10-14 12:20:31.4047: Realizando rotinas pós-venda...
2025-10-14 12:20:31.4067: Enviando e-mail...
2025-10-14 12:20:31.4067: Iniciando rotina de sincronização da venda 6367...
2025-10-14 12:20:31.4067: Todas as rotinas da venda 6367 foram concluídas com sucesso!
2025-10-14 12:20:31.4067: Imprimindo DANFe...
2025-10-14 12:41:23.3315: Calculando totais da venda...
2025-10-14 12:41:26.4295: Iniciando finalização da venda Id 6368...
2025-10-14 12:41:26.4295: Verificando repique de troco...
2025-10-14 12:41:26.4295: Calculando totais da venda...
2025-10-14 12:41:27.1105: Aguarde, estamos realizando a emissão da NFC-e...
2025-10-14 12:41:27.2005: Validando NFC-e...
2025-10-14 12:41:27.2045: Tipo de emissão NFC-e: NORMAL
2025-10-14 12:41:27.2045: Gerando XML de NFC-e...
2025-10-14 12:41:27.2045: Realizando conversão da venda para XML...
2025-10-14 12:41:27.2195: Conversão realizada com sucesso para a NFC-e id: NFe42251029005632000120650010000305781451637752
2025-10-14 12:41:27.2195: Assinando XML...
2025-10-14 12:41:27.3355: XML assinado com sucesso!
2025-10-14 12:41:27.3355: Enviando NFC-e para a SEFAZ...
2025-10-14 12:41:28.0304: Retorno da SEFAZ: 100 - Autorizado o uso da NF-e
2025-10-14 12:41:28.0324: Numeração de NFC-e atualizada para Nr. 30579
2025-10-14 12:41:28.0324: Finalizando Venda e validando NF emitida...
2025-10-14 12:41:28.4794: Venda finalizada com sucesso!
2025-10-14 12:41:28.4794: Realizando rotinas pós-venda...
2025-10-14 12:41:28.4794: Enviando e-mail...
2025-10-14 12:41:28.4794: Iniciando rotina de sincronização da venda 6368...
2025-10-14 12:41:28.4794: Todas as rotinas da venda 6368 foram concluídas com sucesso!
2025-10-14 12:41:28.4844: Imprimindo DANFe...
2025-10-14 13:09:46.4402: Calculando totais da venda...
2025-10-14 13:09:51.2081: Iniciando finalização da venda Id 6369...
2025-10-14 13:09:51.2081: Verificando repique de troco...
2025-10-14 13:09:51.2081: Calculando totais da venda...
2025-10-14 13:09:52.7301: Aguarde, estamos realizando a emissão da NFC-e...
2025-10-14 13:09:52.8401: Validando NFC-e...
2025-10-14 13:09:52.8511: Tipo de emissão NFC-e: NORMAL
2025-10-14 13:09:52.8511: Gerando XML de NFC-e...
2025-10-14 13:09:52.8621: Realizando conversão da venda para XML...
2025-10-14 13:09:52.8821: Conversão realizada com sucesso para a NFC-e id: NFe42251029005632000120650010000305791231908827
2025-10-14 13:09:52.8821: Assinando XML...
2025-10-14 13:09:53.0941: XML assinado com sucesso!
2025-10-14 13:09:53.0941: Enviando NFC-e para a SEFAZ...
2025-10-14 13:09:53.7637: Retorno da SEFAZ: 100 - Autorizado o uso da NF-e
2025-10-14 13:09:53.7677: Numeração de NFC-e atualizada para Nr. 30580
2025-10-14 13:09:53.7677: Finalizando Venda e validando NF emitida...
2025-10-14 13:09:54.2127: Venda finalizada com sucesso!
2025-10-14 13:09:54.2127: Realizando rotinas pós-venda...
2025-10-14 13:09:54.2127: Enviando e-mail...
2025-10-14 13:09:54.2127: Iniciando rotina de sincronização da venda 6369...
2025-10-14 13:09:54.2207: Todas as rotinas da venda 6369 foram concluídas com sucesso!
2025-10-14 13:09:54.2207: Imprimindo DANFe...
2025-10-14 13:24:06.5998: Calculando totais da venda...
2025-10-14 13:24:12.4301: Iniciando finalização da venda Id 6370...
2025-10-14 13:24:12.4301: Verificando repique de troco...
2025-10-14 13:24:12.4301: Calculando totais da venda...
2025-10-14 13:24:14.2244: Aguarde, estamos realizando a emissão da NFC-e...
2025-10-14 13:24:14.3234: Validando NFC-e...
2025-10-14 13:24:14.3284: Tipo de emissão NFC-e: NORMAL
2025-10-14 13:24:14.3284: Gerando XML de NFC-e...
2025-10-14 13:24:14.3284: Realizando conversão da venda para XML...
2025-10-14 13:24:14.3284: Conversão realizada com sucesso para a NFC-e id: NFe42251029005632000120650010000305801254302829
2025-10-14 13:24:14.3454: Assinando XML...
2025-10-14 13:24:14.4614: XML assinado com sucesso!
2025-10-14 13:24:14.4614: Enviando NFC-e para a SEFAZ...
2025-10-14 13:24:15.7678: Retorno da SEFAZ: 100 - Autorizado o uso da NF-e
2025-10-14 13:24:15.7678: Numeração de NFC-e atualizada para Nr. 30581
2025-10-14 13:24:15.7678: Finalizando Venda e validando NF emitida...
2025-10-14 13:24:16.5328: Venda finalizada com sucesso!
2025-10-14 13:24:16.5328: Realizando rotinas pós-venda...
2025-10-14 13:24:16.5328: Enviando e-mail...
2025-10-14 13:24:16.5328: Iniciando rotina de sincronização da venda 6370...
2025-10-14 13:24:16.5328: Todas as rotinas da venda 6370 foram concluídas com sucesso!
2025-10-14 13:24:16.5328: Imprimindo DANFe...
2025-10-14 13:25:22.6080: Calculando totais da venda...
2025-10-14 13:25:36.9706: Validando desconto atribuído ao cliente...
2025-10-14 13:26:03.2497: Iniciando finalização da venda Id 6371...
2025-10-14 13:26:03.2548: Verificando repique de troco...
2025-10-14 13:26:03.2548: Calculando totais da venda...
2025-10-14 13:26:04.4638: Finalizando Venda não fiscal...
2025-10-14 13:26:04.5078: Venda finalizada com sucesso!
2025-10-14 13:26:04.5078: Realizando rotinas pós-venda...
2025-10-14 13:26:04.5078: Enviando e-mail...
2025-10-14 13:26:04.5078: Iniciando rotina de sincronização da venda 6371...
2025-10-14 13:26:04.5078: Todas as rotinas da venda 6371 foram concluídas com sucesso!
2025-10-14 13:53:39.0083: Calculando totais da venda...
2025-10-14 13:55:39.3239: Calculando totais da venda...
2025-10-14 13:55:42.7157: Iniciando finalização da venda Id 6373...
2025-10-14 13:55:42.7157: Verificando repique de troco...
2025-10-14 13:55:42.7157: Calculando totais da venda...
2025-10-14 13:55:44.0369: Aguarde, estamos realizando a emissão da NFC-e...
2025-10-14 13:55:44.1920: Validando NFC-e...
2025-10-14 13:55:44.1920: Tipo de emissão NFC-e: NORMAL
2025-10-14 13:55:44.1920: Gerando XML de NFC-e...
2025-10-14 13:55:44.1920: Realizando conversão da venda para XML...
2025-10-14 13:55:44.2170: Conversão realizada com sucesso para a NFC-e id: NFe42251029005632000120650010000305811330541059
2025-10-14 13:55:44.2200: Assinando XML...
2025-10-14 13:55:44.4130: XML assinado com sucesso!
2025-10-14 13:55:44.4130: Enviando NFC-e para a SEFAZ...
2025-10-14 13:55:44.8529: Retorno da SEFAZ: 100 - Autorizado o uso da NF-e
2025-10-14 13:55:44.8529: Numeração de NFC-e atualizada para Nr. 30582
2025-10-14 13:55:44.8679: Finalizando Venda e validando NF emitida...
2025-10-14 13:55:44.8959: Venda finalizada com sucesso!
2025-10-14 13:55:44.8959: Realizando rotinas pós-venda...
2025-10-14 13:55:44.8959: Enviando e-mail...
2025-10-14 13:55:44.8959: Iniciando rotina de sincronização da venda 6373...
2025-10-14 13:55:44.8959: Todas as rotinas da venda 6373 foram concluídas com sucesso!
2025-10-14 13:55:44.8959: Imprimindo DANFe...
2025-10-14 14:04:01.4532: Iniciando rotina de sincronização da venda 6374...
2025-10-14 14:07:18.1558: Calculando totais da venda...
2025-10-14 14:10:09.2639: Calculando totais da venda...
2025-10-14 14:10:12.8166: Iniciando finalização da venda Id 6375...
2025-10-14 14:10:12.8166: Verificando repique de troco...
2025-10-14 14:10:12.8166: Calculando totais da venda...
2025-10-14 14:10:13.3756: Iniciando finalização da venda Id 6375...
2025-10-14 14:10:13.3756: Verificando repique de troco...
2025-10-14 14:10:13.3756: Calculando totais da venda...
2025-10-14 14:10:14.8751: Aguarde, estamos realizando a emissão da NFC-e...
2025-10-14 14:10:14.9531: Validando NFC-e...
2025-10-14 14:10:14.9531: Tipo de emissão NFC-e: NORMAL
2025-10-14 14:10:14.9531: Gerando XML de NFC-e...
2025-10-14 14:10:14.9531: Realizando conversão da venda para XML...
2025-10-14 14:10:14.9731: Conversão realizada com sucesso para a NFC-e id: NFe42251029005632000120650010000305821450187098
2025-10-14 14:10:14.9731: Assinando XML...
2025-10-14 14:10:15.0871: XML assinado com sucesso!
2025-10-14 14:10:15.0871: Enviando NFC-e para a SEFAZ...
2025-10-14 14:10:16.2384: Retorno da SEFAZ: 100 - Autorizado o uso da NF-e
2025-10-14 14:10:16.2384: Numeração de NFC-e atualizada para Nr. 30583
2025-10-14 14:10:16.2504: Finalizando Venda e validando NF emitida...
2025-10-14 14:10:16.8274: Venda finalizada com sucesso!
2025-10-14 14:10:16.8285: Realizando rotinas pós-venda...
2025-10-14 14:10:16.8285: Enviando e-mail...
2025-10-14 14:10:16.8285: Iniciando rotina de sincronização da venda 6375...
2025-10-14 14:10:16.8285: Todas as rotinas da venda 6375 foram concluídas com sucesso!
2025-10-14 14:10:16.8285: Imprimindo DANFe...
2025-10-14 14:10:44.7529: Cancelando NFC-e id: 42251029005632000120650010000305821450187098
2025-10-14 14:10:45.2664: Retorno da SEFAZ: 135 - Evento registrado e vinculado a NF-e
2025-10-14 14:10:45.3561: Iniciando rotina de sincronização da venda 6375...
2025-10-14 14:16:13.5982: Calculando totais da venda...
2025-10-14 14:16:15.9948: Iniciando finalização da venda Id 6377...
2025-10-14 14:16:15.9948: Verificando repique de troco...
2025-10-14 14:16:15.9948: Calculando totais da venda...
2025-10-14 14:16:17.3806: Aguarde, estamos realizando a emissão da NFC-e...
2025-10-14 14:16:17.4768: Validando NFC-e...
2025-10-14 14:16:17.4848: Tipo de emissão NFC-e: NORMAL
2025-10-14 14:16:17.4848: Gerando XML de NFC-e...
2025-10-14 14:16:17.4848: Realizando conversão da venda para XML...
2025-10-14 14:16:17.4848: Conversão realizada com sucesso para a NFC-e id: NFe42251029005632000120650010000305831232634154
2025-10-14 14:16:17.4848: Assinando XML...
2025-10-14 14:16:17.6118: XML assinado com sucesso!
2025-10-14 14:16:17.6118: Enviando NFC-e para a SEFAZ...
2025-10-14 14:16:17.9130: Retorno da SEFAZ: 100 - Autorizado o uso da NF-e
2025-10-14 14:16:17.9130: Numeração de NFC-e atualizada para Nr. 30584
2025-10-14 14:16:17.9245: Finalizando Venda e validando NF emitida...
2025-10-14 14:16:17.9485: Venda finalizada com sucesso!
2025-10-14 14:16:17.9485: Realizando rotinas pós-venda...
2025-10-14 14:16:17.9485: Enviando e-mail...
2025-10-14 14:16:17.9485: Iniciando rotina de sincronização da venda 6377...
2025-10-14 14:16:17.9485: Todas as rotinas da venda 6377 foram concluídas com sucesso!
2025-10-14 14:16:17.9535: Imprimindo DANFe...
2025-10-14 14:18:14.6170: Calculando totais da venda...
2025-10-14 14:18:21.1550: Validando desconto atribuído ao cliente...
2025-10-14 14:18:58.1542: Iniciando finalização da venda Id 6378...
2025-10-14 14:18:58.1562: Verificando repique de troco...
2025-10-14 14:18:58.1562: Calculando totais da venda...
2025-10-14 14:18:58.6266: Iniciando finalização da venda Id 6378...
2025-10-14 14:18:58.6266: Verificando repique de troco...
2025-10-14 14:18:58.6266: Calculando totais da venda...
2025-10-14 14:18:59.1816: Aguarde, estamos realizando a emissão da NFC-e...
2025-10-14 14:18:59.2726: Validando NFC-e...
2025-10-14 14:18:59.2836: Tipo de emissão NFC-e: NORMAL
2025-10-14 14:18:59.2836: Gerando XML de NFC-e...
2025-10-14 14:18:59.2836: Realizando conversão da venda para XML...
2025-10-14 14:18:59.2996: Conversão realizada com sucesso para a NFC-e id: NFe42251029005632000120650010000305841225894810
2025-10-14 14:18:59.2996: Assinando XML...
2025-10-14 14:18:59.4036: XML assinado com sucesso!
2025-10-14 14:18:59.4036: Enviando NFC-e para a SEFAZ...
2025-10-14 14:19:00.2298: Retorno da SEFAZ: 100 - Autorizado o uso da NF-e
2025-10-14 14:19:00.2298: Numeração de NFC-e atualizada para Nr. 30585
2025-10-14 14:19:00.2398: Finalizando Venda e validando NF emitida...
2025-10-14 14:19:00.6961: Venda finalizada com sucesso!
2025-10-14 14:19:00.6961: Realizando rotinas pós-venda...
2025-10-14 14:19:00.6961: Enviando e-mail...
2025-10-14 14:19:03.4493: Iniciando rotina de sincronização da venda 6378...
2025-10-14 14:19:03.4493: Todas as rotinas da venda 6378 foram concluídas com sucesso!
2025-10-14 14:19:03.4493: Imprimindo DANFe...
2025-10-14 14:27:59.2941: Calculando totais da venda...
2025-10-14 14:28:03.6238: Iniciando finalização da venda Id 6379...
2025-10-14 14:28:03.6238: Verificando repique de troco...
2025-10-14 14:28:03.6258: Calculando totais da venda...
2025-10-14 14:28:04.1132: Iniciando finalização da venda Id 6379...
2025-10-14 14:28:04.1132: Verificando repique de troco...
2025-10-14 14:28:04.1132: Calculando totais da venda...
2025-10-14 14:28:04.7403: Aguarde, estamos realizando a emissão da NFC-e...
2025-10-14 14:28:04.8818: Validando NFC-e...
2025-10-14 14:28:04.8818: Tipo de emissão NFC-e: NORMAL
2025-10-14 14:28:04.8818: Gerando XML de NFC-e...
2025-10-14 14:28:04.8938: Realizando conversão da venda para XML...
2025-10-14 14:28:04.8938: Conversão realizada com sucesso para a NFC-e id: NFe42251029005632000120650010000305851326843959
2025-10-14 14:28:04.9068: Assinando XML...
2025-10-14 14:28:05.1528: XML assinado com sucesso!
2025-10-14 14:28:05.1528: Enviando NFC-e para a SEFAZ...
2025-10-14 14:28:06.0196: Retorno da SEFAZ: 100 - Autorizado o uso da NF-e
2025-10-14 14:28:06.0196: Numeração de NFC-e atualizada para Nr. 30586
2025-10-14 14:28:06.0196: Finalizando Venda e validando NF emitida...
2025-10-14 14:28:06.4756: Venda finalizada com sucesso!
2025-10-14 14:28:06.4756: Realizando rotinas pós-venda...
2025-10-14 14:28:06.4756: Enviando e-mail...
2025-10-14 14:28:06.4756: Iniciando rotina de sincronização da venda 6379...
2025-10-14 14:28:06.4756: Todas as rotinas da venda 6379 foram concluídas com sucesso!
2025-10-14 14:28:06.4756: Imprimindo DANFe...
2025-10-14 14:33:48.8498: Calculando totais da venda...
2025-10-14 14:33:58.7586: Validando desconto atribuído ao cliente...
2025-10-14 14:34:02.2203: Iniciando finalização da venda Id 6380...
2025-10-14 14:34:02.2203: Verificando repique de troco...
2025-10-14 14:34:02.2203: Calculando totais da venda...
2025-10-14 14:34:03.2630: Finalizando Venda não fiscal...
2025-10-14 14:34:03.7310: Venda finalizada com sucesso!
2025-10-14 14:34:03.7310: Realizando rotinas pós-venda...
2025-10-14 14:34:03.7350: Enviando e-mail...
2025-10-14 14:34:03.7350: Iniciando rotina de sincronização da venda 6380...
2025-10-14 14:34:03.7350: Todas as rotinas da venda 6380 foram concluídas com sucesso!
2025-10-14 14:42:27.2656: Calculando totais da venda...
2025-10-14 14:42:30.2638: Iniciando finalização da venda Id 6381...
2025-10-14 14:42:30.2638: Verificando repique de troco...
2025-10-14 14:42:30.2638: Calculando totais da venda...
2025-10-14 14:42:30.7178: Aguarde, estamos realizando a emissão da NFC-e...
2025-10-14 14:42:30.8782: Validando NFC-e...
2025-10-14 14:42:30.8782: Tipo de emissão NFC-e: NORMAL
2025-10-14 14:42:30.8782: Gerando XML de NFC-e...
2025-10-14 14:42:30.8962: Realizando conversão da venda para XML...
2025-10-14 14:42:30.9152: Conversão realizada com sucesso para a NFC-e id: NFe42251029005632000120650010000305861407575080
2025-10-14 14:42:30.9292: Assinando XML...
2025-10-14 14:42:31.2382: XML assinado com sucesso!
2025-10-14 14:42:31.2382: Enviando NFC-e para a SEFAZ...
2025-10-14 14:42:31.7896: Retorno da SEFAZ: 100 - Autorizado o uso da NF-e
2025-10-14 14:42:31.7896: Numeração de NFC-e atualizada para Nr. 30587
2025-10-14 14:42:31.8056: Finalizando Venda e validando NF emitida...
2025-10-14 14:42:31.8286: Venda finalizada com sucesso!
2025-10-14 14:42:31.8286: Realizando rotinas pós-venda...
2025-10-14 14:42:31.8286: Enviando e-mail...
2025-10-14 14:42:31.8286: Iniciando rotina de sincronização da venda 6381...
2025-10-14 14:42:31.8286: Todas as rotinas da venda 6381 foram concluídas com sucesso!
2025-10-14 14:42:31.8286: Imprimindo DANFe...
2025-10-14 15:13:14.1091: Iniciando rotina de sincronização de caixa...
2025-10-14 15:16:36.8918: Calculando totais da venda...
2025-10-14 15:16:44.9162: Iniciando finalização da venda Id 6382...
2025-10-14 15:16:44.9162: Verificando repique de troco...
2025-10-14 15:16:44.9162: Calculando totais da venda...
2025-10-14 15:16:46.4959: Aguarde, estamos realizando a emissão da NFC-e...
2025-10-14 15:16:46.5809: Validando NFC-e...
2025-10-14 15:16:46.5809: Tipo de emissão NFC-e: NORMAL
2025-10-14 15:16:46.5809: Gerando XML de NFC-e...
2025-10-14 15:16:46.6039: Realizando conversão da venda para XML...
2025-10-14 15:16:46.6209: Conversão realizada com sucesso para a NFC-e id: NFe42251029005632000120650010000305871344019736
2025-10-14 15:16:46.6279: Assinando XML...
2025-10-14 15:16:46.7969: XML assinado com sucesso!
2025-10-14 15:16:46.7969: Enviando NFC-e para a SEFAZ...
2025-10-14 15:16:47.6132: Retorno da SEFAZ: 100 - Autorizado o uso da NF-e
2025-10-14 15:16:47.6132: Numeração de NFC-e atualizada para Nr. 30588
2025-10-14 15:16:47.6262: Finalizando Venda e validando NF emitida...
2025-10-14 15:16:47.6502: Venda finalizada com sucesso!
2025-10-14 15:16:47.6502: Realizando rotinas pós-venda...
2025-10-14 15:16:47.6502: Enviando e-mail...
2025-10-14 15:16:47.6592: Iniciando rotina de sincronização da venda 6382...
2025-10-14 15:16:47.6592: Todas as rotinas da venda 6382 foram concluídas com sucesso!
2025-10-14 15:16:47.6592: Imprimindo DANFe...
2025-10-14 15:28:21.2561: Calculando totais da venda...
2025-10-14 15:28:27.8750: Iniciando finalização da venda Id 6383...
2025-10-14 15:28:27.8750: Verificando repique de troco...
2025-10-14 15:28:27.8750: Calculando totais da venda...
2025-10-14 15:28:28.8292: Aguarde, estamos realizando a emissão da NFC-e...
2025-10-14 15:28:28.9262: Validando NFC-e...
2025-10-14 15:28:28.9262: Tipo de emissão NFC-e: NORMAL
2025-10-14 15:28:28.9262: Gerando XML de NFC-e...
2025-10-14 15:28:28.9392: Realizando conversão da venda para XML...
2025-10-14 15:28:28.9392: Conversão realizada com sucesso para a NFC-e id: NFe42251029005632000120650010000305881355251969
2025-10-14 15:28:28.9532: Assinando XML...
2025-10-14 15:28:29.0492: XML assinado com sucesso!
2025-10-14 15:28:29.0492: Enviando NFC-e para a SEFAZ...
2025-10-14 15:28:29.7224: Retorno da SEFAZ: 100 - Autorizado o uso da NF-e
2025-10-14 15:28:29.7224: Numeração de NFC-e atualizada para Nr. 30589
2025-10-14 15:28:29.7224: Finalizando Venda e validando NF emitida...
2025-10-14 15:28:30.1724: Venda finalizada com sucesso!
2025-10-14 15:28:30.1724: Realizando rotinas pós-venda...
2025-10-14 15:28:30.1724: Enviando e-mail...
2025-10-14 15:28:30.1724: Iniciando rotina de sincronização da venda 6383...
2025-10-14 15:28:30.1894: Todas as rotinas da venda 6383 foram concluídas com sucesso!
2025-10-14 15:28:30.1894: Imprimindo DANFe...
2025-10-14 15:30:58.1904: Calculando totais da venda...
2025-10-14 15:31:04.0287: Validando desconto atribuído ao cliente...
2025-10-14 15:31:09.7341: Iniciando finalização da venda Id 6376...
2025-10-14 15:31:09.7351: Verificando repique de troco...
2025-10-14 15:31:09.7351: Calculando totais da venda...
2025-10-14 15:31:09.8293: Iniciando finalização da venda Id 6376...
2025-10-14 15:31:09.8293: Verificando repique de troco...
2025-10-14 15:31:09.8293: Calculando totais da venda...
2025-10-14 15:31:11.4964: Aguarde, estamos realizando a emissão da NFC-e...
2025-10-14 15:31:11.5932: Validando NFC-e...
2025-10-14 15:31:11.6062: Tipo de emissão NFC-e: NORMAL
2025-10-14 15:31:11.6062: Gerando XML de NFC-e...
2025-10-14 15:31:11.6062: Realizando conversão da venda para XML...
2025-10-14 15:31:11.6252: Conversão realizada com sucesso para a NFC-e id: NFe42251029005632000120650010000305891465116427
2025-10-14 15:31:11.6252: Assinando XML...
2025-10-14 15:31:11.7302: XML assinado com sucesso!
2025-10-14 15:31:11.7302: Enviando NFC-e para a SEFAZ...
2025-10-14 15:31:12.3822: Retorno da SEFAZ: 100 - Autorizado o uso da NF-e
2025-10-14 15:31:12.3822: Numeração de NFC-e atualizada para Nr. 30590
2025-10-14 15:31:12.3912: Finalizando Venda e validando NF emitida...
2025-10-14 15:31:12.4192: Venda finalizada com sucesso!
2025-10-14 15:31:12.4192: Realizando rotinas pós-venda...
2025-10-14 15:31:12.4322: Enviando e-mail...
2025-10-14 15:31:12.4562: Iniciando rotina de sincronização da venda 6376...
2025-10-14 15:31:12.4562: Todas as rotinas da venda 6376 foram concluídas com sucesso!
2025-10-14 15:31:12.4562: Imprimindo DANFe...
2025-10-14 15:38:35.1710: Calculando totais da venda...
2025-10-14 15:38:38.4901: Iniciando finalização da venda Id 6384...
2025-10-14 15:38:38.4901: Verificando repique de troco...
2025-10-14 15:38:38.4901: Calculando totais da venda...
2025-10-14 15:38:39.8649: Aguarde, estamos realizando a emissão da NFC-e...
2025-10-14 15:38:39.9709: Validando NFC-e...
2025-10-14 15:38:39.9709: Tipo de emissão NFC-e: NORMAL
2025-10-14 15:38:39.9709: Gerando XML de NFC-e...
2025-10-14 15:38:39.9709: Realizando conversão da venda para XML...
2025-10-14 15:38:39.9899: Conversão realizada com sucesso para a NFC-e id: NFe42251029005632000120650010000305901692380487
2025-10-14 15:38:39.9899: Assinando XML...
2025-10-14 15:38:40.0899: XML assinado com sucesso!
2025-10-14 15:38:40.0899: Enviando NFC-e para a SEFAZ...
2025-10-14 15:38:42.2868: Retorno da SEFAZ: 100 - Autorizado o uso da NF-e
2025-10-14 15:38:42.2868: Numeração de NFC-e atualizada para Nr. 30591
2025-10-14 15:38:42.2868: Finalizando Venda e validando NF emitida...
2025-10-14 15:38:42.3215: Venda finalizada com sucesso!
2025-10-14 15:38:42.3215: Realizando rotinas pós-venda...
2025-10-14 15:38:42.3215: Enviando e-mail...
2025-10-14 15:38:42.3215: Iniciando rotina de sincronização da venda 6384...
2025-10-14 15:38:42.3215: Todas as rotinas da venda 6384 foram concluídas com sucesso!
2025-10-14 15:38:42.3215: Imprimindo DANFe...
2025-10-14 15:42:14.6044: Calculando totais da venda...
2025-10-14 16:07:27.9695: Calculando totais da venda...
2025-10-14 16:13:52.9110: Calculando totais da venda...
2025-10-14 16:14:09.6368: Calculando totais da venda...
2025-10-14 16:18:54.1139: Calculando totais da venda...
2025-10-14 16:19:22.6617: Iniciando finalização da venda Id 6386...
2025-10-14 16:19:22.6617: Verificando repique de troco...
2025-10-14 16:19:22.6617: Calculando totais da venda...
2025-10-14 16:19:24.0829: Finalizando Venda não fiscal...
2025-10-14 16:19:24.5569: Venda finalizada com sucesso!
2025-10-14 16:19:24.5569: Realizando rotinas pós-venda...
2025-10-14 16:19:24.5569: Enviando e-mail...
2025-10-14 16:19:24.5569: Iniciando rotina de sincronização da venda 6386...
2025-10-14 16:19:24.5569: Todas as rotinas da venda 6386 foram concluídas com sucesso!
2025-10-14 16:32:53.1847: Calculando totais da venda...
2025-10-14 16:32:56.4771: Iniciando finalização da venda Id 6387...
2025-10-14 16:32:56.4771: Verificando repique de troco...
2025-10-14 16:32:56.4771: Calculando totais da venda...
2025-10-14 16:32:57.3136: Aguarde, estamos realizando a emissão da NFC-e...
2025-10-14 16:32:57.4196: Validando NFC-e...
2025-10-14 16:32:57.4236: Tipo de emissão NFC-e: NORMAL
2025-10-14 16:32:57.4236: Gerando XML de NFC-e...
2025-10-14 16:32:57.4236: Realizando conversão da venda para XML...
2025-10-14 16:32:57.4476: Conversão realizada com sucesso para a NFC-e id: NFe42251029005632000120650010000305911123495015
2025-10-14 16:32:57.4546: Assinando XML...
2025-10-14 16:32:57.6926: XML assinado com sucesso!
2025-10-14 16:32:57.6926: Enviando NFC-e para a SEFAZ...
2025-10-14 16:32:58.6840: Retorno da SEFAZ: 100 - Autorizado o uso da NF-e
2025-10-14 16:32:58.6840: Numeração de NFC-e atualizada para Nr. 30592
2025-10-14 16:32:58.6970: Finalizando Venda e validando NF emitida...
2025-10-14 16:32:59.1430: Venda finalizada com sucesso!
2025-10-14 16:32:59.1430: Realizando rotinas pós-venda...
2025-10-14 16:32:59.1430: Enviando e-mail...
2025-10-14 16:32:59.1430: Iniciando rotina de sincronização da venda 6387...
2025-10-14 16:32:59.1430: Todas as rotinas da venda 6387 foram concluídas com sucesso!
2025-10-14 16:32:59.1430: Imprimindo DANFe...
2025-10-14 16:33:50.2095: Iniciando finalização da venda Id 6326...
2025-10-14 16:33:50.2095: Verificando repique de troco...
2025-10-14 16:33:50.2095: Calculando totais da venda...
2025-10-14 16:33:50.8321: Aguarde, estamos realizando a emissão da NFC-e...
2025-10-14 16:33:50.9171: Validando NFC-e...
2025-10-14 16:33:50.9271: Tipo de emissão NFC-e: NORMAL
2025-10-14 16:33:50.9271: Gerando XML de NFC-e...
2025-10-14 16:33:50.9271: Realizando conversão da venda para XML...
2025-10-14 16:33:50.9441: Conversão realizada com sucesso para a NFC-e id: NFe42251029005632000120650010000305921193789708
2025-10-14 16:33:50.9441: Assinando XML...
2025-10-14 16:33:51.0571: XML assinado com sucesso!
2025-10-14 16:33:51.0571: Enviando NFC-e para a SEFAZ...
2025-10-14 16:33:51.5160: Retorno da SEFAZ: 100 - Autorizado o uso da NF-e
2025-10-14 16:33:51.5160: Numeração de NFC-e atualizada para Nr. 30593
2025-10-14 16:33:51.5322: Finalizando Venda e validando NF emitida...
2025-10-14 16:33:51.5712: Venda finalizada com sucesso!
2025-10-14 16:33:51.5712: Realizando rotinas pós-venda...
2025-10-14 16:33:51.5712: Enviando e-mail...
2025-10-14 16:33:53.2612: Iniciando rotina de sincronização da venda 6326...
2025-10-14 16:33:53.2612: Todas as rotinas da venda 6326 foram concluídas com sucesso!
2025-10-14 16:33:53.2612: Imprimindo DANFe...
2025-10-14 16:39:51.5587: Calculando totais da venda...
2025-10-14 16:39:55.6907: Iniciando finalização da venda Id 6372...
2025-10-14 16:39:55.6907: Verificando repique de troco...
2025-10-14 16:39:55.6907: Calculando totais da venda...
2025-10-14 16:39:57.7915: Aguarde, estamos realizando a emissão da NFC-e...
2025-10-14 16:39:57.9021: Validando NFC-e...
2025-10-14 16:39:57.9081: Tipo de emissão NFC-e: NORMAL
2025-10-14 16:39:57.9081: Gerando XML de NFC-e...
2025-10-14 16:39:57.9081: Realizando conversão da venda para XML...
2025-10-14 16:39:57.9251: Conversão realizada com sucesso para a NFC-e id: NFe42251029005632000120650010000305931341047957
2025-10-14 16:39:57.9251: Assinando XML...
2025-10-14 16:39:58.0631: XML assinado com sucesso!
2025-10-14 16:39:58.0631: Enviando NFC-e para a SEFAZ...
2025-10-14 16:39:58.4931: Retorno da SEFAZ: 100 - Autorizado o uso da NF-e
2025-10-14 16:39:58.4931: Numeração de NFC-e atualizada para Nr. 30594
2025-10-14 16:39:58.5061: Finalizando Venda e validando NF emitida...
2025-10-14 16:39:58.5341: Venda finalizada com sucesso!
2025-10-14 16:39:58.5341: Realizando rotinas pós-venda...
2025-10-14 16:39:58.5341: Enviando e-mail...
2025-10-14 16:39:58.5341: Iniciando rotina de sincronização da venda 6372...
2025-10-14 16:39:58.5482: Todas as rotinas da venda 6372 foram concluídas com sucesso!
2025-10-14 16:39:58.5482: Imprimindo DANFe...
2025-10-14 16:41:43.4486: Calculando totais da venda...
2025-10-14 16:41:47.7910: Iniciando finalização da venda Id 6388...
2025-10-14 16:41:47.7910: Verificando repique de troco...
2025-10-14 16:41:47.7910: Calculando totais da venda...
2025-10-14 16:41:48.6644: Aguarde, estamos realizando a emissão da NFC-e...
2025-10-14 16:41:48.7614: Validando NFC-e...
2025-10-14 16:41:48.7614: Tipo de emissão NFC-e: NORMAL
2025-10-14 16:41:48.7614: Gerando XML de NFC-e...
2025-10-14 16:41:48.7674: Realizando conversão da venda para XML...
2025-10-14 16:41:48.7814: Conversão realizada com sucesso para a NFC-e id: NFe42251029005632000120650010000305941953996108
2025-10-14 16:41:48.7814: Assinando XML...
2025-10-14 16:41:48.8974: XML assinado com sucesso!
2025-10-14 16:41:48.8974: Enviando NFC-e para a SEFAZ...
2025-10-14 16:41:50.7360: Retorno da SEFAZ: 100 - Autorizado o uso da NF-e
2025-10-14 16:41:50.7360: Numeração de NFC-e atualizada para Nr. 30595
2025-10-14 16:41:50.7360: Finalizando Venda e validando NF emitida...
2025-10-14 16:41:51.1960: Venda finalizada com sucesso!
2025-10-14 16:41:51.1960: Realizando rotinas pós-venda...
2025-10-14 16:41:51.1960: Enviando e-mail...
2025-10-14 16:41:51.1960: Iniciando rotina de sincronização da venda 6388...
2025-10-14 16:41:51.1960: Todas as rotinas da venda 6388 foram concluídas com sucesso!
2025-10-14 16:41:51.1960: Imprimindo DANFe...
2025-10-14 17:13:57.4560: Calculando totais da venda...
2025-10-14 17:19:40.7317: Calculando totais da venda...
2025-10-14 17:19:43.5466: Iniciando finalização da venda Id 6390...
2025-10-14 17:19:43.5476: Verificando repique de troco...
2025-10-14 17:19:43.5476: Calculando totais da venda...
2025-10-14 17:19:44.8469: Aguarde, estamos realizando a emissão da NFC-e...
2025-10-14 17:19:44.9611: Validando NFC-e...
2025-10-14 17:19:44.9701: Tipo de emissão NFC-e: NORMAL
2025-10-14 17:19:44.9701: Gerando XML de NFC-e...
2025-10-14 17:19:44.9911: Realizando conversão da venda para XML...
2025-10-14 17:19:45.0041: Conversão realizada com sucesso para a NFC-e id: NFe42251029005632000120650010000305951974939445
2025-10-14 17:19:45.0041: Assinando XML...
2025-10-14 17:19:45.3371: XML assinado com sucesso!
2025-10-14 17:19:45.3371: Enviando NFC-e para a SEFAZ...
2025-10-14 17:19:46.3979: Retorno da SEFAZ: 100 - Autorizado o uso da NF-e
2025-10-14 17:19:46.3979: Numeração de NFC-e atualizada para Nr. 30596
2025-10-14 17:19:46.4154: Finalizando Venda e validando NF emitida...
2025-10-14 17:19:46.4504: Venda finalizada com sucesso!
2025-10-14 17:19:46.4504: Realizando rotinas pós-venda...
2025-10-14 17:19:46.4534: Enviando e-mail...
2025-10-14 17:19:46.4534: Iniciando rotina de sincronização da venda 6390...
2025-10-14 17:19:46.4534: Todas as rotinas da venda 6390 foram concluídas com sucesso!
2025-10-14 17:19:46.4534: Imprimindo DANFe...
2025-10-14 17:23:46.1289: Calculando totais da venda...
2025-10-14 17:23:49.1567: Iniciando finalização da venda Id 6385...
2025-10-14 17:23:49.1567: Verificando repique de troco...
2025-10-14 17:23:49.1567: Calculando totais da venda...
2025-10-14 17:23:51.0576: Aguarde, estamos realizando a emissão da NFC-e...
2025-10-14 17:23:51.2737: Validando NFC-e...
2025-10-14 17:23:51.2737: Tipo de emissão NFC-e: NORMAL
2025-10-14 17:23:51.2737: Gerando XML de NFC-e...
2025-10-14 17:23:51.3067: Realizando conversão da venda para XML...
2025-10-14 17:23:51.3327: Conversão realizada com sucesso para a NFC-e id: NFe42251029005632000120650010000305961199733258
2025-10-14 17:23:51.3487: Assinando XML...
2025-10-14 17:23:51.8357: XML assinado com sucesso!
2025-10-14 17:23:51.8357: Enviando NFC-e para a SEFAZ...
2025-10-14 17:23:52.5429: Retorno da SEFAZ: 100 - Autorizado o uso da NF-e
2025-10-14 17:23:52.5569: Numeração de NFC-e atualizada para Nr. 30597
2025-10-14 17:23:52.6249: Finalizando Venda e validando NF emitida...
2025-10-14 17:23:52.6649: Venda finalizada com sucesso!
2025-10-14 17:23:52.6649: Realizando rotinas pós-venda...
2025-10-14 17:23:52.6649: Enviando e-mail...
2025-10-14 17:23:52.6909: Iniciando rotina de sincronização da venda 6385...
2025-10-14 17:23:52.6909: Todas as rotinas da venda 6385 foram concluídas com sucesso!
2025-10-14 17:23:52.6909: Imprimindo DANFe...
2025-10-14 17:43:33.6182: Calculando totais da venda...
2025-10-14 17:43:37.8490: Iniciando finalização da venda Id 6391...
2025-10-14 17:43:37.8490: Verificando repique de troco...
2025-10-14 17:43:37.8490: Calculando totais da venda...
2025-10-14 17:43:38.6962: Aguarde, estamos realizando a emissão da NFC-e...
2025-10-14 17:43:38.8440: Validando NFC-e...
2025-10-14 17:43:38.8440: Tipo de emissão NFC-e: NORMAL
2025-10-14 17:43:38.8440: Gerando XML de NFC-e...
2025-10-14 17:43:38.8650: Realizando conversão da venda para XML...
2025-10-14 17:43:38.8800: Conversão realizada com sucesso para a NFC-e id: NFe42251029005632000120650010000305971231908825
2025-10-14 17:43:38.8800: Assinando XML...
2025-10-14 17:43:39.1784: XML assinado com sucesso!
2025-10-14 17:43:39.1784: Enviando NFC-e para a SEFAZ...
2025-10-14 17:43:51.6234: Retorno da SEFAZ: 100 - Autorizado o uso da NF-e
2025-10-14 17:43:51.6264: Numeração de NFC-e atualizada para Nr. 30598
2025-10-14 17:43:51.6264: Finalizando Venda e validando NF emitida...
2025-10-14 17:43:52.1256: Venda finalizada com sucesso!
2025-10-14 17:43:52.1256: Realizando rotinas pós-venda...
2025-10-14 17:43:52.1256: Enviando e-mail...
2025-10-14 17:43:52.1256: Iniciando rotina de sincronização da venda 6391...
2025-10-14 17:43:52.1256: Todas as rotinas da venda 6391 foram concluídas com sucesso!
2025-10-14 17:43:52.1256: Imprimindo DANFe...
