2025-10-10 09:02:45.9444: Verificando versão para atualização de PDV.
2025-10-10 09:02:46.4954: Atualização
2025-10-10 09:02:53.8510: Iniciando rotina de sincronização de caixa...
2025-10-10 09:03:58.5426: Iniciando rotina de sincronização de caixa...
2025-10-10 09:31:57.0002: Calculando totais da venda...
2025-10-10 09:32:40.3174: Calculando totais da venda...
2025-10-10 09:33:16.7582: Calculando totais da venda...
2025-10-10 09:33:21.3679: Validando desconto atribuído ao cliente...
2025-10-10 09:34:10.9438: Iniciando finalização da venda Id 6262...
2025-10-10 09:34:10.9438: Verificando repique de troco...
2025-10-10 09:34:10.9438: Calculando totais da venda...
2025-10-10 09:34:12.8372: Aguarde, estamos realizando a emissão da NFC-e...
2025-10-10 09:34:12.9733: Validando NFC-e...
2025-10-10 09:34:13.0063: Tipo de emissão NFC-e: NORMAL
2025-10-10 09:34:13.0063: Gerando XML de NFC-e...
2025-10-10 09:34:13.0193: Realizando conversão da venda para XML...
2025-10-10 09:34:13.1273: Conversão realizada com sucesso para a NFC-e id: NFe42251029005632000120650010000304861459102420
2025-10-10 09:34:13.4973: Assinando XML...
2025-10-10 09:34:15.0832: XML assinado com sucesso!
2025-10-10 09:34:15.0832: Enviando NFC-e para a SEFAZ...
2025-10-10 09:34:16.7270: Retorno da SEFAZ: 100 - Autorizado o uso da NF-e
2025-10-10 09:34:16.7270: Numeração de NFC-e atualizada para Nr. 30487
2025-10-10 09:34:16.7402: Finalizando Venda e validando NF emitida...
2025-10-10 09:34:17.1272: Venda finalizada com sucesso!
2025-10-10 09:34:17.1272: Realizando rotinas pós-venda...
2025-10-10 09:34:17.1272: Enviando e-mail...
2025-10-10 09:34:17.1488: Iniciando rotina de sincronização da venda 6262...
2025-10-10 09:34:17.1488: Todas as rotinas da venda 6262 foram concluídas com sucesso!
2025-10-10 09:34:17.1488: Imprimindo DANFe...
2025-10-10 09:51:54.3262: Calculando totais da venda...
2025-10-10 09:51:59.6032: Iniciando finalização da venda Id 6263...
2025-10-10 09:51:59.6032: Verificando repique de troco...
2025-10-10 09:51:59.6032: Calculando totais da venda...
2025-10-10 09:52:00.4022: Aguarde, estamos realizando a emissão da NFC-e...
2025-10-10 09:52:00.4961: Validando NFC-e...
2025-10-10 09:52:00.5001: Tipo de emissão NFC-e: NORMAL
2025-10-10 09:52:00.5001: Gerando XML de NFC-e...
2025-10-10 09:52:00.5001: Realizando conversão da venda para XML...
2025-10-10 09:52:00.5001: Conversão realizada com sucesso para a NFC-e id: NFe42251029005632000120650010000304871555558674
2025-10-10 09:52:00.5001: Assinando XML...
2025-10-10 09:52:00.5971: XML assinado com sucesso!
2025-10-10 09:52:00.5971: Enviando NFC-e para a SEFAZ...
2025-10-10 09:52:01.1343: Retorno da SEFAZ: 100 - Autorizado o uso da NF-e
2025-10-10 09:52:01.1343: Numeração de NFC-e atualizada para Nr. 30488
2025-10-10 09:52:01.1453: Finalizando Venda e validando NF emitida...
2025-10-10 09:52:01.5274: Venda finalizada com sucesso!
2025-10-10 09:52:01.5274: Realizando rotinas pós-venda...
2025-10-10 09:52:01.5274: Enviando e-mail...
2025-10-10 09:52:01.5274: Iniciando rotina de sincronização da venda 6263...
2025-10-10 09:52:01.5314: Todas as rotinas da venda 6263 foram concluídas com sucesso!
2025-10-10 09:52:01.5314: Imprimindo DANFe...
2025-10-10 10:17:59.8666: Calculando totais da venda...
2025-10-10 10:18:04.2545: Iniciando finalização da venda Id 6264...
2025-10-10 10:18:04.2545: Verificando repique de troco...
2025-10-10 10:18:04.2545: Calculando totais da venda...
2025-10-10 10:18:05.0322: Aguarde, estamos realizando a emissão da NFC-e...
2025-10-10 10:18:05.1142: Validando NFC-e...
2025-10-10 10:18:05.1142: Tipo de emissão NFC-e: NORMAL
2025-10-10 10:18:05.1142: Gerando XML de NFC-e...
2025-10-10 10:18:05.1142: Realizando conversão da venda para XML...
2025-10-10 10:18:05.1332: Conversão realizada com sucesso para a NFC-e id: NFe42251029005632000120650010000304881515918430
2025-10-10 10:18:05.1332: Assinando XML...
2025-10-10 10:18:05.2292: XML assinado com sucesso!
2025-10-10 10:18:05.2292: Enviando NFC-e para a SEFAZ...
2025-10-10 10:18:06.4951: Retorno da SEFAZ: 100 - Autorizado o uso da NF-e
2025-10-10 10:18:06.4951: Numeração de NFC-e atualizada para Nr. 30489
2025-10-10 10:18:06.5055: Finalizando Venda e validando NF emitida...
2025-10-10 10:18:06.9005: Venda finalizada com sucesso!
2025-10-10 10:18:06.9005: Realizando rotinas pós-venda...
2025-10-10 10:18:06.9005: Enviando e-mail...
2025-10-10 10:18:06.9005: Iniciando rotina de sincronização da venda 6264...
2025-10-10 10:18:06.9085: Todas as rotinas da venda 6264 foram concluídas com sucesso!
2025-10-10 10:18:06.9085: Imprimindo DANFe...
2025-10-10 11:15:05.4313: Calculando totais da venda...
2025-10-10 11:24:43.7517: Calculando totais da venda...
2025-10-10 11:24:50.4077: Iniciando finalização da venda Id 6266...
2025-10-10 11:24:50.4077: Verificando repique de troco...
2025-10-10 11:24:50.4077: Calculando totais da venda...
2025-10-10 11:24:52.0382: Aguarde, estamos realizando a emissão da NFC-e...
2025-10-10 11:24:52.1770: Validando NFC-e...
2025-10-10 11:24:52.1770: Tipo de emissão NFC-e: NORMAL
2025-10-10 11:24:52.1770: Gerando XML de NFC-e...
2025-10-10 11:24:52.1991: Realizando conversão da venda para XML...
2025-10-10 11:24:52.2191: Conversão realizada com sucesso para a NFC-e id: NFe42251029005632000120650010000304891290175491
2025-10-10 11:24:52.2191: Assinando XML...
2025-10-10 11:24:52.4251: XML assinado com sucesso!
2025-10-10 11:24:52.4251: Enviando NFC-e para a SEFAZ...
2025-10-10 11:24:52.9348: Retorno da SEFAZ: 100 - Autorizado o uso da NF-e
2025-10-10 11:24:52.9348: Numeração de NFC-e atualizada para Nr. 30490
2025-10-10 11:24:52.9468: Finalizando Venda e validando NF emitida...
2025-10-10 11:24:52.9668: Venda finalizada com sucesso!
2025-10-10 11:24:52.9668: Realizando rotinas pós-venda...
2025-10-10 11:24:52.9668: Enviando e-mail...
2025-10-10 11:24:52.9688: Iniciando rotina de sincronização da venda 6266...
2025-10-10 11:24:52.9688: Todas as rotinas da venda 6266 foram concluídas com sucesso!
2025-10-10 11:24:52.9688: Imprimindo DANFe...
2025-10-10 12:23:12.4915: Calculando totais da venda...
2025-10-10 12:23:33.1833: Calculando totais da venda...
2025-10-10 12:23:39.1454: Iniciando finalização da venda Id 6267...
2025-10-10 12:23:39.1454: Verificando repique de troco...
2025-10-10 12:23:39.1454: Calculando totais da venda...
2025-10-10 12:23:40.8486: Aguarde, estamos realizando a emissão da NFC-e...
2025-10-10 12:23:40.9459: Validando NFC-e...
2025-10-10 12:23:40.9459: Tipo de emissão NFC-e: NORMAL
2025-10-10 12:23:40.9459: Gerando XML de NFC-e...
2025-10-10 12:23:40.9459: Realizando conversão da venda para XML...
2025-10-10 12:23:40.9659: Conversão realizada com sucesso para a NFC-e id: NFe42251029005632000120650010000304901167628131
2025-10-10 12:23:40.9659: Assinando XML...
2025-10-10 12:23:41.1169: XML assinado com sucesso!
2025-10-10 12:23:41.1169: Enviando NFC-e para a SEFAZ...
2025-10-10 12:23:41.8376: Retorno da SEFAZ: 100 - Autorizado o uso da NF-e
2025-10-10 12:23:41.8376: Numeração de NFC-e atualizada para Nr. 30491
2025-10-10 12:23:41.8436: Finalizando Venda e validando NF emitida...
2025-10-10 12:23:42.2296: Venda finalizada com sucesso!
2025-10-10 12:23:42.2296: Realizando rotinas pós-venda...
2025-10-10 12:23:42.2296: Enviando e-mail...
2025-10-10 12:23:42.2296: Iniciando rotina de sincronização da venda 6267...
2025-10-10 12:23:42.2296: Todas as rotinas da venda 6267 foram concluídas com sucesso!
2025-10-10 12:23:42.2296: Imprimindo DANFe...
2025-10-10 12:35:33.3164: Calculando totais da venda...
2025-10-10 12:35:45.0453: Iniciando finalização da venda Id 6268...
2025-10-10 12:35:45.0463: Verificando repique de troco...
2025-10-10 12:35:45.0463: Calculando totais da venda...
2025-10-10 12:35:47.9086: Aguarde, estamos realizando a emissão da NFC-e...
2025-10-10 12:35:48.0285: Validando NFC-e...
2025-10-10 12:35:48.0345: Tipo de emissão NFC-e: NORMAL
2025-10-10 12:35:48.0345: Gerando XML de NFC-e...
2025-10-10 12:35:48.0345: Realizando conversão da venda para XML...
2025-10-10 12:35:48.0665: Conversão realizada com sucesso para a NFC-e id: NFe42251029005632000120650010000304911150381909
2025-10-10 12:35:48.0785: Assinando XML...
2025-10-10 12:35:48.1805: XML assinado com sucesso!
2025-10-10 12:35:48.1805: Enviando NFC-e para a SEFAZ...
2025-10-10 12:35:48.5376: Retorno da SEFAZ: 100 - Autorizado o uso da NF-e
2025-10-10 12:35:48.5376: Numeração de NFC-e atualizada para Nr. 30492
2025-10-10 12:35:48.5376: Finalizando Venda e validando NF emitida...
2025-10-10 12:35:48.5676: Venda finalizada com sucesso!
2025-10-10 12:35:48.5676: Realizando rotinas pós-venda...
2025-10-10 12:35:48.5676: Enviando e-mail...
2025-10-10 12:35:48.5676: Iniciando rotina de sincronização da venda 6268...
2025-10-10 12:35:48.5676: Todas as rotinas da venda 6268 foram concluídas com sucesso!
2025-10-10 12:35:48.5676: Imprimindo DANFe...
2025-10-10 12:47:43.4963: Calculando totais da venda...
2025-10-10 12:47:46.6083: Iniciando finalização da venda Id 6269...
2025-10-10 12:47:46.6093: Verificando repique de troco...
2025-10-10 12:47:46.6093: Calculando totais da venda...
2025-10-10 12:47:48.4053: Aguarde, estamos realizando a emissão da NFC-e...
2025-10-10 12:47:48.4959: Validando NFC-e...
2025-10-10 12:47:48.4999: Tipo de emissão NFC-e: NORMAL
2025-10-10 12:47:48.4999: Gerando XML de NFC-e...
2025-10-10 12:47:48.4999: Realizando conversão da venda para XML...
2025-10-10 12:47:48.5159: Conversão realizada com sucesso para a NFC-e id: NFe42251029005632000120650010000304921985375885
2025-10-10 12:47:48.5159: Assinando XML...
2025-10-10 12:47:48.6079: XML assinado com sucesso!
2025-10-10 12:47:48.6089: Enviando NFC-e para a SEFAZ...
2025-10-10 12:47:49.1027: Retorno da SEFAZ: 100 - Autorizado o uso da NF-e
2025-10-10 12:47:49.1027: Numeração de NFC-e atualizada para Nr. 30493
2025-10-10 12:47:49.1110: Finalizando Venda e validando NF emitida...
2025-10-10 12:47:49.1315: Venda finalizada com sucesso!
2025-10-10 12:47:49.1315: Realizando rotinas pós-venda...
2025-10-10 12:47:49.1315: Enviando e-mail...
2025-10-10 12:47:49.1315: Iniciando rotina de sincronização da venda 6269...
2025-10-10 12:47:49.1315: Todas as rotinas da venda 6269 foram concluídas com sucesso!
2025-10-10 12:47:49.1315: Imprimindo DANFe...
2025-10-10 13:24:57.7730: Calculando totais da venda...
2025-10-10 13:25:04.1290: Validando desconto atribuído ao cliente...
2025-10-10 13:25:42.4587: Iniciando finalização da venda Id 6270...
2025-10-10 13:25:42.4587: Verificando repique de troco...
2025-10-10 13:25:42.4587: Calculando totais da venda...
2025-10-10 13:25:48.2980: Aguarde, estamos realizando a emissão da NFC-e...
2025-10-10 13:25:48.4083: Validando NFC-e...
2025-10-10 13:25:48.4083: Tipo de emissão NFC-e: NORMAL
2025-10-10 13:25:48.4083: Gerando XML de NFC-e...
2025-10-10 13:25:48.4083: Realizando conversão da venda para XML...
2025-10-10 13:25:48.4313: Conversão realizada com sucesso para a NFC-e id: NFe42251029005632000120650010000304931579473781
2025-10-10 13:25:48.4313: Assinando XML...
2025-10-10 13:25:48.5183: XML assinado com sucesso!
2025-10-10 13:25:48.5183: Enviando NFC-e para a SEFAZ...
2025-10-10 13:25:49.0319: Retorno da SEFAZ: 100 - Autorizado o uso da NF-e
2025-10-10 13:25:49.0319: Numeração de NFC-e atualizada para Nr. 30494
2025-10-10 13:25:49.0319: Finalizando Venda e validando NF emitida...
2025-10-10 13:25:49.0599: Venda finalizada com sucesso!
2025-10-10 13:25:49.0599: Realizando rotinas pós-venda...
2025-10-10 13:25:49.0619: Enviando e-mail...
2025-10-10 13:25:49.0619: Iniciando rotina de sincronização da venda 6270...
2025-10-10 13:25:49.0619: Todas as rotinas da venda 6270 foram concluídas com sucesso!
2025-10-10 13:25:49.0619: Imprimindo DANFe...
2025-10-10 14:21:09.1671: Calculando totais da venda...
2025-10-10 14:21:50.3580: Calculando totais da venda...
2025-10-10 14:47:22.3593: Calculando totais da venda...
2025-10-10 14:48:52.0816: Calculando totais da venda...
2025-10-10 14:49:05.6107: Iniciando finalização da venda Id 6273...
2025-10-10 14:49:05.6107: Verificando repique de troco...
2025-10-10 14:49:05.6107: Calculando totais da venda...
2025-10-10 14:49:06.6950: Aguarde, estamos realizando a emissão da NFC-e...
2025-10-10 14:49:06.8240: Validando NFC-e...
2025-10-10 14:49:06.8290: Tipo de emissão NFC-e: NORMAL
2025-10-10 14:49:06.8290: Gerando XML de NFC-e...
2025-10-10 14:49:06.8491: Realizando conversão da venda para XML...
2025-10-10 14:49:06.8690: Conversão realizada com sucesso para a NFC-e id: NFe42251029005632000120650010000304941808984280
2025-10-10 14:49:06.8860: Assinando XML...
2025-10-10 14:49:07.1050: XML assinado com sucesso!
2025-10-10 14:49:07.1050: Enviando NFC-e para a SEFAZ...
2025-10-10 14:49:07.7906: Retorno da SEFAZ: 100 - Autorizado o uso da NF-e
2025-10-10 14:49:07.7906: Numeração de NFC-e atualizada para Nr. 30495
2025-10-10 14:49:07.8016: Finalizando Venda e validando NF emitida...
2025-10-10 14:49:08.2016: Venda finalizada com sucesso!
2025-10-10 14:49:08.2026: Realizando rotinas pós-venda...
2025-10-10 14:49:08.2026: Enviando e-mail...
2025-10-10 14:49:08.2026: Iniciando rotina de sincronização da venda 6273...
2025-10-10 14:49:08.2026: Todas as rotinas da venda 6273 foram concluídas com sucesso!
2025-10-10 14:49:08.2026: Imprimindo DANFe...
2025-10-10 15:00:10.7270: Calculando totais da venda...
2025-10-10 15:01:02.8053: Iniciando finalização da venda Id 6272...
2025-10-10 15:01:02.8053: Verificando repique de troco...
2025-10-10 15:01:02.8053: Calculando totais da venda...
2025-10-10 15:01:03.4503: Aguarde, estamos realizando a emissão da NFC-e...
2025-10-10 15:01:03.5473: Validando NFC-e...
2025-10-10 15:01:03.5473: Tipo de emissão NFC-e: NORMAL
2025-10-10 15:01:03.5473: Gerando XML de NFC-e...
2025-10-10 15:01:03.5473: Realizando conversão da venda para XML...
2025-10-10 15:01:03.5723: Conversão realizada com sucesso para a NFC-e id: NFe42251029005632000120650010000304951785794509
2025-10-10 15:01:03.5723: Assinando XML...
2025-10-10 15:01:03.7343: XML assinado com sucesso!
2025-10-10 15:01:03.7343: Enviando NFC-e para a SEFAZ...
2025-10-10 15:01:04.0904: Retorno da SEFAZ: 100 - Autorizado o uso da NF-e
2025-10-10 15:01:04.0904: Numeração de NFC-e atualizada para Nr. 30496
2025-10-10 15:01:04.1134: Finalizando Venda e validando NF emitida...
2025-10-10 15:01:04.1364: Venda finalizada com sucesso!
2025-10-10 15:01:04.1364: Realizando rotinas pós-venda...
2025-10-10 15:01:04.1364: Enviando e-mail...
2025-10-10 15:01:04.1364: Iniciando rotina de sincronização da venda 6272...
2025-10-10 15:01:04.1404: Todas as rotinas da venda 6272 foram concluídas com sucesso!
2025-10-10 15:01:04.1404: Imprimindo DANFe...
2025-10-10 15:11:15.0605: Calculando totais da venda...
2025-10-10 15:11:19.0414: Iniciando finalização da venda Id 6274...
2025-10-10 15:11:19.0414: Verificando repique de troco...
2025-10-10 15:11:19.0414: Calculando totais da venda...
2025-10-10 15:11:19.8227: Aguarde, estamos realizando a emissão da NFC-e...
2025-10-10 15:11:19.9157: Validando NFC-e...
2025-10-10 15:11:19.9217: Tipo de emissão NFC-e: NORMAL
2025-10-10 15:11:19.9217: Gerando XML de NFC-e...
2025-10-10 15:11:19.9217: Realizando conversão da venda para XML...
2025-10-10 15:11:19.9457: Conversão realizada com sucesso para a NFC-e id: NFe42251029005632000120650010000304961972692991
2025-10-10 15:11:19.9457: Assinando XML...
2025-10-10 15:11:20.0417: XML assinado com sucesso!
2025-10-10 15:11:20.0417: Enviando NFC-e para a SEFAZ...
2025-10-10 15:11:22.0699: Retorno da SEFAZ: 100 - Autorizado o uso da NF-e
2025-10-10 15:11:22.0699: Numeração de NFC-e atualizada para Nr. 30497
2025-10-10 15:11:22.0802: Finalizando Venda e validando NF emitida...
2025-10-10 15:11:22.5072: Venda finalizada com sucesso!
2025-10-10 15:11:22.5072: Realizando rotinas pós-venda...
2025-10-10 15:11:22.5072: Enviando e-mail...
2025-10-10 15:11:22.5072: Iniciando rotina de sincronização da venda 6274...
2025-10-10 15:11:22.5072: Todas as rotinas da venda 6274 foram concluídas com sucesso!
2025-10-10 15:11:22.5072: Imprimindo DANFe...
2025-10-10 15:14:12.9673: Calculando totais da venda...
2025-10-10 15:14:16.7303: Iniciando finalização da venda Id 6275...
2025-10-10 15:14:16.7303: Verificando repique de troco...
2025-10-10 15:14:16.7303: Calculando totais da venda...
2025-10-10 15:14:17.1969: Aguarde, estamos realizando a emissão da NFC-e...
2025-10-10 15:14:17.2899: Validando NFC-e...
2025-10-10 15:14:17.2979: Tipo de emissão NFC-e: NORMAL
2025-10-10 15:14:17.2979: Gerando XML de NFC-e...
2025-10-10 15:14:17.2979: Realizando conversão da venda para XML...
2025-10-10 15:14:17.2979: Conversão realizada com sucesso para a NFC-e id: NFe42251029005632000120650010000304971978636543
2025-10-10 15:14:17.3129: Assinando XML...
2025-10-10 15:14:17.3968: XML assinado com sucesso!
2025-10-10 15:14:17.3968: Enviando NFC-e para a SEFAZ...
2025-10-10 15:14:17.7124: Retorno da SEFAZ: 100 - Autorizado o uso da NF-e
2025-10-10 15:14:17.7124: Numeração de NFC-e atualizada para Nr. 30498
2025-10-10 15:14:17.7187: Finalizando Venda e validando NF emitida...
2025-10-10 15:14:17.7395: Venda finalizada com sucesso!
2025-10-10 15:14:17.7395: Realizando rotinas pós-venda...
2025-10-10 15:14:17.7395: Enviando e-mail...
2025-10-10 15:14:17.7395: Iniciando rotina de sincronização da venda 6275...
2025-10-10 15:14:17.7395: Todas as rotinas da venda 6275 foram concluídas com sucesso!
2025-10-10 15:14:17.7395: Imprimindo DANFe...
2025-10-10 15:27:38.4668: Calculando totais da venda...
2025-10-10 15:27:40.9964: Iniciando finalização da venda Id 6276...
2025-10-10 15:27:40.9964: Verificando repique de troco...
2025-10-10 15:27:40.9964: Calculando totais da venda...
2025-10-10 15:27:41.4333: Aguarde, estamos realizando a emissão da NFC-e...
2025-10-10 15:27:41.5374: Validando NFC-e...
2025-10-10 15:27:41.5374: Tipo de emissão NFC-e: NORMAL
2025-10-10 15:27:41.5374: Gerando XML de NFC-e...
2025-10-10 15:27:41.5374: Realizando conversão da venda para XML...
2025-10-10 15:27:41.5503: Conversão realizada com sucesso para a NFC-e id: NFe42251029005632000120650010000304981933052760
2025-10-10 15:27:41.5503: Assinando XML...
2025-10-10 15:27:41.6373: XML assinado com sucesso!
2025-10-10 15:27:41.6373: Enviando NFC-e para a SEFAZ...
2025-10-10 15:27:42.0853: Retorno da SEFAZ: 100 - Autorizado o uso da NF-e
2025-10-10 15:27:42.0853: Numeração de NFC-e atualizada para Nr. 30499
2025-10-10 15:27:42.0955: Finalizando Venda e validando NF emitida...
2025-10-10 15:27:42.1165: Venda finalizada com sucesso!
2025-10-10 15:27:42.1165: Realizando rotinas pós-venda...
2025-10-10 15:27:42.1165: Enviando e-mail...
2025-10-10 15:27:42.1165: Iniciando rotina de sincronização da venda 6276...
2025-10-10 15:27:42.1165: Todas as rotinas da venda 6276 foram concluídas com sucesso!
2025-10-10 15:27:42.1165: Imprimindo DANFe...
2025-10-10 15:30:41.8342: Calculando totais da venda...
2025-10-10 15:30:46.7212: Validando desconto atribuído ao cliente...
2025-10-10 15:31:52.0613: Calculando totais da venda...
2025-10-10 15:32:00.9517: Iniciando finalização da venda Id 6277...
2025-10-10 15:32:00.9527: Verificando repique de troco...
2025-10-10 15:32:00.9527: Calculando totais da venda...
2025-10-10 15:32:02.2307: Aguarde, estamos realizando a emissão da NFC-e...
2025-10-10 15:32:02.3307: Validando NFC-e...
2025-10-10 15:32:02.3307: Tipo de emissão NFC-e: NORMAL
2025-10-10 15:32:02.3307: Gerando XML de NFC-e...
2025-10-10 15:32:02.3307: Realizando conversão da venda para XML...
2025-10-10 15:32:02.3477: Conversão realizada com sucesso para a NFC-e id: NFe42251029005632000120650010000304991375399510
2025-10-10 15:32:02.3477: Assinando XML...
2025-10-10 15:32:02.4357: XML assinado com sucesso!
2025-10-10 15:32:02.4357: Enviando NFC-e para a SEFAZ...
2025-10-10 15:32:03.0569: Retorno da SEFAZ: 100 - Autorizado o uso da NF-e
2025-10-10 15:32:03.0569: Numeração de NFC-e atualizada para Nr. 30500
2025-10-10 15:32:03.0659: Finalizando Venda e validando NF emitida...
2025-10-10 15:32:03.5209: Venda finalizada com sucesso!
2025-10-10 15:32:03.5209: Realizando rotinas pós-venda...
2025-10-10 15:32:03.5209: Enviando e-mail...
2025-10-10 15:32:03.5209: Iniciando rotina de sincronização da venda 6277...
2025-10-10 15:32:03.5359: Todas as rotinas da venda 6277 foram concluídas com sucesso!
2025-10-10 15:32:03.5359: Imprimindo DANFe...
2025-10-10 15:40:39.1943: Calculando totais da venda...
2025-10-10 15:40:44.0575: Iniciando finalização da venda Id 6278...
2025-10-10 15:40:44.0575: Verificando repique de troco...
2025-10-10 15:40:44.0575: Calculando totais da venda...
2025-10-10 15:40:44.9192: Aguarde, estamos realizando a emissão da NFC-e...
2025-10-10 15:40:45.0332: Validando NFC-e...
2025-10-10 15:40:45.0332: Tipo de emissão NFC-e: NORMAL
2025-10-10 15:40:45.0332: Gerando XML de NFC-e...
2025-10-10 15:40:45.0332: Realizando conversão da venda para XML...
2025-10-10 15:40:45.0502: Conversão realizada com sucesso para a NFC-e id: NFe42251029005632000120650010000305001660930247
2025-10-10 15:40:45.0502: Assinando XML...
2025-10-10 15:40:45.1422: XML assinado com sucesso!
2025-10-10 15:40:45.1422: Enviando NFC-e para a SEFAZ...
2025-10-10 15:40:45.7319: Retorno da SEFAZ: 100 - Autorizado o uso da NF-e
2025-10-10 15:40:45.7339: Numeração de NFC-e atualizada para Nr. 30501
2025-10-10 15:40:45.7339: Finalizando Venda e validando NF emitida...
2025-10-10 15:40:46.1781: Venda finalizada com sucesso!
2025-10-10 15:40:46.1781: Realizando rotinas pós-venda...
2025-10-10 15:40:46.1781: Enviando e-mail...
2025-10-10 15:40:46.1781: Iniciando rotina de sincronização da venda 6278...
2025-10-10 15:40:46.1781: Todas as rotinas da venda 6278 foram concluídas com sucesso!
2025-10-10 15:40:46.1781: Imprimindo DANFe...
2025-10-10 16:06:17.8144: Calculando totais da venda...
2025-10-10 16:06:39.3329: Iniciando finalização da venda Id 6279...
2025-10-10 16:06:39.3329: Verificando repique de troco...
2025-10-10 16:06:39.3329: Calculando totais da venda...
2025-10-10 16:06:40.2989: Aguarde, estamos realizando a emissão da NFC-e...
2025-10-10 16:06:40.3869: Validando NFC-e...
2025-10-10 16:06:40.3919: Tipo de emissão NFC-e: NORMAL
2025-10-10 16:06:40.3919: Gerando XML de NFC-e...
2025-10-10 16:06:40.3919: Realizando conversão da venda para XML...
2025-10-10 16:06:40.3919: Conversão realizada com sucesso para a NFC-e id: NFe42251029005632000120650010000305011605635341
2025-10-10 16:06:40.4059: Assinando XML...
2025-10-10 16:06:40.4939: XML assinado com sucesso!
2025-10-10 16:06:40.4939: Enviando NFC-e para a SEFAZ...
2025-10-10 16:06:41.3088: Retorno da SEFAZ: 100 - Autorizado o uso da NF-e
2025-10-10 16:06:41.3088: Numeração de NFC-e atualizada para Nr. 30502
2025-10-10 16:06:41.3178: Finalizando Venda e validando NF emitida...
2025-10-10 16:06:41.7211: Venda finalizada com sucesso!
2025-10-10 16:06:41.7211: Realizando rotinas pós-venda...
2025-10-10 16:06:41.7211: Enviando e-mail...
2025-10-10 16:06:41.7211: Iniciando rotina de sincronização da venda 6279...
2025-10-10 16:06:41.7211: Todas as rotinas da venda 6279 foram concluídas com sucesso!
2025-10-10 16:06:41.7211: Imprimindo DANFe...
2025-10-10 16:08:28.2642: Calculando totais da venda...
2025-10-10 16:08:31.3900: Iniciando finalização da venda Id 6280...
2025-10-10 16:08:31.3900: Verificando repique de troco...
2025-10-10 16:08:31.3900: Calculando totais da venda...
2025-10-10 16:08:32.8684: Aguarde, estamos realizando a emissão da NFC-e...
2025-10-10 16:08:32.9634: Validando NFC-e...
2025-10-10 16:08:32.9634: Tipo de emissão NFC-e: NORMAL
2025-10-10 16:08:32.9634: Gerando XML de NFC-e...
2025-10-10 16:08:32.9694: Realizando conversão da venda para XML...
2025-10-10 16:08:32.9694: Conversão realizada com sucesso para a NFC-e id: NFe42251029005632000120650010000305021960735436
2025-10-10 16:08:32.9694: Assinando XML...
2025-10-10 16:08:33.0684: XML assinado com sucesso!
2025-10-10 16:08:33.0684: Enviando NFC-e para a SEFAZ...
2025-10-10 16:08:33.4399: Retorno da SEFAZ: 100 - Autorizado o uso da NF-e
2025-10-10 16:08:33.4399: Numeração de NFC-e atualizada para Nr. 30503
2025-10-10 16:08:33.4399: Finalizando Venda e validando NF emitida...
2025-10-10 16:08:33.4676: Venda finalizada com sucesso!
2025-10-10 16:08:33.4686: Realizando rotinas pós-venda...
2025-10-10 16:08:33.4686: Enviando e-mail...
2025-10-10 16:08:33.4686: Iniciando rotina de sincronização da venda 6280...
2025-10-10 16:08:33.4686: Todas as rotinas da venda 6280 foram concluídas com sucesso!
2025-10-10 16:08:33.4686: Imprimindo DANFe...
2025-10-10 16:41:04.0740: Calculando totais da venda...
2025-10-10 16:42:55.7159: Calculando totais da venda...
2025-10-10 16:42:58.4036: Iniciando finalização da venda Id 6281...
2025-10-10 16:42:58.4036: Verificando repique de troco...
2025-10-10 16:42:58.4056: Calculando totais da venda...
2025-10-10 16:42:59.3406: Aguarde, estamos realizando a emissão da NFC-e...
2025-10-10 16:42:59.4986: Validando NFC-e...
2025-10-10 16:42:59.5026: Tipo de emissão NFC-e: NORMAL
2025-10-10 16:42:59.5026: Gerando XML de NFC-e...
2025-10-10 16:42:59.5026: Realizando conversão da venda para XML...
2025-10-10 16:42:59.5296: Conversão realizada com sucesso para a NFC-e id: NFe42251029005632000120650010000305031327569286
2025-10-10 16:42:59.5376: Assinando XML...
2025-10-10 16:42:59.8236: XML assinado com sucesso!
2025-10-10 16:42:59.8236: Enviando NFC-e para a SEFAZ...
2025-10-10 16:43:00.3756: Retorno da SEFAZ: 100 - Autorizado o uso da NF-e
2025-10-10 16:43:00.3756: Numeração de NFC-e atualizada para Nr. 30504
2025-10-10 16:43:00.3906: Finalizando Venda e validando NF emitida...
2025-10-10 16:43:00.4186: Venda finalizada com sucesso!
2025-10-10 16:43:00.4186: Realizando rotinas pós-venda...
2025-10-10 16:43:00.4216: Enviando e-mail...
2025-10-10 16:43:00.4216: Iniciando rotina de sincronização da venda 6281...
2025-10-10 16:43:00.4216: Todas as rotinas da venda 6281 foram concluídas com sucesso!
2025-10-10 16:43:00.4216: Imprimindo DANFe...
2025-10-10 16:47:00.1259: Calculando totais da venda...
2025-10-10 16:47:02.7111: Iniciando finalização da venda Id 6282...
2025-10-10 16:47:02.7111: Verificando repique de troco...
2025-10-10 16:47:02.7111: Calculando totais da venda...
2025-10-10 16:47:11.9529: Aguarde, estamos realizando a emissão da NFC-e...
2025-10-10 16:47:12.0794: Validando NFC-e...
2025-10-10 16:47:12.0794: Tipo de emissão NFC-e: NORMAL
2025-10-10 16:47:12.0794: Gerando XML de NFC-e...
2025-10-10 16:47:12.0794: Realizando conversão da venda para XML...
2025-10-10 16:47:12.1054: Conversão realizada com sucesso para a NFC-e id: NFe42251029005632000120650010000305041931531644
2025-10-10 16:47:12.1054: Assinando XML...
2025-10-10 16:47:12.2324: XML assinado com sucesso!
2025-10-10 16:47:12.2324: Enviando NFC-e para a SEFAZ...
2025-10-10 16:47:12.6443: Retorno da SEFAZ: 100 - Autorizado o uso da NF-e
2025-10-10 16:47:12.6443: Numeração de NFC-e atualizada para Nr. 30505
2025-10-10 16:47:12.6593: Finalizando Venda e validando NF emitida...
2025-10-10 16:47:12.6823: Venda finalizada com sucesso!
2025-10-10 16:47:12.6823: Realizando rotinas pós-venda...
2025-10-10 16:47:12.6823: Enviando e-mail...
2025-10-10 16:47:12.6823: Iniciando rotina de sincronização da venda 6282...
2025-10-10 16:47:12.6823: Todas as rotinas da venda 6282 foram concluídas com sucesso!
2025-10-10 16:47:12.7001: Imprimindo DANFe...
2025-10-10 16:47:31.8348: Imprimindo DANFe...
2025-10-10 17:01:44.7553: Calculando totais da venda...
2025-10-10 17:01:51.2371: Iniciando finalização da venda Id 6283...
2025-10-10 17:01:51.2371: Verificando repique de troco...
2025-10-10 17:01:51.2371: Calculando totais da venda...
2025-10-10 17:01:52.9033: Aguarde, estamos realizando a emissão da NFC-e...
2025-10-10 17:01:53.0501: Validando NFC-e...
2025-10-10 17:01:53.0501: Tipo de emissão NFC-e: NORMAL
2025-10-10 17:01:53.0501: Gerando XML de NFC-e...
2025-10-10 17:01:53.0501: Realizando conversão da venda para XML...
2025-10-10 17:01:53.0691: Conversão realizada com sucesso para a NFC-e id: NFe42251029005632000120650010000305051124220348
2025-10-10 17:01:53.0691: Assinando XML...
2025-10-10 17:01:53.8956: XML assinado com sucesso!
2025-10-10 17:01:53.8956: Enviando NFC-e para a SEFAZ...
2025-10-10 17:02:06.3627: Retorno da SEFAZ: 100 - Autorizado o uso da NF-e
2025-10-10 17:02:06.3627: Numeração de NFC-e atualizada para Nr. 30506
2025-10-10 17:02:06.3769: Finalizando Venda e validando NF emitida...
2025-10-10 17:02:06.4189: Venda finalizada com sucesso!
2025-10-10 17:02:06.4189: Realizando rotinas pós-venda...
2025-10-10 17:02:06.4189: Enviando e-mail...
2025-10-10 17:02:06.4219: Iniciando rotina de sincronização da venda 6283...
2025-10-10 17:02:06.4219: Todas as rotinas da venda 6283 foram concluídas com sucesso!
2025-10-10 17:02:06.4219: Imprimindo DANFe...
2025-10-10 17:16:41.5848: Calculando totais da venda...
2025-10-10 17:48:20.2005: Calculando totais da venda...
2025-10-10 17:48:23.4035: Iniciando finalização da venda Id 6285...
2025-10-10 17:48:23.4035: Verificando repique de troco...
2025-10-10 17:48:23.4035: Calculando totais da venda...
2025-10-10 17:48:24.7815: Aguarde, estamos realizando a emissão da NFC-e...
2025-10-10 17:48:24.9639: Validando NFC-e...
2025-10-10 17:48:24.9709: Tipo de emissão NFC-e: NORMAL
2025-10-10 17:48:24.9709: Gerando XML de NFC-e...
2025-10-10 17:48:24.9919: Realizando conversão da venda para XML...
2025-10-10 17:48:25.0139: Conversão realizada com sucesso para a NFC-e id: NFe42251029005632000120650010000305061545122226
2025-10-10 17:48:25.0369: Assinando XML...
2025-10-10 17:48:25.4279: XML assinado com sucesso!
2025-10-10 17:48:25.4279: Enviando NFC-e para a SEFAZ...
2025-10-10 17:48:28.3218: Retorno da SEFAZ: 100 - Autorizado o uso da NF-e
2025-10-10 17:48:28.3308: Numeração de NFC-e atualizada para Nr. 30507
2025-10-10 17:48:28.3488: Finalizando Venda e validando NF emitida...
2025-10-10 17:48:28.8048: Venda finalizada com sucesso!
2025-10-10 17:48:28.8048: Realizando rotinas pós-venda...
2025-10-10 17:48:28.8048: Enviando e-mail...
2025-10-10 17:48:28.8048: Iniciando rotina de sincronização da venda 6285...
2025-10-10 17:48:28.8138: Todas as rotinas da venda 6285 foram concluídas com sucesso!
2025-10-10 17:48:28.8138: Imprimindo DANFe...
2025-10-10 17:51:41.7801: Calculando totais da venda...
2025-10-10 17:51:46.1918: Iniciando finalização da venda Id 6286...
2025-10-10 17:51:46.1918: Verificando repique de troco...
2025-10-10 17:51:46.1918: Calculando totais da venda...
2025-10-10 17:51:47.4118: Aguarde, estamos realizando a emissão da NFC-e...
2025-10-10 17:51:47.5174: Validando NFC-e...
2025-10-10 17:51:47.5344: Tipo de emissão NFC-e: NORMAL
2025-10-10 17:51:47.5344: Gerando XML de NFC-e...
2025-10-10 17:51:47.5344: Realizando conversão da venda para XML...
2025-10-10 17:51:47.5464: Conversão realizada com sucesso para a NFC-e id: NFe42251029005632000120650010000305071811956062
2025-10-10 17:51:47.5464: Assinando XML...
2025-10-10 17:51:47.8604: XML assinado com sucesso!
2025-10-10 17:51:47.8604: Enviando NFC-e para a SEFAZ...
2025-10-10 17:51:48.1711: Retorno da SEFAZ: 100 - Autorizado o uso da NF-e
2025-10-10 17:51:48.1731: Numeração de NFC-e atualizada para Nr. 30508
2025-10-10 17:51:48.1731: Finalizando Venda e validando NF emitida...
2025-10-10 17:51:48.2043: Venda finalizada com sucesso!
2025-10-10 17:51:48.2043: Realizando rotinas pós-venda...
2025-10-10 17:51:48.2043: Enviando e-mail...
2025-10-10 17:51:48.2043: Iniciando rotina de sincronização da venda 6286...
2025-10-10 17:51:48.2043: Todas as rotinas da venda 6286 foram concluídas com sucesso!
2025-10-10 17:51:48.2043: Imprimindo DANFe...
2025-10-10 18:16:18.2919: Calculando totais da venda...
2025-10-10 18:16:22.0305: Iniciando finalização da venda Id 6287...
2025-10-10 18:16:22.0305: Verificando repique de troco...
2025-10-10 18:16:22.0315: Calculando totais da venda...
2025-10-10 18:16:23.0394: Aguarde, estamos realizando a emissão da NFC-e...
2025-10-10 18:16:23.1364: Validando NFC-e...
2025-10-10 18:16:23.1434: Tipo de emissão NFC-e: NORMAL
2025-10-10 18:16:23.1434: Gerando XML de NFC-e...
2025-10-10 18:16:23.1434: Realizando conversão da venda para XML...
2025-10-10 18:16:23.1584: Conversão realizada com sucesso para a NFC-e id: NFe42251029005632000120650010000305081570488004
2025-10-10 18:16:23.1584: Assinando XML...
2025-10-10 18:16:23.2694: XML assinado com sucesso!
2025-10-10 18:16:23.2694: Enviando NFC-e para a SEFAZ...
2025-10-10 18:16:23.6137: Retorno da SEFAZ: 100 - Autorizado o uso da NF-e
2025-10-10 18:16:23.6137: Numeração de NFC-e atualizada para Nr. 30509
2025-10-10 18:16:23.6247: Finalizando Venda e validando NF emitida...
2025-10-10 18:16:23.6467: Venda finalizada com sucesso!
2025-10-10 18:16:23.6467: Realizando rotinas pós-venda...
2025-10-10 18:16:23.6467: Enviando e-mail...
2025-10-10 18:16:23.6467: Iniciando rotina de sincronização da venda 6287...
2025-10-10 18:16:23.6467: Todas as rotinas da venda 6287 foram concluídas com sucesso!
2025-10-10 18:16:23.6467: Imprimindo DANFe...
2025-10-10 18:36:58.6876: Calculando totais da venda...
2025-10-10 18:37:03.1969: Iniciando finalização da venda Id 6288...
2025-10-10 18:37:03.1969: Verificando repique de troco...
2025-10-10 18:37:03.1969: Calculando totais da venda...
2025-10-10 18:37:07.8360: Aguarde, estamos realizando a emissão da NFC-e...
2025-10-10 18:37:07.9641: Validando NFC-e...
2025-10-10 18:37:07.9711: Tipo de emissão NFC-e: NORMAL
2025-10-10 18:37:07.9711: Gerando XML de NFC-e...
2025-10-10 18:37:07.9711: Realizando conversão da venda para XML...
2025-10-10 18:37:07.9711: Conversão realizada com sucesso para a NFC-e id: NFe42251029005632000120650010000305091611649357
2025-10-10 18:37:07.9711: Assinando XML...
2025-10-10 18:37:08.0831: XML assinado com sucesso!
2025-10-10 18:37:08.0831: Enviando NFC-e para a SEFAZ...
2025-10-10 18:37:08.8408: Retorno da SEFAZ: 100 - Autorizado o uso da NF-e
2025-10-10 18:37:08.8408: Numeração de NFC-e atualizada para Nr. 30510
2025-10-10 18:37:08.8508: Finalizando Venda e validando NF emitida...
2025-10-10 18:37:09.2808: Venda finalizada com sucesso!
2025-10-10 18:37:09.2808: Realizando rotinas pós-venda...
2025-10-10 18:37:09.2808: Enviando e-mail...
2025-10-10 18:37:09.2808: Iniciando rotina de sincronização da venda 6288...
2025-10-10 18:37:09.2808: Todas as rotinas da venda 6288 foram concluídas com sucesso!
2025-10-10 18:37:09.2808: Imprimindo DANFe...
2025-10-10 19:13:56.3305: Calculando totais da venda...
2025-10-10 19:14:05.9262: Validando desconto atribuído ao cliente...
2025-10-10 19:15:27.4577: Calculando totais da venda...
2025-10-10 19:15:33.7518: Iniciando finalização da venda Id 6289...
2025-10-10 19:15:33.7518: Verificando repique de troco...
2025-10-10 19:15:33.7518: Calculando totais da venda...
2025-10-10 19:15:36.1618: Aguarde, estamos realizando a emissão da NFC-e...
2025-10-10 19:15:36.2722: Validando NFC-e...
2025-10-10 19:15:36.2722: Tipo de emissão NFC-e: NORMAL
2025-10-10 19:15:36.2812: Gerando XML de NFC-e...
2025-10-10 19:15:36.2812: Realizando conversão da venda para XML...
2025-10-10 19:15:36.3052: Conversão realizada com sucesso para a NFC-e id: NFe42251029005632000120650010000305101817174282
2025-10-10 19:15:36.3052: Assinando XML...
2025-10-10 19:15:36.5092: XML assinado com sucesso!
2025-10-10 19:15:36.5092: Enviando NFC-e para a SEFAZ...
2025-10-10 19:15:37.2776: Retorno da SEFAZ: 100 - Autorizado o uso da NF-e
2025-10-10 19:15:37.2816: Numeração de NFC-e atualizada para Nr. 30511
2025-10-10 19:15:37.2816: Finalizando Venda e validando NF emitida...
2025-10-10 19:15:37.7346: Venda finalizada com sucesso!
2025-10-10 19:15:37.7346: Realizando rotinas pós-venda...
2025-10-10 19:15:37.7346: Enviando e-mail...
2025-10-10 19:15:37.7346: Iniciando rotina de sincronização da venda 6289...
2025-10-10 19:15:37.7346: Todas as rotinas da venda 6289 foram concluídas com sucesso!
2025-10-10 19:15:37.7346: Imprimindo DANFe...
2025-10-10 19:17:02.7012: Calculando totais da venda...
2025-10-10 19:17:06.3103: Iniciando finalização da venda Id 6290...
2025-10-10 19:17:06.3103: Verificando repique de troco...
2025-10-10 19:17:06.3124: Calculando totais da venda...
2025-10-10 19:17:07.7814: Aguarde, estamos realizando a emissão da NFC-e...
2025-10-10 19:17:07.8920: Validando NFC-e...
2025-10-10 19:17:07.8920: Tipo de emissão NFC-e: NORMAL
2025-10-10 19:17:07.8920: Gerando XML de NFC-e...
2025-10-10 19:17:07.8920: Realizando conversão da venda para XML...
2025-10-10 19:17:07.9060: Conversão realizada com sucesso para a NFC-e id: NFe42251029005632000120650010000305111447940641
2025-10-10 19:17:07.9060: Assinando XML...
2025-10-10 19:17:08.0030: XML assinado com sucesso!
2025-10-10 19:17:08.0030: Enviando NFC-e para a SEFAZ...
2025-10-10 19:17:08.5927: Retorno da SEFAZ: 100 - Autorizado o uso da NF-e
2025-10-10 19:17:08.5937: Numeração de NFC-e atualizada para Nr. 30512
2025-10-10 19:17:08.5937: Finalizando Venda e validando NF emitida...
2025-10-10 19:17:09.0592: Venda finalizada com sucesso!
2025-10-10 19:17:09.0592: Realizando rotinas pós-venda...
2025-10-10 19:17:09.0592: Enviando e-mail...
2025-10-10 19:17:09.0592: Iniciando rotina de sincronização da venda 6290...
2025-10-10 19:17:09.0646: Todas as rotinas da venda 6290 foram concluídas com sucesso!
2025-10-10 19:17:09.0646: Imprimindo DANFe...
2025-10-10 19:42:44.0674: Calculando totais da venda...
2025-10-10 19:42:47.2839: Iniciando finalização da venda Id 6291...
2025-10-10 19:42:47.2839: Verificando repique de troco...
2025-10-10 19:42:47.2839: Calculando totais da venda...
2025-10-10 19:42:48.0915: Aguarde, estamos realizando a emissão da NFC-e...
2025-10-10 19:42:48.2731: Validando NFC-e...
2025-10-10 19:42:48.2811: Tipo de emissão NFC-e: NORMAL
2025-10-10 19:42:48.2811: Gerando XML de NFC-e...
2025-10-10 19:42:48.2811: Realizando conversão da venda para XML...
2025-10-10 19:42:48.3091: Conversão realizada com sucesso para a NFC-e id: NFe42251029005632000120650010000305121736443156
2025-10-10 19:42:48.3171: Assinando XML...
2025-10-10 19:42:48.5821: XML assinado com sucesso!
2025-10-10 19:42:48.5821: Enviando NFC-e para a SEFAZ...
2025-10-10 19:42:49.3608: Retorno da SEFAZ: 100 - Autorizado o uso da NF-e
2025-10-10 19:42:49.3608: Numeração de NFC-e atualizada para Nr. 30513
2025-10-10 19:42:49.3818: Finalizando Venda e validando NF emitida...
2025-10-10 19:42:49.8419: Venda finalizada com sucesso!
2025-10-10 19:42:49.8419: Realizando rotinas pós-venda...
2025-10-10 19:42:49.8438: Enviando e-mail...
2025-10-10 19:42:49.8438: Iniciando rotina de sincronização da venda 6291...
2025-10-10 19:42:49.8438: Todas as rotinas da venda 6291 foram concluídas com sucesso!
2025-10-10 19:42:49.8438: Imprimindo DANFe...
2025-10-10 20:03:28.3840: Calculando totais da venda...
2025-10-10 20:03:33.2292: Iniciando finalização da venda Id 6292...
2025-10-10 20:03:33.2292: Verificando repique de troco...
2025-10-10 20:03:33.2292: Calculando totais da venda...
2025-10-10 20:03:34.4750: Aguarde, estamos realizando a emissão da NFC-e...
2025-10-10 20:03:34.5710: Validando NFC-e...
2025-10-10 20:03:34.5710: Tipo de emissão NFC-e: NORMAL
2025-10-10 20:03:34.5780: Gerando XML de NFC-e...
2025-10-10 20:03:34.5780: Realizando conversão da venda para XML...
2025-10-10 20:03:34.5780: Conversão realizada com sucesso para a NFC-e id: NFe42251029005632000120650010000305131840364078
2025-10-10 20:03:34.5950: Assinando XML...
2025-10-10 20:03:34.7200: XML assinado com sucesso!
2025-10-10 20:03:34.7200: Enviando NFC-e para a SEFAZ...
2025-10-10 20:03:35.3946: Retorno da SEFAZ: 100 - Autorizado o uso da NF-e
2025-10-10 20:03:35.3946: Numeração de NFC-e atualizada para Nr. 30514
2025-10-10 20:03:35.4057: Finalizando Venda e validando NF emitida...
2025-10-10 20:03:35.8231: Venda finalizada com sucesso!
2025-10-10 20:03:35.8231: Realizando rotinas pós-venda...
2025-10-10 20:03:35.8231: Enviando e-mail...
2025-10-10 20:03:35.8345: Iniciando rotina de sincronização da venda 6292...
2025-10-10 20:03:35.8345: Todas as rotinas da venda 6292 foram concluídas com sucesso!
2025-10-10 20:03:35.8345: Imprimindo DANFe...
2025-10-10 20:04:15.4989: Iniciando rotina de sincronização de caixa...
