2025-10-15 15:06:48.1221: View dbo.vw_vendas criada com sucesso.
2025-10-15 15:06:48.1680: Documentação adicionada à view dbo.vw_vendas.
2025-10-15 15:06:48.1750: Verificando versão para atualização de PDV.
2025-10-15 15:06:49.0462: Atualização
2025-10-15 15:08:43.6713: Calculando totais da venda...
2025-10-15 15:08:53.8167: Validando desconto atribuído ao cliente...
2025-10-15 15:08:59.2945: Iniciando finalização da venda Id 6423...
2025-10-15 15:08:59.2945: Verificando repique de troco...
2025-10-15 15:08:59.2965: Calculando totais da venda...
2025-10-15 15:09:00.8721: Aguarde, estamos realizando a emissão da NFC-e...
2025-10-15 15:09:00.9801: Validando NFC-e...
2025-10-15 15:09:01.0011: Tipo de emissão NFC-e: NORMAL
2025-10-15 15:09:01.0011: Gerando XML de NFC-e...
2025-10-15 15:09:01.0161: Realizando conversão da venda para XML...
2025-10-15 15:09:01.1361: Conversão realizada com sucesso para a NFC-e id: NFe42251029005632000120650010000306241378371292
2025-10-15 15:09:01.4881: Assinando XML...
2025-10-15 15:09:03.0287: XML assinado com sucesso!
2025-10-15 15:09:03.0287: Enviando NFC-e para a SEFAZ...
2025-10-15 15:09:03.8605: Retorno da SEFAZ: 100 - Autorizado o uso da NF-e
2025-10-15 15:09:03.8605: Numeração de NFC-e atualizada para Nr. 30625
2025-10-15 15:09:03.8605: Finalizando Venda e validando NF emitida...
2025-10-15 15:09:04.6965: Venda finalizada com sucesso!
2025-10-15 15:09:04.6965: Realizando rotinas pós-venda...
2025-10-15 15:09:04.7215: Enviando e-mail...
2025-10-15 15:09:04.7215: Iniciando rotina de sincronização da venda 6423...
2025-10-15 15:09:04.7215: Todas as rotinas da venda 6423 foram concluídas com sucesso!
2025-10-15 15:09:04.7215: Imprimindo DANFe...
2025-10-15 15:14:05.9893: Calculando totais da venda...
2025-10-15 15:14:09.9573: Iniciando finalização da venda Id 6424...
2025-10-15 15:14:09.9573: Verificando repique de troco...
2025-10-15 15:14:09.9573: Calculando totais da venda...
2025-10-15 15:14:10.8182: Aguarde, estamos realizando a emissão da NFC-e...
2025-10-15 15:14:10.9152: Validando NFC-e...
2025-10-15 15:14:10.9212: Tipo de emissão NFC-e: NORMAL
2025-10-15 15:14:10.9212: Gerando XML de NFC-e...
2025-10-15 15:14:10.9212: Realizando conversão da venda para XML...
2025-10-15 15:14:10.9212: Conversão realizada com sucesso para a NFC-e id: NFe42251029005632000120650010000306251583241343
2025-10-15 15:14:10.9402: Assinando XML...
2025-10-15 15:14:11.0192: XML assinado com sucesso!
2025-10-15 15:14:11.0192: Enviando NFC-e para a SEFAZ...
2025-10-15 15:14:11.6357: Retorno da SEFAZ: 100 - Autorizado o uso da NF-e
2025-10-15 15:14:11.6357: Numeração de NFC-e atualizada para Nr. 30626
2025-10-15 15:14:11.6357: Finalizando Venda e validando NF emitida...
2025-10-15 15:14:12.3847: Venda finalizada com sucesso!
2025-10-15 15:14:12.3847: Realizando rotinas pós-venda...
2025-10-15 15:14:12.3847: Enviando e-mail...
2025-10-15 15:14:12.3847: Iniciando rotina de sincronização da venda 6424...
2025-10-15 15:14:12.3847: Todas as rotinas da venda 6424 foram concluídas com sucesso!
2025-10-15 15:14:12.3847: Imprimindo DANFe...
2025-10-15 15:17:12.2081: Calculando totais da venda...
2025-10-15 15:17:15.3220: Iniciando finalização da venda Id 6425...
2025-10-15 15:17:15.3220: Verificando repique de troco...
2025-10-15 15:17:15.3220: Calculando totais da venda...
2025-10-15 15:17:16.0120: Aguarde, estamos realizando a emissão da NFC-e...
2025-10-15 15:17:16.1217: Validando NFC-e...
2025-10-15 15:17:16.1317: Tipo de emissão NFC-e: NORMAL
2025-10-15 15:17:16.1317: Gerando XML de NFC-e...
2025-10-15 15:17:16.1317: Realizando conversão da venda para XML...
2025-10-15 15:17:16.1477: Conversão realizada com sucesso para a NFC-e id: NFe42251029005632000120650010000306261287929040
2025-10-15 15:17:16.1477: Assinando XML...
2025-10-15 15:17:16.2387: XML assinado com sucesso!
2025-10-15 15:17:16.2387: Enviando NFC-e para a SEFAZ...
2025-10-15 15:17:16.5635: Retorno da SEFAZ: 100 - Autorizado o uso da NF-e
2025-10-15 15:17:16.5635: Numeração de NFC-e atualizada para Nr. 30627
2025-10-15 15:17:16.5635: Finalizando Venda e validando NF emitida...
2025-10-15 15:17:16.6115: Venda finalizada com sucesso!
2025-10-15 15:17:16.6115: Realizando rotinas pós-venda...
2025-10-15 15:17:16.6115: Enviando e-mail...
2025-10-15 15:17:16.6115: Iniciando rotina de sincronização da venda 6425...
2025-10-15 15:17:16.6115: Todas as rotinas da venda 6425 foram concluídas com sucesso!
2025-10-15 15:17:16.6115: Imprimindo DANFe...
