2025-10-09 15:01:25.1317: Verificando versão para atualização de PDV.
2025-10-09 15:01:25.5367: Atualização
2025-10-09 15:02:29.2833: Calculando totais da venda...
2025-10-09 15:03:06.4633: Iniciando finalização da venda Id 6243...
2025-10-09 15:03:06.4633: Verificando repique de troco...
2025-10-09 15:03:06.4703: Calculando totais da venda...
2025-10-09 15:03:07.9485: Aguarde, estamos realizando a emissão da NFC-e...
2025-10-09 15:03:08.0338: Validando NFC-e...
2025-10-09 15:03:08.0708: Tipo de emissão NFC-e: NORMAL
2025-10-09 15:03:08.0708: Gerando XML de NFC-e...
2025-10-09 15:03:08.0828: Realizando conversão da venda para XML...
2025-10-09 15:03:08.1638: Conversão realizada com sucesso para a NFC-e id: NFe42251029005632000120650010000304681770069385
2025-10-09 15:03:08.5478: Assinando XML...
2025-10-09 15:03:10.2138: XML assinado com sucesso!
2025-10-09 15:03:10.2138: Enviando NFC-e para a SEFAZ...
2025-10-09 15:03:11.5704: Retorno da SEFAZ: 100 - Autorizado o uso da NF-e
2025-10-09 15:03:11.5704: Numeração de NFC-e atualizada para Nr. 30469
2025-10-09 15:03:11.5853: Finalizando Venda e validando NF emitida...
2025-10-09 15:03:11.9703: Venda finalizada com sucesso!
2025-10-09 15:03:11.9703: Realizando rotinas pós-venda...
2025-10-09 15:03:11.9914: Enviando e-mail...
2025-10-09 15:03:11.9914: Iniciando rotina de sincronização da venda 6243...
2025-10-09 15:03:11.9914: Todas as rotinas da venda 6243 foram concluídas com sucesso!
2025-10-09 15:03:11.9914: Imprimindo DANFe...
2025-10-09 15:09:14.5589: Calculando totais da venda...
2025-10-09 15:09:18.1818: Iniciando finalização da venda Id 6244...
2025-10-09 15:09:18.1818: Verificando repique de troco...
2025-10-09 15:09:18.1818: Calculando totais da venda...
2025-10-09 15:09:19.3743: Aguarde, estamos realizando a emissão da NFC-e...
2025-10-09 15:09:19.5013: Validando NFC-e...
2025-10-09 15:09:19.5363: Tipo de emissão NFC-e: NORMAL
2025-10-09 15:09:19.5363: Gerando XML de NFC-e...
2025-10-09 15:09:19.5583: Realizando conversão da venda para XML...
2025-10-09 15:09:19.5803: Conversão realizada com sucesso para a NFC-e id: NFe42251029005632000120650010000304691315611726
2025-10-09 15:09:19.6103: Assinando XML...
2025-10-09 15:09:20.1073: XML assinado com sucesso!
2025-10-09 15:09:20.1073: Enviando NFC-e para a SEFAZ...
2025-10-09 15:09:21.0793: Retorno da SEFAZ: 100 - Autorizado o uso da NF-e
2025-10-09 15:09:21.0943: Numeração de NFC-e atualizada para Nr. 30470
2025-10-09 15:09:21.1193: Finalizando Venda e validando NF emitida...
2025-10-09 15:09:21.5413: Venda finalizada com sucesso!
2025-10-09 15:09:21.5413: Realizando rotinas pós-venda...
2025-10-09 15:09:21.5413: Enviando e-mail...
2025-10-09 15:09:21.5513: Iniciando rotina de sincronização da venda 6244...
2025-10-09 15:09:21.5513: Todas as rotinas da venda 6244 foram concluídas com sucesso!
2025-10-09 15:09:21.5513: Imprimindo DANFe...
2025-10-09 15:24:19.8312: Calculando totais da venda...
2025-10-09 15:24:24.7591: Validando desconto atribuído ao cliente...
2025-10-09 15:24:37.2116: Iniciando finalização da venda Id 6245...
2025-10-09 15:24:37.2116: Verificando repique de troco...
2025-10-09 15:24:37.2116: Calculando totais da venda...
2025-10-09 15:24:37.6943: Iniciando finalização da venda Id 6245...
2025-10-09 15:24:37.6943: Verificando repique de troco...
2025-10-09 15:24:37.6943: Calculando totais da venda...
2025-10-09 15:24:43.2152: Aguarde, estamos realizando a emissão da NFC-e...
2025-10-09 15:24:43.3837: Validando NFC-e...
2025-10-09 15:24:43.3917: Tipo de emissão NFC-e: NORMAL
2025-10-09 15:24:43.3917: Gerando XML de NFC-e...
2025-10-09 15:24:43.3917: Realizando conversão da venda para XML...
2025-10-09 15:24:43.4157: Conversão realizada com sucesso para a NFC-e id: NFe42251029005632000120650010000304701296914839
2025-10-09 15:24:43.4287: Assinando XML...
2025-10-09 15:24:43.9643: XML assinado com sucesso!
2025-10-09 15:24:43.9643: Enviando NFC-e para a SEFAZ...
2025-10-09 15:24:44.9536: Retorno da SEFAZ: 100 - Autorizado o uso da NF-e
2025-10-09 15:24:44.9536: Numeração de NFC-e atualizada para Nr. 30471
2025-10-09 15:24:44.9826: Finalizando Venda e validando NF emitida...
2025-10-09 15:24:45.3772: Venda finalizada com sucesso!
2025-10-09 15:24:45.3772: Realizando rotinas pós-venda...
2025-10-09 15:24:45.3772: Enviando e-mail...
2025-10-09 15:24:45.3772: Iniciando rotina de sincronização da venda 6245...
2025-10-09 15:24:45.3772: Todas as rotinas da venda 6245 foram concluídas com sucesso!
2025-10-09 15:24:45.3772: Imprimindo DANFe...
2025-10-09 15:25:13.0911: Imprimindo DANFe...
2025-10-09 15:30:49.0702: Calculando totais da venda...
2025-10-09 15:30:52.7740: Validando desconto atribuído ao cliente...
2025-10-09 15:31:00.0535: Calculando totais da venda...
2025-10-09 15:31:23.8290: Calculando totais da venda...
2025-10-09 15:32:40.4134: Iniciando finalização da venda Id 6246...
2025-10-09 15:32:40.4134: Verificando repique de troco...
2025-10-09 15:32:40.4134: Calculando totais da venda...
2025-10-09 15:32:41.2195: Aguarde, estamos realizando a emissão da NFC-e...
2025-10-09 15:32:41.3425: Validando NFC-e...
2025-10-09 15:32:41.3475: Tipo de emissão NFC-e: NORMAL
2025-10-09 15:32:41.3475: Gerando XML de NFC-e...
2025-10-09 15:32:41.3475: Realizando conversão da venda para XML...
2025-10-09 15:32:41.3725: Conversão realizada com sucesso para a NFC-e id: NFe42251029005632000120650010000304711738689603
2025-10-09 15:32:41.4005: Assinando XML...
2025-10-09 15:32:41.9132: XML assinado com sucesso!
2025-10-09 15:32:41.9132: Enviando NFC-e para a SEFAZ...
2025-10-09 15:32:43.2007: Retorno da SEFAZ: 100 - Autorizado o uso da NF-e
2025-10-09 15:32:43.2047: Numeração de NFC-e atualizada para Nr. 30472
2025-10-09 15:32:43.2047: Finalizando Venda e validando NF emitida...
2025-10-09 15:32:43.6237: Venda finalizada com sucesso!
2025-10-09 15:32:43.6237: Realizando rotinas pós-venda...
2025-10-09 15:32:43.6257: Enviando e-mail...
2025-10-09 15:32:43.6257: Iniciando rotina de sincronização da venda 6246...
2025-10-09 15:32:43.6257: Todas as rotinas da venda 6246 foram concluídas com sucesso!
2025-10-09 15:32:43.6257: Imprimindo DANFe...
2025-10-09 15:33:01.1989: Imprimindo DANFe...
2025-10-09 15:40:57.7312: Calculando totais da venda...
2025-10-09 15:41:10.3111: Iniciando finalização da venda Id 6247...
2025-10-09 15:41:10.3111: Verificando repique de troco...
2025-10-09 15:41:10.3131: Calculando totais da venda...
2025-10-09 15:41:11.2133: Aguarde, estamos realizando a emissão da NFC-e...
2025-10-09 15:41:11.2900: Validando NFC-e...
2025-10-09 15:41:11.3000: Tipo de emissão NFC-e: NORMAL
2025-10-09 15:41:11.3000: Gerando XML de NFC-e...
2025-10-09 15:41:11.3000: Realizando conversão da venda para XML...
2025-10-09 15:41:11.3170: Conversão realizada com sucesso para a NFC-e id: NFe42251029005632000120650010000304721589184898
2025-10-09 15:41:11.3170: Assinando XML...
2025-10-09 15:41:11.6850: XML assinado com sucesso!
2025-10-09 15:41:11.6850: Enviando NFC-e para a SEFAZ...
2025-10-09 15:41:14.6414: Retorno da SEFAZ: 100 - Autorizado o uso da NF-e
2025-10-09 15:41:14.6414: Numeração de NFC-e atualizada para Nr. 30473
2025-10-09 15:41:14.6414: Finalizando Venda e validando NF emitida...
2025-10-09 15:41:15.1144: Venda finalizada com sucesso!
2025-10-09 15:41:15.1144: Realizando rotinas pós-venda...
2025-10-09 15:41:15.1144: Enviando e-mail...
2025-10-09 15:41:15.1144: Iniciando rotina de sincronização da venda 6247...
2025-10-09 15:41:15.1144: Todas as rotinas da venda 6247 foram concluídas com sucesso!
2025-10-09 15:41:15.1144: Imprimindo DANFe...
2025-10-09 15:41:30.0673: Calculando totais da venda...
2025-10-09 15:41:42.0252: Calculando totais da venda...
2025-10-09 15:41:46.7792: Validando desconto atribuído ao cliente...
2025-10-09 15:42:39.6658: Calculando totais da venda...
2025-10-09 15:42:42.6300: Iniciando finalização da venda Id 6248...
2025-10-09 15:42:42.6300: Verificando repique de troco...
2025-10-09 15:42:42.6300: Calculando totais da venda...
2025-10-09 15:42:42.7740: Iniciando finalização da venda Id 6248...
2025-10-09 15:42:42.7740: Verificando repique de troco...
2025-10-09 15:42:42.7740: Calculando totais da venda...
2025-10-09 15:42:44.0424: Aguarde, estamos realizando a emissão da NFC-e...
2025-10-09 15:42:44.1174: Validando NFC-e...
2025-10-09 15:42:44.1174: Tipo de emissão NFC-e: NORMAL
2025-10-09 15:42:44.1174: Gerando XML de NFC-e...
2025-10-09 15:42:44.1264: Realizando conversão da venda para XML...
2025-10-09 15:42:44.1264: Conversão realizada com sucesso para a NFC-e id: NFe42251029005632000120650010000304731596649563
2025-10-09 15:42:44.1264: Assinando XML...
2025-10-09 15:42:44.2234: XML assinado com sucesso!
2025-10-09 15:42:44.2234: Enviando NFC-e para a SEFAZ...
2025-10-09 15:42:44.6090: Retorno da SEFAZ: 100 - Autorizado o uso da NF-e
2025-10-09 15:42:44.6110: Numeração de NFC-e atualizada para Nr. 30474
2025-10-09 15:42:44.6110: Finalizando Venda e validando NF emitida...
2025-10-09 15:42:44.6660: Venda finalizada com sucesso!
2025-10-09 15:42:44.6660: Realizando rotinas pós-venda...
2025-10-09 15:42:44.6660: Enviando e-mail...
2025-10-09 15:42:44.6800: Iniciando rotina de sincronização da venda 6248...
2025-10-09 15:42:44.6800: Todas as rotinas da venda 6248 foram concluídas com sucesso!
2025-10-09 15:42:44.6800: Imprimindo DANFe...
2025-10-09 15:43:58.2232: Calculando totais da venda...
2025-10-09 15:44:05.0065: Iniciando finalização da venda Id 6249...
2025-10-09 15:44:05.0065: Verificando repique de troco...
2025-10-09 15:44:05.0065: Calculando totais da venda...
2025-10-09 15:44:05.1338: Iniciando finalização da venda Id 6249...
2025-10-09 15:44:05.1338: Verificando repique de troco...
2025-10-09 15:44:05.1338: Calculando totais da venda...
2025-10-09 15:44:06.2807: Aguarde, estamos realizando a emissão da NFC-e...
2025-10-09 15:44:06.3688: Validando NFC-e...
2025-10-09 15:44:06.3688: Tipo de emissão NFC-e: NORMAL
2025-10-09 15:44:06.3688: Gerando XML de NFC-e...
2025-10-09 15:44:06.3758: Realizando conversão da venda para XML...
2025-10-09 15:44:06.3908: Conversão realizada com sucesso para a NFC-e id: NFe42251029005632000120650010000304741672162477
2025-10-09 15:44:06.3908: Assinando XML...
2025-10-09 15:44:06.4758: XML assinado com sucesso!
2025-10-09 15:44:06.4758: Enviando NFC-e para a SEFAZ...
2025-10-09 15:44:06.8520: Retorno da SEFAZ: 100 - Autorizado o uso da NF-e
2025-10-09 15:44:06.8520: Numeração de NFC-e atualizada para Nr. 30475
2025-10-09 15:44:06.8680: Finalizando Venda e validando NF emitida...
2025-10-09 15:44:06.8900: Venda finalizada com sucesso!
2025-10-09 15:44:06.8910: Realizando rotinas pós-venda...
2025-10-09 15:44:06.8910: Enviando e-mail...
2025-10-09 15:44:06.8910: Iniciando rotina de sincronização da venda 6249...
2025-10-09 15:44:06.8910: Todas as rotinas da venda 6249 foram concluídas com sucesso!
2025-10-09 15:44:06.8910: Imprimindo DANFe...
2025-10-09 15:54:12.8575: Calculando totais da venda...
2025-10-09 15:54:18.0930: Iniciando finalização da venda Id 6250...
2025-10-09 15:54:18.0940: Verificando repique de troco...
2025-10-09 15:54:18.0940: Calculando totais da venda...
2025-10-09 15:54:18.8537: Aguarde, estamos realizando a emissão da NFC-e...
2025-10-09 15:54:18.9347: Validando NFC-e...
2025-10-09 15:54:18.9427: Tipo de emissão NFC-e: NORMAL
2025-10-09 15:54:18.9427: Gerando XML de NFC-e...
2025-10-09 15:54:18.9427: Realizando conversão da venda para XML...
2025-10-09 15:54:18.9577: Conversão realizada com sucesso para a NFC-e id: NFe42251029005632000120650010000304751476348650
2025-10-09 15:54:18.9577: Assinando XML...
2025-10-09 15:54:19.0707: XML assinado com sucesso!
2025-10-09 15:54:19.0707: Enviando NFC-e para a SEFAZ...
2025-10-09 15:54:19.7664: Retorno da SEFAZ: 100 - Autorizado o uso da NF-e
2025-10-09 15:54:19.7664: Numeração de NFC-e atualizada para Nr. 30476
2025-10-09 15:54:19.7854: Finalizando Venda e validando NF emitida...
2025-10-09 15:54:20.1814: Venda finalizada com sucesso!
2025-10-09 15:54:20.1814: Realizando rotinas pós-venda...
2025-10-09 15:54:20.1814: Enviando e-mail...
2025-10-09 15:54:20.1814: Iniciando rotina de sincronização da venda 6250...
2025-10-09 15:54:20.1814: Todas as rotinas da venda 6250 foram concluídas com sucesso!
2025-10-09 15:54:20.1814: Imprimindo DANFe...
2025-10-09 15:54:52.4932: Iniciando finalização da venda Id 6184...
2025-10-09 15:54:52.4932: Verificando repique de troco...
2025-10-09 15:54:52.4932: Calculando totais da venda...
2025-10-09 15:54:53.0402: Aguarde, estamos realizando a emissão da NFC-e...
2025-10-09 15:54:53.1244: Validando NFC-e...
2025-10-09 15:54:53.1334: Tipo de emissão NFC-e: NORMAL
2025-10-09 15:54:53.1334: Gerando XML de NFC-e...
2025-10-09 15:54:53.1334: Realizando conversão da venda para XML...
2025-10-09 15:54:53.1474: Conversão realizada com sucesso para a NFC-e id: NFe42251029005632000120650010000304761798477390
2025-10-09 15:54:53.1474: Assinando XML...
2025-10-09 15:54:53.2454: XML assinado com sucesso!
2025-10-09 15:54:53.2454: Enviando NFC-e para a SEFAZ...
2025-10-09 15:54:53.8327: Retorno da SEFAZ: 100 - Autorizado o uso da NF-e
2025-10-09 15:54:53.8327: Numeração de NFC-e atualizada para Nr. 30477
2025-10-09 15:54:53.8327: Finalizando Venda e validando NF emitida...
2025-10-09 15:54:53.8733: Venda finalizada com sucesso!
2025-10-09 15:54:53.8733: Realizando rotinas pós-venda...
2025-10-09 15:54:53.8753: Enviando e-mail...
2025-10-09 15:54:53.8753: Iniciando rotina de sincronização da venda 6184...
2025-10-09 15:54:53.8753: Todas as rotinas da venda 6184 foram concluídas com sucesso!
2025-10-09 15:54:53.8753: Imprimindo DANFe...
2025-10-09 15:57:26.0220: Calculando totais da venda...
2025-10-09 16:07:25.4737: Calculando totais da venda...
2025-10-09 16:07:29.0504: Iniciando finalização da venda Id 6253...
2025-10-09 16:07:29.0504: Verificando repique de troco...
2025-10-09 16:07:29.0504: Calculando totais da venda...
2025-10-09 16:07:29.8494: Aguarde, estamos realizando a emissão da NFC-e...
2025-10-09 16:07:29.9344: Validando NFC-e...
2025-10-09 16:07:29.9384: Tipo de emissão NFC-e: NORMAL
2025-10-09 16:07:29.9384: Gerando XML de NFC-e...
2025-10-09 16:07:29.9554: Realizando conversão da venda para XML...
2025-10-09 16:07:29.9554: Conversão realizada com sucesso para a NFC-e id: NFe42251029005632000120650010000304771248359260
2025-10-09 16:07:29.9554: Assinando XML...
2025-10-09 16:07:30.1654: XML assinado com sucesso!
2025-10-09 16:07:30.1654: Enviando NFC-e para a SEFAZ...
2025-10-09 16:07:30.8634: Retorno da SEFAZ: 100 - Autorizado o uso da NF-e
2025-10-09 16:07:30.8634: Numeração de NFC-e atualizada para Nr. 30478
2025-10-09 16:07:30.8794: Finalizando Venda e validando NF emitida...
2025-10-09 16:07:31.2684: Venda finalizada com sucesso!
2025-10-09 16:07:31.2684: Realizando rotinas pós-venda...
2025-10-09 16:07:31.2684: Enviando e-mail...
2025-10-09 16:07:31.2684: Iniciando rotina de sincronização da venda 6253...
2025-10-09 16:07:31.2684: Todas as rotinas da venda 6253 foram concluídas com sucesso!
2025-10-09 16:07:31.2684: Imprimindo DANFe...
2025-10-09 16:08:14.1831: Calculando totais da venda...
2025-10-09 16:08:19.9666: Iniciando finalização da venda Id 6252...
2025-10-09 16:08:19.9666: Verificando repique de troco...
2025-10-09 16:08:19.9666: Calculando totais da venda...
2025-10-09 16:08:20.5701: Aguarde, estamos realizando a emissão da NFC-e...
2025-10-09 16:08:20.6481: Validando NFC-e...
2025-10-09 16:08:20.6481: Tipo de emissão NFC-e: NORMAL
2025-10-09 16:08:20.6481: Gerando XML de NFC-e...
2025-10-09 16:08:20.6581: Realizando conversão da venda para XML...
2025-10-09 16:08:20.6581: Conversão realizada com sucesso para a NFC-e id: NFe42251029005632000120650010000304781533890006
2025-10-09 16:08:20.6581: Assinando XML...
2025-10-09 16:08:20.7681: XML assinado com sucesso!
2025-10-09 16:08:20.7681: Enviando NFC-e para a SEFAZ...
2025-10-09 16:08:21.2693: Retorno da SEFAZ: 100 - Autorizado o uso da NF-e
2025-10-09 16:08:21.2693: Numeração de NFC-e atualizada para Nr. 30479
2025-10-09 16:08:21.2820: Finalizando Venda e validando NF emitida...
2025-10-09 16:08:21.2998: Venda finalizada com sucesso!
2025-10-09 16:08:21.2998: Realizando rotinas pós-venda...
2025-10-09 16:08:21.2998: Enviando e-mail...
2025-10-09 16:08:21.2998: Iniciando rotina de sincronização da venda 6252...
2025-10-09 16:08:21.2998: Todas as rotinas da venda 6252 foram concluídas com sucesso!
2025-10-09 16:08:21.2998: Imprimindo DANFe...
2025-10-09 16:11:12.0250: Calculando totais da venda...
2025-10-09 16:11:20.5940: Iniciando finalização da venda Id 6254...
2025-10-09 16:11:20.5940: Verificando repique de troco...
2025-10-09 16:11:20.5940: Calculando totais da venda...
2025-10-09 16:11:21.8039: Aguarde, estamos realizando a emissão da NFC-e...
2025-10-09 16:11:21.9659: Validando NFC-e...
2025-10-09 16:11:21.9809: Tipo de emissão NFC-e: NORMAL
2025-10-09 16:11:21.9809: Gerando XML de NFC-e...
2025-10-09 16:11:21.9939: Realizando conversão da venda para XML...
2025-10-09 16:11:22.0279: Conversão realizada com sucesso para a NFC-e id: NFe42251029005632000120650010000304791115305016
2025-10-09 16:11:22.0279: Assinando XML...
2025-10-09 16:11:22.2939: XML assinado com sucesso!
2025-10-09 16:11:22.2939: Enviando NFC-e para a SEFAZ...
2025-10-09 16:11:23.4149: Retorno da SEFAZ: 100 - Autorizado o uso da NF-e
2025-10-09 16:11:23.4149: Numeração de NFC-e atualizada para Nr. 30480
2025-10-09 16:11:23.4409: Finalizando Venda e validando NF emitida...
2025-10-09 16:11:23.8609: Venda finalizada com sucesso!
2025-10-09 16:11:23.8609: Realizando rotinas pós-venda...
2025-10-09 16:11:23.8609: Enviando e-mail...
2025-10-09 16:11:23.8609: Iniciando rotina de sincronização da venda 6254...
2025-10-09 16:11:23.8609: Todas as rotinas da venda 6254 foram concluídas com sucesso!
2025-10-09 16:11:23.8609: Imprimindo DANFe...
2025-10-09 16:28:01.8920: Calculando totais da venda...
2025-10-09 16:28:04.2655: Iniciando finalização da venda Id 6255...
2025-10-09 16:28:04.2665: Verificando repique de troco...
2025-10-09 16:28:04.2665: Calculando totais da venda...
2025-10-09 16:28:05.5204: Aguarde, estamos realizando a emissão da NFC-e...
2025-10-09 16:28:05.6312: Validando NFC-e...
2025-10-09 16:28:05.6312: Tipo de emissão NFC-e: NORMAL
2025-10-09 16:28:05.6312: Gerando XML de NFC-e...
2025-10-09 16:28:05.6442: Realizando conversão da venda para XML...
2025-10-09 16:28:05.6572: Conversão realizada com sucesso para a NFC-e id: NFe42251029005632000120650010000304801251331040
2025-10-09 16:28:05.6572: Assinando XML...
2025-10-09 16:28:05.8262: XML assinado com sucesso!
2025-10-09 16:28:05.8262: Enviando NFC-e para a SEFAZ...
2025-10-09 16:28:06.2353: Retorno da SEFAZ: 100 - Autorizado o uso da NF-e
2025-10-09 16:28:06.2353: Numeração de NFC-e atualizada para Nr. 30481
2025-10-09 16:28:06.2513: Finalizando Venda e validando NF emitida...
2025-10-09 16:28:06.2743: Venda finalizada com sucesso!
2025-10-09 16:28:06.2743: Realizando rotinas pós-venda...
2025-10-09 16:28:06.2743: Enviando e-mail...
2025-10-09 16:28:06.2743: Iniciando rotina de sincronização da venda 6255...
2025-10-09 16:28:06.2743: Todas as rotinas da venda 6255 foram concluídas com sucesso!
2025-10-09 16:28:06.2743: Imprimindo DANFe...
2025-10-09 17:04:58.1877: Calculando totais da venda...
2025-10-09 17:05:15.3209: Iniciando finalização da venda Id 6256...
2025-10-09 17:05:15.3209: Verificando repique de troco...
2025-10-09 17:05:15.3209: Calculando totais da venda...
2025-10-09 17:05:16.2523: Aguarde, estamos realizando a emissão da NFC-e...
2025-10-09 17:05:16.3373: Validando NFC-e...
2025-10-09 17:05:16.3373: Tipo de emissão NFC-e: NORMAL
2025-10-09 17:05:16.3373: Gerando XML de NFC-e...
2025-10-09 17:05:16.3513: Realizando conversão da venda para XML...
2025-10-09 17:05:16.3683: Conversão realizada com sucesso para a NFC-e id: NFe42251029005632000120650010000304811187775696
2025-10-09 17:05:16.3683: Assinando XML...
2025-10-09 17:05:16.6283: XML assinado com sucesso!
2025-10-09 17:05:16.6283: Enviando NFC-e para a SEFAZ...
2025-10-09 17:05:17.5733: Retorno da SEFAZ: 100 - Autorizado o uso da NF-e
2025-10-09 17:05:17.5733: Numeração de NFC-e atualizada para Nr. 30482
2025-10-09 17:05:17.5890: Finalizando Venda e validando NF emitida...
2025-10-09 17:05:17.9820: Venda finalizada com sucesso!
2025-10-09 17:05:17.9820: Realizando rotinas pós-venda...
2025-10-09 17:05:17.9860: Enviando e-mail...
2025-10-09 17:05:20.8513: Iniciando rotina de sincronização da venda 6256...
2025-10-09 17:05:20.8513: Todas as rotinas da venda 6256 foram concluídas com sucesso!
2025-10-09 17:05:20.8513: Imprimindo DANFe...
2025-10-09 17:27:48.6817: Calculando totais da venda...
2025-10-09 17:29:28.4244: Calculando totais da venda...
2025-10-09 17:30:32.7026: Iniciando finalização da venda Id 6258...
2025-10-09 17:30:32.7036: Verificando repique de troco...
2025-10-09 17:30:32.7036: Calculando totais da venda...
2025-10-09 17:30:34.6292: Aguarde, estamos realizando a emissão da NFC-e...
2025-10-09 17:30:34.7803: Validando NFC-e...
2025-10-09 17:30:34.7833: Tipo de emissão NFC-e: NORMAL
2025-10-09 17:30:34.7833: Gerando XML de NFC-e...
2025-10-09 17:30:34.7833: Realizando conversão da venda para XML...
2025-10-09 17:30:34.8113: Conversão realizada com sucesso para a NFC-e id: NFe42251029005632000120650010000304821578748457
2025-10-09 17:30:34.8163: Assinando XML...
2025-10-09 17:30:35.0883: XML assinado com sucesso!
2025-10-09 17:30:35.0883: Enviando NFC-e para a SEFAZ...
2025-10-09 17:30:35.6198: Retorno da SEFAZ: 100 - Autorizado o uso da NF-e
2025-10-09 17:30:35.6198: Numeração de NFC-e atualizada para Nr. 30483
2025-10-09 17:30:35.6379: Finalizando Venda e validando NF emitida...
2025-10-09 17:30:35.6636: Venda finalizada com sucesso!
2025-10-09 17:30:35.6636: Realizando rotinas pós-venda...
2025-10-09 17:30:35.6636: Enviando e-mail...
2025-10-09 17:30:35.6636: Iniciando rotina de sincronização da venda 6258...
2025-10-09 17:30:35.6636: Todas as rotinas da venda 6258 foram concluídas com sucesso!
2025-10-09 17:30:35.6636: Imprimindo DANFe...
2025-10-09 17:37:25.0269: Iniciando rotina de sincronização de caixa...
2025-10-09 17:43:26.6586: Iniciando rotina de sincronização de caixa...
2025-10-09 17:47:57.4842: Calculando totais da venda...
2025-10-09 17:48:03.5134: Iniciando finalização da venda Id 5505...
2025-10-09 17:48:03.5134: Verificando repique de troco...
2025-10-09 17:48:03.5134: Calculando totais da venda...
2025-10-09 17:48:04.7979: Aguarde, estamos realizando a emissão da NFC-e...
2025-10-09 17:48:04.9910: Validando NFC-e...
2025-10-09 17:48:04.9910: Tipo de emissão NFC-e: NORMAL
2025-10-09 17:48:04.9910: Gerando XML de NFC-e...
2025-10-09 17:48:05.0050: Realizando conversão da venda para XML...
2025-10-09 17:48:05.0310: Conversão realizada com sucesso para a NFC-e id: NFe42251029005632000120650010000304831874715638
2025-10-09 17:48:05.0480: Assinando XML...
2025-10-09 17:48:05.3180: XML assinado com sucesso!
2025-10-09 17:48:05.3180: Enviando NFC-e para a SEFAZ...
2025-10-09 17:48:05.9951: Retorno da SEFAZ: 100 - Autorizado o uso da NF-e
2025-10-09 17:48:06.0001: Numeração de NFC-e atualizada para Nr. 30484
2025-10-09 17:48:06.0001: Finalizando Venda e validando NF emitida...
2025-10-09 17:48:06.0341: Venda finalizada com sucesso!
2025-10-09 17:48:06.0341: Realizando rotinas pós-venda...
2025-10-09 17:48:06.0341: Enviando e-mail...
2025-10-09 17:48:06.0341: Iniciando rotina de sincronização da venda 5505...
2025-10-09 17:48:06.0341: Todas as rotinas da venda 5505 foram concluídas com sucesso!
2025-10-09 17:48:06.0341: Imprimindo DANFe...
2025-10-09 18:33:34.6217: Calculando totais da venda...
2025-10-09 18:33:45.2359: Validando desconto atribuído ao cliente...
2025-10-09 18:34:21.7727: Iniciando finalização da venda Id 6259...
2025-10-09 18:34:21.7727: Verificando repique de troco...
2025-10-09 18:34:21.7727: Calculando totais da venda...
2025-10-09 18:34:24.4920: Aguarde, estamos realizando a emissão da NFC-e...
2025-10-09 18:34:24.6417: Validando NFC-e...
2025-10-09 18:34:24.6417: Tipo de emissão NFC-e: NORMAL
2025-10-09 18:34:24.6417: Gerando XML de NFC-e...
2025-10-09 18:34:24.6587: Realizando conversão da venda para XML...
2025-10-09 18:34:24.6737: Conversão realizada com sucesso para a NFC-e id: NFe42251029005632000120650010000304841104072783
2025-10-09 18:34:24.6737: Assinando XML...
2025-10-09 18:34:25.0047: XML assinado com sucesso!
2025-10-09 18:34:25.0047: Enviando NFC-e para a SEFAZ...
2025-10-09 18:34:26.0692: Retorno da SEFAZ: 100 - Autorizado o uso da NF-e
2025-10-09 18:34:26.0692: Numeração de NFC-e atualizada para Nr. 30485
2025-10-09 18:34:26.0872: Finalizando Venda e validando NF emitida...
2025-10-09 18:34:26.4842: Venda finalizada com sucesso!
2025-10-09 18:34:26.4852: Realizando rotinas pós-venda...
2025-10-09 18:34:26.4852: Enviando e-mail...
2025-10-09 18:34:26.4852: Iniciando rotina de sincronização da venda 6259...
2025-10-09 18:34:26.4852: Todas as rotinas da venda 6259 foram concluídas com sucesso!
2025-10-09 18:34:26.4852: Imprimindo DANFe...
2025-10-09 18:43:37.1524: Calculando totais da venda...
2025-10-09 18:43:43.4279: Validando desconto atribuído ao cliente...
2025-10-09 18:43:50.3958: Iniciando finalização da venda Id 6260...
2025-10-09 18:43:50.3958: Verificando repique de troco...
2025-10-09 18:43:50.3958: Calculando totais da venda...
2025-10-09 18:43:52.4134: Finalizando Venda não fiscal...
2025-10-09 18:43:52.8134: Venda finalizada com sucesso!
2025-10-09 18:43:52.8134: Realizando rotinas pós-venda...
2025-10-09 18:43:52.8134: Enviando e-mail...
2025-10-09 18:43:52.8134: Iniciando rotina de sincronização da venda 6260...
2025-10-09 18:43:52.8134: Todas as rotinas da venda 6260 foram concluídas com sucesso!
2025-10-09 19:15:41.4364: Calculando totais da venda...
2025-10-09 19:15:47.3472: Iniciando finalização da venda Id 6261...
2025-10-09 19:15:47.3472: Verificando repique de troco...
2025-10-09 19:15:47.3472: Calculando totais da venda...
2025-10-09 19:15:48.5742: Aguarde, estamos realizando a emissão da NFC-e...
2025-10-09 19:15:48.7191: Validando NFC-e...
2025-10-09 19:15:48.7191: Tipo de emissão NFC-e: NORMAL
2025-10-09 19:15:48.7191: Gerando XML de NFC-e...
2025-10-09 19:15:48.7461: Realizando conversão da venda para XML...
2025-10-09 19:15:48.7691: Conversão realizada com sucesso para a NFC-e id: NFe42251029005632000120650010000304851980157664
2025-10-09 19:15:48.7901: Assinando XML...
2025-10-09 19:15:49.1911: XML assinado com sucesso!
2025-10-09 19:15:49.1911: Enviando NFC-e para a SEFAZ...
2025-10-09 19:15:50.2450: Retorno da SEFAZ: 100 - Autorizado o uso da NF-e
2025-10-09 19:15:50.2530: Numeração de NFC-e atualizada para Nr. 30486
2025-10-09 19:15:50.2662: Finalizando Venda e validando NF emitida...
2025-10-09 19:15:50.6528: Venda finalizada com sucesso!
2025-10-09 19:15:50.6528: Realizando rotinas pós-venda...
2025-10-09 19:15:50.6528: Enviando e-mail...
2025-10-09 19:15:50.6568: Iniciando rotina de sincronização da venda 6261...
2025-10-09 19:15:50.6568: Todas as rotinas da venda 6261 foram concluídas com sucesso!
2025-10-09 19:15:50.6568: Imprimindo DANFe...
2025-10-09 20:01:23.9807: Iniciando rotina de sincronização de caixa...
