               -------------- Error (2025-10-14 17:56:41.1378) --------------
               
               Call Site: PDV.Telas.VwErro.Show
               Exception Type: System.OutOfMemoryException
               Exception Message: Memória insuficiente para continuar a execução do programa.
               Stack Trace:    em System.Windows.Media.Composition.DUCE.Channel.SyncFlush()
   em System.Windows.Interop.HwndTarget.UpdateWindowSettings(Boolean enableRenderTarget, Nullable`1 channelSet)
   em System.Windows.Interop.HwndTarget.UpdateWindowPos(IntPtr lParam)
   em System.Windows.Interop.HwndTarget.HandleMessage(WindowMessage msg, IntPtr wparam, IntPtr lparam)
   em System.Windows.Interop.HwndSource.HwndTargetFilterMessage(IntPtr hwnd, Int32 msg, IntPtr wParam, IntPtr lParam, Boolean& handled)
   em MS.Win32.HwndWrapper.WndProc(IntPtr hwnd, Int32 msg, IntPtr wParam, IntPtr lParam, Boolean& handled)
   em MS.Win32.HwndSubclass.DispatcherCallbackOperation(Object o)
   em System.Windows.Threading.ExceptionWrapper.InternalRealCall(Delegate callback, Object args, Int32 numArgs)
   em System.Windows.Threading.ExceptionWrapper.TryCatchWhen(Object source, Delegate callback, Object args, Int32 numArgs, Delegate catchHandler)

               -------------- Error (2025-10-14 17:56:41.2548) --------------
               
               Call Site: PDV.Telas.VwErro.Show
               Exception Type: System.OutOfMemoryException
               Exception Message: Memória insuficiente para continuar a execução do programa.
               Stack Trace:    em System.Windows.Media.Composition.DUCE.Channel.SyncFlush()
   em System.Windows.Interop.HwndTarget.UpdateWindowSettings(Boolean enableRenderTarget, Nullable`1 channelSet)
   em System.Windows.Interop.HwndTarget.UpdateWindowPos(IntPtr lParam)
   em System.Windows.Interop.HwndTarget.HandleMessage(WindowMessage msg, IntPtr wparam, IntPtr lparam)
   em System.Windows.Interop.HwndSource.HwndTargetFilterMessage(IntPtr hwnd, Int32 msg, IntPtr wParam, IntPtr lParam, Boolean& handled)
   em MS.Win32.HwndWrapper.WndProc(IntPtr hwnd, Int32 msg, IntPtr wParam, IntPtr lParam, Boolean& handled)
   em MS.Win32.HwndSubclass.DispatcherCallbackOperation(Object o)
   em System.Windows.Threading.ExceptionWrapper.InternalRealCall(Delegate callback, Object args, Int32 numArgs)
   em System.Windows.Threading.ExceptionWrapper.TryCatchWhen(Object source, Delegate callback, Object args, Int32 numArgs, Delegate catchHandler)

               -------------- Error (2025-10-14 17:56:41.2688) --------------
               
               Call Site: PDV.Telas.VwErro.Show
               Exception Type: System.OutOfMemoryException
               Exception Message: Memória insuficiente para continuar a execução do programa.
               Stack Trace:    em System.Windows.Media.Composition.DUCE.Channel.SyncFlush()
   em System.Windows.Interop.HwndTarget.UpdateWindowSettings(Boolean enableRenderTarget, Nullable`1 channelSet)
   em System.Windows.Interop.HwndTarget.UpdateWindowPos(IntPtr lParam)
   em System.Windows.Interop.HwndTarget.HandleMessage(WindowMessage msg, IntPtr wparam, IntPtr lparam)
   em System.Windows.Interop.HwndSource.HwndTargetFilterMessage(IntPtr hwnd, Int32 msg, IntPtr wParam, IntPtr lParam, Boolean& handled)
   em MS.Win32.HwndWrapper.WndProc(IntPtr hwnd, Int32 msg, IntPtr wParam, IntPtr lParam, Boolean& handled)
   em MS.Win32.HwndSubclass.DispatcherCallbackOperation(Object o)
   em System.Windows.Threading.ExceptionWrapper.InternalRealCall(Delegate callback, Object args, Int32 numArgs)
   em System.Windows.Threading.ExceptionWrapper.TryCatchWhen(Object source, Delegate callback, Object args, Int32 numArgs, Delegate catchHandler)

               -------------- Error (2025-10-14 17:56:41.2688) --------------
               
               Call Site: PDV.Telas.VwErro.Show
               Exception Type: System.OutOfMemoryException
               Exception Message: Memória insuficiente para continuar a execução do programa.
               Stack Trace:    em System.Windows.Media.Composition.DUCE.Channel.SyncFlush()
   em System.Windows.Interop.HwndTarget.UpdateWindowSettings(Boolean enableRenderTarget, Nullable`1 channelSet)
   em System.Windows.Interop.HwndTarget.UpdateWindowPos(IntPtr lParam)
   em System.Windows.Interop.HwndTarget.HandleMessage(WindowMessage msg, IntPtr wparam, IntPtr lparam)
   em System.Windows.Interop.HwndSource.HwndTargetFilterMessage(IntPtr hwnd, Int32 msg, IntPtr wParam, IntPtr lParam, Boolean& handled)
   em MS.Win32.HwndWrapper.WndProc(IntPtr hwnd, Int32 msg, IntPtr wParam, IntPtr lParam, Boolean& handled)
   em MS.Win32.HwndSubclass.DispatcherCallbackOperation(Object o)
   em System.Windows.Threading.ExceptionWrapper.InternalRealCall(Delegate callback, Object args, Int32 numArgs)
   em System.Windows.Threading.ExceptionWrapper.TryCatchWhen(Object source, Delegate callback, Object args, Int32 numArgs, Delegate catchHandler)

               -------------- Error (2025-10-14 17:56:41.2948) --------------
               
               Call Site: PDV.Telas.VwErro.Show
               Exception Type: System.OutOfMemoryException
               Exception Message: Memória insuficiente para continuar a execução do programa.
               Stack Trace:    em System.Windows.Media.Composition.DUCE.Channel.SyncFlush()
   em System.Windows.Interop.HwndTarget.UpdateWindowSettings(Boolean enableRenderTarget, Nullable`1 channelSet)
   em System.Windows.Interop.HwndTarget.UpdateWindowPos(IntPtr lParam)
   em System.Windows.Interop.HwndTarget.HandleMessage(WindowMessage msg, IntPtr wparam, IntPtr lparam)
   em System.Windows.Interop.HwndSource.HwndTargetFilterMessage(IntPtr hwnd, Int32 msg, IntPtr wParam, IntPtr lParam, Boolean& handled)
   em MS.Win32.HwndWrapper.WndProc(IntPtr hwnd, Int32 msg, IntPtr wParam, IntPtr lParam, Boolean& handled)
   em MS.Win32.HwndSubclass.DispatcherCallbackOperation(Object o)
   em System.Windows.Threading.ExceptionWrapper.InternalRealCall(Delegate callback, Object args, Int32 numArgs)
   em System.Windows.Threading.ExceptionWrapper.TryCatchWhen(Object source, Delegate callback, Object args, Int32 numArgs, Delegate catchHandler)

               -------------- Error (2025-10-14 17:56:41.3068) --------------
               
               Call Site: PDV.Telas.VwErro.Show
               Exception Type: System.OutOfMemoryException
               Exception Message: Memória insuficiente para continuar a execução do programa.
               Stack Trace:    em System.Windows.Media.Composition.DUCE.Channel.SyncFlush()
   em System.Windows.Interop.HwndTarget.UpdateWindowSettings(Boolean enableRenderTarget, Nullable`1 channelSet)
   em System.Windows.Interop.HwndTarget.UpdateWindowPos(IntPtr lParam)
   em System.Windows.Interop.HwndTarget.HandleMessage(WindowMessage msg, IntPtr wparam, IntPtr lparam)
   em System.Windows.Interop.HwndSource.HwndTargetFilterMessage(IntPtr hwnd, Int32 msg, IntPtr wParam, IntPtr lParam, Boolean& handled)
   em MS.Win32.HwndWrapper.WndProc(IntPtr hwnd, Int32 msg, IntPtr wParam, IntPtr lParam, Boolean& handled)
   em MS.Win32.HwndSubclass.DispatcherCallbackOperation(Object o)
   em System.Windows.Threading.ExceptionWrapper.InternalRealCall(Delegate callback, Object args, Int32 numArgs)
   em System.Windows.Threading.ExceptionWrapper.TryCatchWhen(Object source, Delegate callback, Object args, Int32 numArgs, Delegate catchHandler)

               -------------- Error (2025-10-14 17:56:41.3198) --------------
               
               Call Site: PDV.Telas.VwErro.Show
               Exception Type: System.OutOfMemoryException
               Exception Message: Memória insuficiente para continuar a execução do programa.
               Stack Trace:    em System.Windows.Media.Composition.DUCE.Channel.SyncFlush()
   em System.Windows.Interop.HwndTarget.UpdateWindowSettings(Boolean enableRenderTarget, Nullable`1 channelSet)
   em System.Windows.Interop.HwndTarget.UpdateWindowPos(IntPtr lParam)
   em System.Windows.Interop.HwndTarget.HandleMessage(WindowMessage msg, IntPtr wparam, IntPtr lparam)
   em System.Windows.Interop.HwndSource.HwndTargetFilterMessage(IntPtr hwnd, Int32 msg, IntPtr wParam, IntPtr lParam, Boolean& handled)
   em MS.Win32.HwndWrapper.WndProc(IntPtr hwnd, Int32 msg, IntPtr wParam, IntPtr lParam, Boolean& handled)
   em MS.Win32.HwndSubclass.DispatcherCallbackOperation(Object o)
   em System.Windows.Threading.ExceptionWrapper.InternalRealCall(Delegate callback, Object args, Int32 numArgs)
   em System.Windows.Threading.ExceptionWrapper.TryCatchWhen(Object source, Delegate callback, Object args, Int32 numArgs, Delegate catchHandler)

               -------------- Error (2025-10-14 17:56:41.3328) --------------
               
               Call Site: PDV.Telas.VwErro.Show
               Exception Type: System.OutOfMemoryException
               Exception Message: Memória insuficiente para continuar a execução do programa.
               Stack Trace:    em System.Windows.Media.Composition.DUCE.Channel.SyncFlush()
   em System.Windows.Interop.HwndTarget.UpdateWindowSettings(Boolean enableRenderTarget, Nullable`1 channelSet)
   em System.Windows.Interop.HwndTarget.UpdateWindowPos(IntPtr lParam)
   em System.Windows.Interop.HwndTarget.HandleMessage(WindowMessage msg, IntPtr wparam, IntPtr lparam)
   em System.Windows.Interop.HwndSource.HwndTargetFilterMessage(IntPtr hwnd, Int32 msg, IntPtr wParam, IntPtr lParam, Boolean& handled)
   em MS.Win32.HwndWrapper.WndProc(IntPtr hwnd, Int32 msg, IntPtr wParam, IntPtr lParam, Boolean& handled)
   em MS.Win32.HwndSubclass.DispatcherCallbackOperation(Object o)
   em System.Windows.Threading.ExceptionWrapper.InternalRealCall(Delegate callback, Object args, Int32 numArgs)
   em System.Windows.Threading.ExceptionWrapper.TryCatchWhen(Object source, Delegate callback, Object args, Int32 numArgs, Delegate catchHandler)

               -------------- Error (2025-10-14 17:56:41.3448) --------------
               
               Call Site: PDV.Telas.VwErro.Show
               Exception Type: System.OutOfMemoryException
               Exception Message: Memória insuficiente para continuar a execução do programa.
               Stack Trace:    em System.Windows.Media.Composition.DUCE.Channel.SyncFlush()
   em System.Windows.Interop.HwndTarget.UpdateWindowSettings(Boolean enableRenderTarget, Nullable`1 channelSet)
   em System.Windows.Interop.HwndTarget.UpdateWindowPos(IntPtr lParam)
   em System.Windows.Interop.HwndTarget.HandleMessage(WindowMessage msg, IntPtr wparam, IntPtr lparam)
   em System.Windows.Interop.HwndSource.HwndTargetFilterMessage(IntPtr hwnd, Int32 msg, IntPtr wParam, IntPtr lParam, Boolean& handled)
   em MS.Win32.HwndWrapper.WndProc(IntPtr hwnd, Int32 msg, IntPtr wParam, IntPtr lParam, Boolean& handled)
   em MS.Win32.HwndSubclass.DispatcherCallbackOperation(Object o)
   em System.Windows.Threading.ExceptionWrapper.InternalRealCall(Delegate callback, Object args, Int32 numArgs)
   em System.Windows.Threading.ExceptionWrapper.TryCatchWhen(Object source, Delegate callback, Object args, Int32 numArgs, Delegate catchHandler)

               -------------- Error (2025-10-14 17:56:41.4938) --------------
               
               Call Site: PDV.Telas.VwErro.Show
               Exception Type: System.OutOfMemoryException
               Exception Message: Memória insuficiente para continuar a execução do programa.
               Stack Trace:    em System.Windows.Media.Composition.DUCE.Channel.SyncFlush()
   em System.Windows.Interop.HwndTarget.UpdateWindowSettings(Boolean enableRenderTarget, Nullable`1 channelSet)
   em System.Windows.Interop.HwndTarget.UpdateWindowPos(IntPtr lParam)
   em System.Windows.Interop.HwndTarget.HandleMessage(WindowMessage msg, IntPtr wparam, IntPtr lparam)
   em System.Windows.Interop.HwndSource.HwndTargetFilterMessage(IntPtr hwnd, Int32 msg, IntPtr wParam, IntPtr lParam, Boolean& handled)
   em MS.Win32.HwndWrapper.WndProc(IntPtr hwnd, Int32 msg, IntPtr wParam, IntPtr lParam, Boolean& handled)
   em MS.Win32.HwndSubclass.DispatcherCallbackOperation(Object o)
   em System.Windows.Threading.ExceptionWrapper.InternalRealCall(Delegate callback, Object args, Int32 numArgs)
   em System.Windows.Threading.ExceptionWrapper.TryCatchWhen(Object source, Delegate callback, Object args, Int32 numArgs, Delegate catchHandler)

               -------------- Error (2025-10-14 17:56:41.5068) --------------
               
               Call Site: PDV.Telas.VwErro.Show
               Exception Type: System.OutOfMemoryException
               Exception Message: Memória insuficiente para continuar a execução do programa.
               Stack Trace:    em System.Windows.Media.Composition.DUCE.Channel.SyncFlush()
   em System.Windows.Interop.HwndTarget.UpdateWindowSettings(Boolean enableRenderTarget, Nullable`1 channelSet)
   em System.Windows.Interop.HwndTarget.UpdateWindowPos(IntPtr lParam)
   em System.Windows.Interop.HwndTarget.HandleMessage(WindowMessage msg, IntPtr wparam, IntPtr lparam)
   em System.Windows.Interop.HwndSource.HwndTargetFilterMessage(IntPtr hwnd, Int32 msg, IntPtr wParam, IntPtr lParam, Boolean& handled)
   em MS.Win32.HwndWrapper.WndProc(IntPtr hwnd, Int32 msg, IntPtr wParam, IntPtr lParam, Boolean& handled)
   em MS.Win32.HwndSubclass.DispatcherCallbackOperation(Object o)
   em System.Windows.Threading.ExceptionWrapper.InternalRealCall(Delegate callback, Object args, Int32 numArgs)
   em System.Windows.Threading.ExceptionWrapper.TryCatchWhen(Object source, Delegate callback, Object args, Int32 numArgs, Delegate catchHandler)

               -------------- Error (2025-10-14 17:56:41.5188) --------------
               
               Call Site: PDV.Telas.VwErro.Show
               Exception Type: System.OutOfMemoryException
               Exception Message: Memória insuficiente para continuar a execução do programa.
               Stack Trace:    em System.Windows.Media.Composition.DUCE.Channel.SyncFlush()
   em System.Windows.Interop.HwndTarget.UpdateWindowSettings(Boolean enableRenderTarget, Nullable`1 channelSet)
   em System.Windows.Interop.HwndTarget.UpdateWindowPos(IntPtr lParam)
   em System.Windows.Interop.HwndTarget.HandleMessage(WindowMessage msg, IntPtr wparam, IntPtr lparam)
   em System.Windows.Interop.HwndSource.HwndTargetFilterMessage(IntPtr hwnd, Int32 msg, IntPtr wParam, IntPtr lParam, Boolean& handled)
   em MS.Win32.HwndWrapper.WndProc(IntPtr hwnd, Int32 msg, IntPtr wParam, IntPtr lParam, Boolean& handled)
   em MS.Win32.HwndSubclass.DispatcherCallbackOperation(Object o)
   em System.Windows.Threading.ExceptionWrapper.InternalRealCall(Delegate callback, Object args, Int32 numArgs)
   em System.Windows.Threading.ExceptionWrapper.TryCatchWhen(Object source, Delegate callback, Object args, Int32 numArgs, Delegate catchHandler)

               -------------- Error (2025-10-14 17:56:41.5318) --------------
               
               Call Site: PDV.Telas.VwErro.Show
               Exception Type: System.OutOfMemoryException
               Exception Message: Memória insuficiente para continuar a execução do programa.
               Stack Trace:    em System.Windows.Media.Composition.DUCE.Channel.SyncFlush()
   em System.Windows.Interop.HwndTarget.UpdateWindowSettings(Boolean enableRenderTarget, Nullable`1 channelSet)
   em System.Windows.Interop.HwndTarget.UpdateWindowPos(IntPtr lParam)
   em System.Windows.Interop.HwndTarget.HandleMessage(WindowMessage msg, IntPtr wparam, IntPtr lparam)
   em System.Windows.Interop.HwndSource.HwndTargetFilterMessage(IntPtr hwnd, Int32 msg, IntPtr wParam, IntPtr lParam, Boolean& handled)
   em MS.Win32.HwndWrapper.WndProc(IntPtr hwnd, Int32 msg, IntPtr wParam, IntPtr lParam, Boolean& handled)
   em MS.Win32.HwndSubclass.DispatcherCallbackOperation(Object o)
   em System.Windows.Threading.ExceptionWrapper.InternalRealCall(Delegate callback, Object args, Int32 numArgs)
   em System.Windows.Threading.ExceptionWrapper.TryCatchWhen(Object source, Delegate callback, Object args, Int32 numArgs, Delegate catchHandler)

               -------------- Error (2025-10-14 17:56:41.5318) --------------
               
               Call Site: PDV.Telas.VwErro.Show
               Exception Type: System.OutOfMemoryException
               Exception Message: Memória insuficiente para continuar a execução do programa.
               Stack Trace:    em System.Windows.Media.Composition.DUCE.Channel.SyncFlush()
   em System.Windows.Interop.HwndTarget.UpdateWindowSettings(Boolean enableRenderTarget, Nullable`1 channelSet)
   em System.Windows.Interop.HwndTarget.UpdateWindowPos(IntPtr lParam)
   em System.Windows.Interop.HwndTarget.HandleMessage(WindowMessage msg, IntPtr wparam, IntPtr lparam)
   em System.Windows.Interop.HwndSource.HwndTargetFilterMessage(IntPtr hwnd, Int32 msg, IntPtr wParam, IntPtr lParam, Boolean& handled)
   em MS.Win32.HwndWrapper.WndProc(IntPtr hwnd, Int32 msg, IntPtr wParam, IntPtr lParam, Boolean& handled)
   em MS.Win32.HwndSubclass.DispatcherCallbackOperation(Object o)
   em System.Windows.Threading.ExceptionWrapper.InternalRealCall(Delegate callback, Object args, Int32 numArgs)
   em System.Windows.Threading.ExceptionWrapper.TryCatchWhen(Object source, Delegate callback, Object args, Int32 numArgs, Delegate catchHandler)

               -------------- Error (2025-10-14 17:56:41.5568) --------------
               
               Call Site: PDV.Telas.VwErro.Show
               Exception Type: System.OutOfMemoryException
               Exception Message: Memória insuficiente para continuar a execução do programa.
               Stack Trace:    em System.Windows.Media.Composition.DUCE.Channel.SyncFlush()
   em System.Windows.Interop.HwndTarget.UpdateWindowSettings(Boolean enableRenderTarget, Nullable`1 channelSet)
   em System.Windows.Interop.HwndTarget.UpdateWindowPos(IntPtr lParam)
   em System.Windows.Interop.HwndTarget.HandleMessage(WindowMessage msg, IntPtr wparam, IntPtr lparam)
   em System.Windows.Interop.HwndSource.HwndTargetFilterMessage(IntPtr hwnd, Int32 msg, IntPtr wParam, IntPtr lParam, Boolean& handled)
   em MS.Win32.HwndWrapper.WndProc(IntPtr hwnd, Int32 msg, IntPtr wParam, IntPtr lParam, Boolean& handled)
   em MS.Win32.HwndSubclass.DispatcherCallbackOperation(Object o)
   em System.Windows.Threading.ExceptionWrapper.InternalRealCall(Delegate callback, Object args, Int32 numArgs)
   em System.Windows.Threading.ExceptionWrapper.TryCatchWhen(Object source, Delegate callback, Object args, Int32 numArgs, Delegate catchHandler)

               -------------- Error (2025-10-14 17:56:41.5688) --------------
               
               Call Site: PDV.Telas.VwErro.Show
               Exception Type: System.OutOfMemoryException
               Exception Message: Memória insuficiente para continuar a execução do programa.
               Stack Trace:    em System.Windows.Media.Composition.DUCE.Channel.SyncFlush()
   em System.Windows.Interop.HwndTarget.UpdateWindowSettings(Boolean enableRenderTarget, Nullable`1 channelSet)
   em System.Windows.Interop.HwndTarget.UpdateWindowPos(IntPtr lParam)
   em System.Windows.Interop.HwndTarget.HandleMessage(WindowMessage msg, IntPtr wparam, IntPtr lparam)
   em System.Windows.Interop.HwndSource.HwndTargetFilterMessage(IntPtr hwnd, Int32 msg, IntPtr wParam, IntPtr lParam, Boolean& handled)
   em MS.Win32.HwndWrapper.WndProc(IntPtr hwnd, Int32 msg, IntPtr wParam, IntPtr lParam, Boolean& handled)
   em MS.Win32.HwndSubclass.DispatcherCallbackOperation(Object o)
   em System.Windows.Threading.ExceptionWrapper.InternalRealCall(Delegate callback, Object args, Int32 numArgs)
   em System.Windows.Threading.ExceptionWrapper.TryCatchWhen(Object source, Delegate callback, Object args, Int32 numArgs, Delegate catchHandler)

               -------------- Error (2025-10-14 17:56:41.5808) --------------
               
               Call Site: PDV.Telas.VwErro.Show
               Exception Type: System.OutOfMemoryException
               Exception Message: Memória insuficiente para continuar a execução do programa.
               Stack Trace:    em System.Windows.Media.Composition.DUCE.Channel.SyncFlush()
   em System.Windows.Interop.HwndTarget.UpdateWindowSettings(Boolean enableRenderTarget, Nullable`1 channelSet)
   em System.Windows.Interop.HwndTarget.UpdateWindowPos(IntPtr lParam)
   em System.Windows.Interop.HwndTarget.HandleMessage(WindowMessage msg, IntPtr wparam, IntPtr lparam)
   em System.Windows.Interop.HwndSource.HwndTargetFilterMessage(IntPtr hwnd, Int32 msg, IntPtr wParam, IntPtr lParam, Boolean& handled)
   em MS.Win32.HwndWrapper.WndProc(IntPtr hwnd, Int32 msg, IntPtr wParam, IntPtr lParam, Boolean& handled)
   em MS.Win32.HwndSubclass.DispatcherCallbackOperation(Object o)
   em System.Windows.Threading.ExceptionWrapper.InternalRealCall(Delegate callback, Object args, Int32 numArgs)
   em System.Windows.Threading.ExceptionWrapper.TryCatchWhen(Object source, Delegate callback, Object args, Int32 numArgs, Delegate catchHandler)

               -------------- Error (2025-10-14 17:56:41.5938) --------------
               
               Call Site: PDV.Telas.VwErro.Show
               Exception Type: System.OutOfMemoryException
               Exception Message: Memória insuficiente para continuar a execução do programa.
               Stack Trace:    em System.Windows.Media.Composition.DUCE.Channel.SyncFlush()
   em System.Windows.Interop.HwndTarget.UpdateWindowSettings(Boolean enableRenderTarget, Nullable`1 channelSet)
   em System.Windows.Interop.HwndTarget.UpdateWindowPos(IntPtr lParam)
   em System.Windows.Interop.HwndTarget.HandleMessage(WindowMessage msg, IntPtr wparam, IntPtr lparam)
   em System.Windows.Interop.HwndSource.HwndTargetFilterMessage(IntPtr hwnd, Int32 msg, IntPtr wParam, IntPtr lParam, Boolean& handled)
   em MS.Win32.HwndWrapper.WndProc(IntPtr hwnd, Int32 msg, IntPtr wParam, IntPtr lParam, Boolean& handled)
   em MS.Win32.HwndSubclass.DispatcherCallbackOperation(Object o)
   em System.Windows.Threading.ExceptionWrapper.InternalRealCall(Delegate callback, Object args, Int32 numArgs)
   em System.Windows.Threading.ExceptionWrapper.TryCatchWhen(Object source, Delegate callback, Object args, Int32 numArgs, Delegate catchHandler)

               -------------- Error (2025-10-14 17:56:41.5938) --------------
               
               Call Site: PDV.Telas.VwErro.Show
               Exception Type: System.OutOfMemoryException
               Exception Message: Memória insuficiente para continuar a execução do programa.
               Stack Trace:    em System.Windows.Media.Composition.DUCE.Channel.SyncFlush()
   em System.Windows.Interop.HwndTarget.UpdateWindowSettings(Boolean enableRenderTarget, Nullable`1 channelSet)
   em System.Windows.Interop.HwndTarget.UpdateWindowPos(IntPtr lParam)
   em System.Windows.Interop.HwndTarget.HandleMessage(WindowMessage msg, IntPtr wparam, IntPtr lparam)
   em System.Windows.Interop.HwndSource.HwndTargetFilterMessage(IntPtr hwnd, Int32 msg, IntPtr wParam, IntPtr lParam, Boolean& handled)
   em MS.Win32.HwndWrapper.WndProc(IntPtr hwnd, Int32 msg, IntPtr wParam, IntPtr lParam, Boolean& handled)
   em MS.Win32.HwndSubclass.DispatcherCallbackOperation(Object o)
   em System.Windows.Threading.ExceptionWrapper.InternalRealCall(Delegate callback, Object args, Int32 numArgs)
   em System.Windows.Threading.ExceptionWrapper.TryCatchWhen(Object source, Delegate callback, Object args, Int32 numArgs, Delegate catchHandler)

               -------------- Error (2025-10-14 17:56:41.6178) --------------
               
               Call Site: PDV.Telas.VwErro.Show
               Exception Type: System.OutOfMemoryException
               Exception Message: Memória insuficiente para continuar a execução do programa.
               Stack Trace:    em System.Windows.Media.Composition.DUCE.Channel.SyncFlush()
   em System.Windows.Interop.HwndTarget.UpdateWindowSettings(Boolean enableRenderTarget, Nullable`1 channelSet)
   em System.Windows.Interop.HwndTarget.UpdateWindowPos(IntPtr lParam)
   em System.Windows.Interop.HwndTarget.HandleMessage(WindowMessage msg, IntPtr wparam, IntPtr lparam)
   em System.Windows.Interop.HwndSource.HwndTargetFilterMessage(IntPtr hwnd, Int32 msg, IntPtr wParam, IntPtr lParam, Boolean& handled)
   em MS.Win32.HwndWrapper.WndProc(IntPtr hwnd, Int32 msg, IntPtr wParam, IntPtr lParam, Boolean& handled)
   em MS.Win32.HwndSubclass.DispatcherCallbackOperation(Object o)
   em System.Windows.Threading.ExceptionWrapper.InternalRealCall(Delegate callback, Object args, Int32 numArgs)
   em System.Windows.Threading.ExceptionWrapper.TryCatchWhen(Object source, Delegate callback, Object args, Int32 numArgs, Delegate catchHandler)

               -------------- Error (2025-10-14 17:56:41.6308) --------------
               
               Call Site: PDV.Telas.VwErro.Show
               Exception Type: System.OutOfMemoryException
               Exception Message: Memória insuficiente para continuar a execução do programa.
               Stack Trace:    em System.Windows.Media.Composition.DUCE.Channel.SyncFlush()
   em System.Windows.Interop.HwndTarget.UpdateWindowSettings(Boolean enableRenderTarget, Nullable`1 channelSet)
   em System.Windows.Interop.HwndTarget.UpdateWindowPos(IntPtr lParam)
   em System.Windows.Interop.HwndTarget.HandleMessage(WindowMessage msg, IntPtr wparam, IntPtr lparam)
   em System.Windows.Interop.HwndSource.HwndTargetFilterMessage(IntPtr hwnd, Int32 msg, IntPtr wParam, IntPtr lParam, Boolean& handled)
   em MS.Win32.HwndWrapper.WndProc(IntPtr hwnd, Int32 msg, IntPtr wParam, IntPtr lParam, Boolean& handled)
   em MS.Win32.HwndSubclass.DispatcherCallbackOperation(Object o)
   em System.Windows.Threading.ExceptionWrapper.InternalRealCall(Delegate callback, Object args, Int32 numArgs)
   em System.Windows.Threading.ExceptionWrapper.TryCatchWhen(Object source, Delegate callback, Object args, Int32 numArgs, Delegate catchHandler)

               -------------- Error (2025-10-14 17:56:41.6428) --------------
               
               Call Site: PDV.Telas.VwErro.Show
               Exception Type: System.OutOfMemoryException
               Exception Message: Memória insuficiente para continuar a execução do programa.
               Stack Trace:    em System.Windows.Media.Composition.DUCE.Channel.SyncFlush()
   em System.Windows.Interop.HwndTarget.UpdateWindowSettings(Boolean enableRenderTarget, Nullable`1 channelSet)
   em System.Windows.Interop.HwndTarget.UpdateWindowPos(IntPtr lParam)
   em System.Windows.Interop.HwndTarget.HandleMessage(WindowMessage msg, IntPtr wparam, IntPtr lparam)
   em System.Windows.Interop.HwndSource.HwndTargetFilterMessage(IntPtr hwnd, Int32 msg, IntPtr wParam, IntPtr lParam, Boolean& handled)
   em MS.Win32.HwndWrapper.WndProc(IntPtr hwnd, Int32 msg, IntPtr wParam, IntPtr lParam, Boolean& handled)
   em MS.Win32.HwndSubclass.DispatcherCallbackOperation(Object o)
   em System.Windows.Threading.ExceptionWrapper.InternalRealCall(Delegate callback, Object args, Int32 numArgs)
   em System.Windows.Threading.ExceptionWrapper.TryCatchWhen(Object source, Delegate callback, Object args, Int32 numArgs, Delegate catchHandler)

               -------------- Error (2025-10-14 17:56:41.6428) --------------
               
               Call Site: PDV.Telas.VwErro.Show
               Exception Type: System.OutOfMemoryException
               Exception Message: Memória insuficiente para continuar a execução do programa.
               Stack Trace:    em System.Windows.Media.Composition.DUCE.Channel.SyncFlush()
   em System.Windows.Interop.HwndTarget.UpdateWindowSettings(Boolean enableRenderTarget, Nullable`1 channelSet)
   em System.Windows.Interop.HwndTarget.UpdateWindowPos(IntPtr lParam)
   em System.Windows.Interop.HwndTarget.HandleMessage(WindowMessage msg, IntPtr wparam, IntPtr lparam)
   em System.Windows.Interop.HwndSource.HwndTargetFilterMessage(IntPtr hwnd, Int32 msg, IntPtr wParam, IntPtr lParam, Boolean& handled)
   em MS.Win32.HwndWrapper.WndProc(IntPtr hwnd, Int32 msg, IntPtr wParam, IntPtr lParam, Boolean& handled)
   em MS.Win32.HwndSubclass.DispatcherCallbackOperation(Object o)
   em System.Windows.Threading.ExceptionWrapper.InternalRealCall(Delegate callback, Object args, Int32 numArgs)
   em System.Windows.Threading.ExceptionWrapper.TryCatchWhen(Object source, Delegate callback, Object args, Int32 numArgs, Delegate catchHandler)

               -------------- Error (2025-10-14 17:56:41.6678) --------------
               
               Call Site: PDV.Telas.VwErro.Show
               Exception Type: System.OutOfMemoryException
               Exception Message: Memória insuficiente para continuar a execução do programa.
               Stack Trace:    em System.Windows.Media.Composition.DUCE.Channel.SyncFlush()
   em System.Windows.Interop.HwndTarget.UpdateWindowSettings(Boolean enableRenderTarget, Nullable`1 channelSet)
   em System.Windows.Interop.HwndTarget.UpdateWindowPos(IntPtr lParam)
   em System.Windows.Interop.HwndTarget.HandleMessage(WindowMessage msg, IntPtr wparam, IntPtr lparam)
   em System.Windows.Interop.HwndSource.HwndTargetFilterMessage(IntPtr hwnd, Int32 msg, IntPtr wParam, IntPtr lParam, Boolean& handled)
   em MS.Win32.HwndWrapper.WndProc(IntPtr hwnd, Int32 msg, IntPtr wParam, IntPtr lParam, Boolean& handled)
   em MS.Win32.HwndSubclass.DispatcherCallbackOperation(Object o)
   em System.Windows.Threading.ExceptionWrapper.InternalRealCall(Delegate callback, Object args, Int32 numArgs)
   em System.Windows.Threading.ExceptionWrapper.TryCatchWhen(Object source, Delegate callback, Object args, Int32 numArgs, Delegate catchHandler)

               -------------- Error (2025-10-14 17:56:41.6808) --------------
               
               Call Site: PDV.Telas.VwErro.Show
               Exception Type: System.OutOfMemoryException
               Exception Message: Memória insuficiente para continuar a execução do programa.
               Stack Trace:    em System.Windows.Media.Composition.DUCE.Channel.SyncFlush()
   em System.Windows.Interop.HwndTarget.UpdateWindowSettings(Boolean enableRenderTarget, Nullable`1 channelSet)
   em System.Windows.Interop.HwndTarget.UpdateWindowPos(IntPtr lParam)
   em System.Windows.Interop.HwndTarget.HandleMessage(WindowMessage msg, IntPtr wparam, IntPtr lparam)
   em System.Windows.Interop.HwndSource.HwndTargetFilterMessage(IntPtr hwnd, Int32 msg, IntPtr wParam, IntPtr lParam, Boolean& handled)
   em MS.Win32.HwndWrapper.WndProc(IntPtr hwnd, Int32 msg, IntPtr wParam, IntPtr lParam, Boolean& handled)
   em MS.Win32.HwndSubclass.DispatcherCallbackOperation(Object o)
   em System.Windows.Threading.ExceptionWrapper.InternalRealCall(Delegate callback, Object args, Int32 numArgs)
   em System.Windows.Threading.ExceptionWrapper.TryCatchWhen(Object source, Delegate callback, Object args, Int32 numArgs, Delegate catchHandler)

               -------------- Error (2025-10-14 17:56:41.6928) --------------
               
               Call Site: PDV.Telas.VwErro.Show
               Exception Type: System.OutOfMemoryException
               Exception Message: Memória insuficiente para continuar a execução do programa.
               Stack Trace:    em System.Windows.Media.Composition.DUCE.Channel.SyncFlush()
   em System.Windows.Interop.HwndTarget.UpdateWindowSettings(Boolean enableRenderTarget, Nullable`1 channelSet)
   em System.Windows.Interop.HwndTarget.UpdateWindowPos(IntPtr lParam)
   em System.Windows.Interop.HwndTarget.HandleMessage(WindowMessage msg, IntPtr wparam, IntPtr lparam)
   em System.Windows.Interop.HwndSource.HwndTargetFilterMessage(IntPtr hwnd, Int32 msg, IntPtr wParam, IntPtr lParam, Boolean& handled)
   em MS.Win32.HwndWrapper.WndProc(IntPtr hwnd, Int32 msg, IntPtr wParam, IntPtr lParam, Boolean& handled)
   em MS.Win32.HwndSubclass.DispatcherCallbackOperation(Object o)
   em System.Windows.Threading.ExceptionWrapper.InternalRealCall(Delegate callback, Object args, Int32 numArgs)
   em System.Windows.Threading.ExceptionWrapper.TryCatchWhen(Object source, Delegate callback, Object args, Int32 numArgs, Delegate catchHandler)

               -------------- Error (2025-10-14 17:56:41.7068) --------------
               
               Call Site: PDV.Telas.VwErro.Show
               Exception Type: System.OutOfMemoryException
               Exception Message: Memória insuficiente para continuar a execução do programa.
               Stack Trace:    em System.Windows.Media.Composition.DUCE.Channel.SyncFlush()
   em System.Windows.Interop.HwndTarget.UpdateWindowSettings(Boolean enableRenderTarget, Nullable`1 channelSet)
   em System.Windows.Interop.HwndTarget.UpdateWindowPos(IntPtr lParam)
   em System.Windows.Interop.HwndTarget.HandleMessage(WindowMessage msg, IntPtr wparam, IntPtr lparam)
   em System.Windows.Interop.HwndSource.HwndTargetFilterMessage(IntPtr hwnd, Int32 msg, IntPtr wParam, IntPtr lParam, Boolean& handled)
   em MS.Win32.HwndWrapper.WndProc(IntPtr hwnd, Int32 msg, IntPtr wParam, IntPtr lParam, Boolean& handled)
   em MS.Win32.HwndSubclass.DispatcherCallbackOperation(Object o)
   em System.Windows.Threading.ExceptionWrapper.InternalRealCall(Delegate callback, Object args, Int32 numArgs)
   em System.Windows.Threading.ExceptionWrapper.TryCatchWhen(Object source, Delegate callback, Object args, Int32 numArgs, Delegate catchHandler)

               -------------- Error (2025-10-14 17:56:41.7238) --------------
               
               Call Site: PDV.Telas.VwErro.Show
               Exception Type: System.OutOfMemoryException
               Exception Message: Memória insuficiente para continuar a execução do programa.
               Stack Trace:    em System.Windows.Media.Composition.DUCE.Channel.SyncFlush()
   em System.Windows.Interop.HwndTarget.UpdateWindowSettings(Boolean enableRenderTarget, Nullable`1 channelSet)
   em System.Windows.Interop.HwndTarget.UpdateWindowPos(IntPtr lParam)
   em System.Windows.Interop.HwndTarget.HandleMessage(WindowMessage msg, IntPtr wparam, IntPtr lparam)
   em System.Windows.Interop.HwndSource.HwndTargetFilterMessage(IntPtr hwnd, Int32 msg, IntPtr wParam, IntPtr lParam, Boolean& handled)
   em MS.Win32.HwndWrapper.WndProc(IntPtr hwnd, Int32 msg, IntPtr wParam, IntPtr lParam, Boolean& handled)
   em MS.Win32.HwndSubclass.DispatcherCallbackOperation(Object o)
   em System.Windows.Threading.ExceptionWrapper.InternalRealCall(Delegate callback, Object args, Int32 numArgs)
   em System.Windows.Threading.ExceptionWrapper.TryCatchWhen(Object source, Delegate callback, Object args, Int32 numArgs, Delegate catchHandler)

               -------------- Error (2025-10-14 17:56:41.7368) --------------
               
               Call Site: PDV.Telas.VwErro.Show
               Exception Type: System.OutOfMemoryException
               Exception Message: Memória insuficiente para continuar a execução do programa.
               Stack Trace:    em System.Windows.Media.Composition.DUCE.Channel.SyncFlush()
   em System.Windows.Interop.HwndTarget.UpdateWindowSettings(Boolean enableRenderTarget, Nullable`1 channelSet)
   em System.Windows.Interop.HwndTarget.UpdateWindowPos(IntPtr lParam)
   em System.Windows.Interop.HwndTarget.HandleMessage(WindowMessage msg, IntPtr wparam, IntPtr lparam)
   em System.Windows.Interop.HwndSource.HwndTargetFilterMessage(IntPtr hwnd, Int32 msg, IntPtr wParam, IntPtr lParam, Boolean& handled)
   em MS.Win32.HwndWrapper.WndProc(IntPtr hwnd, Int32 msg, IntPtr wParam, IntPtr lParam, Boolean& handled)
   em MS.Win32.HwndSubclass.DispatcherCallbackOperation(Object o)
   em System.Windows.Threading.ExceptionWrapper.InternalRealCall(Delegate callback, Object args, Int32 numArgs)
   em System.Windows.Threading.ExceptionWrapper.TryCatchWhen(Object source, Delegate callback, Object args, Int32 numArgs, Delegate catchHandler)

               -------------- Error (2025-10-14 17:56:41.7368) --------------
               
               Call Site: PDV.Telas.VwErro.Show
               Exception Type: System.OutOfMemoryException
               Exception Message: Memória insuficiente para continuar a execução do programa.
               Stack Trace:    em System.Windows.Media.Composition.DUCE.Channel.SyncFlush()
   em System.Windows.Interop.HwndTarget.UpdateWindowSettings(Boolean enableRenderTarget, Nullable`1 channelSet)
   em System.Windows.Interop.HwndTarget.UpdateWindowPos(IntPtr lParam)
   em System.Windows.Interop.HwndTarget.HandleMessage(WindowMessage msg, IntPtr wparam, IntPtr lparam)
   em System.Windows.Interop.HwndSource.HwndTargetFilterMessage(IntPtr hwnd, Int32 msg, IntPtr wParam, IntPtr lParam, Boolean& handled)
   em MS.Win32.HwndWrapper.WndProc(IntPtr hwnd, Int32 msg, IntPtr wParam, IntPtr lParam, Boolean& handled)
   em MS.Win32.HwndSubclass.DispatcherCallbackOperation(Object o)
   em System.Windows.Threading.ExceptionWrapper.InternalRealCall(Delegate callback, Object args, Int32 numArgs)
   em System.Windows.Threading.ExceptionWrapper.TryCatchWhen(Object source, Delegate callback, Object args, Int32 numArgs, Delegate catchHandler)

               -------------- Error (2025-10-14 17:56:41.7748) --------------
               
               Call Site: PDV.Telas.VwErro.Show
               Exception Type: System.OutOfMemoryException
               Exception Message: Memória insuficiente para continuar a execução do programa.
               Stack Trace:    em System.Windows.Media.Composition.DUCE.Channel.SyncFlush()
   em System.Windows.Interop.HwndTarget.UpdateWindowSettings(Boolean enableRenderTarget, Nullable`1 channelSet)
   em System.Windows.Interop.HwndTarget.UpdateWindowPos(IntPtr lParam)
   em System.Windows.Interop.HwndTarget.HandleMessage(WindowMessage msg, IntPtr wparam, IntPtr lparam)
   em System.Windows.Interop.HwndSource.HwndTargetFilterMessage(IntPtr hwnd, Int32 msg, IntPtr wParam, IntPtr lParam, Boolean& handled)
   em MS.Win32.HwndWrapper.WndProc(IntPtr hwnd, Int32 msg, IntPtr wParam, IntPtr lParam, Boolean& handled)
   em MS.Win32.HwndSubclass.DispatcherCallbackOperation(Object o)
   em System.Windows.Threading.ExceptionWrapper.InternalRealCall(Delegate callback, Object args, Int32 numArgs)
   em System.Windows.Threading.ExceptionWrapper.TryCatchWhen(Object source, Delegate callback, Object args, Int32 numArgs, Delegate catchHandler)

