2025-10-07 14:17:47.4937: Verificando versão para atualização de PDV.
2025-10-07 14:17:47.9044: Atualização
2025-10-07 14:18:05.3872: Iniciando rotina de sincronização de caixa...
2025-10-07 14:25:21.1300: Calculando totais da venda...
2025-10-07 14:25:59.9268: Calculando totais da venda...
2025-10-07 14:26:22.4237: Validando desconto atribuído ao cliente...
2025-10-07 14:26:39.8227: Iniciando finalização da venda Id 6155...
2025-10-07 14:26:39.8227: Verificando repique de troco...
2025-10-07 14:26:39.8227: Calculando totais da venda...
2025-10-07 14:26:47.5257: Aguarde, estamos realizando a emissão da NFC-e...
2025-10-07 14:26:47.6118: Validando NFC-e...
2025-10-07 14:26:47.6328: Tipo de emissão NFC-e: NORMAL
2025-10-07 14:26:47.6328: Gerando XML de NFC-e...
2025-10-07 14:26:47.6478: Realizando conversão da venda para XML...
2025-10-07 14:26:47.7508: Conversão realizada com sucesso para a NFC-e id: NFe42251029005632000120650010000303881923341644
2025-10-07 14:26:48.1078: Assinando XML...
2025-10-07 14:26:49.5722: XML assinado com sucesso!
2025-10-07 14:26:49.5722: Enviando NFC-e para a SEFAZ...
2025-10-07 14:27:01.4397: Retorno da SEFAZ: 100 - Autorizado o uso da NF-e
2025-10-07 14:27:01.4397: Numeração de NFC-e atualizada para Nr. 30389
2025-10-07 14:27:01.4547: Finalizando Venda e validando NF emitida...
2025-10-07 14:27:01.8673: Venda finalizada com sucesso!
2025-10-07 14:27:01.8673: Realizando rotinas pós-venda...
2025-10-07 14:27:01.8823: Enviando e-mail...
2025-10-07 14:27:01.8823: Iniciando rotina de sincronização da venda 6155...
2025-10-07 14:27:01.8823: Todas as rotinas da venda 6155 foram concluídas com sucesso!
2025-10-07 14:27:01.8823: Imprimindo DANFe...
2025-10-07 14:39:02.2569: Calculando totais da venda...
2025-10-07 14:39:05.5850: Iniciando finalização da venda Id 6156...
2025-10-07 14:39:05.5850: Verificando repique de troco...
2025-10-07 14:39:05.5850: Calculando totais da venda...
2025-10-07 14:39:06.8350: Aguarde, estamos realizando a emissão da NFC-e...
2025-10-07 14:39:06.9382: Validando NFC-e...
2025-10-07 14:39:06.9382: Tipo de emissão NFC-e: NORMAL
2025-10-07 14:39:06.9382: Gerando XML de NFC-e...
2025-10-07 14:39:06.9382: Realizando conversão da venda para XML...
2025-10-07 14:39:06.9582: Conversão realizada com sucesso para a NFC-e id: NFe42251029005632000120650010000303891516714228
2025-10-07 14:39:06.9582: Assinando XML...
2025-10-07 14:39:07.0442: XML assinado com sucesso!
2025-10-07 14:39:07.0442: Enviando NFC-e para a SEFAZ...
2025-10-07 14:39:07.6309: Retorno da SEFAZ: 100 - Autorizado o uso da NF-e
2025-10-07 14:39:07.6309: Numeração de NFC-e atualizada para Nr. 30390
2025-10-07 14:39:07.6399: Finalizando Venda e validando NF emitida...
2025-10-07 14:39:08.0409: Venda finalizada com sucesso!
2025-10-07 14:39:08.0409: Realizando rotinas pós-venda...
2025-10-07 14:39:08.0409: Enviando e-mail...
2025-10-07 14:39:08.0459: Iniciando rotina de sincronização da venda 6156...
2025-10-07 14:39:08.0459: Todas as rotinas da venda 6156 foram concluídas com sucesso!
2025-10-07 14:39:08.0459: Imprimindo DANFe...
2025-10-07 14:40:19.3337: Calculando totais da venda...
2025-10-07 14:40:22.4946: Iniciando finalização da venda Id 6157...
2025-10-07 14:40:22.4946: Verificando repique de troco...
2025-10-07 14:40:22.4946: Calculando totais da venda...
2025-10-07 14:40:28.4802: Aguarde, estamos realizando a emissão da NFC-e...
2025-10-07 14:40:28.5727: Validando NFC-e...
2025-10-07 14:40:28.5727: Tipo de emissão NFC-e: NORMAL
2025-10-07 14:40:28.5727: Gerando XML de NFC-e...
2025-10-07 14:40:28.5787: Realizando conversão da venda para XML...
2025-10-07 14:40:28.5787: Conversão realizada com sucesso para a NFC-e id: NFe42251029005632000120650010000303901719267375
2025-10-07 14:40:28.5787: Assinando XML...
2025-10-07 14:40:28.6697: XML assinado com sucesso!
2025-10-07 14:40:28.6697: Enviando NFC-e para a SEFAZ...
2025-10-07 14:40:29.0330: Retorno da SEFAZ: 100 - Autorizado o uso da NF-e
2025-10-07 14:40:29.0330: Numeração de NFC-e atualizada para Nr. 30391
2025-10-07 14:40:29.0330: Finalizando Venda e validando NF emitida...
2025-10-07 14:40:29.0670: Venda finalizada com sucesso!
2025-10-07 14:40:29.0670: Realizando rotinas pós-venda...
2025-10-07 14:40:29.0670: Enviando e-mail...
2025-10-07 14:40:29.0670: Iniciando rotina de sincronização da venda 6157...
2025-10-07 14:40:29.0670: Todas as rotinas da venda 6157 foram concluídas com sucesso!
2025-10-07 14:40:29.0670: Imprimindo DANFe...
2025-10-07 14:48:45.4434: Calculando totais da venda...
2025-10-07 14:48:50.2632: Validando desconto atribuído ao cliente...
2025-10-07 14:49:33.4540: Iniciando finalização da venda Id 6158...
2025-10-07 14:49:33.4540: Verificando repique de troco...
2025-10-07 14:49:33.4540: Calculando totais da venda...
2025-10-07 14:49:33.9100: Iniciando finalização da venda Id 6158...
2025-10-07 14:49:33.9100: Verificando repique de troco...
2025-10-07 14:49:33.9100: Calculando totais da venda...
2025-10-07 14:49:34.7210: Aguarde, estamos realizando a emissão da NFC-e...
2025-10-07 14:49:34.8073: Validando NFC-e...
2025-10-07 14:49:34.8133: Tipo de emissão NFC-e: NORMAL
2025-10-07 14:49:34.8133: Gerando XML de NFC-e...
2025-10-07 14:49:34.8133: Realizando conversão da venda para XML...
2025-10-07 14:49:34.8133: Conversão realizada com sucesso para a NFC-e id: NFe42251029005632000120650010000303911163135248
2025-10-07 14:49:34.8133: Assinando XML...
2025-10-07 14:49:34.9113: XML assinado com sucesso!
2025-10-07 14:49:34.9113: Enviando NFC-e para a SEFAZ...
2025-10-07 14:49:35.5402: Retorno da SEFAZ: 100 - Autorizado o uso da NF-e
2025-10-07 14:49:35.5402: Numeração de NFC-e atualizada para Nr. 30392
2025-10-07 14:49:35.5490: Finalizando Venda e validando NF emitida...
2025-10-07 14:49:35.9626: Venda finalizada com sucesso!
2025-10-07 14:49:35.9626: Realizando rotinas pós-venda...
2025-10-07 14:49:35.9626: Enviando e-mail...
2025-10-07 14:49:35.9626: Iniciando rotina de sincronização da venda 6158...
2025-10-07 14:49:35.9676: Todas as rotinas da venda 6158 foram concluídas com sucesso!
2025-10-07 14:49:35.9676: Imprimindo DANFe...
2025-10-07 15:03:24.2499: Calculando totais da venda...
2025-10-07 15:03:27.9903: Validando desconto atribuído ao cliente...
2025-10-07 15:03:52.2558: Iniciando finalização da venda Id 6159...
2025-10-07 15:03:52.2558: Verificando repique de troco...
2025-10-07 15:03:52.2558: Calculando totais da venda...
2025-10-07 15:03:53.0656: Aguarde, estamos realizando a emissão da NFC-e...
2025-10-07 15:03:53.1445: Validando NFC-e...
2025-10-07 15:03:53.1445: Tipo de emissão NFC-e: NORMAL
2025-10-07 15:03:53.1445: Gerando XML de NFC-e...
2025-10-07 15:03:53.1445: Realizando conversão da venda para XML...
2025-10-07 15:03:53.1615: Conversão realizada com sucesso para a NFC-e id: NFe42251029005632000120650010000303921261767483
2025-10-07 15:03:53.1615: Assinando XML...
2025-10-07 15:03:53.2545: XML assinado com sucesso!
2025-10-07 15:03:53.2545: Enviando NFC-e para a SEFAZ...
2025-10-07 15:03:53.9544: Retorno da SEFAZ: 100 - Autorizado o uso da NF-e
2025-10-07 15:03:53.9544: Numeração de NFC-e atualizada para Nr. 30393
2025-10-07 15:03:53.9544: Finalizando Venda e validando NF emitida...
2025-10-07 15:03:54.3742: Venda finalizada com sucesso!
2025-10-07 15:03:54.3742: Realizando rotinas pós-venda...
2025-10-07 15:03:54.3742: Enviando e-mail...
2025-10-07 15:03:56.7455: Iniciando rotina de sincronização da venda 6159...
2025-10-07 15:03:56.7455: Todas as rotinas da venda 6159 foram concluídas com sucesso!
2025-10-07 15:03:56.7455: Imprimindo DANFe...
2025-10-07 15:08:49.5694: Calculando totais da venda...
2025-10-07 15:08:52.2140: Iniciando finalização da venda Id 6160...
2025-10-07 15:08:52.2140: Verificando repique de troco...
2025-10-07 15:08:52.2140: Calculando totais da venda...
2025-10-07 15:08:53.2517: Aguarde, estamos realizando a emissão da NFC-e...
2025-10-07 15:08:53.3297: Validando NFC-e...
2025-10-07 15:08:53.3297: Tipo de emissão NFC-e: NORMAL
2025-10-07 15:08:53.3297: Gerando XML de NFC-e...
2025-10-07 15:08:53.3297: Realizando conversão da venda para XML...
2025-10-07 15:08:53.3497: Conversão realizada com sucesso para a NFC-e id: NFe42251029005632000120650010000303931845582294
2025-10-07 15:08:53.3497: Assinando XML...
2025-10-07 15:08:53.4807: XML assinado com sucesso!
2025-10-07 15:08:53.4807: Enviando NFC-e para a SEFAZ...
2025-10-07 15:08:53.9970: Retorno da SEFAZ: 100 - Autorizado o uso da NF-e
2025-10-07 15:08:53.9990: Numeração de NFC-e atualizada para Nr. 30394
2025-10-07 15:08:53.9990: Finalizando Venda e validando NF emitida...
2025-10-07 15:08:54.0430: Venda finalizada com sucesso!
2025-10-07 15:08:54.0430: Realizando rotinas pós-venda...
2025-10-07 15:08:54.0430: Enviando e-mail...
2025-10-07 15:08:54.0430: Iniciando rotina de sincronização da venda 6160...
2025-10-07 15:08:54.0470: Todas as rotinas da venda 6160 foram concluídas com sucesso!
2025-10-07 15:08:54.0470: Imprimindo DANFe...
2025-10-07 15:09:42.5981: Calculando totais da venda...
2025-10-07 15:09:45.1261: Iniciando finalização da venda Id 6161...
2025-10-07 15:09:45.1261: Verificando repique de troco...
2025-10-07 15:09:45.1261: Calculando totais da venda...
2025-10-07 15:09:46.3905: Aguarde, estamos realizando a emissão da NFC-e...
2025-10-07 15:09:46.4765: Validando NFC-e...
2025-10-07 15:09:46.4765: Tipo de emissão NFC-e: NORMAL
2025-10-07 15:09:46.4835: Gerando XML de NFC-e...
2025-10-07 15:09:46.4835: Realizando conversão da venda para XML...
2025-10-07 15:09:46.4835: Conversão realizada com sucesso para a NFC-e id: NFe42251029005632000120650010000303941662451368
2025-10-07 15:09:46.4835: Assinando XML...
2025-10-07 15:09:46.5935: XML assinado com sucesso!
2025-10-07 15:09:46.5935: Enviando NFC-e para a SEFAZ...
2025-10-07 15:09:47.0346: Retorno da SEFAZ: 100 - Autorizado o uso da NF-e
2025-10-07 15:09:47.0346: Numeração de NFC-e atualizada para Nr. 30395
2025-10-07 15:09:47.0346: Finalizando Venda e validando NF emitida...
2025-10-07 15:09:47.0756: Venda finalizada com sucesso!
2025-10-07 15:09:47.0756: Realizando rotinas pós-venda...
2025-10-07 15:09:47.0776: Enviando e-mail...
2025-10-07 15:09:47.0776: Iniciando rotina de sincronização da venda 6161...
2025-10-07 15:09:47.0776: Todas as rotinas da venda 6161 foram concluídas com sucesso!
2025-10-07 15:09:47.0776: Imprimindo DANFe...
2025-10-07 15:22:38.4623: Calculando totais da venda...
2025-10-07 15:22:41.3783: Iniciando finalização da venda Id 6162...
2025-10-07 15:22:41.3783: Verificando repique de troco...
2025-10-07 15:22:41.3783: Calculando totais da venda...
2025-10-07 15:22:42.5037: Aguarde, estamos realizando a emissão da NFC-e...
2025-10-07 15:22:42.5987: Validando NFC-e...
2025-10-07 15:22:42.5987: Tipo de emissão NFC-e: NORMAL
2025-10-07 15:22:42.5987: Gerando XML de NFC-e...
2025-10-07 15:22:42.5987: Realizando conversão da venda para XML...
2025-10-07 15:22:42.6177: Conversão realizada com sucesso para a NFC-e id: NFe42251029005632000120650010000303951854568074
2025-10-07 15:22:42.6177: Assinando XML...
2025-10-07 15:22:42.7016: XML assinado com sucesso!
2025-10-07 15:22:42.7016: Enviando NFC-e para a SEFAZ...
2025-10-07 15:22:43.0994: Retorno da SEFAZ: 100 - Autorizado o uso da NF-e
2025-10-07 15:22:43.0994: Numeração de NFC-e atualizada para Nr. 30396
2025-10-07 15:22:43.0994: Finalizando Venda e validando NF emitida...
2025-10-07 15:22:43.1365: Venda finalizada com sucesso!
2025-10-07 15:22:43.1365: Realizando rotinas pós-venda...
2025-10-07 15:22:43.1365: Enviando e-mail...
2025-10-07 15:22:43.1395: Iniciando rotina de sincronização da venda 6162...
2025-10-07 15:22:43.1395: Todas as rotinas da venda 6162 foram concluídas com sucesso!
2025-10-07 15:22:43.1395: Imprimindo DANFe...
2025-10-07 15:30:29.5352: Calculando totais da venda...
2025-10-07 15:30:33.9550: Iniciando finalização da venda Id 6163...
2025-10-07 15:30:33.9550: Verificando repique de troco...
2025-10-07 15:30:33.9550: Calculando totais da venda...
2025-10-07 15:30:34.6104: Iniciando finalização da venda Id 6163...
2025-10-07 15:30:34.6104: Verificando repique de troco...
2025-10-07 15:30:34.6104: Calculando totais da venda...
2025-10-07 15:30:35.1520: Iniciando finalização da venda Id 6163...
2025-10-07 15:30:35.1520: Verificando repique de troco...
2025-10-07 15:30:35.1520: Calculando totais da venda...
2025-10-07 15:30:35.8530: Aguarde, estamos realizando a emissão da NFC-e...
2025-10-07 15:30:35.9401: Validando NFC-e...
2025-10-07 15:30:35.9401: Tipo de emissão NFC-e: NORMAL
2025-10-07 15:30:35.9401: Gerando XML de NFC-e...
2025-10-07 15:30:35.9401: Realizando conversão da venda para XML...
2025-10-07 15:30:35.9631: Conversão realizada com sucesso para a NFC-e id: NFe42251029005632000120650010000303961557079785
2025-10-07 15:30:35.9631: Assinando XML...
2025-10-07 15:30:36.0541: XML assinado com sucesso!
2025-10-07 15:30:36.0541: Enviando NFC-e para a SEFAZ...
2025-10-07 15:30:36.6743: Retorno da SEFAZ: 100 - Autorizado o uso da NF-e
2025-10-07 15:30:36.6743: Numeração de NFC-e atualizada para Nr. 30397
2025-10-07 15:30:36.6743: Finalizando Venda e validando NF emitida...
2025-10-07 15:30:37.0886: Venda finalizada com sucesso!
2025-10-07 15:30:37.0886: Realizando rotinas pós-venda...
2025-10-07 15:30:37.0886: Enviando e-mail...
2025-10-07 15:30:37.0886: Iniciando rotina de sincronização da venda 6163...
2025-10-07 15:30:37.0926: Todas as rotinas da venda 6163 foram concluídas com sucesso!
2025-10-07 15:30:37.0926: Imprimindo DANFe...
2025-10-07 15:41:13.5659: Calculando totais da venda...
2025-10-07 15:41:18.9169: Iniciando finalização da venda Id 6164...
2025-10-07 15:41:18.9169: Verificando repique de troco...
2025-10-07 15:41:18.9169: Calculando totais da venda...
2025-10-07 15:41:21.0209: Aguarde, estamos realizando a emissão da NFC-e...
2025-10-07 15:41:21.0969: Validando NFC-e...
2025-10-07 15:41:21.0969: Tipo de emissão NFC-e: NORMAL
2025-10-07 15:41:21.0969: Gerando XML de NFC-e...
2025-10-07 15:41:21.0969: Realizando conversão da venda para XML...
2025-10-07 15:41:21.1169: Conversão realizada com sucesso para a NFC-e id: NFe42251029005632000120650010000303971622811128
2025-10-07 15:41:21.1169: Assinando XML...
2025-10-07 15:41:21.2039: XML assinado com sucesso!
2025-10-07 15:41:21.2039: Enviando NFC-e para a SEFAZ...
2025-10-07 15:41:25.3415: Retorno da SEFAZ: 100 - Autorizado o uso da NF-e
2025-10-07 15:41:25.3436: Numeração de NFC-e atualizada para Nr. 30398
2025-10-07 15:41:25.3436: Finalizando Venda e validando NF emitida...
2025-10-07 15:41:25.3768: Venda finalizada com sucesso!
2025-10-07 15:41:25.3768: Realizando rotinas pós-venda...
2025-10-07 15:41:25.3768: Enviando e-mail...
2025-10-07 15:41:25.3768: Iniciando rotina de sincronização da venda 6164...
2025-10-07 15:41:25.3768: Todas as rotinas da venda 6164 foram concluídas com sucesso!
2025-10-07 15:41:25.3768: Imprimindo DANFe...
2025-10-07 15:43:53.9322: Calculando totais da venda...
2025-10-07 15:46:09.2270: Iniciando finalização da venda Id 6165...
2025-10-07 15:46:09.2270: Verificando repique de troco...
2025-10-07 15:46:09.2270: Calculando totais da venda...
2025-10-07 15:46:10.2779: Aguarde, estamos realizando a emissão da NFC-e...
2025-10-07 15:46:10.3609: Validando NFC-e...
2025-10-07 15:46:10.3609: Tipo de emissão NFC-e: NORMAL
2025-10-07 15:46:10.3609: Gerando XML de NFC-e...
2025-10-07 15:46:10.3609: Realizando conversão da venda para XML...
2025-10-07 15:46:10.3789: Conversão realizada com sucesso para a NFC-e id: NFe42251029005632000120650010000303981510700216
2025-10-07 15:46:10.3789: Assinando XML...
2025-10-07 15:46:10.4739: XML assinado com sucesso!
2025-10-07 15:46:10.4739: Enviando NFC-e para a SEFAZ...
2025-10-07 15:46:15.6967: Retorno da SEFAZ: 100 - Autorizado o uso da NF-e
2025-10-07 15:46:15.7027: Numeração de NFC-e atualizada para Nr. 30399
2025-10-07 15:46:15.7027: Finalizando Venda e validando NF emitida...
2025-10-07 15:46:15.7347: Venda finalizada com sucesso!
2025-10-07 15:46:15.7347: Realizando rotinas pós-venda...
2025-10-07 15:46:15.7347: Enviando e-mail...
2025-10-07 15:46:15.7347: Iniciando rotina de sincronização da venda 6165...
2025-10-07 15:46:15.7347: Todas as rotinas da venda 6165 foram concluídas com sucesso!
2025-10-07 15:46:15.7347: Imprimindo DANFe...
2025-10-07 15:46:47.1443: Calculando totais da venda...
2025-10-07 15:46:51.5713: Iniciando finalização da venda Id 6166...
2025-10-07 15:46:51.5713: Verificando repique de troco...
2025-10-07 15:46:51.5713: Calculando totais da venda...
2025-10-07 15:46:54.3396: Aguarde, estamos realizando a emissão da NFC-e...
2025-10-07 15:46:54.4453: Validando NFC-e...
2025-10-07 15:46:54.4453: Tipo de emissão NFC-e: NORMAL
2025-10-07 15:46:54.4453: Gerando XML de NFC-e...
2025-10-07 15:46:54.4523: Realizando conversão da venda para XML...
2025-10-07 15:46:54.4763: Conversão realizada com sucesso para a NFC-e id: NFe42251029005632000120650010000303991486785099
2025-10-07 15:46:54.4763: Assinando XML...
2025-10-07 15:46:54.5673: XML assinado com sucesso!
2025-10-07 15:46:54.5673: Enviando NFC-e para a SEFAZ...
2025-10-07 15:46:54.8395: Retorno da SEFAZ: 100 - Autorizado o uso da NF-e
2025-10-07 15:46:54.8395: Numeração de NFC-e atualizada para Nr. 30400
2025-10-07 15:46:54.8506: Finalizando Venda e validando NF emitida...
2025-10-07 15:46:54.8740: Venda finalizada com sucesso!
2025-10-07 15:46:54.8740: Realizando rotinas pós-venda...
2025-10-07 15:46:54.8740: Enviando e-mail...
2025-10-07 15:46:54.8740: Iniciando rotina de sincronização da venda 6166...
2025-10-07 15:46:54.8740: Todas as rotinas da venda 6166 foram concluídas com sucesso!
2025-10-07 15:46:54.8740: Imprimindo DANFe...
2025-10-07 15:51:49.7223: Calculando totais da venda...
2025-10-07 15:52:24.3217: Iniciando finalização da venda Id 6167...
2025-10-07 15:52:24.3217: Verificando repique de troco...
2025-10-07 15:52:24.3217: Calculando totais da venda...
2025-10-07 15:52:25.1404: Aguarde, estamos realizando a emissão da NFC-e...
2025-10-07 15:52:25.2284: Validando NFC-e...
2025-10-07 15:52:25.2354: Tipo de emissão NFC-e: NORMAL
2025-10-07 15:52:25.2354: Gerando XML de NFC-e...
2025-10-07 15:52:25.2354: Realizando conversão da venda para XML...
2025-10-07 15:52:25.2354: Conversão realizada com sucesso para a NFC-e id: NFe42251029005632000120650010000304001627304019
2025-10-07 15:52:25.2504: Assinando XML...
2025-10-07 15:52:25.3574: XML assinado com sucesso!
2025-10-07 15:52:25.3584: Enviando NFC-e para a SEFAZ...
2025-10-07 15:52:26.0043: Retorno da SEFAZ: 100 - Autorizado o uso da NF-e
2025-10-07 15:52:26.0043: Numeração de NFC-e atualizada para Nr. 30401
2025-10-07 15:52:26.0155: Finalizando Venda e validando NF emitida...
2025-10-07 15:52:26.4438: Venda finalizada com sucesso!
2025-10-07 15:52:26.4438: Realizando rotinas pós-venda...
2025-10-07 15:52:26.4438: Enviando e-mail...
2025-10-07 15:52:26.4438: Iniciando rotina de sincronização da venda 6167...
2025-10-07 15:52:26.4438: Todas as rotinas da venda 6167 foram concluídas com sucesso!
2025-10-07 15:52:26.4438: Imprimindo DANFe...
2025-10-07 16:01:26.3302: Calculando totais da venda...
2025-10-07 16:01:29.5896: Iniciando finalização da venda Id 6168...
2025-10-07 16:01:29.5896: Verificando repique de troco...
2025-10-07 16:01:29.5896: Calculando totais da venda...
2025-10-07 16:01:41.1841: Aguarde, estamos realizando a emissão da NFC-e...
2025-10-07 16:01:41.2825: Validando NFC-e...
2025-10-07 16:01:41.2825: Tipo de emissão NFC-e: NORMAL
2025-10-07 16:01:41.2825: Gerando XML de NFC-e...
2025-10-07 16:01:41.2825: Realizando conversão da venda para XML...
2025-10-07 16:01:41.3025: Conversão realizada com sucesso para a NFC-e id: NFe42251029005632000120650010000304011776808725
2025-10-07 16:01:41.3025: Assinando XML...
2025-10-07 16:01:41.4285: XML assinado com sucesso!
2025-10-07 16:01:41.4285: Enviando NFC-e para a SEFAZ...
2025-10-07 16:01:42.1362: Retorno da SEFAZ: 100 - Autorizado o uso da NF-e
2025-10-07 16:01:42.1362: Numeração de NFC-e atualizada para Nr. 30402
2025-10-07 16:01:42.1484: Finalizando Venda e validando NF emitida...
2025-10-07 16:01:42.5874: Venda finalizada com sucesso!
2025-10-07 16:01:42.5874: Realizando rotinas pós-venda...
2025-10-07 16:01:42.5874: Enviando e-mail...
2025-10-07 16:01:42.5874: Iniciando rotina de sincronização da venda 6168...
2025-10-07 16:01:42.5874: Todas as rotinas da venda 6168 foram concluídas com sucesso!
2025-10-07 16:01:42.5874: Imprimindo DANFe...
2025-10-07 16:12:28.2048: Calculando totais da venda...
2025-10-07 16:14:30.6203: Calculando totais da venda...
2025-10-07 16:14:55.1518: Validando desconto atribuído ao cliente...
2025-10-07 16:15:06.2419: Calculando totais da venda...
2025-10-07 16:16:13.4118: Calculando totais da venda...
2025-10-07 16:18:11.7285: Iniciando finalização da venda Id 6170...
2025-10-07 16:18:11.7285: Verificando repique de troco...
2025-10-07 16:18:11.7285: Calculando totais da venda...
2025-10-07 16:18:13.3131: Aguarde, estamos realizando a emissão da NFC-e...
2025-10-07 16:18:13.4345: Validando NFC-e...
2025-10-07 16:18:13.4405: Tipo de emissão NFC-e: NORMAL
2025-10-07 16:18:13.4405: Gerando XML de NFC-e...
2025-10-07 16:18:13.4405: Realizando conversão da venda para XML...
2025-10-07 16:18:13.4525: Conversão realizada com sucesso para a NFC-e id: NFe42251029005632000120650010000304021284957279
2025-10-07 16:18:13.4525: Assinando XML...
2025-10-07 16:18:13.5555: XML assinado com sucesso!
2025-10-07 16:18:13.5555: Enviando NFC-e para a SEFAZ...
2025-10-07 16:18:15.0942: Retorno da SEFAZ: 100 - Autorizado o uso da NF-e
2025-10-07 16:18:15.0942: Numeração de NFC-e atualizada para Nr. 30403
2025-10-07 16:18:15.1102: Finalizando Venda e validando NF emitida...
2025-10-07 16:18:15.5962: Venda finalizada com sucesso!
2025-10-07 16:18:15.5962: Realizando rotinas pós-venda...
2025-10-07 16:18:15.5962: Enviando e-mail...
2025-10-07 16:18:15.5962: Iniciando rotina de sincronização da venda 6170...
2025-10-07 16:18:15.5962: Todas as rotinas da venda 6170 foram concluídas com sucesso!
2025-10-07 16:18:15.5962: Imprimindo DANFe...
2025-10-07 17:11:18.8129: Calculando totais da venda...
2025-10-07 17:11:29.2285: Iniciando finalização da venda Id 6171...
2025-10-07 17:11:29.2285: Verificando repique de troco...
2025-10-07 17:11:29.2285: Calculando totais da venda...
2025-10-07 17:11:30.0495: Aguarde, estamos realizando a emissão da NFC-e...
2025-10-07 17:11:30.1505: Validando NFC-e...
2025-10-07 17:11:30.1555: Tipo de emissão NFC-e: NORMAL
2025-10-07 17:11:30.1555: Gerando XML de NFC-e...
2025-10-07 17:11:30.1555: Realizando conversão da venda para XML...
2025-10-07 17:11:30.1555: Conversão realizada com sucesso para a NFC-e id: NFe42251029005632000120650010000304031812681399
2025-10-07 17:11:30.1745: Assinando XML...
2025-10-07 17:11:30.3125: XML assinado com sucesso!
2025-10-07 17:11:30.3125: Enviando NFC-e para a SEFAZ...
2025-10-07 17:11:37.6875: Retorno da SEFAZ: 100 - Autorizado o uso da NF-e
2025-10-07 17:11:37.6875: Numeração de NFC-e atualizada para Nr. 30404
2025-10-07 17:11:37.6875: Finalizando Venda e validando NF emitida...
2025-10-07 17:11:38.1343: Venda finalizada com sucesso!
2025-10-07 17:11:38.1343: Realizando rotinas pós-venda...
2025-10-07 17:11:38.1343: Enviando e-mail...
2025-10-07 17:11:38.1453: Iniciando rotina de sincronização da venda 6171...
2025-10-07 17:11:38.1453: Todas as rotinas da venda 6171 foram concluídas com sucesso!
2025-10-07 17:11:38.1453: Imprimindo DANFe...
2025-10-07 17:17:44.1278: Calculando totais da venda...
2025-10-07 17:17:49.4805: Validando desconto atribuído ao cliente...
2025-10-07 17:18:10.4593: Iniciando finalização da venda Id 6172...
2025-10-07 17:18:10.4593: Verificando repique de troco...
2025-10-07 17:18:10.4593: Calculando totais da venda...
2025-10-07 17:18:42.2830: Aguarde, estamos realizando a emissão da NFC-e...
2025-10-07 17:18:42.3805: Validando NFC-e...
2025-10-07 17:18:42.3805: Tipo de emissão NFC-e: NORMAL
2025-10-07 17:18:42.3805: Gerando XML de NFC-e...
2025-10-07 17:18:42.3805: Realizando conversão da venda para XML...
2025-10-07 17:18:42.3985: Conversão realizada com sucesso para a NFC-e id: NFe42251029005632000120650010000304041484538657
2025-10-07 17:18:42.3985: Assinando XML...
2025-10-07 17:18:42.4895: XML assinado com sucesso!
2025-10-07 17:18:42.4895: Enviando NFC-e para a SEFAZ...
2025-10-07 17:18:43.1476: Retorno da SEFAZ: 100 - Autorizado o uso da NF-e
2025-10-07 17:18:43.1476: Numeração de NFC-e atualizada para Nr. 30405
2025-10-07 17:18:43.1556: Finalizando Venda e validando NF emitida...
2025-10-07 17:18:43.6246: Venda finalizada com sucesso!
2025-10-07 17:18:43.6246: Realizando rotinas pós-venda...
2025-10-07 17:18:43.6246: Enviando e-mail...
2025-10-07 17:18:43.6246: Iniciando rotina de sincronização da venda 6172...
2025-10-07 17:18:43.6246: Todas as rotinas da venda 6172 foram concluídas com sucesso!
2025-10-07 17:18:43.6246: Imprimindo DANFe...
2025-10-07 17:30:27.8618: Calculando totais da venda...
2025-10-07 17:30:31.7437: Iniciando finalização da venda Id 6173...
2025-10-07 17:30:31.7437: Verificando repique de troco...
2025-10-07 17:30:31.7437: Calculando totais da venda...
2025-10-07 17:30:32.5916: Aguarde, estamos realizando a emissão da NFC-e...
2025-10-07 17:30:32.6845: Validando NFC-e...
2025-10-07 17:30:32.6885: Tipo de emissão NFC-e: NORMAL
2025-10-07 17:30:32.6885: Gerando XML de NFC-e...
2025-10-07 17:30:32.6885: Realizando conversão da venda para XML...
2025-10-07 17:30:32.6885: Conversão realizada com sucesso para a NFC-e id: NFe42251029005632000120650010000304051320104619
2025-10-07 17:30:32.7025: Assinando XML...
2025-10-07 17:30:32.8015: XML assinado com sucesso!
2025-10-07 17:30:32.8015: Enviando NFC-e para a SEFAZ...
2025-10-07 17:30:33.5020: Retorno da SEFAZ: 100 - Autorizado o uso da NF-e
2025-10-07 17:30:33.5020: Numeração de NFC-e atualizada para Nr. 30406
2025-10-07 17:30:33.5020: Finalizando Venda e validando NF emitida...
2025-10-07 17:30:33.9633: Venda finalizada com sucesso!
2025-10-07 17:30:33.9633: Realizando rotinas pós-venda...
2025-10-07 17:30:33.9633: Enviando e-mail...
2025-10-07 17:30:33.9633: Iniciando rotina de sincronização da venda 6173...
2025-10-07 17:30:33.9693: Todas as rotinas da venda 6173 foram concluídas com sucesso!
2025-10-07 17:30:33.9693: Imprimindo DANFe...
2025-10-07 17:54:43.2112: Calculando totais da venda...
2025-10-07 17:54:46.2315: Iniciando finalização da venda Id 6174...
2025-10-07 17:54:46.2315: Verificando repique de troco...
2025-10-07 17:54:46.2335: Calculando totais da venda...
2025-10-07 17:54:47.4985: Aguarde, estamos realizando a emissão da NFC-e...
2025-10-07 17:54:47.6615: Validando NFC-e...
2025-10-07 17:54:47.6615: Tipo de emissão NFC-e: NORMAL
2025-10-07 17:54:47.6615: Gerando XML de NFC-e...
2025-10-07 17:54:47.6805: Realizando conversão da venda para XML...
2025-10-07 17:54:47.7025: Conversão realizada com sucesso para a NFC-e id: NFe42251029005632000120650010000304061977911210
2025-10-07 17:54:47.7265: Assinando XML...
2025-10-07 17:54:48.1165: XML assinado com sucesso!
2025-10-07 17:54:48.1165: Enviando NFC-e para a SEFAZ...
2025-10-07 17:54:48.9645: Retorno da SEFAZ: 100 - Autorizado o uso da NF-e
2025-10-07 17:54:48.9685: Numeração de NFC-e atualizada para Nr. 30407
2025-10-07 17:54:48.9685: Finalizando Venda e validando NF emitida...
2025-10-07 17:54:49.4435: Venda finalizada com sucesso!
2025-10-07 17:54:49.4435: Realizando rotinas pós-venda...
2025-10-07 17:54:49.4435: Enviando e-mail...
2025-10-07 17:54:49.4435: Iniciando rotina de sincronização da venda 6174...
2025-10-07 17:54:49.4435: Todas as rotinas da venda 6174 foram concluídas com sucesso!
2025-10-07 17:54:49.4435: Imprimindo DANFe...
2025-10-07 18:07:47.1552: Calculando totais da venda...
2025-10-07 18:07:56.1638: Validando desconto atribuído ao cliente...
2025-10-07 18:08:52.1314: Iniciando finalização da venda Id 6175...
2025-10-07 18:08:52.1314: Verificando repique de troco...
2025-10-07 18:08:52.1314: Calculando totais da venda...
2025-10-07 18:08:53.0494: Aguarde, estamos realizando a emissão da NFC-e...
2025-10-07 18:08:53.1464: Validando NFC-e...
2025-10-07 18:08:53.1464: Tipo de emissão NFC-e: NORMAL
2025-10-07 18:08:53.1464: Gerando XML de NFC-e...
2025-10-07 18:08:53.1574: Realizando conversão da venda para XML...
2025-10-07 18:08:53.1574: Conversão realizada com sucesso para a NFC-e id: NFe42251029005632000120650010000304071772315833
2025-10-07 18:08:53.1574: Assinando XML...
2025-10-07 18:08:53.3694: XML assinado com sucesso!
2025-10-07 18:08:53.3694: Enviando NFC-e para a SEFAZ...
2025-10-07 18:08:54.0538: Retorno da SEFAZ: 100 - Autorizado o uso da NF-e
2025-10-07 18:08:54.0538: Numeração de NFC-e atualizada para Nr. 30408
2025-10-07 18:08:54.0678: Finalizando Venda e validando NF emitida...
2025-10-07 18:08:54.5378: Venda finalizada com sucesso!
2025-10-07 18:08:54.5378: Realizando rotinas pós-venda...
2025-10-07 18:08:54.5378: Enviando e-mail...
2025-10-07 18:08:54.5378: Iniciando rotina de sincronização da venda 6175...
2025-10-07 18:08:54.5378: Todas as rotinas da venda 6175 foram concluídas com sucesso!
2025-10-07 18:08:54.5378: Imprimindo DANFe...
2025-10-07 18:29:27.1062: Calculando totais da venda...
2025-10-07 18:29:31.6741: Iniciando finalização da venda Id 6176...
2025-10-07 18:29:31.6741: Verificando repique de troco...
2025-10-07 18:29:31.6741: Calculando totais da venda...
2025-10-07 18:29:33.2116: Aguarde, estamos realizando a emissão da NFC-e...
2025-10-07 18:29:33.3174: Validando NFC-e...
2025-10-07 18:29:33.3174: Tipo de emissão NFC-e: NORMAL
2025-10-07 18:29:33.3174: Gerando XML de NFC-e...
2025-10-07 18:29:33.3324: Realizando conversão da venda para XML...
2025-10-07 18:29:33.3464: Conversão realizada com sucesso para a NFC-e id: NFe42251029005632000120650010000304081724485594
2025-10-07 18:29:33.3464: Assinando XML...
2025-10-07 18:29:33.5264: XML assinado com sucesso!
2025-10-07 18:29:33.5264: Enviando NFC-e para a SEFAZ...
2025-10-07 18:29:34.3462: Retorno da SEFAZ: 100 - Autorizado o uso da NF-e
2025-10-07 18:29:34.3462: Numeração de NFC-e atualizada para Nr. 30409
2025-10-07 18:29:34.3632: Finalizando Venda e validando NF emitida...
2025-10-07 18:29:34.7802: Venda finalizada com sucesso!
2025-10-07 18:29:34.7802: Realizando rotinas pós-venda...
2025-10-07 18:29:34.7802: Enviando e-mail...
2025-10-07 18:29:34.7802: Iniciando rotina de sincronização da venda 6176...
2025-10-07 18:29:34.7802: Todas as rotinas da venda 6176 foram concluídas com sucesso!
2025-10-07 18:29:34.7802: Imprimindo DANFe...
2025-10-07 18:31:21.1775: Imprimindo DANFe...
2025-10-07 18:40:08.5037: Calculando totais da venda...
2025-10-07 18:40:11.9038: Iniciando finalização da venda Id 6177...
2025-10-07 18:40:11.9038: Verificando repique de troco...
2025-10-07 18:40:11.9038: Calculando totais da venda...
2025-10-07 18:40:12.7514: Aguarde, estamos realizando a emissão da NFC-e...
2025-10-07 18:40:12.8364: Validando NFC-e...
2025-10-07 18:40:12.8364: Tipo de emissão NFC-e: NORMAL
2025-10-07 18:40:12.8364: Gerando XML de NFC-e...
2025-10-07 18:40:12.8434: Realizando conversão da venda para XML...
2025-10-07 18:40:12.8434: Conversão realizada com sucesso para a NFC-e id: NFe42251029005632000120650010000304091687887598
2025-10-07 18:40:12.8434: Assinando XML...
2025-10-07 18:40:13.1428: XML assinado com sucesso!
2025-10-07 18:40:13.1428: Enviando NFC-e para a SEFAZ...
2025-10-07 18:40:13.7562: Retorno da SEFAZ: 100 - Autorizado o uso da NF-e
2025-10-07 18:40:13.7562: Numeração de NFC-e atualizada para Nr. 30410
2025-10-07 18:40:13.7652: Finalizando Venda e validando NF emitida...
2025-10-07 18:40:14.1859: Venda finalizada com sucesso!
2025-10-07 18:40:14.1869: Realizando rotinas pós-venda...
2025-10-07 18:40:14.1869: Enviando e-mail...
2025-10-07 18:40:14.1869: Iniciando rotina de sincronização da venda 6177...
2025-10-07 18:40:14.1869: Todas as rotinas da venda 6177 foram concluídas com sucesso!
2025-10-07 18:40:14.1869: Imprimindo DANFe...
2025-10-07 18:53:34.7657: Calculando totais da venda...
2025-10-07 18:54:26.9664: Calculando totais da venda...
2025-10-07 18:54:31.5557: Validando desconto atribuído ao cliente...
2025-10-07 18:55:03.3815: Iniciando finalização da venda Id 6178...
2025-10-07 18:55:03.3815: Verificando repique de troco...
2025-10-07 18:55:03.3815: Calculando totais da venda...
2025-10-07 18:55:04.5917: Aguarde, estamos realizando a emissão da NFC-e...
2025-10-07 18:55:04.6807: Validando NFC-e...
2025-10-07 18:55:04.6807: Tipo de emissão NFC-e: NORMAL
2025-10-07 18:55:04.6807: Gerando XML de NFC-e...
2025-10-07 18:55:04.6867: Realizando conversão da venda para XML...
2025-10-07 18:55:04.6867: Conversão realizada com sucesso para a NFC-e id: NFe42251029005632000120650010000304101669190697
2025-10-07 18:55:04.6867: Assinando XML...
2025-10-07 18:55:04.7927: XML assinado com sucesso!
2025-10-07 18:55:04.7927: Enviando NFC-e para a SEFAZ...
2025-10-07 18:55:05.4122: Retorno da SEFAZ: 100 - Autorizado o uso da NF-e
2025-10-07 18:55:05.4122: Numeração de NFC-e atualizada para Nr. 30411
2025-10-07 18:55:05.4247: Finalizando Venda e validando NF emitida...
2025-10-07 18:55:05.8457: Venda finalizada com sucesso!
2025-10-07 18:55:05.8457: Realizando rotinas pós-venda...
2025-10-07 18:55:05.8457: Enviando e-mail...
2025-10-07 18:55:05.8457: Iniciando rotina de sincronização da venda 6178...
2025-10-07 18:55:05.8457: Todas as rotinas da venda 6178 foram concluídas com sucesso!
2025-10-07 18:55:05.8457: Imprimindo DANFe...
2025-10-07 19:43:16.5305: Calculando totais da venda...
2025-10-07 19:43:23.6942: Validando desconto atribuído ao cliente...
2025-10-07 19:43:30.5224: Iniciando finalização da venda Id 6179...
2025-10-07 19:43:30.5224: Verificando repique de troco...
2025-10-07 19:43:30.5224: Calculando totais da venda...
2025-10-07 19:43:31.9880: Finalizando Venda não fiscal...
2025-10-07 19:43:32.4182: Venda finalizada com sucesso!
2025-10-07 19:43:32.4182: Realizando rotinas pós-venda...
2025-10-07 19:43:32.4182: Enviando e-mail...
2025-10-07 19:43:32.4212: Iniciando rotina de sincronização da venda 6179...
2025-10-07 19:43:32.4212: Todas as rotinas da venda 6179 foram concluídas com sucesso!
2025-10-07 20:07:45.6286: Calculando totais da venda...
2025-10-07 20:07:49.3634: Iniciando finalização da venda Id 6180...
2025-10-07 20:07:49.3634: Verificando repique de troco...
2025-10-07 20:07:49.3634: Calculando totais da venda...
2025-10-07 20:07:50.2833: Aguarde, estamos realizando a emissão da NFC-e...
2025-10-07 20:07:50.3713: Validando NFC-e...
2025-10-07 20:07:50.6372: Tipo de emissão NFC-e: NORMAL
2025-10-07 20:07:50.6372: Gerando XML de NFC-e...
2025-10-07 20:07:50.6449: Realizando conversão da venda para XML...
2025-10-07 20:07:50.6609: Conversão realizada com sucesso para a NFC-e id: NFe42251029005632000120650010000304111721513827
2025-10-07 20:07:50.6609: Assinando XML...
2025-10-07 20:07:50.8724: XML assinado com sucesso!
2025-10-07 20:07:50.8724: Enviando NFC-e para a SEFAZ...
2025-10-07 20:07:52.3149: Retorno da SEFAZ: 100 - Autorizado o uso da NF-e
2025-10-07 20:07:52.3149: Numeração de NFC-e atualizada para Nr. 30412
2025-10-07 20:07:52.3149: Finalizando Venda e validando NF emitida...
2025-10-07 20:07:52.7489: Venda finalizada com sucesso!
2025-10-07 20:07:52.7489: Realizando rotinas pós-venda...
2025-10-07 20:07:52.7489: Enviando e-mail...
2025-10-07 20:07:52.7489: Iniciando rotina de sincronização da venda 6180...
2025-10-07 20:07:52.7489: Todas as rotinas da venda 6180 foram concluídas com sucesso!
2025-10-07 20:07:52.7489: Imprimindo DANFe...
2025-10-07 20:08:21.5891: Iniciando rotina de sincronização de caixa...
