2025-10-14 17:58:00.2399: Verificando versão para atualização de PDV.
2025-10-14 17:58:00.7199: Atualização
2025-10-14 17:59:18.2132: Calculando totais da venda...
2025-10-14 17:59:23.2999: Iniciando finalização da venda Id 6392...
2025-10-14 17:59:23.2999: Verificando repique de troco...
2025-10-14 17:59:23.2999: Calculando totais da venda...
2025-10-14 17:59:23.7859: Aguarde, estamos realizando a emissão da NFC-e...
2025-10-14 17:59:23.8699: Validando NFC-e...
2025-10-14 17:59:23.8809: Tipo de emissão NFC-e: NORMAL
2025-10-14 17:59:23.8809: Gerando XML de NFC-e...
2025-10-14 17:59:23.8959: Realizando conversão da venda para XML...
2025-10-14 17:59:23.9929: Conversão realizada com sucesso para a NFC-e id: NFe42251029005632000120650010000305981609402900
2025-10-14 17:59:24.3519: Assinando XML...
2025-10-14 17:59:25.9679: XML assinado com sucesso!
2025-10-14 17:59:25.9689: Enviando NFC-e para a SEFAZ...
2025-10-14 17:59:26.5333: Retorno da SEFAZ: 100 - Autorizado o uso da NF-e
2025-10-14 17:59:26.5333: Numeração de NFC-e atualizada para Nr. 30599
2025-10-14 17:59:26.5473: Finalizando Venda e validando NF emitida...
2025-10-14 17:59:26.5763: Venda finalizada com sucesso!
2025-10-14 17:59:26.5783: Realizando rotinas pós-venda...
2025-10-14 17:59:26.5943: Enviando e-mail...
2025-10-14 17:59:26.5943: Iniciando rotina de sincronização da venda 6392...
2025-10-14 17:59:26.5943: Todas as rotinas da venda 6392 foram concluídas com sucesso!
2025-10-14 17:59:26.5943: Imprimindo DANFe...
2025-10-14 18:15:08.2681: Calculando totais da venda...
2025-10-14 18:22:40.5776: Calculando totais da venda...
2025-10-14 18:22:51.2169: Iniciando finalização da venda Id 6394...
2025-10-14 18:22:51.2169: Verificando repique de troco...
2025-10-14 18:22:51.2169: Calculando totais da venda...
2025-10-14 18:22:52.3479: Aguarde, estamos realizando a emissão da NFC-e...
2025-10-14 18:22:52.4319: Validando NFC-e...
2025-10-14 18:22:52.4409: Tipo de emissão NFC-e: NORMAL
2025-10-14 18:22:52.4409: Gerando XML de NFC-e...
2025-10-14 18:22:52.4409: Realizando conversão da venda para XML...
2025-10-14 18:22:52.4669: Conversão realizada com sucesso para a NFC-e id: NFe42251029005632000120650010000305991714774488
2025-10-14 18:22:52.4689: Assinando XML...
2025-10-14 18:22:52.5669: XML assinado com sucesso!
2025-10-14 18:22:52.5669: Enviando NFC-e para a SEFAZ...
2025-10-14 18:22:53.8529: Retorno da SEFAZ: 100 - Autorizado o uso da NF-e
2025-10-14 18:22:53.8529: Numeração de NFC-e atualizada para Nr. 30600
2025-10-14 18:22:53.8599: Finalizando Venda e validando NF emitida...
2025-10-14 18:22:54.2579: Venda finalizada com sucesso!
2025-10-14 18:22:54.2579: Realizando rotinas pós-venda...
2025-10-14 18:22:54.2579: Enviando e-mail...
2025-10-14 18:22:54.2689: Iniciando rotina de sincronização da venda 6394...
2025-10-14 18:22:54.2689: Todas as rotinas da venda 6394 foram concluídas com sucesso!
2025-10-14 18:22:54.2689: Imprimindo DANFe...
2025-10-14 18:33:28.2066: Calculando totais da venda...
2025-10-14 18:33:32.5660: Validando desconto atribuído ao cliente...
2025-10-14 18:34:00.0600: Iniciando finalização da venda Id 6395...
2025-10-14 18:34:00.0600: Verificando repique de troco...
2025-10-14 18:34:00.0600: Calculando totais da venda...
2025-10-14 18:34:01.5483: Aguarde, estamos realizando a emissão da NFC-e...
2025-10-14 18:34:01.6303: Validando NFC-e...
2025-10-14 18:34:01.6303: Tipo de emissão NFC-e: NORMAL
2025-10-14 18:34:01.6303: Gerando XML de NFC-e...
2025-10-14 18:34:01.6303: Realizando conversão da venda para XML...
2025-10-14 18:34:01.6483: Conversão realizada com sucesso para a NFC-e id: NFe42251029005632000120650010000306001560051565
2025-10-14 18:34:01.6483: Assinando XML...
2025-10-14 18:34:01.7423: XML assinado com sucesso!
2025-10-14 18:34:01.7423: Enviando NFC-e para a SEFAZ...
2025-10-14 18:34:02.4522: Retorno da SEFAZ: 100 - Autorizado o uso da NF-e
2025-10-14 18:34:02.4542: Numeração de NFC-e atualizada para Nr. 30601
2025-10-14 18:34:02.4542: Finalizando Venda e validando NF emitida...
2025-10-14 18:34:02.8478: Venda finalizada com sucesso!
2025-10-14 18:34:02.8478: Realizando rotinas pós-venda...
2025-10-14 18:34:02.8478: Enviando e-mail...
2025-10-14 18:34:02.8478: Iniciando rotina de sincronização da venda 6395...
2025-10-14 18:34:02.8478: Todas as rotinas da venda 6395 foram concluídas com sucesso!
2025-10-14 18:34:02.8478: Imprimindo DANFe...
2025-10-14 18:46:25.5195: Calculando totais da venda...
2025-10-14 18:46:29.9291: Iniciando finalização da venda Id 6396...
2025-10-14 18:46:29.9291: Verificando repique de troco...
2025-10-14 18:46:29.9291: Calculando totais da venda...
2025-10-14 18:46:30.6371: Aguarde, estamos realizando a emissão da NFC-e...
2025-10-14 18:46:30.7334: Validando NFC-e...
2025-10-14 18:46:30.7374: Tipo de emissão NFC-e: NORMAL
2025-10-14 18:46:30.7374: Gerando XML de NFC-e...
2025-10-14 18:46:30.7374: Realizando conversão da venda para XML...
2025-10-14 18:46:30.7374: Conversão realizada com sucesso para a NFC-e id: NFe42251029005632000120650010000306011388878182
2025-10-14 18:46:30.7504: Assinando XML...
2025-10-14 18:46:30.8414: XML assinado com sucesso!
2025-10-14 18:46:30.8414: Enviando NFC-e para a SEFAZ...
2025-10-14 18:46:31.3733: Retorno da SEFAZ: 100 - Autorizado o uso da NF-e
2025-10-14 18:46:31.3753: Numeração de NFC-e atualizada para Nr. 30602
2025-10-14 18:46:31.3753: Finalizando Venda e validando NF emitida...
2025-10-14 18:46:31.7649: Venda finalizada com sucesso!
2025-10-14 18:46:31.7659: Realizando rotinas pós-venda...
2025-10-14 18:46:31.7659: Enviando e-mail...
2025-10-14 18:46:31.7659: Iniciando rotina de sincronização da venda 6396...
2025-10-14 18:46:31.7659: Todas as rotinas da venda 6396 foram concluídas com sucesso!
2025-10-14 18:46:31.7659: Imprimindo DANFe...
2025-10-14 19:32:34.3413: Calculando totais da venda...
2025-10-14 19:32:38.6178: Validando desconto atribuído ao cliente...
2025-10-14 19:33:22.9425: Iniciando finalização da venda Id 6397...
2025-10-14 19:33:22.9425: Verificando repique de troco...
2025-10-14 19:33:22.9425: Calculando totais da venda...
2025-10-14 19:33:24.2722: Aguarde, estamos realizando a emissão da NFC-e...
2025-10-14 19:33:24.3842: Validando NFC-e...
2025-10-14 19:33:24.3922: Tipo de emissão NFC-e: NORMAL
2025-10-14 19:33:24.3922: Gerando XML de NFC-e...
2025-10-14 19:33:24.3922: Realizando conversão da venda para XML...
2025-10-14 19:33:24.4202: Conversão realizada com sucesso para a NFC-e id: NFe42251029005632000120650010000306021377645960
2025-10-14 19:33:24.4302: Assinando XML...
2025-10-14 19:33:24.6202: XML assinado com sucesso!
2025-10-14 19:33:24.6202: Enviando NFC-e para a SEFAZ...
2025-10-14 19:33:25.4012: Retorno da SEFAZ: 100 - Autorizado o uso da NF-e
2025-10-14 19:33:25.4012: Numeração de NFC-e atualizada para Nr. 30603
2025-10-14 19:33:25.4090: Finalizando Venda e validando NF emitida...
2025-10-14 19:33:25.7940: Venda finalizada com sucesso!
2025-10-14 19:33:25.7940: Realizando rotinas pós-venda...
2025-10-14 19:33:25.7940: Enviando e-mail...
2025-10-14 19:33:25.7970: Iniciando rotina de sincronização da venda 6397...
2025-10-14 19:33:25.7970: Todas as rotinas da venda 6397 foram concluídas com sucesso!
2025-10-14 19:33:25.7970: Imprimindo DANFe...
2025-10-14 19:35:19.6738: Iniciando rotina de sincronização de caixa...
2025-10-14 20:00:23.8957: Iniciando rotina de sincronização de caixa...
