               -------------- Error (2025-10-11 12:02:31.4269) --------------
               
               Call Site: PDV.Telas.VwErro.Show
               Exception Type: System.OutOfMemoryException
               Exception Message: Exceção do tipo 'System.OutOfMemoryException' foi acionada.
               Stack Trace:    em System.MulticastDelegate.GetInvocationList()
   em System.Windows.Input.InputManager.RaiseProcessInputEventHandlers(ProcessInputEventHandler postProcessInput, ProcessInputEventArgs processInputEventArgs)
   em System.Windows.Input.InputManager.ProcessStagingArea()
   em System.Windows.Input.InputManager.ProcessInput(InputEventArgs input)
   em System.Windows.Input.InputProviderSite.ReportInput(InputReport inputReport)
   em System.Windows.Interop.HwndMouseInputProvider.ReportInput(IntPtr hwnd, InputMode mode, Int32 timestamp, RawMouseActions actions, Int32 x, Int32 y, Int32 wheel)
   em System.Windows.Interop.HwndMouseInputProvider.FilterMessage(IntPtr hwnd, WindowMessage msg, IntPtr wParam, IntPtr lParam, Boolean& handled)
   em System.Windows.Interop.HwndSource.InputFilterMessage(IntPtr hwnd, Int32 msg, IntPtr wParam, IntPtr lParam, Boolean& handled)
   em MS.Win32.HwndWrapper.WndProc(IntPtr hwnd, Int32 msg, IntPtr wParam, IntPtr lParam, Boolean& handled)
   em MS.Win32.HwndSubclass.DispatcherCallbackOperation(Object o)
   em System.Windows.Threading.ExceptionWrapper.InternalRealCall(Delegate callback, Object args, Int32 numArgs)
   em System.Windows.Threading.ExceptionWrapper.TryCatchWhen(Object source, Delegate callback, Object args, Int32 numArgs, Delegate catchHandler)

               -------------- Error (2025-10-11 12:02:37.7536) --------------
               
               Call Site: PDV.Telas.VwErro.Show
               Exception Type: System.OutOfMemoryException
               Exception Message: Exceção do tipo 'System.OutOfMemoryException' foi acionada.
               Stack Trace:    em System.ComponentModel.PropertyChangedEventManager.Purge(Object source, Object data, Boolean purgeAll)
   em MS.Internal.WeakEventTable.Purge(Boolean purgeAll)
   em MS.Internal.WeakEventTable.CleanupOperation(Object arg)
   em System.Windows.Threading.ExceptionWrapper.InternalRealCall(Delegate callback, Object args, Int32 numArgs)
   em System.Windows.Threading.ExceptionWrapper.TryCatchWhen(Object source, Delegate callback, Object args, Int32 numArgs, Delegate catchHandler)

               -------------- Error (2025-10-11 12:02:40.6103) --------------
               
               Call Site: PDV.Telas.VwErro.Show
               Exception Type: System.OutOfMemoryException
               Exception Message: Exceção do tipo 'System.OutOfMemoryException' foi acionada.
               Stack Trace:    em System.Windows.TemplateContent.StackOfFrames.<>c.<.ctor>b__0_0()
   em MS.Internal.Xaml.Context.XamlContextStack`1.Grow()
   em MS.Internal.Xaml.Context.XamlContextStack`1.PushScope()
   em System.Windows.TemplateContent.StackOfFrames.Push(XamlType xamlType, String name)
   em System.Windows.TemplateContent.ParseNode(XamlReader xamlReader, StackOfFrames stack, List`1 sharedProperties, Int32& nameNumber, Object& newValue)
   em System.Windows.TemplateContent.ParseNodes(StackOfFrames stack, List`1 sharedProperties, Int32& nameNumber)
   em System.Windows.TemplateContent.ParseTree(StackOfFrames stack, List`1 sharedProperties, Int32& nameNumber)
   em System.Windows.TemplateContent.ParseXaml()
   em System.Windows.FrameworkTemplate.set_Template(TemplateContent value)
   em System.Windows.Baml2006.WpfSharedBamlSchemaContext.<>c.<Create_BamlProperty_FrameworkTemplate_Template>b__279_0(Object target, Object value)
   em System.Windows.Baml2006.WpfKnownMemberInvoker.SetValue(Object instance, Object value)
   em MS.Internal.Xaml.Runtime.ClrObjectRuntime.SetValue(XamlMember member, Object obj, Object value)
   em MS.Internal.Xaml.Runtime.ClrObjectRuntime.SetValue(Object inst, XamlMember property, Object value)
   em System.Xaml.XamlObjectWriter.Logic_ApplyPropertyValue(ObjectWriterContext ctx, XamlMember prop, Object value, Boolean onParent)
   em System.Xaml.XamlObjectWriter.Logic_DoAssignmentToParentProperty(ObjectWriterContext ctx)
   em System.Xaml.XamlObjectWriter.WriteEndMember()
   em System.Xaml.XamlWriter.WriteNode(XamlReader reader)
   em System.Windows.FrameworkTemplate.LoadTemplateXaml(XamlReader templateReader, XamlObjectWriter currentWriter)
   em System.Windows.FrameworkTemplate.LoadTemplateXaml(XamlObjectWriter objectWriter)
   em System.Windows.FrameworkTemplate.LoadOptimizedTemplateContent(DependencyObject container, IComponentConnector componentConnector, IStyleConnector styleConnector, List`1 affectedChildren, UncommonField`1 templatedNonFeChildrenField)
   em System.Windows.FrameworkTemplate.LoadContent(DependencyObject container, List`1 affectedChildren)
   em System.Windows.StyleHelper.ApplyTemplateContent(UncommonField`1 dataField, DependencyObject container, FrameworkElementFactory templateRoot, Int32 lastChildIndex, HybridDictionary childIndexFromChildID, FrameworkTemplate frameworkTemplate)
   em System.Windows.FrameworkTemplate.ApplyTemplateContent(UncommonField`1 templateDataField, FrameworkElement container)
   em System.Windows.FrameworkElement.ApplyTemplate()
   em System.Windows.FrameworkElement.MeasureCore(Size availableSize)
   em System.Windows.UIElement.Measure(Size availableSize)
   em MS.Internal.Helper.MeasureElementWithSingleChild(UIElement element, Size constraint)
   em System.Windows.Controls.ContentPresenter.MeasureOverride(Size constraint)
   em System.Windows.FrameworkElement.MeasureCore(Size availableSize)
   em System.Windows.UIElement.Measure(Size availableSize)
   em System.Windows.Controls.Border.MeasureOverride(Size constraint)
   em System.Windows.FrameworkElement.MeasureCore(Size availableSize)
   em System.Windows.UIElement.Measure(Size availableSize)
   em System.Windows.Controls.StackPanel.StackMeasureHelper(IStackMeasure measureElement, IStackMeasureScrollData scrollData, Size constraint)
   em System.Windows.Controls.StackPanel.MeasureOverride(Size constraint)
   em System.Windows.FrameworkElement.MeasureCore(Size availableSize)
   em System.Windows.UIElement.Measure(Size availableSize)
   em System.Windows.Controls.Control.MeasureOverride(Size constraint)
   em System.Windows.FrameworkElement.MeasureCore(Size availableSize)
   em System.Windows.UIElement.Measure(Size availableSize)
   em System.Windows.Controls.Grid.MeasureOverride(Size constraint)
   em System.Windows.FrameworkElement.MeasureCore(Size availableSize)
   em System.Windows.UIElement.Measure(Size availableSize)
   em System.Windows.Controls.Border.MeasureOverride(Size constraint)
   em System.Windows.FrameworkElement.MeasureCore(Size availableSize)
   em System.Windows.UIElement.Measure(Size availableSize)
   em MS.Internal.Helper.MeasureElementWithSingleChild(UIElement element, Size constraint)
   em System.Windows.Controls.ContentPresenter.MeasureOverride(Size constraint)
   em System.Windows.FrameworkElement.MeasureCore(Size availableSize)
   em System.Windows.UIElement.Measure(Size availableSize)
   em System.Windows.Controls.Grid.MeasureOverride(Size constraint)
   em System.Windows.FrameworkElement.MeasureCore(Size availableSize)
   em System.Windows.UIElement.Measure(Size availableSize)
   em System.Windows.Controls.Border.MeasureOverride(Size constraint)
   em System.Windows.FrameworkElement.MeasureCore(Size availableSize)
   em System.Windows.UIElement.Measure(Size availableSize)
   em System.Windows.Controls.DockPanel.MeasureOverride(Size constraint)
   em System.Windows.FrameworkElement.MeasureCore(Size availableSize)
   em System.Windows.UIElement.Measure(Size availableSize)
   em System.Windows.Controls.Border.MeasureOverride(Size constraint)
   em System.Windows.FrameworkElement.MeasureCore(Size availableSize)
   em System.Windows.UIElement.Measure(Size availableSize)
   em System.Windows.Controls.Control.MeasureOverride(Size constraint)
   em System.Windows.FrameworkElement.MeasureCore(Size availableSize)
   em System.Windows.UIElement.Measure(Size availableSize)
   em System.Windows.Controls.Grid.MeasureCell(Int32 cell, Boolean forceInfinityV)
   em System.Windows.Controls.Grid.MeasureCellsGroup(Int32 cellsHead, Size referenceSize, Boolean ignoreDesiredSizeU, Boolean forceInfinityV, Boolean& hasDesiredSizeUChanged)
   em System.Windows.Controls.Grid.MeasureCellsGroup(Int32 cellsHead, Size referenceSize, Boolean ignoreDesiredSizeU, Boolean forceInfinityV)
   em System.Windows.Controls.Grid.MeasureOverride(Size constraint)
   em System.Windows.FrameworkElement.MeasureCore(Size availableSize)
   em System.Windows.UIElement.Measure(Size availableSize)
   em System.Windows.Controls.Grid.MeasureCell(Int32 cell, Boolean forceInfinityV)
   em System.Windows.Controls.Grid.MeasureCellsGroup(Int32 cellsHead, Size referenceSize, Boolean ignoreDesiredSizeU, Boolean forceInfinityV, Boolean& hasDesiredSizeUChanged)
   em System.Windows.Controls.Grid.MeasureCellsGroup(Int32 cellsHead, Size referenceSize, Boolean ignoreDesiredSizeU, Boolean forceInfinityV)
   em System.Windows.Controls.Grid.MeasureOverride(Size constraint)
   em System.Windows.FrameworkElement.MeasureCore(Size availableSize)
   em System.Windows.UIElement.Measure(Size availableSize)
   em MS.Internal.Helper.MeasureElementWithSingleChild(UIElement element, Size constraint)
   em System.Windows.Controls.ContentPresenter.MeasureOverride(Size constraint)
   em System.Windows.FrameworkElement.MeasureCore(Size availableSize)
   em System.Windows.UIElement.Measure(Size availableSize)
   em System.Windows.Controls.Grid.MeasureOverride(Size constraint)
   em System.Windows.FrameworkElement.MeasureCore(Size availableSize)
   em System.Windows.UIElement.Measure(Size availableSize)
   em System.Windows.Controls.Control.MeasureOverride(Size constraint)
   em System.Windows.FrameworkElement.MeasureCore(Size availableSize)
   em System.Windows.UIElement.Measure(Size availableSize)
   em MS.Internal.Helper.MeasureElementWithSingleChild(UIElement element, Size constraint)
   em System.Windows.Controls.ContentPresenter.MeasureOverride(Size constraint)
   em System.Windows.FrameworkElement.MeasureCore(Size availableSize)
   em System.Windows.UIElement.Measure(Size availableSize)
   em System.Windows.Documents.AdornerDecorator.MeasureOverride(Size constraint)
   em System.Windows.FrameworkElement.MeasureCore(Size availableSize)
   em System.Windows.UIElement.Measure(Size availableSize)
   em System.Windows.Controls.Border.MeasureOverride(Size constraint)
   em System.Windows.FrameworkElement.MeasureCore(Size availableSize)
   em System.Windows.UIElement.Measure(Size availableSize)
   em System.Windows.Window.MeasureOverrideHelper(Size constraint)
   em System.Windows.Window.MeasureOverride(Size availableSize)
   em System.Windows.FrameworkElement.MeasureCore(Size availableSize)
   em System.Windows.UIElement.Measure(Size availableSize)
   em System.Windows.Interop.HwndSource.SetLayoutSize()
   em System.Windows.Interop.HwndSource.set_RootVisualInternal(Visual value)
   em System.Windows.Interop.HwndSource.set_RootVisual(Visual value)
   em System.Windows.Window.SetRootVisual()
   em System.Windows.Window.SetRootVisualAndUpdateSTC()
   em System.Windows.Window.SetupInitialState(Double requestedTop, Double requestedLeft, Double requestedWidth, Double requestedHeight)
   em System.Windows.Window.CreateSourceWindow(Boolean duringShow)
   em System.Windows.Window.CreateSourceWindowDuringShow()
   em System.Windows.Window.SafeCreateWindowDuringShow()
   em System.Windows.Window.ShowHelper(Object booleanBox)
   em System.Windows.Window.Show()
   em System.Windows.Window.ShowDialog()
   em PDV.Telas.VwErro.Show(Exception ex)
   em Agente.Sicronizacao.App.Current_DispatcherUnhandledException(Object sender, DispatcherUnhandledExceptionEventArgs e)
   em System.Windows.Threading.Dispatcher.CatchException(Exception e)
   em System.Windows.Threading.Dispatcher.CatchExceptionStatic(Object source, Exception e)
   em System.Windows.Threading.ExceptionWrapper.CatchException(Object source, Exception e, Delegate catchHandler)
   em System.Windows.Threading.ExceptionWrapper.TryCatchWhen(Object source, Delegate callback, Object args, Int32 numArgs, Delegate catchHandler)
   em System.Windows.Threading.DispatcherOperation.InvokeImpl()
   em System.Windows.Threading.DispatcherOperation.InvokeInSecurityContext(Object state)
   em MS.Internal.CulturePreservingExecutionContext.CallbackWrapper(Object obj)
   em System.Threading.ExecutionContext.RunInternal(ExecutionContext executionContext, ContextCallback callback, Object state, Boolean preserveSyncCtx)
   em System.Threading.ExecutionContext.Run(ExecutionContext executionContext, ContextCallback callback, Object state, Boolean preserveSyncCtx)
   em System.Threading.ExecutionContext.Run(ExecutionContext executionContext, ContextCallback callback, Object state)
   em MS.Internal.CulturePreservingExecutionContext.Run(CulturePreservingExecutionContext executionContext, ContextCallback callback, Object state)
   em System.Windows.Threading.DispatcherOperation.Invoke()
   em System.Windows.Threading.Dispatcher.ProcessQueue()
   em System.Windows.Threading.Dispatcher.WndProcHook(IntPtr hwnd, Int32 msg, IntPtr wParam, IntPtr lParam, Boolean& handled)
   em MS.Win32.HwndWrapper.WndProc(IntPtr hwnd, Int32 msg, IntPtr wParam, IntPtr lParam, Boolean& handled)
   em MS.Win32.HwndSubclass.DispatcherCallbackOperation(Object o)
   em System.Windows.Threading.ExceptionWrapper.InternalRealCall(Delegate callback, Object args, Int32 numArgs)
   em System.Windows.Threading.ExceptionWrapper.TryCatchWhen(Object source, Delegate callback, Object args, Int32 numArgs, Delegate catchHandler)

               -------------- Error (2025-10-11 12:11:31.8870) --------------
               
               Call Site: PDV.Telas.VwErro.Show
               Exception Type: System.OutOfMemoryException
               Exception Message: Exceção do tipo 'System.OutOfMemoryException' foi acionada.
               Stack Trace:    em MS.Internal.WeakEventTable.Purge(Boolean purgeAll)
   em MS.Internal.WeakEventTable.CleanupOperation(Object arg)
   em System.Windows.Threading.ExceptionWrapper.InternalRealCall(Delegate callback, Object args, Int32 numArgs)
   em System.Windows.Threading.ExceptionWrapper.TryCatchWhen(Object source, Delegate callback, Object args, Int32 numArgs, Delegate catchHandler)

               -------------- Error (2025-10-11 12:11:34.7893) --------------
               
               Call Site: PDV.Telas.VwErro.Show
               Exception Type: System.Windows.Markup.XamlParseException
               Exception Message: O valor fornecido em 'System.Windows.Baml2006.TypeConverterMarkupExtension' iniciou uma exceção.
               Stack Trace:    em System.Windows.Markup.WpfXamlLoader.Load(XamlReader xamlReader, IXamlObjectWriterFactory writerFactory, Boolean skipJournaledProperties, Object rootObject, XamlObjectWriterSettings settings, Uri baseUri)
   em System.Windows.Markup.WpfXamlLoader.LoadBaml(XamlReader xamlReader, Boolean skipJournaledProperties, Object rootObject, XamlAccessLevel accessLevel, Uri baseUri)
   em System.Windows.Markup.XamlReader.LoadBaml(Stream stream, ParserContext parserContext, Object parent, Boolean closeStream)
   em System.Windows.Application.LoadComponent(Object component, Uri resourceLocator)
   em PDV.Telas.VwErro.InitializeComponent()
   em PDV.Telas.VwErro.Init()
   em PDV.Telas.VwErro.Show(Exception ex)
   em Agente.Sicronizacao.App.Current_DispatcherUnhandledException(Object sender, DispatcherUnhandledExceptionEventArgs e)
   em System.Windows.Threading.Dispatcher.CatchException(Exception e)
   em System.Windows.Threading.Dispatcher.CatchExceptionStatic(Object source, Exception e)
   em System.Windows.Threading.ExceptionWrapper.CatchException(Object source, Exception e, Delegate catchHandler)
   em System.Windows.Threading.ExceptionWrapper.TryCatchWhen(Object source, Delegate callback, Object args, Int32 numArgs, Delegate catchHandler)
   em System.Windows.Threading.DispatcherOperation.InvokeImpl()
   em System.Windows.Threading.DispatcherOperation.InvokeInSecurityContext(Object state)
   em MS.Internal.CulturePreservingExecutionContext.CallbackWrapper(Object obj)
   em System.Threading.ExecutionContext.RunInternal(ExecutionContext executionContext, ContextCallback callback, Object state, Boolean preserveSyncCtx)
   em System.Threading.ExecutionContext.Run(ExecutionContext executionContext, ContextCallback callback, Object state, Boolean preserveSyncCtx)
   em System.Threading.ExecutionContext.Run(ExecutionContext executionContext, ContextCallback callback, Object state)
   em MS.Internal.CulturePreservingExecutionContext.Run(CulturePreservingExecutionContext executionContext, ContextCallback callback, Object state)
   em System.Windows.Threading.DispatcherOperation.Invoke()
   em System.Windows.Threading.Dispatcher.ProcessQueue()
   em System.Windows.Threading.Dispatcher.WndProcHook(IntPtr hwnd, Int32 msg, IntPtr wParam, IntPtr lParam, Boolean& handled)
   em MS.Win32.HwndWrapper.WndProc(IntPtr hwnd, Int32 msg, IntPtr wParam, IntPtr lParam, Boolean& handled)
   em MS.Win32.HwndSubclass.DispatcherCallbackOperation(Object o)
   em System.Windows.Threading.ExceptionWrapper.InternalRealCall(Delegate callback, Object args, Int32 numArgs)
   em System.Windows.Threading.ExceptionWrapper.TryCatchWhen(Object source, Delegate callback, Object args, Int32 numArgs, Delegate catchHandler)

