                   -------------- Error (2025-10-15 15:00:35.2606) --------------
                   
                   Call Site: PDV.Telas.VwErro.Show
                   Exception Type: System.Data.Entity.Core.EntityCommandExecutionException
                   Exception Message: An error occurred while executing the command definition. See the inner exception for details.
                   Stack Trace:    em System.Data.Entity.Core.EntityClient.Internal.EntityCommandDefinition.ExecuteStoreCommands(EntityCommand entityCommand, CommandBehavior behavior)
   em System.Data.Entity.Core.Objects.Internal.ObjectQueryExecutionPlan.Execute[TResultType](ObjectContext context, ObjectParameterCollection parameterValues)
   em System.Data.Entity.Core.Objects.ObjectQuery`1.<>c__DisplayClass41_0.<GetResults>b__1()
   em System.Data.Entity.Core.Objects.ObjectContext.ExecuteInTransaction[T](Func`1 func, IDbExecutionStrategy executionStrategy, Boolean startLocalTransaction, Boolean releaseConnectionOnSuccess)
   em System.Data.Entity.Core.Objects.ObjectQuery`1.<>c__DisplayClass41_0.<GetResults>b__0()
   em System.Data.Entity.Infrastructure.DefaultExecutionStrategy.Execute[TResult](Func`1 operation)
   em System.Data.Entity.Core.Objects.ObjectQuery`1.GetResults(Nullable`1 forMergeOption)
   em System.Data.Entity.Core.Objects.ObjectQuery`1.<System.Collections.Generic.IEnumerable<T>.GetEnumerator>b__31_0()
   em System.Data.Entity.Internal.LazyEnumerator`1.MoveNext()
   em System.Collections.Generic.List`1..ctor(IEnumerable`1 collection)
   em System.Linq.Enumerable.ToList[TSource](IEnumerable`1 source)
   em PDV.BLL.control.ItemController.BuscarPorCodigo(CodigoItem codigo)
   em PDV.BLL.managers.ItemManager.BuscarItemPorCodigo(CodigoItem codigo)
   em PDV.Telas.Managers.PesquisaChainCodigoEAN.GetItem(IItemManager itemManager)
   em PDV.BLL.managers.Pesquisa.PesquisaChainCodigoBalanca.GetItem(IItemManager itemManager)
   em PDV.BLL.managers.Pesquisa.PesquisaItemChain.PesquisarItem(String pesquisa)
   em PDV.BLL.managers.Pesquisa.PesquisaItemChain.<PesquisarItemParaVenda>d__4.MoveNext()
--- Fim do rastreamento de pilha do local anterior onde a exceção foi gerada ---
   em System.Runtime.CompilerServices.TaskAwaiter.ThrowForNonSuccess(Task task)
   em System.Runtime.CompilerServices.TaskAwaiter.HandleNonSuccessAndDebuggerNotification(Task task)
   em System.Runtime.CompilerServices.TaskAwaiter.ValidateEnd(Task task)
   em PDV.Paginas.PgVenda.<PesquisarItem>d__81.MoveNext()
                   Inner Exception: System.Data.Entity.Core.EntityCommandExecutionException: An error occurred while executing the command definition. See the inner exception for details. ---> Npgsql.NpgsqlException: ERROR: 42703: column Extent1.DisponivelLojaVirtual does not exist
   em Npgsql.NpgsqlState.<ProcessBackendResponses>d__0.MoveNext()
   em Npgsql.ForwardsOnlyDataReader.GetNextResponseObject(Boolean cleanup)
   em Npgsql.ForwardsOnlyDataReader.GetNextRowDescription()
   em Npgsql.ForwardsOnlyDataReader.NextResultInternal()
   em Npgsql.ForwardsOnlyDataReader..ctor(IEnumerable`1 dataEnumeration, CommandBehavior behavior, NpgsqlCommand command, NotificationThreadBlock threadBlock, Boolean preparedStatement, NpgsqlRowDescription rowDescription)
   em Npgsql.NpgsqlCommand.GetReader(CommandBehavior cb)
   em Npgsql.NpgsqlCommand.ExecuteReader(CommandBehavior cb)
   em Npgsql.NpgsqlCommand.ExecuteDbDataReader(CommandBehavior behavior)
   em System.Data.Common.DbCommand.ExecuteReader(CommandBehavior behavior)
   em System.Data.Entity.Infrastructure.Interception.DbCommandDispatcher.<>c.<Reader>b__6_0(DbCommand t, DbCommandInterceptionContext`1 c)
   em System.Data.Entity.Infrastructure.Interception.InternalDispatcher`1.Dispatch[TTarget,TInterceptionContext,TResult](TTarget target, Func`3 operation, TInterceptionContext interceptionContext, Action`3 executing, Action`3 executed)
   em System.Data.Entity.Infrastructure.Interception.DbCommandDispatcher.Reader(DbCommand command, DbCommandInterceptionContext interceptionContext)
   em System.Data.Entity.Internal.InterceptableDbCommand.ExecuteDbDataReader(CommandBehavior behavior)
   em System.Data.Common.DbCommand.ExecuteReader(CommandBehavior behavior)
   em System.Data.Entity.Core.EntityClient.Internal.EntityCommandDefinition.ExecuteStoreCommands(EntityCommand entityCommand, CommandBehavior behavior)
   --- Fim do rastreamento de pilha de exceções internas ---
   em System.Data.Entity.Core.EntityClient.Internal.EntityCommandDefinition.ExecuteStoreCommands(EntityCommand entityCommand, CommandBehavior behavior)
   em System.Data.Entity.Core.Objects.Internal.ObjectQueryExecutionPlan.Execute[TResultType](ObjectContext context, ObjectParameterCollection parameterValues)
   em System.Data.Entity.Core.Objects.ObjectQuery`1.<>c__DisplayClass41_0.<GetResults>b__1()
   em System.Data.Entity.Core.Objects.ObjectContext.ExecuteInTransaction[T](Func`1 func, IDbExecutionStrategy executionStrategy, Boolean startLocalTransaction, Boolean releaseConnectionOnSuccess)
   em System.Data.Entity.Core.Objects.ObjectQuery`1.<>c__DisplayClass41_0.<GetResults>b__0()
   em System.Data.Entity.Infrastructure.DefaultExecutionStrategy.Execute[TResult](Func`1 operation)
   em System.Data.Entity.Core.Objects.ObjectQuery`1.GetResults(Nullable`1 forMergeOption)
   em System.Data.Entity.Core.Objects.ObjectQuery`1.<System.Collections.Generic.IEnumerable<T>.GetEnumerator>b__31_0()
   em System.Data.Entity.Internal.LazyEnumerator`1.MoveNext()
   em System.Collections.Generic.List`1..ctor(IEnumerable`1 collection)
   em System.Linq.Enumerable.ToList[TSource](IEnumerable`1 source)
   em PDV.BLL.control.ItemController.BuscarPorCodigo(CodigoItem codigo)
   em PDV.BLL.managers.ItemManager.BuscarItemPorCodigo(CodigoItem codigo)
   em PDV.Telas.Managers.PesquisaChainCodigoEAN.GetItem(IItemManager itemManager)
   em PDV.BLL.managers.Pesquisa.PesquisaChainCodigoBalanca.GetItem(IItemManager itemManager)
   em PDV.BLL.managers.Pesquisa.PesquisaItemChain.PesquisarItem(String pesquisa)
   em PDV.BLL.managers.Pesquisa.PesquisaItemChain.<PesquisarItemParaVenda>d__4.MoveNext()
--- Fim do rastreamento de pilha do local anterior onde a exceção foi gerada ---
   em System.Runtime.CompilerServices.TaskAwaiter.ThrowForNonSuccess(Task task)
   em System.Runtime.CompilerServices.TaskAwaiter.HandleNonSuccessAndDebuggerNotification(Task task)
   em System.Runtime.CompilerServices.TaskAwaiter.ValidateEnd(Task task)
   em PDV.Paginas.PgVenda.<PesquisarItem>d__81.MoveNext()
Npgsql.NpgsqlException:
column Extent1.DisponivelLojaVirtual does not exist
Severity: ERROR
Code: 42703
   em Npgsql.NpgsqlState.<ProcessBackendResponses>d__0.MoveNext()
   em Npgsql.ForwardsOnlyDataReader.GetNextResponseObject(Boolean cleanup)
   em Npgsql.ForwardsOnlyDataReader.GetNextRowDescription()
   em Npgsql.ForwardsOnlyDataReader.NextResultInternal()
   em Npgsql.ForwardsOnlyDataReader..ctor(IEnumerable`1 dataEnumeration, CommandBehavior behavior, NpgsqlCommand command, NotificationThreadBlock threadBlock, Boolean preparedStatement, NpgsqlRowDescription rowDescription)
   em Npgsql.NpgsqlCommand.GetReader(CommandBehavior cb)
   em Npgsql.NpgsqlCommand.ExecuteReader(CommandBehavior cb)
   em Npgsql.NpgsqlCommand.ExecuteDbDataReader(CommandBehavior behavior)
   em System.Data.Common.DbCommand.ExecuteReader(CommandBehavior behavior)
   em System.Data.Entity.Infrastructure.Interception.DbCommandDispatcher.<>c.<Reader>b__6_0(DbCommand t, DbCommandInterceptionContext`1 c)
   em System.Data.Entity.Infrastructure.Interception.InternalDispatcher`1.Dispatch[TTarget,TInterceptionContext,TResult](TTarget target, Func`3 operation, TInterceptionContext interceptionContext, Action`3 executing, Action`3 executed)
   em System.Data.Entity.Infrastructure.Interception.DbCommandDispatcher.Reader(DbCommand command, DbCommandInterceptionContext interceptionContext)
   em System.Data.Entity.Internal.InterceptableDbCommand.ExecuteDbDataReader(CommandBehavior behavior)
   em System.Data.Common.DbCommand.ExecuteReader(CommandBehavior behavior)
   em System.Data.Entity.Core.EntityClient.Internal.EntityCommandDefinition.ExecuteStoreCommands(EntityCommand entityCommand, CommandBehavior behavior)

