               -------------- Error (2025-10-07 19:14:41.1504) --------------
               
               Call Site: PDV.Telas.VwErro.Show
               Exception Type: System.OutOfMemoryException
               Exception Message: Memória insuficiente para continuar a execução do programa.
               Stack Trace:    em System.Windows.Media.Composition.DUCE.Channel.SyncFlush()
   em System.Windows.Media.MediaContext.CompleteRender()
   em System.Windows.Interop.HwndTarget.OnResize()
   em System.Windows.Interop.HwndTarget.HandleMessage(WindowMessage msg, IntPtr wparam, IntPtr lparam)
   em System.Windows.Interop.HwndSource.HwndTargetFilterMessage(IntPtr hwnd, Int32 msg, IntPtr wParam, IntPtr lParam, Boolean& handled)
   em MS.Win32.HwndWrapper.WndProc(IntPtr hwnd, Int32 msg, IntPtr wParam, IntPtr lParam, Boolean& handled)
   em MS.Win32.HwndSubclass.DispatcherCallbackOperation(Object o)
   em System.Windows.Threading.ExceptionWrapper.InternalRealCall(Delegate callback, Object args, Int32 numArgs)
   em System.Windows.Threading.ExceptionWrapper.TryCatchWhen(Object source, Delegate callback, Object args, Int32 numArgs, Delegate catchHandler)

               -------------- Error (2025-10-07 19:14:41.3207) --------------
               
               Call Site: PDV.Telas.VwErro.Show
               Exception Type: System.OutOfMemoryException
               Exception Message: Memória insuficiente para continuar a execução do programa.
               Stack Trace:    em System.Windows.Media.Composition.DUCE.Channel.SyncFlush()
   em System.Windows.Interop.HwndTarget.UpdateWindowSettings(Boolean enableRenderTarget, Nullable`1 channelSet)
   em System.Windows.Interop.HwndTarget.UpdateWindowPos(IntPtr lParam)
   em System.Windows.Interop.HwndTarget.HandleMessage(WindowMessage msg, IntPtr wparam, IntPtr lparam)
   em System.Windows.Interop.HwndSource.HwndTargetFilterMessage(IntPtr hwnd, Int32 msg, IntPtr wParam, IntPtr lParam, Boolean& handled)
   em MS.Win32.HwndWrapper.WndProc(IntPtr hwnd, Int32 msg, IntPtr wParam, IntPtr lParam, Boolean& handled)
   em MS.Win32.HwndSubclass.DispatcherCallbackOperation(Object o)
   em System.Windows.Threading.ExceptionWrapper.InternalRealCall(Delegate callback, Object args, Int32 numArgs)
   em System.Windows.Threading.ExceptionWrapper.TryCatchWhen(Object source, Delegate callback, Object args, Int32 numArgs, Delegate catchHandler)

               -------------- Error (2025-10-07 19:14:41.3404) --------------
               
               Call Site: PDV.Telas.VwErro.Show
               Exception Type: System.OutOfMemoryException
               Exception Message: Memória insuficiente para continuar a execução do programa.
               Stack Trace:    em System.Windows.Media.Composition.DUCE.Channel.SyncFlush()
   em System.Windows.Interop.HwndTarget.UpdateWindowSettings(Boolean enableRenderTarget, Nullable`1 channelSet)
   em System.Windows.Interop.HwndTarget.UpdateWindowPos(IntPtr lParam)
   em System.Windows.Interop.HwndTarget.HandleMessage(WindowMessage msg, IntPtr wparam, IntPtr lparam)
   em System.Windows.Interop.HwndSource.HwndTargetFilterMessage(IntPtr hwnd, Int32 msg, IntPtr wParam, IntPtr lParam, Boolean& handled)
   em MS.Win32.HwndWrapper.WndProc(IntPtr hwnd, Int32 msg, IntPtr wParam, IntPtr lParam, Boolean& handled)
   em MS.Win32.HwndSubclass.DispatcherCallbackOperation(Object o)
   em System.Windows.Threading.ExceptionWrapper.InternalRealCall(Delegate callback, Object args, Int32 numArgs)
   em System.Windows.Threading.ExceptionWrapper.TryCatchWhen(Object source, Delegate callback, Object args, Int32 numArgs, Delegate catchHandler)

               -------------- Error (2025-10-07 19:14:41.3514) --------------
               
               Call Site: PDV.Telas.VwErro.Show
               Exception Type: System.OutOfMemoryException
               Exception Message: Memória insuficiente para continuar a execução do programa.
               Stack Trace:    em System.Windows.Media.Composition.DUCE.Channel.SyncFlush()
   em System.Windows.Interop.HwndTarget.UpdateWindowSettings(Boolean enableRenderTarget, Nullable`1 channelSet)
   em System.Windows.Interop.HwndTarget.UpdateWindowPos(IntPtr lParam)
   em System.Windows.Interop.HwndTarget.HandleMessage(WindowMessage msg, IntPtr wparam, IntPtr lparam)
   em System.Windows.Interop.HwndSource.HwndTargetFilterMessage(IntPtr hwnd, Int32 msg, IntPtr wParam, IntPtr lParam, Boolean& handled)
   em MS.Win32.HwndWrapper.WndProc(IntPtr hwnd, Int32 msg, IntPtr wParam, IntPtr lParam, Boolean& handled)
   em MS.Win32.HwndSubclass.DispatcherCallbackOperation(Object o)
   em System.Windows.Threading.ExceptionWrapper.InternalRealCall(Delegate callback, Object args, Int32 numArgs)
   em System.Windows.Threading.ExceptionWrapper.TryCatchWhen(Object source, Delegate callback, Object args, Int32 numArgs, Delegate catchHandler)

