               -------------- Error (2025-10-13 19:58:05.8245) --------------
               
               Call Site: PDV.Telas.VwErro.Show
               Exception Type: System.OutOfMemoryException
               Exception Message: Exceção do tipo 'System.OutOfMemoryException' foi acionada.
               Stack Trace:    em MS.Internal.Data.ViewTable.Purge()
   em MS.Internal.Data.ViewManager.Purge()
   em MS.Internal.Data.DataBindEngine.DoCleanup()
   em MS.Internal.Data.DataBindEngine.Cleanup()
   em MS.Internal.Data.DataBindEngine.CleanupOperation(Object arg)
   em System.Windows.Threading.ExceptionWrapper.InternalRealCall(Delegate callback, Object args, Int32 numArgs)
   em System.Windows.Threading.ExceptionWrapper.TryCatchWhen(Object source, Delegate callback, Object args, Int32 numArgs, Delegate catchHandler)

               -------------- Error (2025-10-13 19:58:08.9835) --------------
               
               Call Site: PDV.Telas.VwErro.Show
               Exception Type: System.OutOfMemoryException
               Exception Message: Exceção do tipo 'System.OutOfMemoryException' foi acionada.
               Stack Trace:    em MS.Internal.Text.TextInterface.FontFace.TryGetFontTable(OpenTypeTableTag openTypeTableTag, Byte[]& tableData)
   em MS.Internal.FontCache.FontFaceLayoutInfo.GetFontTable(OpenTypeTableTag openTypeTableTag)
   em MS.Internal.FontCache.GsubGposTables..ctor(FontFaceLayoutInfo layout)
   em MS.Internal.FontCache.FontFaceLayoutInfo.ComputeTypographyAvailabilities()
   em System.Windows.Media.Typeface.CheckFastPathNominalGlyphs(CharacterBufferRange charBufferRange, Double emSize, Single pixelsPerDip, Double scalingFactor, Double widthMax, Boolean keepAWord, Boolean numberSubstitution, CultureInfo cultureInfo, TextFormattingMode textFormattingMode, Boolean isSideways, Boolean breakOnTabs, Int32& stringLengthFit)
   em MS.Internal.TextFormatting.SimpleRun.CreateSimpleTextRun(CharacterBufferRange charBufferRange, TextRun textRun, TextFormatterImp formatter, Int32 widthLeft, Boolean emergencyWrap, Boolean breakOnTabs, Double pixelsPerDip)
   em MS.Internal.TextFormatting.SimpleRun.Create(FormatSettings settings, CharacterBufferRange charString, TextRun textRun, Int32 cp, Int32 cpFirst, Int32 runLength, Int32 widthLeft, Int32 idealRunOffsetUnRounded, Double pixelsPerDip)
   em MS.Internal.TextFormatting.SimpleTextLine.Create(FormatSettings settings, Int32 cpFirst, Int32 paragraphWidth, Double pixelsPerDip)
   em MS.Internal.TextFormatting.TextFormatterImp.FormatLineInternal(TextSource textSource, Int32 firstCharIndex, Int32 lineLength, Double paragraphWidth, TextParagraphProperties paragraphProperties, TextLineBreak previousLineBreak, TextRunCache textRunCache)
   em MS.Internal.TextFormatting.TextFormatterImp.FormatLine(TextSource textSource, Int32 firstCharIndex, Double paragraphWidth, TextParagraphProperties paragraphProperties, TextLineBreak previousLineBreak, TextRunCache textRunCache)
   em MS.Internal.Text.Line.Format(Int32 dcp, Double width, TextParagraphProperties lineProperties, TextLineBreak textLineBreak, TextRunCache textRunCache, Boolean showParagraphEllipsis)
   em System.Windows.Controls.TextBlock.MeasureOverride(Size constraint)
   em System.Windows.FrameworkElement.MeasureCore(Size availableSize)
   em System.Windows.UIElement.Measure(Size availableSize)
   em MS.Internal.Helper.MeasureElementWithSingleChild(UIElement element, Size constraint)
   em System.Windows.Controls.ContentPresenter.MeasureOverride(Size constraint)
   em System.Windows.FrameworkElement.MeasureCore(Size availableSize)
   em System.Windows.UIElement.Measure(Size availableSize)
   em System.Windows.Controls.Border.MeasureOverride(Size constraint)
   em System.Windows.FrameworkElement.MeasureCore(Size availableSize)
   em System.Windows.UIElement.Measure(Size availableSize)
   em System.Windows.Controls.Control.MeasureOverride(Size constraint)
   em System.Windows.FrameworkElement.MeasureCore(Size availableSize)
   em System.Windows.UIElement.Measure(Size availableSize)
   em MS.Internal.Helper.MeasureElementWithSingleChild(UIElement element, Size constraint)
   em System.Windows.Controls.ContentPresenter.MeasureOverride(Size constraint)
   em System.Windows.FrameworkElement.MeasureCore(Size availableSize)
   em System.Windows.UIElement.Measure(Size availableSize)
   em System.Windows.Controls.Grid.MeasureCell(Int32 cell, Boolean forceInfinityV)
   em System.Windows.Controls.Grid.MeasureCellsGroup(Int32 cellsHead, Size referenceSize, Boolean ignoreDesiredSizeU, Boolean forceInfinityV, Boolean& hasDesiredSizeUChanged)
   em System.Windows.Controls.Grid.MeasureCellsGroup(Int32 cellsHead, Size referenceSize, Boolean ignoreDesiredSizeU, Boolean forceInfinityV)
   em System.Windows.Controls.Grid.MeasureOverride(Size constraint)
   em System.Windows.FrameworkElement.MeasureCore(Size availableSize)
   em System.Windows.UIElement.Measure(Size availableSize)
   em System.Windows.Controls.Border.MeasureOverride(Size constraint)
   em System.Windows.FrameworkElement.MeasureCore(Size availableSize)
   em System.Windows.UIElement.Measure(Size availableSize)
   em System.Windows.Controls.Control.MeasureOverride(Size constraint)
   em System.Windows.FrameworkElement.MeasureCore(Size availableSize)
   em System.Windows.UIElement.Measure(Size availableSize)
   em System.Windows.Controls.DockPanel.MeasureOverride(Size constraint)
   em System.Windows.FrameworkElement.MeasureCore(Size availableSize)
   em System.Windows.UIElement.Measure(Size availableSize)
   em System.Windows.Controls.Border.MeasureOverride(Size constraint)
   em System.Windows.FrameworkElement.MeasureCore(Size availableSize)
   em System.Windows.UIElement.Measure(Size availableSize)
   em System.Windows.Controls.Control.MeasureOverride(Size constraint)
   em System.Windows.FrameworkElement.MeasureCore(Size availableSize)
   em System.Windows.UIElement.Measure(Size availableSize)
   em System.Windows.Controls.Grid.MeasureCell(Int32 cell, Boolean forceInfinityV)
   em System.Windows.Controls.Grid.MeasureCellsGroup(Int32 cellsHead, Size referenceSize, Boolean ignoreDesiredSizeU, Boolean forceInfinityV, Boolean& hasDesiredSizeUChanged)
   em System.Windows.Controls.Grid.MeasureCellsGroup(Int32 cellsHead, Size referenceSize, Boolean ignoreDesiredSizeU, Boolean forceInfinityV)
   em System.Windows.Controls.Grid.MeasureOverride(Size constraint)
   em System.Windows.FrameworkElement.MeasureCore(Size availableSize)
   em System.Windows.UIElement.Measure(Size availableSize)
   em System.Windows.Controls.Grid.MeasureCell(Int32 cell, Boolean forceInfinityV)
   em System.Windows.Controls.Grid.MeasureCellsGroup(Int32 cellsHead, Size referenceSize, Boolean ignoreDesiredSizeU, Boolean forceInfinityV, Boolean& hasDesiredSizeUChanged)
   em System.Windows.Controls.Grid.MeasureCellsGroup(Int32 cellsHead, Size referenceSize, Boolean ignoreDesiredSizeU, Boolean forceInfinityV)
   em System.Windows.Controls.Grid.MeasureOverride(Size constraint)
   em System.Windows.FrameworkElement.MeasureCore(Size availableSize)
   em System.Windows.UIElement.Measure(Size availableSize)
   em MS.Internal.Helper.MeasureElementWithSingleChild(UIElement element, Size constraint)
   em System.Windows.Controls.ContentPresenter.MeasureOverride(Size constraint)
   em System.Windows.FrameworkElement.MeasureCore(Size availableSize)
   em System.Windows.UIElement.Measure(Size availableSize)
   em System.Windows.Controls.Grid.MeasureOverride(Size constraint)
   em System.Windows.FrameworkElement.MeasureCore(Size availableSize)
   em System.Windows.UIElement.Measure(Size availableSize)
   em System.Windows.Controls.Control.MeasureOverride(Size constraint)
   em System.Windows.FrameworkElement.MeasureCore(Size availableSize)
   em System.Windows.UIElement.Measure(Size availableSize)
   em MS.Internal.Helper.MeasureElementWithSingleChild(UIElement element, Size constraint)
   em System.Windows.Controls.ContentPresenter.MeasureOverride(Size constraint)
   em System.Windows.FrameworkElement.MeasureCore(Size availableSize)
   em System.Windows.UIElement.Measure(Size availableSize)
   em System.Windows.Documents.AdornerDecorator.MeasureOverride(Size constraint)
   em System.Windows.FrameworkElement.MeasureCore(Size availableSize)
   em System.Windows.UIElement.Measure(Size availableSize)
   em System.Windows.Controls.Border.MeasureOverride(Size constraint)
   em System.Windows.FrameworkElement.MeasureCore(Size availableSize)
   em System.Windows.UIElement.Measure(Size availableSize)
   em System.Windows.Window.MeasureOverrideHelper(Size constraint)
   em System.Windows.Window.MeasureOverride(Size availableSize)
   em System.Windows.FrameworkElement.MeasureCore(Size availableSize)
   em System.Windows.UIElement.Measure(Size availableSize)
   em System.Windows.Interop.HwndSource.SetLayoutSize()
   em System.Windows.Interop.HwndSource.set_RootVisualInternal(Visual value)
   em System.Windows.Interop.HwndSource.set_RootVisual(Visual value)
   em System.Windows.Window.SetRootVisual()
   em System.Windows.Window.SetRootVisualAndUpdateSTC()
   em System.Windows.Window.SetupInitialState(Double requestedTop, Double requestedLeft, Double requestedWidth, Double requestedHeight)
   em System.Windows.Window.CreateSourceWindow(Boolean duringShow)
   em System.Windows.Window.CreateSourceWindowDuringShow()
   em System.Windows.Window.SafeCreateWindowDuringShow()
   em System.Windows.Window.ShowHelper(Object booleanBox)
   em System.Windows.Window.Show()
   em System.Windows.Window.ShowDialog()
   em PDV.Telas.VwErro.Show(Exception ex)
   em Agente.Sicronizacao.App.Current_DispatcherUnhandledException(Object sender, DispatcherUnhandledExceptionEventArgs e)
   em System.Windows.Threading.Dispatcher.CatchException(Exception e)
   em System.Windows.Threading.Dispatcher.CatchExceptionStatic(Object source, Exception e)
   em System.Windows.Threading.ExceptionWrapper.CatchException(Object source, Exception e, Delegate catchHandler)
   em System.Windows.Threading.ExceptionWrapper.TryCatchWhen(Object source, Delegate callback, Object args, Int32 numArgs, Delegate catchHandler)
   em System.Windows.Threading.DispatcherOperation.InvokeImpl()
   em System.Windows.Threading.DispatcherOperation.InvokeInSecurityContext(Object state)
   em MS.Internal.CulturePreservingExecutionContext.CallbackWrapper(Object obj)
   em System.Threading.ExecutionContext.RunInternal(ExecutionContext executionContext, ContextCallback callback, Object state, Boolean preserveSyncCtx)
   em System.Threading.ExecutionContext.Run(ExecutionContext executionContext, ContextCallback callback, Object state, Boolean preserveSyncCtx)
   em System.Threading.ExecutionContext.Run(ExecutionContext executionContext, ContextCallback callback, Object state)
   em MS.Internal.CulturePreservingExecutionContext.Run(CulturePreservingExecutionContext executionContext, ContextCallback callback, Object state)
   em System.Windows.Threading.DispatcherOperation.Invoke()
   em System.Windows.Threading.Dispatcher.ProcessQueue()
   em System.Windows.Threading.Dispatcher.WndProcHook(IntPtr hwnd, Int32 msg, IntPtr wParam, IntPtr lParam, Boolean& handled)
   em MS.Win32.HwndWrapper.WndProc(IntPtr hwnd, Int32 msg, IntPtr wParam, IntPtr lParam, Boolean& handled)
   em MS.Win32.HwndSubclass.DispatcherCallbackOperation(Object o)
   em System.Windows.Threading.ExceptionWrapper.InternalRealCall(Delegate callback, Object args, Int32 numArgs)
   em System.Windows.Threading.ExceptionWrapper.TryCatchWhen(Object source, Delegate callback, Object args, Int32 numArgs, Delegate catchHandler)

