2025-10-11 09:02:04.1430: Verificando versão para atualização de PDV.
2025-10-11 09:02:04.5820: Atualização
2025-10-11 09:02:11.0142: Iniciando rotina de sincronização de caixa...
2025-10-11 09:02:13.9456: Iniciando rotina de sincronização de caixa...
2025-10-11 09:37:22.4113: Calculando totais da venda...
2025-10-11 09:37:27.3912: Validando desconto atribuído ao cliente...
2025-10-11 09:37:46.1766: Calculando totais da venda...
2025-10-11 09:38:07.8574: Iniciando finalização da venda Id 6293...
2025-10-11 09:38:07.8574: Verificando repique de troco...
2025-10-11 09:38:07.8574: Calculando totais da venda...
2025-10-11 09:38:20.2792: Aguarde, estamos realizando a emissão da NFC-e...
2025-10-11 09:38:20.3838: Validando NFC-e...
2025-10-11 09:38:20.4128: Tipo de emissão NFC-e: NORMAL
2025-10-11 09:38:20.4128: Gerando XML de NFC-e...
2025-10-11 09:38:20.4228: Realizando conversão da venda para XML...
2025-10-11 09:38:20.5348: Conversão realizada com sucesso para a NFC-e id: NFe42251029005632000120650010000305141902398300
2025-10-11 09:38:20.9048: Assinando XML...
2025-10-11 09:38:22.4250: XML assinado com sucesso!
2025-10-11 09:38:22.4250: Enviando NFC-e para a SEFAZ...
2025-10-11 09:38:24.1318: Retorno da SEFAZ: 100 - Autorizado o uso da NF-e
2025-10-11 09:38:24.1318: Numeração de NFC-e atualizada para Nr. 30515
2025-10-11 09:38:24.1318: Finalizando Venda e validando NF emitida...
2025-10-11 09:38:24.5758: Venda finalizada com sucesso!
2025-10-11 09:38:24.5758: Realizando rotinas pós-venda...
2025-10-11 09:38:24.5811: Enviando e-mail...
2025-10-11 09:38:24.5967: Iniciando rotina de sincronização da venda 6293...
2025-10-11 09:38:24.5967: Todas as rotinas da venda 6293 foram concluídas com sucesso!
2025-10-11 09:38:24.5967: Imprimindo DANFe...
2025-10-11 09:54:50.8375: Calculando totais da venda...
2025-10-11 09:54:54.5660: Iniciando finalização da venda Id 6294...
2025-10-11 09:54:54.5660: Verificando repique de troco...
2025-10-11 09:54:54.5660: Calculando totais da venda...
2025-10-11 09:54:56.7041: Aguarde, estamos realizando a emissão da NFC-e...
2025-10-11 09:54:56.7998: Validando NFC-e...
2025-10-11 09:54:56.7998: Tipo de emissão NFC-e: NORMAL
2025-10-11 09:54:56.7998: Gerando XML de NFC-e...
2025-10-11 09:54:56.7998: Realizando conversão da venda para XML...
2025-10-11 09:54:56.8198: Conversão realizada com sucesso para a NFC-e id: NFe42251029005632000120650010000305151431490209
2025-10-11 09:54:56.8198: Assinando XML...
2025-10-11 09:54:56.9068: XML assinado com sucesso!
2025-10-11 09:54:56.9078: Enviando NFC-e para a SEFAZ...
2025-10-11 09:54:57.4907: Retorno da SEFAZ: 100 - Autorizado o uso da NF-e
2025-10-11 09:54:57.4907: Numeração de NFC-e atualizada para Nr. 30516
2025-10-11 09:54:57.4907: Finalizando Venda e validando NF emitida...
2025-10-11 09:54:57.9294: Venda finalizada com sucesso!
2025-10-11 09:54:57.9294: Realizando rotinas pós-venda...
2025-10-11 09:54:57.9294: Enviando e-mail...
2025-10-11 09:54:57.9294: Iniciando rotina de sincronização da venda 6294...
2025-10-11 09:54:57.9294: Todas as rotinas da venda 6294 foram concluídas com sucesso!
2025-10-11 09:54:57.9294: Imprimindo DANFe...
2025-10-11 09:59:28.7203: Calculando totais da venda...
2025-10-11 09:59:33.5953: Validando desconto atribuído ao cliente...
2025-10-11 10:00:08.5017: Iniciando finalização da venda Id 6295...
2025-10-11 10:00:08.5017: Verificando repique de troco...
2025-10-11 10:00:08.5017: Calculando totais da venda...
2025-10-11 10:00:09.2747: Aguarde, estamos realizando a emissão da NFC-e...
2025-10-11 10:00:09.3627: Validando NFC-e...
2025-10-11 10:00:09.3627: Tipo de emissão NFC-e: NORMAL
2025-10-11 10:00:09.3627: Gerando XML de NFC-e...
2025-10-11 10:00:09.3627: Realizando conversão da venda para XML...
2025-10-11 10:00:09.3797: Conversão realizada com sucesso para a NFC-e id: NFe42251029005632000120650010000305161980882995
2025-10-11 10:00:09.3797: Assinando XML...
2025-10-11 10:00:09.4577: XML assinado com sucesso!
2025-10-11 10:00:09.4577: Enviando NFC-e para a SEFAZ...
2025-10-11 10:00:10.0257: Retorno da SEFAZ: 100 - Autorizado o uso da NF-e
2025-10-11 10:00:10.0257: Numeração de NFC-e atualizada para Nr. 30517
2025-10-11 10:00:10.0257: Finalizando Venda e validando NF emitida...
2025-10-11 10:00:10.4647: Venda finalizada com sucesso!
2025-10-11 10:00:10.4647: Realizando rotinas pós-venda...
2025-10-11 10:00:10.4647: Enviando e-mail...
2025-10-11 10:00:10.4647: Iniciando rotina de sincronização da venda 6295...
2025-10-11 10:00:10.4647: Todas as rotinas da venda 6295 foram concluídas com sucesso!
2025-10-11 10:00:10.4697: Imprimindo DANFe...
2025-10-11 10:13:47.9586: Calculando totais da venda...
2025-10-11 10:14:47.3550: Calculando totais da venda...
2025-10-11 10:14:51.8908: Iniciando finalização da venda Id 6296...
2025-10-11 10:14:51.8918: Verificando repique de troco...
2025-10-11 10:14:51.8918: Calculando totais da venda...
2025-10-11 10:14:53.4951: Aguarde, estamos realizando a emissão da NFC-e...
2025-10-11 10:14:53.6059: Validando NFC-e...
2025-10-11 10:14:53.6129: Tipo de emissão NFC-e: NORMAL
2025-10-11 10:14:53.6129: Gerando XML de NFC-e...
2025-10-11 10:14:53.6129: Realizando conversão da venda para XML...
2025-10-11 10:14:53.6129: Conversão realizada com sucesso para a NFC-e id: NFe42251029005632000120650010000305171116030340
2025-10-11 10:14:53.6129: Assinando XML...
2025-10-11 10:14:53.7049: XML assinado com sucesso!
2025-10-11 10:14:53.7049: Enviando NFC-e para a SEFAZ...
2025-10-11 10:14:54.2127: Retorno da SEFAZ: 100 - Autorizado o uso da NF-e
2025-10-11 10:14:54.2127: Numeração de NFC-e atualizada para Nr. 30518
2025-10-11 10:14:54.2127: Finalizando Venda e validando NF emitida...
2025-10-11 10:14:54.2407: Venda finalizada com sucesso!
2025-10-11 10:14:54.2407: Realizando rotinas pós-venda...
2025-10-11 10:14:54.2407: Enviando e-mail...
2025-10-11 10:14:54.2407: Iniciando rotina de sincronização da venda 6296...
2025-10-11 10:14:54.2407: Todas as rotinas da venda 6296 foram concluídas com sucesso!
2025-10-11 10:14:54.2407: Imprimindo DANFe...
2025-10-11 10:28:49.7141: Calculando totais da venda...
2025-10-11 10:28:55.8561: Iniciando finalização da venda Id 6297...
2025-10-11 10:28:55.8561: Verificando repique de troco...
2025-10-11 10:28:55.8561: Calculando totais da venda...
2025-10-11 10:28:56.9935: Aguarde, estamos realizando a emissão da NFC-e...
2025-10-11 10:28:57.1173: Validando NFC-e...
2025-10-11 10:28:57.1173: Tipo de emissão NFC-e: NORMAL
2025-10-11 10:28:57.1173: Gerando XML de NFC-e...
2025-10-11 10:28:57.1173: Realizando conversão da venda para XML...
2025-10-11 10:28:57.1333: Conversão realizada com sucesso para a NFC-e id: NFe42251029005632000120650010000305181556284002
2025-10-11 10:28:57.1433: Assinando XML...
2025-10-11 10:28:57.2982: XML assinado com sucesso!
2025-10-11 10:28:57.2982: Enviando NFC-e para a SEFAZ...
2025-10-11 10:28:58.0863: Retorno da SEFAZ: 100 - Autorizado o uso da NF-e
2025-10-11 10:28:58.0863: Numeração de NFC-e atualizada para Nr. 30519
2025-10-11 10:28:58.0970: Finalizando Venda e validando NF emitida...
2025-10-11 10:28:58.5189: Venda finalizada com sucesso!
2025-10-11 10:28:58.5189: Realizando rotinas pós-venda...
2025-10-11 10:28:58.5189: Enviando e-mail...
2025-10-11 10:28:58.5189: Iniciando rotina de sincronização da venda 6297...
2025-10-11 10:28:58.5189: Todas as rotinas da venda 6297 foram concluídas com sucesso!
2025-10-11 10:28:58.5189: Imprimindo DANFe...
2025-10-11 10:32:50.8940: Calculando totais da venda...
2025-10-11 10:41:24.1708: Calculando totais da venda...
2025-10-11 10:41:47.1610: Iniciando finalização da venda Id 6299...
2025-10-11 10:41:47.1610: Verificando repique de troco...
2025-10-11 10:41:47.1610: Calculando totais da venda...
2025-10-11 10:41:52.5288: Aguarde, estamos realizando a emissão da NFC-e...
2025-10-11 10:41:52.6911: Validando NFC-e...
2025-10-11 10:41:52.6911: Tipo de emissão NFC-e: NORMAL
2025-10-11 10:41:52.7041: Gerando XML de NFC-e...
2025-10-11 10:41:52.7041: Realizando conversão da venda para XML...
2025-10-11 10:41:52.7371: Conversão realizada com sucesso para a NFC-e id: NFe42251029005632000120650010000305191374674180
2025-10-11 10:41:52.7651: Assinando XML...
2025-10-11 10:41:53.2481: XML assinado com sucesso!
2025-10-11 10:41:53.2481: Enviando NFC-e para a SEFAZ...
2025-10-11 10:41:54.3241: Retorno da SEFAZ: 100 - Autorizado o uso da NF-e
2025-10-11 10:41:54.3341: Numeração de NFC-e atualizada para Nr. 30520
2025-10-11 10:41:54.3611: Finalizando Venda e validando NF emitida...
2025-10-11 10:41:54.7871: Venda finalizada com sucesso!
2025-10-11 10:41:54.7871: Realizando rotinas pós-venda...
2025-10-11 10:41:54.7871: Enviando e-mail...
2025-10-11 10:41:54.7871: Iniciando rotina de sincronização da venda 6299...
2025-10-11 10:41:54.7871: Todas as rotinas da venda 6299 foram concluídas com sucesso!
2025-10-11 10:41:54.7871: Imprimindo DANFe...
2025-10-11 10:45:20.3761: Iniciando rotina de sincronização da venda 6300...
2025-10-11 10:49:47.9003: Calculando totais da venda...
2025-10-11 10:52:17.9926: Calculando totais da venda...
2025-10-11 10:52:25.6977: Iniciando finalização da venda Id 6301...
2025-10-11 10:52:25.6977: Verificando repique de troco...
2025-10-11 10:52:25.6977: Calculando totais da venda...
2025-10-11 10:52:27.4969: Aguarde, estamos realizando a emissão da NFC-e...
2025-10-11 10:52:27.6361: Validando NFC-e...
2025-10-11 10:52:27.6361: Tipo de emissão NFC-e: NORMAL
2025-10-11 10:52:27.6361: Gerando XML de NFC-e...
2025-10-11 10:52:27.6571: Realizando conversão da venda para XML...
2025-10-11 10:52:27.6571: Conversão realizada com sucesso para a NFC-e id: NFe42251029005632000120650010000305201104072781
2025-10-11 10:52:27.6801: Assinando XML...
2025-10-11 10:52:28.0451: XML assinado com sucesso!
2025-10-11 10:52:28.0451: Enviando NFC-e para a SEFAZ...
2025-10-11 10:52:28.8920: Retorno da SEFAZ: 100 - Autorizado o uso da NF-e
2025-10-11 10:52:28.8920: Numeração de NFC-e atualizada para Nr. 30521
2025-10-11 10:52:28.9204: Finalizando Venda e validando NF emitida...
2025-10-11 10:52:28.9445: Venda finalizada com sucesso!
2025-10-11 10:52:28.9445: Realizando rotinas pós-venda...
2025-10-11 10:52:28.9445: Enviando e-mail...
2025-10-11 10:52:28.9445: Iniciando rotina de sincronização da venda 6301...
2025-10-11 10:52:28.9445: Todas as rotinas da venda 6301 foram concluídas com sucesso!
2025-10-11 10:52:28.9445: Imprimindo DANFe...
2025-10-11 10:53:15.3353: Iniciando finalização da venda Id 6298...
2025-10-11 10:53:15.3353: Verificando repique de troco...
2025-10-11 10:53:15.3353: Calculando totais da venda...
2025-10-11 10:53:16.2903: Aguarde, estamos realizando a emissão da NFC-e...
2025-10-11 10:53:16.3896: Validando NFC-e...
2025-10-11 10:53:16.3926: Tipo de emissão NFC-e: NORMAL
2025-10-11 10:53:16.3926: Gerando XML de NFC-e...
2025-10-11 10:53:16.3926: Realizando conversão da venda para XML...
2025-10-11 10:53:16.4086: Conversão realizada com sucesso para a NFC-e id: NFe42251029005632000120650010000305211646000912
2025-10-11 10:53:16.4086: Assinando XML...
2025-10-11 10:53:16.5306: XML assinado com sucesso!
2025-10-11 10:53:16.5306: Enviando NFC-e para a SEFAZ...
2025-10-11 10:53:16.9264: Retorno da SEFAZ: 100 - Autorizado o uso da NF-e
2025-10-11 10:53:16.9264: Numeração de NFC-e atualizada para Nr. 30522
2025-10-11 10:53:16.9384: Finalizando Venda e validando NF emitida...
2025-10-11 10:53:16.9584: Venda finalizada com sucesso!
2025-10-11 10:53:16.9584: Realizando rotinas pós-venda...
2025-10-11 10:53:16.9584: Enviando e-mail...
2025-10-11 10:53:16.9584: Iniciando rotina de sincronização da venda 6298...
2025-10-11 10:53:16.9584: Todas as rotinas da venda 6298 foram concluídas com sucesso!
2025-10-11 10:53:16.9584: Imprimindo DANFe...
2025-10-11 11:04:16.4357: Calculando totais da venda...
2025-10-11 11:04:25.5522: Validando desconto atribuído ao cliente...
2025-10-11 11:04:28.6532: Iniciando finalização da venda Id 6302...
2025-10-11 11:04:28.6532: Verificando repique de troco...
2025-10-11 11:04:28.6532: Calculando totais da venda...
2025-10-11 11:04:30.3562: Finalizando Venda não fiscal...
2025-10-11 11:04:30.7871: Venda finalizada com sucesso!
2025-10-11 11:04:30.7871: Realizando rotinas pós-venda...
2025-10-11 11:04:30.7871: Enviando e-mail...
2025-10-11 11:04:30.7871: Iniciando rotina de sincronização da venda 6302...
2025-10-11 11:04:30.7871: Todas as rotinas da venda 6302 foram concluídas com sucesso!
2025-10-11 11:18:24.3900: Calculando totais da venda...
2025-10-11 11:20:43.0816: Calculando totais da venda...
2025-10-11 11:20:46.0826: Iniciando finalização da venda Id 6304...
2025-10-11 11:20:46.0826: Verificando repique de troco...
2025-10-11 11:20:46.0826: Calculando totais da venda...
2025-10-11 11:20:46.5546: Iniciando finalização da venda Id 6304...
2025-10-11 11:20:46.5546: Verificando repique de troco...
2025-10-11 11:20:46.5546: Calculando totais da venda...
2025-10-11 11:20:47.4446: Aguarde, estamos realizando a emissão da NFC-e...
2025-10-11 11:20:47.5636: Validando NFC-e...
2025-10-11 11:20:47.5636: Tipo de emissão NFC-e: NORMAL
2025-10-11 11:20:47.5636: Gerando XML de NFC-e...
2025-10-11 11:20:47.5876: Realizando conversão da venda para XML...
2025-10-11 11:20:47.5996: Conversão realizada com sucesso para a NFC-e id: NFe42251029005632000120650010000305221921095203
2025-10-11 11:20:47.5996: Assinando XML...
2025-10-11 11:20:47.8656: XML assinado com sucesso!
2025-10-11 11:20:47.8656: Enviando NFC-e para a SEFAZ...
2025-10-11 11:20:48.6936: Retorno da SEFAZ: 100 - Autorizado o uso da NF-e
2025-10-11 11:20:48.6936: Numeração de NFC-e atualizada para Nr. 30523
2025-10-11 11:20:48.7146: Finalizando Venda e validando NF emitida...
2025-10-11 11:20:49.1308: Venda finalizada com sucesso!
2025-10-11 11:20:49.1308: Realizando rotinas pós-venda...
2025-10-11 11:20:49.1308: Enviando e-mail...
2025-10-11 11:20:49.1308: Iniciando rotina de sincronização da venda 6304...
2025-10-11 11:20:49.1308: Todas as rotinas da venda 6304 foram concluídas com sucesso!
2025-10-11 11:20:49.1308: Imprimindo DANFe...
2025-10-11 11:29:29.7277: Calculando totais da venda...
2025-10-11 11:29:32.8992: Iniciando finalização da venda Id 6305...
2025-10-11 11:29:32.8992: Verificando repique de troco...
2025-10-11 11:29:32.8992: Calculando totais da venda...
2025-10-11 11:29:33.6472: Aguarde, estamos realizando a emissão da NFC-e...
2025-10-11 11:29:33.7672: Validando NFC-e...
2025-10-11 11:29:33.7672: Tipo de emissão NFC-e: NORMAL
2025-10-11 11:29:33.7672: Gerando XML de NFC-e...
2025-10-11 11:29:33.7672: Realizando conversão da venda para XML...
2025-10-11 11:29:33.7962: Conversão realizada com sucesso para a NFC-e id: NFe42251029005632000120650010000305231766372277
2025-10-11 11:29:33.7992: Assinando XML...
2025-10-11 11:29:34.1662: XML assinado com sucesso!
2025-10-11 11:29:34.1662: Enviando NFC-e para a SEFAZ...
2025-10-11 11:29:35.0166: Retorno da SEFAZ: 100 - Autorizado o uso da NF-e
2025-10-11 11:29:35.0166: Numeração de NFC-e atualizada para Nr. 30524
2025-10-11 11:29:35.0336: Finalizando Venda e validando NF emitida...
2025-10-11 11:29:35.4572: Venda finalizada com sucesso!
2025-10-11 11:29:35.4572: Realizando rotinas pós-venda...
2025-10-11 11:29:35.4572: Enviando e-mail...
2025-10-11 11:29:35.4572: Iniciando rotina de sincronização da venda 6305...
2025-10-11 11:29:35.4572: Todas as rotinas da venda 6305 foram concluídas com sucesso!
2025-10-11 11:29:35.4572: Imprimindo DANFe...
2025-10-11 11:49:39.7255: Calculando totais da venda...
2025-10-11 11:49:44.7795: Iniciando finalização da venda Id 6306...
2025-10-11 11:49:44.7795: Verificando repique de troco...
2025-10-11 11:49:44.7795: Calculando totais da venda...
2025-10-11 11:49:45.6039: Aguarde, estamos realizando a emissão da NFC-e...
2025-10-11 11:49:45.7014: Validando NFC-e...
2025-10-11 11:49:45.7054: Tipo de emissão NFC-e: NORMAL
2025-10-11 11:49:45.7054: Gerando XML de NFC-e...
2025-10-11 11:49:45.7054: Realizando conversão da venda para XML...
2025-10-11 11:49:45.7284: Conversão realizada com sucesso para a NFC-e id: NFe42251029005632000120650010000305241764125830
2025-10-11 11:49:45.7284: Assinando XML...
2025-10-11 11:49:45.9278: XML assinado com sucesso!
2025-10-11 11:49:45.9278: Enviando NFC-e para a SEFAZ...
2025-10-11 11:49:46.7295: Retorno da SEFAZ: 100 - Autorizado o uso da NF-e
2025-10-11 11:49:46.7295: Numeração de NFC-e atualizada para Nr. 30525
2025-10-11 11:49:46.7491: Finalizando Venda e validando NF emitida...
2025-10-11 11:49:47.1823: Venda finalizada com sucesso!
2025-10-11 11:49:47.1823: Realizando rotinas pós-venda...
2025-10-11 11:49:47.1823: Enviando e-mail...
2025-10-11 11:49:47.1953: Iniciando rotina de sincronização da venda 6306...
2025-10-11 11:49:47.1953: Todas as rotinas da venda 6306 foram concluídas com sucesso!
2025-10-11 11:49:47.1953: Imprimindo DANFe...
2025-10-11 11:55:05.3413: Calculando totais da venda...
2025-10-11 11:55:10.7510: Iniciando finalização da venda Id 6307...
2025-10-11 11:55:10.7510: Verificando repique de troco...
2025-10-11 11:55:10.7510: Calculando totais da venda...
2025-10-11 11:55:11.8669: Finalizando Venda não fiscal...
2025-10-11 11:55:12.3009: Venda finalizada com sucesso!
2025-10-11 11:55:12.3009: Realizando rotinas pós-venda...
2025-10-11 11:55:12.3009: Enviando e-mail...
2025-10-11 11:55:12.3009: Iniciando rotina de sincronização da venda 6307...
2025-10-11 11:55:12.3009: Todas as rotinas da venda 6307 foram concluídas com sucesso!
2025-10-11 12:03:51.3242: Calculando totais da venda...
2025-10-11 12:03:55.6944: Iniciando finalização da venda Id 6308...
2025-10-11 12:03:55.6944: Verificando repique de troco...
2025-10-11 12:03:55.6944: Calculando totais da venda...
2025-10-11 12:03:57.2232: Aguarde, estamos realizando a emissão da NFC-e...
2025-10-11 12:03:57.3312: Validando NFC-e...
2025-10-11 12:03:57.3312: Tipo de emissão NFC-e: NORMAL
2025-10-11 12:03:57.3312: Gerando XML de NFC-e...
2025-10-11 12:03:57.3502: Realizando conversão da venda para XML...
2025-10-11 12:03:57.3622: Conversão realizada com sucesso para a NFC-e id: NFe42251029005632000120650010000305251228141250
2025-10-11 12:03:57.3622: Assinando XML...
2025-10-11 12:03:57.5882: XML assinado com sucesso!
2025-10-11 12:03:57.5882: Enviando NFC-e para a SEFAZ...
2025-10-11 12:03:58.6117: Retorno da SEFAZ: 100 - Autorizado o uso da NF-e
2025-10-11 12:03:58.6117: Numeração de NFC-e atualizada para Nr. 30526
2025-10-11 12:03:58.6117: Finalizando Venda e validando NF emitida...
2025-10-11 12:03:59.0682: Venda finalizada com sucesso!
2025-10-11 12:03:59.0682: Realizando rotinas pós-venda...
2025-10-11 12:03:59.0682: Enviando e-mail...
2025-10-11 12:03:59.0682: Iniciando rotina de sincronização da venda 6308...
2025-10-11 12:03:59.0792: Todas as rotinas da venda 6308 foram concluídas com sucesso!
2025-10-11 12:03:59.0792: Imprimindo DANFe...
2025-10-11 12:26:21.1555: Calculando totais da venda...
2025-10-11 12:26:27.1550: Validando desconto atribuído ao cliente...
2025-10-11 12:28:01.6088: Iniciando finalização da venda Id 6309...
2025-10-11 12:28:01.6142: Verificando repique de troco...
2025-10-11 12:28:01.6142: Calculando totais da venda...
2025-10-11 12:28:04.3519: Aguarde, estamos realizando a emissão da NFC-e...
2025-10-11 12:28:04.4639: Validando NFC-e...
2025-10-11 12:28:04.4719: Tipo de emissão NFC-e: NORMAL
2025-10-11 12:28:04.4719: Gerando XML de NFC-e...
2025-10-11 12:28:04.4719: Realizando conversão da venda para XML...
2025-10-11 12:28:04.4899: Conversão realizada com sucesso para a NFC-e id: NFe42251029005632000120650010000305261930806310
2025-10-11 12:28:04.4899: Assinando XML...
2025-10-11 12:28:04.6489: XML assinado com sucesso!
2025-10-11 12:28:04.6489: Enviando NFC-e para a SEFAZ...
2025-10-11 12:28:05.2961: Retorno da SEFAZ: 100 - Autorizado o uso da NF-e
2025-10-11 12:28:05.3051: Numeração de NFC-e atualizada para Nr. 30527
2025-10-11 12:28:05.3153: Finalizando Venda e validando NF emitida...
2025-10-11 12:28:05.7402: Venda finalizada com sucesso!
2025-10-11 12:28:05.7402: Realizando rotinas pós-venda...
2025-10-11 12:28:05.7402: Enviando e-mail...
2025-10-11 12:28:05.7402: Iniciando rotina de sincronização da venda 6309...
2025-10-11 12:28:05.7402: Todas as rotinas da venda 6309 foram concluídas com sucesso!
2025-10-11 12:28:05.7402: Imprimindo DANFe...
2025-10-11 12:35:35.8886: Calculando totais da venda...
2025-10-11 12:35:39.4037: Iniciando finalização da venda Id 6310...
2025-10-11 12:35:39.4037: Verificando repique de troco...
2025-10-11 12:35:39.4037: Calculando totais da venda...
2025-10-11 12:35:39.5196: Iniciando finalização da venda Id 6310...
2025-10-11 12:35:39.5196: Verificando repique de troco...
2025-10-11 12:35:39.5196: Calculando totais da venda...
2025-10-11 12:35:41.1038: Aguarde, estamos realizando a emissão da NFC-e...
2025-10-11 12:35:41.2014: Validando NFC-e...
2025-10-11 12:35:41.2064: Tipo de emissão NFC-e: NORMAL
2025-10-11 12:35:41.2064: Gerando XML de NFC-e...
2025-10-11 12:35:41.2064: Realizando conversão da venda para XML...
2025-10-11 12:35:41.2214: Conversão realizada com sucesso para a NFC-e id: NFe42251029005632000120650010000305271921820532
2025-10-11 12:35:41.2214: Assinando XML...
2025-10-11 12:35:41.3114: XML assinado com sucesso!
2025-10-11 12:35:41.3114: Enviando NFC-e para a SEFAZ...
2025-10-11 12:35:42.0859: Retorno da SEFAZ: 100 - Autorizado o uso da NF-e
2025-10-11 12:35:42.0859: Numeração de NFC-e atualizada para Nr. 30528
2025-10-11 12:35:42.0859: Finalizando Venda e validando NF emitida...
2025-10-11 12:35:42.1169: Venda finalizada com sucesso!
2025-10-11 12:35:42.1169: Realizando rotinas pós-venda...
2025-10-11 12:35:42.1169: Enviando e-mail...
2025-10-11 12:35:42.1169: Iniciando rotina de sincronização da venda 6310...
2025-10-11 12:35:42.1169: Todas as rotinas da venda 6310 foram concluídas com sucesso!
2025-10-11 12:35:42.1169: Imprimindo DANFe...
2025-10-11 12:58:43.3921: Iniciando finalização da venda Id 6303...
2025-10-11 12:58:43.3921: Verificando repique de troco...
2025-10-11 12:58:43.3921: Calculando totais da venda...
2025-10-11 12:58:43.9203: Aguarde, estamos realizando a emissão da NFC-e...
2025-10-11 12:58:44.0181: Validando NFC-e...
2025-10-11 12:58:44.0181: Tipo de emissão NFC-e: NORMAL
2025-10-11 12:58:44.0181: Gerando XML de NFC-e...
2025-10-11 12:58:44.0181: Realizando conversão da venda para XML...
2025-10-11 12:58:44.0331: Conversão realizada com sucesso para a NFC-e id: NFe42251029005632000120650010000305281808188505
2025-10-11 12:58:44.0331: Assinando XML...
2025-10-11 12:58:44.1491: XML assinado com sucesso!
2025-10-11 12:58:44.1491: Enviando NFC-e para a SEFAZ...
2025-10-11 12:58:44.4339: Retorno da SEFAZ: 100 - Autorizado o uso da NF-e
2025-10-11 12:58:44.4339: Numeração de NFC-e atualizada para Nr. 30529
2025-10-11 12:58:44.4417: Finalizando Venda e validando NF emitida...
2025-10-11 12:58:44.4622: Venda finalizada com sucesso!
2025-10-11 12:58:44.4622: Realizando rotinas pós-venda...
2025-10-11 12:58:44.4622: Enviando e-mail...
2025-10-11 12:58:44.4622: Iniciando rotina de sincronização da venda 6303...
2025-10-11 12:58:44.4622: Todas as rotinas da venda 6303 foram concluídas com sucesso!
2025-10-11 12:58:44.4702: Imprimindo DANFe...
2025-10-11 12:59:11.7277: Iniciando rotina de sincronização de caixa...
