2025-10-13 18:48:27.3022: Verificando versão para atualização de PDV.
2025-10-13 18:48:27.7371: Atualização
2025-10-13 19:12:05.3827: Calculando totais da venda...
2025-10-13 19:12:13.2154: Iniciando finalização da venda Id 6352...
2025-10-13 19:12:13.2154: Verificando repique de troco...
2025-10-13 19:12:13.2203: Calculando totais da venda...
2025-10-13 19:12:14.3085: Finalizando Venda não fiscal...
2025-10-13 19:12:14.7365: Venda finalizada com sucesso!
2025-10-13 19:12:14.7365: Realizando rotinas pós-venda...
2025-10-13 19:12:14.7605: Enviando e-mail...
2025-10-13 19:12:14.7655: Iniciando rotina de sincronização da venda 6352...
2025-10-13 19:12:14.7655: Todas as rotinas da venda 6352 foram concluídas com sucesso!
2025-10-13 19:31:16.5264: Iniciando rotina de sincronização de caixa...
2025-10-13 19:51:04.4092: Calculando totais da venda...
2025-10-13 19:51:08.7834: Validando desconto atribuído ao cliente...
2025-10-13 19:52:12.5706: Calculando totais da venda...
2025-10-13 19:52:16.0006: Validando desconto atribuído ao cliente...
2025-10-13 19:53:59.3018: Calculando totais da venda...
2025-10-13 19:54:02.8063: Iniciando finalização da venda Id 6353...
2025-10-13 19:54:02.8063: Verificando repique de troco...
2025-10-13 19:54:02.8063: Calculando totais da venda...
2025-10-13 19:54:04.8517: Aguarde, estamos realizando a emissão da NFC-e...
2025-10-13 19:54:04.9778: Validando NFC-e...
2025-10-13 19:54:05.1278: Tipo de emissão NFC-e: NORMAL
2025-10-13 19:54:05.1278: Gerando XML de NFC-e...
2025-10-13 19:54:05.1568: Realizando conversão da venda para XML...
2025-10-13 19:54:05.2508: Conversão realizada com sucesso para a NFC-e id: NFe42251029005632000120650010000305641544326441
2025-10-13 19:54:05.3258: Assinando XML...
2025-10-13 19:54:07.3065: XML assinado com sucesso!
2025-10-13 19:54:07.3065: Enviando NFC-e para a SEFAZ...
2025-10-13 19:54:08.2532: Retorno da SEFAZ: 100 - Autorizado o uso da NF-e
2025-10-13 19:54:08.2532: Numeração de NFC-e atualizada para Nr. 30565
2025-10-13 19:54:08.2772: Finalizando Venda e validando NF emitida...
2025-10-13 19:54:08.6922: Venda finalizada com sucesso!
2025-10-13 19:54:08.6922: Realizando rotinas pós-venda...
2025-10-13 19:54:08.6922: Enviando e-mail...
2025-10-13 19:54:08.6922: Iniciando rotina de sincronização da venda 6353...
2025-10-13 19:54:08.6922: Todas as rotinas da venda 6353 foram concluídas com sucesso!
2025-10-13 19:54:08.6922: Imprimindo DANFe...
2025-10-13 20:01:20.0813: Iniciando rotina de sincronização de caixa...
