               -------------- Error (2025-10-09 19:58:06.1004) --------------
               
               Call Site: PDV.Telas.VwErro.Show
               Exception Type: System.OutOfMemoryException
               Exception Message: Exceção do tipo 'System.OutOfMemoryException' foi acionada.
               Stack Trace:    em System.Windows.LayoutEventList.CopyToArray()
   em System.Windows.ContextLayoutManager.fireLayoutUpdateEvent()
   em System.Windows.ContextLayoutManager.UpdateLayout()
   em System.Windows.UIElement.UpdateLayout()
   em System.Windows.Interop.HwndSource.Process_WM_SIZE(UIElement rootUIElement, IntPtr hwnd, WindowMessage msg, IntPtr wParam, IntPtr lParam)
   em System.Windows.Interop.HwndSource.LayoutFilterMessage(IntPtr hwnd, Int32 msg, IntPtr wParam, IntPtr lParam, Boolean& handled)
   em MS.Win32.HwndWrapper.WndProc(IntPtr hwnd, Int32 msg, IntPtr wParam, IntPtr lParam, Boolean& handled)
   em MS.Win32.HwndSubclass.DispatcherCallbackOperation(Object o)
   em System.Windows.Threading.ExceptionWrapper.InternalRealCall(Delegate callback, Object args, Int32 numArgs)
   em System.Windows.Threading.ExceptionWrapper.TryCatchWhen(Object source, Delegate callback, Object args, Int32 numArgs, Delegate catchHandler)

               -------------- Error (2025-10-09 19:58:09.2091) --------------
               
               Call Site: PDV.Telas.VwErro.Show
               Exception Type: System.OutOfMemoryException
               Exception Message: Exceção do tipo 'System.OutOfMemoryException' foi acionada.
               Stack Trace:    em System.Windows.Controls.TextBlock.GetLineProperties()
   em MS.Internal.Text.Line.GetCollapsedWidth()
   em System.Windows.Controls.TextBlock.MeasureOverride(Size constraint)
   em System.Windows.FrameworkElement.MeasureCore(Size availableSize)
   em System.Windows.UIElement.Measure(Size availableSize)
   em MS.Internal.Helper.MeasureElementWithSingleChild(UIElement element, Size constraint)
   em System.Windows.Controls.ScrollContentPresenter.MeasureOverride(Size constraint)
   em System.Windows.FrameworkElement.MeasureCore(Size availableSize)
   em System.Windows.UIElement.Measure(Size availableSize)
   em System.Windows.Controls.Grid.MeasureCell(Int32 cell, Boolean forceInfinityV)
   em System.Windows.Controls.Grid.MeasureCellsGroup(Int32 cellsHead, Size referenceSize, Boolean ignoreDesiredSizeU, Boolean forceInfinityV, Boolean& hasDesiredSizeUChanged)
   em System.Windows.Controls.Grid.MeasureCellsGroup(Int32 cellsHead, Size referenceSize, Boolean ignoreDesiredSizeU, Boolean forceInfinityV)
   em System.Windows.Controls.Grid.MeasureOverride(Size constraint)
   em System.Windows.FrameworkElement.MeasureCore(Size availableSize)
   em System.Windows.UIElement.Measure(Size availableSize)
   em System.Windows.Controls.ScrollViewer.MeasureOverride(Size constraint)
   em System.Windows.FrameworkElement.MeasureCore(Size availableSize)
   em System.Windows.UIElement.Measure(Size availableSize)
   em System.Windows.Controls.Grid.MeasureOverride(Size constraint)
   em System.Windows.FrameworkElement.MeasureCore(Size availableSize)
   em System.Windows.UIElement.Measure(Size availableSize)
   em System.Windows.Controls.Border.MeasureOverride(Size constraint)
   em System.Windows.FrameworkElement.MeasureCore(Size availableSize)
   em System.Windows.UIElement.Measure(Size availableSize)
   em MS.Internal.Helper.MeasureElementWithSingleChild(UIElement element, Size constraint)
   em System.Windows.Controls.ContentPresenter.MeasureOverride(Size constraint)
   em System.Windows.FrameworkElement.MeasureCore(Size availableSize)
   em System.Windows.UIElement.Measure(Size availableSize)
   em System.Windows.Controls.Grid.MeasureOverride(Size constraint)
   em System.Windows.FrameworkElement.MeasureCore(Size availableSize)
   em System.Windows.UIElement.Measure(Size availableSize)
   em System.Windows.Controls.Border.MeasureOverride(Size constraint)
   em System.Windows.FrameworkElement.MeasureCore(Size availableSize)
   em System.Windows.UIElement.Measure(Size availableSize)
   em System.Windows.ContextLayoutManager.UpdateLayout()
   em System.Windows.ContextLayoutManager.UpdateLayoutCallback(Object arg)
   em System.Windows.Media.MediaContext.InvokeOnRenderCallback.DoWork()
   em System.Windows.Media.MediaContext.FireInvokeOnRenderCallbacks()
   em System.Windows.Media.MediaContext.RenderMessageHandlerCore(Object resizedCompositionTarget)
   em System.Windows.Media.MediaContext.RenderMessageHandler(Object resizedCompositionTarget)
   em System.Windows.Media.MediaContext.Resize(ICompositionTarget resizedCompositionTarget)
   em System.Windows.Interop.HwndTarget.OnResize()
   em System.Windows.Interop.HwndTarget.HandleMessage(WindowMessage msg, IntPtr wparam, IntPtr lparam)
   em System.Windows.Interop.HwndSource.HwndTargetFilterMessage(IntPtr hwnd, Int32 msg, IntPtr wParam, IntPtr lParam, Boolean& handled)
   em MS.Win32.HwndWrapper.WndProc(IntPtr hwnd, Int32 msg, IntPtr wParam, IntPtr lParam, Boolean& handled)
   em MS.Win32.HwndSubclass.DispatcherCallbackOperation(Object o)
   em System.Windows.Threading.ExceptionWrapper.InternalRealCall(Delegate callback, Object args, Int32 numArgs)
   em System.Windows.Threading.ExceptionWrapper.TryCatchWhen(Object source, Delegate callback, Object args, Int32 numArgs, Delegate catchHandler)

