               -------------- Error (2025-10-10 17:59:30.8143) --------------
               
               Call Site: PDV.Telas.VwErro.Show
               Exception Type: System.OutOfMemoryException
               Exception Message: Exceção do tipo 'System.OutOfMemoryException' foi acionada.
               Stack Trace:    em System.Collections.Hashtable.HashtableEnumerator.get_Current()
   em MS.Internal.Data.ViewManager.Purge()
   em MS.Internal.Data.DataBindEngine.DoCleanup()
   em MS.Internal.Data.DataBindEngine.Cleanup()
   em MS.Internal.Data.DataBindEngine.CleanupOperation(Object arg)
   em System.Windows.Threading.ExceptionWrapper.InternalRealCall(Delegate callback, Object args, Int32 numArgs)
   em System.Windows.Threading.ExceptionWrapper.TryCatchWhen(Object source, Delegate callback, Object args, Int32 numArgs, Delegate catchHandler)

               -------------- Error (2025-10-10 17:59:36.9355) --------------
               
               Call Site: PDV.Telas.VwErro.Show
               Exception Type: System.OutOfMemoryException
               Exception Message: Exceção do tipo 'System.OutOfMemoryException' foi acionada.
               Stack Trace:    em System.Runtime.Serialization.FormatterServices.nativeGetUninitializedObject(RuntimeType type)
   em System.Runtime.Serialization.FormatterServices.GetUninitializedObject(Type type)
   em System.Xaml.Schema.XamlTypeInvoker.DefaultCtorXamlActivator.CallCtorDelegate(XamlTypeInvoker type)
   em System.Xaml.Schema.XamlTypeInvoker.DefaultCtorXamlActivator.CreateInstance(XamlTypeInvoker type)
   em System.Xaml.Schema.XamlTypeInvoker.CreateInstance(Object[] arguments)
   em MS.Internal.Xaml.Runtime.ClrObjectRuntime.CreateInstanceWithCtor(XamlType xamlType, Object[] args)
   em MS.Internal.Xaml.Runtime.ClrObjectRuntime.CreateInstance(XamlType xamlType, Object[] args)
   em MS.Internal.Xaml.Runtime.PartialTrustTolerantRuntime.CreateInstance(XamlType xamlType, Object[] args)
   em System.Xaml.XamlObjectWriter.Logic_CreateAndAssignToParentStart(ObjectWriterContext ctx)
   em System.Xaml.XamlObjectWriter.WriteStartMember(XamlMember property)
   em System.Xaml.XamlWriter.WriteNode(XamlReader reader)
   em System.Windows.FrameworkTemplate.LoadTemplateXaml(XamlReader templateReader, XamlObjectWriter currentWriter)
   em System.Windows.FrameworkTemplate.LoadTemplateXaml(XamlObjectWriter objectWriter)
   em System.Windows.FrameworkTemplate.LoadOptimizedTemplateContent(DependencyObject container, IComponentConnector componentConnector, IStyleConnector styleConnector, List`1 affectedChildren, UncommonField`1 templatedNonFeChildrenField)
   em System.Windows.FrameworkTemplate.LoadContent(DependencyObject container, List`1 affectedChildren)
   em System.Windows.StyleHelper.ApplyTemplateContent(UncommonField`1 dataField, DependencyObject container, FrameworkElementFactory templateRoot, Int32 lastChildIndex, HybridDictionary childIndexFromChildID, FrameworkTemplate frameworkTemplate)
   em System.Windows.FrameworkTemplate.ApplyTemplateContent(UncommonField`1 templateDataField, FrameworkElement container)
   em System.Windows.FrameworkElement.ApplyTemplate()
   em System.Windows.FrameworkElement.MeasureCore(Size availableSize)
   em System.Windows.UIElement.Measure(Size availableSize)
   em System.Windows.Controls.Border.MeasureOverride(Size constraint)
   em System.Windows.FrameworkElement.MeasureCore(Size availableSize)
   em System.Windows.UIElement.Measure(Size availableSize)
   em System.Windows.Controls.Grid.MeasureOverride(Size constraint)
   em System.Windows.FrameworkElement.MeasureCore(Size availableSize)
   em System.Windows.UIElement.Measure(Size availableSize)
   em System.Windows.Controls.Control.MeasureOverride(Size constraint)
   em System.Windows.FrameworkElement.MeasureCore(Size availableSize)
   em System.Windows.UIElement.Measure(Size availableSize)
   em System.Windows.Controls.Border.MeasureOverride(Size constraint)
   em System.Windows.FrameworkElement.MeasureCore(Size availableSize)
   em System.Windows.UIElement.Measure(Size availableSize)
   em System.Windows.Controls.Grid.MeasureCell(Int32 cell, Boolean forceInfinityV)
   em System.Windows.Controls.Grid.MeasureCellsGroup(Int32 cellsHead, Size referenceSize, Boolean ignoreDesiredSizeU, Boolean forceInfinityV, Boolean& hasDesiredSizeUChanged)
   em System.Windows.Controls.Grid.MeasureCellsGroup(Int32 cellsHead, Size referenceSize, Boolean ignoreDesiredSizeU, Boolean forceInfinityV)
   em System.Windows.Controls.Grid.MeasureOverride(Size constraint)
   em System.Windows.FrameworkElement.MeasureCore(Size availableSize)
   em System.Windows.UIElement.Measure(Size availableSize)
   em System.Windows.Controls.Grid.MeasureCell(Int32 cell, Boolean forceInfinityV)
   em System.Windows.Controls.Grid.MeasureCellsGroup(Int32 cellsHead, Size referenceSize, Boolean ignoreDesiredSizeU, Boolean forceInfinityV, Boolean& hasDesiredSizeUChanged)
   em System.Windows.Controls.Grid.MeasureCellsGroup(Int32 cellsHead, Size referenceSize, Boolean ignoreDesiredSizeU, Boolean forceInfinityV)
   em System.Windows.Controls.Grid.MeasureOverride(Size constraint)
   em System.Windows.FrameworkElement.MeasureCore(Size availableSize)
   em System.Windows.UIElement.Measure(Size availableSize)
   em MS.Internal.Helper.MeasureElementWithSingleChild(UIElement element, Size constraint)
   em System.Windows.Controls.ContentPresenter.MeasureOverride(Size constraint)
   em System.Windows.FrameworkElement.MeasureCore(Size availableSize)
   em System.Windows.UIElement.Measure(Size availableSize)
   em System.Windows.Controls.Grid.MeasureOverride(Size constraint)
   em System.Windows.FrameworkElement.MeasureCore(Size availableSize)
   em System.Windows.UIElement.Measure(Size availableSize)
   em System.Windows.Controls.Control.MeasureOverride(Size constraint)
   em System.Windows.FrameworkElement.MeasureCore(Size availableSize)
   em System.Windows.UIElement.Measure(Size availableSize)
   em MS.Internal.Helper.MeasureElementWithSingleChild(UIElement element, Size constraint)
   em System.Windows.Controls.ContentPresenter.MeasureOverride(Size constraint)
   em System.Windows.FrameworkElement.MeasureCore(Size availableSize)
   em System.Windows.UIElement.Measure(Size availableSize)
   em System.Windows.Documents.AdornerDecorator.MeasureOverride(Size constraint)
   em System.Windows.FrameworkElement.MeasureCore(Size availableSize)
   em System.Windows.UIElement.Measure(Size availableSize)
   em System.Windows.Controls.Border.MeasureOverride(Size constraint)
   em System.Windows.FrameworkElement.MeasureCore(Size availableSize)
   em System.Windows.UIElement.Measure(Size availableSize)
   em System.Windows.Window.MeasureOverrideHelper(Size constraint)
   em System.Windows.Window.MeasureOverride(Size availableSize)
   em System.Windows.FrameworkElement.MeasureCore(Size availableSize)
   em System.Windows.UIElement.Measure(Size availableSize)
   em System.Windows.Interop.HwndSource.SetLayoutSize()
   em System.Windows.Interop.HwndSource.set_RootVisualInternal(Visual value)
   em System.Windows.Interop.HwndSource.set_RootVisual(Visual value)
   em System.Windows.Window.SetRootVisual()
   em System.Windows.Window.SetRootVisualAndUpdateSTC()
   em System.Windows.Window.SetupInitialState(Double requestedTop, Double requestedLeft, Double requestedWidth, Double requestedHeight)
   em System.Windows.Window.CreateSourceWindow(Boolean duringShow)
   em System.Windows.Window.CreateSourceWindowDuringShow()
   em System.Windows.Window.SafeCreateWindowDuringShow()
   em System.Windows.Window.ShowHelper(Object booleanBox)
   em System.Windows.Window.Show()
   em System.Windows.Window.ShowDialog()
   em PDV.Telas.VwErro.Show(Exception ex)
   em Agente.Sicronizacao.App.Current_DispatcherUnhandledException(Object sender, DispatcherUnhandledExceptionEventArgs e)
   em System.Windows.Threading.Dispatcher.CatchException(Exception e)
   em System.Windows.Threading.Dispatcher.CatchExceptionStatic(Object source, Exception e)
   em System.Windows.Threading.ExceptionWrapper.CatchException(Object source, Exception e, Delegate catchHandler)
   em System.Windows.Threading.ExceptionWrapper.TryCatchWhen(Object source, Delegate callback, Object args, Int32 numArgs, Delegate catchHandler)
   em System.Windows.Threading.DispatcherOperation.InvokeImpl()
   em System.Windows.Threading.DispatcherOperation.InvokeInSecurityContext(Object state)
   em MS.Internal.CulturePreservingExecutionContext.CallbackWrapper(Object obj)
   em System.Threading.ExecutionContext.RunInternal(ExecutionContext executionContext, ContextCallback callback, Object state, Boolean preserveSyncCtx)
   em System.Threading.ExecutionContext.Run(ExecutionContext executionContext, ContextCallback callback, Object state, Boolean preserveSyncCtx)
   em System.Threading.ExecutionContext.Run(ExecutionContext executionContext, ContextCallback callback, Object state)
   em MS.Internal.CulturePreservingExecutionContext.Run(CulturePreservingExecutionContext executionContext, ContextCallback callback, Object state)
   em System.Windows.Threading.DispatcherOperation.Invoke()
   em System.Windows.Threading.Dispatcher.ProcessQueue()
   em System.Windows.Threading.Dispatcher.WndProcHook(IntPtr hwnd, Int32 msg, IntPtr wParam, IntPtr lParam, Boolean& handled)
   em MS.Win32.HwndWrapper.WndProc(IntPtr hwnd, Int32 msg, IntPtr wParam, IntPtr lParam, Boolean& handled)
   em MS.Win32.HwndSubclass.DispatcherCallbackOperation(Object o)
   em System.Windows.Threading.ExceptionWrapper.InternalRealCall(Delegate callback, Object args, Int32 numArgs)
   em System.Windows.Threading.ExceptionWrapper.TryCatchWhen(Object source, Delegate callback, Object args, Int32 numArgs, Delegate catchHandler)

