2025-10-14 07:52:16.1552: Verificando versão para atualização de PDV.
2025-10-14 07:52:16.5602: Atualização
2025-10-14 07:52:37.4039: Iniciando rotina de sincronização de caixa...
2025-10-14 07:53:28.1695: Iniciando rotina de sincronização de caixa...
2025-10-14 09:59:27.2325: Calculando totais da venda...
2025-10-14 10:46:49.7222: Calculando totais da venda...
2025-10-14 10:49:04.9275: Iniciando finalização da venda Id 4038...
2025-10-14 10:49:04.9275: Verificando repique de troco...
2025-10-14 10:49:04.9275: Calculando totais da venda...
2025-10-14 10:49:07.8618: Aguarde, estamos realizando a emissão da NFC-e...
2025-10-14 10:49:07.9694: Validando NFC-e...
2025-10-14 10:49:07.9764: Tipo de emissão NFC-e: NORMAL
2025-10-14 10:49:07.9764: Gerando XML de NFC-e...
2025-10-14 10:49:08.0014: Realizando conversão da venda para XML...
2025-10-14 10:49:08.0684: Conversão realizada com sucesso para a NFC-e id: NFe42251029005632000391650010000134741525629540
2025-10-14 10:49:08.4703: Assinando XML...
2025-10-14 10:49:09.0588: XML assinado com sucesso!
2025-10-14 10:49:09.0588: Enviando NFC-e para a SEFAZ...
2025-10-14 10:49:10.7411: Retorno da SEFAZ: 100 - Autorizado o uso da NF-e
2025-10-14 10:49:10.7411: Numeração de NFC-e atualizada para Nr. 13475
2025-10-14 10:49:10.7571: Finalizando Venda e validando NF emitida...
2025-10-14 10:49:10.9641: Venda finalizada com sucesso!
2025-10-14 10:49:10.9641: Realizando rotinas pós-venda...
2025-10-14 10:49:10.9641: Enviando e-mail...
2025-10-14 10:49:10.9870: Iniciando rotina de sincronização da venda 4038...
2025-10-14 10:49:10.9870: Todas as rotinas da venda 4038 foram concluídas com sucesso!
2025-10-14 10:49:10.9870: Imprimindo DANFe...
2025-10-14 10:49:11.0182: Calculando totais da venda...
2025-10-14 10:55:35.0790: Iniciando rotina de sincronização da venda 4039...
2025-10-14 10:58:56.6335: Calculando totais da venda...
2025-10-14 10:59:11.8009: Iniciando finalização da venda Id 4040...
2025-10-14 10:59:11.8009: Verificando repique de troco...
2025-10-14 10:59:11.8009: Calculando totais da venda...
2025-10-14 10:59:13.0815: Aguarde, estamos realizando a emissão da NFC-e...
2025-10-14 10:59:13.1745: Validando NFC-e...
2025-10-14 10:59:13.1805: Tipo de emissão NFC-e: NORMAL
2025-10-14 10:59:13.1805: Gerando XML de NFC-e...
2025-10-14 10:59:13.1805: Realizando conversão da venda para XML...
2025-10-14 10:59:13.1945: Conversão realizada com sucesso para a NFC-e id: NFe42251029005632000391650010000134751867250968
2025-10-14 10:59:13.1945: Assinando XML...
2025-10-14 10:59:13.2815: XML assinado com sucesso!
2025-10-14 10:59:13.2815: Enviando NFC-e para a SEFAZ...
2025-10-14 10:59:13.7932: Retorno da SEFAZ: 100 - Autorizado o uso da NF-e
2025-10-14 10:59:13.7932: Numeração de NFC-e atualizada para Nr. 13476
2025-10-14 10:59:13.8022: Finalizando Venda e validando NF emitida...
2025-10-14 10:59:14.1970: Venda finalizada com sucesso!
2025-10-14 10:59:14.1970: Realizando rotinas pós-venda...
2025-10-14 10:59:14.1970: Enviando e-mail...
2025-10-14 10:59:14.1970: Iniciando rotina de sincronização da venda 4040...
2025-10-14 10:59:14.1970: Todas as rotinas da venda 4040 foram concluídas com sucesso!
2025-10-14 10:59:14.1970: Imprimindo DANFe...
2025-10-14 10:59:14.2551: Calculando totais da venda...
2025-10-14 11:11:51.8030: Calculando totais da venda...
2025-10-14 11:11:57.5547: Iniciando finalização da venda Id 4041...
2025-10-14 11:11:57.5547: Verificando repique de troco...
2025-10-14 11:11:57.5547: Calculando totais da venda...
2025-10-14 11:11:58.7850: Aguarde, estamos realizando a emissão da NFC-e...
2025-10-14 11:11:58.8821: Validando NFC-e...
2025-10-14 11:11:58.8821: Tipo de emissão NFC-e: NORMAL
2025-10-14 11:11:58.8821: Gerando XML de NFC-e...
2025-10-14 11:11:58.8821: Realizando conversão da venda para XML...
2025-10-14 11:11:58.9000: Conversão realizada com sucesso para a NFC-e id: NFe42251029005632000391650010000134761716295609
2025-10-14 11:11:58.9000: Assinando XML...
2025-10-14 11:11:58.9880: XML assinado com sucesso!
2025-10-14 11:11:58.9880: Enviando NFC-e para a SEFAZ...
2025-10-14 11:11:59.2399: Retorno da SEFAZ: 100 - Autorizado o uso da NF-e
2025-10-14 11:11:59.2399: Numeração de NFC-e atualizada para Nr. 13477
2025-10-14 11:11:59.2399: Finalizando Venda e validando NF emitida...
2025-10-14 11:11:59.2729: Venda finalizada com sucesso!
2025-10-14 11:11:59.2729: Realizando rotinas pós-venda...
2025-10-14 11:11:59.2729: Enviando e-mail...
2025-10-14 11:11:59.2729: Iniciando rotina de sincronização da venda 4041...
2025-10-14 11:11:59.2729: Todas as rotinas da venda 4041 foram concluídas com sucesso!
2025-10-14 11:11:59.2729: Imprimindo DANFe...
2025-10-14 11:11:59.3221: Calculando totais da venda...
2025-10-14 11:15:51.7129: Calculando totais da venda...
2025-10-14 11:15:55.6569: Iniciando finalização da venda Id 4042...
2025-10-14 11:15:55.6569: Verificando repique de troco...
2025-10-14 11:15:55.6569: Calculando totais da venda...
2025-10-14 11:15:56.3988: Aguarde, estamos realizando a emissão da NFC-e...
2025-10-14 11:15:56.4818: Validando NFC-e...
2025-10-14 11:15:56.4818: Tipo de emissão NFC-e: NORMAL
2025-10-14 11:15:56.4818: Gerando XML de NFC-e...
2025-10-14 11:15:56.4818: Realizando conversão da venda para XML...
2025-10-14 11:15:56.4988: Conversão realizada com sucesso para a NFC-e id: NFe42251029005632000391650010000134771702816927
2025-10-14 11:15:56.4988: Assinando XML...
2025-10-14 11:15:56.5858: XML assinado com sucesso!
2025-10-14 11:15:56.5858: Enviando NFC-e para a SEFAZ...
2025-10-14 11:15:57.3137: Retorno da SEFAZ: 100 - Autorizado o uso da NF-e
2025-10-14 11:15:57.3137: Numeração de NFC-e atualizada para Nr. 13478
2025-10-14 11:15:57.3224: Finalizando Venda e validando NF emitida...
2025-10-14 11:15:57.3494: Venda finalizada com sucesso!
2025-10-14 11:15:57.3494: Realizando rotinas pós-venda...
2025-10-14 11:15:57.3494: Enviando e-mail...
2025-10-14 11:15:57.3494: Iniciando rotina de sincronização da venda 4042...
2025-10-14 11:15:57.3494: Todas as rotinas da venda 4042 foram concluídas com sucesso!
2025-10-14 11:15:57.3494: Imprimindo DANFe...
2025-10-14 11:15:57.4064: Calculando totais da venda...
2025-10-14 11:24:37.6881: Calculando totais da venda...
2025-10-14 11:44:36.5726: Calculando totais da venda...
2025-10-14 11:44:43.3882: Iniciando finalização da venda Id 4044...
2025-10-14 11:44:43.3882: Verificando repique de troco...
2025-10-14 11:44:43.3882: Calculando totais da venda...
2025-10-14 11:44:49.3561: Calculando totais da venda...
2025-10-14 11:44:58.3639: Iniciando finalização da venda Id 4044...
2025-10-14 11:44:58.3649: Verificando repique de troco...
2025-10-14 11:44:58.3649: Calculando totais da venda...
2025-10-14 11:44:59.1056: Aguarde, estamos realizando a emissão da NFC-e...
2025-10-14 11:44:59.1956: Validando NFC-e...
2025-10-14 11:44:59.1956: Tipo de emissão NFC-e: NORMAL
2025-10-14 11:44:59.1956: Gerando XML de NFC-e...
2025-10-14 11:44:59.1956: Realizando conversão da venda para XML...
2025-10-14 11:44:59.2126: Conversão realizada com sucesso para a NFC-e id: NFe42251029005632000391650010000134781330541058
2025-10-14 11:44:59.2126: Assinando XML...
2025-10-14 11:44:59.2946: XML assinado com sucesso!
2025-10-14 11:44:59.2946: Enviando NFC-e para a SEFAZ...
2025-10-14 11:44:59.5940: Retorno da SEFAZ: 100 - Autorizado o uso da NF-e
2025-10-14 11:44:59.5940: Numeração de NFC-e atualizada para Nr. 13479
2025-10-14 11:44:59.6029: Finalizando Venda e validando NF emitida...
2025-10-14 11:44:59.6299: Venda finalizada com sucesso!
2025-10-14 11:44:59.6309: Realizando rotinas pós-venda...
2025-10-14 11:44:59.6309: Enviando e-mail...
2025-10-14 11:44:59.6309: Iniciando rotina de sincronização da venda 4044...
2025-10-14 11:44:59.6309: Todas as rotinas da venda 4044 foram concluídas com sucesso!
2025-10-14 11:44:59.6309: Imprimindo DANFe...
2025-10-14 11:44:59.6839: Calculando totais da venda...
2025-10-14 11:58:09.7352: Iniciando rotina de sincronização da venda 4043...
2025-10-14 12:15:58.8541: Calculando totais da venda...
2025-10-14 12:16:12.0858: Iniciando finalização da venda Id 4045...
2025-10-14 12:16:12.0858: Verificando repique de troco...
2025-10-14 12:16:12.0858: Calculando totais da venda...
2025-10-14 12:16:13.3395: Aguarde, estamos realizando a emissão da NFC-e...
2025-10-14 12:16:13.4280: Validando NFC-e...
2025-10-14 12:16:13.4280: Tipo de emissão NFC-e: NORMAL
2025-10-14 12:16:13.4280: Gerando XML de NFC-e...
2025-10-14 12:16:13.4280: Realizando conversão da venda para XML...
2025-10-14 12:16:13.4440: Conversão realizada com sucesso para a NFC-e id: NFe42251029005632000391650010000134791983129435
2025-10-14 12:16:13.4440: Assinando XML...
2025-10-14 12:16:13.5430: XML assinado com sucesso!
2025-10-14 12:16:13.5430: Enviando NFC-e para a SEFAZ...
2025-10-14 12:16:14.3907: Retorno da SEFAZ: 100 - Autorizado o uso da NF-e
2025-10-14 12:16:14.3907: Numeração de NFC-e atualizada para Nr. 13480
2025-10-14 12:16:14.3997: Finalizando Venda e validando NF emitida...
2025-10-14 12:16:14.8167: Venda finalizada com sucesso!
2025-10-14 12:16:14.8167: Realizando rotinas pós-venda...
2025-10-14 12:16:14.8167: Enviando e-mail...
2025-10-14 12:16:14.8187: Iniciando rotina de sincronização da venda 4045...
2025-10-14 12:16:14.8187: Todas as rotinas da venda 4045 foram concluídas com sucesso!
2025-10-14 12:16:14.8187: Imprimindo DANFe...
2025-10-14 12:16:14.8707: Calculando totais da venda...
2025-10-14 12:23:20.2428: Calculando totais da venda...
2025-10-14 12:24:10.9628: Calculando totais da venda...
2025-10-14 12:24:37.0569: Calculando totais da venda...
2025-10-14 12:26:19.2979: Calculando totais da venda...
2025-10-14 12:33:41.4221: Calculando totais da venda...
2025-10-14 12:33:45.8575: Validando desconto atribuído ao cliente...
2025-10-14 12:35:23.8052: Validando desconto atribuído ao cliente...
2025-10-14 12:35:32.5737: Iniciando finalização da venda Id 4048...
2025-10-14 12:35:32.5737: Verificando repique de troco...
2025-10-14 12:35:32.5737: Calculando totais da venda...
2025-10-14 12:35:35.4658: Aguarde, estamos realizando a emissão da NFC-e...
2025-10-14 12:35:35.5629: Validando NFC-e...
2025-10-14 12:35:35.5689: Tipo de emissão NFC-e: NORMAL
2025-10-14 12:35:35.5689: Gerando XML de NFC-e...
2025-10-14 12:35:35.5689: Realizando conversão da venda para XML...
2025-10-14 12:35:35.5689: Conversão realizada com sucesso para a NFC-e id: NFe42251029005632000391650010000134801127987908
2025-10-14 12:35:35.5689: Assinando XML...
2025-10-14 12:35:35.6629: XML assinado com sucesso!
2025-10-14 12:35:35.6629: Enviando NFC-e para a SEFAZ...
2025-10-14 12:35:36.1590: Retorno da SEFAZ: 100 - Autorizado o uso da NF-e
2025-10-14 12:35:36.1590: Numeração de NFC-e atualizada para Nr. 13481
2025-10-14 12:35:36.1690: Finalizando Venda e validando NF emitida...
2025-10-14 12:35:37.1350: Venda finalizada com sucesso!
2025-10-14 12:35:37.1350: Realizando rotinas pós-venda...
2025-10-14 12:35:37.1350: Enviando e-mail...
2025-10-14 12:35:37.1350: Iniciando rotina de sincronização da venda 4048...
2025-10-14 12:35:37.1350: Todas as rotinas da venda 4048 foram concluídas com sucesso!
2025-10-14 12:35:37.1350: Imprimindo DANFe...
2025-10-14 12:35:37.1843: Calculando totais da venda...
2025-10-14 12:55:12.6667: Calculando totais da venda...
2025-10-14 12:57:56.9906: Iniciando rotina de sincronização da venda 4049...
2025-10-14 13:15:15.8516: Calculando totais da venda...
2025-10-14 13:15:22.5076: Iniciando finalização da venda Id 4050...
2025-10-14 13:15:22.5076: Verificando repique de troco...
2025-10-14 13:15:22.5076: Calculando totais da venda...
2025-10-14 13:15:23.6309: Aguarde, estamos realizando a emissão da NFC-e...
2025-10-14 13:15:23.7221: Validando NFC-e...
2025-10-14 13:15:23.7311: Tipo de emissão NFC-e: NORMAL
2025-10-14 13:15:23.7311: Gerando XML de NFC-e...
2025-10-14 13:15:23.7311: Realizando conversão da venda para XML...
2025-10-14 13:15:23.7411: Conversão realizada com sucesso para a NFC-e id: NFe42251029005632000391650010000134811267781498
2025-10-14 13:15:23.7411: Assinando XML...
2025-10-14 13:15:23.8391: XML assinado com sucesso!
2025-10-14 13:15:23.8391: Enviando NFC-e para a SEFAZ...
2025-10-14 13:15:24.1037: Retorno da SEFAZ: 100 - Autorizado o uso da NF-e
2025-10-14 13:15:24.1037: Numeração de NFC-e atualizada para Nr. 13482
2025-10-14 13:15:24.1037: Finalizando Venda e validando NF emitida...
2025-10-14 13:15:24.1386: Venda finalizada com sucesso!
2025-10-14 13:15:24.1386: Realizando rotinas pós-venda...
2025-10-14 13:15:24.1386: Enviando e-mail...
2025-10-14 13:15:24.1386: Iniciando rotina de sincronização da venda 4050...
2025-10-14 13:15:24.1386: Todas as rotinas da venda 4050 foram concluídas com sucesso!
2025-10-14 13:15:24.1386: Imprimindo DANFe...
2025-10-14 13:15:24.1876: Calculando totais da venda...
2025-10-14 13:38:22.3898: Iniciando rotina de sincronização da venda 4051...
2025-10-14 13:45:42.8458: Calculando totais da venda...
2025-10-14 13:45:50.1018: Iniciando finalização da venda Id 4052...
2025-10-14 13:45:50.1018: Verificando repique de troco...
2025-10-14 13:45:50.1018: Calculando totais da venda...
2025-10-14 13:45:52.6854: Aguarde, estamos realizando a emissão da NFC-e...
2025-10-14 13:45:52.7726: Validando NFC-e...
2025-10-14 13:45:52.7726: Tipo de emissão NFC-e: NORMAL
2025-10-14 13:45:52.7726: Gerando XML de NFC-e...
2025-10-14 13:45:52.7726: Realizando conversão da venda para XML...
2025-10-14 13:45:52.7906: Conversão realizada com sucesso para a NFC-e id: NFe42251029005632000391650010000134821766372272
2025-10-14 13:45:52.7906: Assinando XML...
2025-10-14 13:45:52.8766: XML assinado com sucesso!
2025-10-14 13:45:52.8766: Enviando NFC-e para a SEFAZ...
2025-10-14 13:45:53.8458: Retorno da SEFAZ: 100 - Autorizado o uso da NF-e
2025-10-14 13:45:53.8458: Numeração de NFC-e atualizada para Nr. 13483
2025-10-14 13:45:53.8528: Finalizando Venda e validando NF emitida...
2025-10-14 13:45:54.2648: Venda finalizada com sucesso!
2025-10-14 13:45:54.2648: Realizando rotinas pós-venda...
2025-10-14 13:45:54.2648: Enviando e-mail...
2025-10-14 13:45:54.2648: Iniciando rotina de sincronização da venda 4052...
2025-10-14 13:45:54.2648: Todas as rotinas da venda 4052 foram concluídas com sucesso!
2025-10-14 13:45:54.2648: Imprimindo DANFe...
2025-10-14 13:45:54.3117: Calculando totais da venda...
2025-10-14 14:06:54.1642: Iniciando rotina de sincronização da venda 4053...
2025-10-14 14:33:00.9524: Calculando totais da venda...
2025-10-14 14:50:10.8508: Iniciando rotina de sincronização da venda 4054...
2025-10-14 15:12:14.5105: Calculando totais da venda...
2025-10-14 15:13:32.4140: Iniciando finalização da venda Id 4055...
2025-10-14 15:13:32.4140: Verificando repique de troco...
2025-10-14 15:13:32.4140: Calculando totais da venda...
2025-10-14 15:13:33.6129: Aguarde, estamos realizando a emissão da NFC-e...
2025-10-14 15:13:33.7058: Validando NFC-e...
2025-10-14 15:13:33.7098: Tipo de emissão NFC-e: NORMAL
2025-10-14 15:13:33.7098: Gerando XML de NFC-e...
2025-10-14 15:13:33.7098: Realizando conversão da venda para XML...
2025-10-14 15:13:33.7098: Conversão realizada com sucesso para a NFC-e id: NFe42251029005632000391650010000134831723760260
2025-10-14 15:13:33.7098: Assinando XML...
2025-10-14 15:13:33.8268: XML assinado com sucesso!
2025-10-14 15:13:33.8268: Enviando NFC-e para a SEFAZ...
2025-10-14 15:13:34.6586: Retorno da SEFAZ: 100 - Autorizado o uso da NF-e
2025-10-14 15:13:34.6586: Numeração de NFC-e atualizada para Nr. 13484
2025-10-14 15:13:34.6686: Finalizando Venda e validando NF emitida...
2025-10-14 15:13:35.0927: Venda finalizada com sucesso!
2025-10-14 15:13:35.0927: Realizando rotinas pós-venda...
2025-10-14 15:13:35.0927: Enviando e-mail...
2025-10-14 15:13:35.0927: Iniciando rotina de sincronização da venda 4055...
2025-10-14 15:13:35.0927: Todas as rotinas da venda 4055 foram concluídas com sucesso!
2025-10-14 15:13:35.0927: Imprimindo DANFe...
2025-10-14 15:13:35.1587: Calculando totais da venda...
2025-10-14 15:39:09.5299: Iniciando rotina de sincronização da venda 4056...
2025-10-14 15:41:38.4072: Iniciando rotina de sincronização da venda 4057...
2025-10-14 15:56:34.9304: Calculando totais da venda...
2025-10-14 15:56:43.1623: Validando desconto atribuído ao cliente...
2025-10-14 15:57:06.0498: Calculando totais da venda...
2025-10-14 16:03:15.3915: Calculando totais da venda...
2025-10-14 16:03:20.6551: Iniciando finalização da venda Id 4058...
2025-10-14 16:03:20.6551: Verificando repique de troco...
2025-10-14 16:03:20.6551: Calculando totais da venda...
2025-10-14 16:03:22.4179: Aguarde, estamos realizando a emissão da NFC-e...
2025-10-14 16:03:22.5208: Validando NFC-e...
2025-10-14 16:03:22.5238: Tipo de emissão NFC-e: NORMAL
2025-10-14 16:03:22.5238: Gerando XML de NFC-e...
2025-10-14 16:03:22.5238: Realizando conversão da venda para XML...
2025-10-14 16:03:22.5408: Conversão realizada com sucesso para a NFC-e id: NFe42251029005632000391650010000134841610128239
2025-10-14 16:03:22.5408: Assinando XML...
2025-10-14 16:03:22.6498: XML assinado com sucesso!
2025-10-14 16:03:22.6498: Enviando NFC-e para a SEFAZ...
2025-10-14 16:03:22.9484: Retorno da SEFAZ: 100 - Autorizado o uso da NF-e
2025-10-14 16:03:22.9484: Numeração de NFC-e atualizada para Nr. 13485
2025-10-14 16:03:22.9484: Finalizando Venda e validando NF emitida...
2025-10-14 16:03:22.9854: Venda finalizada com sucesso!
2025-10-14 16:03:22.9854: Realizando rotinas pós-venda...
2025-10-14 16:03:22.9854: Enviando e-mail...
2025-10-14 16:03:22.9854: Iniciando rotina de sincronização da venda 4058...
2025-10-14 16:03:22.9854: Todas as rotinas da venda 4058 foram concluídas com sucesso!
2025-10-14 16:03:22.9854: Imprimindo DANFe...
2025-10-14 16:03:23.0506: Calculando totais da venda...
2025-10-14 16:13:11.0746: Calculando totais da venda...
2025-10-14 16:13:16.0268: Validando desconto atribuído ao cliente...
2025-10-14 16:13:40.1609: Calculando totais da venda...
2025-10-14 16:18:02.3362: Calculando totais da venda...
2025-10-14 16:19:19.2162: Iniciando finalização da venda Id 4060...
2025-10-14 16:19:19.2162: Verificando repique de troco...
2025-10-14 16:19:19.2162: Calculando totais da venda...
2025-10-14 16:19:22.3772: Aguarde, estamos realizando a emissão da NFC-e...
2025-10-14 16:19:22.4668: Validando NFC-e...
2025-10-14 16:19:22.4668: Tipo de emissão NFC-e: NORMAL
2025-10-14 16:19:22.4748: Gerando XML de NFC-e...
2025-10-14 16:19:22.4748: Realizando conversão da venda para XML...
2025-10-14 16:19:22.4748: Conversão realizada com sucesso para a NFC-e id: NFe42251029005632000391650010000134851500989105
2025-10-14 16:19:22.4748: Assinando XML...
2025-10-14 16:19:22.5858: XML assinado com sucesso!
2025-10-14 16:19:22.5858: Enviando NFC-e para a SEFAZ...
2025-10-14 16:19:23.0979: Retorno da SEFAZ: 100 - Autorizado o uso da NF-e
2025-10-14 16:19:23.0979: Numeração de NFC-e atualizada para Nr. 13486
2025-10-14 16:19:23.1079: Finalizando Venda e validando NF emitida...
2025-10-14 16:19:23.5149: Venda finalizada com sucesso!
2025-10-14 16:19:23.5149: Realizando rotinas pós-venda...
2025-10-14 16:19:23.5149: Enviando e-mail...
2025-10-14 16:19:23.5149: Iniciando rotina de sincronização da venda 4060...
2025-10-14 16:19:23.5149: Todas as rotinas da venda 4060 foram concluídas com sucesso!
2025-10-14 16:19:23.5149: Imprimindo DANFe...
2025-10-14 16:19:23.5643: Calculando totais da venda...
2025-10-14 16:22:03.1800: Calculando totais da venda...
2025-10-14 16:23:24.0462: Calculando totais da venda...
2025-10-14 16:23:33.6622: Iniciando finalização da venda Id 4006...
2025-10-14 16:23:33.6622: Verificando repique de troco...
2025-10-14 16:23:33.6622: Calculando totais da venda...
2025-10-14 16:23:34.9411: Aguarde, estamos realizando a emissão da NFC-e...
2025-10-14 16:23:35.0217: Validando NFC-e...
2025-10-14 16:23:35.0217: Tipo de emissão NFC-e: NORMAL
2025-10-14 16:23:35.0217: Gerando XML de NFC-e...
2025-10-14 16:23:35.0217: Realizando conversão da venda para XML...
2025-10-14 16:23:35.0427: Conversão realizada com sucesso para a NFC-e id: NFe42251029005632000391650010000134861888919631
2025-10-14 16:23:35.0427: Assinando XML...
2025-10-14 16:23:35.1267: XML assinado com sucesso!
2025-10-14 16:23:35.1267: Enviando NFC-e para a SEFAZ...
2025-10-14 16:23:35.3861: Retorno da SEFAZ: 100 - Autorizado o uso da NF-e
2025-10-14 16:23:35.3861: Numeração de NFC-e atualizada para Nr. 13487
2025-10-14 16:23:35.4003: Finalizando Venda e validando NF emitida...
2025-10-14 16:23:35.4371: Venda finalizada com sucesso!
2025-10-14 16:23:35.4371: Realizando rotinas pós-venda...
2025-10-14 16:23:35.4371: Enviando e-mail...
2025-10-14 16:23:35.4371: Iniciando rotina de sincronização da venda 4006...
2025-10-14 16:23:35.4371: Todas as rotinas da venda 4006 foram concluídas com sucesso!
2025-10-14 16:23:35.4371: Imprimindo DANFe...
2025-10-14 16:23:35.5028: Calculando totais da venda...
