2025-10-15 12:57:52.7727: Verificando versão para atualização de PDV.
2025-10-15 12:57:53.2317: Atualização
2025-10-15 12:58:32.1457: Iniciando rotina de sincronização da venda 4081...
2025-10-15 13:01:38.8057: Calculando totais da venda...
2025-10-15 13:02:08.4594: Calculando totais da venda...
2025-10-15 13:02:18.3108: Validando desconto atribuído ao cliente...
2025-10-15 13:02:35.2768: Iniciando finalização da venda Id 4082...
2025-10-15 13:02:35.2768: Verificando repique de troco...
2025-10-15 13:02:35.2768: Calculando totais da venda...
2025-10-15 13:02:36.5818: Aguarde, estamos realizando a emissão da NFC-e...
2025-10-15 13:02:36.7038: Validando NFC-e...
2025-10-15 13:02:36.7568: Tipo de emissão NFC-e: NORMAL
2025-10-15 13:02:36.7568: Gerando XML de NFC-e...
2025-10-15 13:02:37.0911: Realizando conversão da venda para XML...
2025-10-15 13:02:37.8183: Conversão realizada com sucesso para a NFC-e id: NFe42251029005632000391650010000135041439680194
2025-10-15 13:02:38.9716: Assinando XML...
2025-10-15 13:02:39.3846: XML assinado com sucesso!
2025-10-15 13:02:39.3846: Enviando NFC-e para a SEFAZ...
2025-10-15 13:02:41.4395: Retorno da SEFAZ: 100 - Autorizado o uso da NF-e
2025-10-15 13:02:41.4395: Numeração de NFC-e atualizada para Nr. 13505
2025-10-15 13:02:41.4395: Finalizando Venda e validando NF emitida...
2025-10-15 13:02:42.2145: Venda finalizada com sucesso!
2025-10-15 13:02:42.2145: Realizando rotinas pós-venda...
2025-10-15 13:02:42.2415: Enviando e-mail...
2025-10-15 13:02:42.2415: Iniciando rotina de sincronização da venda 4082...
2025-10-15 13:02:42.2415: Todas as rotinas da venda 4082 foram concluídas com sucesso!
2025-10-15 13:02:42.2455: Imprimindo DANFe...
2025-10-15 13:02:42.2725: Calculando totais da venda...
2025-10-15 13:12:45.4181: Calculando totais da venda...
2025-10-15 13:13:10.0502: Calculando totais da venda...
2025-10-15 13:13:20.6272: Validando desconto atribuído ao cliente...
2025-10-15 13:13:33.0159: Calculando totais da venda...
2025-10-15 13:13:42.6889: Iniciando finalização da venda Id 4083...
2025-10-15 13:13:42.6889: Verificando repique de troco...
2025-10-15 13:13:42.6889: Calculando totais da venda...
2025-10-15 13:13:45.2673: Aguarde, estamos realizando a emissão da NFC-e...
2025-10-15 13:13:45.5259: Validando NFC-e...
2025-10-15 13:13:45.5509: Tipo de emissão NFC-e: NORMAL
2025-10-15 13:13:45.5509: Gerando XML de NFC-e...
2025-10-15 13:13:45.5589: Realizando conversão da venda para XML...
2025-10-15 13:13:45.6309: Conversão realizada com sucesso para a NFC-e id: NFe42251029005632000391650010000135051355977290
2025-10-15 13:13:45.6309: Assinando XML...
2025-10-15 13:13:45.9689: XML assinado com sucesso!
2025-10-15 13:13:45.9689: Enviando NFC-e para a SEFAZ...
2025-10-15 13:13:47.5929: Retorno da SEFAZ: 100 - Autorizado o uso da NF-e
2025-10-15 13:13:47.5929: Numeração de NFC-e atualizada para Nr. 13506
2025-10-15 13:13:47.6139: Finalizando Venda e validando NF emitida...
2025-10-15 13:13:50.7729: Venda finalizada com sucesso!
2025-10-15 13:13:50.8247: Realizando rotinas pós-venda...
2025-10-15 13:13:50.8247: Enviando e-mail...
2025-10-15 13:13:50.8247: Iniciando rotina de sincronização da venda 4083...
2025-10-15 13:13:50.8404: Todas as rotinas da venda 4083 foram concluídas com sucesso!
2025-10-15 13:13:50.8404: Imprimindo DANFe...
2025-10-15 13:13:51.6216: Calculando totais da venda...
