2025-10-15 10:29:01.1861: Verificando versão para atualização de PDV.
2025-10-15 10:29:02.0201: Atualização
2025-10-15 10:29:33.3082: Calculando totais da venda...
2025-10-15 10:29:45.1865: Iniciando finalização da venda Id 4074...
2025-10-15 10:29:45.1865: Verificando repique de troco...
2025-10-15 10:29:45.1865: Calculando totais da venda...
2025-10-15 10:29:46.2115: Aguarde, estamos realizando a emissão da NFC-e...
2025-10-15 10:29:46.3755: Validando NFC-e...
2025-10-15 10:29:46.4235: Tipo de emissão NFC-e: NORMAL
2025-10-15 10:29:46.4235: Gerando XML de NFC-e...
2025-10-15 10:29:46.4485: Realizando conversão da venda para XML...
2025-10-15 10:29:46.7105: Conversão realizada com sucesso para a NFC-e id: NFe42251029005632000391650010000134971688612927
2025-10-15 10:29:47.4715: Assinando XML...
2025-10-15 10:29:48.1445: XML assinado com sucesso!
2025-10-15 10:29:48.1445: Enviando NFC-e para a SEFAZ...
2025-10-15 10:29:48.7355: Retorno da SEFAZ: 100 - Autorizado o uso da NF-e
2025-10-15 10:29:48.7355: Numeração de NFC-e atualizada para Nr. 13498
2025-10-15 10:29:48.7545: Finalizando Venda e validando NF emitida...
2025-10-15 10:29:48.8065: Venda finalizada com sucesso!
2025-10-15 10:29:48.8165: Realizando rotinas pós-venda...
2025-10-15 10:29:48.9195: Calculando totais da venda...
2025-10-15 10:29:48.9495: Enviando e-mail...
2025-10-15 10:29:48.9735: Iniciando rotina de sincronização da venda 4074...
2025-10-15 10:29:48.9735: Todas as rotinas da venda 4074 foram concluídas com sucesso!
2025-10-15 10:29:48.9735: Imprimindo DANFe...
