2025-10-15 10:50:04.5992: Verificando versão para atualização de PDV.
2025-10-15 10:50:05.7872: Atualização
2025-10-15 11:22:00.3084: Calculando totais da venda...
2025-10-15 11:22:07.1014: Validando desconto atribuído ao cliente...
2025-10-15 11:23:05.1557: Iniciando finalização da venda Id 4075...
2025-10-15 11:23:05.1557: Verificando repique de troco...
2025-10-15 11:23:05.1557: Calculando totais da venda...
2025-10-15 11:23:10.1491: Aguarde, estamos realizando a emissão da NFC-e...
2025-10-15 11:23:10.2531: Validando NFC-e...
2025-10-15 11:23:10.2661: Tipo de emissão NFC-e: NORMAL
2025-10-15 11:23:10.2661: Gerando XML de NFC-e...
2025-10-15 11:23:10.2791: Realizando conversão da venda para XML...
2025-10-15 11:23:10.3751: Conversão realizada com sucesso para a NFC-e id: NFe42251029005632000391650010000134981736443155
2025-10-15 11:23:10.7701: Assinando XML...
2025-10-15 11:23:11.1891: XML assinado com sucesso!
2025-10-15 11:23:11.1891: Enviando NFC-e para a SEFAZ...
2025-10-15 11:23:11.8281: Retorno da SEFAZ: 100 - Autorizado o uso da NF-e
2025-10-15 11:23:11.8281: Numeração de NFC-e atualizada para Nr. 13499
2025-10-15 11:23:11.8391: Finalizando Venda e validando NF emitida...
2025-10-15 11:23:12.6481: Venda finalizada com sucesso!
2025-10-15 11:23:12.6481: Realizando rotinas pós-venda...
2025-10-15 11:23:12.6931: Enviando e-mail...
2025-10-15 11:23:12.7111: Iniciando rotina de sincronização da venda 4075...
2025-10-15 11:23:12.7111: Todas as rotinas da venda 4075 foram concluídas com sucesso!
2025-10-15 11:23:12.7141: Imprimindo DANFe...
2025-10-15 11:23:12.7141: Calculando totais da venda...
2025-10-15 11:39:38.2501: Calculando totais da venda...
2025-10-15 11:42:02.0951: Calculando totais da venda...
2025-10-15 11:42:14.4521: Iniciando finalização da venda Id 4077...
2025-10-15 11:42:14.4521: Verificando repique de troco...
2025-10-15 11:42:14.4521: Calculando totais da venda...
2025-10-15 11:42:17.2311: Aguarde, estamos realizando a emissão da NFC-e...
2025-10-15 11:42:17.5501: Validando NFC-e...
2025-10-15 11:42:17.6831: Tipo de emissão NFC-e: NORMAL
2025-10-15 11:42:17.6831: Gerando XML de NFC-e...
2025-10-15 11:42:17.6831: Realizando conversão da venda para XML...
2025-10-15 11:42:17.8051: Conversão realizada com sucesso para a NFC-e id: NFe42251029005632000391650010000134991790287392
2025-10-15 11:42:17.8081: Assinando XML...
2025-10-15 11:42:18.0781: XML assinado com sucesso!
2025-10-15 11:42:18.0781: Enviando NFC-e para a SEFAZ...
2025-10-15 11:42:20.3641: Retorno da SEFAZ: 100 - Autorizado o uso da NF-e
2025-10-15 11:42:20.3641: Numeração de NFC-e atualizada para Nr. 13500
2025-10-15 11:42:20.3781: Finalizando Venda e validando NF emitida...
2025-10-15 11:42:23.1021: Venda finalizada com sucesso!
2025-10-15 11:42:23.1291: Realizando rotinas pós-venda...
2025-10-15 11:42:23.1521: Enviando e-mail...
2025-10-15 11:42:23.3481: Calculando totais da venda...
2025-10-15 11:42:29.2311: Iniciando rotina de sincronização da venda 4077...
2025-10-15 11:42:29.2311: Todas as rotinas da venda 4077 foram concluídas com sucesso!
2025-10-15 11:42:29.2451: Imprimindo DANFe...
2025-10-15 11:43:15.6461: Calculando totais da venda...
2025-10-15 11:44:00.3901: Validando desconto atribuído ao cliente...
2025-10-15 11:44:44.8961: Iniciando finalização da venda Id 4076...
2025-10-15 11:44:44.8961: Verificando repique de troco...
2025-10-15 11:44:44.8961: Calculando totais da venda...
2025-10-15 11:44:47.8041: Aguarde, estamos realizando a emissão da NFC-e...
2025-10-15 11:44:48.1371: Validando NFC-e...
2025-10-15 11:44:48.2231: Tipo de emissão NFC-e: NORMAL
2025-10-15 11:44:48.2231: Gerando XML de NFC-e...
2025-10-15 11:44:48.2351: Realizando conversão da venda para XML...
2025-10-15 11:44:48.3521: Conversão realizada com sucesso para a NFC-e id: NFe42251029005632000391650010000135001586938456
2025-10-15 11:44:48.3601: Assinando XML...
2025-10-15 11:44:48.7541: XML assinado com sucesso!
2025-10-15 11:44:48.7541: Enviando NFC-e para a SEFAZ...
2025-10-15 11:44:49.4621: Retorno da SEFAZ: 100 - Autorizado o uso da NF-e
2025-10-15 11:44:49.4661: Numeração de NFC-e atualizada para Nr. 13501
2025-10-15 11:44:49.5021: Finalizando Venda e validando NF emitida...
2025-10-15 11:44:49.9881: Venda finalizada com sucesso!
2025-10-15 11:44:49.9881: Realizando rotinas pós-venda...
2025-10-15 11:44:49.9881: Enviando e-mail...
2025-10-15 11:44:50.0171: Iniciando rotina de sincronização da venda 4076...
2025-10-15 11:44:50.0171: Todas as rotinas da venda 4076 foram concluídas com sucesso!
2025-10-15 11:44:50.0171: Imprimindo DANFe...
2025-10-15 11:44:50.2601: Calculando totais da venda...
2025-10-15 11:55:44.2281: Calculando totais da venda...
2025-10-15 11:55:55.5771: Validando desconto atribuído ao cliente...
2025-10-15 12:01:37.0321: Calculando totais da venda...
2025-10-15 12:01:57.0221: Validando desconto atribuído ao cliente...
2025-10-15 12:07:57.0551: Calculando totais da venda...
2025-10-15 12:08:55.6041: Iniciando finalização da venda Id 4078...
2025-10-15 12:08:55.6061: Verificando repique de troco...
2025-10-15 12:08:55.6061: Calculando totais da venda...
2025-10-15 12:09:00.0401: Iniciando finalização da venda Id 4078...
2025-10-15 12:09:00.0421: Verificando repique de troco...
2025-10-15 12:09:00.0421: Calculando totais da venda...
2025-10-15 12:09:03.2771: Iniciando finalização da venda Id 4078...
2025-10-15 12:09:03.2771: Verificando repique de troco...
2025-10-15 12:09:03.2771: Calculando totais da venda...
2025-10-15 12:09:41.7591: Aguarde, estamos realizando a emissão da NFC-e...
2025-10-15 12:09:42.2371: Validando NFC-e...
2025-10-15 12:09:42.3731: Tipo de emissão NFC-e: NORMAL
2025-10-15 12:09:42.3731: Gerando XML de NFC-e...
2025-10-15 12:09:42.3731: Realizando conversão da venda para XML...
2025-10-15 12:09:42.7401: Conversão realizada com sucesso para a NFC-e id: NFe42251029005632000391650010000135011833624735
2025-10-15 12:09:42.7401: Assinando XML...
2025-10-15 12:09:43.2541: XML assinado com sucesso!
2025-10-15 12:09:43.2541: Enviando NFC-e para a SEFAZ...
2025-10-15 12:09:46.7131: Retorno da SEFAZ: 100 - Autorizado o uso da NF-e
2025-10-15 12:09:46.7181: Numeração de NFC-e atualizada para Nr. 13502
2025-10-15 12:09:46.7881: Finalizando Venda e validando NF emitida...
2025-10-15 12:09:55.0141: Venda finalizada com sucesso!
2025-10-15 12:09:55.1981: Realizando rotinas pós-venda...
2025-10-15 12:09:55.1981: Enviando e-mail...
2025-10-15 12:09:55.1981: Iniciando rotina de sincronização da venda 4078...
2025-10-15 12:09:55.1981: Todas as rotinas da venda 4078 foram concluídas com sucesso!
2025-10-15 12:09:55.1981: Imprimindo DANFe...
2025-10-15 12:09:56.0301: Calculando totais da venda...
2025-10-15 12:11:25.1641: Calculando totais da venda...
2025-10-15 12:11:35.3061: Validando desconto atribuído ao cliente...
2025-10-15 12:14:01.7351: Iniciando finalização da venda Id 4079...
2025-10-15 12:14:01.7351: Verificando repique de troco...
2025-10-15 12:14:01.7351: Calculando totais da venda...
2025-10-15 12:14:02.1991: Iniciando finalização da venda Id 4079...
2025-10-15 12:14:02.1991: Verificando repique de troco...
2025-10-15 12:14:02.1991: Calculando totais da venda...
2025-10-15 12:14:03.2831: Aguarde, estamos realizando a emissão da NFC-e...
2025-10-15 12:14:03.7071: Validando NFC-e...
2025-10-15 12:14:05.1431: Tipo de emissão NFC-e: NORMAL
2025-10-15 12:14:05.1431: Gerando XML de NFC-e...
2025-10-15 12:14:05.1431: Realizando conversão da venda para XML...
2025-10-15 12:14:05.3621: Conversão realizada com sucesso para a NFC-e id: NFe42251029005632000391650010000135021691584701
2025-10-15 12:14:05.3621: Assinando XML...
2025-10-15 12:14:05.9051: XML assinado com sucesso!
2025-10-15 12:14:05.9051: Enviando NFC-e para a SEFAZ...
2025-10-15 12:14:06.8941: Retorno da SEFAZ: 100 - Autorizado o uso da NF-e
2025-10-15 12:14:06.9661: Numeração de NFC-e atualizada para Nr. 13503
2025-10-15 12:14:07.0511: Finalizando Venda e validando NF emitida...
2025-10-15 12:14:09.6111: Venda finalizada com sucesso!
2025-10-15 12:14:09.7101: Realizando rotinas pós-venda...
2025-10-15 12:14:09.7101: Enviando e-mail...
2025-10-15 12:14:09.7101: Iniciando rotina de sincronização da venda 4079...
2025-10-15 12:14:09.7171: Todas as rotinas da venda 4079 foram concluídas com sucesso!
2025-10-15 12:14:09.7171: Imprimindo DANFe...
2025-10-15 12:14:10.5351: Calculando totais da venda...
