2025-10-15 12:36:11.5531: Verificando versão para atualização de PDV.
2025-10-15 12:36:12.2811: Atualização
2025-10-15 12:37:57.2903: Calculando totais da venda...
2025-10-15 12:38:10.6403: Iniciando finalização da venda Id 4080...
2025-10-15 12:38:10.6403: Verificando repique de troco...
2025-10-15 12:38:10.6403: Calculando totais da venda...
2025-10-15 12:38:11.6623: Aguarde, estamos realizando a emissão da NFC-e...
2025-10-15 12:38:11.8453: Validando NFC-e...
2025-10-15 12:38:11.9213: Tipo de emissão NFC-e: NORMAL
2025-10-15 12:38:11.9213: Gerando XML de NFC-e...
2025-10-15 12:38:11.9443: Realizando conversão da venda para XML...
2025-10-15 12:38:12.1843: Conversão realizada com sucesso para a NFC-e id: NFe42251029005632000391650010000135031758907610
2025-10-15 12:38:12.9533: Assinando XML...
2025-10-15 12:38:13.6193: XML assinado com sucesso!
2025-10-15 12:38:13.6203: Enviando NFC-e para a SEFAZ...
2025-10-15 12:38:14.0983: Retorno da SEFAZ: 100 - Autorizado o uso da NF-e
2025-10-15 12:38:14.0983: Numeração de NFC-e atualizada para Nr. 13504
2025-10-15 12:38:14.1153: Finalizando Venda e validando NF emitida...
2025-10-15 12:38:14.3543: Venda finalizada com sucesso!
2025-10-15 12:38:14.3583: Realizando rotinas pós-venda...
2025-10-15 12:38:14.4543: Enviando e-mail...
2025-10-15 12:38:14.4543: Iniciando rotina de sincronização da venda 4080...
2025-10-15 12:38:14.4543: Todas as rotinas da venda 4080 foram concluídas com sucesso!
2025-10-15 12:38:14.4643: Imprimindo DANFe...
2025-10-15 12:38:14.4643: Calculando totais da venda...
