2025-10-15 08:11:05.1511: Verificando versão para atualização de PDV.
2025-10-15 08:11:05.5341: Atualização
2025-10-15 08:12:05.3474: Iniciando rotina de sincronização de caixa...
2025-10-15 08:14:58.6890: Iniciando rotina de sincronização de caixa...
2025-10-15 09:34:19.1772: Calculando totais da venda...
2025-10-15 09:35:34.4001: Calculando totais da venda...
2025-10-15 09:35:45.6280: Iniciando finalização da venda Id 4073...
2025-10-15 09:35:45.6280: Verificando repique de troco...
2025-10-15 09:35:45.6280: Calculando totais da venda...
2025-10-15 09:35:47.0170: Aguarde, estamos realizando a emissão da NFC-e...
2025-10-15 09:35:47.1180: Validando NFC-e...
2025-10-15 09:35:47.1540: Tipo de emissão NFC-e: NORMAL
2025-10-15 09:35:47.1540: Gerando XML de NFC-e...
2025-10-15 09:35:47.1850: Realizando conversão da venda para XML...
2025-10-15 09:35:47.2970: Conversão realizada com sucesso para a NFC-e id: NFe42251029005632000391650010000134961598896015
2025-10-15 09:35:47.7420: Assinando XML...
2025-10-15 09:35:48.6000: XML assinado com sucesso!
2025-10-15 09:35:48.6000: Enviando NFC-e para a SEFAZ...
2025-10-15 09:35:50.2011: Retorno da SEFAZ: 100 - Autorizado o uso da NF-e
2025-10-15 09:35:50.2011: Numeração de NFC-e atualizada para Nr. 13497
2025-10-15 09:35:50.2231: Finalizando Venda e validando NF emitida...
2025-10-15 09:35:50.6241: Venda finalizada com sucesso!
2025-10-15 09:35:50.6241: Realizando rotinas pós-venda...
2025-10-15 09:35:50.6721: Enviando e-mail...
2025-10-15 09:35:50.6841: Calculando totais da venda...
2025-10-15 09:35:53.8531: Iniciando rotina de sincronização da venda 4073...
2025-10-15 09:35:53.8531: Todas as rotinas da venda 4073 foram concluídas com sucesso!
2025-10-15 09:35:53.8531: Imprimindo DANFe...
