 2025-10-08 08:07:20.6939|Enviando caixa 256
 2025-10-08 08:07:20.7388|N伋 existe nenhuma Opera巫o de Caixa pendente de sincroniza巫o!
 2025-10-08 08:07:59.4409|N伋 existe nenhum Caixa pendente de sincroniza巫o!
 2025-10-08 08:07:59.8239|Enviando opera巫o de caixa 669 - suprimento
 2025-10-08 08:08:58.6345|N伋 existe nenhum Caixa pendente de sincroniza巫o!
 2025-10-08 08:08:58.9985|Enviando opera巫o de caixa 670 - sangria
 2025-10-08 08:36:51.6826|Recebendo operador 15946: Operador
 2025-10-08 08:36:51.6966|Recebendo operador 15947: Gerencia
 2025-10-08 08:36:51.7306|Recebendo vendedores 948576: KELLYM WALERIA DOS SANTOS
 2025-10-08 08:36:51.7306|Recebendo vendedores 948581: AUGUSTO GORDO TOMASELLI
 2025-10-08 08:36:51.7306|Recebendo vendedores 948583: RODRIGO BECKER DA SILVA
 2025-10-08 08:36:51.8966|Recebendo vendedores 974030: WALTER PRIETSCH NETO
 2025-10-08 08:36:51.9136|Recebendo vendedores 1009223: CONSUMO KOBRASOL
 2025-10-08 08:36:51.9326|Recebendo vendedores 1031583: CONSUMO JAQUELINE PEREIRA VAZ
 2025-10-08 08:36:51.9526|Recebendo vendedores 1031584: CONSUMO RODRIGO BECKER DA SILVA
 2025-10-08 08:36:51.9896|Recebendo vendedores 1031586: CONSUMO WALTER PRIETSCH NETO
 2025-10-08 08:36:52.0066|Recebendo vendedores 1038321: CONUSMO WELVIS TEIXEIRA ALVEZ
 2025-10-08 08:36:52.0286|Recebendo vendedores 1057686: CONSUMO THIAGO PEREIRA VAZ
 2025-10-08 08:36:52.0446|Recebendo vendedores 1057687: CONSUMO LUCAS VAZ DA ROSA
 2025-10-08 08:36:52.0626|Recebendo vendedores 1070825: VENDA PARCEIRO (ACIMA 30% S/ COMISSAO)
 2025-10-08 08:36:52.1956|N伋 existe nenhum Contato Comercial pendente de sincroniza巫o!
 2025-10-08 08:36:52.4226|Recebendo cliente 1190685: FILIPE GON큐LVES MACEDO
 2025-10-08 08:36:52.4406|Clientes processados: 1 - Enviados: 0 - Recebidos: 1
 2025-10-08 08:36:52.6276|N伋 existe nenhum Caixa pendente de sincroniza巫o!
 2025-10-08 08:36:52.6276|N伋 existe nenhuma Opera巫o de Caixa pendente de sincroniza巫o!
 2025-10-08 08:36:53.0295|N伋 existe nenhum produto/servi每 pendente de sincroniza巫o!
 2025-10-08 08:36:53.2802|N伋 existe nenhuma promo巫o pendente de sincroniza巫o!
 2025-10-08 08:36:53.5285|N伋 existe nenhum lote pendente de sincroniza巫o!
 2025-10-08 08:36:53.7917|Recebendo Dep造ito: Geral
 2025-10-08 09:05:40.9690|Recebendo operador 15946: Operador
 2025-10-08 09:05:40.9846|Recebendo operador 15947: Gerencia
 2025-10-08 09:05:41.0158|Recebendo vendedores 948576: KELLYM WALERIA DOS SANTOS
 2025-10-08 09:05:41.0158|Recebendo vendedores 948581: AUGUSTO GORDO TOMASELLI
 2025-10-08 09:05:41.0158|Recebendo vendedores 948583: RODRIGO BECKER DA SILVA
 2025-10-08 09:05:41.1721|Recebendo vendedores 974030: WALTER PRIETSCH NETO
 2025-10-08 09:05:41.2033|Recebendo vendedores 1009223: CONSUMO KOBRASOL
 2025-10-08 09:05:41.2346|Recebendo vendedores 1031583: CONSUMO JAQUELINE PEREIRA VAZ
 2025-10-08 09:05:41.2502|Recebendo vendedores 1031584: CONSUMO RODRIGO BECKER DA SILVA
 2025-10-08 09:05:41.2814|Recebendo vendedores 1031586: CONSUMO WALTER PRIETSCH NETO
 2025-10-08 09:05:41.2971|Recebendo vendedores 1038321: CONUSMO WELVIS TEIXEIRA ALVEZ
 2025-10-08 09:05:41.3127|Recebendo vendedores 1057686: CONSUMO THIAGO PEREIRA VAZ
 2025-10-08 09:05:41.3283|Recebendo vendedores 1057687: CONSUMO LUCAS VAZ DA ROSA
 2025-10-08 09:05:41.3439|Recebendo vendedores 1070825: VENDA PARCEIRO (ACIMA 30% S/ COMISSAO)
 2025-10-08 09:05:41.4846|N伋 existe nenhum Contato Comercial pendente de sincroniza巫o!
 2025-10-08 09:05:41.5158|Clientes processados: 0 - Enviados: 0 - Recebidos: 0
 2025-10-08 09:05:41.5158|N伋 existe nenhum cliente pendente de sincroniza巫o!
 2025-10-08 09:05:41.7971|N伋 existe nenhum Caixa pendente de sincroniza巫o!
 2025-10-08 09:05:41.7971|N伋 existe nenhuma Opera巫o de Caixa pendente de sincroniza巫o!
 2025-10-08 09:05:42.2033|N伋 existe nenhum produto/servi每 pendente de sincroniza巫o!
 2025-10-08 09:05:42.4533|N伋 existe nenhuma promo巫o pendente de sincroniza巫o!
 2025-10-08 09:05:42.6877|N伋 existe nenhum lote pendente de sincroniza巫o!
 2025-10-08 09:05:42.9221|Recebendo Dep造ito: Geral
 2025-10-08 09:35:41.4055|Recebendo operador 15946: Operador
 2025-10-08 09:35:41.4211|Recebendo operador 15947: Gerencia
 2025-10-08 09:35:41.4523|Recebendo vendedores 948576: KELLYM WALERIA DOS SANTOS
 2025-10-08 09:35:41.4523|Recebendo vendedores 948581: AUGUSTO GORDO TOMASELLI
 2025-10-08 09:35:41.4523|Recebendo vendedores 948583: RODRIGO BECKER DA SILVA
 2025-10-08 09:35:41.5930|Recebendo vendedores 974030: WALTER PRIETSCH NETO
 2025-10-08 09:35:41.6242|Recebendo vendedores 1009223: CONSUMO KOBRASOL
 2025-10-08 09:35:41.6398|Recebendo vendedores 1031583: CONSUMO JAQUELINE PEREIRA VAZ
 2025-10-08 09:35:41.6711|Recebendo vendedores 1031584: CONSUMO RODRIGO BECKER DA SILVA
 2025-10-08 09:35:41.6867|Recebendo vendedores 1031586: CONSUMO WALTER PRIETSCH NETO
 2025-10-08 09:35:41.7023|Recebendo vendedores 1038321: CONUSMO WELVIS TEIXEIRA ALVEZ
 2025-10-08 09:35:41.7180|Recebendo vendedores 1057686: CONSUMO THIAGO PEREIRA VAZ
 2025-10-08 09:35:41.7492|Recebendo vendedores 1057687: CONSUMO LUCAS VAZ DA ROSA
 2025-10-08 09:35:41.7649|Recebendo vendedores 1070825: VENDA PARCEIRO (ACIMA 30% S/ COMISSAO)
 2025-10-08 09:35:41.9055|N伋 existe nenhum Contato Comercial pendente de sincroniza巫o!
 2025-10-08 09:35:41.9367|Clientes processados: 0 - Enviados: 0 - Recebidos: 0
 2025-10-08 09:35:41.9367|N伋 existe nenhum cliente pendente de sincroniza巫o!
 2025-10-08 09:35:42.1399|N伋 existe nenhum Caixa pendente de sincroniza巫o!
 2025-10-08 09:35:42.1399|N伋 existe nenhuma Opera巫o de Caixa pendente de sincroniza巫o!
 2025-10-08 09:35:42.5461|N伋 existe nenhum produto/servi每 pendente de sincroniza巫o!
 2025-10-08 09:35:42.7763|N伋 existe nenhuma promo巫o pendente de sincroniza巫o!
 2025-10-08 09:35:43.0334|N伋 existe nenhum lote pendente de sincroniza巫o!
 2025-10-08 09:35:43.2678|Recebendo Dep造ito: Geral
 2025-10-08 10:06:02.5809|Recebendo operador 15946: Operador
 2025-10-08 10:06:02.5966|Recebendo operador 15947: Gerencia
 2025-10-08 10:06:02.6278|Recebendo vendedores 948576: KELLYM WALERIA DOS SANTOS
 2025-10-08 10:06:02.6278|Recebendo vendedores 948581: AUGUSTO GORDO TOMASELLI
 2025-10-08 10:06:02.6434|Recebendo vendedores 948583: RODRIGO BECKER DA SILVA
 2025-10-08 10:06:02.7997|Recebendo vendedores 974030: WALTER PRIETSCH NETO
 2025-10-08 10:06:02.8153|Recebendo vendedores 1009223: CONSUMO KOBRASOL
 2025-10-08 10:06:02.8466|Recebendo vendedores 1031583: CONSUMO JAQUELINE PEREIRA VAZ
 2025-10-08 10:06:02.8622|Recebendo vendedores 1031584: CONSUMO RODRIGO BECKER DA SILVA
 2025-10-08 10:06:02.8778|Recebendo vendedores 1031586: CONSUMO WALTER PRIETSCH NETO
 2025-10-08 10:06:02.8934|Recebendo vendedores 1038321: CONUSMO WELVIS TEIXEIRA ALVEZ
 2025-10-08 10:06:02.9247|Recebendo vendedores 1057686: CONSUMO THIAGO PEREIRA VAZ
 2025-10-08 10:06:02.9403|Recebendo vendedores 1057687: CONSUMO LUCAS VAZ DA ROSA
 2025-10-08 10:06:02.9559|Recebendo vendedores 1070825: VENDA PARCEIRO (ACIMA 30% S/ COMISSAO)
 2025-10-08 10:06:03.0809|N伋 existe nenhum Contato Comercial pendente de sincroniza巫o!
 2025-10-08 10:06:03.3153|Recebendo cliente 972980: FERNANDA DA SILVEIRA
 2025-10-08 10:06:03.5028|Recebendo cliente 980587: ADRIANA CAVOL
 2025-10-08 10:06:03.6903|Recebendo cliente 1190685: FILIPE GON큐LVES MACEDO
 2025-10-08 10:06:03.7216|Recebendo cliente 1190906: LUIZ ARTHUR
 2025-10-08 10:06:03.7372|Clientes processados: 4 - Enviados: 0 - Recebidos: 4
 2025-10-08 10:06:03.8778|N伋 existe nenhum Caixa pendente de sincroniza巫o!
 2025-10-08 10:06:03.8778|N伋 existe nenhuma Opera巫o de Caixa pendente de sincroniza巫o!
 2025-10-08 10:06:04.2841|N伋 existe nenhum produto/servi每 pendente de sincroniza巫o!
 2025-10-08 10:06:04.5351|N伋 existe nenhuma promo巫o pendente de sincroniza巫o!
 2025-10-08 10:06:04.7851|N伋 existe nenhum lote pendente de sincroniza巫o!
 2025-10-08 10:06:05.0195|Recebendo Dep造ito: Geral
 2025-10-08 10:15:47.3928|Recebendo operador 15946: Operador
 2025-10-08 10:15:47.3928|Recebendo operador 15947: Gerencia
 2025-10-08 10:15:47.4710|Recebendo vendedores 948576: KELLYM WALERIA DOS SANTOS
 2025-10-08 10:15:47.4710|Recebendo vendedores 948581: AUGUSTO GORDO TOMASELLI
 2025-10-08 10:15:47.4710|Recebendo vendedores 948583: RODRIGO BECKER DA SILVA
 2025-10-08 10:15:47.6116|Recebendo vendedores 974030: WALTER PRIETSCH NETO
 2025-10-08 10:15:47.6428|Recebendo vendedores 1009223: CONSUMO KOBRASOL
 2025-10-08 10:15:47.6585|Recebendo vendedores 1031583: CONSUMO JAQUELINE PEREIRA VAZ
 2025-10-08 10:15:47.6897|Recebendo vendedores 1031584: CONSUMO RODRIGO BECKER DA SILVA
 2025-10-08 10:15:47.7210|Recebendo vendedores 1031586: CONSUMO WALTER PRIETSCH NETO
 2025-10-08 10:15:47.7366|Recebendo vendedores 1038321: CONUSMO WELVIS TEIXEIRA ALVEZ
 2025-10-08 10:15:47.7522|Recebendo vendedores 1057686: CONSUMO THIAGO PEREIRA VAZ
 2025-10-08 10:15:47.7678|Recebendo vendedores 1057687: CONSUMO LUCAS VAZ DA ROSA
 2025-10-08 10:15:47.7991|Recebendo vendedores 1070825: VENDA PARCEIRO (ACIMA 30% S/ COMISSAO)
 2025-10-08 10:15:47.9710|N伋 existe nenhum Contato Comercial pendente de sincroniza巫o!
 2025-10-08 10:15:48.2366|Enviando cliente 14185: GUILHERME GALEGO
 2025-10-08 10:15:48.5178|Recebendo cliente 972980: FERNANDA DA SILVEIRA
 2025-10-08 10:15:48.7210|Recebendo cliente 1190685: FILIPE GON큐LVES MACEDO
 2025-10-08 10:15:48.7522|Recebendo cliente 1190906: LUIZ ARTHUR
 2025-10-08 10:15:48.7678|Clientes processados: 4 - Enviados: 1 - Recebidos: 3
 2025-10-08 10:22:56.0995|Recebendo cliente 972980: FERNANDA DA SILVEIRA
 2025-10-08 10:22:56.2935|Recebendo cliente 1190685: FILIPE GON큐LVES MACEDO
 2025-10-08 10:22:56.3165|Recebendo cliente 1190906: LUIZ ARTHUR
 2025-10-08 10:22:56.3345|Clientes processados: 3 - Enviados: 0 - Recebidos: 3
 2025-10-08 10:22:56.5835|Enviando NFC-e - chave: 42251029005632000391650010000133731516714228 . . .
 2025-10-08 10:22:57.8727|Venda: IdLocal 3902: Documento Fiscal Id:3142  -> IdWeb 10908318
 2025-10-08 10:22:57.8727|NFC-e chave: 42251029005632000391650010000133731516714228 enviada com sucesso!
 2025-10-08 10:35:41.6658|Recebendo operador 15946: Operador
 2025-10-08 10:35:41.6814|Recebendo operador 15947: Gerencia
 2025-10-08 10:35:41.7126|Recebendo vendedores 948576: KELLYM WALERIA DOS SANTOS
 2025-10-08 10:35:41.7126|Recebendo vendedores 948581: AUGUSTO GORDO TOMASELLI
 2025-10-08 10:35:41.7126|Recebendo vendedores 948583: RODRIGO BECKER DA SILVA
 2025-10-08 10:35:41.8533|Recebendo vendedores 974030: WALTER PRIETSCH NETO
 2025-10-08 10:35:41.9001|Recebendo vendedores 1009223: CONSUMO KOBRASOL
 2025-10-08 10:35:41.9158|Recebendo vendedores 1031583: CONSUMO JAQUELINE PEREIRA VAZ
 2025-10-08 10:35:41.9470|Recebendo vendedores 1031584: CONSUMO RODRIGO BECKER DA SILVA
 2025-10-08 10:35:41.9626|Recebendo vendedores 1031586: CONSUMO WALTER PRIETSCH NETO
 2025-10-08 10:35:41.9783|Recebendo vendedores 1038321: CONUSMO WELVIS TEIXEIRA ALVEZ
 2025-10-08 10:35:41.9939|Recebendo vendedores 1057686: CONSUMO THIAGO PEREIRA VAZ
 2025-10-08 10:35:42.0095|Recebendo vendedores 1057687: CONSUMO LUCAS VAZ DA ROSA
 2025-10-08 10:35:42.0408|Recebendo vendedores 1070825: VENDA PARCEIRO (ACIMA 30% S/ COMISSAO)
 2025-10-08 10:35:42.1658|N伋 existe nenhum Contato Comercial pendente de sincroniza巫o!
 2025-10-08 10:35:42.4470|Enviando cliente 488: SONIA  MATTANA  
 2025-10-08 10:35:42.6502|Recebendo cliente 972980: FERNANDA DA SILVEIRA
 2025-10-08 10:35:42.8377|Recebendo cliente 1190685: FILIPE GON큐LVES MACEDO
 2025-10-08 10:35:42.8689|Recebendo cliente 1190906: LUIZ ARTHUR
 2025-10-08 10:35:43.0720|Recebendo cliente 1190982: GUILHERME GALEGO
 2025-10-08 10:35:43.0877|Clientes processados: 5 - Enviados: 1 - Recebidos: 4
 2025-10-08 10:35:43.1970|N伋 existe nenhum Caixa pendente de sincroniza巫o!
 2025-10-08 10:35:43.1970|N伋 existe nenhuma Opera巫o de Caixa pendente de sincroniza巫o!
 2025-10-08 10:35:43.6189|Recebendo itens - 2 item(s).
 2025-10-08 10:35:44.6722|Recebendo itens - 2 itens importados de 2
 2025-10-08 10:35:45.0472|Total de itens recebidos: 2
 2025-10-08 10:35:45.2816|N伋 existe nenhuma promo巫o pendente de sincroniza巫o!
 2025-10-08 10:35:45.5628|N伋 existe nenhum lote pendente de sincroniza巫o!
 2025-10-08 10:35:45.8284|Recebendo Dep造ito: Geral
 2025-10-08 10:36:34.2746|Enviando cliente 445: MORGANA MARTINS LEAL
 2025-10-08 10:36:34.5178|Recebendo cliente 972980: FERNANDA DA SILVEIRA
 2025-10-08 10:36:34.7154|Recebendo cliente 1190685: FILIPE GON큐LVES MACEDO
 2025-10-08 10:36:34.7374|Recebendo cliente 1190906: LUIZ ARTHUR
 2025-10-08 10:36:34.9194|Recebendo cliente 1190982: GUILHERME GALEGO
 2025-10-08 10:36:34.9354|Clientes processados: 5 - Enviados: 1 - Recebidos: 4
 2025-10-08 10:36:40.8058|Enviando cliente 445: MORGANA MARTINS LEAL
 2025-10-08 10:36:41.0685|Recebendo cliente 972980: FERNANDA DA SILVEIRA
 2025-10-08 10:36:41.2525|Recebendo cliente 1190685: FILIPE GON큐LVES MACEDO
 2025-10-08 10:36:41.2755|Recebendo cliente 1190906: LUIZ ARTHUR
 2025-10-08 10:36:41.4575|Recebendo cliente 1190982: GUILHERME GALEGO
 2025-10-08 10:36:41.4745|Clientes processados: 5 - Enviados: 1 - Recebidos: 4
 2025-10-08 10:39:33.9621|Enviando cliente 488: SONIA  MATTANA  
 2025-10-08 10:39:34.2277|Recebendo cliente 972980: FERNANDA DA SILVEIRA
 2025-10-08 10:39:34.3996|Recebendo cliente 1190685: FILIPE GON큐LVES MACEDO
 2025-10-08 10:39:34.4309|Recebendo cliente 1190906: LUIZ ARTHUR
 2025-10-08 10:39:34.6027|Recebendo cliente 1190982: GUILHERME GALEGO
 2025-10-08 10:39:34.6184|Clientes processados: 5 - Enviados: 1 - Recebidos: 4
 2025-10-08 10:39:34.8215|Enviando NFC-e - chave: 42251029005632000391650010000133741879208527 . . .
 2025-10-08 10:39:36.2296|Venda: IdLocal 3851: Documento Fiscal Id:3143  -> IdWeb 10908560
 2025-10-08 10:39:36.2296|NFC-e chave: 42251029005632000391650010000133741879208527 enviada com sucesso!
 2025-10-08 10:42:34.5520|Enviando cliente 445: MORGANA MARTINS LEAL
 2025-10-08 10:42:34.8210|Recebendo cliente 944902: SONIA  MATTANA  
 2025-10-08 10:42:35.0180|Recebendo cliente 972980: FERNANDA DA SILVEIRA
 2025-10-08 10:42:35.1910|Recebendo cliente 1190685: FILIPE GON큐LVES MACEDO
 2025-10-08 10:42:35.2120|Recebendo cliente 1190906: LUIZ ARTHUR
 2025-10-08 10:42:35.3940|Recebendo cliente 1190982: GUILHERME GALEGO
 2025-10-08 10:42:35.5250|Recebendo cliente 1191039: PRISCILA UMEHARA
 2025-10-08 10:42:35.5410|Clientes processados: 7 - Enviados: 1 - Recebidos: 6
 2025-10-08 10:42:35.7373|Enviando NFC-e - chave: 42251029005632000391650010000133751660930247 . . .
 2025-10-08 10:42:37.3031|Venda: IdLocal 3657: Documento Fiscal Id:3144  -> IdWeb 10908618
 2025-10-08 10:42:37.3031|NFC-e chave: 42251029005632000391650010000133751660930247 enviada com sucesso!
 2025-10-08 10:47:42.3814|Recebendo cliente 944857: MORGANA MARTINS LEAL
 2025-10-08 10:47:42.5614|Recebendo cliente 944902: SONIA  MATTANA  
 2025-10-08 10:47:42.7424|Recebendo cliente 972980: FERNANDA DA SILVEIRA
 2025-10-08 10:47:42.9224|Recebendo cliente 1190685: FILIPE GON큐LVES MACEDO
 2025-10-08 10:47:42.9434|Recebendo cliente 1190906: LUIZ ARTHUR
 2025-10-08 10:47:43.1364|Recebendo cliente 1190982: GUILHERME GALEGO
 2025-10-08 10:47:43.2844|Recebendo cliente 1191039: PRISCILA UMEHARA
 2025-10-08 10:47:43.2994|Clientes processados: 7 - Enviados: 0 - Recebidos: 7
 2025-10-08 10:47:43.5043|Enviando NFC-e - chave: 42251029005632000391650010000133761693105811 . . .
 2025-10-08 10:47:45.0609|Venda: IdLocal 3369: Documento Fiscal Id:3145  -> IdWeb 10908693
 2025-10-08 10:47:45.0609|NFC-e chave: 42251029005632000391650010000133761693105811 enviada com sucesso!
 2025-10-08 11:05:38.7629|Recebendo operador 15946: Operador
 2025-10-08 11:05:38.8098|Recebendo operador 15947: Gerencia
 2025-10-08 11:05:39.1535|Recebendo vendedores 948576: KELLYM WALERIA DOS SANTOS
 2025-10-08 11:05:39.1848|Recebendo vendedores 948581: AUGUSTO GORDO TOMASELLI
 2025-10-08 11:05:39.2004|Recebendo vendedores 948583: RODRIGO BECKER DA SILVA
 2025-10-08 11:05:39.2941|Recebendo vendedores 974030: WALTER PRIETSCH NETO
 2025-10-08 11:05:39.3097|Recebendo vendedores 1009223: CONSUMO KOBRASOL
 2025-10-08 11:05:39.3254|Recebendo vendedores 1031583: CONSUMO JAQUELINE PEREIRA VAZ
 2025-10-08 11:05:39.3566|Recebendo vendedores 1031584: CONSUMO RODRIGO BECKER DA SILVA
 2025-10-08 11:05:39.3722|Recebendo vendedores 1031586: CONSUMO WALTER PRIETSCH NETO
 2025-10-08 11:05:39.3879|Recebendo vendedores 1038321: CONUSMO WELVIS TEIXEIRA ALVEZ
 2025-10-08 11:05:39.4191|Recebendo vendedores 1057686: CONSUMO THIAGO PEREIRA VAZ
 2025-10-08 11:05:39.4347|Recebendo vendedores 1057687: CONSUMO LUCAS VAZ DA ROSA
 2025-10-08 11:05:39.4504|Recebendo vendedores 1070825: VENDA PARCEIRO (ACIMA 30% S/ COMISSAO)
 2025-10-08 11:05:39.4816|Recebendo vendedores 1191120: CONSUMO KELLYM WALERIA 
 2025-10-08 11:05:39.6379|N伋 existe nenhum Contato Comercial pendente de sincroniza巫o!
 2025-10-08 11:05:39.9035|Recebendo cliente 944857: MORGANA MARTINS LEAL
 2025-10-08 11:05:40.0910|Recebendo cliente 944902: SONIA  MATTANA  
 2025-10-08 11:05:40.3410|Recebendo cliente 972980: FERNANDA DA SILVEIRA
 2025-10-08 11:05:40.7785|Recebendo cliente 980587: ADRIANA CAVOL
 2025-10-08 11:05:40.9504|Recebendo cliente 1190685: FILIPE GON큐LVES MACEDO
 2025-10-08 11:05:40.9816|Recebendo cliente 1190906: LUIZ ARTHUR
 2025-10-08 11:05:41.1691|Recebendo cliente 1190982: GUILHERME GALEGO
 2025-10-08 11:05:41.2941|Recebendo cliente 1191039: PRISCILA UMEHARA
 2025-10-08 11:05:41.3254|Clientes processados: 8 - Enviados: 0 - Recebidos: 8
 2025-10-08 11:10:38.4229|Recebendo cliente 944857: MORGANA MARTINS LEAL
 2025-10-08 11:10:38.6079|Recebendo cliente 944902: SONIA  MATTANA  
 2025-10-08 11:10:38.7979|Recebendo cliente 972980: FERNANDA DA SILVEIRA
 2025-10-08 11:10:38.9809|Recebendo cliente 1190685: FILIPE GON큐LVES MACEDO
 2025-10-08 11:10:39.0049|Recebendo cliente 1190906: LUIZ ARTHUR
 2025-10-08 11:10:39.2359|Recebendo cliente 1190982: GUILHERME GALEGO
 2025-10-08 11:10:39.4549|Recebendo cliente 1191039: PRISCILA UMEHARA
 2025-10-08 11:10:39.4749|Clientes processados: 7 - Enviados: 0 - Recebidos: 7
 2025-10-08 11:10:39.6749|Enviando NFC-e - chave: 42251029005632000391650010000133771344745065 . . .
 2025-10-08 11:10:40.6982|Venda: IdLocal 3903: Documento Fiscal Id:3146  -> IdWeb 10909064
 2025-10-08 11:10:40.6982|NFC-e chave: 42251029005632000391650010000133771344745065 enviada com sucesso!
 2025-10-08 11:35:48.8828|Recebendo operador 15946: Operador
 2025-10-08 11:35:48.8828|Recebendo operador 15947: Gerencia
 2025-10-08 11:35:48.9150|Recebendo vendedores 948576: KELLYM WALERIA DOS SANTOS
 2025-10-08 11:35:48.9150|Recebendo vendedores 948581: AUGUSTO GORDO TOMASELLI
 2025-10-08 11:35:48.9150|Recebendo vendedores 948583: RODRIGO BECKER DA SILVA
 2025-10-08 11:35:49.0730|Recebendo vendedores 974030: WALTER PRIETSCH NETO
 2025-10-08 11:35:49.0920|Recebendo vendedores 1009223: CONSUMO KOBRASOL
 2025-10-08 11:35:49.1130|Recebendo vendedores 1031583: CONSUMO JAQUELINE PEREIRA VAZ
 2025-10-08 11:35:49.1550|Recebendo vendedores 1031584: CONSUMO RODRIGO BECKER DA SILVA
 2025-10-08 11:35:49.1770|Recebendo vendedores 1031586: CONSUMO WALTER PRIETSCH NETO
 2025-10-08 11:35:49.1980|Recebendo vendedores 1038321: CONUSMO WELVIS TEIXEIRA ALVEZ
 2025-10-08 11:35:49.2260|Recebendo vendedores 1057686: CONSUMO THIAGO PEREIRA VAZ
 2025-10-08 11:35:49.2440|Recebendo vendedores 1057687: CONSUMO LUCAS VAZ DA ROSA
 2025-10-08 11:35:49.2620|Recebendo vendedores 1070825: VENDA PARCEIRO (ACIMA 30% S/ COMISSAO)
 2025-10-08 11:35:49.2920|Recebendo vendedores 1191120: CONSUMO KELLYM WALERIA 
 2025-10-08 11:35:49.4250|N伋 existe nenhum Contato Comercial pendente de sincroniza巫o!
 2025-10-08 11:35:49.6931|Recebendo cliente 944857: MORGANA MARTINS LEAL
 2025-10-08 11:35:49.8810|Recebendo cliente 944902: SONIA  MATTANA  
 2025-10-08 11:35:50.0711|Recebendo cliente 972980: FERNANDA DA SILVEIRA
 2025-10-08 11:35:50.2631|Recebendo cliente 1190685: FILIPE GON큐LVES MACEDO
 2025-10-08 11:35:50.2911|Recebendo cliente 1190906: LUIZ ARTHUR
 2025-10-08 11:35:50.4791|Recebendo cliente 1190982: GUILHERME GALEGO
 2025-10-08 11:35:50.6111|Recebendo cliente 1191039: PRISCILA UMEHARA
 2025-10-08 11:35:50.6911|Recebendo cliente 1191170: ANNA PAULA WILPERT
 2025-10-08 11:35:50.7251|Clientes processados: 8 - Enviados: 0 - Recebidos: 8
 2025-10-08 11:35:50.8271|N伋 existe nenhum Caixa pendente de sincroniza巫o!
 2025-10-08 11:35:50.8461|N伋 existe nenhuma Opera巫o de Caixa pendente de sincroniza巫o!
 2025-10-08 11:35:51.1751|Recebendo itens - 20 item(s).
 2025-10-08 11:35:53.1899|Recebendo itens - 20 itens importados de 20
 2025-10-08 11:35:53.6450|Total de itens recebidos: 20
 2025-10-08 11:35:53.8799|N伋 existe nenhuma promo巫o pendente de sincroniza巫o!
 2025-10-08 11:35:54.0923|N伋 existe nenhum lote pendente de sincroniza巫o!
 2025-10-08 11:35:54.2983|Recebendo Dep造ito: Geral
 2025-10-08 11:41:48.2080|Recebendo cliente 944857: MORGANA MARTINS LEAL
 2025-10-08 11:41:48.3900|Recebendo cliente 944902: SONIA  MATTANA  
 2025-10-08 11:41:48.5720|Recebendo cliente 972980: FERNANDA DA SILVEIRA
 2025-10-08 11:41:48.5980|Recebendo cliente 1190906: LUIZ ARTHUR
 2025-10-08 11:41:48.7890|Recebendo cliente 1190982: GUILHERME GALEGO
 2025-10-08 11:41:48.9230|Recebendo cliente 1191039: PRISCILA UMEHARA
 2025-10-08 11:41:48.9990|Recebendo cliente 1191170: ANNA PAULA WILPERT
 2025-10-08 11:41:49.0190|Clientes processados: 7 - Enviados: 0 - Recebidos: 7
 2025-10-08 11:41:49.2103|Enviando NFC-e - chave: 42251029005632000391650010000133781164585903 . . .
 2025-10-08 11:41:50.1416|Venda: IdLocal 3904: Documento Fiscal Id:3147  -> IdWeb 10909548
 2025-10-08 11:41:50.1416|NFC-e chave: 42251029005632000391650010000133781164585903 enviada com sucesso!
 2025-10-08 11:42:22.7300|Recebendo cliente 944857: MORGANA MARTINS LEAL
 2025-10-08 11:42:22.9430|Recebendo cliente 944902: SONIA  MATTANA  
 2025-10-08 11:42:23.1370|Recebendo cliente 972980: FERNANDA DA SILVEIRA
 2025-10-08 11:42:23.1580|Recebendo cliente 1190906: LUIZ ARTHUR
 2025-10-08 11:42:23.3520|Recebendo cliente 1190982: GUILHERME GALEGO
 2025-10-08 11:42:23.4880|Recebendo cliente 1191039: PRISCILA UMEHARA
 2025-10-08 11:42:23.5671|Recebendo cliente 1191170: ANNA PAULA WILPERT
 2025-10-08 11:42:23.5831|Clientes processados: 7 - Enviados: 0 - Recebidos: 7
 2025-10-08 11:42:23.7755|Enviando NFC-e - chave: 42251029005632000391650010000133791935299207 . . .
 2025-10-08 11:42:24.5460|Venda: IdLocal 3905: Documento Fiscal Id:3148  -> IdWeb 10909564
 2025-10-08 11:42:24.5460|NFC-e chave: 42251029005632000391650010000133791935299207 enviada com sucesso!
 2025-10-08 11:54:17.3540|Recebendo cliente 944857: MORGANA MARTINS LEAL
 2025-10-08 11:54:17.5415|Recebendo cliente 944902: SONIA  MATTANA  
 2025-10-08 11:54:17.7290|Recebendo cliente 972980: FERNANDA DA SILVEIRA
 2025-10-08 11:54:17.7602|Recebendo cliente 1190906: LUIZ ARTHUR
 2025-10-08 11:54:17.9477|Recebendo cliente 1190982: GUILHERME GALEGO
 2025-10-08 11:54:18.0884|Recebendo cliente 1191039: PRISCILA UMEHARA
 2025-10-08 11:54:18.1665|Recebendo cliente 1191170: ANNA PAULA WILPERT
 2025-10-08 11:54:18.1821|Clientes processados: 7 - Enviados: 0 - Recebidos: 7
 2025-10-08 11:54:18.8540|Pedido de Venda 3906 - 31427429 enviado com sucesso!
 2025-10-08 12:01:34.1226|Enviando cliente 7139: EMANUELA RECH COACH  
 2025-10-08 12:01:34.4820|Recebendo cliente 944857: MORGANA MARTINS LEAL
 2025-10-08 12:01:34.6695|Recebendo cliente 944902: SONIA  MATTANA  
 2025-10-08 12:01:34.8413|Recebendo cliente 972980: FERNANDA DA SILVEIRA
 2025-10-08 12:01:34.8726|Recebendo cliente 1190906: LUIZ ARTHUR
 2025-10-08 12:01:35.0601|Recebendo cliente 1190982: GUILHERME GALEGO
 2025-10-08 12:01:35.2007|Recebendo cliente 1191039: PRISCILA UMEHARA
 2025-10-08 12:01:35.2788|Recebendo cliente 1191170: ANNA PAULA WILPERT
 2025-10-08 12:01:35.2945|Clientes processados: 8 - Enviados: 1 - Recebidos: 7
 2025-10-08 12:01:40.3043|Enviando cliente 7139: EMANUELA RECH COACH  
 2025-10-08 12:01:40.6513|Recebendo cliente 944857: MORGANA MARTINS LEAL
 2025-10-08 12:01:40.8403|Recebendo cliente 944902: SONIA  MATTANA  
 2025-10-08 12:01:41.0303|Recebendo cliente 972980: FERNANDA DA SILVEIRA
 2025-10-08 12:01:41.0523|Recebendo cliente 1190906: LUIZ ARTHUR
 2025-10-08 12:01:41.2573|Recebendo cliente 1190982: GUILHERME GALEGO
 2025-10-08 12:01:41.3943|Recebendo cliente 1191039: PRISCILA UMEHARA
 2025-10-08 12:01:41.4773|Recebendo cliente 1191170: ANNA PAULA WILPERT
 2025-10-08 12:01:41.4923|Clientes processados: 8 - Enviados: 1 - Recebidos: 7
 2025-10-08 12:03:49.2402|Recebendo cliente 944857: MORGANA MARTINS LEAL
 2025-10-08 12:03:49.4248|Recebendo cliente 944902: SONIA  MATTANA  
 2025-10-08 12:03:49.6028|Recebendo cliente 972980: FERNANDA DA SILVEIRA
 2025-10-08 12:03:49.6238|Recebendo cliente 1190906: LUIZ ARTHUR
 2025-10-08 12:03:49.8078|Recebendo cliente 1190982: GUILHERME GALEGO
 2025-10-08 12:03:49.9348|Recebendo cliente 1191039: PRISCILA UMEHARA
 2025-10-08 12:03:50.0098|Recebendo cliente 1191170: ANNA PAULA WILPERT
 2025-10-08 12:03:50.0268|Clientes processados: 7 - Enviados: 0 - Recebidos: 7
 2025-10-08 12:03:50.2417|Enviando NFC-e - chave: 42251029005632000391650010000133801701295818 . . .
 2025-10-08 12:03:51.2489|Venda: IdLocal 3907: Documento Fiscal Id:3149  -> IdWeb 10909971
 2025-10-08 12:03:51.2489|NFC-e chave: 42251029005632000391650010000133801701295818 enviada com sucesso!
 2025-10-08 12:05:55.7504|Recebendo operador 15946: Operador
 2025-10-08 12:05:55.7623|Recebendo operador 15947: Gerencia
 2025-10-08 12:05:55.7883|Recebendo vendedores 948576: KELLYM WALERIA DOS SANTOS
 2025-10-08 12:05:55.7923|Recebendo vendedores 948581: AUGUSTO GORDO TOMASELLI
 2025-10-08 12:05:55.7923|Recebendo vendedores 948583: RODRIGO BECKER DA SILVA
 2025-10-08 12:05:55.9684|Recebendo vendedores 974030: WALTER PRIETSCH NETO
 2025-10-08 12:05:55.9903|Recebendo vendedores 1009223: CONSUMO KOBRASOL
 2025-10-08 12:05:56.0363|Recebendo vendedores 1031583: CONSUMO JAQUELINE PEREIRA VAZ
 2025-10-08 12:05:56.0544|Recebendo vendedores 1031584: CONSUMO RODRIGO BECKER DA SILVA
 2025-10-08 12:05:56.0723|Recebendo vendedores 1031586: CONSUMO WALTER PRIETSCH NETO
 2025-10-08 12:05:56.0904|Recebendo vendedores 1038321: CONUSMO WELVIS TEIXEIRA ALVEZ
 2025-10-08 12:05:56.1154|Recebendo vendedores 1057686: CONSUMO THIAGO PEREIRA VAZ
 2025-10-08 12:05:56.1334|Recebendo vendedores 1057687: CONSUMO LUCAS VAZ DA ROSA
 2025-10-08 12:05:56.1513|Recebendo vendedores 1070825: VENDA PARCEIRO (ACIMA 30% S/ COMISSAO)
 2025-10-08 12:05:56.1813|Recebendo vendedores 1191120: CONSUMO KELLYM WALERIA 
 2025-10-08 12:05:56.3163|N伋 existe nenhum Contato Comercial pendente de sincroniza巫o!
 2025-10-08 12:05:56.5933|Recebendo cliente 944857: MORGANA MARTINS LEAL
 2025-10-08 12:05:56.7853|Recebendo cliente 944902: SONIA  MATTANA  
 2025-10-08 12:05:56.9783|Recebendo cliente 972980: FERNANDA DA SILVEIRA
 2025-10-08 12:05:57.1183|Recebendo cliente 1024604: EMANUELA RECH COACH  
 2025-10-08 12:05:57.1464|Recebendo cliente 1190906: LUIZ ARTHUR
 2025-10-08 12:05:57.3393|Recebendo cliente 1190982: GUILHERME GALEGO
 2025-10-08 12:05:57.5483|Recebendo cliente 1191039: PRISCILA UMEHARA
 2025-10-08 12:05:57.7053|Recebendo cliente 1191170: ANNA PAULA WILPERT
 2025-10-08 12:05:57.7603|Clientes processados: 8 - Enviados: 0 - Recebidos: 8
 2025-10-08 12:05:57.8763|N伋 existe nenhum Caixa pendente de sincroniza巫o!
 2025-10-08 12:05:57.8763|N伋 existe nenhuma Opera巫o de Caixa pendente de sincroniza巫o!
 2025-10-08 12:05:58.1942|Recebendo itens - 7 item(s).
 2025-10-08 12:05:59.5593|Recebendo itens - 7 itens importados de 7
 2025-10-08 12:05:59.9172|Total de itens recebidos: 7
 2025-10-08 12:06:00.1586|N伋 existe nenhuma promo巫o pendente de sincroniza巫o!
 2025-10-08 12:06:00.3788|N伋 existe nenhum lote pendente de sincroniza巫o!
 2025-10-08 12:06:00.5820|Recebendo Dep造ito: Geral
 2025-10-08 12:35:48.7558|Recebendo operador 15946: Operador
 2025-10-08 12:35:48.7726|Recebendo operador 15947: Gerencia
 2025-10-08 12:35:48.8116|Recebendo vendedores 948576: KELLYM WALERIA DOS SANTOS
 2025-10-08 12:35:48.8116|Recebendo vendedores 948581: AUGUSTO GORDO TOMASELLI
 2025-10-08 12:35:48.8116|Recebendo vendedores 948583: RODRIGO BECKER DA SILVA
 2025-10-08 12:35:48.9706|Recebendo vendedores 974030: WALTER PRIETSCH NETO
 2025-10-08 12:35:48.9906|Recebendo vendedores 1009223: CONSUMO KOBRASOL
 2025-10-08 12:35:49.0126|Recebendo vendedores 1031583: CONSUMO JAQUELINE PEREIRA VAZ
 2025-10-08 12:35:49.0496|Recebendo vendedores 1031584: CONSUMO RODRIGO BECKER DA SILVA
 2025-10-08 12:35:49.0666|Recebendo vendedores 1031586: CONSUMO WALTER PRIETSCH NETO
 2025-10-08 12:35:49.0836|Recebendo vendedores 1038321: CONUSMO WELVIS TEIXEIRA ALVEZ
 2025-10-08 12:35:49.1016|Recebendo vendedores 1057686: CONSUMO THIAGO PEREIRA VAZ
 2025-10-08 12:35:49.1316|Recebendo vendedores 1057687: CONSUMO LUCAS VAZ DA ROSA
 2025-10-08 12:35:49.1476|Recebendo vendedores 1070825: VENDA PARCEIRO (ACIMA 30% S/ COMISSAO)
 2025-10-08 12:35:49.1706|Recebendo vendedores 1191120: CONSUMO KELLYM WALERIA 
 2025-10-08 12:35:49.2996|N伋 existe nenhum Contato Comercial pendente de sincroniza巫o!
 2025-10-08 12:35:49.5706|Recebendo cliente 944857: MORGANA MARTINS LEAL
 2025-10-08 12:35:49.7606|Recebendo cliente 944902: SONIA  MATTANA  
 2025-10-08 12:35:49.9556|Recebendo cliente 972980: FERNANDA DA SILVEIRA
 2025-10-08 12:35:50.0946|Recebendo cliente 1024604: EMANUELA RECH COACH  
 2025-10-08 12:35:50.1206|Recebendo cliente 1190906: LUIZ ARTHUR
 2025-10-08 12:35:50.3266|Recebendo cliente 1190982: GUILHERME GALEGO
 2025-10-08 12:35:50.6096|Recebendo cliente 1191039: PRISCILA UMEHARA
 2025-10-08 12:35:50.7656|Recebendo cliente 1191170: ANNA PAULA WILPERT
 2025-10-08 12:35:50.8236|Recebendo cliente 1191310: PRISCILLA BEHNKE
 2025-10-08 12:35:50.8916|Recebendo cliente 1191333: VANESSA DA SILVA
 2025-10-08 12:35:50.9126|Clientes processados: 10 - Enviados: 0 - Recebidos: 10
 2025-10-08 12:35:50.9736|N伋 existe nenhum Caixa pendente de sincroniza巫o!
 2025-10-08 12:35:50.9766|N伋 existe nenhuma Opera巫o de Caixa pendente de sincroniza巫o!
 2025-10-08 12:35:51.2932|N伋 existe nenhum produto/servi每 pendente de sincroniza巫o!
 2025-10-08 12:35:51.4831|N伋 existe nenhuma promo巫o pendente de sincroniza巫o!
 2025-10-08 12:35:51.6949|N伋 existe nenhum lote pendente de sincroniza巫o!
 2025-10-08 12:35:51.9008|Recebendo Dep造ito: Geral
 2025-10-08 13:05:48.6011|Recebendo operador 15946: Operador
 2025-10-08 13:05:48.6170|Recebendo operador 15947: Gerencia
 2025-10-08 13:05:48.6480|Recebendo vendedores 948576: KELLYM WALERIA DOS SANTOS
 2025-10-08 13:05:48.6520|Recebendo vendedores 948581: AUGUSTO GORDO TOMASELLI
 2025-10-08 13:05:48.6520|Recebendo vendedores 948583: RODRIGO BECKER DA SILVA
 2025-10-08 13:05:48.8190|Recebendo vendedores 974030: WALTER PRIETSCH NETO
 2025-10-08 13:05:48.8390|Recebendo vendedores 1009223: CONSUMO KOBRASOL
 2025-10-08 13:05:48.8690|Recebendo vendedores 1031583: CONSUMO JAQUELINE PEREIRA VAZ
 2025-10-08 13:05:48.8870|Recebendo vendedores 1031584: CONSUMO RODRIGO BECKER DA SILVA
 2025-10-08 13:05:48.9040|Recebendo vendedores 1031586: CONSUMO WALTER PRIETSCH NETO
 2025-10-08 13:05:48.9230|Recebendo vendedores 1038321: CONUSMO WELVIS TEIXEIRA ALVEZ
 2025-10-08 13:05:48.9650|Recebendo vendedores 1057686: CONSUMO THIAGO PEREIRA VAZ
 2025-10-08 13:05:48.9820|Recebendo vendedores 1057687: CONSUMO LUCAS VAZ DA ROSA
 2025-10-08 13:05:49.0060|Recebendo vendedores 1070825: VENDA PARCEIRO (ACIMA 30% S/ COMISSAO)
 2025-10-08 13:05:49.0230|Recebendo vendedores 1191120: CONSUMO KELLYM WALERIA 
 2025-10-08 13:05:49.1610|N伋 existe nenhum Contato Comercial pendente de sincroniza巫o!
 2025-10-08 13:05:49.5170|Recebendo cliente 944857: MORGANA MARTINS LEAL
 2025-10-08 13:05:49.7880|Recebendo cliente 944902: SONIA  MATTANA  
 2025-10-08 13:05:49.9990|Recebendo cliente 972980: FERNANDA DA SILVEIRA
 2025-10-08 13:05:50.1310|Recebendo cliente 1024604: EMANUELA RECH COACH  
 2025-10-08 13:05:50.1570|Recebendo cliente 1190906: LUIZ ARTHUR
 2025-10-08 13:05:50.3460|Recebendo cliente 1190982: GUILHERME GALEGO
 2025-10-08 13:05:50.4778|Recebendo cliente 1191039: PRISCILA UMEHARA
 2025-10-08 13:05:50.5668|Recebendo cliente 1191170: ANNA PAULA WILPERT
 2025-10-08 13:05:50.6588|Recebendo cliente 1191333: VANESSA DA SILVA
 2025-10-08 13:05:50.6818|Clientes processados: 9 - Enviados: 0 - Recebidos: 9
 2025-10-08 13:05:50.7468|N伋 existe nenhum Caixa pendente de sincroniza巫o!
 2025-10-08 13:05:50.7468|N伋 existe nenhuma Opera巫o de Caixa pendente de sincroniza巫o!
 2025-10-08 13:05:51.0701|N伋 existe nenhum produto/servi每 pendente de sincroniza巫o!
 2025-10-08 13:05:51.2667|N伋 existe nenhuma promo巫o pendente de sincroniza巫o!
 2025-10-08 13:05:51.4720|N伋 existe nenhum lote pendente de sincroniza巫o!
 2025-10-08 13:05:51.6721|Recebendo Dep造ito: Geral
 2025-10-08 13:35:49.6389|Recebendo operador 15946: Operador
 2025-10-08 13:35:49.6499|Recebendo operador 15947: Gerencia
 2025-10-08 13:35:49.6759|Recebendo vendedores 948576: KELLYM WALERIA DOS SANTOS
 2025-10-08 13:35:49.6799|Recebendo vendedores 948581: AUGUSTO GORDO TOMASELLI
 2025-10-08 13:35:49.6799|Recebendo vendedores 948583: RODRIGO BECKER DA SILVA
 2025-10-08 13:35:49.9169|Recebendo vendedores 974030: WALTER PRIETSCH NETO
 2025-10-08 13:35:49.9379|Recebendo vendedores 1009223: CONSUMO KOBRASOL
 2025-10-08 13:35:49.9579|Recebendo vendedores 1031583: CONSUMO JAQUELINE PEREIRA VAZ
 2025-10-08 13:35:49.9989|Recebendo vendedores 1031584: CONSUMO RODRIGO BECKER DA SILVA
 2025-10-08 13:35:50.0369|Recebendo vendedores 1031586: CONSUMO WALTER PRIETSCH NETO
 2025-10-08 13:35:50.0539|Recebendo vendedores 1038321: CONUSMO WELVIS TEIXEIRA ALVEZ
 2025-10-08 13:35:50.0769|Recebendo vendedores 1057686: CONSUMO THIAGO PEREIRA VAZ
 2025-10-08 13:35:50.0939|Recebendo vendedores 1057687: CONSUMO LUCAS VAZ DA ROSA
 2025-10-08 13:35:50.1109|Recebendo vendedores 1070825: VENDA PARCEIRO (ACIMA 30% S/ COMISSAO)
 2025-10-08 13:35:50.1299|Recebendo vendedores 1191120: CONSUMO KELLYM WALERIA 
 2025-10-08 13:35:50.2679|N伋 existe nenhum Contato Comercial pendente de sincroniza巫o!
 2025-10-08 13:35:50.6449|Recebendo cliente 944857: MORGANA MARTINS LEAL
 2025-10-08 13:35:50.9039|Recebendo cliente 944902: SONIA  MATTANA  
 2025-10-08 13:35:51.0919|Recebendo cliente 1024604: EMANUELA RECH COACH  
 2025-10-08 13:35:51.5399|Recebendo cliente 1190982: GUILHERME GALEGO
 2025-10-08 13:35:51.8449|Recebendo cliente 1191039: PRISCILA UMEHARA
 2025-10-08 13:35:52.0369|Recebendo cliente 1191170: ANNA PAULA WILPERT
 2025-10-08 13:35:52.2169|Recebendo cliente 1191333: VANESSA DA SILVA
 2025-10-08 13:35:52.2599|Clientes processados: 7 - Enviados: 0 - Recebidos: 7
 2025-10-08 13:35:52.3929|N伋 existe nenhum Caixa pendente de sincroniza巫o!
 2025-10-08 13:35:52.3989|N伋 existe nenhuma Opera巫o de Caixa pendente de sincroniza巫o!
 2025-10-08 13:35:52.7495|N伋 existe nenhum produto/servi每 pendente de sincroniza巫o!
 2025-10-08 13:35:52.9510|N伋 existe nenhuma promo巫o pendente de sincroniza巫o!
 2025-10-08 13:35:53.1591|N伋 existe nenhum lote pendente de sincroniza巫o!
 2025-10-08 13:35:53.3580|Recebendo Dep造ito: Geral
 2025-10-08 14:05:49.0023|Recebendo operador 15946: Operador
 2025-10-08 14:05:49.0193|Recebendo operador 15947: Gerencia
 2025-10-08 14:05:49.0433|Recebendo vendedores 948576: KELLYM WALERIA DOS SANTOS
 2025-10-08 14:05:49.0433|Recebendo vendedores 948581: AUGUSTO GORDO TOMASELLI
 2025-10-08 14:05:49.0433|Recebendo vendedores 948583: RODRIGO BECKER DA SILVA
 2025-10-08 14:05:49.2053|Recebendo vendedores 974030: WALTER PRIETSCH NETO
 2025-10-08 14:05:49.2253|Recebendo vendedores 1009223: CONSUMO KOBRASOL
 2025-10-08 14:05:49.2463|Recebendo vendedores 1031583: CONSUMO JAQUELINE PEREIRA VAZ
 2025-10-08 14:05:49.3003|Recebendo vendedores 1031584: CONSUMO RODRIGO BECKER DA SILVA
 2025-10-08 14:05:49.3173|Recebendo vendedores 1031586: CONSUMO WALTER PRIETSCH NETO
 2025-10-08 14:05:49.3353|Recebendo vendedores 1038321: CONUSMO WELVIS TEIXEIRA ALVEZ
 2025-10-08 14:05:49.3524|Recebendo vendedores 1057686: CONSUMO THIAGO PEREIRA VAZ
 2025-10-08 14:05:49.4503|Recebendo vendedores 1057687: CONSUMO LUCAS VAZ DA ROSA
 2025-10-08 14:05:49.4724|Recebendo vendedores 1070825: VENDA PARCEIRO (ACIMA 30% S/ COMISSAO)
 2025-10-08 14:05:49.5073|Recebendo vendedores 1191120: CONSUMO KELLYM WALERIA 
 2025-10-08 14:05:49.6853|N伋 existe nenhum Contato Comercial pendente de sincroniza巫o!
 2025-10-08 14:05:50.0633|Recebendo cliente 944857: MORGANA MARTINS LEAL
 2025-10-08 14:05:50.3393|Recebendo cliente 944902: SONIA  MATTANA  
 2025-10-08 14:05:50.5783|Recebendo cliente 1024604: EMANUELA RECH COACH  
 2025-10-08 14:05:50.7103|Recebendo cliente 1191039: PRISCILA UMEHARA
 2025-10-08 14:05:50.8003|Recebendo cliente 1191170: ANNA PAULA WILPERT
 2025-10-08 14:05:50.8863|Recebendo cliente 1191333: VANESSA DA SILVA
 2025-10-08 14:05:50.9084|Clientes processados: 6 - Enviados: 0 - Recebidos: 6
 2025-10-08 14:05:50.9723|N伋 existe nenhum Caixa pendente de sincroniza巫o!
 2025-10-08 14:05:50.9723|N伋 existe nenhuma Opera巫o de Caixa pendente de sincroniza巫o!
 2025-10-08 14:05:51.3031|Recebendo itens - 4 item(s).
 2025-10-08 14:05:52.1609|Recebendo itens - 4 itens importados de 4
 2025-10-08 14:05:52.5170|Total de itens recebidos: 4
 2025-10-08 14:05:52.7600|N伋 existe nenhuma promo巫o pendente de sincroniza巫o!
 2025-10-08 14:05:52.9704|N伋 existe nenhum lote pendente de sincroniza巫o!
 2025-10-08 14:05:53.1584|Recebendo Dep造ito: Geral
 2025-10-08 14:19:09.2216|Recebendo cliente 944857: MORGANA MARTINS LEAL
 2025-10-08 14:19:09.4226|Recebendo cliente 944902: SONIA  MATTANA  
 2025-10-08 14:19:09.5546|Recebendo cliente 1024604: EMANUELA RECH COACH  
 2025-10-08 14:19:09.6256|Recebendo cliente 1191170: ANNA PAULA WILPERT
 2025-10-08 14:19:09.7016|Recebendo cliente 1191333: VANESSA DA SILVA
 2025-10-08 14:19:09.7626|Recebendo cliente 1191608: BRUNO ELIAS
 2025-10-08 14:19:09.7776|Clientes processados: 6 - Enviados: 0 - Recebidos: 6
 2025-10-08 14:19:10.4165|Pedido de Venda 3910 - 31429904 enviado com sucesso!
 2025-10-08 14:22:07.2564|Recebendo cliente 944857: MORGANA MARTINS LEAL
 2025-10-08 14:22:07.4524|Recebendo cliente 944902: SONIA  MATTANA  
 2025-10-08 14:22:07.5834|Recebendo cliente 1024604: EMANUELA RECH COACH  
 2025-10-08 14:22:07.6544|Recebendo cliente 1191170: ANNA PAULA WILPERT
 2025-10-08 14:22:07.7284|Recebendo cliente 1191333: VANESSA DA SILVA
 2025-10-08 14:22:07.8044|Recebendo cliente 1191608: BRUNO ELIAS
 2025-10-08 14:22:07.8224|Clientes processados: 6 - Enviados: 0 - Recebidos: 6
 2025-10-08 14:22:08.0036|Enviando NFC-e - chave: 42251029005632000391650010000133811633318029 . . .
 2025-10-08 14:22:09.4888|Venda: IdLocal 3909: Documento Fiscal Id:3150  -> IdWeb 10913070
 2025-10-08 14:22:09.4888|NFC-e chave: 42251029005632000391650010000133811633318029 enviada com sucesso!
 2025-10-08 14:35:49.2268|Recebendo operador 15946: Operador
 2025-10-08 14:35:49.2268|Recebendo operador 15947: Gerencia
 2025-10-08 14:35:49.2818|Recebendo vendedores 948576: KELLYM WALERIA DOS SANTOS
 2025-10-08 14:35:49.3018|Recebendo vendedores 948581: AUGUSTO GORDO TOMASELLI
 2025-10-08 14:35:49.3058|Recebendo vendedores 948583: RODRIGO BECKER DA SILVA
 2025-10-08 14:35:49.4538|Recebendo vendedores 974030: WALTER PRIETSCH NETO
 2025-10-08 14:35:49.4748|Recebendo vendedores 1009223: CONSUMO KOBRASOL
 2025-10-08 14:35:49.4948|Recebendo vendedores 1031583: CONSUMO JAQUELINE PEREIRA VAZ
 2025-10-08 14:35:49.5168|Recebendo vendedores 1031584: CONSUMO RODRIGO BECKER DA SILVA
 2025-10-08 14:35:49.5688|Recebendo vendedores 1031586: CONSUMO WALTER PRIETSCH NETO
 2025-10-08 14:35:49.5868|Recebendo vendedores 1038321: CONUSMO WELVIS TEIXEIRA ALVEZ
 2025-10-08 14:35:49.6118|Recebendo vendedores 1057686: CONSUMO THIAGO PEREIRA VAZ
 2025-10-08 14:35:49.6318|Recebendo vendedores 1057687: CONSUMO LUCAS VAZ DA ROSA
 2025-10-08 14:35:49.6488|Recebendo vendedores 1070825: VENDA PARCEIRO (ACIMA 30% S/ COMISSAO)
 2025-10-08 14:35:49.6708|Recebendo vendedores 1191120: CONSUMO KELLYM WALERIA 
 2025-10-08 14:35:49.8038|N伋 existe nenhum Contato Comercial pendente de sincroniza巫o!
 2025-10-08 14:35:50.0928|Recebendo cliente 944857: MORGANA MARTINS LEAL
 2025-10-08 14:35:50.2868|Recebendo cliente 944902: SONIA  MATTANA  
 2025-10-08 14:35:50.4178|Recebendo cliente 1024604: EMANUELA RECH COACH  
 2025-10-08 14:35:50.5028|Recebendo cliente 1191170: ANNA PAULA WILPERT
 2025-10-08 14:35:50.5888|Recebendo cliente 1191333: VANESSA DA SILVA
 2025-10-08 14:35:50.6888|Recebendo cliente 1191608: BRUNO ELIAS
 2025-10-08 14:35:50.7068|Clientes processados: 6 - Enviados: 0 - Recebidos: 6
 2025-10-08 14:35:50.7726|N伋 existe nenhum Caixa pendente de sincroniza巫o!
 2025-10-08 14:35:50.7756|N伋 existe nenhuma Opera巫o de Caixa pendente de sincroniza巫o!
 2025-10-08 14:35:51.1026|Recebendo itens - 10 item(s).
 2025-10-08 14:35:52.7809|Recebendo itens - 10 itens importados de 10
 2025-10-08 14:35:53.1989|Total de itens recebidos: 10
 2025-10-08 14:35:53.4198|N伋 existe nenhuma promo巫o pendente de sincroniza巫o!
 2025-10-08 14:35:53.6270|N伋 existe nenhum lote pendente de sincroniza巫o!
 2025-10-08 14:35:53.8312|Recebendo Dep造ito: Geral
 2025-10-08 14:41:22.0316|Recebendo cliente 944857: MORGANA MARTINS LEAL
 2025-10-08 14:41:22.2126|Recebendo cliente 944902: SONIA  MATTANA  
 2025-10-08 14:41:22.3426|Recebendo cliente 1024604: EMANUELA RECH COACH  
 2025-10-08 14:41:22.4166|Recebendo cliente 1191170: ANNA PAULA WILPERT
 2025-10-08 14:41:22.4926|Recebendo cliente 1191333: VANESSA DA SILVA
 2025-10-08 14:41:22.5646|Recebendo cliente 1191608: BRUNO ELIAS
 2025-10-08 14:41:22.5826|Clientes processados: 6 - Enviados: 0 - Recebidos: 6
 2025-10-08 14:41:22.7550|Enviando NFC-e - chave: 42251029005632000391650010000133821881454965 . . .
 2025-10-08 14:41:24.3690|Venda: IdLocal 3911: Documento Fiscal Id:3151  -> IdWeb 10913444
 2025-10-08 14:41:24.3690|NFC-e chave: 42251029005632000391650010000133821881454965 enviada com sucesso!
 2025-10-08 14:54:08.0913|Recebendo cliente 944857: MORGANA MARTINS LEAL
 2025-10-08 14:54:08.2833|Recebendo cliente 944902: SONIA  MATTANA  
 2025-10-08 14:54:08.4183|Recebendo cliente 1024604: EMANUELA RECH COACH  
 2025-10-08 14:54:08.4943|Recebendo cliente 1191170: ANNA PAULA WILPERT
 2025-10-08 14:54:08.5673|Recebendo cliente 1191333: VANESSA DA SILVA
 2025-10-08 14:54:08.6403|Recebendo cliente 1191608: BRUNO ELIAS
 2025-10-08 14:54:08.6583|Clientes processados: 6 - Enviados: 0 - Recebidos: 6
 2025-10-08 14:54:09.2679|Pedido de Venda 3912 - 31430609 enviado com sucesso!
 2025-10-08 15:05:57.7228|Recebendo operador 15946: Operador
 2025-10-08 15:05:57.7588|Recebendo operador 15947: Gerencia
 2025-10-08 15:05:57.8557|Recebendo vendedores 948576: KELLYM WALERIA DOS SANTOS
 2025-10-08 15:05:57.8557|Recebendo vendedores 948581: AUGUSTO GORDO TOMASELLI
 2025-10-08 15:05:57.8557|Recebendo vendedores 948583: RODRIGO BECKER DA SILVA
 2025-10-08 15:05:58.0277|Recebendo vendedores 974030: WALTER PRIETSCH NETO
 2025-10-08 15:05:58.0487|Recebendo vendedores 1009223: CONSUMO KOBRASOL
 2025-10-08 15:05:58.0917|Recebendo vendedores 1031583: CONSUMO JAQUELINE PEREIRA VAZ
 2025-10-08 15:05:58.1117|Recebendo vendedores 1031584: CONSUMO RODRIGO BECKER DA SILVA
 2025-10-08 15:05:58.1307|Recebendo vendedores 1031586: CONSUMO WALTER PRIETSCH NETO
 2025-10-08 15:05:58.1507|Recebendo vendedores 1038321: CONUSMO WELVIS TEIXEIRA ALVEZ
 2025-10-08 15:05:58.1817|Recebendo vendedores 1057686: CONSUMO THIAGO PEREIRA VAZ
 2025-10-08 15:05:58.1997|Recebendo vendedores 1057687: CONSUMO LUCAS VAZ DA ROSA
 2025-10-08 15:05:58.2297|Recebendo vendedores 1070825: VENDA PARCEIRO (ACIMA 30% S/ COMISSAO)
 2025-10-08 15:05:58.2457|Recebendo vendedores 1191120: CONSUMO KELLYM WALERIA 
 2025-10-08 15:05:58.5034|N伋 existe nenhum Contato Comercial pendente de sincroniza巫o!
 2025-10-08 15:05:58.9892|Recebendo cliente 944857: MORGANA MARTINS LEAL
 2025-10-08 15:05:59.3296|Recebendo cliente 944902: SONIA  MATTANA  
 2025-10-08 15:05:59.5989|Recebendo cliente 1024604: EMANUELA RECH COACH  
 2025-10-08 15:05:59.7708|Recebendo cliente 1191170: ANNA PAULA WILPERT
 2025-10-08 15:05:59.9415|Recebendo cliente 1191333: VANESSA DA SILVA
 2025-10-08 15:06:00.1447|Recebendo cliente 1191608: BRUNO ELIAS
 2025-10-08 15:06:00.2072|Clientes processados: 6 - Enviados: 0 - Recebidos: 6
 2025-10-08 15:06:00.3634|N伋 existe nenhum Caixa pendente de sincroniza巫o!
 2025-10-08 15:06:00.3796|N伋 existe nenhuma Opera巫o de Caixa pendente de sincroniza巫o!
 2025-10-08 15:06:00.7230|Recebendo itens - 6 item(s).
 2025-10-08 15:06:02.1145|Recebendo itens - 6 itens importados de 6
 2025-10-08 15:06:02.5297|Total de itens recebidos: 6
 2025-10-08 15:06:02.8324|N伋 existe nenhuma promo巫o pendente de sincroniza巫o!
 2025-10-08 15:06:03.0554|N伋 existe nenhum lote pendente de sincroniza巫o!
 2025-10-08 15:06:03.2546|Recebendo Dep造ito: Geral
 2025-10-08 15:22:26.7119|Recebendo cliente 944857: MORGANA MARTINS LEAL
 2025-10-08 15:22:26.9019|Recebendo cliente 944902: SONIA  MATTANA  
 2025-10-08 15:22:26.9739|Recebendo cliente 1191170: ANNA PAULA WILPERT
 2025-10-08 15:22:27.0469|Recebendo cliente 1191333: VANESSA DA SILVA
 2025-10-08 15:22:27.1179|Recebendo cliente 1191608: BRUNO ELIAS
 2025-10-08 15:22:27.1349|Clientes processados: 5 - Enviados: 0 - Recebidos: 5
 2025-10-08 15:22:27.3185|Enviando NFC-e - chave: 42251029005632000391650010000133831479320434 . . .
 2025-10-08 15:22:29.3797|Venda: IdLocal 3913: Documento Fiscal Id:3152  -> IdWeb 10914279
 2025-10-08 15:22:29.3797|NFC-e chave: 42251029005632000391650010000133831479320434 enviada com sucesso!
 2025-10-08 15:23:42.9153|Recebendo cliente 944857: MORGANA MARTINS LEAL
 2025-10-08 15:23:43.1213|Recebendo cliente 944902: SONIA  MATTANA  
 2025-10-08 15:23:43.1933|Recebendo cliente 1191170: ANNA PAULA WILPERT
 2025-10-08 15:23:43.2683|Recebendo cliente 1191333: VANESSA DA SILVA
 2025-10-08 15:23:43.3393|Recebendo cliente 1191608: BRUNO ELIAS
 2025-10-08 15:23:43.3563|Clientes processados: 5 - Enviados: 0 - Recebidos: 5
 2025-10-08 15:23:53.5844|Venda: IdLocal 3913: Documento Fiscal Id:3153  -> IdWeb 10914279
 2025-10-08 15:23:53.5844|Cancelamento chave: 42251029005632000391650010000133831479320434 enviada com sucesso!
 2025-10-08 15:23:53.6158|Enviando NFC-e - chave: 42251029005632000391650010000133841912109428 . . .
 2025-10-08 15:23:54.7675|Venda: IdLocal 3914: Documento Fiscal Id:3154  -> IdWeb 10914302
 2025-10-08 15:23:54.7675|NFC-e chave: 42251029005632000391650010000133841912109428 enviada com sucesso!
 2025-10-08 15:33:15.9438|Recebendo cliente 944857: MORGANA MARTINS LEAL
 2025-10-08 15:33:16.1448|Recebendo cliente 944902: SONIA  MATTANA  
 2025-10-08 15:33:16.2168|Recebendo cliente 1191170: ANNA PAULA WILPERT
 2025-10-08 15:33:16.2835|Recebendo cliente 1191333: VANESSA DA SILVA
 2025-10-08 15:33:16.3616|Recebendo cliente 1191608: BRUNO ELIAS
 2025-10-08 15:33:16.4085|Recebendo cliente 1191844: MARILIA DE BORBA
 2025-10-08 15:33:16.4398|Clientes processados: 6 - Enviados: 0 - Recebidos: 6
 2025-10-08 15:33:17.0782|Pedido de Venda 3915 - 31431299 enviado com sucesso!
 2025-10-08 15:35:50.1581|Recebendo operador 15946: Operador
 2025-10-08 15:35:50.1696|Recebendo operador 15947: Gerencia
 2025-10-08 15:35:50.1964|Recebendo vendedores 948576: KELLYM WALERIA DOS SANTOS
 2025-10-08 15:35:50.1964|Recebendo vendedores 948581: AUGUSTO GORDO TOMASELLI
 2025-10-08 15:35:50.1964|Recebendo vendedores 948583: RODRIGO BECKER DA SILVA
 2025-10-08 15:35:50.3694|Recebendo vendedores 974030: WALTER PRIETSCH NETO
 2025-10-08 15:35:50.3904|Recebendo vendedores 1009223: CONSUMO KOBRASOL
 2025-10-08 15:35:50.4384|Recebendo vendedores 1031583: CONSUMO JAQUELINE PEREIRA VAZ
 2025-10-08 15:35:50.4564|Recebendo vendedores 1031584: CONSUMO RODRIGO BECKER DA SILVA
 2025-10-08 15:35:50.4734|Recebendo vendedores 1031586: CONSUMO WALTER PRIETSCH NETO
 2025-10-08 15:35:50.4944|Recebendo vendedores 1038321: CONUSMO WELVIS TEIXEIRA ALVEZ
 2025-10-08 15:35:50.5284|Recebendo vendedores 1057686: CONSUMO THIAGO PEREIRA VAZ
 2025-10-08 15:35:50.5464|Recebendo vendedores 1057687: CONSUMO LUCAS VAZ DA ROSA
 2025-10-08 15:35:50.5704|Recebendo vendedores 1070825: VENDA PARCEIRO (ACIMA 30% S/ COMISSAO)
 2025-10-08 15:35:50.5924|Recebendo vendedores 1191120: CONSUMO KELLYM WALERIA 
 2025-10-08 15:35:50.7444|N伋 existe nenhum Contato Comercial pendente de sincroniza巫o!
 2025-10-08 15:35:51.0634|Recebendo cliente 944857: MORGANA MARTINS LEAL
 2025-10-08 15:35:51.2694|Recebendo cliente 944902: SONIA  MATTANA  
 2025-10-08 15:35:51.3604|Recebendo cliente 1191170: ANNA PAULA WILPERT
 2025-10-08 15:35:51.4504|Recebendo cliente 1191608: BRUNO ELIAS
 2025-10-08 15:35:51.5644|Recebendo cliente 1191844: MARILIA DE BORBA
 2025-10-08 15:35:51.5864|Clientes processados: 5 - Enviados: 0 - Recebidos: 5
 2025-10-08 15:35:51.6524|N伋 existe nenhum Caixa pendente de sincroniza巫o!
 2025-10-08 15:35:51.6524|N伋 existe nenhuma Opera巫o de Caixa pendente de sincroniza巫o!
 2025-10-08 15:35:52.0227|Recebendo itens - 9 item(s).
 2025-10-08 15:35:53.4662|Recebendo itens - 9 itens importados de 9
 2025-10-08 15:35:53.8402|Total de itens recebidos: 9
 2025-10-08 15:35:54.0792|N伋 existe nenhuma promo巫o pendente de sincroniza巫o!
 2025-10-08 15:35:54.2714|N伋 existe nenhum lote pendente de sincroniza巫o!
 2025-10-08 15:35:54.4797|Recebendo Dep造ito: Geral
 2025-10-08 15:40:13.0802|Recebendo operador 15946: Operador
 2025-10-08 15:40:13.1271|Recebendo operador 15947: Gerencia
 2025-10-08 15:40:13.5646|Recebendo vendedores 948576: KELLYM WALERIA DOS SANTOS
 2025-10-08 15:40:13.5802|Recebendo vendedores 948581: AUGUSTO GORDO TOMASELLI
 2025-10-08 15:40:13.6115|Recebendo vendedores 948583: RODRIGO BECKER DA SILVA
 2025-10-08 15:40:13.7052|Recebendo vendedores 974030: WALTER PRIETSCH NETO
 2025-10-08 15:40:13.7208|Recebendo vendedores 1009223: CONSUMO KOBRASOL
 2025-10-08 15:40:13.7521|Recebendo vendedores 1031583: CONSUMO JAQUELINE PEREIRA VAZ
 2025-10-08 15:40:13.7834|Recebendo vendedores 1031584: CONSUMO RODRIGO BECKER DA SILVA
 2025-10-08 15:40:13.7990|Recebendo vendedores 1031586: CONSUMO WALTER PRIETSCH NETO
 2025-10-08 15:40:13.8302|Recebendo vendedores 1038321: CONUSMO WELVIS TEIXEIRA ALVEZ
 2025-10-08 15:40:13.8459|Recebendo vendedores 1057686: CONSUMO THIAGO PEREIRA VAZ
 2025-10-08 15:40:13.8771|Recebendo vendedores 1057687: CONSUMO LUCAS VAZ DA ROSA
 2025-10-08 15:40:13.8927|Recebendo vendedores 1070825: VENDA PARCEIRO (ACIMA 30% S/ COMISSAO)
 2025-10-08 15:40:13.9240|Recebendo vendedores 1191120: CONSUMO KELLYM WALERIA 
 2025-10-08 15:40:14.0802|N伋 existe nenhum Contato Comercial pendente de sincroniza巫o!
 2025-10-08 15:40:14.4899|Enviando cliente 14192: ANA SABRINA
 2025-10-08 15:40:14.8009|Recebendo cliente 944857: MORGANA MARTINS LEAL
 2025-10-08 15:40:15.0179|Recebendo cliente 944902: SONIA  MATTANA  
 2025-10-08 15:40:15.4305|Clientes processados: 3 - Enviados: 1 - Recebidos: 2
 2025-10-08 15:41:08.4663|Recebendo cliente 944857: MORGANA MARTINS LEAL
 2025-10-08 15:41:08.6463|Recebendo cliente 944902: SONIA  MATTANA  
 2025-10-08 15:41:08.7213|Recebendo cliente 1191170: ANNA PAULA WILPERT
 2025-10-08 15:41:08.7932|Recebendo cliente 1191608: BRUNO ELIAS
 2025-10-08 15:41:08.8710|Recebendo cliente 1191844: MARILIA DE BORBA
 2025-10-08 15:41:08.9170|Recebendo cliente 1191896: ANA SABRINA
 2025-10-08 15:41:08.9350|Clientes processados: 6 - Enviados: 0 - Recebidos: 6
 2025-10-08 15:45:29.0159|Recebendo cliente 944857: MORGANA MARTINS LEAL
 2025-10-08 15:45:29.2599|Recebendo cliente 944902: SONIA  MATTANA  
 2025-10-08 15:45:29.3399|Recebendo cliente 1191170: ANNA PAULA WILPERT
 2025-10-08 15:45:29.4249|Recebendo cliente 1191608: BRUNO ELIAS
 2025-10-08 15:45:29.4999|Recebendo cliente 1191844: MARILIA DE BORBA
 2025-10-08 15:45:29.5149|Clientes processados: 5 - Enviados: 0 - Recebidos: 5
 2025-10-08 15:45:29.8507|Enviando NFC-e - chave: 42251029005632000391650010000133851355977290 . . .
 2025-10-08 15:45:30.9026|Venda: IdLocal 3916: Documento Fiscal Id:3155  -> IdWeb 10914733
 2025-10-08 15:45:30.9026|NFC-e chave: 42251029005632000391650010000133851355977290 enviada com sucesso!
 2025-10-08 16:03:35.1190|Enviando caixa 256
 2025-10-08 16:03:35.1330|N伋 existe nenhuma Opera巫o de Caixa pendente de sincroniza巫o!
 2025-10-08 16:03:46.2501|Enviando caixa 257
 2025-10-08 16:03:46.2501|N伋 existe nenhuma Opera巫o de Caixa pendente de sincroniza巫o!
 2025-10-08 16:05:50.2316|Recebendo operador 15946: Operador
 2025-10-08 16:05:50.2316|Recebendo operador 15947: Gerencia
 2025-10-08 16:05:50.2721|Recebendo vendedores 948576: KELLYM WALERIA DOS SANTOS
 2025-10-08 16:05:50.2751|Recebendo vendedores 948581: AUGUSTO GORDO TOMASELLI
 2025-10-08 16:05:50.2751|Recebendo vendedores 948583: RODRIGO BECKER DA SILVA
 2025-10-08 16:05:50.4441|Recebendo vendedores 974030: WALTER PRIETSCH NETO
 2025-10-08 16:05:50.4641|Recebendo vendedores 1009223: CONSUMO KOBRASOL
 2025-10-08 16:05:50.5071|Recebendo vendedores 1031583: CONSUMO JAQUELINE PEREIRA VAZ
 2025-10-08 16:05:50.5251|Recebendo vendedores 1031584: CONSUMO RODRIGO BECKER DA SILVA
 2025-10-08 16:05:50.5421|Recebendo vendedores 1031586: CONSUMO WALTER PRIETSCH NETO
 2025-10-08 16:05:50.5591|Recebendo vendedores 1038321: CONUSMO WELVIS TEIXEIRA ALVEZ
 2025-10-08 16:05:50.5841|Recebendo vendedores 1057686: CONSUMO THIAGO PEREIRA VAZ
 2025-10-08 16:05:50.6011|Recebendo vendedores 1057687: CONSUMO LUCAS VAZ DA ROSA
 2025-10-08 16:05:50.6301|Recebendo vendedores 1070825: VENDA PARCEIRO (ACIMA 30% S/ COMISSAO)
 2025-10-08 16:05:50.6461|Recebendo vendedores 1191120: CONSUMO KELLYM WALERIA 
 2025-10-08 16:05:50.7821|N伋 existe nenhum Contato Comercial pendente de sincroniza巫o!
 2025-10-08 16:05:51.0841|Recebendo cliente 944857: MORGANA MARTINS LEAL
 2025-10-08 16:05:51.2781|Recebendo cliente 944902: SONIA  MATTANA  
 2025-10-08 16:05:51.3641|Recebendo cliente 1191170: ANNA PAULA WILPERT
 2025-10-08 16:05:51.4481|Recebendo cliente 1191608: BRUNO ELIAS
 2025-10-08 16:05:51.5311|Recebendo cliente 1191844: MARILIA DE BORBA
 2025-10-08 16:05:51.5761|Recebendo cliente 1191896: ANA SABRINA
 2025-10-08 16:05:51.5867|Clientes processados: 6 - Enviados: 0 - Recebidos: 6
 2025-10-08 16:05:51.6492|N伋 existe nenhum Caixa pendente de sincroniza巫o!
 2025-10-08 16:05:51.6492|N伋 existe nenhuma Opera巫o de Caixa pendente de sincroniza巫o!
 2025-10-08 16:05:52.0255|Recebendo itens - 2 item(s).
 2025-10-08 16:05:52.8818|Recebendo itens - 2 itens importados de 2
 2025-10-08 16:05:53.2336|Total de itens recebidos: 2
 2025-10-08 16:05:53.4523|N伋 existe nenhuma promo巫o pendente de sincroniza巫o!
 2025-10-08 16:05:53.6555|N伋 existe nenhum lote pendente de sincroniza巫o!
 2025-10-08 16:05:53.8430|Recebendo Dep造ito: Geral
 2025-10-08 16:07:47.7282|N伋 existe nenhum Caixa pendente de sincroniza巫o!
 2025-10-08 16:07:48.5398|Enviando opera巫o de caixa 671 - suprimento
 2025-10-08 16:13:33.8570|Recebendo cliente 944857: MORGANA MARTINS LEAL
 2025-10-08 16:13:34.0530|Recebendo cliente 944902: SONIA  MATTANA  
 2025-10-08 16:13:34.1340|Recebendo cliente 1191170: ANNA PAULA WILPERT
 2025-10-08 16:13:34.2110|Recebendo cliente 1191608: BRUNO ELIAS
 2025-10-08 16:13:34.2940|Recebendo cliente 1191844: MARILIA DE BORBA
 2025-10-08 16:13:34.3160|Recebendo cliente 1191896: ANA SABRINA
 2025-10-08 16:13:34.3370|Clientes processados: 6 - Enviados: 0 - Recebidos: 6
 2025-10-08 16:13:34.5496|Enviando NFC-e - chave: 42251029005632000391650010000133861989868778 . . .
 2025-10-08 16:13:35.7385|Venda: IdLocal 3917: Documento Fiscal Id:3156  -> IdWeb 10915260
 2025-10-08 16:13:35.7385|NFC-e chave: 42251029005632000391650010000133861989868778 enviada com sucesso!
 2025-10-08 16:28:04.1106|Enviando cliente 2406: MADELAINE TOMAZELLI
 2025-10-08 16:28:04.4856|Recebendo cliente 944857: MORGANA MARTINS LEAL
 2025-10-08 16:28:04.6888|Recebendo cliente 944902: SONIA  MATTANA  
 2025-10-08 16:28:04.7669|Recebendo cliente 1191170: ANNA PAULA WILPERT
 2025-10-08 16:28:04.8450|Recebendo cliente 1191608: BRUNO ELIAS
 2025-10-08 16:28:04.9231|Recebendo cliente 1191844: MARILIA DE BORBA
 2025-10-08 16:28:04.9388|Recebendo cliente 1191896: ANA SABRINA
 2025-10-08 16:28:04.9544|Clientes processados: 7 - Enviados: 1 - Recebidos: 6
 2025-10-08 16:35:50.5022|Recebendo operador 15946: Operador
 2025-10-08 16:35:50.5112|Recebendo operador 15947: Gerencia
 2025-10-08 16:35:50.5365|Recebendo vendedores 948576: KELLYM WALERIA DOS SANTOS
 2025-10-08 16:35:50.5509|Recebendo vendedores 948581: AUGUSTO GORDO TOMASELLI
 2025-10-08 16:35:50.5549|Recebendo vendedores 948583: RODRIGO BECKER DA SILVA
 2025-10-08 16:35:50.7129|Recebendo vendedores 974030: WALTER PRIETSCH NETO
 2025-10-08 16:35:50.7339|Recebendo vendedores 1009223: CONSUMO KOBRASOL
 2025-10-08 16:35:50.7549|Recebendo vendedores 1031583: CONSUMO JAQUELINE PEREIRA VAZ
 2025-10-08 16:35:50.7759|Recebendo vendedores 1031584: CONSUMO RODRIGO BECKER DA SILVA
 2025-10-08 16:35:50.8279|Recebendo vendedores 1031586: CONSUMO WALTER PRIETSCH NETO
 2025-10-08 16:35:50.8449|Recebendo vendedores 1038321: CONUSMO WELVIS TEIXEIRA ALVEZ
 2025-10-08 16:35:50.8669|Recebendo vendedores 1057686: CONSUMO THIAGO PEREIRA VAZ
 2025-10-08 16:35:50.8849|Recebendo vendedores 1057687: CONSUMO LUCAS VAZ DA ROSA
 2025-10-08 16:35:50.9099|Recebendo vendedores 1070825: VENDA PARCEIRO (ACIMA 30% S/ COMISSAO)
 2025-10-08 16:35:50.9279|Recebendo vendedores 1191120: CONSUMO KELLYM WALERIA 
 2025-10-08 16:35:51.0689|N伋 existe nenhum Contato Comercial pendente de sincroniza巫o!
 2025-10-08 16:35:51.3669|Recebendo cliente 944857: MORGANA MARTINS LEAL
 2025-10-08 16:35:51.5589|Recebendo cliente 944902: SONIA  MATTANA  
 2025-10-08 16:35:51.6459|Recebendo cliente 1191170: ANNA PAULA WILPERT
 2025-10-08 16:35:51.7349|Recebendo cliente 1191608: BRUNO ELIAS
 2025-10-08 16:35:51.8269|Recebendo cliente 1191844: MARILIA DE BORBA
 2025-10-08 16:35:51.8519|Recebendo cliente 1191896: ANA SABRINA
 2025-10-08 16:35:51.8799|Clientes processados: 6 - Enviados: 0 - Recebidos: 6
 2025-10-08 16:35:51.9459|N伋 existe nenhum Caixa pendente de sincroniza巫o!
 2025-10-08 16:35:51.9459|N伋 existe nenhuma Opera巫o de Caixa pendente de sincroniza巫o!
 2025-10-08 16:35:52.2948|Recebendo itens - 5 item(s).
 2025-10-08 16:35:53.3860|Recebendo itens - 5 itens importados de 5
 2025-10-08 16:35:53.7384|Total de itens recebidos: 5
 2025-10-08 16:35:53.9719|N伋 existe nenhuma promo巫o pendente de sincroniza巫o!
 2025-10-08 16:35:54.1870|N伋 existe nenhum lote pendente de sincroniza巫o!
 2025-10-08 16:35:54.3784|Recebendo Dep造ito: Geral
 2025-10-08 16:35:56.7108|Recebendo vendedores 948576: KELLYM WALERIA DOS SANTOS
 2025-10-08 16:35:56.7338|Recebendo vendedores 948581: AUGUSTO GORDO TOMASELLI
 2025-10-08 16:35:56.7608|Recebendo vendedores 948583: RODRIGO BECKER DA SILVA
 2025-10-08 16:35:56.8618|Recebendo vendedores 974030: WALTER PRIETSCH NETO
 2025-10-08 16:35:56.8918|Recebendo vendedores 1009223: CONSUMO KOBRASOL
 2025-10-08 16:35:56.9158|Recebendo vendedores 1031583: CONSUMO JAQUELINE PEREIRA VAZ
 2025-10-08 16:35:56.9438|Recebendo vendedores 1031584: CONSUMO RODRIGO BECKER DA SILVA
 2025-10-08 16:35:56.9668|Recebendo vendedores 1031586: CONSUMO WALTER PRIETSCH NETO
 2025-10-08 16:35:56.9948|Recebendo vendedores 1038321: CONUSMO WELVIS TEIXEIRA ALVEZ
 2025-10-08 16:35:57.0188|Recebendo vendedores 1057686: CONSUMO THIAGO PEREIRA VAZ
 2025-10-08 16:35:57.0478|Recebendo vendedores 1057687: CONSUMO LUCAS VAZ DA ROSA
 2025-10-08 16:35:57.0718|Recebendo vendedores 1070825: VENDA PARCEIRO (ACIMA 30% S/ COMISSAO)
 2025-10-08 16:35:57.0998|Recebendo vendedores 1191120: CONSUMO KELLYM WALERIA 
 2025-10-08 16:37:24.8780|Enviando cliente 14193: GEOVANE OLIVEIRA
 2025-10-08 16:37:25.2330|Recebendo cliente 944857: MORGANA MARTINS LEAL
 2025-10-08 16:37:25.4350|Recebendo cliente 944902: SONIA  MATTANA  
 2025-10-08 16:37:25.5140|Recebendo cliente 1191170: ANNA PAULA WILPERT
 2025-10-08 16:37:25.5940|Recebendo cliente 1191608: BRUNO ELIAS
 2025-10-08 16:37:25.6690|Recebendo cliente 1191844: MARILIA DE BORBA
 2025-10-08 16:37:25.6940|Recebendo cliente 1191896: ANA SABRINA
 2025-10-08 16:37:25.7120|Clientes processados: 7 - Enviados: 1 - Recebidos: 6
 2025-10-08 16:37:25.9090|Enviando NFC-e - chave: 42251029005632000391650010000133871873990302 . . .
 2025-10-08 16:37:27.2573|Venda: IdLocal 3919: Documento Fiscal Id:3157  -> IdWeb 10915817
 2025-10-08 16:37:27.2583|NFC-e chave: 42251029005632000391650010000133871873990302 enviada com sucesso!
 2025-10-08 17:05:51.3240|Recebendo operador 15946: Operador
 2025-10-08 17:05:51.3420|Recebendo operador 15947: Gerencia
 2025-10-08 17:05:51.4100|Recebendo vendedores 948576: KELLYM WALERIA DOS SANTOS
 2025-10-08 17:05:51.4100|Recebendo vendedores 948581: AUGUSTO GORDO TOMASELLI
 2025-10-08 17:05:51.4170|Recebendo vendedores 948583: RODRIGO BECKER DA SILVA
 2025-10-08 17:05:51.5850|Recebendo vendedores 974030: WALTER PRIETSCH NETO
 2025-10-08 17:05:51.6030|Recebendo vendedores 1009223: CONSUMO KOBRASOL
 2025-10-08 17:05:51.6230|Recebendo vendedores 1031583: CONSUMO JAQUELINE PEREIRA VAZ
 2025-10-08 17:05:51.6680|Recebendo vendedores 1031584: CONSUMO RODRIGO BECKER DA SILVA
 2025-10-08 17:05:51.6870|Recebendo vendedores 1031586: CONSUMO WALTER PRIETSCH NETO
 2025-10-08 17:05:51.7050|Recebendo vendedores 1038321: CONUSMO WELVIS TEIXEIRA ALVEZ
 2025-10-08 17:05:51.7220|Recebendo vendedores 1057686: CONSUMO THIAGO PEREIRA VAZ
 2025-10-08 17:05:51.7510|Recebendo vendedores 1057687: CONSUMO LUCAS VAZ DA ROSA
 2025-10-08 17:05:51.7690|Recebendo vendedores 1070825: VENDA PARCEIRO (ACIMA 30% S/ COMISSAO)
 2025-10-08 17:05:51.7920|Recebendo vendedores 1191120: CONSUMO KELLYM WALERIA 
 2025-10-08 17:05:51.9330|N伋 existe nenhum Contato Comercial pendente de sincroniza巫o!
 2025-10-08 17:05:52.2680|Recebendo cliente 944857: MORGANA MARTINS LEAL
 2025-10-08 17:05:52.4620|Recebendo cliente 944902: SONIA  MATTANA  
 2025-10-08 17:05:52.5500|Recebendo cliente 1191170: ANNA PAULA WILPERT
 2025-10-08 17:05:52.6490|Recebendo cliente 1191608: BRUNO ELIAS
 2025-10-08 17:05:52.7380|Recebendo cliente 1191844: MARILIA DE BORBA
 2025-10-08 17:05:52.7630|Recebendo cliente 1191896: ANA SABRINA
 2025-10-08 17:05:53.2090|Recebendo cliente 1192093: GEOVANE OLIVEIRA
 2025-10-08 17:05:53.2460|Clientes processados: 7 - Enviados: 0 - Recebidos: 7
 2025-10-08 17:05:53.3700|N伋 existe nenhum Caixa pendente de sincroniza巫o!
 2025-10-08 17:05:53.3700|N伋 existe nenhuma Opera巫o de Caixa pendente de sincroniza巫o!
 2025-10-08 17:05:53.7440|Recebendo itens - 13 item(s).
 2025-10-08 17:05:55.8516|Recebendo itens - 13 itens importados de 13
 2025-10-08 17:05:56.2236|Total de itens recebidos: 13
 2025-10-08 17:05:56.5136|N伋 existe nenhuma promo巫o pendente de sincroniza巫o!
 2025-10-08 17:05:56.7366|N伋 existe nenhum lote pendente de sincroniza巫o!
 2025-10-08 17:05:56.9506|Recebendo Dep造ito: Geral
 2025-10-08 17:13:16.3424|Recebendo cliente 944857: MORGANA MARTINS LEAL
 2025-10-08 17:13:16.5431|Recebendo cliente 944902: SONIA  MATTANA  
 2025-10-08 17:13:16.6171|Recebendo cliente 1191170: ANNA PAULA WILPERT
 2025-10-08 17:13:16.6941|Recebendo cliente 1191608: BRUNO ELIAS
 2025-10-08 17:13:16.7661|Recebendo cliente 1191844: MARILIA DE BORBA
 2025-10-08 17:13:16.7921|Recebendo cliente 1191896: ANA SABRINA
 2025-10-08 17:13:17.0191|Recebendo cliente 1192093: GEOVANE OLIVEIRA
 2025-10-08 17:13:17.0351|Clientes processados: 7 - Enviados: 0 - Recebidos: 7
 2025-10-08 17:13:17.2483|Enviando NFC-e - chave: 42251029005632000391650010000133881619114021 . . .
 2025-10-08 17:13:18.2754|Venda: IdLocal 3921: Documento Fiscal Id:3158  -> IdWeb 10916729
 2025-10-08 17:13:18.2754|NFC-e chave: 42251029005632000391650010000133881619114021 enviada com sucesso!
 2025-10-08 17:19:01.2193|Recebendo cliente 944857: MORGANA MARTINS LEAL
 2025-10-08 17:19:01.4053|Recebendo cliente 944902: SONIA  MATTANA  
 2025-10-08 17:19:01.4773|Recebendo cliente 1191170: ANNA PAULA WILPERT
 2025-10-08 17:19:01.5553|Recebendo cliente 1191844: MARILIA DE BORBA
 2025-10-08 17:19:01.5763|Recebendo cliente 1191896: ANA SABRINA
 2025-10-08 17:19:01.7683|Recebendo cliente 1192093: GEOVANE OLIVEIRA
 2025-10-08 17:19:02.0163|Recebendo cliente 1192246: ANDRE QUINTANILHA
 2025-10-08 17:19:02.0363|Clientes processados: 7 - Enviados: 0 - Recebidos: 7
 2025-10-08 17:19:02.2453|Enviando NFC-e - chave: 42251029005632000391650010000133891261767488 . . .
 2025-10-08 17:19:03.8021|Venda: IdLocal 3922: Documento Fiscal Id:3159  -> IdWeb 10916879
 2025-10-08 17:19:03.8021|NFC-e chave: 42251029005632000391650010000133891261767488 enviada com sucesso!
 2025-10-08 17:26:01.2643|Recebendo cliente 944857: MORGANA MARTINS LEAL
 2025-10-08 17:26:01.4673|Recebendo cliente 944902: SONIA  MATTANA  
 2025-10-08 17:26:01.5573|Recebendo cliente 1191170: ANNA PAULA WILPERT
 2025-10-08 17:26:01.6433|Recebendo cliente 1191844: MARILIA DE BORBA
 2025-10-08 17:26:01.6653|Recebendo cliente 1191896: ANA SABRINA
 2025-10-08 17:26:01.8713|Recebendo cliente 1192093: GEOVANE OLIVEIRA
 2025-10-08 17:26:02.1163|Recebendo cliente 1192246: ANDRE QUINTANILHA
 2025-10-08 17:26:02.1803|Recebendo cliente 1192271: RODRIGO RIBEIRO COMICHOLI
 2025-10-08 17:26:02.2003|Clientes processados: 8 - Enviados: 0 - Recebidos: 8
 2025-10-08 17:26:02.4223|Enviando NFC-e - chave: 42251029005632000391650010000133901326048163 . . .
 2025-10-08 17:26:03.7314|Venda: IdLocal 3923: Documento Fiscal Id:3160  -> IdWeb 10917076
 2025-10-08 17:26:03.7314|NFC-e chave: 42251029005632000391650010000133901326048163 enviada com sucesso!
 2025-10-08 17:29:42.0708|Recebendo cliente 944857: MORGANA MARTINS LEAL
 2025-10-08 17:29:42.2669|Recebendo cliente 944902: SONIA  MATTANA  
 2025-10-08 17:29:42.3399|Recebendo cliente 1191844: MARILIA DE BORBA
 2025-10-08 17:29:42.3659|Recebendo cliente 1191896: ANA SABRINA
 2025-10-08 17:29:42.5759|Recebendo cliente 1192093: GEOVANE OLIVEIRA
 2025-10-08 17:29:42.7672|Recebendo cliente 1192246: ANDRE QUINTANILHA
 2025-10-08 17:29:42.8502|Recebendo cliente 1192271: RODRIGO RIBEIRO COMICHOLI
 2025-10-08 17:29:42.8652|Clientes processados: 7 - Enviados: 0 - Recebidos: 7
 2025-10-08 17:29:43.0586|Enviando NFC-e - chave: 42251029005632000391650010000133911850075180 . . .
 2025-10-08 17:29:44.5176|Venda: IdLocal 3924: Documento Fiscal Id:3161  -> IdWeb 10917195
 2025-10-08 17:29:44.5176|NFC-e chave: 42251029005632000391650010000133911850075180 enviada com sucesso!
 2025-10-08 17:32:15.9399|Recebendo cliente 944857: MORGANA MARTINS LEAL
 2025-10-08 17:32:16.1204|Recebendo cliente 944902: SONIA  MATTANA  
 2025-10-08 17:32:16.1985|Recebendo cliente 1191844: MARILIA DE BORBA
 2025-10-08 17:32:16.2298|Recebendo cliente 1191896: ANA SABRINA
 2025-10-08 17:32:16.4173|Recebendo cliente 1192093: GEOVANE OLIVEIRA
 2025-10-08 17:32:16.6048|Recebendo cliente 1192246: ANDRE QUINTANILHA
 2025-10-08 17:32:16.6941|Recebendo cliente 1192271: RODRIGO RIBEIRO COMICHOLI
 2025-10-08 17:32:16.7131|Clientes processados: 7 - Enviados: 0 - Recebidos: 7
 2025-10-08 17:32:17.5420|Pedido de Venda 3920 - 31434083 enviado com sucesso!
 2025-10-08 17:35:52.7617|Recebendo operador 15946: Operador
 2025-10-08 17:35:52.7617|Recebendo operador 15947: Gerencia
 2025-10-08 17:35:52.7961|Recebendo vendedores 948576: KELLYM WALERIA DOS SANTOS
 2025-10-08 17:35:52.7961|Recebendo vendedores 948581: AUGUSTO GORDO TOMASELLI
 2025-10-08 17:35:52.8121|Recebendo vendedores 948583: RODRIGO BECKER DA SILVA
 2025-10-08 17:35:53.0057|Recebendo vendedores 974030: WALTER PRIETSCH NETO
 2025-10-08 17:35:53.0237|Recebendo vendedores 1009223: CONSUMO KOBRASOL
 2025-10-08 17:35:53.0407|Recebendo vendedores 1031583: CONSUMO JAQUELINE PEREIRA VAZ
 2025-10-08 17:35:53.0617|Recebendo vendedores 1031584: CONSUMO RODRIGO BECKER DA SILVA
 2025-10-08 17:35:53.0967|Recebendo vendedores 1031586: CONSUMO WALTER PRIETSCH NETO
 2025-10-08 17:35:53.1137|Recebendo vendedores 1038321: CONUSMO WELVIS TEIXEIRA ALVEZ
 2025-10-08 17:35:53.1397|Recebendo vendedores 1057686: CONSUMO THIAGO PEREIRA VAZ
 2025-10-08 17:35:53.1567|Recebendo vendedores 1057687: CONSUMO LUCAS VAZ DA ROSA
 2025-10-08 17:35:53.1797|Recebendo vendedores 1070825: VENDA PARCEIRO (ACIMA 30% S/ COMISSAO)
 2025-10-08 17:35:53.1967|Recebendo vendedores 1191120: CONSUMO KELLYM WALERIA 
 2025-10-08 17:35:53.3357|N伋 existe nenhum Contato Comercial pendente de sincroniza巫o!
 2025-10-08 17:35:53.6298|Recebendo cliente 944857: MORGANA MARTINS LEAL
 2025-10-08 17:35:53.8327|Recebendo cliente 944902: SONIA  MATTANA  
 2025-10-08 17:35:53.9177|Recebendo cliente 1191844: MARILIA DE BORBA
 2025-10-08 17:35:53.9447|Recebendo cliente 1191896: ANA SABRINA
 2025-10-08 17:35:54.1333|Recebendo cliente 1192093: GEOVANE OLIVEIRA
 2025-10-08 17:35:54.3677|Recebendo cliente 1192246: ANDRE QUINTANILHA
 2025-10-08 17:35:54.4458|Recebendo cliente 1192271: RODRIGO RIBEIRO COMICHOLI
 2025-10-08 17:35:54.4614|Clientes processados: 7 - Enviados: 0 - Recebidos: 7
 2025-10-08 17:35:54.5239|N伋 existe nenhum Caixa pendente de sincroniza巫o!
 2025-10-08 17:35:54.5395|N伋 existe nenhuma Opera巫o de Caixa pendente de sincroniza巫o!
 2025-10-08 17:35:54.8833|Recebendo itens - 33 item(s).
 2025-10-08 17:35:57.5303|Recebendo itens - 33 itens importados de 33
 2025-10-08 17:35:57.9427|Total de itens recebidos: 33
 2025-10-08 17:35:58.1927|N伋 existe nenhuma promo巫o pendente de sincroniza巫o!
 2025-10-08 17:35:58.4114|N伋 existe nenhum lote pendente de sincroniza巫o!
 2025-10-08 17:35:58.6007|Recebendo Dep造ito: Geral
 2025-10-08 18:05:52.4842|Recebendo operador 15946: Operador
 2025-10-08 18:05:52.4998|Recebendo operador 15947: Gerencia
 2025-10-08 18:05:52.7035|Recebendo vendedores 948576: KELLYM WALERIA DOS SANTOS
 2025-10-08 18:05:52.7035|Recebendo vendedores 948581: AUGUSTO GORDO TOMASELLI
 2025-10-08 18:05:52.7115|Recebendo vendedores 948583: RODRIGO BECKER DA SILVA
 2025-10-08 18:05:52.8775|Recebendo vendedores 974030: WALTER PRIETSCH NETO
 2025-10-08 18:05:52.8975|Recebendo vendedores 1009223: CONSUMO KOBRASOL
 2025-10-08 18:05:52.9175|Recebendo vendedores 1031583: CONSUMO JAQUELINE PEREIRA VAZ
 2025-10-08 18:05:52.9455|Recebendo vendedores 1031584: CONSUMO RODRIGO BECKER DA SILVA
 2025-10-08 18:05:52.9625|Recebendo vendedores 1031586: CONSUMO WALTER PRIETSCH NETO
 2025-10-08 18:05:52.9795|Recebendo vendedores 1038321: CONUSMO WELVIS TEIXEIRA ALVEZ
 2025-10-08 18:05:52.9975|Recebendo vendedores 1057686: CONSUMO THIAGO PEREIRA VAZ
 2025-10-08 18:05:53.1215|Recebendo vendedores 1057687: CONSUMO LUCAS VAZ DA ROSA
 2025-10-08 18:05:53.1395|Recebendo vendedores 1070825: VENDA PARCEIRO (ACIMA 30% S/ COMISSAO)
 2025-10-08 18:05:53.1625|Recebendo vendedores 1191120: CONSUMO KELLYM WALERIA 
 2025-10-08 18:05:53.4874|N伋 existe nenhum Contato Comercial pendente de sincroniza巫o!
 2025-10-08 18:05:53.9540|Recebendo cliente 944857: MORGANA MARTINS LEAL
 2025-10-08 18:05:54.3735|Recebendo cliente 944902: SONIA  MATTANA  
 2025-10-08 18:05:54.5297|Recebendo cliente 1191844: MARILIA DE BORBA
 2025-10-08 18:05:54.5766|Recebendo cliente 1191896: ANA SABRINA
 2025-10-08 18:05:54.8578|Recebendo cliente 1192093: GEOVANE OLIVEIRA
 2025-10-08 18:05:55.2953|Recebendo cliente 1192246: ANDRE QUINTANILHA
 2025-10-08 18:05:55.3891|Recebendo cliente 1192271: RODRIGO RIBEIRO COMICHOLI
 2025-10-08 18:05:55.4047|Clientes processados: 7 - Enviados: 0 - Recebidos: 7
 2025-10-08 18:05:55.5766|N伋 existe nenhum Caixa pendente de sincroniza巫o!
 2025-10-08 18:05:55.5922|N伋 existe nenhuma Opera巫o de Caixa pendente de sincroniza巫o!
 2025-10-08 18:05:55.9830|Recebendo itens - 5 item(s).
 2025-10-08 18:05:57.0611|Recebendo itens - 5 itens importados de 5
 2025-10-08 18:05:57.4830|Total de itens recebidos: 5
 2025-10-08 18:05:57.7644|N伋 existe nenhuma promo巫o pendente de sincroniza巫o!
 2025-10-08 18:05:57.9675|N伋 existe nenhum lote pendente de sincroniza巫o!
 2025-10-08 18:05:58.1706|Recebendo Dep造ito: Geral
 2025-10-08 18:35:52.9700|Recebendo operador 15946: Operador
 2025-10-08 18:35:52.9859|Recebendo operador 15947: Gerencia
 2025-10-08 18:35:53.0263|Recebendo vendedores 948576: KELLYM WALERIA DOS SANTOS
 2025-10-08 18:35:53.0263|Recebendo vendedores 948581: AUGUSTO GORDO TOMASELLI
 2025-10-08 18:35:53.0263|Recebendo vendedores 948583: RODRIGO BECKER DA SILVA
 2025-10-08 18:35:53.1913|Recebendo vendedores 974030: WALTER PRIETSCH NETO
 2025-10-08 18:35:53.2123|Recebendo vendedores 1009223: CONSUMO KOBRASOL
 2025-10-08 18:35:53.2333|Recebendo vendedores 1031583: CONSUMO JAQUELINE PEREIRA VAZ
 2025-10-08 18:35:53.3093|Recebendo vendedores 1031584: CONSUMO RODRIGO BECKER DA SILVA
 2025-10-08 18:35:53.3273|Recebendo vendedores 1031586: CONSUMO WALTER PRIETSCH NETO
 2025-10-08 18:35:53.3443|Recebendo vendedores 1038321: CONUSMO WELVIS TEIXEIRA ALVEZ
 2025-10-08 18:35:53.3623|Recebendo vendedores 1057686: CONSUMO THIAGO PEREIRA VAZ
 2025-10-08 18:35:53.7943|Recebendo vendedores 1057687: CONSUMO LUCAS VAZ DA ROSA
 2025-10-08 18:35:53.8123|Recebendo vendedores 1070825: VENDA PARCEIRO (ACIMA 30% S/ COMISSAO)
 2025-10-08 18:35:53.8413|Recebendo vendedores 1191120: CONSUMO KELLYM WALERIA 
 2025-10-08 18:35:53.9763|N伋 existe nenhum Contato Comercial pendente de sincroniza巫o!
 2025-10-08 18:35:54.2943|Recebendo cliente 944857: MORGANA MARTINS LEAL
 2025-10-08 18:35:54.5039|Recebendo cliente 944902: SONIA  MATTANA  
 2025-10-08 18:35:54.5903|Recebendo cliente 1191844: MARILIA DE BORBA
 2025-10-08 18:35:54.6165|Recebendo cliente 1191896: ANA SABRINA
 2025-10-08 18:35:54.8259|Recebendo cliente 1192093: GEOVANE OLIVEIRA
 2025-10-08 18:35:55.0298|Recebendo cliente 1192246: ANDRE QUINTANILHA
 2025-10-08 18:35:55.1985|Recebendo cliente 1192271: RODRIGO RIBEIRO COMICHOLI
 2025-10-08 18:35:55.2432|Clientes processados: 7 - Enviados: 0 - Recebidos: 7
 2025-10-08 18:35:55.3442|N伋 existe nenhum Caixa pendente de sincroniza巫o!
 2025-10-08 18:35:55.3442|N伋 existe nenhuma Opera巫o de Caixa pendente de sincroniza巫o!
 2025-10-08 18:35:55.6819|N伋 existe nenhum produto/servi每 pendente de sincroniza巫o!
 2025-10-08 18:35:55.8787|N伋 existe nenhuma promo巫o pendente de sincroniza巫o!
 2025-10-08 18:35:56.0829|N伋 existe nenhum lote pendente de sincroniza巫o!
 2025-10-08 18:35:56.3029|Recebendo Dep造ito: Geral
 2025-10-08 18:52:47.2621|Recebendo cliente 944857: MORGANA MARTINS LEAL
 2025-10-08 18:52:47.4521|Recebendo cliente 944902: SONIA  MATTANA  
 2025-10-08 18:52:47.5271|Recebendo cliente 1191844: MARILIA DE BORBA
 2025-10-08 18:52:47.5531|Recebendo cliente 1191896: ANA SABRINA
 2025-10-08 18:52:47.7461|Recebendo cliente 1192093: GEOVANE OLIVEIRA
 2025-10-08 18:52:47.9244|Recebendo cliente 1192246: ANDRE QUINTANILHA
 2025-10-08 18:52:48.0025|Recebendo cliente 1192271: RODRIGO RIBEIRO COMICHOLI
 2025-10-08 18:52:48.0182|Clientes processados: 7 - Enviados: 0 - Recebidos: 7
 2025-10-08 18:52:48.9262|Pedido de Venda 3927 - 31436365 enviado com sucesso!
 2025-10-08 18:59:27.2029|Recebendo cliente 944857: MORGANA MARTINS LEAL
 2025-10-08 18:59:27.4039|Recebendo cliente 944902: SONIA  MATTANA  
 2025-10-08 18:59:27.4809|Recebendo cliente 1191844: MARILIA DE BORBA
 2025-10-08 18:59:27.6819|Recebendo cliente 1192093: GEOVANE OLIVEIRA
 2025-10-08 18:59:27.8739|Recebendo cliente 1192246: ANDRE QUINTANILHA
 2025-10-08 18:59:27.9539|Recebendo cliente 1192271: RODRIGO RIBEIRO COMICHOLI
 2025-10-08 18:59:27.9689|Clientes processados: 6 - Enviados: 0 - Recebidos: 6
 2025-10-08 18:59:28.1794|Enviando NFC-e - chave: 42251029005632000391650010000133921797026733 . . .
 2025-10-08 18:59:29.6018|Venda: IdLocal 3925: Documento Fiscal Id:3162  -> IdWeb 10919595
 2025-10-08 18:59:29.6018|NFC-e chave: 42251029005632000391650010000133921797026733 enviada com sucesso!
 2025-10-08 19:00:59.9850|Recebendo cliente 944857: MORGANA MARTINS LEAL
 2025-10-08 19:01:00.1840|Recebendo cliente 944902: SONIA  MATTANA  
 2025-10-08 19:01:00.2590|Recebendo cliente 1191844: MARILIA DE BORBA
 2025-10-08 19:01:00.4610|Recebendo cliente 1192093: GEOVANE OLIVEIRA
 2025-10-08 19:01:00.6610|Recebendo cliente 1192246: ANDRE QUINTANILHA
 2025-10-08 19:01:00.7480|Recebendo cliente 1192271: RODRIGO RIBEIRO COMICHOLI
 2025-10-08 19:01:00.7640|Clientes processados: 6 - Enviados: 0 - Recebidos: 6
 2025-10-08 19:01:00.9744|Enviando NFC-e - chave: 42251029005632000391650010000133931945010314 . . .
 2025-10-08 19:01:02.4433|Venda: IdLocal 3928: Documento Fiscal Id:3163  -> IdWeb 10919627
 2025-10-08 19:01:02.4433|NFC-e chave: 42251029005632000391650010000133931945010314 enviada com sucesso!
 2025-10-08 19:05:52.7839|Recebendo operador 15946: Operador
 2025-10-08 19:05:52.7996|Recebendo operador 15947: Gerencia
 2025-10-08 19:05:52.8420|Recebendo vendedores 948576: KELLYM WALERIA DOS SANTOS
 2025-10-08 19:05:52.8420|Recebendo vendedores 948581: AUGUSTO GORDO TOMASELLI
 2025-10-08 19:05:52.8420|Recebendo vendedores 948583: RODRIGO BECKER DA SILVA
 2025-10-08 19:05:53.0174|Recebendo vendedores 974030: WALTER PRIETSCH NETO
 2025-10-08 19:05:53.0374|Recebendo vendedores 1009223: CONSUMO KOBRASOL
 2025-10-08 19:05:53.0584|Recebendo vendedores 1031583: CONSUMO JAQUELINE PEREIRA VAZ
 2025-10-08 19:05:53.0904|Recebendo vendedores 1031584: CONSUMO RODRIGO BECKER DA SILVA
 2025-10-08 19:05:53.1074|Recebendo vendedores 1031586: CONSUMO WALTER PRIETSCH NETO
 2025-10-08 19:05:53.1244|Recebendo vendedores 1038321: CONUSMO WELVIS TEIXEIRA ALVEZ
 2025-10-08 19:05:53.1694|Recebendo vendedores 1057686: CONSUMO THIAGO PEREIRA VAZ
 2025-10-08 19:05:53.1874|Recebendo vendedores 1057687: CONSUMO LUCAS VAZ DA ROSA
 2025-10-08 19:05:53.2054|Recebendo vendedores 1070825: VENDA PARCEIRO (ACIMA 30% S/ COMISSAO)
 2025-10-08 19:05:53.2324|Recebendo vendedores 1191120: CONSUMO KELLYM WALERIA 
 2025-10-08 19:05:53.3734|N伋 existe nenhum Contato Comercial pendente de sincroniza巫o!
 2025-10-08 19:05:53.6621|Recebendo cliente 944857: MORGANA MARTINS LEAL
 2025-10-08 19:05:53.8581|Recebendo cliente 944902: SONIA  MATTANA  
 2025-10-08 19:05:53.9421|Recebendo cliente 1191844: MARILIA DE BORBA
 2025-10-08 19:05:54.1411|Recebendo cliente 1192093: GEOVANE OLIVEIRA
 2025-10-08 19:05:54.3387|Recebendo cliente 1192246: ANDRE QUINTANILHA
 2025-10-08 19:05:54.4291|Recebendo cliente 1192271: RODRIGO RIBEIRO COMICHOLI
 2025-10-08 19:05:54.4475|Clientes processados: 6 - Enviados: 0 - Recebidos: 6
 2025-10-08 19:05:54.5146|N伋 existe nenhum Caixa pendente de sincroniza巫o!
 2025-10-08 19:05:54.5146|N伋 existe nenhuma Opera巫o de Caixa pendente de sincroniza巫o!
 2025-10-08 19:05:54.8689|Recebendo itens - 9 item(s).
 2025-10-08 19:05:56.0808|Recebendo itens - 9 itens importados de 9
 2025-10-08 19:05:56.4573|Total de itens recebidos: 9
 2025-10-08 19:05:56.6974|N伋 existe nenhuma promo巫o pendente de sincroniza巫o!
 2025-10-08 19:05:56.9245|N伋 existe nenhum lote pendente de sincroniza巫o!
 2025-10-08 19:05:57.7856|Recebendo Dep造ito: Geral
 2025-10-08 19:06:24.9602|Recebendo cliente 944857: MORGANA MARTINS LEAL
 2025-10-08 19:06:25.1542|Recebendo cliente 944902: SONIA  MATTANA  
 2025-10-08 19:06:25.2312|Recebendo cliente 1191844: MARILIA DE BORBA
 2025-10-08 19:06:25.4212|Recebendo cliente 1192093: GEOVANE OLIVEIRA
 2025-10-08 19:06:25.6382|Recebendo cliente 1192246: ANDRE QUINTANILHA
 2025-10-08 19:06:25.7162|Recebendo cliente 1192271: RODRIGO RIBEIRO COMICHOLI
 2025-10-08 19:06:25.7372|Clientes processados: 6 - Enviados: 0 - Recebidos: 6
 2025-10-08 19:06:25.9421|Enviando NFC-e - chave: 42251029005632000391650010000133941732746051 . . .
 2025-10-08 19:06:27.2143|Venda: IdLocal 3929: Documento Fiscal Id:3164  -> IdWeb 10919731
 2025-10-08 19:06:27.2143|NFC-e chave: 42251029005632000391650010000133941732746051 enviada com sucesso!
 2025-10-08 19:35:52.9313|Recebendo operador 15946: Operador
 2025-10-08 19:35:52.9313|Recebendo operador 15947: Gerencia
 2025-10-08 19:35:52.9683|Recebendo vendedores 948576: KELLYM WALERIA DOS SANTOS
 2025-10-08 19:35:52.9793|Recebendo vendedores 948581: AUGUSTO GORDO TOMASELLI
 2025-10-08 19:35:52.9793|Recebendo vendedores 948583: RODRIGO BECKER DA SILVA
 2025-10-08 19:35:53.1403|Recebendo vendedores 974030: WALTER PRIETSCH NETO
 2025-10-08 19:35:53.1623|Recebendo vendedores 1009223: CONSUMO KOBRASOL
 2025-10-08 19:35:53.1843|Recebendo vendedores 1031583: CONSUMO JAQUELINE PEREIRA VAZ
 2025-10-08 19:35:53.2053|Recebendo vendedores 1031584: CONSUMO RODRIGO BECKER DA SILVA
 2025-10-08 19:35:53.2613|Recebendo vendedores 1031586: CONSUMO WALTER PRIETSCH NETO
 2025-10-08 19:35:53.2933|Recebendo vendedores 1038321: CONUSMO WELVIS TEIXEIRA ALVEZ
 2025-10-08 19:35:53.3103|Recebendo vendedores 1057686: CONSUMO THIAGO PEREIRA VAZ
 2025-10-08 19:35:53.3283|Recebendo vendedores 1057687: CONSUMO LUCAS VAZ DA ROSA
 2025-10-08 19:35:53.3493|Recebendo vendedores 1070825: VENDA PARCEIRO (ACIMA 30% S/ COMISSAO)
 2025-10-08 19:35:53.3673|Recebendo vendedores 1191120: CONSUMO KELLYM WALERIA 
 2025-10-08 19:35:53.5153|N伋 existe nenhum Contato Comercial pendente de sincroniza巫o!
 2025-10-08 19:35:53.8223|Recebendo cliente 944857: MORGANA MARTINS LEAL
 2025-10-08 19:35:54.0313|Recebendo cliente 944902: SONIA  MATTANA  
 2025-10-08 19:35:54.1273|Recebendo cliente 1191844: MARILIA DE BORBA
 2025-10-08 19:35:54.3323|Recebendo cliente 1192093: GEOVANE OLIVEIRA
 2025-10-08 19:35:54.5354|Recebendo cliente 1192246: ANDRE QUINTANILHA
 2025-10-08 19:35:54.6254|Recebendo cliente 1192271: RODRIGO RIBEIRO COMICHOLI
 2025-10-08 19:35:54.6454|Clientes processados: 6 - Enviados: 0 - Recebidos: 6
 2025-10-08 19:35:54.7164|N伋 existe nenhum Caixa pendente de sincroniza巫o!
 2025-10-08 19:35:54.7164|N伋 existe nenhuma Opera巫o de Caixa pendente de sincroniza巫o!
 2025-10-08 19:35:55.1474|Recebendo itens - 3 item(s).
 2025-10-08 19:35:56.0634|Recebendo itens - 3 itens importados de 3
 2025-10-08 19:35:56.4243|Total de itens recebidos: 3
 2025-10-08 19:35:56.6710|N伋 existe nenhuma promo巫o pendente de sincroniza巫o!
 2025-10-08 19:35:56.9068|N伋 existe nenhum lote pendente de sincroniza巫o!
 2025-10-08 19:35:57.1186|Recebendo Dep造ito: Geral
 2025-10-08 19:38:21.4204|Recebendo cliente 944857: MORGANA MARTINS LEAL
 2025-10-08 19:38:21.6194|Recebendo cliente 944902: SONIA  MATTANA  
 2025-10-08 19:38:21.6964|Recebendo cliente 1191844: MARILIA DE BORBA
 2025-10-08 19:38:21.8954|Recebendo cliente 1192093: GEOVANE OLIVEIRA
 2025-10-08 19:38:22.0864|Recebendo cliente 1192246: ANDRE QUINTANILHA
 2025-10-08 19:38:22.1774|Recebendo cliente 1192271: RODRIGO RIBEIRO COMICHOLI
 2025-10-08 19:38:22.1924|Clientes processados: 6 - Enviados: 0 - Recebidos: 6
 2025-10-08 19:38:22.3900|Enviando NFC-e - chave: 42251029005632000391650010000133951475552870 . . .
 2025-10-08 19:38:23.3637|Venda: IdLocal 3889: Documento Fiscal Id:3165  -> IdWeb 10920429
 2025-10-08 19:38:23.3637|NFC-e chave: 42251029005632000391650010000133951475552870 enviada com sucesso!
 2025-10-08 20:05:53.1407|Recebendo operador 15946: Operador
 2025-10-08 20:05:53.1563|Recebendo operador 15947: Gerencia
 2025-10-08 20:05:53.1995|Recebendo vendedores 948576: KELLYM WALERIA DOS SANTOS
 2025-10-08 20:05:53.1995|Recebendo vendedores 948581: AUGUSTO GORDO TOMASELLI
 2025-10-08 20:05:53.1995|Recebendo vendedores 948583: RODRIGO BECKER DA SILVA
 2025-10-08 20:05:53.3695|Recebendo vendedores 974030: WALTER PRIETSCH NETO
 2025-10-08 20:05:53.3905|Recebendo vendedores 1009223: CONSUMO KOBRASOL
 2025-10-08 20:05:53.4115|Recebendo vendedores 1031583: CONSUMO JAQUELINE PEREIRA VAZ
 2025-10-08 20:05:53.4325|Recebendo vendedores 1031584: CONSUMO RODRIGO BECKER DA SILVA
 2025-10-08 20:05:53.4925|Recebendo vendedores 1031586: CONSUMO WALTER PRIETSCH NETO
 2025-10-08 20:05:53.5105|Recebendo vendedores 1038321: CONUSMO WELVIS TEIXEIRA ALVEZ
 2025-10-08 20:05:53.5405|Recebendo vendedores 1057686: CONSUMO THIAGO PEREIRA VAZ
 2025-10-08 20:05:53.5575|Recebendo vendedores 1057687: CONSUMO LUCAS VAZ DA ROSA
 2025-10-08 20:05:53.5805|Recebendo vendedores 1070825: VENDA PARCEIRO (ACIMA 30% S/ COMISSAO)
 2025-10-08 20:05:53.5975|Recebendo vendedores 1191120: CONSUMO KELLYM WALERIA 
 2025-10-08 20:05:53.7458|N伋 existe nenhum Contato Comercial pendente de sincroniza巫o!
 2025-10-08 20:05:54.0508|Recebendo cliente 944857: MORGANA MARTINS LEAL
 2025-10-08 20:05:54.2488|Recebendo cliente 944902: SONIA  MATTANA  
 2025-10-08 20:05:54.3428|Recebendo cliente 1191844: MARILIA DE BORBA
 2025-10-08 20:05:54.5410|Recebendo cliente 1192246: ANDRE QUINTANILHA
 2025-10-08 20:05:54.6192|Recebendo cliente 1192271: RODRIGO RIBEIRO COMICHOLI
 2025-10-08 20:05:54.6348|Clientes processados: 5 - Enviados: 0 - Recebidos: 5
 2025-10-08 20:05:54.7129|N伋 existe nenhum Caixa pendente de sincroniza巫o!
 2025-10-08 20:05:54.7129|N伋 existe nenhuma Opera巫o de Caixa pendente de sincroniza巫o!
 2025-10-08 20:05:55.0567|Recebendo itens - 1 item(s).
 2025-10-08 20:05:55.4160|Recebendo itens - 1 itens importados de 1
 2025-10-08 20:05:55.7754|Total de itens recebidos: 1
 2025-10-08 20:05:56.0098|N伋 existe nenhuma promo巫o pendente de sincroniza巫o!
 2025-10-08 20:05:56.2442|N伋 existe nenhum lote pendente de sincroniza巫o!
 2025-10-08 20:05:56.4430|Recebendo Dep造ito: Geral
 2025-10-08 20:07:24.9906|Enviando caixa 257
 2025-10-08 20:07:25.0758|N伋 existe nenhuma Opera巫o de Caixa pendente de sincroniza巫o!
