2025-10-10 17:45:21.3806: Verificando versão para atualização de PDV.
2025-10-10 17:45:22.1386: Atualização
2025-10-10 17:49:06.9917: Calculando totais da venda...
2025-10-10 17:49:18.4229: Iniciando finalização da venda Id 3987...
2025-10-10 17:49:18.4229: Verificando repique de troco...
2025-10-10 17:49:18.4229: Calculando totais da venda...
2025-10-10 17:49:20.4060: Aguarde, estamos realizando a emissão da NFC-e...
2025-10-10 17:49:20.4910: Validando NFC-e...
2025-10-10 17:49:20.5200: Tipo de emissão NFC-e: NORMAL
2025-10-10 17:49:20.5200: Gerando XML de NFC-e...
2025-10-10 17:49:20.5340: Realizando conversão da venda para XML...
2025-10-10 17:49:20.6490: Conversão realizada com sucesso para a NFC-e id: NFe42251029005632000391650010000134371462869988
2025-10-10 17:49:21.0290: Assinando XML...
2025-10-10 17:49:21.3930: XML assinado com sucesso!
2025-10-10 17:49:21.3930: Enviando NFC-e para a SEFAZ...
2025-10-10 17:49:22.0810: Retorno da SEFAZ: 100 - Autorizado o uso da NF-e
2025-10-10 17:49:22.0810: Numeração de NFC-e atualizada para Nr. 13438
2025-10-10 17:49:22.0890: Finalizando Venda e validando NF emitida...
2025-10-10 17:49:22.5450: Venda finalizada com sucesso!
2025-10-10 17:49:22.5450: Realizando rotinas pós-venda...
2025-10-10 17:49:22.5657: Enviando e-mail...
2025-10-10 17:49:22.5657: Iniciando rotina de sincronização da venda 3987...
2025-10-10 17:49:22.5657: Todas as rotinas da venda 3987 foram concluídas com sucesso!
2025-10-10 17:49:22.5657: Imprimindo DANFe...
2025-10-10 17:49:22.5970: Calculando totais da venda...
2025-10-10 17:54:42.7757: Calculando totais da venda...
2025-10-10 17:54:50.4694: Calculando totais da venda...
2025-10-10 17:55:07.4095: Validando desconto atribuído ao cliente...
2025-10-10 17:55:14.1479: Iniciando finalização da venda Id 3986...
2025-10-10 17:55:14.1479: Verificando repique de troco...
2025-10-10 17:55:14.1479: Calculando totais da venda...
2025-10-10 17:55:14.9939: Aguarde, estamos realizando a emissão da NFC-e...
2025-10-10 17:55:15.1479: Validando NFC-e...
2025-10-10 17:55:15.1849: Tipo de emissão NFC-e: NORMAL
2025-10-10 17:55:15.2299: Gerando XML de NFC-e...
2025-10-10 17:55:15.2299: Realizando conversão da venda para XML...
2025-10-10 17:55:15.3299: Conversão realizada com sucesso para a NFC-e id: NFe42251029005632000391650010000134381546572886
2025-10-10 17:55:15.3299: Assinando XML...
2025-10-10 17:55:15.5399: XML assinado com sucesso!
2025-10-10 17:55:15.5399: Enviando NFC-e para a SEFAZ...
2025-10-10 17:55:15.9169: Retorno da SEFAZ: 100 - Autorizado o uso da NF-e
2025-10-10 17:55:15.9169: Numeração de NFC-e atualizada para Nr. 13439
2025-10-10 17:55:15.9319: Finalizando Venda e validando NF emitida...
2025-10-10 17:55:16.0309: Venda finalizada com sucesso!
2025-10-10 17:55:16.0599: Realizando rotinas pós-venda...
2025-10-10 17:55:16.0599: Enviando e-mail...
2025-10-10 17:55:16.0599: Iniciando rotina de sincronização da venda 3986...
2025-10-10 17:55:16.0599: Todas as rotinas da venda 3986 foram concluídas com sucesso!
2025-10-10 17:55:16.0599: Imprimindo DANFe...
2025-10-10 17:55:16.1409: Calculando totais da venda...
2025-10-10 18:00:51.7231: Calculando totais da venda...
2025-10-10 18:00:58.3784: Iniciando finalização da venda Id 3985...
2025-10-10 18:00:58.3784: Verificando repique de troco...
2025-10-10 18:00:58.3784: Calculando totais da venda...
2025-10-10 18:00:59.6484: Finalizando Venda não fiscal...
2025-10-10 18:00:59.7264: Venda finalizada com sucesso!
2025-10-10 18:00:59.7614: Realizando rotinas pós-venda...
2025-10-10 18:00:59.7614: Enviando e-mail...
2025-10-10 18:00:59.7724: Iniciando rotina de sincronização da venda 3985...
2025-10-10 18:00:59.7724: Todas as rotinas da venda 3985 foram concluídas com sucesso!
2025-10-10 18:01:00.1744: Calculando totais da venda...
2025-10-10 18:20:32.2768: Calculando totais da venda...
2025-10-10 18:20:41.1720: Validando desconto atribuído ao cliente...
2025-10-10 18:21:05.2802: Calculando totais da venda...
2025-10-10 18:24:03.1302: Calculando totais da venda...
2025-10-10 18:24:10.6993: Calculando totais da venda...
2025-10-10 18:24:18.9467: Validando desconto atribuído ao cliente...
2025-10-10 18:24:23.9882: Iniciando finalização da venda Id 3989...
2025-10-10 18:24:23.9882: Verificando repique de troco...
2025-10-10 18:24:23.9912: Calculando totais da venda...
2025-10-10 18:24:25.6446: Finalizando Venda não fiscal...
2025-10-10 18:24:25.7476: Venda finalizada com sucesso!
2025-10-10 18:24:25.8320: Realizando rotinas pós-venda...
2025-10-10 18:24:25.8320: Enviando e-mail...
2025-10-10 18:24:25.8320: Iniciando rotina de sincronização da venda 3989...
2025-10-10 18:24:25.8320: Todas as rotinas da venda 3989 foram concluídas com sucesso!
2025-10-10 18:24:26.0039: Calculando totais da venda...
2025-10-10 18:36:37.3428: Calculando totais da venda...
2025-10-10 18:36:58.0787: Iniciando finalização da venda Id 3988...
2025-10-10 18:36:58.0787: Verificando repique de troco...
2025-10-10 18:36:58.0787: Calculando totais da venda...
2025-10-10 18:36:59.4147: Aguarde, estamos realizando a emissão da NFC-e...
2025-10-10 18:36:59.8027: Validando NFC-e...
2025-10-10 18:36:59.8437: Tipo de emissão NFC-e: NORMAL
2025-10-10 18:36:59.8437: Gerando XML de NFC-e...
2025-10-10 18:36:59.8647: Realizando conversão da venda para XML...
2025-10-10 18:37:00.0677: Conversão realizada com sucesso para a NFC-e id: NFe42251029005632000391650010000134391661726030
2025-10-10 18:37:00.1597: Assinando XML...
2025-10-10 18:37:01.0647: XML assinado com sucesso!
2025-10-10 18:37:01.0647: Enviando NFC-e para a SEFAZ...
2025-10-10 18:37:02.3987: Retorno da SEFAZ: 100 - Autorizado o uso da NF-e
2025-10-10 18:37:02.4177: Numeração de NFC-e atualizada para Nr. 13440
2025-10-10 18:37:02.5427: Finalizando Venda e validando NF emitida...
2025-10-10 18:37:02.6617: Venda finalizada com sucesso!
2025-10-10 18:37:02.6637: Realizando rotinas pós-venda...
2025-10-10 18:37:02.6637: Enviando e-mail...
2025-10-10 18:37:02.7007: Iniciando rotina de sincronização da venda 3988...
2025-10-10 18:37:02.7007: Todas as rotinas da venda 3988 foram concluídas com sucesso!
2025-10-10 18:37:02.7007: Imprimindo DANFe...
2025-10-10 18:37:03.0277: Calculando totais da venda...
2025-10-10 18:42:03.3397: Calculando totais da venda...
2025-10-10 18:42:13.1558: Validando desconto atribuído ao cliente...
2025-10-10 18:44:18.4340: Iniciando finalização da venda Id 3990...
2025-10-10 18:44:18.4340: Verificando repique de troco...
2025-10-10 18:44:18.4340: Calculando totais da venda...
2025-10-10 18:44:21.3420: Iniciando finalização da venda Id 3990...
2025-10-10 18:44:21.3420: Verificando repique de troco...
2025-10-10 18:44:21.3420: Calculando totais da venda...
2025-10-10 18:44:24.5770: Iniciando finalização da venda Id 3990...
2025-10-10 18:44:24.5770: Verificando repique de troco...
2025-10-10 18:44:24.5980: Calculando totais da venda...
2025-10-10 18:44:27.3860: Iniciando finalização da venda Id 3990...
2025-10-10 18:44:27.3860: Verificando repique de troco...
2025-10-10 18:44:27.3860: Calculando totais da venda...
2025-10-10 18:44:30.1060: Iniciando finalização da venda Id 3990...
2025-10-10 18:44:30.1060: Verificando repique de troco...
2025-10-10 18:44:30.1060: Calculando totais da venda...
2025-10-10 18:44:32.7470: Iniciando finalização da venda Id 3990...
2025-10-10 18:44:32.7470: Verificando repique de troco...
2025-10-10 18:44:32.7470: Calculando totais da venda...
2025-10-10 18:44:35.2440: Iniciando finalização da venda Id 3990...
2025-10-10 18:44:35.2440: Verificando repique de troco...
2025-10-10 18:44:35.2440: Calculando totais da venda...
2025-10-10 18:45:28.2232: Aguarde, estamos realizando a emissão da NFC-e...
2025-10-10 18:45:28.6114: Validando NFC-e...
2025-10-10 18:45:28.6674: Tipo de emissão NFC-e: NORMAL
2025-10-10 18:45:28.6674: Gerando XML de NFC-e...
2025-10-10 18:45:28.6674: Realizando conversão da venda para XML...
2025-10-10 18:45:28.8954: Conversão realizada com sucesso para a NFC-e id: NFe42251029005632000391650010000134401856814525
2025-10-10 18:45:28.8984: Assinando XML...
2025-10-10 18:45:29.2364: XML assinado com sucesso!
2025-10-10 18:45:29.2364: Enviando NFC-e para a SEFAZ...
2025-10-10 18:45:32.4164: Retorno da SEFAZ: 100 - Autorizado o uso da NF-e
2025-10-10 18:45:32.4164: Numeração de NFC-e atualizada para Nr. 13441
2025-10-10 18:45:32.4444: Finalizando Venda e validando NF emitida...
2025-10-10 18:45:35.5254: Venda finalizada com sucesso!
2025-10-10 18:45:35.5465: Realizando rotinas pós-venda...
2025-10-10 18:45:35.5465: Enviando e-mail...
2025-10-10 18:45:35.5465: Iniciando rotina de sincronização da venda 3990...
2025-10-10 18:45:35.5465: Todas as rotinas da venda 3990 foram concluídas com sucesso!
2025-10-10 18:45:35.5465: Imprimindo DANFe...
2025-10-10 18:45:36.4683: Calculando totais da venda...
2025-10-10 19:09:09.1060: Calculando totais da venda...
2025-10-10 19:09:26.0048: Iniciando finalização da venda Id 3991...
2025-10-10 19:09:26.0068: Verificando repique de troco...
2025-10-10 19:09:26.0068: Calculando totais da venda...
2025-10-10 19:09:29.1218: Iniciando finalização da venda Id 3991...
2025-10-10 19:09:29.1218: Verificando repique de troco...
2025-10-10 19:09:29.1218: Calculando totais da venda...
2025-10-10 19:09:32.3448: Iniciando finalização da venda Id 3991...
2025-10-10 19:09:32.3448: Verificando repique de troco...
2025-10-10 19:09:32.3448: Calculando totais da venda...
2025-10-10 19:09:37.6657: Aguarde, estamos realizando a emissão da NFC-e...
2025-10-10 19:09:38.0951: Validando NFC-e...
2025-10-10 19:09:38.1661: Tipo de emissão NFC-e: NORMAL
2025-10-10 19:09:38.1661: Gerando XML de NFC-e...
2025-10-10 19:09:38.1661: Realizando conversão da venda para XML...
2025-10-10 19:09:38.3131: Conversão realizada com sucesso para a NFC-e id: NFe42251029005632000391650010000134411195240369
2025-10-10 19:09:38.3131: Assinando XML...
2025-10-10 19:09:38.6821: XML assinado com sucesso!
2025-10-10 19:09:38.6821: Enviando NFC-e para a SEFAZ...
2025-10-10 19:09:42.1491: Retorno da SEFAZ: 100 - Autorizado o uso da NF-e
2025-10-10 19:09:42.1491: Numeração de NFC-e atualizada para Nr. 13442
2025-10-10 19:09:42.2031: Finalizando Venda e validando NF emitida...
2025-10-10 19:09:46.3751: Venda finalizada com sucesso!
2025-10-10 19:09:46.4420: Realizando rotinas pós-venda...
2025-10-10 19:09:46.4420: Enviando e-mail...
2025-10-10 19:09:46.4420: Iniciando rotina de sincronização da venda 3991...
2025-10-10 19:09:46.4420: Todas as rotinas da venda 3991 foram concluídas com sucesso!
2025-10-10 19:09:46.4576: Imprimindo DANFe...
2025-10-10 19:09:46.9888: Calculando totais da venda...
2025-10-10 19:18:32.0380: Calculando totais da venda...
2025-10-10 19:18:42.5422: Validando desconto atribuído ao cliente...
2025-10-10 19:18:48.6544: Iniciando finalização da venda Id 3992...
2025-10-10 19:18:48.6544: Verificando repique de troco...
2025-10-10 19:18:48.6544: Calculando totais da venda...
2025-10-10 19:18:50.9764: Aguarde, estamos realizando a emissão da NFC-e...
2025-10-10 19:18:51.5054: Validando NFC-e...
2025-10-10 19:18:52.0264: Tipo de emissão NFC-e: NORMAL
2025-10-10 19:18:52.0264: Gerando XML de NFC-e...
2025-10-10 19:18:52.0774: Realizando conversão da venda para XML...
2025-10-10 19:18:52.3084: Conversão realizada com sucesso para a NFC-e id: NFe42251029005632000391650010000134421998058776
2025-10-10 19:18:52.3084: Assinando XML...
2025-10-10 19:18:52.7524: XML assinado com sucesso!
2025-10-10 19:18:52.7524: Enviando NFC-e para a SEFAZ...
2025-10-10 19:18:54.4424: Retorno da SEFAZ: 100 - Autorizado o uso da NF-e
2025-10-10 19:18:54.4454: Numeração de NFC-e atualizada para Nr. 13443
2025-10-10 19:18:54.5614: Finalizando Venda e validando NF emitida...
2025-10-10 19:18:54.7274: Venda finalizada com sucesso!
2025-10-10 19:18:54.7644: Realizando rotinas pós-venda...
2025-10-10 19:18:54.7644: Enviando e-mail...
2025-10-10 19:18:54.9174: Iniciando rotina de sincronização da venda 3992...
2025-10-10 19:18:54.9174: Todas as rotinas da venda 3992 foram concluídas com sucesso!
2025-10-10 19:18:54.9174: Imprimindo DANFe...
2025-10-10 19:18:55.5354: Calculando totais da venda...
2025-10-10 19:42:27.1169: Calculando totais da venda...
2025-10-10 19:42:42.2936: Validando desconto atribuído ao cliente...
2025-10-10 19:45:10.5467: Iniciando finalização da venda Id 3993...
2025-10-10 19:45:10.5467: Verificando repique de troco...
2025-10-10 19:45:10.5467: Calculando totais da venda...
2025-10-10 19:45:18.4516: Aguarde, estamos realizando a emissão da NFC-e...
2025-10-10 19:45:19.5178: Validando NFC-e...
2025-10-10 19:45:20.2497: Tipo de emissão NFC-e: NORMAL
2025-10-10 19:45:20.2497: Gerando XML de NFC-e...
2025-10-10 19:45:20.2497: Realizando conversão da venda para XML...
2025-10-10 19:45:20.4478: Conversão realizada com sucesso para a NFC-e id: NFe42251029005632000391650010000134431520411320
2025-10-10 19:45:20.4688: Assinando XML...
2025-10-10 19:45:20.8537: XML assinado com sucesso!
2025-10-10 19:45:20.8537: Enviando NFC-e para a SEFAZ...
2025-10-10 19:45:25.2737: Retorno da SEFAZ: 100 - Autorizado o uso da NF-e
2025-10-10 19:45:25.2737: Numeração de NFC-e atualizada para Nr. 13444
2025-10-10 19:45:25.3557: Finalizando Venda e validando NF emitida...
2025-10-10 19:45:30.0357: Venda finalizada com sucesso!
2025-10-10 19:45:30.0716: Realizando rotinas pós-venda...
2025-10-10 19:45:30.0873: Enviando e-mail...
2025-10-10 19:45:30.0873: Iniciando rotina de sincronização da venda 3993...
2025-10-10 19:45:30.1029: Todas as rotinas da venda 3993 foram concluídas com sucesso!
2025-10-10 19:45:30.1029: Imprimindo DANFe...
2025-10-10 19:45:31.3529: Calculando totais da venda...
2025-10-10 20:11:07.3591: Iniciando rotina de sincronização de caixa...
2025-10-10 20:15:13.1779: Iniciando rotina de sincronização de caixa...
