2025-10-08 08:07:06.7514: Verificando versão para atualização de PDV.
2025-10-08 08:07:07.5847: Atualização
2025-10-08 08:07:19.8875: Iniciando rotina de sincronização de caixa...
2025-10-08 08:07:59.4409: Iniciando rotina de sincronização de caixa...
2025-10-08 08:08:58.6345: Iniciando rotina de sincronização de caixa...
2025-10-08 08:51:21.3632: Iniciando rotina de sincronização da venda 3893...
2025-10-08 09:11:36.8617: Iniciando rotina de sincronização da venda 3882...
2025-10-08 10:15:58.9534: Calculando totais da venda...
2025-10-08 10:16:08.1067: Validando desconto atribuído ao cliente...
2025-10-08 10:22:47.4621: Iniciando finalização da venda Id 3902...
2025-10-08 10:22:47.4621: Verificando repique de troco...
2025-10-08 10:22:47.4621: Calculando totais da venda...
2025-10-08 10:22:51.7868: Aguarde, estamos realizando a emissão da NFC-e...
2025-10-08 10:22:51.8903: Validando NFC-e...
2025-10-08 10:22:51.9233: Tipo de emissão NFC-e: NORMAL
2025-10-08 10:22:51.9233: Gerando XML de NFC-e...
2025-10-08 10:22:51.9393: Realizando conversão da venda para XML...
2025-10-08 10:22:52.0293: Conversão realizada com sucesso para a NFC-e id: NFe42251029005632000391650010000133731516714228
2025-10-08 10:22:52.4154: Assinando XML...
2025-10-08 10:22:52.8388: XML assinado com sucesso!
2025-10-08 10:22:52.8388: Enviando NFC-e para a SEFAZ...
2025-10-08 10:22:54.2696: Retorno da SEFAZ: 100 - Autorizado o uso da NF-e
2025-10-08 10:22:54.2696: Numeração de NFC-e atualizada para Nr. 13374
2025-10-08 10:22:54.2776: Finalizando Venda e validando NF emitida...
2025-10-08 10:22:54.4636: Venda finalizada com sucesso!
2025-10-08 10:22:54.4636: Realizando rotinas pós-venda...
2025-10-08 10:22:54.4854: Enviando e-mail...
2025-10-08 10:22:54.5011: Iniciando rotina de sincronização da venda 3902...
2025-10-08 10:22:54.5011: Todas as rotinas da venda 3902 foram concluídas com sucesso!
2025-10-08 10:22:54.5011: Imprimindo DANFe...
2025-10-08 10:22:54.5323: Calculando totais da venda...
2025-10-08 10:37:43.6472: Calculando totais da venda...
2025-10-08 10:39:25.8063: Iniciando finalização da venda Id 3851...
2025-10-08 10:39:25.8063: Verificando repique de troco...
2025-10-08 10:39:25.8063: Calculando totais da venda...
2025-10-08 10:39:32.0323: Aguarde, estamos realizando a emissão da NFC-e...
2025-10-08 10:39:32.1327: Validando NFC-e...
2025-10-08 10:39:32.1327: Tipo de emissão NFC-e: NORMAL
2025-10-08 10:39:32.1327: Gerando XML de NFC-e...
2025-10-08 10:39:32.1327: Realizando conversão da venda para XML...
2025-10-08 10:39:32.1577: Conversão realizada com sucesso para a NFC-e id: NFe42251029005632000391650010000133741879208527
2025-10-08 10:39:32.1577: Assinando XML...
2025-10-08 10:39:32.2397: XML assinado com sucesso!
2025-10-08 10:39:32.2397: Enviando NFC-e para a SEFAZ...
2025-10-08 10:39:32.5227: Retorno da SEFAZ: 100 - Autorizado o uso da NF-e
2025-10-08 10:39:32.5247: Numeração de NFC-e atualizada para Nr. 13375
2025-10-08 10:39:32.5247: Finalizando Venda e validando NF emitida...
2025-10-08 10:39:32.5868: Venda finalizada com sucesso!
2025-10-08 10:39:32.5868: Realizando rotinas pós-venda...
2025-10-08 10:39:32.5868: Enviando e-mail...
2025-10-08 10:39:32.5868: Iniciando rotina de sincronização da venda 3851...
2025-10-08 10:39:32.5868: Todas as rotinas da venda 3851 foram concluídas com sucesso!
2025-10-08 10:39:32.5868: Imprimindo DANFe...
2025-10-08 10:39:40.3294: Calculando totais da venda...
2025-10-08 10:40:12.2622: Calculando totais da venda...
2025-10-08 10:42:29.3573: Iniciando finalização da venda Id 3657...
2025-10-08 10:42:29.3573: Verificando repique de troco...
2025-10-08 10:42:29.3573: Calculando totais da venda...
2025-10-08 10:42:30.9403: Aguarde, estamos realizando a emissão da NFC-e...
2025-10-08 10:42:31.0291: Validando NFC-e...
2025-10-08 10:42:31.0291: Tipo de emissão NFC-e: NORMAL
2025-10-08 10:42:31.0291: Gerando XML de NFC-e...
2025-10-08 10:42:31.0401: Realizando conversão da venda para XML...
2025-10-08 10:42:31.0401: Conversão realizada com sucesso para a NFC-e id: NFe42251029005632000391650010000133751660930247
2025-10-08 10:42:31.0401: Assinando XML...
2025-10-08 10:42:31.1341: XML assinado com sucesso!
2025-10-08 10:42:31.1341: Enviando NFC-e para a SEFAZ...
2025-10-08 10:42:31.3693: Retorno da SEFAZ: 100 - Autorizado o uso da NF-e
2025-10-08 10:42:31.3693: Numeração de NFC-e atualizada para Nr. 13376
2025-10-08 10:42:31.3693: Finalizando Venda e validando NF emitida...
2025-10-08 10:42:31.4403: Venda finalizada com sucesso!
2025-10-08 10:42:31.4403: Realizando rotinas pós-venda...
2025-10-08 10:42:31.4403: Enviando e-mail...
2025-10-08 10:42:32.5261: Calculando totais da venda...
2025-10-08 10:42:33.1931: Iniciando rotina de sincronização da venda 3657...
2025-10-08 10:42:33.1931: Todas as rotinas da venda 3657 foram concluídas com sucesso!
2025-10-08 10:42:33.1931: Imprimindo DANFe...
2025-10-08 10:44:07.0443: Iniciando finalização da venda Id 3369...
2025-10-08 10:44:07.0443: Verificando repique de troco...
2025-10-08 10:44:07.0443: Calculando totais da venda...
2025-10-08 10:44:07.5356: Aguarde, estamos realizando a emissão da NFC-e...
2025-10-08 10:44:07.6169: Validando NFC-e...
2025-10-08 10:44:07.6239: Tipo de emissão NFC-e: NORMAL
2025-10-08 10:44:07.6239: Gerando XML de NFC-e...
2025-10-08 10:44:07.6239: Realizando conversão da venda para XML...
2025-10-08 10:44:07.6379: Conversão realizada com sucesso para a NFC-e id: NFe42251029005632000391650010000133761828406512
2025-10-08 10:44:07.6379: Assinando XML...
2025-10-08 10:44:07.7289: XML assinado com sucesso!
2025-10-08 10:44:07.7289: Enviando NFC-e para a SEFAZ...
2025-10-08 10:44:07.9243: Retorno da SEFAZ: 483 - Rejeicao: Valor do desconto maior que valor do produto [nItem:1]
2025-10-08 10:44:10.3965: Iniciando finalização da venda Id 3369...
2025-10-08 10:44:10.3965: Verificando repique de troco...
2025-10-08 10:44:10.3965: Calculando totais da venda...
2025-10-08 10:44:12.1260: Aguarde, estamos realizando a emissão da NFC-e...
2025-10-08 10:44:12.2380: Validando NFC-e...
2025-10-08 10:44:12.2380: Tipo de emissão NFC-e: NORMAL
2025-10-08 10:44:12.2380: Gerando XML de NFC-e...
2025-10-08 10:44:12.2380: Realizando conversão da venda para XML...
2025-10-08 10:44:12.2430: Conversão realizada com sucesso para a NFC-e id: NFe42251029005632000391650010000133761237852375
2025-10-08 10:44:12.2430: Assinando XML...
2025-10-08 10:44:12.3390: XML assinado com sucesso!
2025-10-08 10:44:12.3390: Enviando NFC-e para a SEFAZ...
2025-10-08 10:44:12.5511: Retorno da SEFAZ: 483 - Rejeicao: Valor do desconto maior que valor do produto [nItem:1]
2025-10-08 10:45:09.7962: Calculando totais da venda...
2025-10-08 10:47:35.0671: Calculando totais da venda...
2025-10-08 10:47:38.5702: Iniciando finalização da venda Id 3369...
2025-10-08 10:47:38.5702: Verificando repique de troco...
2025-10-08 10:47:38.5702: Calculando totais da venda...
2025-10-08 10:47:39.5032: Aguarde, estamos realizando a emissão da NFC-e...
2025-10-08 10:47:39.5927: Validando NFC-e...
2025-10-08 10:47:39.5927: Tipo de emissão NFC-e: NORMAL
2025-10-08 10:47:39.5927: Gerando XML de NFC-e...
2025-10-08 10:47:39.5927: Realizando conversão da venda para XML...
2025-10-08 10:47:39.6097: Conversão realizada com sucesso para a NFC-e id: NFe42251029005632000391650010000133761693105811
2025-10-08 10:47:39.6097: Assinando XML...
2025-10-08 10:47:39.7107: XML assinado com sucesso!
2025-10-08 10:47:39.7117: Enviando NFC-e para a SEFAZ...
2025-10-08 10:47:39.9436: Retorno da SEFAZ: 100 - Autorizado o uso da NF-e
2025-10-08 10:47:39.9456: Numeração de NFC-e atualizada para Nr. 13377
2025-10-08 10:47:39.9456: Finalizando Venda e validando NF emitida...
2025-10-08 10:47:39.9759: Venda finalizada com sucesso!
2025-10-08 10:47:39.9769: Realizando rotinas pós-venda...
2025-10-08 10:47:39.9769: Enviando e-mail...
2025-10-08 10:47:40.0649: Calculando totais da venda...
2025-10-08 10:47:41.0107: Iniciando rotina de sincronização da venda 3369...
2025-10-08 10:47:41.0107: Todas as rotinas da venda 3369 foram concluídas com sucesso!
2025-10-08 10:47:41.0107: Imprimindo DANFe...
2025-10-08 11:01:26.9315: Iniciando rotina de sincronização da venda 3837...
2025-10-08 11:10:31.3942: Calculando totais da venda...
2025-10-08 11:10:35.0014: Iniciando finalização da venda Id 3903...
2025-10-08 11:10:35.0014: Verificando repique de troco...
2025-10-08 11:10:35.0014: Calculando totais da venda...
2025-10-08 11:10:36.1306: Aguarde, estamos realizando a emissão da NFC-e...
2025-10-08 11:10:36.2160: Validando NFC-e...
2025-10-08 11:10:36.2160: Tipo de emissão NFC-e: NORMAL
2025-10-08 11:10:36.2160: Gerando XML de NFC-e...
2025-10-08 11:10:36.2160: Realizando conversão da venda para XML...
2025-10-08 11:10:36.2480: Conversão realizada com sucesso para a NFC-e id: NFe42251029005632000391650010000133771344745065
2025-10-08 11:10:36.2480: Assinando XML...
2025-10-08 11:10:36.3300: XML assinado com sucesso!
2025-10-08 11:10:36.3300: Enviando NFC-e para a SEFAZ...
2025-10-08 11:10:36.5606: Retorno da SEFAZ: 100 - Autorizado o uso da NF-e
2025-10-08 11:10:36.5606: Numeração de NFC-e atualizada para Nr. 13378
2025-10-08 11:10:36.5606: Finalizando Venda e validando NF emitida...
2025-10-08 11:10:36.5906: Venda finalizada com sucesso!
2025-10-08 11:10:36.5906: Realizando rotinas pós-venda...
2025-10-08 11:10:36.5906: Enviando e-mail...
2025-10-08 11:10:36.5906: Iniciando rotina de sincronização da venda 3903...
2025-10-08 11:10:36.6046: Todas as rotinas da venda 3903 foram concluídas com sucesso!
2025-10-08 11:10:36.6046: Imprimindo DANFe...
2025-10-08 11:10:36.6866: Calculando totais da venda...
2025-10-08 11:40:20.6784: Calculando totais da venda...
2025-10-08 11:41:42.5498: Iniciando finalização da venda Id 3904...
2025-10-08 11:41:42.5498: Verificando repique de troco...
2025-10-08 11:41:42.5498: Calculando totais da venda...
2025-10-08 11:41:44.7554: Iniciando finalização da venda Id 3904...
2025-10-08 11:41:44.7554: Verificando repique de troco...
2025-10-08 11:41:44.7554: Calculando totais da venda...
2025-10-08 11:41:45.9481: Aguarde, estamos realizando a emissão da NFC-e...
2025-10-08 11:41:46.0534: Validando NFC-e...
2025-10-08 11:41:46.0574: Tipo de emissão NFC-e: NORMAL
2025-10-08 11:41:46.0574: Gerando XML de NFC-e...
2025-10-08 11:41:46.0574: Realizando conversão da venda para XML...
2025-10-08 11:41:46.0574: Conversão realizada com sucesso para a NFC-e id: NFe42251029005632000391650010000133781164585903
2025-10-08 11:41:46.0574: Assinando XML...
2025-10-08 11:41:46.1623: XML assinado com sucesso!
2025-10-08 11:41:46.1623: Enviando NFC-e para a SEFAZ...
2025-10-08 11:41:46.4707: Retorno da SEFAZ: 100 - Autorizado o uso da NF-e
2025-10-08 11:41:46.4707: Numeração de NFC-e atualizada para Nr. 13379
2025-10-08 11:41:46.4823: Finalizando Venda e validando NF emitida...
2025-10-08 11:41:46.5113: Venda finalizada com sucesso!
2025-10-08 11:41:46.5113: Realizando rotinas pós-venda...
2025-10-08 11:41:46.5113: Enviando e-mail...
2025-10-08 11:41:46.5113: Iniciando rotina de sincronização da venda 3904...
2025-10-08 11:41:46.5113: Todas as rotinas da venda 3904 foram concluídas com sucesso!
2025-10-08 11:41:46.5113: Imprimindo DANFe...
2025-10-08 11:41:46.5942: Calculando totais da venda...
2025-10-08 11:42:11.4056: Calculando totais da venda...
2025-10-08 11:42:17.5816: Validando desconto atribuído ao cliente...
2025-10-08 11:42:20.5496: Iniciando finalização da venda Id 3905...
2025-10-08 11:42:20.5496: Verificando repique de troco...
2025-10-08 11:42:20.5496: Calculando totais da venda...
2025-10-08 11:42:21.5106: Aguarde, estamos realizando a emissão da NFC-e...
2025-10-08 11:42:21.6006: Validando NFC-e...
2025-10-08 11:42:21.6086: Tipo de emissão NFC-e: NORMAL
2025-10-08 11:42:21.6086: Gerando XML de NFC-e...
2025-10-08 11:42:21.6086: Realizando conversão da venda para XML...
2025-10-08 11:42:21.6216: Conversão realizada com sucesso para a NFC-e id: NFe42251029005632000391650010000133791935299207
2025-10-08 11:42:21.6216: Assinando XML...
2025-10-08 11:42:21.7126: XML assinado com sucesso!
2025-10-08 11:42:21.7126: Enviando NFC-e para a SEFAZ...
2025-10-08 11:42:21.9449: Retorno da SEFAZ: 100 - Autorizado o uso da NF-e
2025-10-08 11:42:21.9460: Numeração de NFC-e atualizada para Nr. 13380
2025-10-08 11:42:21.9460: Finalizando Venda e validando NF emitida...
2025-10-08 11:42:21.9780: Venda finalizada com sucesso!
2025-10-08 11:42:21.9780: Realizando rotinas pós-venda...
2025-10-08 11:42:21.9780: Enviando e-mail...
2025-10-08 11:42:21.9780: Iniciando rotina de sincronização da venda 3905...
2025-10-08 11:42:21.9780: Todas as rotinas da venda 3905 foram concluídas com sucesso!
2025-10-08 11:42:21.9780: Imprimindo DANFe...
2025-10-08 11:42:22.0600: Calculando totais da venda...
2025-10-08 11:53:19.7849: Calculando totais da venda...
2025-10-08 11:53:23.2122: Validando desconto atribuído ao cliente...
2025-10-08 11:53:29.2972: Iniciando finalização da venda Id 3906...
2025-10-08 11:53:29.2972: Verificando repique de troco...
2025-10-08 11:53:29.2972: Calculando totais da venda...
2025-10-08 11:54:15.9443: Finalizando Venda não fiscal...
2025-10-08 11:54:15.9823: Venda finalizada com sucesso!
2025-10-08 11:54:15.9823: Realizando rotinas pós-venda...
2025-10-08 11:54:15.9823: Enviando e-mail...
2025-10-08 11:54:15.9823: Iniciando rotina de sincronização da venda 3906...
2025-10-08 11:54:15.9823: Todas as rotinas da venda 3906 foram concluídas com sucesso!
2025-10-08 11:54:16.0474: Calculando totais da venda...
2025-10-08 12:01:58.7818: Calculando totais da venda...
2025-10-08 12:02:06.0457: Validando desconto atribuído ao cliente...
2025-10-08 12:03:11.1494: Validando desconto atribuído ao cliente...
2025-10-08 12:03:44.3894: Iniciando finalização da venda Id 3907...
2025-10-08 12:03:44.3894: Verificando repique de troco...
2025-10-08 12:03:44.3894: Calculando totais da venda...
2025-10-08 12:03:45.9442: Aguarde, estamos realizando a emissão da NFC-e...
2025-10-08 12:03:46.0328: Validando NFC-e...
2025-10-08 12:03:46.0398: Tipo de emissão NFC-e: NORMAL
2025-10-08 12:03:46.0398: Gerando XML de NFC-e...
2025-10-08 12:03:46.0398: Realizando conversão da venda para XML...
2025-10-08 12:03:46.0398: Conversão realizada com sucesso para a NFC-e id: NFe42251029005632000391650010000133801701295818
2025-10-08 12:03:46.0398: Assinando XML...
2025-10-08 12:03:46.1428: XML assinado com sucesso!
2025-10-08 12:03:46.1428: Enviando NFC-e para a SEFAZ...
2025-10-08 12:03:46.8979: Retorno da SEFAZ: 100 - Autorizado o uso da NF-e
2025-10-08 12:03:46.8999: Numeração de NFC-e atualizada para Nr. 13381
2025-10-08 12:03:46.8999: Finalizando Venda e validando NF emitida...
2025-10-08 12:03:47.7492: Venda finalizada com sucesso!
2025-10-08 12:03:47.7492: Realizando rotinas pós-venda...
2025-10-08 12:03:47.7492: Enviando e-mail...
2025-10-08 12:03:47.7492: Iniciando rotina de sincronização da venda 3907...
2025-10-08 12:03:47.7492: Todas as rotinas da venda 3907 foram concluídas com sucesso!
2025-10-08 12:03:47.7492: Imprimindo DANFe...
2025-10-08 12:03:47.8282: Calculando totais da venda...
2025-10-08 12:08:45.9073: Iniciando rotina de sincronização da venda 3908...
2025-10-08 12:35:00.9117: Calculando totais da venda...
2025-10-08 13:17:21.8125: Calculando totais da venda...
2025-10-08 13:17:27.3650: Calculando totais da venda...
2025-10-08 14:18:23.4440: Calculando totais da venda...
2025-10-08 14:18:31.7304: Validando desconto atribuído ao cliente...
2025-10-08 14:18:53.9687: Calculando totais da venda...
2025-10-08 14:19:05.5518: Iniciando finalização da venda Id 3910...
2025-10-08 14:19:05.5518: Verificando repique de troco...
2025-10-08 14:19:05.5518: Calculando totais da venda...
2025-10-08 14:19:07.4860: Finalizando Venda não fiscal...
2025-10-08 14:19:07.9730: Venda finalizada com sucesso!
2025-10-08 14:19:07.9730: Realizando rotinas pós-venda...
2025-10-08 14:19:07.9730: Enviando e-mail...
2025-10-08 14:19:07.9770: Iniciando rotina de sincronização da venda 3910...
2025-10-08 14:19:07.9770: Todas as rotinas da venda 3910 foram concluídas com sucesso!
2025-10-08 14:19:08.0540: Calculando totais da venda...
2025-10-08 14:21:19.5512: Calculando totais da venda...
2025-10-08 14:22:03.7988: Iniciando finalização da venda Id 3909...
2025-10-08 14:22:03.7988: Verificando repique de troco...
2025-10-08 14:22:03.7988: Calculando totais da venda...
2025-10-08 14:22:04.6914: Aguarde, estamos realizando a emissão da NFC-e...
2025-10-08 14:22:04.7852: Validando NFC-e...
2025-10-08 14:22:04.7922: Tipo de emissão NFC-e: NORMAL
2025-10-08 14:22:04.7922: Gerando XML de NFC-e...
2025-10-08 14:22:04.8188: Realizando conversão da venda para XML...
2025-10-08 14:22:04.8483: Conversão realizada com sucesso para a NFC-e id: NFe42251029005632000391650010000133811633318029
2025-10-08 14:22:04.8633: Assinando XML...
2025-10-08 14:22:05.2551: XML assinado com sucesso!
2025-10-08 14:22:05.2551: Enviando NFC-e para a SEFAZ...
2025-10-08 14:22:05.7488: Retorno da SEFAZ: 100 - Autorizado o uso da NF-e
2025-10-08 14:22:05.7488: Numeração de NFC-e atualizada para Nr. 13382
2025-10-08 14:22:05.7488: Finalizando Venda e validando NF emitida...
2025-10-08 14:22:05.7849: Venda finalizada com sucesso!
2025-10-08 14:22:05.7849: Realizando rotinas pós-venda...
2025-10-08 14:22:05.7849: Enviando e-mail...
2025-10-08 14:22:05.7899: Iniciando rotina de sincronização da venda 3909...
2025-10-08 14:22:05.7899: Todas as rotinas da venda 3909 foram concluídas com sucesso!
2025-10-08 14:22:05.7899: Imprimindo DANFe...
2025-10-08 14:22:05.8799: Calculando totais da venda...
2025-10-08 14:41:05.7278: Calculando totais da venda...
2025-10-08 14:41:17.7108: Iniciando finalização da venda Id 3911...
2025-10-08 14:41:17.7108: Verificando repique de troco...
2025-10-08 14:41:17.7108: Calculando totais da venda...
2025-10-08 14:41:19.0959: Aguarde, estamos realizando a emissão da NFC-e...
2025-10-08 14:41:19.2008: Validando NFC-e...
2025-10-08 14:41:19.2008: Tipo de emissão NFC-e: NORMAL
2025-10-08 14:41:19.2008: Gerando XML de NFC-e...
2025-10-08 14:41:19.2008: Realizando conversão da venda para XML...
2025-10-08 14:41:19.2208: Conversão realizada com sucesso para a NFC-e id: NFe42251029005632000391650010000133821881454965
2025-10-08 14:41:19.2208: Assinando XML...
2025-10-08 14:41:19.3318: XML assinado com sucesso!
2025-10-08 14:41:19.3318: Enviando NFC-e para a SEFAZ...
2025-10-08 14:41:19.9026: Retorno da SEFAZ: 100 - Autorizado o uso da NF-e
2025-10-08 14:41:19.9026: Numeração de NFC-e atualizada para Nr. 13383
2025-10-08 14:41:19.9026: Finalizando Venda e validando NF emitida...
2025-10-08 14:41:20.4096: Venda finalizada com sucesso!
2025-10-08 14:41:20.4096: Realizando rotinas pós-venda...
2025-10-08 14:41:20.4096: Enviando e-mail...
2025-10-08 14:41:20.4096: Iniciando rotina de sincronização da venda 3911...
2025-10-08 14:41:20.4096: Todas as rotinas da venda 3911 foram concluídas com sucesso!
2025-10-08 14:41:20.4146: Imprimindo DANFe...
2025-10-08 14:41:20.4976: Calculando totais da venda...
2025-10-08 14:53:50.1138: Calculando totais da venda...
2025-10-08 14:53:55.9058: Validando desconto atribuído ao cliente...
2025-10-08 14:54:05.2580: Iniciando finalização da venda Id 3912...
2025-10-08 14:54:05.2580: Verificando repique de troco...
2025-10-08 14:54:05.2580: Calculando totais da venda...
2025-10-08 14:54:06.4827: Finalizando Venda não fiscal...
2025-10-08 14:54:06.9560: Venda finalizada com sucesso!
2025-10-08 14:54:06.9560: Realizando rotinas pós-venda...
2025-10-08 14:54:06.9560: Enviando e-mail...
2025-10-08 14:54:06.9560: Iniciando rotina de sincronização da venda 3912...
2025-10-08 14:54:06.9560: Todas as rotinas da venda 3912 foram concluídas com sucesso!
2025-10-08 14:54:07.0390: Calculando totais da venda...
2025-10-08 15:20:27.8033: Calculando totais da venda...
2025-10-08 15:20:32.9112: Validando desconto atribuído ao cliente...
2025-10-08 15:22:06.4386: Calculando totais da venda...
2025-10-08 15:22:15.4876: Validando desconto atribuído ao cliente...
2025-10-08 15:22:20.8796: Iniciando finalização da venda Id 3913...
2025-10-08 15:22:20.8796: Verificando repique de troco...
2025-10-08 15:22:20.8796: Calculando totais da venda...
2025-10-08 15:22:23.4838: Aguarde, estamos realizando a emissão da NFC-e...
2025-10-08 15:22:23.5941: Validando NFC-e...
2025-10-08 15:22:23.6051: Tipo de emissão NFC-e: NORMAL
2025-10-08 15:22:23.6051: Gerando XML de NFC-e...
2025-10-08 15:22:23.6321: Realizando conversão da venda para XML...
2025-10-08 15:22:23.6971: Conversão realizada com sucesso para a NFC-e id: NFe42251029005632000391650010000133831479320434
2025-10-08 15:22:23.7301: Assinando XML...
2025-10-08 15:22:24.0581: XML assinado com sucesso!
2025-10-08 15:22:24.0581: Enviando NFC-e para a SEFAZ...
2025-10-08 15:22:24.8263: Retorno da SEFAZ: 100 - Autorizado o uso da NF-e
2025-10-08 15:22:24.8263: Numeração de NFC-e atualizada para Nr. 13384
2025-10-08 15:22:24.8443: Finalizando Venda e validando NF emitida...
2025-10-08 15:22:25.2987: Venda finalizada com sucesso!
2025-10-08 15:22:25.2987: Realizando rotinas pós-venda...
2025-10-08 15:22:25.2987: Enviando e-mail...
2025-10-08 15:22:25.2987: Iniciando rotina de sincronização da venda 3913...
2025-10-08 15:22:25.2987: Todas as rotinas da venda 3913 foram concluídas com sucesso!
2025-10-08 15:22:25.2987: Imprimindo DANFe...
2025-10-08 15:22:25.3846: Calculando totais da venda...
2025-10-08 15:22:53.4907: Cancelando NFC-e id: 42251029005632000391650010000133831479320434
2025-10-08 15:22:53.8628: Retorno da SEFAZ: 135 - Evento registrado e vinculado a NF-e
2025-10-08 15:22:53.9348: Iniciando rotina de sincronização da venda 3913...
2025-10-08 15:23:11.2062: Calculando totais da venda...
2025-10-08 15:23:19.1183: Validando desconto atribuído ao cliente...
2025-10-08 15:23:26.9821: Validando desconto atribuído ao cliente...
2025-10-08 15:23:33.6786: Validando desconto atribuído ao cliente...
2025-10-08 15:23:40.3498: Iniciando finalização da venda Id 3914...
2025-10-08 15:23:40.3498: Verificando repique de troco...
2025-10-08 15:23:40.3518: Calculando totais da venda...
2025-10-08 15:23:41.2188: Aguarde, estamos realizando a emissão da NFC-e...
2025-10-08 15:23:41.3088: Validando NFC-e...
2025-10-08 15:23:41.3088: Tipo de emissão NFC-e: NORMAL
2025-10-08 15:23:41.3088: Gerando XML de NFC-e...
2025-10-08 15:23:41.3088: Realizando conversão da venda para XML...
2025-10-08 15:23:41.3368: Conversão realizada com sucesso para a NFC-e id: NFe42251029005632000391650010000133841912109428
2025-10-08 15:23:41.3368: Assinando XML...
2025-10-08 15:23:41.4278: XML assinado com sucesso!
2025-10-08 15:23:41.4278: Enviando NFC-e para a SEFAZ...
2025-10-08 15:23:41.7073: Retorno da SEFAZ: 100 - Autorizado o uso da NF-e
2025-10-08 15:23:41.7073: Numeração de NFC-e atualizada para Nr. 13385
2025-10-08 15:23:41.7213: Finalizando Venda e validando NF emitida...
2025-10-08 15:23:41.7463: Venda finalizada com sucesso!
2025-10-08 15:23:41.7463: Realizando rotinas pós-venda...
2025-10-08 15:23:41.7463: Enviando e-mail...
2025-10-08 15:23:41.7463: Iniciando rotina de sincronização da venda 3914...
2025-10-08 15:23:41.7463: Todas as rotinas da venda 3914 foram concluídas com sucesso!
2025-10-08 15:23:41.7463: Imprimindo DANFe...
2025-10-08 15:23:41.8463: Calculando totais da venda...
2025-10-08 15:33:02.0191: Calculando totais da venda...
2025-10-08 15:33:08.5863: Iniciando finalização da venda Id 3915...
2025-10-08 15:33:08.5863: Verificando repique de troco...
2025-10-08 15:33:08.5863: Calculando totais da venda...
2025-10-08 15:33:14.0282: Finalizando Venda não fiscal...
2025-10-08 15:33:14.5002: Venda finalizada com sucesso!
2025-10-08 15:33:14.5002: Realizando rotinas pós-venda...
2025-10-08 15:33:14.5002: Enviando e-mail...
2025-10-08 15:33:14.5002: Iniciando rotina de sincronização da venda 3915...
2025-10-08 15:33:14.5002: Todas as rotinas da venda 3915 foram concluídas com sucesso!
2025-10-08 15:33:14.5820: Calculando totais da venda...
2025-10-08 15:42:16.4706: Calculando totais da venda...
2025-10-08 15:45:11.2780: Calculando totais da venda...
2025-10-08 15:45:21.9732: Iniciando finalização da venda Id 3916...
2025-10-08 15:45:21.9732: Verificando repique de troco...
2025-10-08 15:45:21.9732: Calculando totais da venda...
2025-10-08 15:45:24.2700: Aguarde, estamos realizando a emissão da NFC-e...
2025-10-08 15:45:24.5370: Validando NFC-e...
2025-10-08 15:45:24.5530: Tipo de emissão NFC-e: NORMAL
2025-10-08 15:45:24.5530: Gerando XML de NFC-e...
2025-10-08 15:45:24.5590: Realizando conversão da venda para XML...
2025-10-08 15:45:24.5590: Conversão realizada com sucesso para a NFC-e id: NFe42251029005632000391650010000133851355977290
2025-10-08 15:45:24.5750: Assinando XML...
2025-10-08 15:45:25.2710: XML assinado com sucesso!
2025-10-08 15:45:25.2710: Enviando NFC-e para a SEFAZ...
2025-10-08 15:45:26.3800: Retorno da SEFAZ: 100 - Autorizado o uso da NF-e
2025-10-08 15:45:26.5677: Numeração de NFC-e atualizada para Nr. 13386
2025-10-08 15:45:26.7654: Finalizando Venda e validando NF emitida...
2025-10-08 15:45:27.3204: Venda finalizada com sucesso!
2025-10-08 15:45:27.3712: Realizando rotinas pós-venda...
2025-10-08 15:45:27.4165: Enviando e-mail...
2025-10-08 15:45:27.4634: Iniciando rotina de sincronização da venda 3916...
2025-10-08 15:45:27.4634: Todas as rotinas da venda 3916 foram concluídas com sucesso!
2025-10-08 15:45:27.4634: Imprimindo DANFe...
2025-10-08 15:45:27.6196: Calculando totais da venda...
2025-10-08 16:03:34.0620: Iniciando rotina de sincronização de caixa...
2025-10-08 16:03:45.9241: Iniciando rotina de sincronização de caixa...
2025-10-08 16:07:47.7282: Iniciando rotina de sincronização de caixa...
2025-10-08 16:12:22.9152: Calculando totais da venda...
2025-10-08 16:13:17.4990: Iniciando finalização da venda Id 3917...
2025-10-08 16:13:17.4990: Verificando repique de troco...
2025-10-08 16:13:17.5380: Calculando totais da venda...
2025-10-08 16:13:28.4360: Aguarde, estamos realizando a emissão da NFC-e...
2025-10-08 16:13:28.5711: Validando NFC-e...
2025-10-08 16:13:28.6251: Tipo de emissão NFC-e: NORMAL
2025-10-08 16:13:28.6251: Gerando XML de NFC-e...
2025-10-08 16:13:28.6351: Realizando conversão da venda para XML...
2025-10-08 16:13:28.6621: Conversão realizada com sucesso para a NFC-e id: NFe42251029005632000391650010000133861989868778
2025-10-08 16:13:28.6701: Assinando XML...
2025-10-08 16:13:29.1597: XML assinado com sucesso!
2025-10-08 16:13:29.1597: Enviando NFC-e para a SEFAZ...
2025-10-08 16:13:31.6011: Retorno da SEFAZ: 100 - Autorizado o uso da NF-e
2025-10-08 16:13:31.6648: Numeração de NFC-e atualizada para Nr. 13387
2025-10-08 16:13:31.7011: Finalizando Venda e validando NF emitida...
2025-10-08 16:13:32.1801: Venda finalizada com sucesso!
2025-10-08 16:13:32.2328: Realizando rotinas pós-venda...
2025-10-08 16:13:32.2328: Enviando e-mail...
2025-10-08 16:13:32.2328: Iniciando rotina de sincronização da venda 3917...
2025-10-08 16:13:32.2328: Todas as rotinas da venda 3917 foram concluídas com sucesso!
2025-10-08 16:13:32.2328: Imprimindo DANFe...
2025-10-08 16:13:32.4073: Calculando totais da venda...
2025-10-08 16:22:37.2958: Calculando totais da venda...
2025-10-08 16:25:31.0807: Calculando totais da venda...
2025-10-08 16:28:39.1483: Calculando totais da venda...
2025-10-08 16:28:46.7034: Calculando totais da venda...
2025-10-08 16:36:04.2195: Calculando totais da venda...
2025-10-08 16:37:20.9369: Iniciando finalização da venda Id 3919...
2025-10-08 16:37:20.9369: Verificando repique de troco...
2025-10-08 16:37:20.9369: Calculando totais da venda...
2025-10-08 16:37:22.2489: Aguarde, estamos realizando a emissão da NFC-e...
2025-10-08 16:37:22.3752: Validando NFC-e...
2025-10-08 16:37:22.3752: Tipo de emissão NFC-e: NORMAL
2025-10-08 16:37:22.3752: Gerando XML de NFC-e...
2025-10-08 16:37:22.3842: Realizando conversão da venda para XML...
2025-10-08 16:37:22.4032: Conversão realizada com sucesso para a NFC-e id: NFe42251029005632000391650010000133871873990302
2025-10-08 16:37:22.4032: Assinando XML...
2025-10-08 16:37:22.6642: XML assinado com sucesso!
2025-10-08 16:37:22.6642: Enviando NFC-e para a SEFAZ...
2025-10-08 16:37:23.2993: Retorno da SEFAZ: 100 - Autorizado o uso da NF-e
2025-10-08 16:37:23.2993: Numeração de NFC-e atualizada para Nr. 13388
2025-10-08 16:37:23.3133: Finalizando Venda e validando NF emitida...
2025-10-08 16:37:23.7800: Venda finalizada com sucesso!
2025-10-08 16:37:23.7800: Realizando rotinas pós-venda...
2025-10-08 16:37:23.7800: Enviando e-mail...
2025-10-08 16:37:23.7800: Iniciando rotina de sincronização da venda 3919...
2025-10-08 16:37:23.7800: Todas as rotinas da venda 3919 foram concluídas com sucesso!
2025-10-08 16:37:23.7800: Imprimindo DANFe...
2025-10-08 16:37:23.8670: Calculando totais da venda...
2025-10-08 16:59:31.4711: Calculando totais da venda...
2025-10-08 17:00:37.1065: Calculando totais da venda...
2025-10-08 17:13:04.9040: Calculando totais da venda...
2025-10-08 17:13:12.8196: Iniciando finalização da venda Id 3921...
2025-10-08 17:13:12.8206: Verificando repique de troco...
2025-10-08 17:13:12.8206: Calculando totais da venda...
2025-10-08 17:13:13.6480: Aguarde, estamos realizando a emissão da NFC-e...
2025-10-08 17:13:13.7570: Validando NFC-e...
2025-10-08 17:13:13.7730: Tipo de emissão NFC-e: NORMAL
2025-10-08 17:13:13.7740: Gerando XML de NFC-e...
2025-10-08 17:13:13.7950: Realizando conversão da venda para XML...
2025-10-08 17:13:13.8270: Conversão realizada com sucesso para a NFC-e id: NFe42251029005632000391650010000133881619114021
2025-10-08 17:13:13.8470: Assinando XML...
2025-10-08 17:13:14.1760: XML assinado com sucesso!
2025-10-08 17:13:14.1760: Enviando NFC-e para a SEFAZ...
2025-10-08 17:13:14.7533: Retorno da SEFAZ: 100 - Autorizado o uso da NF-e
2025-10-08 17:13:14.7667: Numeração de NFC-e atualizada para Nr. 13389
2025-10-08 17:13:14.7797: Finalizando Venda e validando NF emitida...
2025-10-08 17:13:14.8031: Venda finalizada com sucesso!
2025-10-08 17:13:14.8031: Realizando rotinas pós-venda...
2025-10-08 17:13:14.8061: Enviando e-mail...
2025-10-08 17:13:14.8061: Iniciando rotina de sincronização da venda 3921...
2025-10-08 17:13:14.8061: Todas as rotinas da venda 3921 foram concluídas com sucesso!
2025-10-08 17:13:14.8061: Imprimindo DANFe...
2025-10-08 17:13:14.9091: Calculando totais da venda...
2025-10-08 17:17:55.5055: Calculando totais da venda...
2025-10-08 17:18:48.4565: Iniciando finalização da venda Id 3922...
2025-10-08 17:18:48.4565: Verificando repique de troco...
2025-10-08 17:18:48.4565: Calculando totais da venda...
2025-10-08 17:18:50.0484: Aguarde, estamos realizando a emissão da NFC-e...
2025-10-08 17:18:50.1481: Validando NFC-e...
2025-10-08 17:18:50.1512: Tipo de emissão NFC-e: NORMAL
2025-10-08 17:18:50.1512: Gerando XML de NFC-e...
2025-10-08 17:18:50.1512: Realizando conversão da venda para XML...
2025-10-08 17:18:50.1642: Conversão realizada com sucesso para a NFC-e id: NFe42251029005632000391650010000133891261767488
2025-10-08 17:18:50.1642: Assinando XML...
2025-10-08 17:18:50.2771: XML assinado com sucesso!
2025-10-08 17:18:50.2771: Enviando NFC-e para a SEFAZ...
2025-10-08 17:18:59.3307: Retorno da SEFAZ: 100 - Autorizado o uso da NF-e
2025-10-08 17:18:59.3307: Numeração de NFC-e atualizada para Nr. 13390
2025-10-08 17:18:59.3397: Finalizando Venda e validando NF emitida...
2025-10-08 17:18:59.8253: Venda finalizada com sucesso!
2025-10-08 17:18:59.8253: Realizando rotinas pós-venda...
2025-10-08 17:18:59.8253: Enviando e-mail...
2025-10-08 17:18:59.8253: Iniciando rotina de sincronização da venda 3922...
2025-10-08 17:18:59.8253: Todas as rotinas da venda 3922 foram concluídas com sucesso!
2025-10-08 17:18:59.8253: Imprimindo DANFe...
2025-10-08 17:18:59.9379: Calculando totais da venda...
2025-10-08 17:22:23.2003: Calculando totais da venda...
2025-10-08 17:24:47.1670: Calculando totais da venda...
2025-10-08 17:24:54.8620: Iniciando finalização da venda Id 3923...
2025-10-08 17:24:54.8620: Verificando repique de troco...
2025-10-08 17:24:54.8620: Calculando totais da venda...
2025-10-08 17:25:57.9621: Aguarde, estamos realizando a emissão da NFC-e...
2025-10-08 17:25:58.0563: Validando NFC-e...
2025-10-08 17:25:58.0563: Tipo de emissão NFC-e: NORMAL
2025-10-08 17:25:58.0563: Gerando XML de NFC-e...
2025-10-08 17:25:58.0563: Realizando conversão da venda para XML...
2025-10-08 17:25:58.0793: Conversão realizada com sucesso para a NFC-e id: NFe42251029005632000391650010000133901326048163
2025-10-08 17:25:58.0903: Assinando XML...
2025-10-08 17:25:58.2113: XML assinado com sucesso!
2025-10-08 17:25:58.2113: Enviando NFC-e para a SEFAZ...
2025-10-08 17:25:58.9093: Retorno da SEFAZ: 100 - Autorizado o uso da NF-e
2025-10-08 17:25:58.9243: Numeração de NFC-e atualizada para Nr. 13391
2025-10-08 17:25:58.9593: Finalizando Venda e validando NF emitida...
2025-10-08 17:25:59.4913: Venda finalizada com sucesso!
2025-10-08 17:25:59.4913: Realizando rotinas pós-venda...
2025-10-08 17:25:59.5009: Enviando e-mail...
2025-10-08 17:25:59.5009: Iniciando rotina de sincronização da venda 3923...
2025-10-08 17:25:59.5009: Todas as rotinas da venda 3923 foram concluídas com sucesso!
2025-10-08 17:25:59.5083: Imprimindo DANFe...
2025-10-08 17:25:59.5659: Calculando totais da venda...
2025-10-08 17:29:22.1418: Calculando totais da venda...
2025-10-08 17:29:37.9972: Iniciando finalização da venda Id 3924...
2025-10-08 17:29:37.9972: Verificando repique de troco...
2025-10-08 17:29:37.9972: Calculando totais da venda...
2025-10-08 17:29:39.3632: Aguarde, estamos realizando a emissão da NFC-e...
2025-10-08 17:29:39.4612: Validando NFC-e...
2025-10-08 17:29:39.4612: Tipo de emissão NFC-e: NORMAL
2025-10-08 17:29:39.4612: Gerando XML de NFC-e...
2025-10-08 17:29:39.4612: Realizando conversão da venda para XML...
2025-10-08 17:29:39.4862: Conversão realizada com sucesso para a NFC-e id: NFe42251029005632000391650010000133911850075180
2025-10-08 17:29:39.4862: Assinando XML...
2025-10-08 17:29:39.5982: XML assinado com sucesso!
2025-10-08 17:29:39.5982: Enviando NFC-e para a SEFAZ...
2025-10-08 17:29:40.1758: Retorno da SEFAZ: 100 - Autorizado o uso da NF-e
2025-10-08 17:29:40.1758: Numeração de NFC-e atualizada para Nr. 13392
2025-10-08 17:29:40.1878: Finalizando Venda e validando NF emitida...
2025-10-08 17:29:40.6538: Venda finalizada com sucesso!
2025-10-08 17:29:40.6538: Realizando rotinas pós-venda...
2025-10-08 17:29:40.6538: Enviando e-mail...
2025-10-08 17:29:40.6538: Iniciando rotina de sincronização da venda 3924...
2025-10-08 17:29:40.6538: Todas as rotinas da venda 3924 foram concluídas com sucesso!
2025-10-08 17:29:40.6538: Imprimindo DANFe...
2025-10-08 17:29:40.7428: Calculando totais da venda...
2025-10-08 17:32:02.9312: Calculando totais da venda...
2025-10-08 17:32:09.2912: Validando desconto atribuído ao cliente...
2025-10-08 17:32:13.3634: Iniciando finalização da venda Id 3920...
2025-10-08 17:32:13.3634: Verificando repique de troco...
2025-10-08 17:32:13.3634: Calculando totais da venda...
2025-10-08 17:32:14.6131: Finalizando Venda não fiscal...
2025-10-08 17:32:14.6491: Venda finalizada com sucesso!
2025-10-08 17:32:14.6641: Realizando rotinas pós-venda...
2025-10-08 17:32:14.6641: Enviando e-mail...
2025-10-08 17:32:14.6641: Iniciando rotina de sincronização da venda 3920...
2025-10-08 17:32:14.6641: Todas as rotinas da venda 3920 foram concluídas com sucesso!
2025-10-08 17:32:14.7321: Calculando totais da venda...
2025-10-08 17:42:30.4828: Calculando totais da venda...
2025-10-08 17:44:44.0362: Calculando totais da venda...
2025-10-08 17:51:21.4846: Calculando totais da venda...
2025-10-08 17:51:28.7805: Validando desconto atribuído ao cliente...
2025-10-08 18:04:46.0949: Calculando totais da venda...
2025-10-08 18:05:19.0387: Calculando totais da venda...
2025-10-08 18:45:59.6495: Iniciando rotina de sincronização da venda 3926...
2025-10-08 18:50:46.5254: Calculando totais da venda...
2025-10-08 18:51:33.4702: Validando desconto atribuído ao cliente...
2025-10-08 18:52:43.0283: Iniciando finalização da venda Id 3927...
2025-10-08 18:52:43.0283: Verificando repique de troco...
2025-10-08 18:52:43.0283: Calculando totais da venda...
2025-10-08 18:52:45.4585: Finalizando Venda não fiscal...
2025-10-08 18:52:45.9165: Venda finalizada com sucesso!
2025-10-08 18:52:45.9165: Realizando rotinas pós-venda...
2025-10-08 18:52:45.9165: Enviando e-mail...
2025-10-08 18:52:45.9165: Iniciando rotina de sincronização da venda 3927...
2025-10-08 18:52:45.9165: Todas as rotinas da venda 3927 foram concluídas com sucesso!
2025-10-08 18:52:46.0302: Calculando totais da venda...
2025-10-08 18:58:31.0426: Calculando totais da venda...
2025-10-08 18:58:49.0429: Validando desconto atribuído ao cliente...
2025-10-08 18:59:02.6578: Calculando totais da venda...
2025-10-08 18:59:12.7607: Iniciando finalização da venda Id 3925...
2025-10-08 18:59:12.7607: Verificando repique de troco...
2025-10-08 18:59:12.7607: Calculando totais da venda...
2025-10-08 18:59:13.7667: Aguarde, estamos realizando a emissão da NFC-e...
2025-10-08 18:59:13.8586: Validando NFC-e...
2025-10-08 18:59:13.8676: Tipo de emissão NFC-e: NORMAL
2025-10-08 18:59:13.8676: Gerando XML de NFC-e...
2025-10-08 18:59:13.8936: Realizando conversão da venda para XML...
2025-10-08 18:59:13.9176: Conversão realizada com sucesso para a NFC-e id: NFe42251029005632000391650010000133921797026733
2025-10-08 18:59:13.9356: Assinando XML...
2025-10-08 18:59:14.2616: XML assinado com sucesso!
2025-10-08 18:59:14.2616: Enviando NFC-e para a SEFAZ...
2025-10-08 18:59:24.0368: Retorno da SEFAZ: 100 - Autorizado o uso da NF-e
2025-10-08 18:59:24.0468: Numeração de NFC-e atualizada para Nr. 13393
2025-10-08 18:59:24.0678: Finalizando Venda e validando NF emitida...
2025-10-08 18:59:24.0978: Venda finalizada com sucesso!
2025-10-08 18:59:24.0978: Realizando rotinas pós-venda...
2025-10-08 18:59:24.0978: Enviando e-mail...
2025-10-08 18:59:24.2237: Calculando totais da venda...
2025-10-08 18:59:25.9007: Iniciando rotina de sincronização da venda 3925...
2025-10-08 18:59:25.9007: Todas as rotinas da venda 3925 foram concluídas com sucesso!
2025-10-08 18:59:25.9007: Imprimindo DANFe...
2025-10-08 19:00:40.2492: Calculando totais da venda...
2025-10-08 19:00:46.5041: Iniciando finalização da venda Id 3928...
2025-10-08 19:00:46.5041: Verificando repique de troco...
2025-10-08 19:00:46.5041: Calculando totais da venda...
2025-10-08 19:00:47.4061: Aguarde, estamos realizando a emissão da NFC-e...
2025-10-08 19:00:47.4924: Validando NFC-e...
2025-10-08 19:00:47.4924: Tipo de emissão NFC-e: NORMAL
2025-10-08 19:00:47.4924: Gerando XML de NFC-e...
2025-10-08 19:00:47.4924: Realizando conversão da venda para XML...
2025-10-08 19:00:47.5113: Conversão realizada com sucesso para a NFC-e id: NFe42251029005632000391650010000133931945010314
2025-10-08 19:00:47.5113: Assinando XML...
2025-10-08 19:00:47.5923: XML assinado com sucesso!
2025-10-08 19:00:47.5923: Enviando NFC-e para a SEFAZ...
2025-10-08 19:00:58.7171: Retorno da SEFAZ: 100 - Autorizado o uso da NF-e
2025-10-08 19:00:58.7171: Numeração de NFC-e atualizada para Nr. 13394
2025-10-08 19:00:58.7281: Finalizando Venda e validando NF emitida...
2025-10-08 19:00:58.7881: Venda finalizada com sucesso!
2025-10-08 19:00:58.7891: Realizando rotinas pós-venda...
2025-10-08 19:00:58.7891: Enviando e-mail...
2025-10-08 19:00:58.7891: Iniciando rotina de sincronização da venda 3928...
2025-10-08 19:00:58.7891: Todas as rotinas da venda 3928 foram concluídas com sucesso!
2025-10-08 19:00:58.7891: Imprimindo DANFe...
2025-10-08 19:00:58.8771: Calculando totais da venda...
2025-10-08 19:06:17.8716: Calculando totais da venda...
2025-10-08 19:06:22.0059: Iniciando finalização da venda Id 3929...
2025-10-08 19:06:22.0059: Verificando repique de troco...
2025-10-08 19:06:22.0079: Calculando totais da venda...
2025-10-08 19:06:22.8783: Aguarde, estamos realizando a emissão da NFC-e...
2025-10-08 19:06:22.9693: Validando NFC-e...
2025-10-08 19:06:22.9693: Tipo de emissão NFC-e: NORMAL
2025-10-08 19:06:22.9773: Gerando XML de NFC-e...
2025-10-08 19:06:22.9773: Realizando conversão da venda para XML...
2025-10-08 19:06:22.9773: Conversão realizada com sucesso para a NFC-e id: NFe42251029005632000391650010000133941732746051
2025-10-08 19:06:22.9923: Assinando XML...
2025-10-08 19:06:23.1053: XML assinado com sucesso!
2025-10-08 19:06:23.1053: Enviando NFC-e para a SEFAZ...
2025-10-08 19:06:23.4922: Retorno da SEFAZ: 100 - Autorizado o uso da NF-e
2025-10-08 19:06:23.4922: Numeração de NFC-e atualizada para Nr. 13395
2025-10-08 19:06:23.4922: Finalizando Venda e validando NF emitida...
2025-10-08 19:06:23.5362: Venda finalizada com sucesso!
2025-10-08 19:06:23.5362: Realizando rotinas pós-venda...
2025-10-08 19:06:23.5552: Enviando e-mail...
2025-10-08 19:06:23.5552: Iniciando rotina de sincronização da venda 3929...
2025-10-08 19:06:23.5552: Todas as rotinas da venda 3929 foram concluídas com sucesso!
2025-10-08 19:06:23.5552: Imprimindo DANFe...
2025-10-08 19:06:23.8502: Calculando totais da venda...
2025-10-08 19:38:06.9152: Calculando totais da venda...
2025-10-08 19:38:17.9858: Iniciando finalização da venda Id 3889...
2025-10-08 19:38:17.9858: Verificando repique de troco...
2025-10-08 19:38:17.9858: Calculando totais da venda...
2025-10-08 19:38:18.9692: Aguarde, estamos realizando a emissão da NFC-e...
2025-10-08 19:38:19.1122: Validando NFC-e...
2025-10-08 19:38:19.1122: Tipo de emissão NFC-e: NORMAL
2025-10-08 19:38:19.1172: Gerando XML de NFC-e...
2025-10-08 19:38:19.1172: Realizando conversão da venda para XML...
2025-10-08 19:38:19.1342: Conversão realizada com sucesso para a NFC-e id: NFe42251029005632000391650010000133951475552870
2025-10-08 19:38:19.1342: Assinando XML...
2025-10-08 19:38:19.3622: XML assinado com sucesso!
2025-10-08 19:38:19.3622: Enviando NFC-e para a SEFAZ...
2025-10-08 19:38:19.7065: Retorno da SEFAZ: 100 - Autorizado o uso da NF-e
2025-10-08 19:38:19.7125: Numeração de NFC-e atualizada para Nr. 13396
2025-10-08 19:38:19.7303: Finalizando Venda e validando NF emitida...
2025-10-08 19:38:19.7591: Venda finalizada com sucesso!
2025-10-08 19:38:19.7591: Realizando rotinas pós-venda...
2025-10-08 19:38:19.7591: Enviando e-mail...
2025-10-08 19:38:19.7591: Iniciando rotina de sincronização da venda 3889...
2025-10-08 19:38:19.7591: Todas as rotinas da venda 3889 foram concluídas com sucesso!
2025-10-08 19:38:19.7591: Imprimindo DANFe...
2025-10-08 19:38:19.8711: Calculando totais da venda...
2025-10-08 20:07:23.3271: Iniciando rotina de sincronização de caixa...
