2025-10-13 08:02:23.1262: Verificando versão para atualização de PDV.
2025-10-13 08:02:23.5302: Atualização
2025-10-13 08:02:39.8745: Iniciando rotina de sincronização de caixa...
2025-10-13 08:04:52.7103: Iniciando rotina de sincronização de caixa...
2025-10-13 08:05:22.6172: Iniciando rotina de sincronização de caixa...
2025-10-13 08:44:17.7669: Calculando totais da venda...
2025-10-13 08:46:18.8774: Iniciando finalização da venda Id 4003...
2025-10-13 08:46:18.8774: Verificando repique de troco...
2025-10-13 08:46:18.8774: Calculando totais da venda...
2025-10-13 08:46:20.9029: Aguarde, estamos realizando a emissão da NFC-e...
2025-10-13 08:46:21.0041: Validando NFC-e...
2025-10-13 08:46:21.0341: Tipo de emissão NFC-e: NORMAL
2025-10-13 08:46:21.0341: Gerando XML de NFC-e...
2025-10-13 08:46:21.0441: Realizando conversão da venda para XML...
2025-10-13 08:46:21.1341: Conversão realizada com sucesso para a NFC-e id: NFe42251029005632000391650010000134491473306425
2025-10-13 08:46:21.5007: Assinando XML...
2025-10-13 08:46:22.2471: XML assinado com sucesso!
2025-10-13 08:46:22.2471: Enviando NFC-e para a SEFAZ...
2025-10-13 08:46:26.9082: Retorno da SEFAZ: 100 - Autorizado o uso da NF-e
2025-10-13 08:46:26.9082: Numeração de NFC-e atualizada para Nr. 13450
2025-10-13 08:46:26.9202: Finalizando Venda e validando NF emitida...
2025-10-13 08:46:27.3252: Venda finalizada com sucesso!
2025-10-13 08:46:27.3252: Realizando rotinas pós-venda...
2025-10-13 08:46:27.3578: Enviando e-mail...
2025-10-13 08:46:27.3578: Iniciando rotina de sincronização da venda 4003...
2025-10-13 08:46:27.3578: Todas as rotinas da venda 4003 foram concluídas com sucesso!
2025-10-13 08:46:27.3725: Imprimindo DANFe...
2025-10-13 08:46:27.5860: Calculando totais da venda...
2025-10-13 08:56:51.4232: Calculando totais da venda...
2025-10-13 08:56:55.7501: Iniciando finalização da venda Id 4004...
2025-10-13 08:56:55.7501: Verificando repique de troco...
2025-10-13 08:56:55.7501: Calculando totais da venda...
2025-10-13 08:57:04.0871: Aguarde, estamos realizando a emissão da NFC-e...
2025-10-13 08:57:04.1957: Validando NFC-e...
2025-10-13 08:57:04.2047: Tipo de emissão NFC-e: NORMAL
2025-10-13 08:57:04.2047: Gerando XML de NFC-e...
2025-10-13 08:57:04.2047: Realizando conversão da venda para XML...
2025-10-13 08:57:04.2187: Conversão realizada com sucesso para a NFC-e id: NFe42251029005632000391650010000134501881454967
2025-10-13 08:57:04.2187: Assinando XML...
2025-10-13 08:57:04.2987: XML assinado com sucesso!
2025-10-13 08:57:04.2987: Enviando NFC-e para a SEFAZ...
2025-10-13 08:57:04.5449: Retorno da SEFAZ: 100 - Autorizado o uso da NF-e
2025-10-13 08:57:04.5449: Numeração de NFC-e atualizada para Nr. 13451
2025-10-13 08:57:04.5449: Finalizando Venda e validando NF emitida...
2025-10-13 08:57:04.5778: Venda finalizada com sucesso!
2025-10-13 08:57:04.5778: Realizando rotinas pós-venda...
2025-10-13 08:57:04.5778: Enviando e-mail...
2025-10-13 08:57:04.5778: Iniciando rotina de sincronização da venda 4004...
2025-10-13 08:57:04.5778: Todas as rotinas da venda 4004 foram concluídas com sucesso!
2025-10-13 08:57:04.5778: Imprimindo DANFe...
2025-10-13 08:57:04.6276: Calculando totais da venda...
2025-10-13 09:19:58.4582: Calculando totais da venda...
2025-10-13 09:32:04.3801: Calculando totais da venda...
2025-10-13 10:27:34.5200: Calculando totais da venda...
2025-10-13 10:27:46.4474: Iniciando finalização da venda Id 4007...
2025-10-13 10:27:46.4484: Verificando repique de troco...
2025-10-13 10:27:46.4484: Calculando totais da venda...
2025-10-13 10:27:49.2160: Aguarde, estamos realizando a emissão da NFC-e...
2025-10-13 10:27:49.3192: Validando NFC-e...
2025-10-13 10:27:49.3242: Tipo de emissão NFC-e: NORMAL
2025-10-13 10:27:49.3242: Gerando XML de NFC-e...
2025-10-13 10:27:49.3242: Realizando conversão da venda para XML...
2025-10-13 10:27:49.3242: Conversão realizada com sucesso para a NFC-e id: NFe42251029005632000391650010000134511603388904
2025-10-13 10:27:49.3402: Assinando XML...
2025-10-13 10:27:49.4432: XML assinado com sucesso!
2025-10-13 10:27:49.4432: Enviando NFC-e para a SEFAZ...
2025-10-13 10:27:49.9948: Retorno da SEFAZ: 100 - Autorizado o uso da NF-e
2025-10-13 10:27:49.9968: Numeração de NFC-e atualizada para Nr. 13452
2025-10-13 10:27:49.9968: Finalizando Venda e validando NF emitida...
2025-10-13 10:27:50.4020: Venda finalizada com sucesso!
2025-10-13 10:27:50.4020: Realizando rotinas pós-venda...
2025-10-13 10:27:50.4020: Enviando e-mail...
2025-10-13 10:27:50.4020: Iniciando rotina de sincronização da venda 4007...
2025-10-13 10:27:50.4020: Todas as rotinas da venda 4007 foram concluídas com sucesso!
2025-10-13 10:27:50.4020: Imprimindo DANFe...
2025-10-13 10:27:50.4515: Calculando totais da venda...
2025-10-13 11:34:23.8937: Calculando totais da venda...
2025-10-13 11:34:36.1480: Calculando totais da venda...
2025-10-13 11:34:45.3159: Iniciando finalização da venda Id 4008...
2025-10-13 11:34:45.3159: Verificando repique de troco...
2025-10-13 11:34:45.3159: Calculando totais da venda...
2025-10-13 11:35:14.9293: Aguarde, estamos realizando a emissão da NFC-e...
2025-10-13 11:35:15.0311: Validando NFC-e...
2025-10-13 11:35:15.0311: Tipo de emissão NFC-e: NORMAL
2025-10-13 11:35:15.0311: Gerando XML de NFC-e...
2025-10-13 11:35:15.0311: Realizando conversão da venda para XML...
2025-10-13 11:35:15.0521: Conversão realizada com sucesso para a NFC-e id: NFe42251029005632000391650010000134521231113035
2025-10-13 11:35:15.0521: Assinando XML...
2025-10-13 11:35:15.1511: XML assinado com sucesso!
2025-10-13 11:35:15.1521: Enviando NFC-e para a SEFAZ...
2025-10-13 11:35:15.7091: Retorno da SEFAZ: 100 - Autorizado o uso da NF-e
2025-10-13 11:35:15.7091: Numeração de NFC-e atualizada para Nr. 13453
2025-10-13 11:35:15.7211: Finalizando Venda e validando NF emitida...
2025-10-13 11:35:16.1261: Venda finalizada com sucesso!
2025-10-13 11:35:16.1261: Realizando rotinas pós-venda...
2025-10-13 11:35:16.1261: Enviando e-mail...
2025-10-13 11:35:16.1261: Iniciando rotina de sincronização da venda 4008...
2025-10-13 11:35:16.1261: Todas as rotinas da venda 4008 foram concluídas com sucesso!
2025-10-13 11:35:16.1261: Imprimindo DANFe...
2025-10-13 11:35:16.1754: Calculando totais da venda...
2025-10-13 11:42:25.1606: Calculando totais da venda...
2025-10-13 11:42:46.5515: Iniciando finalização da venda Id 4009...
2025-10-13 11:42:46.5515: Verificando repique de troco...
2025-10-13 11:42:46.5515: Calculando totais da venda...
2025-10-13 11:42:51.7184: Aguarde, estamos realizando a emissão da NFC-e...
2025-10-13 11:42:51.8161: Validando NFC-e...
2025-10-13 11:42:51.8161: Tipo de emissão NFC-e: NORMAL
2025-10-13 11:42:51.8161: Gerando XML de NFC-e...
2025-10-13 11:42:51.8241: Realizando conversão da venda para XML...
2025-10-13 11:42:51.8391: Conversão realizada com sucesso para a NFC-e id: NFe42251029005632000391650010000134531754414720
2025-10-13 11:42:51.8391: Assinando XML...
2025-10-13 11:42:51.9191: XML assinado com sucesso!
2025-10-13 11:42:51.9191: Enviando NFC-e para a SEFAZ...
2025-10-13 11:42:52.4618: Retorno da SEFAZ: 100 - Autorizado o uso da NF-e
2025-10-13 11:42:52.4618: Numeração de NFC-e atualizada para Nr. 13454
2025-10-13 11:42:52.4717: Finalizando Venda e validando NF emitida...
2025-10-13 11:42:52.8938: Venda finalizada com sucesso!
2025-10-13 11:42:52.8938: Realizando rotinas pós-venda...
2025-10-13 11:42:52.8938: Enviando e-mail...
2025-10-13 11:42:52.8938: Iniciando rotina de sincronização da venda 4009...
2025-10-13 11:42:52.8938: Todas as rotinas da venda 4009 foram concluídas com sucesso!
2025-10-13 11:42:52.8938: Imprimindo DANFe...
2025-10-13 11:42:52.9434: Calculando totais da venda...
2025-10-13 11:45:18.9754: Calculando totais da venda...
2025-10-13 11:45:36.0228: Iniciando finalização da venda Id 4010...
2025-10-13 11:45:36.0228: Verificando repique de troco...
2025-10-13 11:45:36.0228: Calculando totais da venda...
2025-10-13 11:58:28.6651: Iniciando finalização da venda Id 4010...
2025-10-13 11:58:28.6651: Verificando repique de troco...
2025-10-13 11:58:28.6671: Calculando totais da venda...
2025-10-13 11:58:30.7115: Aguarde, estamos realizando a emissão da NFC-e...
2025-10-13 11:58:30.8050: Validando NFC-e...
2025-10-13 11:58:30.8100: Tipo de emissão NFC-e: NORMAL
2025-10-13 11:58:30.8100: Gerando XML de NFC-e...
2025-10-13 11:58:30.8100: Realizando conversão da venda para XML...
2025-10-13 11:58:30.8100: Conversão realizada com sucesso para a NFC-e id: NFe42251029005632000391650010000134541512221332
2025-10-13 11:58:30.8280: Assinando XML...
2025-10-13 11:58:30.9060: XML assinado com sucesso!
2025-10-13 11:58:30.9060: Enviando NFC-e para a SEFAZ...
2025-10-13 11:58:33.7489: Retorno da SEFAZ: 100 - Autorizado o uso da NF-e
2025-10-13 11:58:33.7489: Numeração de NFC-e atualizada para Nr. 13455
2025-10-13 11:58:33.7628: Finalizando Venda e validando NF emitida...
2025-10-13 11:58:33.8858: Venda finalizada com sucesso!
2025-10-13 11:58:33.8858: Realizando rotinas pós-venda...
2025-10-13 11:58:33.8858: Enviando e-mail...
2025-10-13 11:58:33.8858: Iniciando rotina de sincronização da venda 4010...
2025-10-13 11:58:33.8858: Todas as rotinas da venda 4010 foram concluídas com sucesso!
2025-10-13 11:58:33.8858: Imprimindo DANFe...
2025-10-13 11:58:33.9324: Calculando totais da venda...
2025-10-13 11:59:35.1295: Calculando totais da venda...
2025-10-13 11:59:52.2962: Iniciando finalização da venda Id 4011...
2025-10-13 11:59:52.2962: Verificando repique de troco...
2025-10-13 11:59:52.2962: Calculando totais da venda...
2025-10-13 11:59:53.4251: Aguarde, estamos realizando a emissão da NFC-e...
2025-10-13 11:59:53.5256: Validando NFC-e...
2025-10-13 11:59:53.5286: Tipo de emissão NFC-e: NORMAL
2025-10-13 11:59:53.5286: Gerando XML de NFC-e...
2025-10-13 11:59:53.5286: Realizando conversão da venda para XML...
2025-10-13 11:59:53.5426: Conversão realizada com sucesso para a NFC-e id: NFe42251029005632000391650010000134551220676590
2025-10-13 11:59:53.5426: Assinando XML...
2025-10-13 11:59:53.6307: XML assinado com sucesso!
2025-10-13 11:59:53.6307: Enviando NFC-e para a SEFAZ...
2025-10-13 11:59:54.1530: Retorno da SEFAZ: 100 - Autorizado o uso da NF-e
2025-10-13 11:59:54.1530: Numeração de NFC-e atualizada para Nr. 13456
2025-10-13 11:59:54.1530: Finalizando Venda e validando NF emitida...
2025-10-13 11:59:54.5802: Venda finalizada com sucesso!
2025-10-13 11:59:54.5802: Realizando rotinas pós-venda...
2025-10-13 11:59:54.5892: Enviando e-mail...
2025-10-13 11:59:54.5892: Iniciando rotina de sincronização da venda 4011...
2025-10-13 11:59:54.5892: Todas as rotinas da venda 4011 foram concluídas com sucesso!
2025-10-13 11:59:54.5892: Imprimindo DANFe...
2025-10-13 11:59:54.6392: Calculando totais da venda...
2025-10-13 13:02:19.4546: Calculando totais da venda...
2025-10-13 13:02:33.0895: Validando desconto atribuído ao cliente...
2025-10-13 13:04:12.3248: Iniciando finalização da venda Id 4005...
2025-10-13 13:04:12.3248: Verificando repique de troco...
2025-10-13 13:04:12.3248: Calculando totais da venda...
2025-10-13 13:04:13.2324: Aguarde, estamos realizando a emissão da NFC-e...
2025-10-13 13:04:13.3083: Validando NFC-e...
2025-10-13 13:04:13.3083: Tipo de emissão NFC-e: NORMAL
2025-10-13 13:04:13.3083: Gerando XML de NFC-e...
2025-10-13 13:04:13.3083: Realizando conversão da venda para XML...
2025-10-13 13:04:13.3273: Conversão realizada com sucesso para a NFC-e id: NFe42251029005632000391650010000134561831378292
2025-10-13 13:04:13.3273: Assinando XML...
2025-10-13 13:04:13.4263: XML assinado com sucesso!
2025-10-13 13:04:13.4263: Enviando NFC-e para a SEFAZ...
2025-10-13 13:04:13.7828: Retorno da SEFAZ: 100 - Autorizado o uso da NF-e
2025-10-13 13:04:13.7828: Numeração de NFC-e atualizada para Nr. 13457
2025-10-13 13:04:13.7948: Finalizando Venda e validando NF emitida...
2025-10-13 13:04:13.8264: Venda finalizada com sucesso!
2025-10-13 13:04:13.8264: Realizando rotinas pós-venda...
2025-10-13 13:04:13.8264: Enviando e-mail...
2025-10-13 13:04:13.8264: Iniciando rotina de sincronização da venda 4005...
2025-10-13 13:04:13.8264: Todas as rotinas da venda 4005 foram concluídas com sucesso!
2025-10-13 13:04:13.8264: Imprimindo DANFe...
2025-10-13 13:04:13.8895: Calculando totais da venda...
2025-10-13 13:10:07.0267: Calculando totais da venda...
2025-10-13 13:10:20.2837: Validando desconto atribuído ao cliente...
2025-10-13 13:10:24.0751: Iniciando finalização da venda Id 4012...
2025-10-13 13:10:24.0751: Verificando repique de troco...
2025-10-13 13:10:24.0751: Calculando totais da venda...
2025-10-13 13:10:26.9306: Finalizando Venda não fiscal...
2025-10-13 13:10:27.3665: Venda finalizada com sucesso!
2025-10-13 13:10:27.3665: Realizando rotinas pós-venda...
2025-10-13 13:10:27.3665: Enviando e-mail...
2025-10-13 13:10:27.3721: Iniciando rotina de sincronização da venda 4012...
2025-10-13 13:10:27.3721: Todas as rotinas da venda 4012 foram concluídas com sucesso!
2025-10-13 13:10:27.4190: Calculando totais da venda...
2025-10-13 13:18:44.5956: Calculando totais da venda...
2025-10-13 13:18:55.9275: Iniciando finalização da venda Id 4013...
2025-10-13 13:18:55.9275: Verificando repique de troco...
2025-10-13 13:18:55.9275: Calculando totais da venda...
2025-10-13 13:18:56.7292: Aguarde, estamos realizando a emissão da NFC-e...
2025-10-13 13:18:56.8362: Validando NFC-e...
2025-10-13 13:18:56.8422: Tipo de emissão NFC-e: NORMAL
2025-10-13 13:18:56.8422: Gerando XML de NFC-e...
2025-10-13 13:18:56.8422: Realizando conversão da venda para XML...
2025-10-13 13:18:56.8582: Conversão realizada com sucesso para a NFC-e id: NFe42251029005632000391650010000134571728253153
2025-10-13 13:18:56.8582: Assinando XML...
2025-10-13 13:18:56.9572: XML assinado com sucesso!
2025-10-13 13:18:56.9572: Enviando NFC-e para a SEFAZ...
2025-10-13 13:18:57.2372: Retorno da SEFAZ: 100 - Autorizado o uso da NF-e
2025-10-13 13:18:57.2372: Numeração de NFC-e atualizada para Nr. 13458
2025-10-13 13:18:57.2452: Finalizando Venda e validando NF emitida...
2025-10-13 13:18:57.2852: Venda finalizada com sucesso!
2025-10-13 13:18:57.2852: Realizando rotinas pós-venda...
2025-10-13 13:18:57.2852: Enviando e-mail...
2025-10-13 13:18:57.2852: Iniciando rotina de sincronização da venda 4013...
2025-10-13 13:18:57.2852: Todas as rotinas da venda 4013 foram concluídas com sucesso!
2025-10-13 13:18:57.2852: Imprimindo DANFe...
2025-10-13 13:18:57.3502: Calculando totais da venda...
2025-10-13 13:31:36.2981: Calculando totais da venda...
2025-10-13 13:32:18.6740: Calculando totais da venda...
2025-10-13 13:32:48.1774: Iniciando finalização da venda Id 4014...
2025-10-13 13:32:48.1774: Verificando repique de troco...
2025-10-13 13:32:48.1774: Calculando totais da venda...
2025-10-13 13:32:54.4146: Aguarde, estamos realizando a emissão da NFC-e...
2025-10-13 13:32:54.5264: Validando NFC-e...
2025-10-13 13:32:54.5264: Tipo de emissão NFC-e: NORMAL
2025-10-13 13:32:54.5264: Gerando XML de NFC-e...
2025-10-13 13:32:54.5264: Realizando conversão da venda para XML...
2025-10-13 13:32:54.5264: Conversão realizada com sucesso para a NFC-e id: NFe42251029005632000391650010000134581261042156
2025-10-13 13:32:54.5424: Assinando XML...
2025-10-13 13:32:54.6454: XML assinado com sucesso!
2025-10-13 13:32:54.6454: Enviando NFC-e para a SEFAZ...
2025-10-13 13:32:55.2202: Retorno da SEFAZ: 100 - Autorizado o uso da NF-e
2025-10-13 13:32:55.2202: Numeração de NFC-e atualizada para Nr. 13459
2025-10-13 13:32:55.2324: Finalizando Venda e validando NF emitida...
2025-10-13 13:32:55.6844: Venda finalizada com sucesso!
2025-10-13 13:32:55.6844: Realizando rotinas pós-venda...
2025-10-13 13:32:55.6844: Enviando e-mail...
2025-10-13 13:32:55.6844: Iniciando rotina de sincronização da venda 4014...
2025-10-13 13:32:55.6844: Todas as rotinas da venda 4014 foram concluídas com sucesso!
2025-10-13 13:32:55.6844: Imprimindo DANFe...
2025-10-13 13:32:55.7344: Calculando totais da venda...
2025-10-13 13:47:52.7792: Calculando totais da venda...
2025-10-13 13:49:12.9506: Iniciando rotina de sincronização da venda 4015...
2025-10-13 13:55:35.8739: Iniciando rotina de sincronização da venda 3896...
2025-10-13 13:58:31.6000: Calculando totais da venda...
2025-10-13 13:58:48.4465: Calculando totais da venda...
2025-10-13 13:58:58.4226: Calculando totais da venda...
2025-10-13 13:59:37.3313: Iniciando rotina de sincronização da venda 3762...
2025-10-13 14:04:38.0375: Iniciando rotina de sincronização da venda 4016...
2025-10-13 14:07:11.7950: Calculando totais da venda...
2025-10-13 14:08:20.1616: Iniciando rotina de sincronização da venda 4017...
2025-10-13 14:40:16.2451: Calculando totais da venda...
2025-10-13 14:41:20.9775: Calculando totais da venda...
2025-10-13 14:41:27.7985: Validando desconto atribuído ao cliente...
2025-10-13 14:45:02.2727: Calculando totais da venda...
2025-10-13 14:49:25.2663: Calculando totais da venda...
2025-10-13 14:50:01.4807: Calculando totais da venda...
2025-10-13 14:50:13.4026: Validando desconto atribuído ao cliente...
2025-10-13 14:52:53.5115: Calculando totais da venda...
2025-10-13 14:52:59.5914: Iniciando finalização da venda Id 4019...
2025-10-13 14:52:59.5914: Verificando repique de troco...
2025-10-13 14:52:59.5914: Calculando totais da venda...
2025-10-13 14:53:01.6142: Finalizando Venda não fiscal...
2025-10-13 14:53:02.1053: Venda finalizada com sucesso!
2025-10-13 14:53:02.1053: Realizando rotinas pós-venda...
2025-10-13 14:53:02.1053: Enviando e-mail...
2025-10-13 14:53:02.1053: Iniciando rotina de sincronização da venda 4019...
2025-10-13 14:53:02.1053: Todas as rotinas da venda 4019 foram concluídas com sucesso!
2025-10-13 14:53:02.1722: Calculando totais da venda...
2025-10-13 15:09:06.0759: Calculando totais da venda...
2025-10-13 15:09:12.3615: Iniciando finalização da venda Id 4018...
2025-10-13 15:09:12.3615: Verificando repique de troco...
2025-10-13 15:09:12.3615: Calculando totais da venda...
2025-10-13 15:09:14.2774: Aguarde, estamos realizando a emissão da NFC-e...
2025-10-13 15:09:17.4265: Validando NFC-e...
2025-10-13 15:09:17.4635: Tipo de emissão NFC-e: NORMAL
2025-10-13 15:09:17.4645: Gerando XML de NFC-e...
2025-10-13 15:09:17.5315: Realizando conversão da venda para XML...
2025-10-13 15:09:17.5915: Conversão realizada com sucesso para a NFC-e id: NFe42251029005632000391650010000134591690859372
2025-10-13 15:09:17.6565: Assinando XML...
2025-10-13 15:09:18.3925: XML assinado com sucesso!
2025-10-13 15:09:18.3925: Enviando NFC-e para a SEFAZ...
2025-10-13 15:09:19.3640: Retorno da SEFAZ: 100 - Autorizado o uso da NF-e
2025-10-13 15:09:19.3740: Numeração de NFC-e atualizada para Nr. 13460
2025-10-13 15:09:19.3860: Finalizando Venda e validando NF emitida...
2025-10-13 15:09:19.8730: Venda finalizada com sucesso!
2025-10-13 15:09:19.8730: Realizando rotinas pós-venda...
2025-10-13 15:09:19.8730: Enviando e-mail...
2025-10-13 15:09:19.8730: Iniciando rotina de sincronização da venda 4018...
2025-10-13 15:09:19.8730: Todas as rotinas da venda 4018 foram concluídas com sucesso!
2025-10-13 15:09:19.8730: Imprimindo DANFe...
2025-10-13 15:09:19.9650: Calculando totais da venda...
2025-10-13 15:09:40.2340: Calculando totais da venda...
2025-10-13 15:10:02.7282: Iniciando finalização da venda Id 4020...
2025-10-13 15:10:02.7282: Verificando repique de troco...
2025-10-13 15:10:02.7282: Calculando totais da venda...
2025-10-13 15:10:06.5048: Aguarde, estamos realizando a emissão da NFC-e...
2025-10-13 15:10:06.6432: Validando NFC-e...
2025-10-13 15:10:06.6432: Tipo de emissão NFC-e: NORMAL
2025-10-13 15:10:06.6432: Gerando XML de NFC-e...
2025-10-13 15:10:06.6522: Realizando conversão da venda para XML...
2025-10-13 15:10:06.6522: Conversão realizada com sucesso para a NFC-e id: NFe42251029005632000391650010000134601882976084
2025-10-13 15:10:06.6522: Assinando XML...
2025-10-13 15:10:06.7582: XML assinado com sucesso!
2025-10-13 15:10:06.7582: Enviando NFC-e para a SEFAZ...
2025-10-13 15:10:07.0274: Retorno da SEFAZ: 100 - Autorizado o uso da NF-e
2025-10-13 15:10:07.0274: Numeração de NFC-e atualizada para Nr. 13461
2025-10-13 15:10:07.0464: Finalizando Venda e validando NF emitida...
2025-10-13 15:10:07.0814: Venda finalizada com sucesso!
2025-10-13 15:10:07.0814: Realizando rotinas pós-venda...
2025-10-13 15:10:07.0814: Enviando e-mail...
2025-10-13 15:10:07.0814: Iniciando rotina de sincronização da venda 4020...
2025-10-13 15:10:07.0814: Todas as rotinas da venda 4020 foram concluídas com sucesso!
2025-10-13 15:10:07.0814: Imprimindo DANFe...
2025-10-13 15:10:07.1467: Calculando totais da venda...
2025-10-13 15:14:17.0224: Calculando totais da venda...
2025-10-13 15:14:22.3583: Iniciando finalização da venda Id 4021...
2025-10-13 15:14:22.3583: Verificando repique de troco...
2025-10-13 15:14:22.3583: Calculando totais da venda...
2025-10-13 15:14:23.4519: Aguarde, estamos realizando a emissão da NFC-e...
2025-10-13 15:14:23.5489: Validando NFC-e...
2025-10-13 15:14:23.5489: Tipo de emissão NFC-e: NORMAL
2025-10-13 15:14:23.5489: Gerando XML de NFC-e...
2025-10-13 15:14:23.5489: Realizando conversão da venda para XML...
2025-10-13 15:14:23.5659: Conversão realizada com sucesso para a NFC-e id: NFe42251029005632000391650010000134611234880591
2025-10-13 15:14:23.5659: Assinando XML...
2025-10-13 15:14:23.6579: XML assinado com sucesso!
2025-10-13 15:14:23.6579: Enviando NFC-e para a SEFAZ...
2025-10-13 15:14:24.2034: Retorno da SEFAZ: 100 - Autorizado o uso da NF-e
2025-10-13 15:14:24.2034: Numeração de NFC-e atualizada para Nr. 13462
2025-10-13 15:14:24.2154: Finalizando Venda e validando NF emitida...
2025-10-13 15:14:24.6721: Venda finalizada com sucesso!
2025-10-13 15:14:24.6721: Realizando rotinas pós-venda...
2025-10-13 15:14:24.6721: Enviando e-mail...
2025-10-13 15:14:24.6721: Iniciando rotina de sincronização da venda 4021...
2025-10-13 15:14:24.6721: Todas as rotinas da venda 4021 foram concluídas com sucesso!
2025-10-13 15:14:24.6721: Imprimindo DANFe...
2025-10-13 15:14:24.7461: Calculando totais da venda...
2025-10-13 15:15:08.3818: Calculando totais da venda...
2025-10-13 15:15:16.4620: Validando desconto atribuído ao cliente...
2025-10-13 15:15:18.4939: Iniciando finalização da venda Id 4022...
2025-10-13 15:15:18.4939: Verificando repique de troco...
2025-10-13 15:15:18.4959: Calculando totais da venda...
2025-10-13 15:15:19.9088: Aguarde, estamos realizando a emissão da NFC-e...
2025-10-13 15:15:20.0061: Validando NFC-e...
2025-10-13 15:15:20.0061: Tipo de emissão NFC-e: NORMAL
2025-10-13 15:15:20.0061: Gerando XML de NFC-e...
2025-10-13 15:15:20.0121: Realizando conversão da venda para XML...
2025-10-13 15:15:20.0121: Conversão realizada com sucesso para a NFC-e id: NFe42251029005632000391650010000134621565995113
2025-10-13 15:15:20.0271: Assinando XML...
2025-10-13 15:15:20.1161: XML assinado com sucesso!
2025-10-13 15:15:20.1161: Enviando NFC-e para a SEFAZ...
2025-10-13 15:15:20.3781: Retorno da SEFAZ: 100 - Autorizado o uso da NF-e
2025-10-13 15:15:20.3781: Numeração de NFC-e atualizada para Nr. 13463
2025-10-13 15:15:20.3901: Finalizando Venda e validando NF emitida...
2025-10-13 15:15:20.4141: Venda finalizada com sucesso!
2025-10-13 15:15:20.4141: Realizando rotinas pós-venda...
2025-10-13 15:15:20.4141: Enviando e-mail...
2025-10-13 15:15:20.4171: Iniciando rotina de sincronização da venda 4022...
2025-10-13 15:15:20.4171: Todas as rotinas da venda 4022 foram concluídas com sucesso!
2025-10-13 15:15:20.4171: Imprimindo DANFe...
2025-10-13 15:15:20.4771: Calculando totais da venda...
2025-10-13 15:15:38.2464: Cancelando NFC-e id: 42251029005632000391650010000134621565995113
2025-10-13 15:15:38.8882: Retorno da SEFAZ: 135 - Evento registrado e vinculado a NF-e
2025-10-13 15:15:38.9341: Iniciando rotina de sincronização da venda 4022...
2025-10-13 15:16:06.4136: Calculando totais da venda...
2025-10-13 15:16:12.8382: Validando desconto atribuído ao cliente...
2025-10-13 15:16:17.1655: Iniciando finalização da venda Id 4023...
2025-10-13 15:16:17.1655: Verificando repique de troco...
2025-10-13 15:16:17.1655: Calculando totais da venda...
2025-10-13 15:16:17.9225: Aguarde, estamos realizando a emissão da NFC-e...
2025-10-13 15:16:18.0091: Validando NFC-e...
2025-10-13 15:16:18.0151: Tipo de emissão NFC-e: NORMAL
2025-10-13 15:16:18.0151: Gerando XML de NFC-e...
2025-10-13 15:16:18.0151: Realizando conversão da venda para XML...
2025-10-13 15:16:18.0281: Conversão realizada com sucesso para a NFC-e id: NFe42251029005632000391650010000134631216909030
2025-10-13 15:16:18.0281: Assinando XML...
2025-10-13 15:16:18.1161: XML assinado com sucesso!
2025-10-13 15:16:18.1161: Enviando NFC-e para a SEFAZ...
2025-10-13 15:16:18.4164: Retorno da SEFAZ: 100 - Autorizado o uso da NF-e
2025-10-13 15:16:18.4184: Numeração de NFC-e atualizada para Nr. 13464
2025-10-13 15:16:18.4184: Finalizando Venda e validando NF emitida...
2025-10-13 15:16:18.4525: Venda finalizada com sucesso!
2025-10-13 15:16:18.4525: Realizando rotinas pós-venda...
2025-10-13 15:16:18.4525: Enviando e-mail...
2025-10-13 15:16:18.4525: Iniciando rotina de sincronização da venda 4023...
2025-10-13 15:16:18.4525: Todas as rotinas da venda 4023 foram concluídas com sucesso!
2025-10-13 15:16:18.4525: Imprimindo DANFe...
2025-10-13 15:16:18.5375: Calculando totais da venda...
2025-10-13 15:29:46.7518: Calculando totais da venda...
2025-10-13 15:35:28.6137: Calculando totais da venda...
2025-10-13 15:35:34.2929: Iniciando finalização da venda Id 4024...
2025-10-13 15:35:34.2929: Verificando repique de troco...
2025-10-13 15:35:34.2929: Calculando totais da venda...
2025-10-13 15:35:35.4849: Aguarde, estamos realizando a emissão da NFC-e...
2025-10-13 15:35:35.5879: Validando NFC-e...
2025-10-13 15:35:35.6089: Tipo de emissão NFC-e: NORMAL
2025-10-13 15:35:35.6089: Gerando XML de NFC-e...
2025-10-13 15:35:35.6089: Realizando conversão da venda para XML...
2025-10-13 15:35:35.6489: Conversão realizada com sucesso para a NFC-e id: NFe42251029005632000391650010000134641116030344
2025-10-13 15:35:35.6489: Assinando XML...
2025-10-13 15:35:35.8249: XML assinado com sucesso!
2025-10-13 15:35:35.8249: Enviando NFC-e para a SEFAZ...
2025-10-13 15:35:36.7639: Retorno da SEFAZ: 100 - Autorizado o uso da NF-e
2025-10-13 15:35:36.7639: Numeração de NFC-e atualizada para Nr. 13465
2025-10-13 15:35:36.7809: Finalizando Venda e validando NF emitida...
2025-10-13 15:35:37.2719: Venda finalizada com sucesso!
2025-10-13 15:35:37.2719: Realizando rotinas pós-venda...
2025-10-13 15:35:37.2819: Enviando e-mail...
2025-10-13 15:35:37.2819: Iniciando rotina de sincronização da venda 4024...
2025-10-13 15:35:37.2819: Todas as rotinas da venda 4024 foram concluídas com sucesso!
2025-10-13 15:35:37.2819: Imprimindo DANFe...
2025-10-13 15:35:37.3519: Calculando totais da venda...
2025-10-13 15:43:57.6561: Iniciando rotina de sincronização de caixa...
2025-10-13 15:45:32.5575: Iniciando rotina de sincronização de caixa...
2025-10-13 15:46:56.8496: Iniciando rotina de sincronização de caixa...
2025-10-13 15:54:01.5744: Calculando totais da venda...
2025-10-13 15:54:08.2942: Validando desconto atribuído ao cliente...
2025-10-13 15:54:58.2290: Iniciando finalização da venda Id 4025...
2025-10-13 15:54:58.2300: Verificando repique de troco...
2025-10-13 15:54:58.2300: Calculando totais da venda...
2025-10-13 15:54:59.5220: Aguarde, estamos realizando a emissão da NFC-e...
2025-10-13 15:54:59.6190: Validando NFC-e...
2025-10-13 15:54:59.6240: Tipo de emissão NFC-e: NORMAL
2025-10-13 15:54:59.6240: Gerando XML de NFC-e...
2025-10-13 15:54:59.6240: Realizando conversão da venda para XML...
2025-10-13 15:54:59.6400: Conversão realizada com sucesso para a NFC-e id: NFe42251029005632000391650010000134651868772074
2025-10-13 15:54:59.6400: Assinando XML...
2025-10-13 15:54:59.7580: XML assinado com sucesso!
2025-10-13 15:54:59.7580: Enviando NFC-e para a SEFAZ...
2025-10-13 15:55:00.3022: Retorno da SEFAZ: 100 - Autorizado o uso da NF-e
2025-10-13 15:55:00.3022: Numeração de NFC-e atualizada para Nr. 13466
2025-10-13 15:55:00.3151: Finalizando Venda e validando NF emitida...
2025-10-13 15:55:00.7521: Venda finalizada com sucesso!
2025-10-13 15:55:00.7521: Realizando rotinas pós-venda...
2025-10-13 15:55:00.7521: Enviando e-mail...
2025-10-13 15:55:00.7521: Iniciando rotina de sincronização da venda 4025...
2025-10-13 15:55:00.7521: Todas as rotinas da venda 4025 foram concluídas com sucesso!
2025-10-13 15:55:00.7611: Imprimindo DANFe...
2025-10-13 15:55:00.8201: Calculando totais da venda...
2025-10-13 16:06:33.9432: Calculando totais da venda...
2025-10-13 16:08:35.0352: Iniciando rotina de sincronização da venda 4026...
2025-10-13 16:23:03.0916: Calculando totais da venda...
2025-10-13 16:23:19.5848: Iniciando finalização da venda Id 4027...
2025-10-13 16:23:19.5848: Verificando repique de troco...
2025-10-13 16:23:19.5848: Calculando totais da venda...
2025-10-13 16:23:20.0558: Iniciando finalização da venda Id 4027...
2025-10-13 16:23:20.0558: Verificando repique de troco...
2025-10-13 16:23:20.0558: Calculando totais da venda...
2025-10-13 16:23:21.3049: Aguarde, estamos realizando a emissão da NFC-e...
2025-10-13 16:23:21.4001: Validando NFC-e...
2025-10-13 16:23:21.4041: Tipo de emissão NFC-e: NORMAL
2025-10-13 16:23:21.4041: Gerando XML de NFC-e...
2025-10-13 16:23:21.4041: Realizando conversão da venda para XML...
2025-10-13 16:23:21.4341: Conversão realizada com sucesso para a NFC-e id: NFe42251029005632000391650010000134661149656573
2025-10-13 16:23:21.4341: Assinando XML...
2025-10-13 16:23:21.6131: XML assinado com sucesso!
2025-10-13 16:23:21.6131: Enviando NFC-e para a SEFAZ...
2025-10-13 16:23:22.1986: Retorno da SEFAZ: 100 - Autorizado o uso da NF-e
2025-10-13 16:23:22.1986: Numeração de NFC-e atualizada para Nr. 13467
2025-10-13 16:23:22.2146: Finalizando Venda e validando NF emitida...
2025-10-13 16:23:22.6406: Venda finalizada com sucesso!
2025-10-13 16:23:22.6406: Realizando rotinas pós-venda...
2025-10-13 16:23:22.6406: Enviando e-mail...
2025-10-13 16:23:22.6406: Iniciando rotina de sincronização da venda 4027...
2025-10-13 16:23:22.6406: Todas as rotinas da venda 4027 foram concluídas com sucesso!
2025-10-13 16:23:22.6406: Imprimindo DANFe...
2025-10-13 16:23:22.7416: Calculando totais da venda...
2025-10-13 16:41:18.8599: Calculando totais da venda...
2025-10-13 16:41:24.3625: Validando desconto atribuído ao cliente...
2025-10-13 16:48:02.4232: Calculando totais da venda...
2025-10-13 16:58:27.1342: Calculando totais da venda...
2025-10-13 16:58:31.7144: Validando desconto atribuído ao cliente...
2025-10-13 16:59:06.4497: Iniciando finalização da venda Id 4029...
2025-10-13 16:59:06.4497: Verificando repique de troco...
2025-10-13 16:59:06.4497: Calculando totais da venda...
2025-10-13 16:59:07.9297: Aguarde, estamos realizando a emissão da NFC-e...
2025-10-13 16:59:08.1900: Validando NFC-e...
2025-10-13 16:59:08.2617: Tipo de emissão NFC-e: NORMAL
2025-10-13 16:59:08.2617: Gerando XML de NFC-e...
2025-10-13 16:59:08.2617: Realizando conversão da venda para XML...
2025-10-13 16:59:08.3047: Conversão realizada com sucesso para a NFC-e id: NFe42251029005632000391650010000134671494249763
2025-10-13 16:59:08.4054: Assinando XML...
2025-10-13 16:59:09.1384: XML assinado com sucesso!
2025-10-13 16:59:09.1384: Enviando NFC-e para a SEFAZ...
2025-10-13 16:59:09.9103: Retorno da SEFAZ: 100 - Autorizado o uso da NF-e
2025-10-13 16:59:09.9193: Numeração de NFC-e atualizada para Nr. 13468
2025-10-13 16:59:09.9363: Finalizando Venda e validando NF emitida...
2025-10-13 16:59:10.3672: Venda finalizada com sucesso!
2025-10-13 16:59:10.3672: Realizando rotinas pós-venda...
2025-10-13 16:59:10.3703: Enviando e-mail...
2025-10-13 16:59:10.3703: Iniciando rotina de sincronização da venda 4029...
2025-10-13 16:59:10.3703: Todas as rotinas da venda 4029 foram concluídas com sucesso!
2025-10-13 16:59:10.3703: Imprimindo DANFe...
2025-10-13 16:59:10.4553: Calculando totais da venda...
2025-10-13 17:00:21.8730: Calculando totais da venda...
2025-10-13 17:00:27.5858: Iniciando finalização da venda Id 4028...
2025-10-13 17:00:27.5858: Verificando repique de troco...
2025-10-13 17:00:27.5858: Calculando totais da venda...
2025-10-13 17:00:29.3404: Aguarde, estamos realizando a emissão da NFC-e...
2025-10-13 17:00:29.4521: Validando NFC-e...
2025-10-13 17:00:29.4521: Tipo de emissão NFC-e: NORMAL
2025-10-13 17:00:29.4521: Gerando XML de NFC-e...
2025-10-13 17:00:29.4521: Realizando conversão da venda para XML...
2025-10-13 17:00:29.4731: Conversão realizada com sucesso para a NFC-e id: NFe42251029005632000391650010000134681178064586
2025-10-13 17:00:29.4731: Assinando XML...
2025-10-13 17:00:29.5511: XML assinado com sucesso!
2025-10-13 17:00:29.5511: Enviando NFC-e para a SEFAZ...
2025-10-13 17:00:29.8109: Retorno da SEFAZ: 100 - Autorizado o uso da NF-e
2025-10-13 17:00:29.8109: Numeração de NFC-e atualizada para Nr. 13469
2025-10-13 17:00:29.8232: Finalizando Venda e validando NF emitida...
2025-10-13 17:00:29.8453: Venda finalizada com sucesso!
2025-10-13 17:00:29.8453: Realizando rotinas pós-venda...
2025-10-13 17:00:29.8453: Enviando e-mail...
2025-10-13 17:00:29.8453: Iniciando rotina de sincronização da venda 4028...
2025-10-13 17:00:29.8453: Todas as rotinas da venda 4028 foram concluídas com sucesso!
2025-10-13 17:00:29.8453: Imprimindo DANFe...
2025-10-13 17:00:29.9415: Calculando totais da venda...
2025-10-13 18:51:57.8775: Calculando totais da venda...
2025-10-13 18:52:39.0336: Iniciando finalização da venda Id 4030...
2025-10-13 18:52:39.0336: Verificando repique de troco...
2025-10-13 18:52:39.0336: Calculando totais da venda...
2025-10-13 18:52:40.2811: Aguarde, estamos realizando a emissão da NFC-e...
2025-10-13 18:52:40.3881: Validando NFC-e...
2025-10-13 18:52:40.3881: Tipo de emissão NFC-e: NORMAL
2025-10-13 18:52:40.3881: Gerando XML de NFC-e...
2025-10-13 18:52:40.4171: Realizando conversão da venda para XML...
2025-10-13 18:52:40.4431: Conversão realizada com sucesso para a NFC-e id: NFe42251029005632000391650010000134691190022135
2025-10-13 18:52:40.4531: Assinando XML...
2025-10-13 18:52:40.8871: XML assinado com sucesso!
2025-10-13 18:52:40.8871: Enviando NFC-e para a SEFAZ...
2025-10-13 18:52:41.5163: Retorno da SEFAZ: 100 - Autorizado o uso da NF-e
2025-10-13 18:52:41.5293: Numeração de NFC-e atualizada para Nr. 13470
2025-10-13 18:52:41.5480: Finalizando Venda e validando NF emitida...
2025-10-13 18:52:41.5850: Venda finalizada com sucesso!
2025-10-13 18:52:41.5850: Realizando rotinas pós-venda...
2025-10-13 18:52:41.5890: Enviando e-mail...
2025-10-13 18:52:41.5890: Iniciando rotina de sincronização da venda 4030...
2025-10-13 18:52:41.5890: Todas as rotinas da venda 4030 foram concluídas com sucesso!
2025-10-13 18:52:41.5890: Imprimindo DANFe...
2025-10-13 18:52:41.6820: Calculando totais da venda...
2025-10-13 19:00:04.3821: Calculando totais da venda...
2025-10-13 19:01:54.5980: Iniciando finalização da venda Id 4031...
2025-10-13 19:01:54.5980: Verificando repique de troco...
2025-10-13 19:01:54.5980: Calculando totais da venda...
2025-10-13 19:01:55.8906: Aguarde, estamos realizando a emissão da NFC-e...
2025-10-13 19:01:55.9726: Validando NFC-e...
2025-10-13 19:01:55.9726: Tipo de emissão NFC-e: NORMAL
2025-10-13 19:01:55.9726: Gerando XML de NFC-e...
2025-10-13 19:01:55.9726: Realizando conversão da venda para XML...
2025-10-13 19:01:55.9916: Conversão realizada com sucesso para a NFC-e id: NFe42251029005632000391650010000134701692380489
2025-10-13 19:01:55.9916: Assinando XML...
2025-10-13 19:01:56.1056: XML assinado com sucesso!
2025-10-13 19:01:56.1056: Enviando NFC-e para a SEFAZ...
2025-10-13 19:01:56.6457: Retorno da SEFAZ: 100 - Autorizado o uso da NF-e
2025-10-13 19:01:56.6457: Numeração de NFC-e atualizada para Nr. 13471
2025-10-13 19:01:56.6517: Finalizando Venda e validando NF emitida...
2025-10-13 19:01:57.0737: Venda finalizada com sucesso!
2025-10-13 19:01:57.0737: Realizando rotinas pós-venda...
2025-10-13 19:01:57.0737: Enviando e-mail...
2025-10-13 19:01:57.0737: Iniciando rotina de sincronização da venda 4031...
2025-10-13 19:01:57.0737: Todas as rotinas da venda 4031 foram concluídas com sucesso!
2025-10-13 19:01:57.0737: Imprimindo DANFe...
2025-10-13 19:01:57.1447: Calculando totais da venda...
2025-10-13 19:08:07.3389: Iniciando rotina de sincronização da venda 4032...
2025-10-13 19:09:13.4183: Calculando totais da venda...
2025-10-13 19:09:18.8477: Validando desconto atribuído ao cliente...
2025-10-13 19:09:34.9941: Calculando totais da venda...
2025-10-13 19:10:26.0978: Iniciando finalização da venda Id 4033...
2025-10-13 19:10:26.1058: Verificando repique de troco...
2025-10-13 19:10:26.1058: Calculando totais da venda...
2025-10-13 19:10:26.6258: Iniciando finalização da venda Id 4033...
2025-10-13 19:10:26.6258: Verificando repique de troco...
2025-10-13 19:10:26.6258: Calculando totais da venda...
2025-10-13 19:10:29.1826: Aguarde, estamos realizando a emissão da NFC-e...
2025-10-13 19:10:29.2769: Validando NFC-e...
2025-10-13 19:10:29.2769: Tipo de emissão NFC-e: NORMAL
2025-10-13 19:10:29.2769: Gerando XML de NFC-e...
2025-10-13 19:10:29.2949: Realizando conversão da venda para XML...
2025-10-13 19:10:29.3109: Conversão realizada com sucesso para a NFC-e id: NFe42251029005632000391650010000134711897905416
2025-10-13 19:10:29.3109: Assinando XML...
2025-10-13 19:10:29.5189: XML assinado com sucesso!
2025-10-13 19:10:29.5189: Enviando NFC-e para a SEFAZ...
2025-10-13 19:10:32.8233: Retorno da SEFAZ: 100 - Autorizado o uso da NF-e
2025-10-13 19:10:32.8233: Numeração de NFC-e atualizada para Nr. 13472
2025-10-13 19:10:32.8424: Finalizando Venda e validando NF emitida...
2025-10-13 19:10:33.2754: Venda finalizada com sucesso!
2025-10-13 19:10:33.2764: Realizando rotinas pós-venda...
2025-10-13 19:10:33.2764: Enviando e-mail...
2025-10-13 19:10:33.3407: Calculando totais da venda...
2025-10-13 19:10:36.4534: Iniciando rotina de sincronização da venda 4033...
2025-10-13 19:10:36.4534: Todas as rotinas da venda 4033 foram concluídas com sucesso!
2025-10-13 19:10:36.4534: Imprimindo DANFe...
2025-10-13 19:18:40.8941: Calculando totais da venda...
2025-10-13 19:22:26.1647: Calculando totais da venda...
2025-10-13 19:26:25.6995: Calculando totais da venda...
2025-10-13 19:26:32.4758: Validando desconto atribuído ao cliente...
2025-10-13 19:28:28.4425: Calculando totais da venda...
2025-10-13 19:28:57.1703: Calculando totais da venda...
2025-10-13 19:31:53.3366: Iniciando finalização da venda Id 4034...
2025-10-13 19:31:53.3366: Verificando repique de troco...
2025-10-13 19:31:53.3366: Calculando totais da venda...
2025-10-13 19:31:54.5286: Aguarde, estamos realizando a emissão da NFC-e...
2025-10-13 19:31:54.6106: Validando NFC-e...
2025-10-13 19:31:54.6106: Tipo de emissão NFC-e: NORMAL
2025-10-13 19:31:54.6106: Gerando XML de NFC-e...
2025-10-13 19:31:54.6106: Realizando conversão da venda para XML...
2025-10-13 19:31:54.6286: Conversão realizada com sucesso para a NFC-e id: NFe42251029005632000391650010000134721196761474
2025-10-13 19:31:54.6286: Assinando XML...
2025-10-13 19:31:54.7696: XML assinado com sucesso!
2025-10-13 19:31:54.7696: Enviando NFC-e para a SEFAZ...
2025-10-13 19:31:55.1186: Retorno da SEFAZ: 100 - Autorizado o uso da NF-e
2025-10-13 19:31:55.1205: Numeração de NFC-e atualizada para Nr. 13473
2025-10-13 19:31:55.1205: Finalizando Venda e validando NF emitida...
2025-10-13 19:31:55.1635: Venda finalizada com sucesso!
2025-10-13 19:31:55.1635: Realizando rotinas pós-venda...
2025-10-13 19:31:55.1635: Enviando e-mail...
2025-10-13 19:31:55.2355: Calculando totais da venda...
2025-10-13 19:31:56.3217: Iniciando rotina de sincronização da venda 4034...
2025-10-13 19:31:56.3237: Todas as rotinas da venda 4034 foram concluídas com sucesso!
2025-10-13 19:31:56.3237: Imprimindo DANFe...
2025-10-13 19:33:27.4480: Calculando totais da venda...
2025-10-13 19:33:37.7120: Calculando totais da venda...
2025-10-13 19:33:41.7606: Iniciando finalização da venda Id 4035...
2025-10-13 19:33:41.7616: Verificando repique de troco...
2025-10-13 19:33:41.7616: Calculando totais da venda...
2025-10-13 19:33:42.5089: Aguarde, estamos realizando a emissão da NFC-e...
2025-10-13 19:33:42.6029: Validando NFC-e...
2025-10-13 19:33:42.6059: Tipo de emissão NFC-e: NORMAL
2025-10-13 19:33:42.6059: Gerando XML de NFC-e...
2025-10-13 19:33:42.6059: Realizando conversão da venda para XML...
2025-10-13 19:33:42.6209: Conversão realizada com sucesso para a NFC-e id: NFe42251029005632000391650010000134731894933642
2025-10-13 19:33:42.6209: Assinando XML...
2025-10-13 19:33:42.7729: XML assinado com sucesso!
2025-10-13 19:33:42.7729: Enviando NFC-e para a SEFAZ...
2025-10-13 19:33:43.0249: Retorno da SEFAZ: 100 - Autorizado o uso da NF-e
2025-10-13 19:33:43.0290: Numeração de NFC-e atualizada para Nr. 13474
2025-10-13 19:33:43.0290: Finalizando Venda e validando NF emitida...
2025-10-13 19:33:43.0660: Venda finalizada com sucesso!
2025-10-13 19:33:43.0660: Realizando rotinas pós-venda...
2025-10-13 19:33:43.0740: Enviando e-mail...
2025-10-13 19:33:43.0740: Iniciando rotina de sincronização da venda 4035...
2025-10-13 19:33:43.0740: Todas as rotinas da venda 4035 foram concluídas com sucesso!
2025-10-13 19:33:43.0740: Imprimindo DANFe...
2025-10-13 19:33:43.1400: Calculando totais da venda...
2025-10-13 19:41:24.6206: Calculando totais da venda...
2025-10-13 19:41:34.5814: Validando desconto atribuído ao cliente...
2025-10-13 19:41:40.4927: Iniciando finalização da venda Id 4036...
2025-10-13 19:41:40.4927: Verificando repique de troco...
2025-10-13 19:41:40.4927: Calculando totais da venda...
2025-10-13 19:41:42.0369: Finalizando Venda não fiscal...
2025-10-13 19:41:42.5109: Venda finalizada com sucesso!
2025-10-13 19:41:42.5109: Realizando rotinas pós-venda...
2025-10-13 19:41:42.5109: Enviando e-mail...
2025-10-13 19:41:42.5109: Iniciando rotina de sincronização da venda 4036...
2025-10-13 19:41:42.5109: Todas as rotinas da venda 4036 foram concluídas com sucesso!
2025-10-13 19:41:42.5919: Calculando totais da venda...
2025-10-13 19:54:47.0759: Iniciando rotina de sincronização de caixa...
