 2025-10-14 16:29:42.1752|Recebendo cliente 1201464: JEANINE TEOFILO
 2025-10-14 16:29:42.3471|Recebendo cliente 1201616: ANDREIA BERTOCCO
 2025-10-14 16:29:42.5189|Recebendo cliente 1202134: ANNA TEIXEIRA 25%
 2025-10-14 16:29:42.6752|Recebendo cliente 1202191: GABRIELA FARIA
 2025-10-14 16:29:42.7533|Recebendo cliente 1202253: VALERIA VIRGILIO SAVIO
 2025-10-14 16:29:42.8158|Recebendo cliente 1202332: BARBARA BARRETO
 2025-10-14 16:29:42.8783|Recebendo cliente 1202407: ROSANGELA DE SOUZA
 2025-10-14 16:29:42.9564|Recebendo cliente 1202467:  ARTHUR SCHMITZ
 2025-10-14 16:29:42.9721|Clientes processados: 8 - Enviados: 0 - Recebidos: 8
 2025-10-14 16:29:44.2064|Pedido de Venda 4059 - 31535881 enviado com sucesso!
 2025-10-14 16:52:22.0005|Recebendo operador 15946: Operador
 2025-10-14 16:52:22.0318|Recebendo operador 15947: Gerencia
 2025-10-14 16:52:22.0630|Recebendo vendedores 948576: KELLYM WALERIA DOS SANTOS
 2025-10-14 16:52:22.0787|Recebendo vendedores 948581: AUGUSTO GORDO TOMASELLI
 2025-10-14 16:52:22.0787|Recebendo vendedores 948583: RODRIGO BECKER DA SILVA
 2025-10-14 16:52:22.2505|Recebendo vendedores 974030: WALTER PRIETSCH NETO
 2025-10-14 16:52:22.2818|Recebendo vendedores 1009223: CONSUMO KOBRASOL
 2025-10-14 16:52:22.2974|Recebendo vendedores 1031583: CONSUMO JAQUELINE PEREIRA VAZ
 2025-10-14 16:52:22.3443|Recebendo vendedores 1031584: CONSUMO RODRIGO BECKER DA SILVA
 2025-10-14 16:52:22.3599|Recebendo vendedores 1031586: CONSUMO WALTER PRIETSCH NETO
 2025-10-14 16:52:22.3755|Recebendo vendedores 1038321: CONUSMO WELVIS TEIXEIRA ALVEZ
 2025-10-14 16:52:22.3912|Recebendo vendedores 1057686: CONSUMO THIAGO PEREIRA VAZ
 2025-10-14 16:52:22.4224|Recebendo vendedores 1057687: CONSUMO LUCAS VAZ DA ROSA
 2025-10-14 16:52:22.4380|Recebendo vendedores 1070825: VENDA PARCEIRO (ACIMA 30% S/ COMISSAO)
 2025-10-14 16:52:22.4537|Recebendo vendedores 1191120: CONSUMO KELLYM WALERIA 
 2025-10-14 16:52:22.5943|Não existe nenhum Contato Comercial pendente de sincronização!
 2025-10-14 16:52:22.8599|Recebendo cliente 1201464: JEANINE TEOFILO
 2025-10-14 16:52:23.0630|Recebendo cliente 1201616: ANDREIA BERTOCCO
 2025-10-14 16:52:23.2662|Recebendo cliente 1202134: ANNA TEIXEIRA 25%
 2025-10-14 16:52:23.4693|Recebendo cliente 1202191: GABRIELA FARIA
 2025-10-14 16:52:23.6255|Recebendo cliente 1202253: VALERIA VIRGILIO SAVIO
 2025-10-14 16:52:23.7974|Recebendo cliente 1202332: BARBARA BARRETO
 2025-10-14 16:52:23.9693|Recebendo cliente 1202407: ROSANGELA DE SOUZA
 2025-10-14 16:52:24.1412|Recebendo cliente 1202467:  ARTHUR SCHMITZ
 2025-10-14 16:52:24.4849|Recebendo cliente 1202503: MADALENA CORREA MORATELLI
 2025-10-14 16:52:24.6255|Recebendo cliente 1202509: SIMONE BOTTEGA
 2025-10-14 16:52:24.6412|Clientes processados: 10 - Enviados: 0 - Recebidos: 10
 2025-10-14 16:52:24.7661|Não existe nenhum Caixa pendente de sincronização!
 2025-10-14 16:52:24.7661|Não existe nenhuma Operação de Caixa pendente de sincronização!
 2025-10-14 16:52:25.2662|Recebendo itens - 3 item(s).
 2025-10-14 16:52:26.4380|Recebendo itens - 3 itens importados de 3
 2025-10-14 16:52:26.7974|Total de itens recebidos: 3
 2025-10-14 16:52:27.0474|Não existe nenhuma promoção pendente de sincronização!
 2025-10-14 16:52:27.3287|Não existe nenhum lote pendente de sincronização!
 2025-10-14 16:52:27.5787|Recebendo Depósito: Geral
 2025-10-14 16:58:10.5218|Recebendo cliente 1201464: JEANINE TEOFILO
 2025-10-14 16:58:10.7088|Recebendo cliente 1201616: ANDREIA BERTOCCO
 2025-10-14 16:58:10.8868|Recebendo cliente 1202134: ANNA TEIXEIRA 25%
 2025-10-14 16:58:11.0598|Recebendo cliente 1202191: GABRIELA FARIA
 2025-10-14 16:58:11.1328|Recebendo cliente 1202253: VALERIA VIRGILIO SAVIO
 2025-10-14 16:58:11.2058|Recebendo cliente 1202332: BARBARA BARRETO
 2025-10-14 16:58:11.2818|Recebendo cliente 1202407: ROSANGELA DE SOUZA
 2025-10-14 16:58:11.3568|Recebendo cliente 1202467:  ARTHUR SCHMITZ
 2025-10-14 16:58:11.4848|Recebendo cliente 1202509: SIMONE BOTTEGA
 2025-10-14 16:58:11.5008|Clientes processados: 9 - Enviados: 0 - Recebidos: 9
 2025-10-14 16:58:11.7104|Enviando NFC-e - chave: 42251029005632000391650010000134871988347653 . . .
 2025-10-14 16:58:13.3947|Venda: IdLocal 4061: Documento Fiscal Id:3258  -> IdWeb 11012930
 2025-10-14 16:58:13.3967|NFC-e chave: 42251029005632000391650010000134871988347653 enviada com sucesso!
 2025-10-14 17:01:49.4950|Recebendo cliente 1201464: JEANINE TEOFILO
 2025-10-14 17:01:49.6740|Recebendo cliente 1201616: ANDREIA BERTOCCO
 2025-10-14 17:01:49.8450|Recebendo cliente 1202134: ANNA TEIXEIRA 25%
 2025-10-14 17:01:50.0100|Recebendo cliente 1202191: GABRIELA FARIA
 2025-10-14 17:01:50.0810|Recebendo cliente 1202253: VALERIA VIRGILIO SAVIO
 2025-10-14 17:01:50.1500|Recebendo cliente 1202332: BARBARA BARRETO
 2025-10-14 17:01:50.2210|Recebendo cliente 1202407: ROSANGELA DE SOUZA
 2025-10-14 17:01:50.2910|Recebendo cliente 1202467:  ARTHUR SCHMITZ
 2025-10-14 17:01:50.4110|Recebendo cliente 1202509: SIMONE BOTTEGA
 2025-10-14 17:01:50.4270|Clientes processados: 9 - Enviados: 0 - Recebidos: 9
 2025-10-14 17:01:54.5508|Venda: IdLocal 4061: Documento Fiscal Id:3259  -> IdWeb 11012930
 2025-10-14 17:01:54.5508|Cancelamento chave: 42251029005632000391650010000134871988347653 enviada com sucesso!
 2025-10-14 17:01:54.5758|Enviando NFC-e - chave: 42251029005632000391650010000134881951749658 . . .
 2025-10-14 17:01:55.5175|Venda: IdLocal 4062: Documento Fiscal Id:3260  -> IdWeb 11012995
 2025-10-14 17:01:55.5175|NFC-e chave: 42251029005632000391650010000134881951749658 enviada com sucesso!
 2025-10-14 17:04:57.8141|Recebendo cliente 1201464: JEANINE TEOFILO
 2025-10-14 17:04:57.9885|Recebendo cliente 1201616: ANDREIA BERTOCCO
 2025-10-14 17:04:58.1530|Recebendo cliente 1202134: ANNA TEIXEIRA 25%
 2025-10-14 17:04:58.3093|Recebendo cliente 1202191: GABRIELA FARIA
 2025-10-14 17:04:58.3874|Recebendo cliente 1202253: VALERIA VIRGILIO SAVIO
 2025-10-14 17:04:58.4499|Recebendo cliente 1202332: BARBARA BARRETO
 2025-10-14 17:04:58.5124|Recebendo cliente 1202407: ROSANGELA DE SOUZA
 2025-10-14 17:04:58.5905|Recebendo cliente 1202467:  ARTHUR SCHMITZ
 2025-10-14 17:04:58.6999|Recebendo cliente 1202509: SIMONE BOTTEGA
 2025-10-14 17:04:58.7624|Recebendo cliente 1202582: THIAGO DA SILVA FERREIRA
 2025-10-14 17:04:58.7781|Clientes processados: 10 - Enviados: 0 - Recebidos: 10
 2025-10-14 17:04:59.1843|Pedido de Venda 4063 - 31536690 enviado com sucesso!
 2025-10-14 17:14:23.9171|Recebendo cliente 1201464: JEANINE TEOFILO
 2025-10-14 17:14:24.1171|Recebendo cliente 1201616: ANDREIA BERTOCCO
 2025-10-14 17:14:24.2994|Recebendo cliente 1202134: ANNA TEIXEIRA 25%
 2025-10-14 17:14:24.4556|Recebendo cliente 1202191: GABRIELA FARIA
 2025-10-14 17:14:24.5337|Recebendo cliente 1202253: VALERIA VIRGILIO SAVIO
 2025-10-14 17:14:24.5962|Recebendo cliente 1202332: BARBARA BARRETO
 2025-10-14 17:14:24.6743|Recebendo cliente 1202407: ROSANGELA DE SOUZA
 2025-10-14 17:14:24.7369|Recebendo cliente 1202467:  ARTHUR SCHMITZ
 2025-10-14 17:14:24.8619|Recebendo cliente 1202509: SIMONE BOTTEGA
 2025-10-14 17:14:24.9244|Recebendo cliente 1202582: THIAGO DA SILVA FERREIRA
 2025-10-14 17:14:24.9400|Clientes processados: 10 - Enviados: 0 - Recebidos: 10
 2025-10-14 17:14:25.5337|Pedido de Venda 4065 - 31536982 enviado com sucesso!
 2025-10-14 17:21:30.8905|Recebendo operador 15946: Operador
 2025-10-14 17:21:30.8995|Recebendo operador 15947: Gerencia
 2025-10-14 17:21:30.9675|Recebendo vendedores 948576: KELLYM WALERIA DOS SANTOS
 2025-10-14 17:21:30.9675|Recebendo vendedores 948581: AUGUSTO GORDO TOMASELLI
 2025-10-14 17:21:30.9745|Recebendo vendedores 948583: RODRIGO BECKER DA SILVA
 2025-10-14 17:21:31.1155|Recebendo vendedores 974030: WALTER PRIETSCH NETO
 2025-10-14 17:21:31.1325|Recebendo vendedores 1009223: CONSUMO KOBRASOL
 2025-10-14 17:21:31.1525|Recebendo vendedores 1031583: CONSUMO JAQUELINE PEREIRA VAZ
 2025-10-14 17:21:31.1715|Recebendo vendedores 1031584: CONSUMO RODRIGO BECKER DA SILVA
 2025-10-14 17:21:31.2085|Recebendo vendedores 1031586: CONSUMO WALTER PRIETSCH NETO
 2025-10-14 17:21:31.2255|Recebendo vendedores 1038321: CONUSMO WELVIS TEIXEIRA ALVEZ
 2025-10-14 17:21:31.2425|Recebendo vendedores 1057686: CONSUMO THIAGO PEREIRA VAZ
 2025-10-14 17:21:31.2585|Recebendo vendedores 1057687: CONSUMO LUCAS VAZ DA ROSA
 2025-10-14 17:21:31.2755|Recebendo vendedores 1070825: VENDA PARCEIRO (ACIMA 30% S/ COMISSAO)
 2025-10-14 17:21:31.2965|Recebendo vendedores 1191120: CONSUMO KELLYM WALERIA 
 2025-10-14 17:21:31.4515|Não existe nenhum Contato Comercial pendente de sincronização!
 2025-10-14 17:21:31.8708|Enviando cliente 14276: MARISE FERNADES SERAFIM
 2025-10-14 17:21:32.1094|Recebendo cliente 1201464: JEANINE TEOFILO
 2025-10-14 17:21:32.3054|Recebendo cliente 1201616: ANDREIA BERTOCCO
 2025-10-14 17:21:32.5014|Recebendo cliente 1202134: ANNA TEIXEIRA 25%
 2025-10-14 17:21:32.6924|Recebendo cliente 1202191: GABRIELA FARIA
 2025-10-14 17:21:32.7805|Recebendo cliente 1202253: VALERIA VIRGILIO SAVIO
 2025-10-14 17:21:32.8664|Recebendo cliente 1202332: BARBARA BARRETO
 2025-10-14 17:21:32.9564|Recebendo cliente 1202407: ROSANGELA DE SOUZA
 2025-10-14 17:21:33.0444|Recebendo cliente 1202467:  ARTHUR SCHMITZ
 2025-10-14 17:21:33.1791|Recebendo cliente 1202509: SIMONE BOTTEGA
 2025-10-14 17:21:33.2681|Recebendo cliente 1202582: THIAGO DA SILVA FERREIRA
 2025-10-14 17:21:33.4061|Recebendo cliente 1202610: SABRINA ISABELA
 2025-10-14 17:21:33.4251|Clientes processados: 12 - Enviados: 1 - Recebidos: 11
 2025-10-14 17:22:21.5863|Recebendo operador 15946: Operador
 2025-10-14 17:22:21.6020|Recebendo operador 15947: Gerencia
 2025-10-14 17:22:21.6176|Recebendo vendedores 948576: KELLYM WALERIA DOS SANTOS
 2025-10-14 17:22:21.6332|Recebendo vendedores 948581: AUGUSTO GORDO TOMASELLI
 2025-10-14 17:22:21.6332|Recebendo vendedores 948583: RODRIGO BECKER DA SILVA
 2025-10-14 17:22:21.8051|Recebendo vendedores 974030: WALTER PRIETSCH NETO
 2025-10-14 17:22:21.8363|Recebendo vendedores 1009223: CONSUMO KOBRASOL
 2025-10-14 17:22:21.8519|Recebendo vendedores 1031583: CONSUMO JAQUELINE PEREIRA VAZ
 2025-10-14 17:22:21.8832|Recebendo vendedores 1031584: CONSUMO RODRIGO BECKER DA SILVA
 2025-10-14 17:22:21.8988|Recebendo vendedores 1031586: CONSUMO WALTER PRIETSCH NETO
 2025-10-14 17:22:21.9301|Recebendo vendedores 1038321: CONUSMO WELVIS TEIXEIRA ALVEZ
 2025-10-14 17:22:21.9457|Recebendo vendedores 1057686: CONSUMO THIAGO PEREIRA VAZ
 2025-10-14 17:22:21.9613|Recebendo vendedores 1057687: CONSUMO LUCAS VAZ DA ROSA
 2025-10-14 17:22:21.9769|Recebendo vendedores 1070825: VENDA PARCEIRO (ACIMA 30% S/ COMISSAO)
 2025-10-14 17:22:22.0082|Recebendo vendedores 1191120: CONSUMO KELLYM WALERIA 
 2025-10-14 17:22:22.1488|Não existe nenhum Contato Comercial pendente de sincronização!
 2025-10-14 17:22:22.3676|Recebendo cliente 1201464: JEANINE TEOFILO
 2025-10-14 17:22:22.5707|Recebendo cliente 1201616: ANDREIA BERTOCCO
 2025-10-14 17:22:22.7582|Recebendo cliente 1202134: ANNA TEIXEIRA 25%
 2025-10-14 17:22:22.9613|Recebendo cliente 1202191: GABRIELA FARIA
 2025-10-14 17:22:23.0551|Recebendo cliente 1202253: VALERIA VIRGILIO SAVIO
 2025-10-14 17:22:23.2269|Recebendo cliente 1202332: BARBARA BARRETO
 2025-10-14 17:22:23.3832|Recebendo cliente 1202407: ROSANGELA DE SOUZA
 2025-10-14 17:22:23.5082|Recebendo cliente 1202467:  ARTHUR SCHMITZ
 2025-10-14 17:22:23.8676|Recebendo cliente 1202509: SIMONE BOTTEGA
 2025-10-14 17:22:24.0238|Recebendo cliente 1202582: THIAGO DA SILVA FERREIRA
 2025-10-14 17:22:24.0707|Clientes processados: 10 - Enviados: 0 - Recebidos: 10
 2025-10-14 17:22:24.1644|Não existe nenhum Caixa pendente de sincronização!
 2025-10-14 17:22:24.1801|Não existe nenhuma Operação de Caixa pendente de sincronização!
 2025-10-14 17:22:24.5916|Recebendo itens - 5 item(s).
 2025-10-14 17:22:26.1073|Recebendo itens - 5 itens importados de 5
 2025-10-14 17:22:26.4666|Total de itens recebidos: 5
 2025-10-14 17:22:26.7323|Não existe nenhuma promoção pendente de sincronização!
 2025-10-14 17:22:26.9979|Não existe nenhum lote pendente de sincronização!
 2025-10-14 17:22:27.2521|Recebendo Depósito: Geral
 2025-10-14 17:24:38.3124|Recebendo cliente 1201464: JEANINE TEOFILO
 2025-10-14 17:24:38.4954|Recebendo cliente 1201616: ANDREIA BERTOCCO
 2025-10-14 17:24:38.6734|Recebendo cliente 1202134: ANNA TEIXEIRA 25%
 2025-10-14 17:24:38.8424|Recebendo cliente 1202191: GABRIELA FARIA
 2025-10-14 17:24:38.9134|Recebendo cliente 1202253: VALERIA VIRGILIO SAVIO
 2025-10-14 17:24:38.9814|Recebendo cliente 1202332: BARBARA BARRETO
 2025-10-14 17:24:39.0534|Recebendo cliente 1202407: ROSANGELA DE SOUZA
 2025-10-14 17:24:39.1244|Recebendo cliente 1202467:  ARTHUR SCHMITZ
 2025-10-14 17:24:39.2494|Recebendo cliente 1202509: SIMONE BOTTEGA
 2025-10-14 17:24:39.3184|Recebendo cliente 1202582: THIAGO DA SILVA FERREIRA
 2025-10-14 17:24:39.3344|Clientes processados: 10 - Enviados: 0 - Recebidos: 10
 2025-10-14 17:24:39.5232|Enviando NFC-e - chave: 42251029005632000391650010000134891818695400 . . .
 2025-10-14 17:24:40.6480|Venda: IdLocal 4066: Documento Fiscal Id:3261  -> IdWeb 11013440
 2025-10-14 17:24:40.6480|NFC-e chave: 42251029005632000391650010000134891818695400 enviada com sucesso!
 2025-10-14 17:33:10.3833|Recebendo cliente 1201464: JEANINE TEOFILO
 2025-10-14 17:33:10.5633|Recebendo cliente 1201616: ANDREIA BERTOCCO
 2025-10-14 17:33:10.7393|Recebendo cliente 1202134: ANNA TEIXEIRA 25%
 2025-10-14 17:33:10.9203|Recebendo cliente 1202191: GABRIELA FARIA
 2025-10-14 17:33:10.9893|Recebendo cliente 1202253: VALERIA VIRGILIO SAVIO
 2025-10-14 17:33:11.0613|Recebendo cliente 1202332: BARBARA BARRETO
 2025-10-14 17:33:11.1303|Recebendo cliente 1202407: ROSANGELA DE SOUZA
 2025-10-14 17:33:11.2023|Recebendo cliente 1202467:  ARTHUR SCHMITZ
 2025-10-14 17:33:11.3313|Recebendo cliente 1202509: SIMONE BOTTEGA
 2025-10-14 17:33:11.4033|Recebendo cliente 1202582: THIAGO DA SILVA FERREIRA
 2025-10-14 17:33:11.4773|Recebendo cliente 1202628: MARISE FERNADES SERAFIM
 2025-10-14 17:33:11.4933|Clientes processados: 11 - Enviados: 0 - Recebidos: 11
 2025-10-14 17:33:11.6852|Enviando NFC-e - chave: 42251029005632000391650010000134901244591705 . . .
 2025-10-14 17:33:12.6613|Venda: IdLocal 4067: Documento Fiscal Id:3262  -> IdWeb 11013637
 2025-10-14 17:33:12.6623|NFC-e chave: 42251029005632000391650010000134901244591705 enviada com sucesso!
 2025-10-14 17:52:24.3094|Recebendo operador 15946: Operador
 2025-10-14 17:52:24.3265|Recebendo operador 15947: Gerencia
 2025-10-14 17:52:24.3615|Recebendo vendedores 948576: KELLYM WALERIA DOS SANTOS
 2025-10-14 17:52:24.3615|Recebendo vendedores 948581: AUGUSTO GORDO TOMASELLI
 2025-10-14 17:52:24.3685|Recebendo vendedores 948583: RODRIGO BECKER DA SILVA
 2025-10-14 17:52:24.5365|Recebendo vendedores 974030: WALTER PRIETSCH NETO
 2025-10-14 17:52:24.5615|Recebendo vendedores 1009223: CONSUMO KOBRASOL
 2025-10-14 17:52:24.5785|Recebendo vendedores 1031583: CONSUMO JAQUELINE PEREIRA VAZ
 2025-10-14 17:52:24.5965|Recebendo vendedores 1031584: CONSUMO RODRIGO BECKER DA SILVA
 2025-10-14 17:52:24.6155|Recebendo vendedores 1031586: CONSUMO WALTER PRIETSCH NETO
 2025-10-14 17:52:24.6595|Recebendo vendedores 1038321: CONUSMO WELVIS TEIXEIRA ALVEZ
 2025-10-14 17:52:24.6765|Recebendo vendedores 1057686: CONSUMO THIAGO PEREIRA VAZ
 2025-10-14 17:52:24.7025|Recebendo vendedores 1057687: CONSUMO LUCAS VAZ DA ROSA
 2025-10-14 17:52:24.7195|Recebendo vendedores 1070825: VENDA PARCEIRO (ACIMA 30% S/ COMISSAO)
 2025-10-14 17:52:24.7405|Recebendo vendedores 1191120: CONSUMO KELLYM WALERIA 
 2025-10-14 17:52:24.8815|Não existe nenhum Contato Comercial pendente de sincronização!
 2025-10-14 17:52:25.1245|Recebendo cliente 1201464: JEANINE TEOFILO
 2025-10-14 17:52:25.3345|Recebendo cliente 1201616: ANDREIA BERTOCCO
 2025-10-14 17:52:25.5295|Recebendo cliente 1202134: ANNA TEIXEIRA 25%
 2025-10-14 17:52:25.6235|Recebendo cliente 1202253: VALERIA VIRGILIO SAVIO
 2025-10-14 17:52:25.7195|Recebendo cliente 1202332: BARBARA BARRETO
 2025-10-14 17:52:25.8125|Recebendo cliente 1202407: ROSANGELA DE SOUZA
 2025-10-14 17:52:25.9035|Recebendo cliente 1202467:  ARTHUR SCHMITZ
 2025-10-14 17:52:26.0555|Recebendo cliente 1202509: SIMONE BOTTEGA
 2025-10-14 17:52:26.1455|Recebendo cliente 1202582: THIAGO DA SILVA FERREIRA
 2025-10-14 17:52:26.2465|Recebendo cliente 1202628: MARISE FERNADES SERAFIM
 2025-10-14 17:52:26.2645|Clientes processados: 10 - Enviados: 0 - Recebidos: 10
 2025-10-14 17:52:26.3885|Não existe nenhum Caixa pendente de sincronização!
 2025-10-14 17:52:26.3975|Não existe nenhuma Operação de Caixa pendente de sincronização!
 2025-10-14 17:52:26.8427|Recebendo itens - 14 item(s).
 2025-10-14 17:52:30.8827|Recebendo itens - 14 itens importados de 14
 2025-10-14 17:52:31.2480|Total de itens recebidos: 14
 2025-10-14 17:52:31.5079|Não existe nenhuma promoção pendente de sincronização!
 2025-10-14 17:52:31.7895|Não existe nenhum lote pendente de sincronização!
 2025-10-14 17:52:32.0374|Recebendo Depósito: Geral
 2025-10-14 18:09:14.5100|Recebendo cliente 1201464: JEANINE TEOFILO
 2025-10-14 18:09:14.6980|Recebendo cliente 1201616: ANDREIA BERTOCCO
 2025-10-14 18:09:14.8810|Recebendo cliente 1202134: ANNA TEIXEIRA 25%
 2025-10-14 18:09:14.9560|Recebendo cliente 1202253: VALERIA VIRGILIO SAVIO
 2025-10-14 18:09:15.0310|Recebendo cliente 1202332: BARBARA BARRETO
 2025-10-14 18:09:15.1010|Recebendo cliente 1202407: ROSANGELA DE SOUZA
 2025-10-14 18:09:15.1730|Recebendo cliente 1202467:  ARTHUR SCHMITZ
 2025-10-14 18:09:15.2950|Recebendo cliente 1202509: SIMONE BOTTEGA
 2025-10-14 18:09:15.3670|Recebendo cliente 1202582: THIAGO DA SILVA FERREIRA
 2025-10-14 18:09:15.4390|Recebendo cliente 1202628: MARISE FERNADES SERAFIM
 2025-10-14 18:09:15.4530|Clientes processados: 10 - Enviados: 0 - Recebidos: 10
 2025-10-14 18:09:15.6529|Enviando NFC-e - chave: 42251029005632000391650010000134911423229749 . . .
 2025-10-14 18:09:16.6928|Venda: IdLocal 4068: Documento Fiscal Id:3263  -> IdWeb 11014507
 2025-10-14 18:09:16.6928|NFC-e chave: 42251029005632000391650010000134911423229749 enviada com sucesso!
 2025-10-14 18:13:06.6331|Recebendo operador 15946: Operador
 2025-10-14 18:13:06.6772|Recebendo operador 15947: Gerencia
 2025-10-14 18:13:07.0662|Recebendo vendedores 948576: KELLYM WALERIA DOS SANTOS
 2025-10-14 18:13:07.0872|Recebendo vendedores 948581: AUGUSTO GORDO TOMASELLI
 2025-10-14 18:13:07.1102|Recebendo vendedores 948583: RODRIGO BECKER DA SILVA
 2025-10-14 18:13:07.1982|Recebendo vendedores 974030: WALTER PRIETSCH NETO
 2025-10-14 18:13:07.2212|Recebendo vendedores 1009223: CONSUMO KOBRASOL
 2025-10-14 18:13:07.2422|Recebendo vendedores 1031583: CONSUMO JAQUELINE PEREIRA VAZ
 2025-10-14 18:13:07.2652|Recebendo vendedores 1031584: CONSUMO RODRIGO BECKER DA SILVA
 2025-10-14 18:13:07.2872|Recebendo vendedores 1031586: CONSUMO WALTER PRIETSCH NETO
 2025-10-14 18:13:07.3102|Recebendo vendedores 1038321: CONUSMO WELVIS TEIXEIRA ALVEZ
 2025-10-14 18:13:07.3312|Recebendo vendedores 1057686: CONSUMO THIAGO PEREIRA VAZ
 2025-10-14 18:13:07.3542|Recebendo vendedores 1057687: CONSUMO LUCAS VAZ DA ROSA
 2025-10-14 18:13:07.3762|Recebendo vendedores 1070825: VENDA PARCEIRO (ACIMA 30% S/ COMISSAO)
 2025-10-14 18:13:07.4002|Recebendo vendedores 1191120: CONSUMO KELLYM WALERIA 
 2025-10-14 18:13:07.5652|Não existe nenhum Contato Comercial pendente de sincronização!
 2025-10-14 18:13:07.9997|Enviando cliente 14278: CAMILA RENNA
 2025-10-14 18:13:08.5875|Clientes processados: 1 - Enviados: 1 - Recebidos: 0
 2025-10-14 18:17:13.9168|Recebendo cliente 1201464: JEANINE TEOFILO
 2025-10-14 18:17:14.1008|Recebendo cliente 1201616: ANDREIA BERTOCCO
 2025-10-14 18:17:14.2738|Recebendo cliente 1202134: ANNA TEIXEIRA 25%
 2025-10-14 18:17:14.3438|Recebendo cliente 1202332: BARBARA BARRETO
 2025-10-14 18:17:14.4138|Recebendo cliente 1202407: ROSANGELA DE SOUZA
 2025-10-14 18:17:14.4838|Recebendo cliente 1202467:  ARTHUR SCHMITZ
 2025-10-14 18:17:14.6098|Recebendo cliente 1202509: SIMONE BOTTEGA
 2025-10-14 18:17:14.6798|Recebendo cliente 1202582: THIAGO DA SILVA FERREIRA
 2025-10-14 18:17:14.7528|Recebendo cliente 1202628: MARISE FERNADES SERAFIM
 2025-10-14 18:17:14.8228|Recebendo cliente 1202750: CAMILA RENNA
 2025-10-14 18:17:14.8788|Recebendo cliente 1202754: CLAUDIA MAGGIONI
 2025-10-14 18:17:14.8948|Clientes processados: 11 - Enviados: 0 - Recebidos: 11
 2025-10-14 18:17:15.0866|Enviando NFC-e - chave: 42251029005632000391650010000134921589184890 . . .
 2025-10-14 18:17:16.5310|Venda: IdLocal 4069: Documento Fiscal Id:3264  -> IdWeb 11014680
 2025-10-14 18:17:16.5310|NFC-e chave: 42251029005632000391650010000134921589184890 enviada com sucesso!
 2025-10-14 18:22:22.9407|Recebendo operador 15946: Operador
 2025-10-14 18:22:22.9563|Recebendo operador 15947: Gerencia
 2025-10-14 18:22:22.9876|Recebendo vendedores 948576: KELLYM WALERIA DOS SANTOS
 2025-10-14 18:22:22.9876|Recebendo vendedores 948581: AUGUSTO GORDO TOMASELLI
 2025-10-14 18:22:22.9876|Recebendo vendedores 948583: RODRIGO BECKER DA SILVA
 2025-10-14 18:22:23.1594|Recebendo vendedores 974030: WALTER PRIETSCH NETO
 2025-10-14 18:22:23.1907|Recebendo vendedores 1009223: CONSUMO KOBRASOL
 2025-10-14 18:22:23.2063|Recebendo vendedores 1031583: CONSUMO JAQUELINE PEREIRA VAZ
 2025-10-14 18:22:23.2219|Recebendo vendedores 1031584: CONSUMO RODRIGO BECKER DA SILVA
 2025-10-14 18:22:23.2376|Recebendo vendedores 1031586: CONSUMO WALTER PRIETSCH NETO
 2025-10-14 18:22:23.2845|Recebendo vendedores 1038321: CONUSMO WELVIS TEIXEIRA ALVEZ
 2025-10-14 18:22:23.3001|Recebendo vendedores 1057686: CONSUMO THIAGO PEREIRA VAZ
 2025-10-14 18:22:23.3157|Recebendo vendedores 1057687: CONSUMO LUCAS VAZ DA ROSA
 2025-10-14 18:22:23.3313|Recebendo vendedores 1070825: VENDA PARCEIRO (ACIMA 30% S/ COMISSAO)
 2025-10-14 18:22:23.3626|Recebendo vendedores 1191120: CONSUMO KELLYM WALERIA 
 2025-10-14 18:22:23.5032|Não existe nenhum Contato Comercial pendente de sincronização!
 2025-10-14 18:22:23.7532|Recebendo cliente 1201464: JEANINE TEOFILO
 2025-10-14 18:22:23.9720|Recebendo cliente 1201616: ANDREIA BERTOCCO
 2025-10-14 18:22:24.1907|Recebendo cliente 1202134: ANNA TEIXEIRA 25%
 2025-10-14 18:22:24.3100|Recebendo cliente 1202332: BARBARA BARRETO
 2025-10-14 18:22:24.4110|Recebendo cliente 1202407: ROSANGELA DE SOUZA
 2025-10-14 18:22:24.5080|Recebendo cliente 1202467:  ARTHUR SCHMITZ
 2025-10-14 18:22:24.6510|Recebendo cliente 1202509: SIMONE BOTTEGA
 2025-10-14 18:22:24.7530|Recebendo cliente 1202582: THIAGO DA SILVA FERREIRA
 2025-10-14 18:22:24.8500|Recebendo cliente 1202628: MARISE FERNADES SERAFIM
 2025-10-14 18:22:24.9580|Recebendo cliente 1202750: CAMILA RENNA
 2025-10-14 18:22:25.0630|Recebendo cliente 1202754: CLAUDIA MAGGIONI
 2025-10-14 18:22:25.0890|Recebendo cliente 1202770: PEDRO ROYES
 2025-10-14 18:22:25.1140|Clientes processados: 12 - Enviados: 0 - Recebidos: 12
 2025-10-14 18:22:25.2416|Não existe nenhum Caixa pendente de sincronização!
 2025-10-14 18:22:25.2572|Não existe nenhuma Operação de Caixa pendente de sincronização!
 2025-10-14 18:22:25.6976|Recebendo itens - 15 item(s).
 2025-10-14 18:22:27.9323|Recebendo itens - 15 itens importados de 15
 2025-10-14 18:22:28.3584|Total de itens recebidos: 15
 2025-10-14 18:22:28.6254|Não existe nenhuma promoção pendente de sincronização!
 2025-10-14 18:22:28.8897|Não existe nenhum lote pendente de sincronização!
 2025-10-14 18:22:29.1859|Recebendo Depósito: Geral
 2025-10-14 18:24:41.9665|Recebendo cliente 1201464: JEANINE TEOFILO
 2025-10-14 18:24:42.1384|Recebendo cliente 1201616: ANDREIA BERTOCCO
 2025-10-14 18:24:42.3102|Recebendo cliente 1202134: ANNA TEIXEIRA 25%
 2025-10-14 18:24:42.3884|Recebendo cliente 1202332: BARBARA BARRETO
 2025-10-14 18:24:42.4665|Recebendo cliente 1202407: ROSANGELA DE SOUZA
 2025-10-14 18:24:42.5290|Recebendo cliente 1202467:  ARTHUR SCHMITZ
 2025-10-14 18:24:42.6660|Recebendo cliente 1202509: SIMONE BOTTEGA
 2025-10-14 18:24:42.7490|Recebendo cliente 1202582: THIAGO DA SILVA FERREIRA
 2025-10-14 18:24:42.8490|Recebendo cliente 1202628: MARISE FERNADES SERAFIM
 2025-10-14 18:24:42.9280|Recebendo cliente 1202750: CAMILA RENNA
 2025-10-14 18:24:43.0020|Recebendo cliente 1202754: CLAUDIA MAGGIONI
 2025-10-14 18:24:43.0280|Recebendo cliente 1202770: PEDRO ROYES
 2025-10-14 18:24:43.0460|Clientes processados: 12 - Enviados: 0 - Recebidos: 12
 2025-10-14 18:24:43.9649|Pedido de Venda 4064 - 31538881 enviado com sucesso!
 2025-10-14 18:27:43.6443|Não existe nenhum Caixa pendente de sincronização!
 2025-10-14 18:27:44.4926|Enviando operação de caixa 704 - sangria
 2025-10-14 18:37:53.0036|Recebendo cliente 1201464: JEANINE TEOFILO
 2025-10-14 18:37:53.1906|Recebendo cliente 1201616: ANDREIA BERTOCCO
 2025-10-14 18:37:53.3676|Recebendo cliente 1202134: ANNA TEIXEIRA 25%
 2025-10-14 18:37:53.4376|Recebendo cliente 1202332: BARBARA BARRETO
 2025-10-14 18:37:53.5116|Recebendo cliente 1202407: ROSANGELA DE SOUZA
 2025-10-14 18:37:53.5826|Recebendo cliente 1202467:  ARTHUR SCHMITZ
 2025-10-14 18:37:53.7046|Recebendo cliente 1202509: SIMONE BOTTEGA
 2025-10-14 18:37:53.7746|Recebendo cliente 1202582: THIAGO DA SILVA FERREIRA
 2025-10-14 18:37:53.8476|Recebendo cliente 1202628: MARISE FERNADES SERAFIM
 2025-10-14 18:37:53.9196|Recebendo cliente 1202750: CAMILA RENNA
 2025-10-14 18:37:53.9956|Recebendo cliente 1202754: CLAUDIA MAGGIONI
 2025-10-14 18:37:54.0196|Recebendo cliente 1202770: PEDRO ROYES
 2025-10-14 18:37:54.0367|Clientes processados: 12 - Enviados: 0 - Recebidos: 12
 2025-10-14 18:37:54.2252|Enviando NFC-e - chave: 42251029005632000391650010000134931448665970 . . .
 2025-10-14 18:37:55.2592|Venda: IdLocal 4070: Documento Fiscal Id:3265  -> IdWeb 11015107
 2025-10-14 18:37:55.2592|NFC-e chave: 42251029005632000391650010000134931448665970 enviada com sucesso!
 2025-10-14 18:52:23.4235|Recebendo operador 15946: Operador
 2025-10-14 18:52:23.4392|Recebendo operador 15947: Gerencia
 2025-10-14 18:52:23.4860|Recebendo vendedores 948576: KELLYM WALERIA DOS SANTOS
 2025-10-14 18:52:23.4860|Recebendo vendedores 948581: AUGUSTO GORDO TOMASELLI
 2025-10-14 18:52:23.4860|Recebendo vendedores 948583: RODRIGO BECKER DA SILVA
 2025-10-14 18:52:23.7048|Recebendo vendedores 974030: WALTER PRIETSCH NETO
 2025-10-14 18:52:23.7360|Recebendo vendedores 1009223: CONSUMO KOBRASOL
 2025-10-14 18:52:23.7673|Recebendo vendedores 1031583: CONSUMO JAQUELINE PEREIRA VAZ
 2025-10-14 18:52:23.7829|Recebendo vendedores 1031584: CONSUMO RODRIGO BECKER DA SILVA
 2025-10-14 18:52:23.7985|Recebendo vendedores 1031586: CONSUMO WALTER PRIETSCH NETO
 2025-10-14 18:52:23.8298|Recebendo vendedores 1038321: CONUSMO WELVIS TEIXEIRA ALVEZ
 2025-10-14 18:52:23.8454|Recebendo vendedores 1057686: CONSUMO THIAGO PEREIRA VAZ
 2025-10-14 18:52:23.8767|Recebendo vendedores 1057687: CONSUMO LUCAS VAZ DA ROSA
 2025-10-14 18:52:23.8923|Recebendo vendedores 1070825: VENDA PARCEIRO (ACIMA 30% S/ COMISSAO)
 2025-10-14 18:52:23.9079|Recebendo vendedores 1191120: CONSUMO KELLYM WALERIA 
 2025-10-14 18:52:24.0642|Não existe nenhum Contato Comercial pendente de sincronização!
 2025-10-14 18:52:24.3610|Recebendo cliente 1201464: JEANINE TEOFILO
 2025-10-14 18:52:24.5642|Recebendo cliente 1201616: ANDREIA BERTOCCO
 2025-10-14 18:52:24.7829|Recebendo cliente 1202134: ANNA TEIXEIRA 25%
 2025-10-14 18:52:24.8767|Recebendo cliente 1202332: BARBARA BARRETO
 2025-10-14 18:52:24.9704|Recebendo cliente 1202407: ROSANGELA DE SOUZA
 2025-10-14 18:52:25.1267|Recebendo cliente 1202467:  ARTHUR SCHMITZ
 2025-10-14 18:52:25.4548|Recebendo cliente 1202509: SIMONE BOTTEGA
 2025-10-14 18:52:25.6110|Recebendo cliente 1202582: THIAGO DA SILVA FERREIRA
 2025-10-14 18:52:25.7673|Recebendo cliente 1202628: MARISE FERNADES SERAFIM
 2025-10-14 18:52:25.9235|Recebendo cliente 1202750: CAMILA RENNA
 2025-10-14 18:52:26.1110|Recebendo cliente 1202754: CLAUDIA MAGGIONI
 2025-10-14 18:52:26.1735|Recebendo cliente 1202770: PEDRO ROYES
 2025-10-14 18:52:26.4079|Clientes processados: 12 - Enviados: 0 - Recebidos: 12
 2025-10-14 18:52:26.5642|Não existe nenhum Caixa pendente de sincronização!
 2025-10-14 18:52:26.5798|Não existe nenhuma Operação de Caixa pendente de sincronização!
 2025-10-14 18:52:27.0485|Recebendo itens - 5 item(s).
 2025-10-14 18:52:29.0485|Recebendo itens - 5 itens importados de 5
 2025-10-14 18:52:29.4079|Total de itens recebidos: 5
 2025-10-14 18:52:29.6892|Não existe nenhuma promoção pendente de sincronização!
 2025-10-14 18:52:29.9704|Não existe nenhum lote pendente de sincronização!
 2025-10-14 18:52:30.2360|Recebendo Depósito: Geral
 2025-10-14 18:53:07.9362|Recebendo cliente 1201616: ANDREIA BERTOCCO
 2025-10-14 18:53:08.2642|Recebendo cliente 1202134: ANNA TEIXEIRA 25%
 2025-10-14 18:53:08.3652|Recebendo cliente 1202332: BARBARA BARRETO
 2025-10-14 18:53:08.4432|Recebendo cliente 1202407: ROSANGELA DE SOUZA
 2025-10-14 18:53:08.5302|Recebendo cliente 1202467:  ARTHUR SCHMITZ
 2025-10-14 18:53:08.6652|Recebendo cliente 1202509: SIMONE BOTTEGA
 2025-10-14 18:53:08.7392|Recebendo cliente 1202582: THIAGO DA SILVA FERREIRA
 2025-10-14 18:53:08.8172|Recebendo cliente 1202628: MARISE FERNADES SERAFIM
 2025-10-14 18:53:08.8952|Recebendo cliente 1202750: CAMILA RENNA
 2025-10-14 18:53:08.9672|Recebendo cliente 1202754: CLAUDIA MAGGIONI
 2025-10-14 18:53:08.9912|Recebendo cliente 1202770: PEDRO ROYES
 2025-10-14 18:53:09.0082|Clientes processados: 11 - Enviados: 0 - Recebidos: 11
 2025-10-14 18:53:09.2292|Enviando NFC-e - chave: 42251029005632000391650010000134941432940869 . . .
 2025-10-14 18:53:10.9794|Venda: IdLocal 4071: Documento Fiscal Id:3266  -> IdWeb 11015428
 2025-10-14 18:53:10.9794|NFC-e chave: 42251029005632000391650010000134941432940869 enviada com sucesso!
 2025-10-14 19:22:23.2655|Recebendo operador 15946: Operador
 2025-10-14 19:22:23.2739|Recebendo operador 15947: Gerencia
 2025-10-14 19:22:23.2989|Recebendo vendedores 948576: KELLYM WALERIA DOS SANTOS
 2025-10-14 19:22:23.3029|Recebendo vendedores 948581: AUGUSTO GORDO TOMASELLI
 2025-10-14 19:22:23.3029|Recebendo vendedores 948583: RODRIGO BECKER DA SILVA
 2025-10-14 19:22:23.4619|Recebendo vendedores 974030: WALTER PRIETSCH NETO
 2025-10-14 19:22:23.4819|Recebendo vendedores 1009223: CONSUMO KOBRASOL
 2025-10-14 19:22:23.5259|Recebendo vendedores 1031583: CONSUMO JAQUELINE PEREIRA VAZ
 2025-10-14 19:22:23.5429|Recebendo vendedores 1031584: CONSUMO RODRIGO BECKER DA SILVA
 2025-10-14 19:22:23.5599|Recebendo vendedores 1031586: CONSUMO WALTER PRIETSCH NETO
 2025-10-14 19:22:23.5839|Recebendo vendedores 1038321: CONUSMO WELVIS TEIXEIRA ALVEZ
 2025-10-14 19:22:23.6009|Recebendo vendedores 1057686: CONSUMO THIAGO PEREIRA VAZ
 2025-10-14 19:22:23.6319|Recebendo vendedores 1057687: CONSUMO LUCAS VAZ DA ROSA
 2025-10-14 19:22:23.6489|Recebendo vendedores 1070825: VENDA PARCEIRO (ACIMA 30% S/ COMISSAO)
 2025-10-14 19:22:23.6659|Recebendo vendedores 1191120: CONSUMO KELLYM WALERIA 
 2025-10-14 19:22:23.8149|Não existe nenhum Contato Comercial pendente de sincronização!
 2025-10-14 19:22:24.0609|Recebendo cliente 1201616: ANDREIA BERTOCCO
 2025-10-14 19:22:24.2579|Recebendo cliente 1202134: ANNA TEIXEIRA 25%
 2025-10-14 19:22:24.3529|Recebendo cliente 1202332: BARBARA BARRETO
 2025-10-14 19:22:24.4469|Recebendo cliente 1202407: ROSANGELA DE SOUZA
 2025-10-14 19:22:24.5459|Recebendo cliente 1202467:  ARTHUR SCHMITZ
 2025-10-14 19:22:24.6869|Recebendo cliente 1202509: SIMONE BOTTEGA
 2025-10-14 19:22:24.7769|Recebendo cliente 1202582: THIAGO DA SILVA FERREIRA
 2025-10-14 19:22:24.9119|Recebendo cliente 1202628: MARISE FERNADES SERAFIM
 2025-10-14 19:22:25.0669|Recebendo cliente 1202750: CAMILA RENNA
 2025-10-14 19:22:25.2189|Recebendo cliente 1202754: CLAUDIA MAGGIONI
 2025-10-14 19:22:25.2859|Recebendo cliente 1202770: PEDRO ROYES
 2025-10-14 19:22:25.3169|Clientes processados: 11 - Enviados: 0 - Recebidos: 11
 2025-10-14 19:22:25.4909|Não existe nenhum Caixa pendente de sincronização!
 2025-10-14 19:22:25.4909|Não existe nenhuma Operação de Caixa pendente de sincronização!
 2025-10-14 19:22:25.9459|Recebendo itens - 7 item(s).
 2025-10-14 19:22:28.1135|Recebendo itens - 7 itens importados de 7
 2025-10-14 19:22:28.5071|Total de itens recebidos: 7
 2025-10-14 19:22:28.7472|Não existe nenhuma promoção pendente de sincronização!
 2025-10-14 19:22:29.0073|Não existe nenhum lote pendente de sincronização!
 2025-10-14 19:22:29.2615|Recebendo Depósito: Geral
 2025-10-14 19:41:22.4973|Recebendo cliente 884307: BRUNA CAROLINE TORQUATO
 2025-10-14 19:41:22.7043|Recebendo cliente 1201616: ANDREIA BERTOCCO
 2025-10-14 19:41:22.8903|Recebendo cliente 1202134: ANNA TEIXEIRA 25%
 2025-10-14 19:41:22.9693|Recebendo cliente 1202332: BARBARA BARRETO
 2025-10-14 19:41:23.1003|Recebendo cliente 1202509: SIMONE BOTTEGA
 2025-10-14 19:41:23.1803|Recebendo cliente 1202582: THIAGO DA SILVA FERREIRA
 2025-10-14 19:41:23.2573|Recebendo cliente 1202628: MARISE FERNADES SERAFIM
 2025-10-14 19:41:23.3373|Recebendo cliente 1202750: CAMILA RENNA
 2025-10-14 19:41:23.4153|Recebendo cliente 1202754: CLAUDIA MAGGIONI
 2025-10-14 19:41:23.4403|Recebendo cliente 1202770: PEDRO ROYES
 2025-10-14 19:41:23.4593|Clientes processados: 10 - Enviados: 0 - Recebidos: 10
 2025-10-14 19:41:23.7606|Enviando NFC-e - chave: 42251029005632000391650010000134951518164880 . . .
 2025-10-14 19:41:24.9033|Venda: IdLocal 4072: Documento Fiscal Id:3267  -> IdWeb 11016318
 2025-10-14 19:41:24.9033|NFC-e chave: 42251029005632000391650010000134951518164880 enviada com sucesso!
 2025-10-14 19:52:23.3944|Recebendo operador 15946: Operador
 2025-10-14 19:52:23.4045|Recebendo operador 15947: Gerencia
 2025-10-14 19:52:23.4298|Recebendo vendedores 948576: KELLYM WALERIA DOS SANTOS
 2025-10-14 19:52:23.4298|Recebendo vendedores 948581: AUGUSTO GORDO TOMASELLI
 2025-10-14 19:52:23.4488|Recebendo vendedores 948583: RODRIGO BECKER DA SILVA
 2025-10-14 19:52:23.6108|Recebendo vendedores 974030: WALTER PRIETSCH NETO
 2025-10-14 19:52:23.6368|Recebendo vendedores 1009223: CONSUMO KOBRASOL
 2025-10-14 19:52:23.6538|Recebendo vendedores 1031583: CONSUMO JAQUELINE PEREIRA VAZ
 2025-10-14 19:52:23.6958|Recebendo vendedores 1031584: CONSUMO RODRIGO BECKER DA SILVA
 2025-10-14 19:52:23.7138|Recebendo vendedores 1031586: CONSUMO WALTER PRIETSCH NETO
 2025-10-14 19:52:23.7378|Recebendo vendedores 1038321: CONUSMO WELVIS TEIXEIRA ALVEZ
 2025-10-14 19:52:23.7548|Recebendo vendedores 1057686: CONSUMO THIAGO PEREIRA VAZ
 2025-10-14 19:52:23.7738|Recebendo vendedores 1057687: CONSUMO LUCAS VAZ DA ROSA
 2025-10-14 19:52:23.7908|Recebendo vendedores 1070825: VENDA PARCEIRO (ACIMA 30% S/ COMISSAO)
 2025-10-14 19:52:23.8108|Recebendo vendedores 1191120: CONSUMO KELLYM WALERIA 
 2025-10-14 19:52:23.9848|Não existe nenhum Contato Comercial pendente de sincronização!
 2025-10-14 19:52:24.2578|Recebendo cliente 884307: BRUNA CAROLINE TORQUATO
 2025-10-14 19:52:24.4678|Recebendo cliente 1201616: ANDREIA BERTOCCO
 2025-10-14 19:52:24.6718|Recebendo cliente 1202134: ANNA TEIXEIRA 25%
 2025-10-14 19:52:24.7648|Recebendo cliente 1202332: BARBARA BARRETO
 2025-10-14 19:52:24.8648|Recebendo cliente 1202582: THIAGO DA SILVA FERREIRA
 2025-10-14 19:52:24.9558|Recebendo cliente 1202628: MARISE FERNADES SERAFIM
 2025-10-14 19:52:25.0638|Recebendo cliente 1202750: CAMILA RENNA
 2025-10-14 19:52:25.2288|Recebendo cliente 1202754: CLAUDIA MAGGIONI
 2025-10-14 19:52:25.2898|Recebendo cliente 1202770: PEDRO ROYES
 2025-10-14 19:52:25.3228|Clientes processados: 9 - Enviados: 0 - Recebidos: 9
 2025-10-14 19:52:25.4698|Não existe nenhum Caixa pendente de sincronização!
 2025-10-14 19:52:25.4768|Não existe nenhuma Operação de Caixa pendente de sincronização!
 2025-10-14 19:52:25.9438|Recebendo itens - 2 item(s).
 2025-10-14 19:52:27.1255|Recebendo itens - 2 itens importados de 2
 2025-10-14 19:52:27.4770|Total de itens recebidos: 2
 2025-10-14 19:52:27.7142|Não existe nenhuma promoção pendente de sincronização!
 2025-10-14 19:52:27.9742|Não existe nenhum lote pendente de sincronização!
 2025-10-14 19:52:28.2157|Recebendo Depósito: Geral
 2025-10-14 19:55:40.5736|Enviando caixa 264
 2025-10-14 19:55:40.5736|Não existe nenhuma Operação de Caixa pendente de sincronização!
