 2025-10-09 17:50:34.4943|Recebendo operador 15946: Operador
 2025-10-09 17:50:34.5315|Recebendo operador 15947: Gerencia
 2025-10-09 17:50:34.6253|Recebendo vendedores 948576: KELLYM WALERIA DOS SANTOS
 2025-10-09 17:50:34.6253|Recebendo vendedores 948581: AUGUSTO GORDO TOMASELLI
 2025-10-09 17:50:34.6409|Recebendo vendedores 948583: RODRIGO BECKER DA SILVA
 2025-10-09 17:50:34.7972|Recebendo vendedores 974030: WALTER PRIETSCH NETO
 2025-10-09 17:50:34.8277|Recebendo vendedores 1009223: CONSUMO KOBRASOL
 2025-10-09 17:50:34.8593|Recebendo vendedores 1031583: CONSUMO JAQUELINE PEREIRA VAZ
 2025-10-09 17:50:34.8754|Recebendo vendedores 1031584: CONSUMO RODRIGO BECKER DA SILVA
 2025-10-09 17:50:34.9066|Recebendo vendedores 1031586: CONSUMO WALTER PRIETSCH NETO
 2025-10-09 17:50:34.9222|Recebendo vendedores 1038321: CONUSMO WELVIS TEIXEIRA ALVEZ
 2025-10-09 17:50:34.9554|Recebendo vendedores 1057686: CONSUMO THIAGO PEREIRA VAZ
 2025-10-09 17:50:34.9747|Recebendo vendedores 1057687: CONSUMO LUCAS VAZ DA ROSA
 2025-10-09 17:50:34.9959|Recebendo vendedores 1070825: VENDA PARCEIRO (ACIMA 30% S/ COMISSAO)
 2025-10-09 17:50:35.0159|Recebendo vendedores 1191120: CONSUMO KELLYM WALERIA 
 2025-10-09 17:50:35.1727|Não existe nenhum Contato Comercial pendente de sincronização!
 2025-10-09 17:50:35.5103|Recebendo cliente 1066161: CLAUDIA HEUSI SILVEIRA
 2025-10-09 17:50:35.5404|Recebendo cliente 1194129: GUSTAVO SOUZA
 2025-10-09 17:50:35.5717|Recebendo cliente 1194166: ISABELE DOBLE
 2025-10-09 17:50:35.6720|Recebendo cliente 1194267: GUSTAVO LIMA
 2025-10-09 17:50:35.6877|Recebendo cliente 1194327: FERNANDO CUNHA
 2025-10-09 17:50:35.9129|Recebendo cliente 1194344: DALTON CAMARGO
 2025-10-09 17:50:36.1095|Recebendo cliente 1194365: EDUARDA LOHN
 2025-10-09 17:50:36.3126|Recebendo cliente 1194422: SCHEILA CURCIO MACHADO
 2025-10-09 17:50:36.4063|Recebendo cliente 1194477: SABRINA ALVARENGA
 2025-10-09 17:50:36.4220|Clientes processados: 9 - Enviados: 0 - Recebidos: 9
 2025-10-09 17:50:36.5626|Não existe nenhum Caixa pendente de sincronização!
 2025-10-09 17:50:36.6095|Não existe nenhuma Operação de Caixa pendente de sincronização!
 2025-10-09 17:50:37.3753|Recebendo itens - página 1 de 18
 2025-10-09 17:50:49.3441|Recebendo itens - 200 itens importados de 3430
 2025-10-09 17:50:50.0334|Recebendo itens - página 2 de 18
 2025-10-09 17:51:03.1729|Recebendo itens - 400 itens importados de 3430
 2025-10-09 17:51:03.6885|Recebendo itens - página 3 de 18
 2025-10-09 17:51:19.3917|Recebendo itens - 600 itens importados de 3430
 2025-10-09 17:51:19.9230|Recebendo itens - página 4 de 18
 2025-10-09 17:51:38.5621|Recebendo itens - 800 itens importados de 3430
 2025-10-09 17:51:39.0778|Recebendo itens - página 5 de 18
 2025-10-09 17:52:00.8910|Recebendo itens - 1000 itens importados de 3430
 2025-10-09 17:52:01.3754|Recebendo itens - página 6 de 18
 2025-10-09 17:52:26.1165|Recebendo itens - 1200 itens importados de 3430
 2025-10-09 17:52:26.6165|Recebendo itens - página 7 de 18
 2025-10-09 17:52:54.1720|Recebendo itens - 1400 itens importados de 3430
 2025-10-09 17:52:54.6408|Recebendo itens - página 8 de 18
 2025-10-09 17:53:25.0001|Recebendo itens - 1600 itens importados de 3430
 2025-10-09 17:53:25.5190|Recebendo itens - página 9 de 18
 2025-10-09 17:53:58.6656|Recebendo itens - 1800 itens importados de 3430
 2025-10-09 17:53:59.1343|Recebendo itens - página 10 de 18
 2025-10-09 17:54:35.3237|Recebendo itens - 2000 itens importados de 3430
 2025-10-09 17:54:36.0927|Recebendo itens - página 11 de 18
 2025-10-09 17:55:14.5514|Recebendo itens - 2200 itens importados de 3430
 2025-10-09 17:55:15.0358|Recebendo itens - página 12 de 18
 2025-10-09 17:55:56.5103|Recebendo itens - 2400 itens importados de 3430
 2025-10-09 17:55:57.0416|Recebendo itens - página 13 de 18
 2025-10-09 17:56:41.3291|Recebendo itens - 2600 itens importados de 3430
 2025-10-09 17:56:41.8198|Recebendo itens - página 14 de 18
 2025-10-09 17:57:29.2951|Recebendo itens - 2800 itens importados de 3430
 2025-10-09 17:57:29.7389|Recebendo itens - página 15 de 18
 2025-10-09 17:58:19.2909|Recebendo itens - 3000 itens importados de 3430
 2025-10-09 17:58:19.7909|Recebendo itens - página 16 de 18
 2025-10-09 17:59:12.1104|Recebendo itens - 3200 itens importados de 3430
 2025-10-09 17:59:12.6104|Recebendo itens - página 17 de 18
 2025-10-09 18:00:07.9243|Recebendo itens - 3400 itens importados de 3430
 2025-10-09 18:00:08.4868|Recebendo itens - página 18 de 18
 2025-10-09 18:00:17.4399|Recebendo itens - 3430 itens importados de 3430
 2025-10-09 18:00:17.7896|Total de itens recebidos: 3430
 2025-10-09 18:00:18.7739|Não existe nenhuma promoção pendente de sincronização!
 2025-10-09 18:00:19.2896|Não existe nenhum lote pendente de sincronização!
 2025-10-09 18:00:19.8052|Recebendo Depósito: Geral
 2025-10-09 18:20:33.6632|Recebendo operador 15946: Operador
 2025-10-09 18:20:33.6788|Recebendo operador 15947: Gerencia
 2025-10-09 18:20:33.7413|Recebendo vendedores 948576: KELLYM WALERIA DOS SANTOS
 2025-10-09 18:20:33.7569|Recebendo vendedores 948581: AUGUSTO GORDO TOMASELLI
 2025-10-09 18:20:33.7569|Recebendo vendedores 948583: RODRIGO BECKER DA SILVA
 2025-10-09 18:20:33.8976|Recebendo vendedores 974030: WALTER PRIETSCH NETO
 2025-10-09 18:20:33.9288|Recebendo vendedores 1009223: CONSUMO KOBRASOL
 2025-10-09 18:20:33.9444|Recebendo vendedores 1031583: CONSUMO JAQUELINE PEREIRA VAZ
 2025-10-09 18:20:33.9757|Recebendo vendedores 1031584: CONSUMO RODRIGO BECKER DA SILVA
 2025-10-09 18:20:34.0069|Recebendo vendedores 1031586: CONSUMO WALTER PRIETSCH NETO
 2025-10-09 18:20:34.0226|Recebendo vendedores 1038321: CONUSMO WELVIS TEIXEIRA ALVEZ
 2025-10-09 18:20:34.0382|Recebendo vendedores 1057686: CONSUMO THIAGO PEREIRA VAZ
 2025-10-09 18:20:34.0538|Recebendo vendedores 1057687: CONSUMO LUCAS VAZ DA ROSA
 2025-10-09 18:20:34.0694|Recebendo vendedores 1070825: VENDA PARCEIRO (ACIMA 30% S/ COMISSAO)
 2025-10-09 18:20:34.1007|Recebendo vendedores 1191120: CONSUMO KELLYM WALERIA 
 2025-10-09 18:20:34.2413|Não existe nenhum Contato Comercial pendente de sincronização!
 2025-10-09 18:20:34.4913|Recebendo cliente 1066161: CLAUDIA HEUSI SILVEIRA
 2025-10-09 18:20:34.5226|Recebendo cliente 1194129: GUSTAVO SOUZA
 2025-10-09 18:20:34.5382|Recebendo cliente 1194166: ISABELE DOBLE
 2025-10-09 18:20:34.6319|Recebendo cliente 1194267: GUSTAVO LIMA
 2025-10-09 18:20:34.6632|Recebendo cliente 1194327: FERNANDO CUNHA
 2025-10-09 18:20:34.8663|Recebendo cliente 1194344: DALTON CAMARGO
 2025-10-09 18:20:35.1163|Recebendo cliente 1194365: EDUARDA LOHN
 2025-10-09 18:20:35.5069|Recebendo cliente 1194422: SCHEILA CURCIO MACHADO
 2025-10-09 18:20:35.6007|Recebendo cliente 1194477: SABRINA ALVARENGA
 2025-10-09 18:20:35.6163|Clientes processados: 9 - Enviados: 0 - Recebidos: 9
 2025-10-09 18:20:35.7413|Não existe nenhum Caixa pendente de sincronização!
 2025-10-09 18:20:35.7569|Não existe nenhuma Operação de Caixa pendente de sincronização!
 2025-10-09 18:20:36.2413|Não existe nenhum produto/serviço pendente de sincronização!
 2025-10-09 18:20:36.4913|Não existe nenhuma promoção pendente de sincronização!
 2025-10-09 18:20:36.7413|Não existe nenhum lote pendente de sincronização!
 2025-10-09 18:20:36.9757|Recebendo Depósito: Geral
 2025-10-09 18:37:50.0926|Recebendo operador 15946: Operador
 2025-10-09 18:37:50.1016|Recebendo operador 15947: Gerencia
 2025-10-09 18:37:50.1716|Recebendo vendedores 948576: KELLYM WALERIA DOS SANTOS
 2025-10-09 18:37:50.1756|Recebendo vendedores 948581: AUGUSTO GORDO TOMASELLI
 2025-10-09 18:37:50.1756|Recebendo vendedores 948583: RODRIGO BECKER DA SILVA
 2025-10-09 18:37:50.3366|Recebendo vendedores 974030: WALTER PRIETSCH NETO
 2025-10-09 18:37:50.3686|Recebendo vendedores 1009223: CONSUMO KOBRASOL
 2025-10-09 18:37:50.3876|Recebendo vendedores 1031583: CONSUMO JAQUELINE PEREIRA VAZ
 2025-10-09 18:37:50.4056|Recebendo vendedores 1031584: CONSUMO RODRIGO BECKER DA SILVA
 2025-10-09 18:37:50.4266|Recebendo vendedores 1031586: CONSUMO WALTER PRIETSCH NETO
 2025-10-09 18:37:50.4476|Recebendo vendedores 1038321: CONUSMO WELVIS TEIXEIRA ALVEZ
 2025-10-09 18:37:50.4866|Recebendo vendedores 1057686: CONSUMO THIAGO PEREIRA VAZ
 2025-10-09 18:37:50.5046|Recebendo vendedores 1057687: CONSUMO LUCAS VAZ DA ROSA
 2025-10-09 18:37:50.5256|Recebendo vendedores 1070825: VENDA PARCEIRO (ACIMA 30% S/ COMISSAO)
 2025-10-09 18:37:50.5436|Recebendo vendedores 1191120: CONSUMO KELLYM WALERIA 
 2025-10-09 18:37:50.6990|Não existe nenhum Contato Comercial pendente de sincronização!
 2025-10-09 18:37:51.1164|Enviando cliente 14215: EMILI FLORES
 2025-10-09 18:37:51.3351|Recebendo cliente 1066161: CLAUDIA HEUSI SILVEIRA
 2025-10-09 18:37:51.4289|Recebendo cliente 1194267: GUSTAVO LIMA
 2025-10-09 18:37:51.4601|Recebendo cliente 1194327: FERNANDO CUNHA
 2025-10-09 18:37:51.7414|Recebendo cliente 1194344: DALTON CAMARGO
 2025-10-09 18:37:51.9445|Recebendo cliente 1194365: EDUARDA LOHN
 2025-10-09 18:37:52.1632|Recebendo cliente 1194422: SCHEILA CURCIO MACHADO
 2025-10-09 18:37:52.3195|Recebendo cliente 1194477: SABRINA ALVARENGA
 2025-10-09 18:37:52.7257|Recebendo cliente 1194734: IVAN SILVA
 2025-10-09 18:37:52.7414|Clientes processados: 9 - Enviados: 1 - Recebidos: 8
 2025-10-09 18:43:18.4529|Recebendo cliente 1066161: CLAUDIA HEUSI SILVEIRA
 2025-10-09 18:43:18.4769|Recebendo cliente 1194327: FERNANDO CUNHA
 2025-10-09 18:43:18.6729|Recebendo cliente 1194344: DALTON CAMARGO
 2025-10-09 18:43:18.8579|Recebendo cliente 1194365: EDUARDA LOHN
 2025-10-09 18:43:19.0404|Recebendo cliente 1194422: SCHEILA CURCIO MACHADO
 2025-10-09 18:43:19.1204|Recebendo cliente 1194477: SABRINA ALVARENGA
 2025-10-09 18:43:19.3054|Recebendo cliente 1194734: IVAN SILVA
 2025-10-09 18:43:19.3224|Clientes processados: 7 - Enviados: 0 - Recebidos: 7
 2025-10-09 18:43:19.5350|Enviando NFC-e - chave: 42251029005632000391650010000134151248359268 . . .
 2025-10-09 18:43:20.5711|Venda: IdLocal 3952: Documento Fiscal Id:3185  -> IdWeb 10935995
 2025-10-09 18:43:20.5711|NFC-e chave: 42251029005632000391650010000134151248359268 enviada com sucesso!
 2025-10-09 18:49:48.6416|Recebendo cliente 1066161: CLAUDIA HEUSI SILVEIRA
 2025-10-09 18:49:48.6666|Recebendo cliente 1194327: FERNANDO CUNHA
 2025-10-09 18:49:48.8536|Recebendo cliente 1194344: DALTON CAMARGO
 2025-10-09 18:49:49.0316|Recebendo cliente 1194365: EDUARDA LOHN
 2025-10-09 18:49:49.2126|Recebendo cliente 1194422: SCHEILA CURCIO MACHADO
 2025-10-09 18:49:49.2896|Recebendo cliente 1194477: SABRINA ALVARENGA
 2025-10-09 18:49:49.5666|Recebendo cliente 1194734: IVAN SILVA
 2025-10-09 18:49:49.6986|Recebendo cliente 1194748: EMILI FLORES
 2025-10-09 18:49:49.7206|Clientes processados: 8 - Enviados: 0 - Recebidos: 8
 2025-10-09 18:49:49.9226|Enviando NFC-e - chave: 42251029005632000391650010000134161895658975 . . .
 2025-10-09 18:49:51.3049|Venda: IdLocal 3953: Documento Fiscal Id:3186  -> IdWeb 10936158
 2025-10-09 18:49:51.3049|NFC-e chave: 42251029005632000391650010000134161895658975 enviada com sucesso!
 2025-10-09 18:50:33.8263|Recebendo operador 15946: Operador
 2025-10-09 18:50:33.8373|Recebendo operador 15947: Gerencia
 2025-10-09 18:50:33.8673|Recebendo vendedores 948576: KELLYM WALERIA DOS SANTOS
 2025-10-09 18:50:33.8673|Recebendo vendedores 948581: AUGUSTO GORDO TOMASELLI
 2025-10-09 18:50:33.8673|Recebendo vendedores 948583: RODRIGO BECKER DA SILVA
 2025-10-09 18:50:34.0453|Recebendo vendedores 974030: WALTER PRIETSCH NETO
 2025-10-09 18:50:34.0683|Recebendo vendedores 1009223: CONSUMO KOBRASOL
 2025-10-09 18:50:34.1003|Recebendo vendedores 1031583: CONSUMO JAQUELINE PEREIRA VAZ
 2025-10-09 18:50:34.1203|Recebendo vendedores 1031584: CONSUMO RODRIGO BECKER DA SILVA
 2025-10-09 18:50:34.1533|Recebendo vendedores 1031586: CONSUMO WALTER PRIETSCH NETO
 2025-10-09 18:50:34.1723|Recebendo vendedores 1038321: CONUSMO WELVIS TEIXEIRA ALVEZ
 2025-10-09 18:50:34.1943|Recebendo vendedores 1057686: CONSUMO THIAGO PEREIRA VAZ
 2025-10-09 18:50:34.2133|Recebendo vendedores 1057687: CONSUMO LUCAS VAZ DA ROSA
 2025-10-09 18:50:34.2343|Recebendo vendedores 1070825: VENDA PARCEIRO (ACIMA 30% S/ COMISSAO)
 2025-10-09 18:50:34.2533|Recebendo vendedores 1191120: CONSUMO KELLYM WALERIA 
 2025-10-09 18:50:34.4023|Não existe nenhum Contato Comercial pendente de sincronização!
 2025-10-09 18:50:34.6463|Recebendo cliente 1066161: CLAUDIA HEUSI SILVEIRA
 2025-10-09 18:50:34.6723|Recebendo cliente 1194327: FERNANDO CUNHA
 2025-10-09 18:50:34.8823|Recebendo cliente 1194344: DALTON CAMARGO
 2025-10-09 18:50:35.0953|Recebendo cliente 1194365: EDUARDA LOHN
 2025-10-09 18:50:35.3023|Recebendo cliente 1194422: SCHEILA CURCIO MACHADO
 2025-10-09 18:50:35.4033|Recebendo cliente 1194477: SABRINA ALVARENGA
 2025-10-09 18:50:35.7883|Recebendo cliente 1194734: IVAN SILVA
 2025-10-09 18:50:35.8913|Recebendo cliente 1194748: EMILI FLORES
 2025-10-09 18:50:35.9133|Clientes processados: 8 - Enviados: 0 - Recebidos: 8
 2025-10-09 18:50:36.0323|Não existe nenhum Caixa pendente de sincronização!
 2025-10-09 18:50:36.0353|Não existe nenhuma Operação de Caixa pendente de sincronização!
 2025-10-09 18:50:36.4563|Recebendo itens - 6 item(s).
 2025-10-09 18:50:37.5495|Recebendo itens - 6 itens importados de 6
 2025-10-09 18:50:37.9089|Total de itens recebidos: 6
 2025-10-09 18:50:38.2057|Não existe nenhuma promoção pendente de sincronização!
 2025-10-09 18:50:38.4557|Não existe nenhum lote pendente de sincronização!
 2025-10-09 18:50:38.7214|Recebendo Depósito: Geral
 2025-10-09 19:00:13.8830|Recebendo operador 15946: Operador
 2025-10-09 19:00:14.0260|Recebendo operador 15947: Gerencia
 2025-10-09 19:00:14.4600|Recebendo vendedores 948576: KELLYM WALERIA DOS SANTOS
 2025-10-09 19:00:14.4860|Recebendo vendedores 948581: AUGUSTO GORDO TOMASELLI
 2025-10-09 19:00:14.5080|Recebendo vendedores 948583: RODRIGO BECKER DA SILVA
 2025-10-09 19:00:14.6050|Recebendo vendedores 974030: WALTER PRIETSCH NETO
 2025-10-09 19:00:14.6270|Recebendo vendedores 1009223: CONSUMO KOBRASOL
 2025-10-09 19:00:14.6520|Recebendo vendedores 1031583: CONSUMO JAQUELINE PEREIRA VAZ
 2025-10-09 19:00:14.6740|Recebendo vendedores 1031584: CONSUMO RODRIGO BECKER DA SILVA
 2025-10-09 19:00:14.6990|Recebendo vendedores 1031586: CONSUMO WALTER PRIETSCH NETO
 2025-10-09 19:00:14.7210|Recebendo vendedores 1038321: CONUSMO WELVIS TEIXEIRA ALVEZ
 2025-10-09 19:00:14.7450|Recebendo vendedores 1057686: CONSUMO THIAGO PEREIRA VAZ
 2025-10-09 19:00:14.7700|Recebendo vendedores 1057687: CONSUMO LUCAS VAZ DA ROSA
 2025-10-09 19:00:14.7930|Recebendo vendedores 1070825: VENDA PARCEIRO (ACIMA 30% S/ COMISSAO)
 2025-10-09 19:00:14.8180|Recebendo vendedores 1191120: CONSUMO KELLYM WALERIA 
 2025-10-09 19:00:15.0730|Não existe nenhum Contato Comercial pendente de sincronização!
 2025-10-09 19:00:15.5685|Enviando cliente 14217: ARIELY OSELAME
 2025-10-09 19:00:15.7872|Clientes processados: 1 - Enviados: 1 - Recebidos: 0
 2025-10-09 19:00:34.1329|Recebendo cliente 1066161: CLAUDIA HEUSI SILVEIRA
 2025-10-09 19:00:34.1739|Recebendo cliente 1194327: FERNANDO CUNHA
 2025-10-09 19:00:34.3709|Recebendo cliente 1194344: DALTON CAMARGO
 2025-10-09 19:00:34.5789|Recebendo cliente 1194365: EDUARDA LOHN
 2025-10-09 19:00:34.7699|Recebendo cliente 1194422: SCHEILA CURCIO MACHADO
 2025-10-09 19:00:34.8469|Recebendo cliente 1194477: SABRINA ALVARENGA
 2025-10-09 19:00:35.0279|Recebendo cliente 1194734: IVAN SILVA
 2025-10-09 19:00:35.1069|Recebendo cliente 1194748: EMILI FLORES
 2025-10-09 19:00:35.1839|Recebendo cliente 1194793: ARIELY OSELAME
 2025-10-09 19:00:35.2019|Clientes processados: 9 - Enviados: 0 - Recebidos: 9
 2025-10-09 19:00:35.3998|Enviando NFC-e - chave: 42251029005632000391650010000134171241619935 . . .
 2025-10-09 19:00:36.4147|Venda: IdLocal 3954: Documento Fiscal Id:3187  -> IdWeb 10936431
 2025-10-09 19:00:36.4147|NFC-e chave: 42251029005632000391650010000134171241619935 enviada com sucesso!
 2025-10-09 19:04:30.1308|Recebendo cliente 1066161: CLAUDIA HEUSI SILVEIRA
 2025-10-09 19:04:30.3538|Recebendo cliente 1194365: EDUARDA LOHN
 2025-10-09 19:04:30.5388|Recebendo cliente 1194422: SCHEILA CURCIO MACHADO
 2025-10-09 19:04:30.6148|Recebendo cliente 1194477: SABRINA ALVARENGA
 2025-10-09 19:04:30.8118|Recebendo cliente 1194734: IVAN SILVA
 2025-10-09 19:04:30.9088|Recebendo cliente 1194748: EMILI FLORES
 2025-10-09 19:04:30.9918|Recebendo cliente 1194793: ARIELY OSELAME
 2025-10-09 19:04:31.0118|Clientes processados: 7 - Enviados: 0 - Recebidos: 7
 2025-10-09 19:04:32.7627|Pedido de Venda 3955 - 31454786 enviado com sucesso!
 2025-10-09 19:20:33.8669|Recebendo operador 15946: Operador
 2025-10-09 19:20:33.8790|Recebendo operador 15947: Gerencia
 2025-10-09 19:20:33.9090|Recebendo vendedores 948576: KELLYM WALERIA DOS SANTOS
 2025-10-09 19:20:33.9130|Recebendo vendedores 948581: AUGUSTO GORDO TOMASELLI
 2025-10-09 19:20:33.9130|Recebendo vendedores 948583: RODRIGO BECKER DA SILVA
 2025-10-09 19:20:34.0740|Recebendo vendedores 974030: WALTER PRIETSCH NETO
 2025-10-09 19:20:34.0940|Recebendo vendedores 1009223: CONSUMO KOBRASOL
 2025-10-09 19:20:34.1310|Recebendo vendedores 1031583: CONSUMO JAQUELINE PEREIRA VAZ
 2025-10-09 19:20:34.1490|Recebendo vendedores 1031584: CONSUMO RODRIGO BECKER DA SILVA
 2025-10-09 19:20:34.1700|Recebendo vendedores 1031586: CONSUMO WALTER PRIETSCH NETO
 2025-10-09 19:20:34.1880|Recebendo vendedores 1038321: CONUSMO WELVIS TEIXEIRA ALVEZ
 2025-10-09 19:20:34.2070|Recebendo vendedores 1057686: CONSUMO THIAGO PEREIRA VAZ
 2025-10-09 19:20:34.2250|Recebendo vendedores 1057687: CONSUMO LUCAS VAZ DA ROSA
 2025-10-09 19:20:34.2460|Recebendo vendedores 1070825: VENDA PARCEIRO (ACIMA 30% S/ COMISSAO)
 2025-10-09 19:20:34.2630|Recebendo vendedores 1191120: CONSUMO KELLYM WALERIA 
 2025-10-09 19:20:34.4030|Não existe nenhum Contato Comercial pendente de sincronização!
 2025-10-09 19:20:34.7120|Recebendo cliente 1066161: CLAUDIA HEUSI SILVEIRA
 2025-10-09 19:20:35.0480|Recebendo cliente 1194365: EDUARDA LOHN
 2025-10-09 19:20:35.2570|Recebendo cliente 1194422: SCHEILA CURCIO MACHADO
 2025-10-09 19:20:35.3480|Recebendo cliente 1194477: SABRINA ALVARENGA
 2025-10-09 19:20:35.5510|Recebendo cliente 1194734: IVAN SILVA
 2025-10-09 19:20:35.6440|Recebendo cliente 1194748: EMILI FLORES
 2025-10-09 19:20:35.7390|Recebendo cliente 1194793: ARIELY OSELAME
 2025-10-09 19:20:35.7600|Clientes processados: 7 - Enviados: 0 - Recebidos: 7
 2025-10-09 19:20:35.8720|Não existe nenhum Caixa pendente de sincronização!
 2025-10-09 19:20:35.8720|Não existe nenhuma Operação de Caixa pendente de sincronização!
 2025-10-09 19:20:36.2967|Recebendo itens - 1 item(s).
 2025-10-09 19:20:36.5957|Recebendo itens - 1 itens importados de 1
 2025-10-09 19:20:36.9497|Total de itens recebidos: 1
 2025-10-09 19:20:37.2183|Não existe nenhuma promoção pendente de sincronização!
 2025-10-09 19:20:37.4844|Não existe nenhum lote pendente de sincronização!
 2025-10-09 19:20:37.7778|Recebendo Depósito: Geral
 2025-10-09 19:31:31.8863|Enviando cliente 10336: JOICE SCHMITT
 2025-10-09 19:31:32.1673|Recebendo cliente 1066161: CLAUDIA HEUSI SILVEIRA
 2025-10-09 19:31:32.3493|Recebendo cliente 1194422: SCHEILA CURCIO MACHADO
 2025-10-09 19:31:32.5203|Recebendo cliente 1194477: SABRINA ALVARENGA
 2025-10-09 19:31:32.7003|Recebendo cliente 1194734: IVAN SILVA
 2025-10-09 19:31:32.7753|Recebendo cliente 1194748: EMILI FLORES
 2025-10-09 19:31:32.8513|Recebendo cliente 1194793: ARIELY OSELAME
 2025-10-09 19:31:32.8673|Clientes processados: 7 - Enviados: 1 - Recebidos: 6
 2025-10-09 19:36:57.0313|Recebendo cliente 1194477: SABRINA ALVARENGA
 2025-10-09 19:36:57.3113|Recebendo cliente 1194734: IVAN SILVA
 2025-10-09 19:36:57.3803|Recebendo cliente 1194748: EMILI FLORES
 2025-10-09 19:36:57.4613|Recebendo cliente 1194793: ARIELY OSELAME
 2025-10-09 19:36:57.4753|Clientes processados: 4 - Enviados: 0 - Recebidos: 4
 2025-10-09 19:36:57.6845|Enviando NFC-e - chave: 42251029005632000391650010000134181847828739 . . .
 2025-10-09 19:36:58.7225|Venda: IdLocal 3956: Documento Fiscal Id:3188  -> IdWeb 10937229
 2025-10-09 19:36:58.7225|NFC-e chave: 42251029005632000391650010000134181847828739 enviada com sucesso!
 2025-10-09 19:48:42.8723|Não existe nenhum Caixa pendente de sincronização!
 2025-10-09 19:48:43.6494|Enviando operação de caixa 680 - sangria
 2025-10-09 19:50:33.4900|Recebendo operador 15946: Operador
 2025-10-09 19:50:33.5056|Recebendo operador 15947: Gerencia
 2025-10-09 19:50:33.5213|Recebendo vendedores 948576: KELLYM WALERIA DOS SANTOS
 2025-10-09 19:50:33.5369|Recebendo vendedores 948581: AUGUSTO GORDO TOMASELLI
 2025-10-09 19:50:33.5369|Recebendo vendedores 948583: RODRIGO BECKER DA SILVA
 2025-10-09 19:50:33.7713|Recebendo vendedores 974030: WALTER PRIETSCH NETO
 2025-10-09 19:50:33.8338|Recebendo vendedores 1009223: CONSUMO KOBRASOL
 2025-10-09 19:50:33.8494|Recebendo vendedores 1031583: CONSUMO JAQUELINE PEREIRA VAZ
 2025-10-09 19:50:33.8963|Recebendo vendedores 1031584: CONSUMO RODRIGO BECKER DA SILVA
 2025-10-09 19:50:33.9431|Recebendo vendedores 1031586: CONSUMO WALTER PRIETSCH NETO
 2025-10-09 19:50:33.9744|Recebendo vendedores 1038321: CONUSMO WELVIS TEIXEIRA ALVEZ
 2025-10-09 19:50:34.0056|Recebendo vendedores 1057686: CONSUMO THIAGO PEREIRA VAZ
 2025-10-09 19:50:34.0369|Recebendo vendedores 1057687: CONSUMO LUCAS VAZ DA ROSA
 2025-10-09 19:50:34.0525|Recebendo vendedores 1070825: VENDA PARCEIRO (ACIMA 30% S/ COMISSAO)
 2025-10-09 19:50:34.0681|Recebendo vendedores 1191120: CONSUMO KELLYM WALERIA 
 2025-10-09 19:50:34.2088|Não existe nenhum Contato Comercial pendente de sincronização!
 2025-10-09 19:50:34.4588|Recebendo cliente 1046017: JOICE SCHMITT
 2025-10-09 19:50:34.5525|Recebendo cliente 1194477: SABRINA ALVARENGA
 2025-10-09 19:50:34.7400|Recebendo cliente 1194734: IVAN SILVA
 2025-10-09 19:50:34.8338|Recebendo cliente 1194748: EMILI FLORES
 2025-10-09 19:50:34.9275|Recebendo cliente 1194793: ARIELY OSELAME
 2025-10-09 19:50:34.9588|Clientes processados: 5 - Enviados: 0 - Recebidos: 5
 2025-10-09 19:50:35.0681|Não existe nenhum Caixa pendente de sincronização!
 2025-10-09 19:50:35.0681|Não existe nenhuma Operação de Caixa pendente de sincronização!
 2025-10-09 19:50:35.4744|Recebendo itens - 2 item(s).
 2025-10-09 19:50:36.3494|Recebendo itens - 2 itens importados de 2
 2025-10-09 19:50:36.6931|Total de itens recebidos: 2
 2025-10-09 19:50:36.9588|Não existe nenhuma promoção pendente de sincronização!
 2025-10-09 19:50:37.2244|Não existe nenhum lote pendente de sincronização!
 2025-10-09 19:50:37.4744|Recebendo Depósito: Geral
 2025-10-09 19:56:36.0419|Enviando caixa 259
 2025-10-09 19:56:36.0419|Não existe nenhuma Operação de Caixa pendente de sincronização!
