 2025-10-15 15:25:36.9602|Enviando caixa 265
 2025-10-15 15:25:36.9752|Não existe nenhuma Operação de Caixa pendente de sincronização!
 2025-10-15 15:25:37.8022|Recebendo cliente 1162203: TANIA MARA FRANCISCO FERNANDES
 2025-10-15 15:25:39.4299|Recebendo cliente 1162216: CAMILA FRANCISCO
 2025-10-15 15:25:41.0081|Recebendo cliente 1162241: SABRINA DA ROSA TRINDADE
 2025-10-15 15:25:42.0081|Recebendo cliente 1162322: CAROLINE MAFRA
 2025-10-15 15:25:43.5862|Recebendo cliente 1162577: JANAINA DEBIASI
 2025-10-15 15:25:43.8362|Recebendo cliente 1162583: JULIA SILVA GONÇALVES
 2025-10-15 15:25:45.3987|Recebendo cliente 1162604: GABRIEL DA COSTA IVANOVICHI
 2025-10-15 15:25:46.3987|Recebendo cliente 1162753: MAYARA MARTINS
 2025-10-15 15:25:47.3987|Recebendo cliente 1163096: TATIANE DO COUTO
 2025-10-15 15:25:47.6643|Recebendo cliente 1163168: MANUELA MAGG
 2025-10-15 15:25:48.6643|Recebendo cliente 1163170: FERNANDA KOERICH
 2025-10-15 15:25:48.9299|Recebendo cliente 1163185: TIAGO OMODEI
 2025-10-15 15:25:49.1799|Recebendo cliente 1163190: RAFAEL OMODEI
 2025-10-15 15:25:50.1956|Recebendo cliente 1163209: RAFAEL DE OLIVEIRA
 2025-10-15 15:25:51.1956|Recebendo cliente 1163214: TIAGO VALTRICK
 2025-10-15 15:25:51.4456|Recebendo cliente 1163318:  LUCIANE ALVES
 2025-10-15 15:25:51.7112|Recebendo cliente 1164143: SILVIA DELVALE
 2025-10-15 15:25:51.9768|Recebendo cliente 1164171: JOSE LUIZ SOARES
 2025-10-15 15:25:52.2268|Recebendo cliente 1164484: MARIA SILVIA
 2025-10-15 15:25:53.2268|Recebendo cliente 1164568: RENATA ARCENIO
 2025-10-15 15:25:54.2424|Recebendo cliente 1164750: CLAUDETE FINGER
 2025-10-15 15:25:54.5080|Recebendo cliente 1164828: GISLAINE
 2025-10-15 15:25:56.0862|Recebendo cliente 1164880: DIONILTON FERRAZ DA SILVA
 2025-10-15 15:25:57.0862|Recebendo cliente 1164881: VINICIUS REIS
 2025-10-15 15:25:57.3362|Recebendo cliente 1164898: RODNEI
 2025-10-15 15:25:58.3362|Recebendo cliente 1165052: PEDRO VALENÇA
 2025-10-15 15:25:59.9143|Recebendo cliente 1165177: FABRICIO PRONER
 2025-10-15 15:26:00.9143|Recebendo cliente 1165200: JULIANA ESPINDOLA
 2025-10-15 15:26:01.9299|Recebendo cliente 1165416: GUILHERME ZIMERMANN
 2025-10-15 15:26:02.1956|Recebendo cliente 1165459: FERNANDO SPILLER
 2025-10-15 15:26:02.4612|Recebendo cliente 1165584: MARCOS RAMALHO
 2025-10-15 15:26:02.7112|Recebendo cliente 1165772: MATHEUS GONCALVES SAGAZ
 2025-10-15 15:26:03.0705|Recebendo cliente 1165824: ARTHUR
 2025-10-15 15:26:03.3206|Recebendo cliente 1166456: AMANDA MARQUIS PEREIRA
 2025-10-15 15:26:04.8831|Recebendo cliente 1166464: ELIZANDRA FERNANDES
 2025-10-15 15:26:05.1487|Recebendo cliente 1166779: NATALIA SERENATO
 2025-10-15 15:26:05.3987|Recebendo cliente 1166991: VICENTE BORGES
 2025-10-15 15:26:05.6643|Recebendo cliente 1167038: MARTINA HEUSER
 2025-10-15 15:26:05.9143|Recebendo cliente 1167092: ANA REISDORFER
 2025-10-15 15:26:07.5663|Recebendo cliente 1169724: GABRIEL BOEHME
 2025-10-15 15:26:09.1521|Recebendo cliente 1169859: ALICE VEIGA
 2025-10-15 15:26:09.4022|Recebendo cliente 1169993: ALISSANDRA DOS PASSOS
 2025-10-15 15:26:10.4178|Recebendo cliente 1170023: GIOVANNA SANTOS
 2025-10-15 15:26:11.4178|Recebendo cliente 1170057: VALESCA VIANNA
 2025-10-15 15:26:12.9959|Recebendo cliente 1170090: FERNANDA JUNQUEIRA
 2025-10-15 15:26:13.2459|Recebendo cliente 1170101: IGOR
 2025-10-15 15:26:14.2615|Recebendo cliente 1170240: ERIKA BRACH
 2025-10-15 15:26:14.5272|Recebendo cliente 1170416: GABRIEL
 2025-10-15 15:26:14.7771|Recebendo cliente 1170457: MARCELO MIGUEL
 2025-10-15 15:26:16.3553|Recebendo cliente 1170633: VALERIA LEONOR VALERIO
 2025-10-15 15:26:18.6678|Recebendo cliente 1170699: ANA LUCIA PEIXOTO
 2025-10-15 15:26:19.6990|Recebendo cliente 1170721: KARINA BILHALVA
 2025-10-15 15:26:20.7146|Recebendo cliente 1170835: JOÃO PAULO SILVA
 2025-10-15 15:26:21.7147|Recebendo cliente 1170939: LUANA MIRINDA
 2025-10-15 15:26:23.2928|Recebendo cliente 1170952: RAMON MOVE ON 25%
 2025-10-15 15:26:24.8553|Recebendo cliente 1171041: LEIDY LAURA PERTILE
 2025-10-15 15:26:25.1209|Recebendo cliente 1171121: GREICIA
 2025-10-15 15:26:26.1209|Recebendo cliente 1171145: KALINI CASTOLDI
 2025-10-15 15:26:27.6990|Recebendo cliente 1171572: BEATRIZ VAIZ
 2025-10-15 15:26:28.7146|Recebendo cliente 1171581: FABRICIO AGUIAR
 2025-10-15 15:26:30.2772|Recebendo cliente 1171688: Ubiratan Andrade
 2025-10-15 15:26:31.8553|Recebendo cliente 1172100: LARISSA DE MOREIRA POTO
 2025-10-15 15:26:33.4334|Recebendo cliente 1172149: VICTORIA COELHO
 2025-10-15 15:26:34.9959|Recebendo cliente 1172165: JUCIMARA DUARTE DA SILVA PORTO
 2025-10-15 15:26:35.2615|Recebendo cliente 1172211: JOAO BORGES LAURINDO
 2025-10-15 15:26:35.5115|Recebendo cliente 1172317: SALETE MULLER
 2025-10-15 15:26:36.5271|Recebendo cliente 1172360: BEATRIZ LEITE
 2025-10-15 15:26:36.7772|Recebendo cliente 1172396: ANA CLAUDIA BOEHN
 2025-10-15 15:26:37.8084|Recebendo cliente 1172459: JOÃO VITOR SA SILVA
 2025-10-15 15:26:39.4021|Recebendo cliente 1172810: BARBARA DUARTE
 2025-10-15 15:26:39.6522|Recebendo cliente 1172949: TAIS
 2025-10-15 15:26:40.6678|Recebendo cliente 1172996: LARA DE SOUZA
 2025-10-15 15:26:40.9334|Recebendo cliente 1173103: PAOLA BERTELLI
 2025-10-15 15:26:41.1834|Recebendo cliente 1173540: FABIO
 2025-10-15 15:26:42.1990|Recebendo cliente 1173612: ANGELA WILLE
 2025-10-15 15:26:42.4490|Recebendo cliente 1173713: CLARISSE
 2025-10-15 15:26:43.4803|Recebendo cliente 1174043: VITOR SILVEIRA
 2025-10-15 15:26:43.7303|Recebendo cliente 1176557: VANESSA CAMARGO
 2025-10-15 15:26:44.7459|Recebendo cliente 1176576: PARIS BECKER
 2025-10-15 15:26:45.7615|Recebendo cliente 1176736: GABRIELLA BEATRIZ IRMAO
 2025-10-15 15:26:46.7771|Recebendo cliente 1176745: MARIA EDUARDA DE SOUZA LOPES
 2025-10-15 15:26:47.0272|Recebendo cliente 1176826: EDUARDA
 2025-10-15 15:26:48.0428|Recebendo cliente 1177041: MARIA HELENA DA SILVA SERPA
 2025-10-15 15:26:49.0584|Recebendo cliente 1177282: GABRIELA RAHAL DE REZENDE
 2025-10-15 15:26:49.3240|Recebendo cliente 1177413: ANA CRISTINA DUARTE
 2025-10-15 15:26:50.3396|Recebendo cliente 1177495: LARISSA CAMPOS
 2025-10-15 15:26:51.3553|Recebendo cliente 1177563: MARIA LUCIA PINTO DA LUZ
 2025-10-15 15:26:51.6209|Recebendo cliente 1177644: ESTER MARKETING
 2025-10-15 15:26:51.8865|Recebendo cliente 1177655: FERNANDA MULLER
 2025-10-15 15:26:52.8865|Recebendo cliente 1177735: ROBERTA SILVA HOFFMANN
 2025-10-15 15:26:53.1522|Recebendo cliente 1178057: MARINA AMORIN
 2025-10-15 15:26:54.7459|Recebendo cliente 1178681: MICHELLE OLIVEIRA GUERRA
 2025-10-15 15:26:55.7615|Recebendo cliente 1178784: JULIA LEMOS
 2025-10-15 15:26:56.0115|Recebendo cliente 1178834: BRUNA KARAN
 2025-10-15 15:26:56.2772|Recebendo cliente 1178922: RENATA PRATES
 2025-10-15 15:26:57.3084|Recebendo cliente 1178948: BRENDA VALLI
 2025-10-15 15:26:58.8865|Recebendo cliente 1179147: LUANA MARQUES
 2025-10-15 15:26:59.9021|Recebendo cliente 1179550: CAMILA HAUSMANN
 2025-10-15 15:27:00.9178|Recebendo cliente 1179575: MICHELLE CARNEIRO DE ANDRADE DE FREITAS
 2025-10-15 15:27:01.1834|Recebendo cliente 1179636: THALITA MACIEL
 2025-10-15 15:27:02.2147|Recebendo cliente 1179785: LAURA VANZIN
 2025-10-15 15:27:03.2303|Recebendo cliente 1179817: MARIA EDUARDA FONTORA
 2025-10-15 15:27:03.4803|Recebendo cliente 1179868: ARTUR
 2025-10-15 15:27:05.0584|Recebendo cliente 1180313: CELIA MARIA TRUGILO MAY
 2025-10-15 15:27:06.0584|Recebendo cliente 1180331: KARIN TRUGILO MAY
 2025-10-15 15:27:07.6365|Recebendo cliente 1180518: ANDERSON ALMEIDA
 2025-10-15 15:27:07.9022|Recebendo cliente 1180903: LISIANE SACHET
 2025-10-15 15:27:09.4803|Recebendo cliente 1180913: RAMON DE QUADROS COSTA
 2025-10-15 15:27:09.7459|Recebendo cliente 1180982: JACQUELINE JACQUES
 2025-10-15 15:27:10.7615|Recebendo cliente 1181208: EDIMARA APARECIDA DURVAL
 2025-10-15 15:27:11.7771|Recebendo cliente 1181284: ANDREIA FEQUES RODRIGUES ARAGAO
 2025-10-15 15:27:12.7928|Recebendo cliente 1181364: JULIA NAZARIO
 2025-10-15 15:27:13.8084|Recebendo cliente 1181405: VITORIA LIMA
 2025-10-15 15:27:15.4021|Recebendo cliente 1181422: DANUSA CABRAL
 2025-10-15 15:27:16.9646|Recebendo cliente 1181453: CRISTIANE SILVEIRA
 2025-10-15 15:27:17.9803|Recebendo cliente 1181493: FERNANDO HADDAD
 2025-10-15 15:27:18.9959|Recebendo cliente 1181547: MAIANA PORTO
 2025-10-15 15:27:19.2459|Recebendo cliente 1181691: NANDO
 2025-10-15 15:27:20.2771|Recebendo cliente 1181891: JUNIOR DOS SANTOS
 2025-10-15 15:27:21.8553|Recebendo cliente 1181911: ROSA MARTINS
 2025-10-15 15:27:23.4334|Recebendo cliente 1182016: VITORIA ROSA MACHADO
 2025-10-15 15:27:25.0115|Recebendo cliente 1182027: JESSICA OURIQUES
 2025-10-15 15:27:26.0271|Recebendo cliente 1182050: TAMARA DE LURDES RIBEIRO SILVA
 2025-10-15 15:27:27.0428|Recebendo cliente 1182238: ALDO BONATTO FILHO
 2025-10-15 15:27:28.0584|Recebendo cliente 1182536: ADRIANO MARTINS GOMES
 2025-10-15 15:27:29.6365|Recebendo cliente 1182588: GABRIEL VIEIRA
 2025-10-15 15:27:29.8865|Recebendo cliente 1182620: ARTHUR LISBOA
 2025-10-15 15:27:30.1521|Recebendo cliente 1183188: AILTON
 2025-10-15 15:27:30.4178|Recebendo cliente 1183234: DAVI TERRA
 2025-10-15 15:27:31.9959|Recebendo cliente 1183293: SERENA RAMOS
 2025-10-15 15:27:32.2615|Recebendo cliente 1183322: FERNANDA COMINITE
 2025-10-15 15:27:33.8396|Recebendo cliente 1183503: JOAO KLEBER DOREA
 2025-10-15 15:27:34.8709|Recebendo cliente 1183751: ADOLFO JOSE MENDES DE SOUZA
 2025-10-15 15:27:36.4490|Recebendo cliente 1183759: DELSON LINHARES MAGALHAES
 2025-10-15 15:27:36.7147|Recebendo cliente 1183811: LUCAS CENI
 2025-10-15 15:27:37.7459|Recebendo cliente 1183913: VITOR BIRAL 
 2025-10-15 15:27:39.3396|Recebendo cliente 1183932: JEANNE RIBEIRO
 2025-10-15 15:27:40.3553|Recebendo cliente 1186320: GELSON MATHEUS
 2025-10-15 15:27:41.9490|Recebendo cliente 1186521: LUCIMAR RADLINSKI
 2025-10-15 15:27:43.6365|Recebendo cliente 1186578: LUCIANA MARCON
 2025-10-15 15:27:44.6522|Recebendo cliente 1186649: DEIANY AGATA VIEIRA
 2025-10-15 15:27:45.6834|Recebendo cliente 1186738: MARCELO SILVEIRA DE ESPINDOLA
 2025-10-15 15:27:46.6990|Recebendo cliente 1186739: INGRID CORREA
 2025-10-15 15:27:46.9647|Recebendo cliente 1186851: PREFEITURA FLORIANOPOLIS
 2025-10-15 15:27:47.9803|Recebendo cliente 1186860: ANDREA DIAS EUFRASIO
 2025-10-15 15:27:49.0115|Recebendo cliente 1186967: MIRIA GUARNIERI
 2025-10-15 15:27:50.0115|Recebendo cliente 1187135: JHONATAN MANOEL MORAIS MACHADO
 2025-10-15 15:27:51.0428|Recebendo cliente 1187136: FLAVIA ESTEVES
 2025-10-15 15:27:52.0584|Recebendo cliente 1187158: ANDREA 
 2025-10-15 15:27:52.3240|Recebendo cliente 1187202: PEDRO RAMOS
 2025-10-15 15:27:53.3396|Recebendo cliente 1187372: STELLA HIROKI
 2025-10-15 15:27:54.1678|Recebendo cliente 1187401: GABRIELLY NAVES
 2025-10-15 15:27:54.4334|Recebendo cliente 1187460: GABRIELA GARBINATO
 2025-10-15 15:27:54.6990|Recebendo cliente 1187501: FÁBIA VALENTE FURTADO
 2025-10-15 15:27:56.2928|Recebendo cliente 1187728: THAIS GASDA
 2025-10-15 15:27:56.5428|Recebendo cliente 1187746: EDIANA
 2025-10-15 15:27:57.5584|Recebendo cliente 1187858: LUZIA EDNA DA COSTA
 2025-10-15 15:27:58.5897|Recebendo cliente 1187920: CAROLINE CRISTINE ELLER
 2025-10-15 15:27:59.6053|Recebendo cliente 1188722: RAFAEL LINHARES
 2025-10-15 15:28:01.1990|Recebendo cliente 1188795: PAULO CESAR
 2025-10-15 15:28:02.7771|Recebendo cliente 1188854: EDUARDO SHIMIZU
 2025-10-15 15:28:03.0428|Recebendo cliente 1189004: ISABELLA MAZUCO
 2025-10-15 15:28:03.3084|Recebendo cliente 1189016: BARBARA AMORIM
 2025-10-15 15:28:04.1365|Recebendo cliente 1189080: ANDREA
 2025-10-15 15:28:05.1521|Recebendo cliente 1189106: VANIA LUCIA MAI FRANZEN
 2025-10-15 15:28:06.7459|Recebendo cliente 1189148: LUCAS ANDRE XAVIER DA SILVA
 2025-10-15 15:28:07.7615|Recebendo cliente 1189204: CARLA NASCIMENTO
 2025-10-15 15:28:08.7928|Recebendo cliente 1189228: DRIELLE CAROLINE
 2025-10-15 15:28:09.8084|Recebendo cliente 1189233: WILSON TADEU EMERIM
 2025-10-15 15:28:10.8240|Recebendo cliente 1189320: Raissa Portiz Pereira dos Santos
 2025-10-15 15:28:11.0896|Recebendo cliente 1189412: THAIS BAURAKEN
 2025-10-15 15:28:12.1209|Recebendo cliente 1189418: ISABELA LUZZI
 2025-10-15 15:28:13.1365|Recebendo cliente 1189531: TARSILA KNABBEE
 2025-10-15 15:28:14.7303|Recebendo cliente 1189551: ANA PAULA SALES
 2025-10-15 15:28:15.7459|Recebendo cliente 1189572: SANDRO ROGERIO ALVES
 2025-10-15 15:28:17.3397|Recebendo cliente 1189581: JULIANO CORREIA FEREIRA
 2025-10-15 15:28:18.9178|Recebendo cliente 1189677: LUCIANA BORGES
 2025-10-15 15:28:19.9490|Recebendo cliente 1189713: RAFAEL BULITZ
 2025-10-15 15:28:20.9803|Recebendo cliente 1189930: MATHEUS SOUZA GOLARTE
 2025-10-15 15:28:21.2303|Recebendo cliente 1189952: KRISTIANI
 2025-10-15 15:28:22.2615|Recebendo cliente 1189983: SOPHIA ALIEDA
 2025-10-15 15:28:22.5272|Recebendo cliente 1190029: GABRIELA TRUPEL
 2025-10-15 15:28:24.1209|Recebendo cliente 1190087: ARTUR SERPA
 2025-10-15 15:28:25.1365|Recebendo cliente 1190091: LUANA DA SILVA
 2025-10-15 15:28:25.4022|Recebendo cliente 1190174: EDUARDO
 2025-10-15 15:28:26.9803|Recebendo cliente 1190685: FILIPE GONÇALVES MACEDO
 2025-10-15 15:28:27.2459|Recebendo cliente 1190906: LUIZ ARTHUR
 2025-10-15 15:28:28.8397|Recebendo cliente 1190982: GUILHERME GALEGO
 2025-10-15 15:28:29.6834|Recebendo cliente 1191039: PRISCILA UMEHARA
 2025-10-15 15:28:30.7146|Recebendo cliente 1191170: ANNA PAULA WILPERT
 2025-10-15 15:28:30.9803|Recebendo cliente 1191310: PRISCILLA BEHNKE
 2025-10-15 15:28:32.0272|Recebendo cliente 1191333: VANESSA DA SILVA
 2025-10-15 15:28:33.0584|Recebendo cliente 1191608: BRUNO ELIAS
 2025-10-15 15:28:34.0896|Recebendo cliente 1191844: MARILIA DE BORBA
 2025-10-15 15:28:34.3553|Recebendo cliente 1191896: ANA SABRINA
 2025-10-15 15:28:35.9490|Recebendo cliente 1192093: GEOVANE OLIVEIRA
 2025-10-15 15:28:37.5428|Recebendo cliente 1192246: ANDRE QUINTANILHA
 2025-10-15 15:28:38.5740|Recebendo cliente 1192271: RODRIGO RIBEIRO COMICHOLI
 2025-10-15 15:28:38.8396|Recebendo cliente 1193074: suelen CASTELO BRANCO
 2025-10-15 15:28:40.4334|Recebendo cliente 1193112: FERNANDA BRUNETTO
 2025-10-15 15:28:40.6990|Recebendo cliente 1193292: LUIZ
 2025-10-15 15:28:41.5584|Recebendo cliente 1193316: MAURICIO CHAGAS LUCIO
 2025-10-15 15:28:41.8240|Recebendo cliente 1193405: JANAINA TOMASI
 2025-10-15 15:28:42.0740|Recebendo cliente 1193461: LEIDIANA TEIXEIRA DOS SANTOS
 2025-10-15 15:28:42.3397|Recebendo cliente 1193640: LUIZ ALBERTO DE PINHO
 2025-10-15 15:28:43.3709|Recebendo cliente 1193728: CAROLINA KATO
 2025-10-15 15:28:44.3865|Recebendo cliente 1193839: JAIANE FRAGA
 2025-10-15 15:28:45.4178|Recebendo cliente 1193905: JULIA BOAVENTURA
 2025-10-15 15:28:45.6834|Recebendo cliente 1193973: ANETE
 2025-10-15 15:28:45.9490|Recebendo cliente 1194129: GUSTAVO SOUZA
 2025-10-15 15:28:46.2146|Recebendo cliente 1194166: ISABELE DOBLE
 2025-10-15 15:28:47.2459|Recebendo cliente 1194267: GUSTAVO LIMA
 2025-10-15 15:28:47.5115|Recebendo cliente 1194327: FERNANDO CUNHA
 2025-10-15 15:28:49.1053|Recebendo cliente 1194344: DALTON CAMARGO
 2025-10-15 15:28:50.7146|Recebendo cliente 1194365: EDUARDA LOHN
 2025-10-15 15:28:52.3084|Recebendo cliente 1194422: SCHEILA CURCIO MACHADO
 2025-10-15 15:28:53.3240|Recebendo cliente 1194477: SABRINA ALVARENGA
 2025-10-15 15:28:54.9490|Recebendo cliente 1194734: IVAN SILVA
 2025-10-15 15:28:55.9803|Recebendo cliente 1194748: EMILI FLORES
 2025-10-15 15:28:56.9959|Recebendo cliente 1194793: ARIELY OSELAME
 2025-10-15 15:28:58.0271|Recebendo cliente 1195273: FABIO REZENDE RAMOS
 2025-10-15 15:28:58.2771|Recebendo cliente 1195391: LESSY
 2025-10-15 15:28:59.3240|Recebendo cliente 1195796: JULIANA ALBES ARAUJO
 2025-10-15 15:29:00.9178|Recebendo cliente 1195862: DAVI BURICH
 2025-10-15 15:29:02.5272|Recebendo cliente 1195882: LAURA RENATA
 2025-10-15 15:29:03.5428|Recebendo cliente 1195993: CAROLINA CHIEPER KROFF
 2025-10-15 15:29:04.5740|Recebendo cliente 1196012: SOPHIA REBLIN
 2025-10-15 15:29:05.4022|Recebendo cliente 1196084: GUY
 2025-10-15 15:29:05.6678|Recebendo cliente 1196234: EDUARDA ZULIANI
 2025-10-15 15:29:05.9334|Recebendo cliente 1196355: FABIANA CEREGATTI
 2025-10-15 15:29:07.5272|Recebendo cliente 1196563: RAFAEL DIEGUES ROSA
 2025-10-15 15:29:09.1209|Recebendo cliente 1196699: JOAO FERNANDES
 2025-10-15 15:29:10.1521|Recebendo cliente 1196720: FERNANDO GOUDEL
 2025-10-15 15:29:11.1678|Recebendo cliente 1196723: FERNANDA MENDES NOGUEIRA SILVA VIANA
 2025-10-15 15:29:12.1990|Recebendo cliente 1196760: EDUARDA SILVA
 2025-10-15 15:29:13.7928|Recebendo cliente 1196785: NAIOBI HOFFMANN
 2025-10-15 15:29:14.0584|Recebendo cliente 1196896: LUCIANE OLIVEIRA 
 2025-10-15 15:29:15.6522|Recebendo cliente 1196928: ANGEL EMANUELY
 2025-10-15 15:29:16.6834|Recebendo cliente 1196967: LUCIANA VIEIRA PIMENTEL
 2025-10-15 15:29:17.5271|Recebendo cliente 1197535: MARIA JULIA OGLIARI
 2025-10-15 15:29:18.3553|Recebendo cliente 1197568: REJANE MARIE ESTEVES
 2025-10-15 15:29:19.9646|Recebendo cliente 1197725: KATIA SIQUEIRA
 2025-10-15 15:29:20.2303|Recebendo cliente 1197813: GABRIEL ARNS
 2025-10-15 15:29:21.2615|Recebendo cliente 1197939: MANUELA LOESER
 2025-10-15 15:29:22.8553|Recebendo cliente 1199414: GABRIELA VIDAL
 2025-10-15 15:29:23.9959|Recebendo cliente 1199473: JULIO CESAR SALA
 2025-10-15 15:29:25.5897|Recebendo cliente 1199499: MARIA AMELIA KOERICH
 2025-10-15 15:29:27.1834|Recebendo cliente 1199635: SUELI OLIVEIRA
 2025-10-15 15:29:28.1990|Recebendo cliente 1199713: SANDRA TITONI
 2025-10-15 15:29:29.2303|Recebendo cliente 1199733: DIOGO PEREIRA DE SOUZA
 2025-10-15 15:29:30.2615|Recebendo cliente 1199879: RODRIGO BAUNGARTNER
 2025-10-15 15:29:31.8553|Recebendo cliente 1199903: MARINA ROBERTA 
 2025-10-15 15:29:32.1209|Recebendo cliente 1199926: AGENARIO JUNIOR
 2025-10-15 15:29:33.7303|Recebendo cliente 1199945: LILIAN REGINA SILVEIRA BRITTO SANTOS
 2025-10-15 15:29:34.7615|Recebendo cliente 1200202: THIAGO REGINALDO
 2025-10-15 15:29:35.0271|Recebendo cliente 1200221: ANNANAYRA TEIXEIRA
 2025-10-15 15:29:35.2928|Recebendo cliente 1200255: ARACELE
 2025-10-15 15:29:35.5584|Recebendo cliente 1200375: leonardo luiz signori 
 2025-10-15 15:29:36.5897|Recebendo cliente 1200520: EDIANA DOS SANTOS
 2025-10-15 15:29:38.1990|Recebendo cliente 1200975: ANGELA BOSING
 2025-10-15 15:29:39.2146|Recebendo cliente 1200998: JOSE OLIVEIRA
 2025-10-15 15:29:40.2615|Recebendo cliente 1201323: LILIAN FAUSTINO
 2025-10-15 15:29:41.8553|Recebendo cliente 1201464: JEANINE TEOFILO
 2025-10-15 15:29:42.8865|Recebendo cliente 1201577: ASTOR PALMEIRA
 2025-10-15 15:29:44.4803|Recebendo cliente 1201616: ANDREIA BERTOCCO
 2025-10-15 15:29:44.7459|Recebendo cliente 1201703: VIVIANE DE OLIVEIRA
 2025-10-15 15:29:45.0115|Recebendo cliente 1201866: ANDREI
 2025-10-15 15:29:46.0428|Recebendo cliente 1201867: THAISE BLASIUS
 2025-10-15 15:29:46.3084|Recebendo cliente 1201990: FRANCIELE DE PAULA
 2025-10-15 15:29:47.9178|Recebendo cliente 1202134: ANNA TEIXEIRA 25%
 2025-10-15 15:29:49.5272|Recebendo cliente 1202191: GABRIELA FARIA
 2025-10-15 15:29:50.5584|Recebendo cliente 1202253: VALERIA VIRGILIO SAVIO
 2025-10-15 15:29:51.5740|Recebendo cliente 1202332: BARBARA BARRETO
 2025-10-15 15:29:52.6209|Recebendo cliente 1202407: ROSANGELA DE SOUZA
 2025-10-15 15:29:53.6521|Recebendo cliente 1202467:  ARTHUR SCHMITZ
 2025-10-15 15:29:55.2459|Recebendo cliente 1202503: MADALENA CORREA MORATELLI
 2025-10-15 15:29:56.0896|Recebendo cliente 1202509: SIMONE BOTTEGA
 2025-10-15 15:29:57.1209|Recebendo cliente 1202582: THIAGO DA SILVA FERREIRA
 2025-10-15 15:29:57.9646|Recebendo cliente 1202610: SABRINA ISABELA
 2025-10-15 15:29:58.9959|Recebendo cliente 1202628: MARISE FERNADES SERAFIM
 2025-10-15 15:30:00.0428|Recebendo cliente 1202750: CAMILA RENNA
 2025-10-15 15:30:01.0740|Recebendo cliente 1202754: CLAUDIA MAGGIONI
 2025-10-15 15:30:01.3397|Recebendo cliente 1202770: PEDRO ROYES
 2025-10-15 15:30:02.7772|Recebendo cliente 1203328: LENYTA OLIVEIRA GOMES
 2025-10-15 15:30:03.8240|Recebendo cliente 1203394: guilherme juppa
 2025-10-15 15:30:04.0897|Recebendo cliente 1203428: YASMIN FERREIRA
 2025-10-15 15:30:04.8709|Recebendo cliente 1203495: RICARDO SANTOS ALVES DA SILVA
 2025-10-15 15:30:05.6365|Recebendo cliente 1203519: AIME CASTILLOS
 2025-10-15 15:30:05.9021|Recebendo cliente 1203526: SILVIA REIS
 2025-10-15 15:30:07.2615|Recebendo cliente 1203539: GABRIELA MAFFEZZOLI
 2025-10-15 15:30:08.6053|Recebendo cliente 1203562: BRUNA LUIZA SALAME
 2025-10-15 15:30:08.8709|Recebendo cliente 1203636: PEDRO POLLI
 2025-10-15 15:30:09.6365|Recebendo cliente 1203745: WATUZI JANTSCH
 2025-10-15 15:30:10.6834|Recebendo cliente 1203778: GABRIELA PRATES
 2025-10-15 15:30:12.0272|Recebendo cliente 1203795: GABRIELA VIEIRA
 2025-10-15 15:30:12.2772|Clientes processados: 7655 - Enviados: 0 - Recebidos: 7655
 2025-10-15 15:30:13.1365|Não existe nenhum Caixa pendente de sincronização!
 2025-10-15 15:30:13.1678|Não existe nenhuma Operação de Caixa pendente de sincronização!
 2025-10-15 15:30:13.5584|Enviando NFC-e - chave: 42251029005632000391650010000134961598896015 . . .
 2025-10-15 15:30:15.9334|Venda: IdLocal 4073: Documento Fiscal Id:3268  -> IdWeb 11026288
 2025-10-15 15:30:15.9334|NFC-e chave: 42251029005632000391650010000134961598896015 enviada com sucesso!
 2025-10-15 15:30:16.1990|Enviando NFC-e - chave: 42251029005632000391650010000134971688612927 . . .
 2025-10-15 15:30:17.3240|Venda: IdLocal 4074: Documento Fiscal Id:3269  -> IdWeb 11026289
 2025-10-15 15:30:17.3240|NFC-e chave: 42251029005632000391650010000134971688612927 enviada com sucesso!
 2025-10-15 15:30:17.5896|Enviando NFC-e - chave: 42251029005632000391650010000135001586938456 . . .
 2025-10-15 15:30:18.5272|Venda: IdLocal 4076: Documento Fiscal Id:3272  -> IdWeb 11026290
 2025-10-15 15:30:18.5272|NFC-e chave: 42251029005632000391650010000135001586938456 enviada com sucesso!
 2025-10-15 15:30:18.7928|Enviando NFC-e - chave: 42251029005632000391650010000134981736443155 . . .
 2025-10-15 15:30:19.8240|Venda: IdLocal 4075: Documento Fiscal Id:3270  -> IdWeb 11026291
 2025-10-15 15:30:19.8240|NFC-e chave: 42251029005632000391650010000134981736443155 enviada com sucesso!
 2025-10-15 15:30:20.0896|Enviando NFC-e - chave: 42251029005632000391650010000134991790287392 . . .
 2025-10-15 15:30:20.9646|Venda: IdLocal 4077: Documento Fiscal Id:3271  -> IdWeb 11026293
 2025-10-15 15:30:20.9646|NFC-e chave: 42251029005632000391650010000134991790287392 enviada com sucesso!
 2025-10-15 15:30:21.2303|Enviando NFC-e - chave: 42251029005632000391650010000135011833624735 . . .
 2025-10-15 15:30:22.6990|Venda: IdLocal 4078: Documento Fiscal Id:3273  -> IdWeb 11026294
 2025-10-15 15:30:22.6990|NFC-e chave: 42251029005632000391650010000135011833624735 enviada com sucesso!
 2025-10-15 15:30:22.9646|Enviando NFC-e - chave: 42251029005632000391650010000135021691584701 . . .
 2025-10-15 15:30:23.8257|Venda: IdLocal 4079: Documento Fiscal Id:3274  -> IdWeb 11026296
 2025-10-15 15:30:23.8257|NFC-e chave: 42251029005632000391650010000135021691584701 enviada com sucesso!
 2025-10-15 15:30:24.0914|Enviando NFC-e - chave: 42251029005632000391650010000135031758907610 . . .
 2025-10-15 15:30:25.0132|Venda: IdLocal 4080: Documento Fiscal Id:3275  -> IdWeb 11026297
 2025-10-15 15:30:25.0288|NFC-e chave: 42251029005632000391650010000135031758907610 enviada com sucesso!
 2025-10-15 15:30:25.2945|Enviando NFC-e - chave: 42251029005632000391650010000135041439680194 . . .
 2025-10-15 15:30:26.1695|Venda: IdLocal 4082: Documento Fiscal Id:3276  -> IdWeb 11026298
 2025-10-15 15:30:26.1695|NFC-e chave: 42251029005632000391650010000135041439680194 enviada com sucesso!
 2025-10-15 15:30:28.4491|Enviando NFC-e - chave: 42251029005632000391650010000135051355977290 . . .
 2025-10-15 15:30:29.6588|Venda: IdLocal 4083: Documento Fiscal Id:3277  -> IdWeb 11026300
 2025-10-15 15:30:29.6588|NFC-e chave: 42251029005632000391650010000135051355977290 enviada com sucesso!
 2025-10-15 15:30:31.1137|Recebendo itens - página 1 de 18
 2025-10-15 15:31:31.2231|Recebendo itens - 200 itens importados de 3439
 2025-10-15 15:31:32.3950|Recebendo itens - página 2 de 18
 2025-10-15 15:32:33.6294|Recebendo itens - 400 itens importados de 3439
 2025-10-15 15:32:34.5419|Recebendo itens - página 3 de 18
 2025-10-15 15:33:44.8911|Recebendo itens - 600 itens importados de 3439
 2025-10-15 15:33:46.1651|Recebendo itens - página 4 de 18
 2025-10-15 15:35:02.9449|Recebendo itens - 800 itens importados de 3439
 2025-10-15 15:35:03.9271|Recebendo itens - página 5 de 18
 2025-10-15 15:36:18.4036|Recebendo itens - 1000 itens importados de 3439
 2025-10-15 15:36:19.2724|Recebendo itens - página 6 de 18
 2025-10-15 15:36:49.5582|Enviando caixa 266
 2025-10-15 15:36:49.5582|Não existe nenhuma Operação de Caixa pendente de sincronização!
 2025-10-15 15:37:19.3872|Não existe nenhum Caixa pendente de sincronização!
 2025-10-15 15:37:19.8072|Enviando operação de caixa 713 - suprimento
 2025-10-15 15:37:36.8952|Recebendo itens - 1200 itens importados de 3439
 2025-10-15 15:37:38.2213|Recebendo itens - página 7 de 18
 2025-10-15 15:38:57.6544|Recebendo itens - 1400 itens importados de 3439
 2025-10-15 15:38:58.8572|Recebendo itens - página 8 de 18
 2025-10-15 15:40:20.8870|Recebendo itens - 1600 itens importados de 3439
 2025-10-15 15:40:22.1227|Recebendo itens - página 9 de 18
 2025-10-15 15:41:46.9531|Recebendo itens - 1800 itens importados de 3439
 2025-10-15 15:41:48.0346|Recebendo itens - página 10 de 18
 2025-10-15 15:43:15.3161|Recebendo itens - 2000 itens importados de 3439
 2025-10-15 15:43:16.4745|Recebendo itens - página 11 de 18
 2025-10-15 15:44:46.4727|Recebendo itens - 2200 itens importados de 3439
 2025-10-15 15:44:47.4292|Recebendo itens - página 12 de 18
 2025-10-15 15:46:21.6898|Recebendo itens - 2400 itens importados de 3439
 2025-10-15 15:46:23.0057|Recebendo itens - página 13 de 18
 2025-10-15 15:47:59.5385|Recebendo itens - 2600 itens importados de 3439
 2025-10-15 15:48:00.6613|Recebendo itens - página 14 de 18
 2025-10-15 15:49:40.3353|Recebendo itens - 2800 itens importados de 3439
 2025-10-15 15:49:42.4034|Recebendo itens - página 15 de 18
 2025-10-15 15:51:25.3835|Recebendo itens - 3000 itens importados de 3439
 2025-10-15 15:51:26.3692|Recebendo itens - página 16 de 18
 2025-10-15 15:53:12.7945|Recebendo itens - 3200 itens importados de 3439
 2025-10-15 15:53:13.6867|Recebendo itens - página 17 de 18
 2025-10-15 15:55:04.6984|Recebendo itens - 3400 itens importados de 3439
 2025-10-15 15:55:06.0615|Recebendo itens - página 18 de 18
 2025-10-15 15:55:31.1285|Recebendo itens - 3439 itens importados de 3439
 2025-10-15 15:55:31.5702|Total de itens recebidos: 3439
 2025-10-15 15:55:32.8280|Não existe nenhuma promoção pendente de sincronização!
 2025-10-15 15:55:33.5881|Não existe nenhum lote pendente de sincronização!
 2025-10-15 15:55:34.3071|Recebendo Depósito: Geral
 2025-10-15 15:57:17.9059|Recebendo operador 15946: Operador
 2025-10-15 15:57:17.9059|Recebendo operador 15947: Gerencia
 2025-10-15 15:57:17.9899|Recebendo vendedores 948576: KELLYM WALERIA DOS SANTOS
 2025-10-15 15:57:17.9959|Recebendo vendedores 948581: AUGUSTO GORDO TOMASELLI
 2025-10-15 15:57:17.9959|Recebendo vendedores 948583: RODRIGO BECKER DA SILVA
 2025-10-15 15:57:18.1379|Recebendo vendedores 974030: WALTER PRIETSCH NETO
 2025-10-15 15:57:18.1589|Recebendo vendedores 1009223: CONSUMO KOBRASOL
 2025-10-15 15:57:18.1799|Recebendo vendedores 1031583: CONSUMO JAQUELINE PEREIRA VAZ
 2025-10-15 15:57:18.2199|Recebendo vendedores 1031584: CONSUMO RODRIGO BECKER DA SILVA
 2025-10-15 15:57:18.2389|Recebendo vendedores 1031586: CONSUMO WALTER PRIETSCH NETO
 2025-10-15 15:57:18.2579|Recebendo vendedores 1038321: CONUSMO WELVIS TEIXEIRA ALVEZ
 2025-10-15 15:57:18.2769|Recebendo vendedores 1057686: CONSUMO THIAGO PEREIRA VAZ
 2025-10-15 15:57:18.2949|Recebendo vendedores 1057687: CONSUMO LUCAS VAZ DA ROSA
 2025-10-15 15:57:18.3169|Recebendo vendedores 1070825: VENDA PARCEIRO (ACIMA 30% S/ COMISSAO)
 2025-10-15 15:57:18.3349|Recebendo vendedores 1191120: CONSUMO KELLYM WALERIA 
 2025-10-15 15:57:18.4939|Não existe nenhum Contato Comercial pendente de sincronização!
 2025-10-15 15:57:18.7489|Recebendo cliente 954161: AGATHA ROSA 25%
 2025-10-15 15:57:18.9579|Recebendo cliente 955448: MARINA FROEDER
 2025-10-15 15:57:19.1029|Recebendo cliente 957857: FRANCISCO PIMENTA
 2025-10-15 15:57:19.3069|Recebendo cliente 1203328: LENYTA OLIVEIRA GOMES
 2025-10-15 15:57:19.4019|Recebendo cliente 1203394: guilherme juppa
 2025-10-15 15:57:19.6219|Recebendo cliente 1203539: GABRIELA MAFFEZZOLI
 2025-10-15 15:57:19.8319|Recebendo cliente 1203795: GABRIELA VIEIRA
 2025-10-15 15:57:19.9059|Recebendo cliente 1203951: TOM BROTTO
 2025-10-15 15:57:19.9779|Recebendo cliente 1204000: ELIZABETH VIEIRA LOPES
 2025-10-15 15:57:20.0509|Recebendo cliente 1204338: ANA CRISTINA RAIMUNDO KRUSCINSCKI
 2025-10-15 15:57:20.0729|Clientes processados: 10 - Enviados: 0 - Recebidos: 10
 2025-10-15 15:57:20.1609|Não existe nenhum Caixa pendente de sincronização!
 2025-10-15 15:57:20.1849|Não existe nenhuma Operação de Caixa pendente de sincronização!
 2025-10-15 15:57:20.5929|Recebendo itens - 1 item(s).
 2025-10-15 15:57:20.8399|Recebendo itens - 1 itens importados de 1
 2025-10-15 15:57:21.2019|Total de itens recebidos: 1
 2025-10-15 15:57:21.4359|Não existe nenhuma promoção pendente de sincronização!
 2025-10-15 15:57:21.6549|Não existe nenhum lote pendente de sincronização!
 2025-10-15 15:57:21.8539|Recebendo Depósito: Geral
