2025-10-09 16:20:18.6979: Verificando versão para atualização de PDV.
2025-10-09 16:20:19.4469: Atualização
2025-10-09 16:21:29.9212: Calculando totais da venda...
2025-10-09 16:21:36.4953: Iniciando finalização da venda Id 3945...
2025-10-09 16:21:36.4953: Verificando repique de troco...
2025-10-09 16:21:36.4953: Calculando totais da venda...
2025-10-09 16:21:37.4943: Aguarde, estamos realizando a emissão da NFC-e...
2025-10-09 16:21:38.0553: Validando NFC-e...
2025-10-09 16:21:38.4393: Tipo de emissão NFC-e: NORMAL
2025-10-09 16:21:38.4393: Gerando XML de NFC-e...
2025-10-09 16:21:38.5564: Realizando conversão da venda para XML...
2025-10-09 16:21:39.2793: Conversão realizada com sucesso para a NFC-e id: NFe42251029005632000391650010000134121281985499
2025-10-09 16:21:40.3843: Assinando XML...
2025-10-09 16:21:42.7173: XML assinado com sucesso!
2025-10-09 16:21:42.7173: Enviando NFC-e para a SEFAZ...
2025-10-09 16:21:43.4413: Retorno da SEFAZ: 100 - Autorizado o uso da NF-e
2025-10-09 16:21:43.4413: Numeração de NFC-e atualizada para Nr. 13413
2025-10-09 16:21:43.5053: Finalizando Venda e validando NF emitida...
2025-10-09 16:21:43.6583: Venda finalizada com sucesso!
2025-10-09 16:21:43.6693: Realizando rotinas pós-venda...
2025-10-09 16:21:43.7573: Enviando e-mail...
2025-10-09 16:21:43.7893: Calculando totais da venda...
2025-10-09 16:21:44.5773: Iniciando rotina de sincronização da venda 3945...
2025-10-09 16:21:44.5773: Todas as rotinas da venda 3945 foram concluídas com sucesso!
2025-10-09 16:21:44.5773: Imprimindo DANFe...
2025-10-09 17:36:30.5778: Calculando totais da venda...
2025-10-09 17:36:46.4477: Validando desconto atribuído ao cliente...
2025-10-09 17:37:58.7013: Calculando totais da venda...
2025-10-09 17:38:30.9023: Calculando totais da venda...
2025-10-09 17:38:41.0050: Validando desconto atribuído ao cliente...
2025-10-09 17:39:59.7706: Calculando totais da venda...
2025-10-09 17:46:56.7287: Calculando totais da venda...
2025-10-09 17:47:08.3606: Iniciando finalização da venda Id 3950...
2025-10-09 17:47:08.3606: Verificando repique de troco...
2025-10-09 17:47:08.3606: Calculando totais da venda...
2025-10-09 17:47:09.8262: Aguarde, estamos realizando a emissão da NFC-e...
2025-10-09 17:47:09.9012: Validando NFC-e...
2025-10-09 17:47:10.0282: Tipo de emissão NFC-e: NORMAL
2025-10-09 17:47:10.0282: Gerando XML de NFC-e...
2025-10-09 17:47:10.0392: Realizando conversão da venda para XML...
2025-10-09 17:47:10.0752: Conversão realizada com sucesso para a NFC-e id: NFe42251029005632000391650010000134131190747479
2025-10-09 17:47:10.0752: Assinando XML...
2025-10-09 17:47:10.3252: XML assinado com sucesso!
2025-10-09 17:47:10.3252: Enviando NFC-e para a SEFAZ...
2025-10-09 17:47:11.0125: Retorno da SEFAZ: 100 - Autorizado o uso da NF-e
2025-10-09 17:47:11.0125: Numeração de NFC-e atualizada para Nr. 13414
2025-10-09 17:47:11.0235: Finalizando Venda e validando NF emitida...
2025-10-09 17:47:11.4345: Venda finalizada com sucesso!
2025-10-09 17:47:11.4345: Realizando rotinas pós-venda...
2025-10-09 17:47:11.4345: Enviando e-mail...
2025-10-09 17:47:11.4345: Iniciando rotina de sincronização da venda 3950...
2025-10-09 17:47:11.4345: Todas as rotinas da venda 3950 foram concluídas com sucesso!
2025-10-09 17:47:11.4345: Imprimindo DANFe...
2025-10-09 17:47:11.4985: Calculando totais da venda...
2025-10-09 17:48:06.0972: Calculando totais da venda...
2025-10-09 17:48:14.4165: Iniciando finalização da venda Id 3951...
2025-10-09 17:48:14.4165: Verificando repique de troco...
2025-10-09 17:48:14.4165: Calculando totais da venda...
2025-10-09 17:48:15.7480: Aguarde, estamos realizando a emissão da NFC-e...
2025-10-09 17:48:15.8190: Validando NFC-e...
2025-10-09 17:48:15.8190: Tipo de emissão NFC-e: NORMAL
2025-10-09 17:48:15.8190: Gerando XML de NFC-e...
2025-10-09 17:48:15.8190: Realizando conversão da venda para XML...
2025-10-09 17:48:15.8440: Conversão realizada com sucesso para a NFC-e id: NFe42251029005632000391650010000134141835145853
2025-10-09 17:48:15.8440: Assinando XML...
2025-10-09 17:48:15.9230: XML assinado com sucesso!
2025-10-09 17:48:15.9230: Enviando NFC-e para a SEFAZ...
2025-10-09 17:48:16.5258: Retorno da SEFAZ: 100 - Autorizado o uso da NF-e
2025-10-09 17:48:16.5258: Numeração de NFC-e atualizada para Nr. 13415
2025-10-09 17:48:16.5388: Finalizando Venda e validando NF emitida...
2025-10-09 17:48:17.0548: Venda finalizada com sucesso!
2025-10-09 17:48:17.0548: Realizando rotinas pós-venda...
2025-10-09 17:48:17.0548: Enviando e-mail...
2025-10-09 17:48:17.0548: Iniciando rotina de sincronização da venda 3951...
2025-10-09 17:48:17.0548: Todas as rotinas da venda 3951 foram concluídas com sucesso!
2025-10-09 17:48:17.0548: Imprimindo DANFe...
2025-10-09 17:48:17.1198: Calculando totais da venda...
2025-10-09 18:38:08.5556: Calculando totais da venda...
2025-10-09 18:40:21.1148: Validando desconto atribuído ao cliente...
2025-10-09 18:43:00.2417: Calculando totais da venda...
2025-10-09 18:43:12.8414: Iniciando finalização da venda Id 3952...
2025-10-09 18:43:12.8414: Verificando repique de troco...
2025-10-09 18:43:12.8414: Calculando totais da venda...
2025-10-09 18:43:15.8677: Aguarde, estamos realizando a emissão da NFC-e...
2025-10-09 18:43:15.9456: Validando NFC-e...
2025-10-09 18:43:15.9456: Tipo de emissão NFC-e: NORMAL
2025-10-09 18:43:15.9456: Gerando XML de NFC-e...
2025-10-09 18:43:15.9456: Realizando conversão da venda para XML...
2025-10-09 18:43:15.9746: Conversão realizada com sucesso para a NFC-e id: NFe42251029005632000391650010000134151248359268
2025-10-09 18:43:15.9746: Assinando XML...
2025-10-09 18:43:16.0646: XML assinado com sucesso!
2025-10-09 18:43:16.0646: Enviando NFC-e para a SEFAZ...
2025-10-09 18:43:16.5973: Retorno da SEFAZ: 100 - Autorizado o uso da NF-e
2025-10-09 18:43:16.5993: Numeração de NFC-e atualizada para Nr. 13416
2025-10-09 18:43:16.5993: Finalizando Venda e validando NF emitida...
2025-10-09 18:43:17.1093: Venda finalizada com sucesso!
2025-10-09 18:43:17.1093: Realizando rotinas pós-venda...
2025-10-09 18:43:17.1093: Enviando e-mail...
2025-10-09 18:43:17.1173: Iniciando rotina de sincronização da venda 3952...
2025-10-09 18:43:17.1173: Todas as rotinas da venda 3952 foram concluídas com sucesso!
2025-10-09 18:43:17.1173: Imprimindo DANFe...
2025-10-09 18:43:17.1702: Calculando totais da venda...
2025-10-09 18:47:11.5431: Calculando totais da venda...
2025-10-09 18:48:09.0719: Validando desconto atribuído ao cliente...
2025-10-09 18:48:58.4661: Calculando totais da venda...
2025-10-09 18:49:43.9338: Iniciando finalização da venda Id 3953...
2025-10-09 18:49:43.9338: Verificando repique de troco...
2025-10-09 18:49:43.9338: Calculando totais da venda...
2025-10-09 18:49:45.9933: Aguarde, estamos realizando a emissão da NFC-e...
2025-10-09 18:49:46.1088: Validando NFC-e...
2025-10-09 18:49:46.2277: Tipo de emissão NFC-e: NORMAL
2025-10-09 18:49:46.2277: Gerando XML de NFC-e...
2025-10-09 18:49:46.2277: Realizando conversão da venda para XML...
2025-10-09 18:49:46.2407: Conversão realizada com sucesso para a NFC-e id: NFe42251029005632000391650010000134161895658975
2025-10-09 18:49:46.2407: Assinando XML...
2025-10-09 18:49:46.3247: XML assinado com sucesso!
2025-10-09 18:49:46.3247: Enviando NFC-e para a SEFAZ...
2025-10-09 18:49:46.9228: Retorno da SEFAZ: 100 - Autorizado o uso da NF-e
2025-10-09 18:49:46.9228: Numeração de NFC-e atualizada para Nr. 13417
2025-10-09 18:49:46.9298: Finalizando Venda e validando NF emitida...
2025-10-09 18:49:47.3518: Venda finalizada com sucesso!
2025-10-09 18:49:47.3518: Realizando rotinas pós-venda...
2025-10-09 18:49:47.3518: Enviando e-mail...
2025-10-09 18:49:47.3518: Iniciando rotina de sincronização da venda 3953...
2025-10-09 18:49:47.3518: Todas as rotinas da venda 3953 foram concluídas com sucesso!
2025-10-09 18:49:47.3518: Imprimindo DANFe...
2025-10-09 18:49:47.4012: Calculando totais da venda...
2025-10-09 18:57:54.3713: Calculando totais da venda...
2025-10-09 18:58:15.8593: Validando desconto atribuído ao cliente...
2025-10-09 19:00:19.1783: Calculando totais da venda...
2025-10-09 19:00:29.9212: Iniciando finalização da venda Id 3954...
2025-10-09 19:00:29.9212: Verificando repique de troco...
2025-10-09 19:00:29.9212: Calculando totais da venda...
2025-10-09 19:00:31.5622: Aguarde, estamos realizando a emissão da NFC-e...
2025-10-09 19:00:31.6342: Validando NFC-e...
2025-10-09 19:00:31.7522: Tipo de emissão NFC-e: NORMAL
2025-10-09 19:00:31.7522: Gerando XML de NFC-e...
2025-10-09 19:00:31.7542: Realizando conversão da venda para XML...
2025-10-09 19:00:31.7702: Conversão realizada com sucesso para a NFC-e id: NFe42251029005632000391650010000134171241619935
2025-10-09 19:00:31.7702: Assinando XML...
2025-10-09 19:00:31.8412: XML assinado com sucesso!
2025-10-09 19:00:31.8412: Enviando NFC-e para a SEFAZ...
2025-10-09 19:00:32.8409: Retorno da SEFAZ: 100 - Autorizado o uso da NF-e
2025-10-09 19:00:32.8409: Numeração de NFC-e atualizada para Nr. 13418
2025-10-09 19:00:32.8479: Finalizando Venda e validando NF emitida...
2025-10-09 19:00:33.2519: Venda finalizada com sucesso!
2025-10-09 19:00:33.2519: Realizando rotinas pós-venda...
2025-10-09 19:00:33.2519: Enviando e-mail...
2025-10-09 19:00:33.2629: Iniciando rotina de sincronização da venda 3954...
2025-10-09 19:00:33.2629: Todas as rotinas da venda 3954 foram concluídas com sucesso!
2025-10-09 19:00:33.2629: Imprimindo DANFe...
2025-10-09 19:00:33.3119: Calculando totais da venda...
2025-10-09 19:04:06.2159: Calculando totais da venda...
2025-10-09 19:04:26.7925: Iniciando finalização da venda Id 3955...
2025-10-09 19:04:26.7925: Verificando repique de troco...
2025-10-09 19:04:26.7925: Calculando totais da venda...
2025-10-09 19:04:28.3125: Finalizando Venda não fiscal...
2025-10-09 19:04:28.4695: Venda finalizada com sucesso!
2025-10-09 19:04:28.4695: Realizando rotinas pós-venda...
2025-10-09 19:04:28.4695: Enviando e-mail...
2025-10-09 19:04:28.4725: Iniciando rotina de sincronização da venda 3955...
2025-10-09 19:04:28.4725: Todas as rotinas da venda 3955 foram concluídas com sucesso!
2025-10-09 19:04:28.5295: Calculando totais da venda...
2025-10-09 19:31:50.3007: Calculando totais da venda...
2025-10-09 19:33:06.6523: Calculando totais da venda...
2025-10-09 19:33:52.0909: Calculando totais da venda...
2025-10-09 19:36:49.9947: Calculando totais da venda...
2025-10-09 19:36:54.1952: Iniciando finalização da venda Id 3956...
2025-10-09 19:36:54.1952: Verificando repique de troco...
2025-10-09 19:36:54.1952: Calculando totais da venda...
2025-10-09 19:36:55.3176: Aguarde, estamos realizando a emissão da NFC-e...
2025-10-09 19:36:55.3939: Validando NFC-e...
2025-10-09 19:36:55.4019: Tipo de emissão NFC-e: NORMAL
2025-10-09 19:36:55.4019: Gerando XML de NFC-e...
2025-10-09 19:36:55.4019: Realizando conversão da venda para XML...
2025-10-09 19:36:55.4259: Conversão realizada com sucesso para a NFC-e id: NFe42251029005632000391650010000134181847828739
2025-10-09 19:36:55.4259: Assinando XML...
2025-10-09 19:36:55.5089: XML assinado com sucesso!
2025-10-09 19:36:55.5089: Enviando NFC-e para a SEFAZ...
2025-10-09 19:36:55.8051: Retorno da SEFAZ: 100 - Autorizado o uso da NF-e
2025-10-09 19:36:55.8051: Numeração de NFC-e atualizada para Nr. 13419
2025-10-09 19:36:55.8051: Finalizando Venda e validando NF emitida...
2025-10-09 19:36:55.8383: Venda finalizada com sucesso!
2025-10-09 19:36:55.8383: Realizando rotinas pós-venda...
2025-10-09 19:36:55.8383: Enviando e-mail...
2025-10-09 19:36:55.8523: Iniciando rotina de sincronização da venda 3956...
2025-10-09 19:36:55.8523: Todas as rotinas da venda 3956 foram concluídas com sucesso!
2025-10-09 19:36:55.8523: Imprimindo DANFe...
2025-10-09 19:36:55.9013: Calculando totais da venda...
2025-10-09 19:48:42.8503: Iniciando rotina de sincronização de caixa...
2025-10-09 19:56:35.2009: Iniciando rotina de sincronização de caixa...
