 2025-10-07 17:05:20.5801|Recebendo operador 15946: Operador
 2025-10-07 17:05:20.5901|Recebendo operador 15947: Gerencia
 2025-10-07 17:05:20.6811|Recebendo vendedores 948576: KELLYM WALERIA DOS SANTOS
 2025-10-07 17:05:20.6851|Recebendo vendedores 948581: AUGUSTO GORDO TOMASELLI
 2025-10-07 17:05:20.6851|Recebendo vendedores 948583: RODRIGO BECKER DA SILVA
 2025-10-07 17:05:20.8391|Recebendo vendedores 974030: WALTER PRIETSCH NETO
 2025-10-07 17:05:20.8591|Recebendo vendedores 1009223: CONSUMO KOBRASOL
 2025-10-07 17:05:20.8791|Recebendo vendedores 1031583: CONSUMO JAQUELINE PEREIRA VAZ
 2025-10-07 17:05:20.9051|Recebendo vendedores 1031584: CONSUMO RODRIGO BECKER DA SILVA
 2025-10-07 17:05:20.9201|Recebendo vendedores 1031586: CONSUMO WALTER PRIETSCH NETO
 2025-10-07 17:05:20.9361|Recebendo vendedores 1038321: CONUSMO WELVIS TEIXEIRA ALVEZ
 2025-10-07 17:05:20.9521|Recebendo vendedores 1057686: CONSUMO THIAGO PEREIRA VAZ
 2025-10-07 17:05:20.9701|Recebendo vendedores 1057687: CONSUMO LUCAS VAZ DA ROSA
 2025-10-07 17:05:21.0081|Recebendo vendedores 1070825: VENDA PARCEIRO (ACIMA 30% S/ COMISSAO)
 2025-10-07 17:05:21.1541|Não existe nenhum Contato Comercial pendente de sincronização!
 2025-10-07 17:05:21.4601|Enviando cliente 14176: MATHEUS SOUZA GOLARTE
 2025-10-07 17:05:21.6031|Recebendo cliente 1188722: RAFAEL LINHARES
 2025-10-07 17:05:21.6841|Recebendo cliente 1189204: CARLA NASCIMENTO
 2025-10-07 17:05:21.7671|Recebendo cliente 1189320: Raissa Portiz Pereira dos Santos
 2025-10-07 17:05:21.7931|Recebendo cliente 1189412: THAIS BAURAKEN
 2025-10-07 17:05:21.8781|Recebendo cliente 1189418: ISABELA LUZZI
 2025-10-07 17:05:21.9621|Recebendo cliente 1189531: TARSILA KNABBEE
 2025-10-07 17:05:22.1511|Recebendo cliente 1189551: ANA PAULA SALES
 2025-10-07 17:05:22.2331|Recebendo cliente 1189572: SANDRO ROGERIO ALVES
 2025-10-07 17:05:22.4201|Recebendo cliente 1189581: JULIANO CORREIA FEREIRA
 2025-10-07 17:05:22.6031|Recebendo cliente 1189677: LUCIANA BORGES
 2025-10-07 17:05:22.6861|Recebendo cliente 1189713: RAFAEL BULITZ
 2025-10-07 17:05:22.7051|Clientes processados: 12 - Enviados: 1 - Recebidos: 11
 2025-10-07 17:06:47.2639|Recebendo cliente 1188722: RAFAEL LINHARES
 2025-10-07 17:06:47.2789|Recebendo cliente 1189204: CARLA NASCIMENTO
 2025-10-07 17:06:47.2939|Recebendo cliente 1189320: Raissa Portiz Pereira dos Santos
 2025-10-07 17:06:47.2939|Recebendo cliente 1189412: THAIS BAURAKEN
 2025-10-07 17:06:47.3159|Recebendo cliente 1189418: ISABELA LUZZI
 2025-10-07 17:06:47.3299|Recebendo cliente 1189531: TARSILA KNABBEE
 2025-10-07 17:06:47.5879|Recebendo cliente 1189551: ANA PAULA SALES
 2025-10-07 17:06:47.6629|Recebendo cliente 1189572: SANDRO ROGERIO ALVES
 2025-10-07 17:06:47.8379|Recebendo cliente 1189581: JULIANO CORREIA FEREIRA
 2025-10-07 17:06:48.0099|Recebendo cliente 1189677: LUCIANA BORGES
 2025-10-07 17:06:48.0779|Recebendo cliente 1189713: RAFAEL BULITZ
 2025-10-07 17:06:48.0929|Clientes processados: 11 - Enviados: 0 - Recebidos: 11
 2025-10-07 17:06:48.3399|Enviando NFC-e - chave: 42251029005632000391650010000133661897905410 . . .
 2025-10-07 17:06:49.7528|Venda: IdLocal 3894: Documento Fiscal Id:3135  -> IdWeb 10901039
 2025-10-07 17:06:49.7528|NFC-e chave: 42251029005632000391650010000133661897905410 enviada com sucesso!
 2025-10-07 17:22:31.9289|Recebendo cliente 1188722: RAFAEL LINHARES
 2025-10-07 17:22:31.9439|Recebendo cliente 1189204: CARLA NASCIMENTO
 2025-10-07 17:22:31.9579|Recebendo cliente 1189320: Raissa Portiz Pereira dos Santos
 2025-10-07 17:22:31.9659|Recebendo cliente 1189412: THAIS BAURAKEN
 2025-10-07 17:22:31.9659|Recebendo cliente 1189418: ISABELA LUZZI
 2025-10-07 17:22:31.9919|Recebendo cliente 1189531: TARSILA KNABBEE
 2025-10-07 17:22:32.2509|Recebendo cliente 1189551: ANA PAULA SALES
 2025-10-07 17:22:32.3179|Recebendo cliente 1189572: SANDRO ROGERIO ALVES
 2025-10-07 17:22:32.4899|Recebendo cliente 1189581: JULIANO CORREIA FEREIRA
 2025-10-07 17:22:32.6539|Recebendo cliente 1189677: LUCIANA BORGES
 2025-10-07 17:22:32.7189|Recebendo cliente 1189713: RAFAEL BULITZ
 2025-10-07 17:22:32.7869|Recebendo cliente 1189930: MATHEUS SOUZA GOLARTE
 2025-10-07 17:22:32.8089|Recebendo cliente 1189952: KRISTIANI
 2025-10-07 17:22:32.8619|Recebendo cliente 1189983: SOPHIA ALIEDA
 2025-10-07 17:22:32.8749|Clientes processados: 14 - Enviados: 0 - Recebidos: 14
 2025-10-07 17:22:33.0585|Enviando NFC-e - chave: 42251029005632000391650010000133671393371088 . . .
 2025-10-07 17:22:34.3639|Venda: IdLocal 3895: Documento Fiscal Id:3136  -> IdWeb 10901413
 2025-10-07 17:22:34.3639|NFC-e chave: 42251029005632000391650010000133671393371088 enviada com sucesso!
 2025-10-07 17:34:10.0687|Recebendo operador 15946: Operador
 2025-10-07 17:34:10.1000|Recebendo operador 15947: Gerencia
 2025-10-07 17:34:10.1156|Recebendo vendedores 948576: KELLYM WALERIA DOS SANTOS
 2025-10-07 17:34:10.1156|Recebendo vendedores 948581: AUGUSTO GORDO TOMASELLI
 2025-10-07 17:34:10.1156|Recebendo vendedores 948583: RODRIGO BECKER DA SILVA
 2025-10-07 17:34:10.2875|Recebendo vendedores 974030: WALTER PRIETSCH NETO
 2025-10-07 17:34:10.3031|Recebendo vendedores 1009223: CONSUMO KOBRASOL
 2025-10-07 17:34:10.3343|Recebendo vendedores 1031583: CONSUMO JAQUELINE PEREIRA VAZ
 2025-10-07 17:34:10.3500|Recebendo vendedores 1031584: CONSUMO RODRIGO BECKER DA SILVA
 2025-10-07 17:34:10.3812|Recebendo vendedores 1031586: CONSUMO WALTER PRIETSCH NETO
 2025-10-07 17:34:10.3969|Recebendo vendedores 1038321: CONUSMO WELVIS TEIXEIRA ALVEZ
 2025-10-07 17:34:10.4125|Recebendo vendedores 1057686: CONSUMO THIAGO PEREIRA VAZ
 2025-10-07 17:34:10.4281|Recebendo vendedores 1057687: CONSUMO LUCAS VAZ DA ROSA
 2025-10-07 17:34:10.4594|Recebendo vendedores 1070825: VENDA PARCEIRO (ACIMA 30% S/ COMISSAO)
 2025-10-07 17:34:10.5844|Não existe nenhum Contato Comercial pendente de sincronização!
 2025-10-07 17:34:10.6937|Recebendo cliente 1188722: RAFAEL LINHARES
 2025-10-07 17:34:10.7875|Recebendo cliente 1189204: CARLA NASCIMENTO
 2025-10-07 17:34:10.8812|Recebendo cliente 1189320: Raissa Portiz Pereira dos Santos
 2025-10-07 17:34:10.8968|Recebendo cliente 1189412: THAIS BAURAKEN
 2025-10-07 17:34:10.9906|Recebendo cliente 1189418: ISABELA LUZZI
 2025-10-07 17:34:11.0843|Recebendo cliente 1189531: TARSILA KNABBEE
 2025-10-07 17:34:11.2718|Recebendo cliente 1189551: ANA PAULA SALES
 2025-10-07 17:34:11.3656|Recebendo cliente 1189572: SANDRO ROGERIO ALVES
 2025-10-07 17:34:11.5531|Recebendo cliente 1189581: JULIANO CORREIA FEREIRA
 2025-10-07 17:34:11.8812|Recebendo cliente 1189677: LUCIANA BORGES
 2025-10-07 17:34:11.9750|Recebendo cliente 1189713: RAFAEL BULITZ
 2025-10-07 17:34:12.0531|Recebendo cliente 1189930: MATHEUS SOUZA GOLARTE
 2025-10-07 17:34:12.0843|Recebendo cliente 1189952: KRISTIANI
 2025-10-07 17:34:12.1781|Recebendo cliente 1189983: SOPHIA ALIEDA
 2025-10-07 17:34:12.2094|Recebendo cliente 1190029: GABRIELA TRUPEL
 2025-10-07 17:34:12.2250|Clientes processados: 15 - Enviados: 0 - Recebidos: 15
 2025-10-07 17:34:12.3500|Não existe nenhum Caixa pendente de sincronização!
 2025-10-07 17:34:12.3500|Não existe nenhuma Operação de Caixa pendente de sincronização!
 2025-10-07 17:34:12.8031|Recebendo itens - 45 item(s).
 2025-10-07 17:34:16.3042|Recebendo itens - 45 itens importados de 45
 2025-10-07 17:34:16.7261|Total de itens recebidos: 45
 2025-10-07 17:34:16.9761|Não existe nenhuma promoção pendente de sincronização!
 2025-10-07 17:34:17.2417|Não existe nenhum lote pendente de sincronização!
 2025-10-07 17:34:17.5073|Recebendo Depósito: Geral
 2025-10-07 17:44:42.7715|Recebendo cliente 1188722: RAFAEL LINHARES
 2025-10-07 17:44:42.7855|Recebendo cliente 1189204: CARLA NASCIMENTO
 2025-10-07 17:44:42.8005|Recebendo cliente 1189320: Raissa Portiz Pereira dos Santos
 2025-10-07 17:44:42.8125|Recebendo cliente 1189412: THAIS BAURAKEN
 2025-10-07 17:44:42.8255|Recebendo cliente 1189418: ISABELA LUZZI
 2025-10-07 17:44:42.8395|Recebendo cliente 1189531: TARSILA KNABBEE
 2025-10-07 17:44:43.1021|Recebendo cliente 1189551: ANA PAULA SALES
 2025-10-07 17:44:43.1682|Recebendo cliente 1189572: SANDRO ROGERIO ALVES
 2025-10-07 17:44:43.3337|Recebendo cliente 1189581: JULIANO CORREIA FEREIRA
 2025-10-07 17:44:43.4926|Recebendo cliente 1189677: LUCIANA BORGES
 2025-10-07 17:44:43.5596|Recebendo cliente 1189713: RAFAEL BULITZ
 2025-10-07 17:44:43.6257|Recebendo cliente 1189930: MATHEUS SOUZA GOLARTE
 2025-10-07 17:44:43.6506|Recebendo cliente 1189952: KRISTIANI
 2025-10-07 17:44:43.7196|Recebendo cliente 1189983: SOPHIA ALIEDA
 2025-10-07 17:44:43.7436|Recebendo cliente 1190029: GABRIELA TRUPEL
 2025-10-07 17:44:43.8956|Recebendo cliente 1190087: ARTUR SERPA
 2025-10-07 17:44:43.9486|Recebendo cliente 1190091: LUANA DA SILVA
 2025-10-07 17:44:43.9486|Clientes processados: 17 - Enviados: 0 - Recebidos: 17
 2025-10-07 17:44:44.1555|Enviando NFC-e - chave: 42251029005632000391650010000133681100305229 . . .
 2025-10-07 17:44:45.1084|Venda: IdLocal 3892: Documento Fiscal Id:3137  -> IdWeb 10902045
 2025-10-07 17:44:45.1084|NFC-e chave: 42251029005632000391650010000133681100305229 enviada com sucesso!
 2025-10-07 17:47:14.0933|Recebendo cliente 1188722: RAFAEL LINHARES
 2025-10-07 17:47:14.1073|Recebendo cliente 1189204: CARLA NASCIMENTO
 2025-10-07 17:47:14.1213|Recebendo cliente 1189320: Raissa Portiz Pereira dos Santos
 2025-10-07 17:47:14.1213|Recebendo cliente 1189531: TARSILA KNABBEE
 2025-10-07 17:47:14.3973|Recebendo cliente 1189551: ANA PAULA SALES
 2025-10-07 17:47:14.4813|Recebendo cliente 1189572: SANDRO ROGERIO ALVES
 2025-10-07 17:47:14.6433|Recebendo cliente 1189581: JULIANO CORREIA FEREIRA
 2025-10-07 17:47:14.8003|Recebendo cliente 1189677: LUCIANA BORGES
 2025-10-07 17:47:14.8643|Recebendo cliente 1189713: RAFAEL BULITZ
 2025-10-07 17:47:14.9283|Recebendo cliente 1189930: MATHEUS SOUZA GOLARTE
 2025-10-07 17:47:14.9493|Recebendo cliente 1189952: KRISTIANI
 2025-10-07 17:47:15.0143|Recebendo cliente 1189983: SOPHIA ALIEDA
 2025-10-07 17:47:15.0353|Recebendo cliente 1190029: GABRIELA TRUPEL
 2025-10-07 17:47:15.1013|Recebendo cliente 1190091: LUANA DA SILVA
 2025-10-07 17:47:15.1153|Clientes processados: 14 - Enviados: 0 - Recebidos: 14
 2025-10-07 17:47:15.2979|Enviando NFC-e - chave: 42251029005632000391650010000133691525629545 . . .
 2025-10-07 17:47:16.6591|Venda: IdLocal 3897: Documento Fiscal Id:3138  -> IdWeb 10902117
 2025-10-07 17:47:16.6591|NFC-e chave: 42251029005632000391650010000133691525629545 enviada com sucesso!
 2025-10-07 17:57:48.5258|Recebendo cliente 1188722: RAFAEL LINHARES
 2025-10-07 17:57:48.5258|Recebendo cliente 1189204: CARLA NASCIMENTO
 2025-10-07 17:57:48.5618|Recebendo cliente 1189320: Raissa Portiz Pereira dos Santos
 2025-10-07 17:57:48.5768|Recebendo cliente 1189531: TARSILA KNABBEE
 2025-10-07 17:57:48.8388|Recebendo cliente 1189551: ANA PAULA SALES
 2025-10-07 17:57:48.9038|Recebendo cliente 1189572: SANDRO ROGERIO ALVES
 2025-10-07 17:57:49.0658|Recebendo cliente 1189581: JULIANO CORREIA FEREIRA
 2025-10-07 17:57:49.2248|Recebendo cliente 1189677: LUCIANA BORGES
 2025-10-07 17:57:49.2888|Recebendo cliente 1189713: RAFAEL BULITZ
 2025-10-07 17:57:49.3548|Recebendo cliente 1189930: MATHEUS SOUZA GOLARTE
 2025-10-07 17:57:49.3738|Recebendo cliente 1189952: KRISTIANI
 2025-10-07 17:57:49.4408|Recebendo cliente 1189983: SOPHIA ALIEDA
 2025-10-07 17:57:49.4598|Recebendo cliente 1190029: GABRIELA TRUPEL
 2025-10-07 17:57:49.6288|Recebendo cliente 1190087: ARTUR SERPA
 2025-10-07 17:57:49.6948|Recebendo cliente 1190091: LUANA DA SILVA
 2025-10-07 17:57:49.7098|Clientes processados: 15 - Enviados: 0 - Recebidos: 15
 2025-10-07 17:57:49.8861|Enviando NFC-e - chave: 42251029005632000391650010000133701457651766 . . .
 2025-10-07 17:57:50.9195|Venda: IdLocal 3898: Documento Fiscal Id:3139  -> IdWeb 10902472
 2025-10-07 17:57:50.9195|NFC-e chave: 42251029005632000391650010000133701457651766 enviada com sucesso!
 2025-10-07 18:04:10.3566|Recebendo operador 15946: Operador
 2025-10-07 18:04:10.3716|Recebendo operador 15947: Gerencia
 2025-10-07 18:04:10.3946|Recebendo vendedores 948576: KELLYM WALERIA DOS SANTOS
 2025-10-07 18:04:10.3946|Recebendo vendedores 948581: AUGUSTO GORDO TOMASELLI
 2025-10-07 18:04:10.4016|Recebendo vendedores 948583: RODRIGO BECKER DA SILVA
 2025-10-07 18:04:10.5576|Recebendo vendedores 974030: WALTER PRIETSCH NETO
 2025-10-07 18:04:10.5826|Recebendo vendedores 1009223: CONSUMO KOBRASOL
 2025-10-07 18:04:10.5996|Recebendo vendedores 1031583: CONSUMO JAQUELINE PEREIRA VAZ
 2025-10-07 18:04:10.6176|Recebendo vendedores 1031584: CONSUMO RODRIGO BECKER DA SILVA
 2025-10-07 18:04:10.6376|Recebendo vendedores 1031586: CONSUMO WALTER PRIETSCH NETO
 2025-10-07 18:04:10.6796|Recebendo vendedores 1038321: CONUSMO WELVIS TEIXEIRA ALVEZ
 2025-10-07 18:04:10.6966|Recebendo vendedores 1057686: CONSUMO THIAGO PEREIRA VAZ
 2025-10-07 18:04:10.7176|Recebendo vendedores 1057687: CONSUMO LUCAS VAZ DA ROSA
 2025-10-07 18:04:10.7346|Recebendo vendedores 1070825: VENDA PARCEIRO (ACIMA 30% S/ COMISSAO)
 2025-10-07 18:04:10.8806|Recebendo transportador 1190146: MOVVI LOGISTICA LTDA
 2025-10-07 18:04:10.9706|Não existe nenhum Contato Comercial pendente de sincronização!
 2025-10-07 18:04:11.0946|Recebendo cliente 1188722: RAFAEL LINHARES
 2025-10-07 18:04:11.1816|Recebendo cliente 1189204: CARLA NASCIMENTO
 2025-10-07 18:04:11.2686|Recebendo cliente 1189320: Raissa Portiz Pereira dos Santos
 2025-10-07 18:04:11.3546|Recebendo cliente 1189531: TARSILA KNABBEE
 2025-10-07 18:04:11.5436|Recebendo cliente 1189551: ANA PAULA SALES
 2025-10-07 18:04:11.6306|Recebendo cliente 1189572: SANDRO ROGERIO ALVES
 2025-10-07 18:04:11.8336|Recebendo cliente 1189581: JULIANO CORREIA FEREIRA
 2025-10-07 18:04:12.0236|Recebendo cliente 1189677: LUCIANA BORGES
 2025-10-07 18:04:12.1116|Recebendo cliente 1189713: RAFAEL BULITZ
 2025-10-07 18:04:12.1986|Recebendo cliente 1189930: MATHEUS SOUZA GOLARTE
 2025-10-07 18:04:12.2246|Recebendo cliente 1189952: KRISTIANI
 2025-10-07 18:04:12.3146|Recebendo cliente 1189983: SOPHIA ALIEDA
 2025-10-07 18:04:12.3416|Recebendo cliente 1190029: GABRIELA TRUPEL
 2025-10-07 18:04:12.5486|Recebendo cliente 1190087: ARTUR SERPA
 2025-10-07 18:04:12.6406|Recebendo cliente 1190091: LUANA DA SILVA
 2025-10-07 18:04:12.6596|Clientes processados: 15 - Enviados: 0 - Recebidos: 15
 2025-10-07 18:04:12.7736|Não existe nenhum Caixa pendente de sincronização!
 2025-10-07 18:04:12.7766|Não existe nenhuma Operação de Caixa pendente de sincronização!
 2025-10-07 18:04:13.2181|Recebendo itens - 12 item(s).
 2025-10-07 18:04:14.8526|Recebendo itens - 12 itens importados de 12
 2025-10-07 18:04:15.2137|Total de itens recebidos: 12
 2025-10-07 18:04:15.4732|Não existe nenhuma promoção pendente de sincronização!
 2025-10-07 18:04:15.7433|Não existe nenhum lote pendente de sincronização!
 2025-10-07 18:04:15.9928|Recebendo Depósito: Geral
 2025-10-07 18:34:10.4413|Recebendo operador 15946: Operador
 2025-10-07 18:34:10.4573|Recebendo operador 15947: Gerencia
 2025-10-07 18:34:10.4903|Recebendo vendedores 948576: KELLYM WALERIA DOS SANTOS
 2025-10-07 18:34:10.4953|Recebendo vendedores 948581: AUGUSTO GORDO TOMASELLI
 2025-10-07 18:34:10.4953|Recebendo vendedores 948583: RODRIGO BECKER DA SILVA
 2025-10-07 18:34:10.6563|Recebendo vendedores 974030: WALTER PRIETSCH NETO
 2025-10-07 18:34:10.6733|Recebendo vendedores 1009223: CONSUMO KOBRASOL
 2025-10-07 18:34:10.7093|Recebendo vendedores 1031583: CONSUMO JAQUELINE PEREIRA VAZ
 2025-10-07 18:34:10.7263|Recebendo vendedores 1031584: CONSUMO RODRIGO BECKER DA SILVA
 2025-10-07 18:34:10.7483|Recebendo vendedores 1031586: CONSUMO WALTER PRIETSCH NETO
 2025-10-07 18:34:10.7653|Recebendo vendedores 1038321: CONUSMO WELVIS TEIXEIRA ALVEZ
 2025-10-07 18:34:10.7843|Recebendo vendedores 1057686: CONSUMO THIAGO PEREIRA VAZ
 2025-10-07 18:34:10.8013|Recebendo vendedores 1057687: CONSUMO LUCAS VAZ DA ROSA
 2025-10-07 18:34:10.8203|Recebendo vendedores 1070825: VENDA PARCEIRO (ACIMA 30% S/ COMISSAO)
 2025-10-07 18:34:10.9573|Não existe nenhum Contato Comercial pendente de sincronização!
 2025-10-07 18:34:11.0753|Recebendo cliente 1188722: RAFAEL LINHARES
 2025-10-07 18:34:11.1683|Recebendo cliente 1189204: CARLA NASCIMENTO
 2025-10-07 18:34:11.2593|Recebendo cliente 1189320: Raissa Portiz Pereira dos Santos
 2025-10-07 18:34:11.3473|Recebendo cliente 1189531: TARSILA KNABBEE
 2025-10-07 18:34:11.5413|Recebendo cliente 1189551: ANA PAULA SALES
 2025-10-07 18:34:11.6303|Recebendo cliente 1189572: SANDRO ROGERIO ALVES
 2025-10-07 18:34:11.8333|Recebendo cliente 1189581: JULIANO CORREIA FEREIRA
 2025-10-07 18:34:12.0773|Recebendo cliente 1189677: LUCIANA BORGES
 2025-10-07 18:34:12.2683|Recebendo cliente 1189713: RAFAEL BULITZ
 2025-10-07 18:34:12.3583|Recebendo cliente 1189930: MATHEUS SOUZA GOLARTE
 2025-10-07 18:34:12.3843|Recebendo cliente 1189952: KRISTIANI
 2025-10-07 18:34:12.4753|Recebendo cliente 1189983: SOPHIA ALIEDA
 2025-10-07 18:34:12.5033|Recebendo cliente 1190029: GABRIELA TRUPEL
 2025-10-07 18:34:12.7083|Recebendo cliente 1190087: ARTUR SERPA
 2025-10-07 18:34:12.7973|Recebendo cliente 1190091: LUANA DA SILVA
 2025-10-07 18:34:12.8243|Recebendo cliente 1190174: EDUARDO
 2025-10-07 18:34:12.8453|Clientes processados: 16 - Enviados: 0 - Recebidos: 16
 2025-10-07 18:34:12.9793|Não existe nenhum Caixa pendente de sincronização!
 2025-10-07 18:34:12.9793|Não existe nenhuma Operação de Caixa pendente de sincronização!
 2025-10-07 18:34:13.4004|Recebendo itens - 5 item(s).
 2025-10-07 18:34:14.3971|Recebendo itens - 5 itens importados de 5
 2025-10-07 18:34:14.7616|Total de itens recebidos: 5
 2025-10-07 18:34:15.0112|Não existe nenhuma promoção pendente de sincronização!
 2025-10-07 18:34:15.2596|Não existe nenhum lote pendente de sincronização!
 2025-10-07 18:34:15.5149|Recebendo Depósito: Geral
 2025-10-07 19:04:10.4003|Recebendo operador 15946: Operador
 2025-10-07 19:04:10.4306|Recebendo operador 15947: Gerencia
 2025-10-07 19:04:10.4546|Recebendo vendedores 948576: KELLYM WALERIA DOS SANTOS
 2025-10-07 19:04:10.4546|Recebendo vendedores 948581: AUGUSTO GORDO TOMASELLI
 2025-10-07 19:04:10.4546|Recebendo vendedores 948583: RODRIGO BECKER DA SILVA
 2025-10-07 19:04:10.6217|Recebendo vendedores 974030: WALTER PRIETSCH NETO
 2025-10-07 19:04:10.6416|Recebendo vendedores 1009223: CONSUMO KOBRASOL
 2025-10-07 19:04:10.6726|Recebendo vendedores 1031583: CONSUMO JAQUELINE PEREIRA VAZ
 2025-10-07 19:04:10.7127|Recebendo vendedores 1031584: CONSUMO RODRIGO BECKER DA SILVA
 2025-10-07 19:04:10.7396|Recebendo vendedores 1031586: CONSUMO WALTER PRIETSCH NETO
 2025-10-07 19:04:10.7606|Recebendo vendedores 1038321: CONUSMO WELVIS TEIXEIRA ALVEZ
 2025-10-07 19:04:10.8097|Recebendo vendedores 1057686: CONSUMO THIAGO PEREIRA VAZ
 2025-10-07 19:04:10.8417|Recebendo vendedores 1057687: CONSUMO LUCAS VAZ DA ROSA
 2025-10-07 19:04:10.8747|Recebendo vendedores 1070825: VENDA PARCEIRO (ACIMA 30% S/ COMISSAO)
 2025-10-07 19:04:11.0716|Não existe nenhum Contato Comercial pendente de sincronização!
 2025-10-07 19:04:11.1866|Recebendo cliente 1188722: RAFAEL LINHARES
 2025-10-07 19:04:11.2746|Recebendo cliente 1189204: CARLA NASCIMENTO
 2025-10-07 19:04:11.3616|Recebendo cliente 1189320: Raissa Portiz Pereira dos Santos
 2025-10-07 19:04:11.4486|Recebendo cliente 1189572: SANDRO ROGERIO ALVES
 2025-10-07 19:04:11.6468|Recebendo cliente 1189581: JULIANO CORREIA FEREIRA
 2025-10-07 19:04:11.8488|Recebendo cliente 1189677: LUCIANA BORGES
 2025-10-07 19:04:11.9368|Recebendo cliente 1189713: RAFAEL BULITZ
 2025-10-07 19:04:12.0258|Recebendo cliente 1189930: MATHEUS SOUZA GOLARTE
 2025-10-07 19:04:12.0538|Recebendo cliente 1189952: KRISTIANI
 2025-10-07 19:04:12.1438|Recebendo cliente 1189983: SOPHIA ALIEDA
 2025-10-07 19:04:12.1718|Recebendo cliente 1190029: GABRIELA TRUPEL
 2025-10-07 19:04:12.3738|Recebendo cliente 1190087: ARTUR SERPA
 2025-10-07 19:04:12.4638|Recebendo cliente 1190091: LUANA DA SILVA
 2025-10-07 19:04:12.4908|Recebendo cliente 1190174: EDUARDO
 2025-10-07 19:04:12.5148|Clientes processados: 14 - Enviados: 0 - Recebidos: 14
 2025-10-07 19:04:12.6488|Não existe nenhum Caixa pendente de sincronização!
 2025-10-07 19:04:12.6518|Não existe nenhuma Operação de Caixa pendente de sincronização!
 2025-10-07 19:04:13.0808|Recebendo itens - 21 item(s).
 2025-10-07 19:04:15.2451|Recebendo itens - 21 itens importados de 21
 2025-10-07 19:04:15.6140|Total de itens recebidos: 21
 2025-10-07 19:04:15.9240|Não existe nenhuma promoção pendente de sincronização!
 2025-10-07 19:04:16.1960|Não existe nenhum lote pendente de sincronização!
 2025-10-07 19:04:16.4995|Recebendo Depósito: Geral
 2025-10-07 19:06:23.2802|Recebendo cliente 1188722: RAFAEL LINHARES
 2025-10-07 19:06:23.2942|Recebendo cliente 1189204: CARLA NASCIMENTO
 2025-10-07 19:06:23.3092|Recebendo cliente 1189320: Raissa Portiz Pereira dos Santos
 2025-10-07 19:06:23.3332|Recebendo cliente 1189572: SANDRO ROGERIO ALVES
 2025-10-07 19:06:23.5822|Recebendo cliente 1189581: JULIANO CORREIA FEREIRA
 2025-10-07 19:06:23.6712|Recebendo cliente 1189930: MATHEUS SOUZA GOLARTE
 2025-10-07 19:06:23.6922|Recebendo cliente 1189952: KRISTIANI
 2025-10-07 19:06:23.7642|Recebendo cliente 1189983: SOPHIA ALIEDA
 2025-10-07 19:06:23.7852|Recebendo cliente 1190029: GABRIELA TRUPEL
 2025-10-07 19:06:23.9512|Recebendo cliente 1190087: ARTUR SERPA
 2025-10-07 19:06:24.0152|Recebendo cliente 1190091: LUANA DA SILVA
 2025-10-07 19:06:24.0402|Recebendo cliente 1190174: EDUARDO
 2025-10-07 19:06:24.0562|Clientes processados: 12 - Enviados: 0 - Recebidos: 12
 2025-10-07 19:06:24.2575|Enviando NFC-e - chave: 42251029005632000391650010000133711660204911 . . .
 2025-10-07 19:06:25.2592|Venda: IdLocal 3899: Documento Fiscal Id:3140  -> IdWeb 10904125
 2025-10-07 19:06:25.2592|NFC-e chave: 42251029005632000391650010000133711660204911 enviada com sucesso!
 2025-10-07 19:34:10.1622|Recebendo operador 15946: Operador
 2025-10-07 19:34:10.1788|Recebendo operador 15947: Gerencia
 2025-10-07 19:34:10.2128|Recebendo vendedores 948576: KELLYM WALERIA DOS SANTOS
 2025-10-07 19:34:10.2168|Recebendo vendedores 948581: AUGUSTO GORDO TOMASELLI
 2025-10-07 19:34:10.2168|Recebendo vendedores 948583: RODRIGO BECKER DA SILVA
 2025-10-07 19:34:10.3938|Recebendo vendedores 974030: WALTER PRIETSCH NETO
 2025-10-07 19:34:10.4128|Recebendo vendedores 1009223: CONSUMO KOBRASOL
 2025-10-07 19:34:10.4508|Recebendo vendedores 1031583: CONSUMO JAQUELINE PEREIRA VAZ
 2025-10-07 19:34:10.4678|Recebendo vendedores 1031584: CONSUMO RODRIGO BECKER DA SILVA
 2025-10-07 19:34:10.4879|Recebendo vendedores 1031586: CONSUMO WALTER PRIETSCH NETO
 2025-10-07 19:34:10.5048|Recebendo vendedores 1038321: CONUSMO WELVIS TEIXEIRA ALVEZ
 2025-10-07 19:34:10.5238|Recebendo vendedores 1057686: CONSUMO THIAGO PEREIRA VAZ
 2025-10-07 19:34:10.5408|Recebendo vendedores 1057687: CONSUMO LUCAS VAZ DA ROSA
 2025-10-07 19:34:10.5618|Recebendo vendedores 1070825: VENDA PARCEIRO (ACIMA 30% S/ COMISSAO)
 2025-10-07 19:34:10.6999|Não existe nenhum Contato Comercial pendente de sincronização!
 2025-10-07 19:34:10.8238|Recebendo cliente 1188722: RAFAEL LINHARES
 2025-10-07 19:34:10.9098|Recebendo cliente 1189204: CARLA NASCIMENTO
 2025-10-07 19:34:10.9958|Recebendo cliente 1189320: Raissa Portiz Pereira dos Santos
 2025-10-07 19:34:11.0819|Recebendo cliente 1189572: SANDRO ROGERIO ALVES
 2025-10-07 19:34:11.2808|Recebendo cliente 1189581: JULIANO CORREIA FEREIRA
 2025-10-07 19:34:11.3718|Recebendo cliente 1189930: MATHEUS SOUZA GOLARTE
 2025-10-07 19:34:11.3978|Recebendo cliente 1189952: KRISTIANI
 2025-10-07 19:34:11.4868|Recebendo cliente 1189983: SOPHIA ALIEDA
 2025-10-07 19:34:11.5149|Recebendo cliente 1190029: GABRIELA TRUPEL
 2025-10-07 19:34:11.7168|Recebendo cliente 1190087: ARTUR SERPA
 2025-10-07 19:34:11.8078|Recebendo cliente 1190091: LUANA DA SILVA
 2025-10-07 19:34:11.8608|Recebendo cliente 1190174: EDUARDO
 2025-10-07 19:34:11.8848|Clientes processados: 12 - Enviados: 0 - Recebidos: 12
 2025-10-07 19:34:12.0678|Não existe nenhum Caixa pendente de sincronização!
 2025-10-07 19:34:12.0678|Não existe nenhuma Operação de Caixa pendente de sincronização!
 2025-10-07 19:34:12.5433|Recebendo itens - 2 item(s).
 2025-10-07 19:34:13.6496|Recebendo itens - 2 itens importados de 2
 2025-10-07 19:34:14.0131|Total de itens recebidos: 2
 2025-10-07 19:34:14.2746|Não existe nenhuma promoção pendente de sincronização!
 2025-10-07 19:34:14.5457|Não existe nenhum lote pendente de sincronização!
 2025-10-07 19:34:14.8064|Recebendo Depósito: Geral
 2025-10-07 19:40:16.0700|Recebendo cliente 1188722: RAFAEL LINHARES
 2025-10-07 19:40:16.0820|Recebendo cliente 1189204: CARLA NASCIMENTO
 2025-10-07 19:40:16.0950|Recebendo cliente 1189320: Raissa Portiz Pereira dos Santos
 2025-10-07 19:40:16.1170|Recebendo cliente 1189572: SANDRO ROGERIO ALVES
 2025-10-07 19:40:16.3560|Recebendo cliente 1189581: JULIANO CORREIA FEREIRA
 2025-10-07 19:40:16.4400|Recebendo cliente 1189930: MATHEUS SOUZA GOLARTE
 2025-10-07 19:40:16.4600|Recebendo cliente 1189952: KRISTIANI
 2025-10-07 19:40:16.5260|Recebendo cliente 1189983: SOPHIA ALIEDA
 2025-10-07 19:40:16.5450|Recebendo cliente 1190029: GABRIELA TRUPEL
 2025-10-07 19:40:16.7069|Recebendo cliente 1190087: ARTUR SERPA
 2025-10-07 19:40:16.7730|Recebendo cliente 1190091: LUANA DA SILVA
 2025-10-07 19:40:16.7950|Recebendo cliente 1190174: EDUARDO
 2025-10-07 19:40:16.8100|Clientes processados: 12 - Enviados: 0 - Recebidos: 12
 2025-10-07 19:40:17.0015|Enviando NFC-e - chave: 42251029005632000391650010000133721583966678 . . .
 2025-10-07 19:40:17.9603|Venda: IdLocal 3901: Documento Fiscal Id:3141  -> IdWeb 10904739
 2025-10-07 19:40:17.9603|NFC-e chave: 42251029005632000391650010000133721583966678 enviada com sucesso!
 2025-10-07 20:04:10.0992|Recebendo operador 15946: Operador
 2025-10-07 20:04:10.1142|Recebendo operador 15947: Gerencia
 2025-10-07 20:04:10.1492|Recebendo vendedores 948576: KELLYM WALERIA DOS SANTOS
 2025-10-07 20:04:10.1532|Recebendo vendedores 948581: AUGUSTO GORDO TOMASELLI
 2025-10-07 20:04:10.1532|Recebendo vendedores 948583: RODRIGO BECKER DA SILVA
 2025-10-07 20:04:10.3072|Recebendo vendedores 974030: WALTER PRIETSCH NETO
 2025-10-07 20:04:10.3272|Recebendo vendedores 1009223: CONSUMO KOBRASOL
 2025-10-07 20:04:10.3652|Recebendo vendedores 1031583: CONSUMO JAQUELINE PEREIRA VAZ
 2025-10-07 20:04:10.3832|Recebendo vendedores 1031584: CONSUMO RODRIGO BECKER DA SILVA
 2025-10-07 20:04:10.4122|Recebendo vendedores 1031586: CONSUMO WALTER PRIETSCH NETO
 2025-10-07 20:04:10.4302|Recebendo vendedores 1038321: CONUSMO WELVIS TEIXEIRA ALVEZ
 2025-10-07 20:04:10.4502|Recebendo vendedores 1057686: CONSUMO THIAGO PEREIRA VAZ
 2025-10-07 20:04:10.4672|Recebendo vendedores 1057687: CONSUMO LUCAS VAZ DA ROSA
 2025-10-07 20:04:10.4882|Recebendo vendedores 1070825: VENDA PARCEIRO (ACIMA 30% S/ COMISSAO)
 2025-10-07 20:04:10.6322|Não existe nenhum Contato Comercial pendente de sincronização!
 2025-10-07 20:04:10.7512|Recebendo cliente 1188722: RAFAEL LINHARES
 2025-10-07 20:04:10.8432|Recebendo cliente 1189204: CARLA NASCIMENTO
 2025-10-07 20:04:10.9332|Recebendo cliente 1189320: Raissa Portiz Pereira dos Santos
 2025-10-07 20:04:11.0202|Recebendo cliente 1189572: SANDRO ROGERIO ALVES
 2025-10-07 20:04:11.2282|Recebendo cliente 1189581: JULIANO CORREIA FEREIRA
 2025-10-07 20:04:11.3502|Recebendo cliente 1189930: MATHEUS SOUZA GOLARTE
 2025-10-07 20:04:11.3922|Recebendo cliente 1189952: KRISTIANI
 2025-10-07 20:04:11.5372|Recebendo cliente 1189983: SOPHIA ALIEDA
 2025-10-07 20:04:11.5672|Recebendo cliente 1190029: GABRIELA TRUPEL
 2025-10-07 20:04:11.8642|Recebendo cliente 1190087: ARTUR SERPA
 2025-10-07 20:04:11.9532|Recebendo cliente 1190091: LUANA DA SILVA
 2025-10-07 20:04:11.9782|Recebendo cliente 1190174: EDUARDO
 2025-10-07 20:04:12.0022|Clientes processados: 12 - Enviados: 0 - Recebidos: 12
 2025-10-07 20:04:12.1342|Não existe nenhum Caixa pendente de sincronização!
 2025-10-07 20:04:12.1372|Não existe nenhuma Operação de Caixa pendente de sincronização!
 2025-10-07 20:04:12.5715|Recebendo itens - 5 item(s).
 2025-10-07 20:04:13.7598|Recebendo itens - 5 itens importados de 5
 2025-10-07 20:04:14.1197|Total de itens recebidos: 5
 2025-10-07 20:04:14.3729|Não existe nenhuma promoção pendente de sincronização!
 2025-10-07 20:04:14.6358|Não existe nenhum lote pendente de sincronização!
 2025-10-07 20:04:14.9020|Recebendo Depósito: Geral
 2025-10-07 20:10:44.4240|Enviando caixa 255
 2025-10-07 20:10:44.4520|Não existe nenhuma Operação de Caixa pendente de sincronização!
