               -------------- Error (2025-10-08 10:36:07.2972) --------------
               
               Call Site: PDV.Telas.VwErro.Show
               Exception Type: PDV.BLL.exceptions.mensagens.ValidacaoEntidadeException
               Exception Message: Preencha os campos obrigatórios:
Logradouro, Bairro, Número
               Stack Trace:    em PDV.BLL.helpers.validador.Validador.IsValido(Destinatario obj)
   em PDV.BLL.control.DestinatarioController.IsValido(Destinatario obj)
   em PDV.BLL.control.DestinatarioController.Alterar(Destinatario cliente)
   em PDV.BLL.managers.PessoaManager.AdicionarCreditoDestinatario(Destinatario destinatario, Decimal valorCredito, Boolean ehCreditoDevolucao)
   em PDV.Telas.VwContaCredito.ConfirmarAdicaoCredito()
   em PDV.Telas.VwContaCredito.BtnAdicionar_Click(Object sender, RoutedEventArgs e)
   em System.Windows.RoutedEventHandlerInfo.InvokeHandler(Object target, RoutedEventArgs routedEventArgs)
   em System.Windows.EventRoute.InvokeHandlersImpl(Object source, RoutedEventArgs args, Boolean reRaised)
   em System.Windows.UIElement.RaiseEventImpl(DependencyObject sender, RoutedEventArgs args)
   em System.Windows.UIElement.RaiseEvent(RoutedEventArgs e)
   em System.Windows.Controls.Primitives.ButtonBase.OnClick()
   em System.Windows.Controls.Button.OnClick()
   em System.Windows.Controls.Primitives.ButtonBase.OnMouseLeftButtonUp(MouseButtonEventArgs e)
   em System.Windows.UIElement.OnMouseLeftButtonUpThunk(Object sender, MouseButtonEventArgs e)
   em System.Windows.Input.MouseButtonEventArgs.InvokeEventHandler(Delegate genericHandler, Object genericTarget)
   em System.Windows.RoutedEventArgs.InvokeHandler(Delegate handler, Object target)
   em System.Windows.RoutedEventHandlerInfo.InvokeHandler(Object target, RoutedEventArgs routedEventArgs)
   em System.Windows.EventRoute.InvokeHandlersImpl(Object source, RoutedEventArgs args, Boolean reRaised)
   em System.Windows.UIElement.ReRaiseEventAs(DependencyObject sender, RoutedEventArgs args, RoutedEvent newEvent)
   em System.Windows.UIElement.OnMouseUpThunk(Object sender, MouseButtonEventArgs e)
   em System.Windows.Input.MouseButtonEventArgs.InvokeEventHandler(Delegate genericHandler, Object genericTarget)
   em System.Windows.RoutedEventArgs.InvokeHandler(Delegate handler, Object target)
   em System.Windows.RoutedEventHandlerInfo.InvokeHandler(Object target, RoutedEventArgs routedEventArgs)
   em System.Windows.EventRoute.InvokeHandlersImpl(Object source, RoutedEventArgs args, Boolean reRaised)
   em System.Windows.UIElement.RaiseEventImpl(DependencyObject sender, RoutedEventArgs args)
   em System.Windows.UIElement.RaiseTrustedEvent(RoutedEventArgs args)
   em System.Windows.UIElement.RaiseEvent(RoutedEventArgs args, Boolean trusted)
   em System.Windows.Input.InputManager.ProcessStagingArea()
   em System.Windows.Input.InputManager.ProcessInput(InputEventArgs input)
   em System.Windows.Input.InputProviderSite.ReportInput(InputReport inputReport)
   em System.Windows.Interop.HwndMouseInputProvider.ReportInput(IntPtr hwnd, InputMode mode, Int32 timestamp, RawMouseActions actions, Int32 x, Int32 y, Int32 wheel)
   em System.Windows.Interop.HwndMouseInputProvider.FilterMessage(IntPtr hwnd, WindowMessage msg, IntPtr wParam, IntPtr lParam, Boolean& handled)
   em System.Windows.Interop.HwndSource.InputFilterMessage(IntPtr hwnd, Int32 msg, IntPtr wParam, IntPtr lParam, Boolean& handled)
   em MS.Win32.HwndWrapper.WndProc(IntPtr hwnd, Int32 msg, IntPtr wParam, IntPtr lParam, Boolean& handled)
   em MS.Win32.HwndSubclass.DispatcherCallbackOperation(Object o)
   em System.Windows.Threading.ExceptionWrapper.InternalRealCall(Delegate callback, Object args, Int32 numArgs)
   em System.Windows.Threading.ExceptionWrapper.TryCatchWhen(Object source, Delegate callback, Object args, Int32 numArgs, Delegate catchHandler)

