2025-10-14 16:26:27.9699: Verificando versão para atualização de PDV.
2025-10-14 16:26:28.3199: Atualização
2025-10-14 16:26:52.4669: Calculando totais da venda...
2025-10-14 16:29:24.7003: Calculando totais da venda...
2025-10-14 16:29:33.4222: Validando desconto atribuído ao cliente...
2025-10-14 16:29:38.4206: Iniciando finalização da venda Id 4059...
2025-10-14 16:29:38.4206: Verificando repique de troco...
2025-10-14 16:29:38.4206: Calculando totais da venda...
2025-10-14 16:29:39.7514: Finalizando Venda não fiscal...
2025-10-14 16:29:40.1784: Venda finalizada com sucesso!
2025-10-14 16:29:40.1784: Realizando rotinas pós-venda...
2025-10-14 16:29:40.2035: Enviando e-mail...
2025-10-14 16:29:40.2035: Iniciando rotina de sincronização da venda 4059...
2025-10-14 16:29:40.2035: Todas as rotinas da venda 4059 foram concluídas com sucesso!
2025-10-14 16:29:40.2355: Calculando totais da venda...
2025-10-14 16:52:55.7694: Calculando totais da venda...
2025-10-14 16:53:21.6246: Calculando totais da venda...
2025-10-14 16:56:16.5670: Calculando totais da venda...
2025-10-14 16:57:56.4626: Iniciando finalização da venda Id 4061...
2025-10-14 16:57:56.4626: Verificando repique de troco...
2025-10-14 16:57:56.4626: Calculando totais da venda...
2025-10-14 16:58:05.9129: Aguarde, estamos realizando a emissão da NFC-e...
2025-10-14 16:58:06.1115: Validando NFC-e...
2025-10-14 16:58:06.1435: Tipo de emissão NFC-e: NORMAL
2025-10-14 16:58:06.1435: Gerando XML de NFC-e...
2025-10-14 16:58:06.1795: Realizando conversão da venda para XML...
2025-10-14 16:58:06.3235: Conversão realizada com sucesso para a NFC-e id: NFe42251029005632000391650010000134871988347653
2025-10-14 16:58:06.7785: Assinando XML...
2025-10-14 16:58:07.4789: XML assinado com sucesso!
2025-10-14 16:58:07.4789: Enviando NFC-e para a SEFAZ...
2025-10-14 16:58:08.3717: Retorno da SEFAZ: 100 - Autorizado o uso da NF-e
2025-10-14 16:58:08.3717: Numeração de NFC-e atualizada para Nr. 13488
2025-10-14 16:58:08.3917: Finalizando Venda e validando NF emitida...
2025-10-14 16:58:08.8516: Venda finalizada com sucesso!
2025-10-14 16:58:08.8516: Realizando rotinas pós-venda...
2025-10-14 16:58:08.8516: Enviando e-mail...
2025-10-14 16:58:08.8516: Iniciando rotina de sincronização da venda 4061...
2025-10-14 16:58:08.8516: Todas as rotinas da venda 4061 foram concluídas com sucesso!
2025-10-14 16:58:08.8516: Imprimindo DANFe...
2025-10-14 16:58:08.9134: Calculando totais da venda...
2025-10-14 17:00:33.3307: Cancelando NFC-e id: 42251029005632000391650010000134871988347653
2025-10-14 17:00:33.6680: Retorno da SEFAZ: 135 - Evento registrado e vinculado a NF-e
2025-10-14 17:00:33.7649: Iniciando rotina de sincronização da venda 4061...
2025-10-14 17:01:00.5006: Calculando totais da venda...
2025-10-14 17:01:46.4285: Iniciando finalização da venda Id 4062...
2025-10-14 17:01:46.4285: Verificando repique de troco...
2025-10-14 17:01:46.4285: Calculando totais da venda...
2025-10-14 17:01:47.6132: Aguarde, estamos realizando a emissão da NFC-e...
2025-10-14 17:01:47.6941: Validando NFC-e...
2025-10-14 17:01:47.6941: Tipo de emissão NFC-e: NORMAL
2025-10-14 17:01:47.6941: Gerando XML de NFC-e...
2025-10-14 17:01:47.6941: Realizando conversão da venda para XML...
2025-10-14 17:01:47.7131: Conversão realizada com sucesso para a NFC-e id: NFe42251029005632000391650010000134881951749658
2025-10-14 17:01:47.7131: Assinando XML...
2025-10-14 17:01:47.8061: XML assinado com sucesso!
2025-10-14 17:01:47.8061: Enviando NFC-e para a SEFAZ...
2025-10-14 17:01:48.0889: Retorno da SEFAZ: 100 - Autorizado o uso da NF-e
2025-10-14 17:01:48.0889: Numeração de NFC-e atualizada para Nr. 13489
2025-10-14 17:01:48.0998: Finalizando Venda e validando NF emitida...
2025-10-14 17:01:48.1228: Venda finalizada com sucesso!
2025-10-14 17:01:48.1228: Realizando rotinas pós-venda...
2025-10-14 17:01:48.1228: Enviando e-mail...
2025-10-14 17:01:48.1228: Iniciando rotina de sincronização da venda 4062...
2025-10-14 17:01:48.1228: Todas as rotinas da venda 4062 foram concluídas com sucesso!
2025-10-14 17:01:48.1228: Imprimindo DANFe...
2025-10-14 17:01:48.1879: Calculando totais da venda...
2025-10-14 17:04:32.5796: Calculando totais da venda...
2025-10-14 17:04:54.0827: Iniciando finalização da venda Id 4063...
2025-10-14 17:04:54.0837: Verificando repique de troco...
2025-10-14 17:04:54.0837: Calculando totais da venda...
2025-10-14 17:04:55.9085: Finalizando Venda não fiscal...
2025-10-14 17:04:56.3585: Venda finalizada com sucesso!
2025-10-14 17:04:56.3585: Realizando rotinas pós-venda...
2025-10-14 17:04:56.3585: Enviando e-mail...
2025-10-14 17:04:56.3585: Iniciando rotina de sincronização da venda 4063...
2025-10-14 17:04:56.3585: Todas as rotinas da venda 4063 foram concluídas com sucesso!
2025-10-14 17:04:56.4081: Calculando totais da venda...
2025-10-14 17:07:42.1141: Calculando totais da venda...
2025-10-14 17:07:57.2449: Calculando totais da venda...
2025-10-14 17:12:28.3200: Calculando totais da venda...
2025-10-14 17:14:02.3429: Validando desconto atribuído ao cliente...
2025-10-14 17:14:20.1268: Iniciando finalização da venda Id 4065...
2025-10-14 17:14:20.1268: Verificando repique de troco...
2025-10-14 17:14:20.1268: Calculando totais da venda...
2025-10-14 17:14:20.6121: Iniciando finalização da venda Id 4065...
2025-10-14 17:14:20.6121: Verificando repique de troco...
2025-10-14 17:14:20.6121: Calculando totais da venda...
2025-10-14 17:14:22.0921: Finalizando Venda não fiscal...
2025-10-14 17:14:22.5461: Venda finalizada com sucesso!
2025-10-14 17:14:22.5461: Realizando rotinas pós-venda...
2025-10-14 17:14:22.5461: Enviando e-mail...
2025-10-14 17:14:22.5461: Iniciando rotina de sincronização da venda 4065...
2025-10-14 17:14:22.5461: Todas as rotinas da venda 4065 foram concluídas com sucesso!
2025-10-14 17:14:22.6011: Calculando totais da venda...
2025-10-14 17:21:38.1561: Calculando totais da venda...
2025-10-14 17:24:25.3379: Iniciando finalização da venda Id 4066...
2025-10-14 17:24:25.3379: Verificando repique de troco...
2025-10-14 17:24:25.3379: Calculando totais da venda...
2025-10-14 17:24:35.6286: Aguarde, estamos realizando a emissão da NFC-e...
2025-10-14 17:24:35.7310: Validando NFC-e...
2025-10-14 17:24:35.7310: Tipo de emissão NFC-e: NORMAL
2025-10-14 17:24:35.7310: Gerando XML de NFC-e...
2025-10-14 17:24:35.7310: Realizando conversão da venda para XML...
2025-10-14 17:24:35.7500: Conversão realizada com sucesso para a NFC-e id: NFe42251029005632000391650010000134891818695400
2025-10-14 17:24:35.7500: Assinando XML...
2025-10-14 17:24:35.8610: XML assinado com sucesso!
2025-10-14 17:24:35.8610: Enviando NFC-e para a SEFAZ...
2025-10-14 17:24:36.4182: Retorno da SEFAZ: 100 - Autorizado o uso da NF-e
2025-10-14 17:24:36.4182: Numeração de NFC-e atualizada para Nr. 13490
2025-10-14 17:24:36.4322: Finalizando Venda e validando NF emitida...
2025-10-14 17:24:36.8712: Venda finalizada com sucesso!
2025-10-14 17:24:36.8712: Realizando rotinas pós-venda...
2025-10-14 17:24:36.8712: Enviando e-mail...
2025-10-14 17:24:36.8712: Iniciando rotina de sincronização da venda 4066...
2025-10-14 17:24:36.8712: Todas as rotinas da venda 4066 foram concluídas com sucesso!
2025-10-14 17:24:36.8712: Imprimindo DANFe...
2025-10-14 17:24:36.9302: Calculando totais da venda...
2025-10-14 17:32:56.0061: Calculando totais da venda...
2025-10-14 17:33:05.8306: Iniciando finalização da venda Id 4067...
2025-10-14 17:33:05.8306: Verificando repique de troco...
2025-10-14 17:33:05.8306: Calculando totais da venda...
2025-10-14 17:33:06.0056: Iniciando finalização da venda Id 4067...
2025-10-14 17:33:06.0056: Verificando repique de troco...
2025-10-14 17:33:06.0056: Calculando totais da venda...
2025-10-14 17:33:07.3492: Aguarde, estamos realizando a emissão da NFC-e...
2025-10-14 17:33:07.4335: Validando NFC-e...
2025-10-14 17:33:07.4335: Tipo de emissão NFC-e: NORMAL
2025-10-14 17:33:07.4335: Gerando XML de NFC-e...
2025-10-14 17:33:07.4335: Realizando conversão da venda para XML...
2025-10-14 17:33:07.4545: Conversão realizada com sucesso para a NFC-e id: NFe42251029005632000391650010000134901244591705
2025-10-14 17:33:07.4545: Assinando XML...
2025-10-14 17:33:07.5545: XML assinado com sucesso!
2025-10-14 17:33:07.5545: Enviando NFC-e para a SEFAZ...
2025-10-14 17:33:07.8445: Retorno da SEFAZ: 100 - Autorizado o uso da NF-e
2025-10-14 17:33:07.8445: Numeração de NFC-e atualizada para Nr. 13491
2025-10-14 17:33:07.8545: Finalizando Venda e validando NF emitida...
2025-10-14 17:33:07.8945: Venda finalizada com sucesso!
2025-10-14 17:33:07.8945: Realizando rotinas pós-venda...
2025-10-14 17:33:07.8945: Enviando e-mail...
2025-10-14 17:33:07.8965: Iniciando rotina de sincronização da venda 4067...
2025-10-14 17:33:07.8965: Todas as rotinas da venda 4067 foram concluídas com sucesso!
2025-10-14 17:33:07.8965: Imprimindo DANFe...
2025-10-14 17:33:07.9442: Calculando totais da venda...
2025-10-14 17:57:41.9980: Calculando totais da venda...
2025-10-14 17:57:47.1155: Validando desconto atribuído ao cliente...
2025-10-14 18:08:53.0624: Iniciando finalização da venda Id 4068...
2025-10-14 18:08:53.0624: Verificando repique de troco...
2025-10-14 18:08:53.0624: Calculando totais da venda...
2025-10-14 18:09:10.9434: Aguarde, estamos realizando a emissão da NFC-e...
2025-10-14 18:09:11.1194: Validando NFC-e...
2025-10-14 18:09:11.1424: Tipo de emissão NFC-e: NORMAL
2025-10-14 18:09:11.1424: Gerando XML de NFC-e...
2025-10-14 18:09:11.1614: Realizando conversão da venda para XML...
2025-10-14 18:09:11.1944: Conversão realizada com sucesso para a NFC-e id: NFe42251029005632000391650010000134911423229749
2025-10-14 18:09:11.2215: Assinando XML...
2025-10-14 18:09:11.5176: XML assinado com sucesso!
2025-10-14 18:09:11.5176: Enviando NFC-e para a SEFAZ...
2025-10-14 18:09:12.2431: Retorno da SEFAZ: 100 - Autorizado o uso da NF-e
2025-10-14 18:09:12.2431: Numeração de NFC-e atualizada para Nr. 13492
2025-10-14 18:09:12.2581: Finalizando Venda e validando NF emitida...
2025-10-14 18:09:12.6960: Venda finalizada com sucesso!
2025-10-14 18:09:12.6960: Realizando rotinas pós-venda...
2025-10-14 18:09:12.6960: Enviando e-mail...
2025-10-14 18:09:12.6960: Iniciando rotina de sincronização da venda 4068...
2025-10-14 18:09:12.6960: Todas as rotinas da venda 4068 foram concluídas com sucesso!
2025-10-14 18:09:12.6960: Imprimindo DANFe...
2025-10-14 18:09:12.7795: Calculando totais da venda...
2025-10-14 18:15:09.6595: Calculando totais da venda...
2025-10-14 18:17:09.6981: Iniciando finalização da venda Id 4069...
2025-10-14 18:17:09.6981: Verificando repique de troco...
2025-10-14 18:17:09.6981: Calculando totais da venda...
2025-10-14 18:17:11.1923: Aguarde, estamos realizando a emissão da NFC-e...
2025-10-14 18:17:11.2908: Validando NFC-e...
2025-10-14 18:17:11.2908: Tipo de emissão NFC-e: NORMAL
2025-10-14 18:17:11.2908: Gerando XML de NFC-e...
2025-10-14 18:17:11.3038: Realizando conversão da venda para XML...
2025-10-14 18:17:11.3438: Conversão realizada com sucesso para a NFC-e id: NFe42251029005632000391650010000134921589184890
2025-10-14 18:17:11.3438: Assinando XML...
2025-10-14 18:17:11.4608: XML assinado com sucesso!
2025-10-14 18:17:11.4608: Enviando NFC-e para a SEFAZ...
2025-10-14 18:17:11.9918: Retorno da SEFAZ: 100 - Autorizado o uso da NF-e
2025-10-14 18:17:11.9918: Numeração de NFC-e atualizada para Nr. 13493
2025-10-14 18:17:11.9918: Finalizando Venda e validando NF emitida...
2025-10-14 18:17:12.4288: Venda finalizada com sucesso!
2025-10-14 18:17:12.4288: Realizando rotinas pós-venda...
2025-10-14 18:17:12.4288: Enviando e-mail...
2025-10-14 18:17:12.4288: Iniciando rotina de sincronização da venda 4069...
2025-10-14 18:17:12.4288: Todas as rotinas da venda 4069 foram concluídas com sucesso!
2025-10-14 18:17:12.4288: Imprimindo DANFe...
2025-10-14 18:17:12.4958: Calculando totais da venda...
2025-10-14 18:22:16.3927: Calculando totais da venda...
2025-10-14 18:22:29.9201: Validando desconto atribuído ao cliente...
2025-10-14 18:24:19.8307: Calculando totais da venda...
2025-10-14 18:24:31.1753: Validando desconto atribuído ao cliente...
2025-10-14 18:24:35.6632: Iniciando finalização da venda Id 4064...
2025-10-14 18:24:35.6632: Verificando repique de troco...
2025-10-14 18:24:35.6632: Calculando totais da venda...
2025-10-14 18:24:40.5003: Finalizando Venda não fiscal...
2025-10-14 18:24:40.5363: Venda finalizada com sucesso!
2025-10-14 18:24:40.5373: Realizando rotinas pós-venda...
2025-10-14 18:24:40.5373: Enviando e-mail...
2025-10-14 18:24:40.5373: Iniciando rotina de sincronização da venda 4064...
2025-10-14 18:24:40.5373: Todas as rotinas da venda 4064 foram concluídas com sucesso!
2025-10-14 18:24:40.5855: Calculando totais da venda...
2025-10-14 18:27:43.5575: Iniciando rotina de sincronização de caixa...
2025-10-14 18:37:43.3765: Calculando totais da venda...
2025-10-14 18:37:49.0732: Iniciando finalização da venda Id 4070...
2025-10-14 18:37:49.0732: Verificando repique de troco...
2025-10-14 18:37:49.0732: Calculando totais da venda...
2025-10-14 18:37:50.4240: Aguarde, estamos realizando a emissão da NFC-e...
2025-10-14 18:37:50.5040: Validando NFC-e...
2025-10-14 18:37:50.5150: Tipo de emissão NFC-e: NORMAL
2025-10-14 18:37:50.5150: Gerando XML de NFC-e...
2025-10-14 18:37:50.5150: Realizando conversão da venda para XML...
2025-10-14 18:37:50.5330: Conversão realizada com sucesso para a NFC-e id: NFe42251029005632000391650010000134931448665970
2025-10-14 18:37:50.5370: Assinando XML...
2025-10-14 18:37:50.7020: XML assinado com sucesso!
2025-10-14 18:37:50.7020: Enviando NFC-e para a SEFAZ...
2025-10-14 18:37:51.2807: Retorno da SEFAZ: 100 - Autorizado o uso da NF-e
2025-10-14 18:37:51.2807: Numeração de NFC-e atualizada para Nr. 13494
2025-10-14 18:37:51.2957: Finalizando Venda e validando NF emitida...
2025-10-14 18:37:51.7266: Venda finalizada com sucesso!
2025-10-14 18:37:51.7266: Realizando rotinas pós-venda...
2025-10-14 18:37:51.7266: Enviando e-mail...
2025-10-14 18:37:51.7266: Iniciando rotina de sincronização da venda 4070...
2025-10-14 18:37:51.7266: Todas as rotinas da venda 4070 foram concluídas com sucesso!
2025-10-14 18:37:51.7266: Imprimindo DANFe...
2025-10-14 18:37:51.7846: Calculando totais da venda...
2025-10-14 18:51:59.1609: Calculando totais da venda...
2025-10-14 18:53:01.8423: Iniciando finalização da venda Id 4071...
2025-10-14 18:53:01.8885: Verificando repique de troco...
2025-10-14 18:53:01.8885: Calculando totais da venda...
2025-10-14 18:53:02.4570: Iniciando finalização da venda Id 4071...
2025-10-14 18:53:02.4570: Verificando repique de troco...
2025-10-14 18:53:02.4570: Calculando totais da venda...
2025-10-14 18:53:03.8884: Aguarde, estamos realizando a emissão da NFC-e...
2025-10-14 18:53:04.0295: Validando NFC-e...
2025-10-14 18:53:04.0295: Tipo de emissão NFC-e: NORMAL
2025-10-14 18:53:04.0295: Gerando XML de NFC-e...
2025-10-14 18:53:04.0505: Realizando conversão da venda para XML...
2025-10-14 18:53:04.1385: Conversão realizada com sucesso para a NFC-e id: NFe42251029005632000391650010000134941432940869
2025-10-14 18:53:04.1385: Assinando XML...
2025-10-14 18:53:04.9649: XML assinado com sucesso!
2025-10-14 18:53:04.9649: Enviando NFC-e para a SEFAZ...
2025-10-14 18:53:05.6718: Retorno da SEFAZ: 100 - Autorizado o uso da NF-e
2025-10-14 18:53:05.7278: Numeração de NFC-e atualizada para Nr. 13495
2025-10-14 18:53:05.7554: Finalizando Venda e validando NF emitida...
2025-10-14 18:53:06.2303: Venda finalizada com sucesso!
2025-10-14 18:53:06.2303: Realizando rotinas pós-venda...
2025-10-14 18:53:06.2303: Enviando e-mail...
2025-10-14 18:53:06.2303: Iniciando rotina de sincronização da venda 4071...
2025-10-14 18:53:06.2303: Todas as rotinas da venda 4071 foram concluídas com sucesso!
2025-10-14 18:53:06.2303: Imprimindo DANFe...
2025-10-14 18:53:07.5112: Calculando totais da venda...
2025-10-14 19:38:57.5196: Calculando totais da venda...
2025-10-14 19:39:02.4531: Validando desconto atribuído ao cliente...
2025-10-14 19:41:08.0844: Iniciando finalização da venda Id 4072...
2025-10-14 19:41:08.1793: Verificando repique de troco...
2025-10-14 19:41:08.1793: Calculando totais da venda...
2025-10-14 19:41:10.2538: Aguarde, estamos realizando a emissão da NFC-e...
2025-10-14 19:41:10.8523: Validando NFC-e...
2025-10-14 19:41:10.9978: Tipo de emissão NFC-e: NORMAL
2025-10-14 19:41:10.9978: Gerando XML de NFC-e...
2025-10-14 19:41:11.1873: Realizando conversão da venda para XML...
2025-10-14 19:41:11.3052: Conversão realizada com sucesso para a NFC-e id: NFe42251029005632000391650010000134951518164880
2025-10-14 19:41:11.3974: Assinando XML...
2025-10-14 19:41:14.3960: XML assinado com sucesso!
2025-10-14 19:41:14.3960: Enviando NFC-e para a SEFAZ...
2025-10-14 19:41:19.8868: Retorno da SEFAZ: 100 - Autorizado o uso da NF-e
2025-10-14 19:41:20.1660: Numeração de NFC-e atualizada para Nr. 13496
2025-10-14 19:41:20.2052: Finalizando Venda e validando NF emitida...
2025-10-14 19:41:20.6912: Venda finalizada com sucesso!
2025-10-14 19:41:20.6932: Realizando rotinas pós-venda...
2025-10-14 19:41:20.6932: Enviando e-mail...
2025-10-14 19:41:20.6932: Iniciando rotina de sincronização da venda 4072...
2025-10-14 19:41:20.6932: Todas as rotinas da venda 4072 foram concluídas com sucesso!
2025-10-14 19:41:20.6932: Imprimindo DANFe...
2025-10-14 19:41:20.8401: Calculando totais da venda...
2025-10-14 19:55:39.4306: Iniciando rotina de sincronização de caixa...
