 2025-10-13 17:32:16.8610|Rota: https://api.maqplansoftware.com.br/api/Usuarios/login?include=user - Resposta: <html>
<head><title>502 Bad Gateway</title></head>
<body>
<center><h1>502 Bad Gateway</h1></center>
</body>
</html>
 - Dado Enviado: {"email":"29005632000391@maqplan.com.br","password":"290056"}
 2025-10-13 18:58:35.6759|An error occurred while saving entities that do not expose foreign key properties for their relationships. The EntityEntries property will return null because a single entity cannot be identified as the source of the exception. Handling of exceptions while saving can be made easier by exposing foreign key properties in your entity types. See the InnerException for details. StackTrace:    em System.Data.Entity.Internal.InternalContext.SaveChanges()
   em System.Data.Entity.Internal.LazyInternalContext.SaveChanges()
   em System.Data.Entity.DbContext.SaveChanges()
   em PDV.BLL.managers.ErpManager.<SincronizarPessoas>d__31.MoveNext()
 2025-10-13 18:58:36.5665|An error occurred while saving entities that do not expose foreign key properties for their relationships. The EntityEntries property will return null because a single entity cannot be identified as the source of the exception. Handling of exceptions while saving can be made easier by exposing foreign key properties in your entity types. See the InnerException for details.|StackTrace::    em System.Data.Entity.Internal.InternalContext.SaveChanges()
   em System.Data.Entity.Internal.LazyInternalContext.SaveChanges()
   em System.Data.Entity.DbContext.SaveChanges()
   em PDV.DAL.Repositorios.RepositorioErp.Save()
   em PDV.BLL.control.ErpController.<ReceberOperadores>d__55.MoveNext()
 2025-10-13 18:58:36.6134|An error occurred while saving entities that do not expose foreign key properties for their relationships. The EntityEntries property will return null because a single entity cannot be identified as the source of the exception. Handling of exceptions while saving can be made easier by exposing foreign key properties in your entity types. See the InnerException for details.|StackTrace::    em System.Data.Entity.Internal.InternalContext.SaveChanges()
   em System.Data.Entity.Internal.LazyInternalContext.SaveChanges()
   em System.Data.Entity.DbContext.SaveChanges()
   em PDV.DAL.Repositorios.RepositorioErp.Save()
   em PDV.BLL.control.ErpController.<ReceberOperadores>d__55.MoveNext()
 2025-10-13 18:58:37.5665|SincronizarVendedores -> An error occurred while saving entities that do not expose foreign key properties for their relationships. The EntityEntries property will return null because a single entity cannot be identified as the source of the exception. Handling of exceptions while saving can be made easier by exposing foreign key properties in your entity types. See the InnerException for details.
Store update, insert, or delete statement affected an unexpected number of rows (0). Entities may have been modified or deleted since entities were loaded. See http://go.microsoft.com/fwlink/?LinkId=472540 for information on understanding and handling optimistic concurrency exceptions.
|StackTrace:    em System.Data.Entity.Internal.InternalContext.SaveChanges()
   em System.Data.Entity.Internal.LazyInternalContext.SaveChanges()
   em System.Data.Entity.DbContext.SaveChanges()
   em PDV.BLL.control.ErpController.<ReceberVendedores>d__50.MoveNext()
|InnerException: 
