2025-10-07 17:04:08.0122: Verificando versão para atualização de PDV.
2025-10-07 17:04:08.3872: Atualização
2025-10-07 17:06:34.6936: Calculando totais da venda...
2025-10-07 17:06:42.1728: Iniciando finalização da venda Id 3894...
2025-10-07 17:06:42.1728: Verificando repique de troco...
2025-10-07 17:06:42.1728: Calculando totais da venda...
2025-10-07 17:06:44.1584: Aguarde, estamos realizando a emissão da NFC-e...
2025-10-07 17:06:44.2522: Validando NFC-e...
2025-10-07 17:06:44.2812: Tipo de emissão NFC-e: NORMAL
2025-10-07 17:06:44.2812: Gerando XML de NFC-e...
2025-10-07 17:06:44.2812: Realizando conversão da venda para XML...
2025-10-07 17:06:44.3712: Conversão realizada com sucesso para a NFC-e id: NFe42251029005632000391650010000133661897905410
2025-10-07 17:06:44.7206: Assinando XML...
2025-10-07 17:06:45.1023: XML assinado com sucesso!
2025-10-07 17:06:45.1023: Enviando NFC-e para a SEFAZ...
2025-10-07 17:06:45.7195: Retorno da SEFAZ: 100 - Autorizado o uso da NF-e
2025-10-07 17:06:45.7195: Numeração de NFC-e atualizada para Nr. 13367
2025-10-07 17:06:45.7305: Finalizando Venda e validando NF emitida...
2025-10-07 17:06:46.0887: Venda finalizada com sucesso!
2025-10-07 17:06:46.0887: Realizando rotinas pós-venda...
2025-10-07 17:06:46.1099: Enviando e-mail...
2025-10-07 17:06:46.1099: Iniciando rotina de sincronização da venda 3894...
2025-10-07 17:06:46.1099: Todas as rotinas da venda 3894 foram concluídas com sucesso!
2025-10-07 17:06:46.1099: Imprimindo DANFe...
2025-10-07 17:06:46.1411: Calculando totais da venda...
2025-10-07 17:11:02.7537: Calculando totais da venda...
2025-10-07 17:12:46.6409: Calculando totais da venda...
2025-10-07 17:20:00.8932: Calculando totais da venda...
2025-10-07 17:21:35.6233: Validando desconto atribuído ao cliente...
2025-10-07 17:22:28.5480: Iniciando finalização da venda Id 3895...
2025-10-07 17:22:28.5480: Verificando repique de troco...
2025-10-07 17:22:28.5480: Calculando totais da venda...
2025-10-07 17:22:29.7706: Aguarde, estamos realizando a emissão da NFC-e...
2025-10-07 17:22:29.8665: Validando NFC-e...
2025-10-07 17:22:29.8705: Tipo de emissão NFC-e: NORMAL
2025-10-07 17:22:29.8705: Gerando XML de NFC-e...
2025-10-07 17:22:29.8705: Realizando conversão da venda para XML...
2025-10-07 17:22:29.8855: Conversão realizada com sucesso para a NFC-e id: NFe42251029005632000391650010000133671393371088
2025-10-07 17:22:29.8855: Assinando XML...
2025-10-07 17:22:29.9725: XML assinado com sucesso!
2025-10-07 17:22:29.9725: Enviando NFC-e para a SEFAZ...
2025-10-07 17:22:30.4828: Retorno da SEFAZ: 100 - Autorizado o uso da NF-e
2025-10-07 17:22:30.4828: Numeração de NFC-e atualizada para Nr. 13368
2025-10-07 17:22:30.4828: Finalizando Venda e validando NF emitida...
2025-10-07 17:22:30.8519: Venda finalizada com sucesso!
2025-10-07 17:22:30.8519: Realizando rotinas pós-venda...
2025-10-07 17:22:30.8519: Enviando e-mail...
2025-10-07 17:22:30.8549: Iniciando rotina de sincronização da venda 3895...
2025-10-07 17:22:30.8549: Todas as rotinas da venda 3895 foram concluídas com sucesso!
2025-10-07 17:22:30.8549: Imprimindo DANFe...
2025-10-07 17:22:30.9059: Calculando totais da venda...
2025-10-07 17:40:41.1572: Calculando totais da venda...
2025-10-07 17:40:45.7440: Validando desconto atribuído ao cliente...
2025-10-07 17:41:08.4070: Calculando totais da venda...
2025-10-07 17:43:21.4042: Calculando totais da venda...
2025-10-07 17:44:36.6996: Iniciando finalização da venda Id 3892...
2025-10-07 17:44:36.6996: Verificando repique de troco...
2025-10-07 17:44:36.6996: Calculando totais da venda...
2025-10-07 17:44:41.0426: Aguarde, estamos realizando a emissão da NFC-e...
2025-10-07 17:44:41.1354: Validando NFC-e...
2025-10-07 17:44:41.1354: Tipo de emissão NFC-e: NORMAL
2025-10-07 17:44:41.1354: Gerando XML de NFC-e...
2025-10-07 17:44:41.1354: Realizando conversão da venda para XML...
2025-10-07 17:44:41.1584: Conversão realizada com sucesso para a NFC-e id: NFe42251029005632000391650010000133681100305229
2025-10-07 17:44:41.1584: Assinando XML...
2025-10-07 17:44:41.2553: XML assinado com sucesso!
2025-10-07 17:44:41.2553: Enviando NFC-e para a SEFAZ...
2025-10-07 17:44:41.5183: Retorno da SEFAZ: 100 - Autorizado o uso da NF-e
2025-10-07 17:44:41.5183: Numeração de NFC-e atualizada para Nr. 13369
2025-10-07 17:44:41.5274: Finalizando Venda e validando NF emitida...
2025-10-07 17:44:41.5534: Venda finalizada com sucesso!
2025-10-07 17:44:41.5534: Realizando rotinas pós-venda...
2025-10-07 17:44:41.5534: Enviando e-mail...
2025-10-07 17:44:41.5534: Iniciando rotina de sincronização da venda 3892...
2025-10-07 17:44:41.5534: Todas as rotinas da venda 3892 foram concluídas com sucesso!
2025-10-07 17:44:41.5574: Imprimindo DANFe...
2025-10-07 17:44:41.6093: Calculando totais da venda...
2025-10-07 17:46:13.1224: Calculando totais da venda...
2025-10-07 17:46:19.2348: Validando desconto atribuído ao cliente...
2025-10-07 17:47:10.8023: Iniciando finalização da venda Id 3897...
2025-10-07 17:47:10.8023: Verificando repique de troco...
2025-10-07 17:47:10.8023: Calculando totais da venda...
2025-10-07 17:47:11.9145: Aguarde, estamos realizando a emissão da NFC-e...
2025-10-07 17:47:12.0035: Validando NFC-e...
2025-10-07 17:47:12.0035: Tipo de emissão NFC-e: NORMAL
2025-10-07 17:47:12.0035: Gerando XML de NFC-e...
2025-10-07 17:47:12.0105: Realizando conversão da venda para XML...
2025-10-07 17:47:12.0105: Conversão realizada com sucesso para a NFC-e id: NFe42251029005632000391650010000133691525629545
2025-10-07 17:47:12.0105: Assinando XML...
2025-10-07 17:47:12.1105: XML assinado com sucesso!
2025-10-07 17:47:12.1105: Enviando NFC-e para a SEFAZ...
2025-10-07 17:47:12.6239: Retorno da SEFAZ: 100 - Autorizado o uso da NF-e
2025-10-07 17:47:12.6239: Numeração de NFC-e atualizada para Nr. 13370
2025-10-07 17:47:12.6239: Finalizando Venda e validando NF emitida...
2025-10-07 17:47:13.0143: Venda finalizada com sucesso!
2025-10-07 17:47:13.0143: Realizando rotinas pós-venda...
2025-10-07 17:47:13.0143: Enviando e-mail...
2025-10-07 17:47:13.0143: Iniciando rotina de sincronização da venda 3897...
2025-10-07 17:47:13.0143: Todas as rotinas da venda 3897 foram concluídas com sucesso!
2025-10-07 17:47:13.0143: Imprimindo DANFe...
2025-10-07 17:47:13.0723: Calculando totais da venda...
2025-10-07 17:57:12.0860: Calculando totais da venda...
2025-10-07 17:57:45.7500: Iniciando finalização da venda Id 3898...
2025-10-07 17:57:45.7500: Verificando repique de troco...
2025-10-07 17:57:45.7500: Calculando totais da venda...
2025-10-07 17:57:45.9250: Iniciando finalização da venda Id 3898...
2025-10-07 17:57:45.9250: Verificando repique de troco...
2025-10-07 17:57:45.9250: Calculando totais da venda...
2025-10-07 17:57:46.6920: Aguarde, estamos realizando a emissão da NFC-e...
2025-10-07 17:57:46.7805: Validando NFC-e...
2025-10-07 17:57:46.7805: Tipo de emissão NFC-e: NORMAL
2025-10-07 17:57:46.7805: Gerando XML de NFC-e...
2025-10-07 17:57:46.7805: Realizando conversão da venda para XML...
2025-10-07 17:57:46.7975: Conversão realizada com sucesso para a NFC-e id: NFe42251029005632000391650010000133701457651766
2025-10-07 17:57:46.8085: Assinando XML...
2025-10-07 17:57:46.9225: XML assinado com sucesso!
2025-10-07 17:57:46.9225: Enviando NFC-e para a SEFAZ...
2025-10-07 17:57:47.1805: Retorno da SEFAZ: 100 - Autorizado o uso da NF-e
2025-10-07 17:57:47.1825: Numeração de NFC-e atualizada para Nr. 13371
2025-10-07 17:57:47.1825: Finalizando Venda e validando NF emitida...
2025-10-07 17:57:47.2155: Venda finalizada com sucesso!
2025-10-07 17:57:47.2155: Realizando rotinas pós-venda...
2025-10-07 17:57:47.2155: Enviando e-mail...
2025-10-07 17:57:47.2155: Iniciando rotina de sincronização da venda 3898...
2025-10-07 17:57:47.2155: Todas as rotinas da venda 3898 foram concluídas com sucesso!
2025-10-07 17:57:47.2295: Imprimindo DANFe...
2025-10-07 17:57:47.2705: Calculando totais da venda...
2025-10-07 19:06:11.8892: Calculando totais da venda...
2025-10-07 19:06:20.2082: Iniciando finalização da venda Id 3899...
2025-10-07 19:06:20.2082: Verificando repique de troco...
2025-10-07 19:06:20.2082: Calculando totais da venda...
2025-10-07 19:06:21.3248: Aguarde, estamos realizando a emissão da NFC-e...
2025-10-07 19:06:21.4107: Validando NFC-e...
2025-10-07 19:06:21.4107: Tipo de emissão NFC-e: NORMAL
2025-10-07 19:06:21.4107: Gerando XML de NFC-e...
2025-10-07 19:06:21.4177: Realizando conversão da venda para XML...
2025-10-07 19:06:21.4177: Conversão realizada com sucesso para a NFC-e id: NFe42251029005632000391650010000133711660204911
2025-10-07 19:06:21.4177: Assinando XML...
2025-10-07 19:06:21.5227: XML assinado com sucesso!
2025-10-07 19:06:21.5227: Enviando NFC-e para a SEFAZ...
2025-10-07 19:06:22.0147: Retorno da SEFAZ: 100 - Autorizado o uso da NF-e
2025-10-07 19:06:22.0147: Numeração de NFC-e atualizada para Nr. 13372
2025-10-07 19:06:22.0261: Finalizando Venda e validando NF emitida...
2025-10-07 19:06:22.3812: Venda finalizada com sucesso!
2025-10-07 19:06:22.3812: Realizando rotinas pós-venda...
2025-10-07 19:06:22.3812: Enviando e-mail...
2025-10-07 19:06:22.3812: Iniciando rotina de sincronização da venda 3899...
2025-10-07 19:06:22.3812: Todas as rotinas da venda 3899 foram concluídas com sucesso!
2025-10-07 19:06:22.3852: Imprimindo DANFe...
2025-10-07 19:06:22.4352: Calculando totais da venda...
2025-10-07 19:38:40.1616: Iniciando rotina de sincronização da venda 3900...
2025-10-07 19:38:50.8114: Calculando totais da venda...
2025-10-07 19:38:58.3315: Validando desconto atribuído ao cliente...
2025-10-07 19:40:05.2910: Calculando totais da venda...
2025-10-07 19:40:12.4349: Iniciando finalização da venda Id 3901...
2025-10-07 19:40:12.4349: Verificando repique de troco...
2025-10-07 19:40:12.4349: Calculando totais da venda...
2025-10-07 19:40:13.4436: Aguarde, estamos realizando a emissão da NFC-e...
2025-10-07 19:40:13.5386: Validando NFC-e...
2025-10-07 19:40:13.5456: Tipo de emissão NFC-e: NORMAL
2025-10-07 19:40:13.5456: Gerando XML de NFC-e...
2025-10-07 19:40:13.5456: Realizando conversão da venda para XML...
2025-10-07 19:40:13.5456: Conversão realizada com sucesso para a NFC-e id: NFe42251029005632000391650010000133721583966678
2025-10-07 19:40:13.5576: Assinando XML...
2025-10-07 19:40:13.6526: XML assinado com sucesso!
2025-10-07 19:40:13.6526: Enviando NFC-e para a SEFAZ...
2025-10-07 19:40:14.1839: Retorno da SEFAZ: 100 - Autorizado o uso da NF-e
2025-10-07 19:40:14.1839: Numeração de NFC-e atualizada para Nr. 13373
2025-10-07 19:40:14.1839: Finalizando Venda e validando NF emitida...
2025-10-07 19:40:14.5567: Venda finalizada com sucesso!
2025-10-07 19:40:14.5577: Realizando rotinas pós-venda...
2025-10-07 19:40:14.5577: Enviando e-mail...
2025-10-07 19:40:14.5577: Iniciando rotina de sincronização da venda 3901...
2025-10-07 19:40:14.5577: Todas as rotinas da venda 3901 foram concluídas com sucesso!
2025-10-07 19:40:14.5577: Imprimindo DANFe...
2025-10-07 19:40:14.6127: Calculando totais da venda...
2025-10-07 20:10:43.3870: Iniciando rotina de sincronização de caixa...
