                   -------------- Error (2025-10-15 11:35:41.4651) --------------
                   
                   Call Site: PDV.Telas.VwErro.Show
                   Exception Type: System.Data.Entity.Infrastructure.DbUpdateException
                   Exception Message: An error occurred while saving entities that do not expose foreign key properties for their relationships. The EntityEntries property will return null because a single entity cannot be identified as the source of the exception. Handling of exceptions while saving can be made easier by exposing foreign key properties in your entity types. See the InnerException for details.
                   Stack Trace:    em System.Data.Entity.Internal.InternalContext.SaveChanges()
   em System.Data.Entity.Internal.LazyInternalContext.SaveChanges()
   em System.Data.Entity.DbContext.SaveChanges()
   em PDV.BLL.control.ContatoController.<ExcluirContatoNulo>b__10_1(Contato x)
   em System.Collections.Generic.List`1.ForEach(Action`1 action)
   em PDV.BLL.control.ContatoController.ExcluirContatoNulo()
   em PDV.BLL.managers.PessoaManager.AlterarDestinatario(Destinatario destinatario)
   em PDV.Paginas.PesquisasCadastros.PgCadastroCliente.GravarDestinatario()
   em PDV.Paginas.PesquisasCadastros.PgCadastroCliente.BtGravar_Click(Object sender, RoutedEventArgs e)
   em System.Windows.RoutedEventHandlerInfo.InvokeHandler(Object target, RoutedEventArgs routedEventArgs)
   em System.Windows.EventRoute.InvokeHandlersImpl(Object source, RoutedEventArgs args, Boolean reRaised)
   em System.Windows.UIElement.RaiseEventImpl(DependencyObject sender, RoutedEventArgs args)
   em System.Windows.UIElement.RaiseEvent(RoutedEventArgs e)
   em System.Windows.Controls.Primitives.ButtonBase.OnClick()
   em System.Windows.Controls.Button.OnClick()
   em System.Windows.Controls.Primitives.ButtonBase.OnMouseLeftButtonUp(MouseButtonEventArgs e)
   em System.Windows.UIElement.OnMouseLeftButtonUpThunk(Object sender, MouseButtonEventArgs e)
   em System.Windows.Input.MouseButtonEventArgs.InvokeEventHandler(Delegate genericHandler, Object genericTarget)
   em System.Windows.RoutedEventArgs.InvokeHandler(Delegate handler, Object target)
   em System.Windows.RoutedEventHandlerInfo.InvokeHandler(Object target, RoutedEventArgs routedEventArgs)
   em System.Windows.EventRoute.InvokeHandlersImpl(Object source, RoutedEventArgs args, Boolean reRaised)
   em System.Windows.UIElement.ReRaiseEventAs(DependencyObject sender, RoutedEventArgs args, RoutedEvent newEvent)
   em System.Windows.UIElement.OnMouseUpThunk(Object sender, MouseButtonEventArgs e)
   em System.Windows.Input.MouseButtonEventArgs.InvokeEventHandler(Delegate genericHandler, Object genericTarget)
   em System.Windows.RoutedEventArgs.InvokeHandler(Delegate handler, Object target)
   em System.Windows.RoutedEventHandlerInfo.InvokeHandler(Object target, RoutedEventArgs routedEventArgs)
   em System.Windows.EventRoute.InvokeHandlersImpl(Object source, RoutedEventArgs args, Boolean reRaised)
   em System.Windows.UIElement.RaiseEventImpl(DependencyObject sender, RoutedEventArgs args)
   em System.Windows.UIElement.RaiseTrustedEvent(RoutedEventArgs args)
   em System.Windows.UIElement.RaiseEvent(RoutedEventArgs args, Boolean trusted)
   em System.Windows.Input.InputManager.ProcessStagingArea()
   em System.Windows.Input.InputManager.ProcessInput(InputEventArgs input)
   em System.Windows.Input.InputProviderSite.ReportInput(InputReport inputReport)
   em System.Windows.Interop.HwndMouseInputProvider.ReportInput(IntPtr hwnd, InputMode mode, Int32 timestamp, RawMouseActions actions, Int32 x, Int32 y, Int32 wheel)
   em System.Windows.Interop.HwndMouseInputProvider.FilterMessage(IntPtr hwnd, WindowMessage msg, IntPtr wParam, IntPtr lParam, Boolean& handled)
   em System.Windows.Interop.HwndSource.InputFilterMessage(IntPtr hwnd, Int32 msg, IntPtr wParam, IntPtr lParam, Boolean& handled)
   em MS.Win32.HwndWrapper.WndProc(IntPtr hwnd, Int32 msg, IntPtr wParam, IntPtr lParam, Boolean& handled)
   em MS.Win32.HwndSubclass.DispatcherCallbackOperation(Object o)
   em System.Windows.Threading.ExceptionWrapper.InternalRealCall(Delegate callback, Object args, Int32 numArgs)
   em System.Windows.Threading.ExceptionWrapper.TryCatchWhen(Object source, Delegate callback, Object args, Int32 numArgs, Delegate catchHandler)
                   Inner Exception: System.Data.Entity.Infrastructure.DbUpdateException: An error occurred while saving entities that do not expose foreign key properties for their relationships. The EntityEntries property will return null because a single entity cannot be identified as the source of the exception. Handling of exceptions while saving can be made easier by exposing foreign key properties in your entity types. See the InnerException for details. ---> System.Data.Entity.Core.OptimisticConcurrencyException: Store update, insert, or delete statement affected an unexpected number of rows (0). Entities may have been modified or deleted since entities were loaded. See http://go.microsoft.com/fwlink/?LinkId=472540 for information on understanding and handling optimistic concurrency exceptions.
   em System.Data.Entity.Core.Mapping.Update.Internal.UpdateTranslator.ValidateRowsAffected(Int64 rowsAffected, UpdateCommand source)
   em System.Data.Entity.Core.Mapping.Update.Internal.UpdateTranslator.Update()
   em System.Data.Entity.Core.EntityClient.Internal.EntityAdapter.<>c.<Update>b__21_0(UpdateTranslator ut)
   em System.Data.Entity.Core.EntityClient.Internal.EntityAdapter.Update[T](T noChangesResult, Func`2 updateFunction)
   em System.Data.Entity.Core.EntityClient.Internal.EntityAdapter.Update()
   em System.Data.Entity.Core.Objects.ObjectContext.<SaveChangesToStore>b__153_0()
   em System.Data.Entity.Core.Objects.ObjectContext.ExecuteInTransaction[T](Func`1 func, IDbExecutionStrategy executionStrategy, Boolean startLocalTransaction, Boolean releaseConnectionOnSuccess)
   em System.Data.Entity.Core.Objects.ObjectContext.SaveChangesToStore(SaveOptions options, IDbExecutionStrategy executionStrategy, Boolean startLocalTransaction)
   em System.Data.Entity.Core.Objects.ObjectContext.<>c__DisplayClass148_0.<SaveChangesInternal>b__0()
   em System.Data.Entity.Infrastructure.DefaultExecutionStrategy.Execute[TResult](Func`1 operation)
   em System.Data.Entity.Core.Objects.ObjectContext.SaveChangesInternal(SaveOptions options, Boolean executeInExistingTransaction)
   em System.Data.Entity.Core.Objects.ObjectContext.SaveChanges(SaveOptions options)
   em System.Data.Entity.Internal.InternalContext.SaveChanges()
   --- Fim do rastreamento de pilha de exceções internas ---
   em System.Data.Entity.Internal.InternalContext.SaveChanges()
   em System.Data.Entity.Internal.LazyInternalContext.SaveChanges()
   em System.Data.Entity.DbContext.SaveChanges()
   em PDV.BLL.control.ContatoController.<ExcluirContatoNulo>b__10_1(Contato x)
   em System.Collections.Generic.List`1.ForEach(Action`1 action)
   em PDV.BLL.control.ContatoController.ExcluirContatoNulo()
   em PDV.BLL.managers.PessoaManager.AlterarDestinatario(Destinatario destinatario)
   em PDV.Paginas.PesquisasCadastros.PgCadastroCliente.GravarDestinatario()
   em PDV.Paginas.PesquisasCadastros.PgCadastroCliente.BtGravar_Click(Object sender, RoutedEventArgs e)
   em System.Windows.RoutedEventHandlerInfo.InvokeHandler(Object target, RoutedEventArgs routedEventArgs)
   em System.Windows.EventRoute.InvokeHandlersImpl(Object source, RoutedEventArgs args, Boolean reRaised)
   em System.Windows.UIElement.RaiseEventImpl(DependencyObject sender, RoutedEventArgs args)
   em System.Windows.UIElement.RaiseEvent(RoutedEventArgs e)
   em System.Windows.Controls.Primitives.ButtonBase.OnClick()
   em System.Windows.Controls.Button.OnClick()
   em System.Windows.Controls.Primitives.ButtonBase.OnMouseLeftButtonUp(MouseButtonEventArgs e)
   em System.Windows.UIElement.OnMouseLeftButtonUpThunk(Object sender, MouseButtonEventArgs e)
   em System.Windows.Input.MouseButtonEventArgs.InvokeEventHandler(Delegate genericHandler, Object genericTarget)
   em System.Windows.RoutedEventArgs.InvokeHandler(Delegate handler, Object target)
   em System.Windows.RoutedEventHandlerInfo.InvokeHandler(Object target, RoutedEventArgs routedEventArgs)
   em System.Windows.EventRoute.InvokeHandlersImpl(Object source, RoutedEventArgs args, Boolean reRaised)
   em System.Windows.UIElement.ReRaiseEventAs(DependencyObject sender, RoutedEventArgs args, RoutedEvent newEvent)
   em System.Windows.UIElement.OnMouseUpThunk(Object sender, MouseButtonEventArgs e)
   em System.Windows.Input.MouseButtonEventArgs.InvokeEventHandler(Delegate genericHandler, Object genericTarget)
   em System.Windows.RoutedEventArgs.InvokeHandler(Delegate handler, Object target)
   em System.Windows.RoutedEventHandlerInfo.InvokeHandler(Object target, RoutedEventArgs routedEventArgs)
   em System.Windows.EventRoute.InvokeHandlersImpl(Object source, RoutedEventArgs args, Boolean reRaised)
   em System.Windows.UIElement.RaiseEventImpl(DependencyObject sender, RoutedEventArgs args)
   em System.Windows.UIElement.RaiseTrustedEvent(RoutedEventArgs args)
   em System.Windows.UIElement.RaiseEvent(RoutedEventArgs args, Boolean trusted)
   em System.Windows.Input.InputManager.ProcessStagingArea()
   em System.Windows.Input.InputManager.ProcessInput(InputEventArgs input)
   em System.Windows.Input.InputProviderSite.ReportInput(InputReport inputReport)
   em System.Windows.Interop.HwndMouseInputProvider.ReportInput(IntPtr hwnd, InputMode mode, Int32 timestamp, RawMouseActions actions, Int32 x, Int32 y, Int32 wheel)
   em System.Windows.Interop.HwndMouseInputProvider.FilterMessage(IntPtr hwnd, WindowMessage msg, IntPtr wParam, IntPtr lParam, Boolean& handled)
   em System.Windows.Interop.HwndSource.InputFilterMessage(IntPtr hwnd, Int32 msg, IntPtr wParam, IntPtr lParam, Boolean& handled)
   em MS.Win32.HwndWrapper.WndProc(IntPtr hwnd, Int32 msg, IntPtr wParam, IntPtr lParam, Boolean& handled)
   em MS.Win32.HwndSubclass.DispatcherCallbackOperation(Object o)
   em System.Windows.Threading.ExceptionWrapper.InternalRealCall(Delegate callback, Object args, Int32 numArgs)
   em System.Windows.Threading.ExceptionWrapper.TryCatchWhen(Object source, Delegate callback, Object args, Int32 numArgs, Delegate catchHandler) System.Object: 
System.Data.Entity.Core.OptimisticConcurrencyException: Store update, insert, or delete statement affected an unexpected number of rows (0). Entities may have been modified or deleted since entities were loaded. See http://go.microsoft.com/fwlink/?LinkId=472540 for information on understanding and handling optimistic concurrency exceptions.
   em System.Data.Entity.Core.Mapping.Update.Internal.UpdateTranslator.ValidateRowsAffected(Int64 rowsAffected, UpdateCommand source)
   em System.Data.Entity.Core.Mapping.Update.Internal.UpdateTranslator.Update()
   em System.Data.Entity.Core.EntityClient.Internal.EntityAdapter.<>c.<Update>b__21_0(UpdateTranslator ut)
   em System.Data.Entity.Core.EntityClient.Internal.EntityAdapter.Update[T](T noChangesResult, Func`2 updateFunction)
   em System.Data.Entity.Core.EntityClient.Internal.EntityAdapter.Update()
   em System.Data.Entity.Core.Objects.ObjectContext.<SaveChangesToStore>b__153_0()
   em System.Data.Entity.Core.Objects.ObjectContext.ExecuteInTransaction[T](Func`1 func, IDbExecutionStrategy executionStrategy, Boolean startLocalTransaction, Boolean releaseConnectionOnSuccess)
   em System.Data.Entity.Core.Objects.ObjectContext.SaveChangesToStore(SaveOptions options, IDbExecutionStrategy executionStrategy, Boolean startLocalTransaction)
   em System.Data.Entity.Core.Objects.ObjectContext.<>c__DisplayClass148_0.<SaveChangesInternal>b__0()
   em System.Data.Entity.Infrastructure.DefaultExecutionStrategy.Execute[TResult](Func`1 operation)
   em System.Data.Entity.Core.Objects.ObjectContext.SaveChangesInternal(SaveOptions options, Boolean executeInExistingTransaction)
   em System.Data.Entity.Core.Objects.ObjectContext.SaveChanges(SaveOptions options)
   em System.Data.Entity.Internal.InternalContext.SaveChanges()

