2025-10-11 09:05:03.5392: Verificando versão para atualização de PDV.
2025-10-11 09:05:03.9633: Atualização
2025-10-11 09:05:11.0818: Iniciando rotina de sincronização de caixa...
2025-10-11 09:06:09.8042: Iniciando rotina de sincronização de caixa...
2025-10-11 10:16:05.9331: Iniciando rotina de sincronização da venda 3994...
2025-10-11 10:41:21.1935: Calculando totais da venda...
2025-10-11 10:47:18.7234: Iniciando rotina de sincronização da venda 3995...
2025-10-11 10:48:04.5712: Calculando totais da venda...
2025-10-11 10:48:10.0151: Validando desconto atribuído ao cliente...
2025-10-11 10:48:16.3569: Iniciando finalização da venda Id 3996...
2025-10-11 10:48:16.3569: Verificando repique de troco...
2025-10-11 10:48:16.3569: Calculando totais da venda...
2025-10-11 10:48:18.7873: Finalizando Venda não fiscal...
2025-10-11 10:48:19.2223: Venda finalizada com sucesso!
2025-10-11 10:48:19.2223: Realizando rotinas pós-venda...
2025-10-11 10:48:19.2374: Enviando e-mail...
2025-10-11 10:48:19.2374: Iniciando rotina de sincronização da venda 3996...
2025-10-11 10:48:19.2374: Todas as rotinas da venda 3996 foram concluídas com sucesso!
2025-10-11 10:48:19.2687: Calculando totais da venda...
2025-10-11 11:21:46.2489: Calculando totais da venda...
2025-10-11 11:21:53.4548: Validando desconto atribuído ao cliente...
2025-10-11 11:26:31.8381: Calculando totais da venda...
2025-10-11 11:26:38.8770: Validando desconto atribuído ao cliente...
2025-10-11 11:28:41.4755: Iniciando finalização da venda Id 3997...
2025-10-11 11:28:41.4755: Verificando repique de troco...
2025-10-11 11:28:41.4755: Calculando totais da venda...
2025-10-11 11:28:42.8127: Finalizando Venda não fiscal...
2025-10-11 11:28:43.2517: Venda finalizada com sucesso!
2025-10-11 11:28:43.2517: Realizando rotinas pós-venda...
2025-10-11 11:28:43.2517: Enviando e-mail...
2025-10-11 11:28:43.2517: Iniciando rotina de sincronização da venda 3997...
2025-10-11 11:28:43.2517: Todas as rotinas da venda 3997 foram concluídas com sucesso!
2025-10-11 11:28:43.3077: Calculando totais da venda...
2025-10-11 11:33:39.2185: Calculando totais da venda...
2025-10-11 11:34:12.6257: Iniciando finalização da venda Id 3998...
2025-10-11 11:34:12.6257: Verificando repique de troco...
2025-10-11 11:34:12.6257: Calculando totais da venda...
2025-10-11 11:34:15.5818: Aguarde, estamos realizando a emissão da NFC-e...
2025-10-11 11:34:15.6711: Validando NFC-e...
2025-10-11 11:34:15.6711: Tipo de emissão NFC-e: NORMAL
2025-10-11 11:34:15.6711: Gerando XML de NFC-e...
2025-10-11 11:34:15.6981: Realizando conversão da venda para XML...
2025-10-11 11:34:15.7821: Conversão realizada com sucesso para a NFC-e id: NFe42251029005632000391650010000134441172846360
2025-10-11 11:34:16.1382: Assinando XML...
2025-10-11 11:34:16.6145: XML assinado com sucesso!
2025-10-11 11:34:16.6145: Enviando NFC-e para a SEFAZ...
2025-10-11 11:34:18.1818: Retorno da SEFAZ: 100 - Autorizado o uso da NF-e
2025-10-11 11:34:18.1838: Numeração de NFC-e atualizada para Nr. 13445
2025-10-11 11:34:18.1838: Finalizando Venda e validando NF emitida...
2025-10-11 11:34:18.6163: Venda finalizada com sucesso!
2025-10-11 11:34:18.6163: Realizando rotinas pós-venda...
2025-10-11 11:34:18.6163: Enviando e-mail...
2025-10-11 11:34:18.6163: Iniciando rotina de sincronização da venda 3998...
2025-10-11 11:34:18.6163: Todas as rotinas da venda 3998 foram concluídas com sucesso!
2025-10-11 11:34:18.6163: Imprimindo DANFe...
2025-10-11 11:34:18.6655: Calculando totais da venda...
2025-10-11 11:36:10.4976: Calculando totais da venda...
2025-10-11 11:36:15.7685: Iniciando finalização da venda Id 3999...
2025-10-11 11:36:15.7685: Verificando repique de troco...
2025-10-11 11:36:15.7685: Calculando totais da venda...
2025-10-11 11:36:19.1985: Aguarde, estamos realizando a emissão da NFC-e...
2025-10-11 11:36:19.2934: Validando NFC-e...
2025-10-11 11:36:19.2934: Tipo de emissão NFC-e: NORMAL
2025-10-11 11:36:19.2934: Gerando XML de NFC-e...
2025-10-11 11:36:19.2934: Realizando conversão da venda para XML...
2025-10-11 11:36:19.3085: Conversão realizada com sucesso para a NFC-e id: NFe42251029005632000391650010000134451508453764
2025-10-11 11:36:19.3085: Assinando XML...
2025-10-11 11:36:19.3955: XML assinado com sucesso!
2025-10-11 11:36:19.3955: Enviando NFC-e para a SEFAZ...
2025-10-11 11:36:19.8914: Retorno da SEFAZ: 100 - Autorizado o uso da NF-e
2025-10-11 11:36:19.8914: Numeração de NFC-e atualizada para Nr. 13446
2025-10-11 11:36:19.8914: Finalizando Venda e validando NF emitida...
2025-10-11 11:36:20.3271: Venda finalizada com sucesso!
2025-10-11 11:36:20.3271: Realizando rotinas pós-venda...
2025-10-11 11:36:20.3271: Enviando e-mail...
2025-10-11 11:36:20.3771: Calculando totais da venda...
2025-10-11 11:36:22.0830: Iniciando rotina de sincronização da venda 3999...
2025-10-11 11:36:22.0830: Todas as rotinas da venda 3999 foram concluídas com sucesso!
2025-10-11 11:36:22.0830: Imprimindo DANFe...
2025-10-11 11:47:30.2853: Calculando totais da venda...
2025-10-11 11:48:40.9248: Validando desconto atribuído ao cliente...
2025-10-11 11:49:48.7796: Calculando totais da venda...
2025-10-11 11:50:32.4440: Calculando totais da venda...
2025-10-11 11:50:49.2669: Iniciando finalização da venda Id 4000...
2025-10-11 11:50:49.2669: Verificando repique de troco...
2025-10-11 11:50:49.2669: Calculando totais da venda...
2025-10-11 11:50:50.1859: Aguarde, estamos realizando a emissão da NFC-e...
2025-10-11 11:50:50.2717: Validando NFC-e...
2025-10-11 11:50:50.2797: Tipo de emissão NFC-e: NORMAL
2025-10-11 11:50:50.2797: Gerando XML de NFC-e...
2025-10-11 11:50:50.2797: Realizando conversão da venda para XML...
2025-10-11 11:50:50.2797: Conversão realizada com sucesso para a NFC-e id: NFe42251029005632000391650010000134461185529249
2025-10-11 11:50:50.2927: Assinando XML...
2025-10-11 11:50:50.3787: XML assinado com sucesso!
2025-10-11 11:50:50.3787: Enviando NFC-e para a SEFAZ...
2025-10-11 11:50:50.6172: Retorno da SEFAZ: 100 - Autorizado o uso da NF-e
2025-10-11 11:50:50.6172: Numeração de NFC-e atualizada para Nr. 13447
2025-10-11 11:50:50.6247: Finalizando Venda e validando NF emitida...
2025-10-11 11:50:50.6497: Venda finalizada com sucesso!
2025-10-11 11:50:50.6497: Realizando rotinas pós-venda...
2025-10-11 11:50:50.6497: Enviando e-mail...
2025-10-11 11:50:50.6517: Iniciando rotina de sincronização da venda 4000...
2025-10-11 11:50:50.6517: Todas as rotinas da venda 4000 foram concluídas com sucesso!
2025-10-11 11:50:50.6517: Imprimindo DANFe...
2025-10-11 11:50:50.7117: Calculando totais da venda...
2025-10-11 11:54:17.8954: Calculando totais da venda...
2025-10-11 11:54:30.9861: Validando desconto atribuído ao cliente...
2025-10-11 11:55:13.9772: Iniciando finalização da venda Id 4001...
2025-10-11 11:55:13.9772: Verificando repique de troco...
2025-10-11 11:55:13.9772: Calculando totais da venda...
2025-10-11 11:57:27.4821: Aguarde, estamos realizando a emissão da NFC-e...
2025-10-11 11:57:27.5948: Validando NFC-e...
2025-10-11 11:57:27.5948: Tipo de emissão NFC-e: NORMAL
2025-10-11 11:57:27.5948: Gerando XML de NFC-e...
2025-10-11 11:57:27.5948: Realizando conversão da venda para XML...
2025-10-11 11:57:27.6148: Conversão realizada com sucesso para a NFC-e id: NFe42251029005632000391650010000134471344019735
2025-10-11 11:57:27.6148: Assinando XML...
2025-10-11 11:57:27.7038: XML assinado com sucesso!
2025-10-11 11:57:27.7038: Enviando NFC-e para a SEFAZ...
2025-10-11 11:57:28.2470: Retorno da SEFAZ: 100 - Autorizado o uso da NF-e
2025-10-11 11:57:28.2470: Numeração de NFC-e atualizada para Nr. 13448
2025-10-11 11:57:28.2470: Finalizando Venda e validando NF emitida...
2025-10-11 11:57:28.6890: Venda finalizada com sucesso!
2025-10-11 11:57:28.6890: Realizando rotinas pós-venda...
2025-10-11 11:57:28.6890: Enviando e-mail...
2025-10-11 11:57:28.6890: Iniciando rotina de sincronização da venda 4001...
2025-10-11 11:57:28.6890: Todas as rotinas da venda 4001 foram concluídas com sucesso!
2025-10-11 11:57:28.6890: Imprimindo DANFe...
2025-10-11 11:57:28.7385: Calculando totais da venda...
2025-10-11 12:27:08.5419: Calculando totais da venda...
2025-10-11 12:27:12.3488: Iniciando finalização da venda Id 4002...
2025-10-11 12:27:12.3488: Verificando repique de troco...
2025-10-11 12:27:12.3488: Calculando totais da venda...
2025-10-11 12:27:13.2917: Aguarde, estamos realizando a emissão da NFC-e...
2025-10-11 12:27:13.3737: Validando NFC-e...
2025-10-11 12:27:13.3737: Tipo de emissão NFC-e: NORMAL
2025-10-11 12:27:13.3737: Gerando XML de NFC-e...
2025-10-11 12:27:13.3737: Realizando conversão da venda para XML...
2025-10-11 12:27:13.3907: Conversão realizada com sucesso para a NFC-e id: NFe42251029005632000391650010000134481793259170
2025-10-11 12:27:13.3907: Assinando XML...
2025-10-11 12:27:13.4817: XML assinado com sucesso!
2025-10-11 12:27:13.4817: Enviando NFC-e para a SEFAZ...
2025-10-11 12:27:13.7669: Retorno da SEFAZ: 100 - Autorizado o uso da NF-e
2025-10-11 12:27:13.7669: Numeração de NFC-e atualizada para Nr. 13449
2025-10-11 12:27:13.7669: Finalizando Venda e validando NF emitida...
2025-10-11 12:27:13.8022: Venda finalizada com sucesso!
2025-10-11 12:27:13.8022: Realizando rotinas pós-venda...
2025-10-11 12:27:13.8022: Enviando e-mail...
2025-10-11 12:27:13.8022: Iniciando rotina de sincronização da venda 4002...
2025-10-11 12:27:13.8122: Todas as rotinas da venda 4002 foram concluídas com sucesso!
2025-10-11 12:27:13.8122: Imprimindo DANFe...
2025-10-11 12:27:13.8592: Calculando totais da venda...
2025-10-11 12:49:14.3583: Iniciando rotina de sincronização de caixa...
