               -------------- Error (2025-09-22 14:53:56.3095) --------------
               
               Call Site: PDV.BLL.control.FiscalController.TransmitirNfCeContingenciaPendenteEnvio
               Exception Type: System.Runtime.InteropServices.COMException
               Exception Message: Favor preencher o parâmetro aXmlNota
               Stack Trace:    em NFCeX.IspdNFCeX.EnviarNFSincrono(String aNumLote, String aXmlNota, Boolean aCompactado)
   em PDV.BLL.control.fiscal.nfceBuilders.NFCeController.Emitir(String xml)
   em PDV.BLL.control.FiscalController.EmitirDocFiscal(String xml, EnumTipoDocFiscal tipoDoc)
   em PDV.BLL.control.FiscalController.TransmitirNfCeContingenciaPendenteEnvio(DocumentoFiscal doc)

               -------------- Error (2025-09-22 14:53:56.3935) --------------
               
               Call Site: PDV.BLL.control.FiscalController.TransmitirNfCeContingenciaPendenteEnvio
               Exception Type: System.Runtime.InteropServices.COMException
               Exception Message: Favor preencher o parâmetro aXmlNota
               Stack Trace:    em NFCeX.IspdNFCeX.EnviarNFSincrono(String aNumLote, String aXmlNota, Boolean aCompactado)
   em PDV.BLL.control.fiscal.nfceBuilders.NFCeController.Emitir(String xml)
   em PDV.BLL.control.FiscalController.EmitirDocFiscal(String xml, EnumTipoDocFiscal tipoDoc)
   em PDV.BLL.control.FiscalController.TransmitirNfCeContingenciaPendenteEnvio(DocumentoFiscal doc)

               -------------- Error (2025-09-22 14:53:56.4814) --------------
               
               Call Site: PDV.BLL.control.FiscalController.TransmitirNfCeContingenciaPendenteEnvio
               Exception Type: System.Runtime.InteropServices.COMException
               Exception Message: Favor preencher o parâmetro aXmlNota
               Stack Trace:    em NFCeX.IspdNFCeX.EnviarNFSincrono(String aNumLote, String aXmlNota, Boolean aCompactado)
   em PDV.BLL.control.fiscal.nfceBuilders.NFCeController.Emitir(String xml)
   em PDV.BLL.control.FiscalController.EmitirDocFiscal(String xml, EnumTipoDocFiscal tipoDoc)
   em PDV.BLL.control.FiscalController.TransmitirNfCeContingenciaPendenteEnvio(DocumentoFiscal doc)

               -------------- Error (2025-09-22 14:53:56.5164) --------------
               
               Call Site: PDV.BLL.control.FiscalController.TransmitirNfCeContingenciaPendenteEnvio
               Exception Type: System.Runtime.InteropServices.COMException
               Exception Message: Favor preencher o parâmetro aXmlNota
               Stack Trace:    em NFCeX.IspdNFCeX.EnviarNFSincrono(String aNumLote, String aXmlNota, Boolean aCompactado)
   em PDV.BLL.control.fiscal.nfceBuilders.NFCeController.Emitir(String xml)
   em PDV.BLL.control.FiscalController.EmitirDocFiscal(String xml, EnumTipoDocFiscal tipoDoc)
   em PDV.BLL.control.FiscalController.TransmitirNfCeContingenciaPendenteEnvio(DocumentoFiscal doc)

               -------------- Error (2025-09-22 14:53:56.5833) --------------
               
               Call Site: PDV.BLL.control.FiscalController.TransmitirNfCeContingenciaPendenteEnvio
               Exception Type: System.Runtime.InteropServices.COMException
               Exception Message: Favor preencher o parâmetro aXmlNota
               Stack Trace:    em NFCeX.IspdNFCeX.EnviarNFSincrono(String aNumLote, String aXmlNota, Boolean aCompactado)
   em PDV.BLL.control.fiscal.nfceBuilders.NFCeController.Emitir(String xml)
   em PDV.BLL.control.FiscalController.EmitirDocFiscal(String xml, EnumTipoDocFiscal tipoDoc)
   em PDV.BLL.control.FiscalController.TransmitirNfCeContingenciaPendenteEnvio(DocumentoFiscal doc)

               -------------- Error (2025-09-22 14:53:56.6273) --------------
               
               Call Site: PDV.BLL.control.FiscalController.TransmitirNfCeContingenciaPendenteEnvio
               Exception Type: System.Runtime.InteropServices.COMException
               Exception Message: Favor preencher o parâmetro aXmlNota
               Stack Trace:    em NFCeX.IspdNFCeX.EnviarNFSincrono(String aNumLote, String aXmlNota, Boolean aCompactado)
   em PDV.BLL.control.fiscal.nfceBuilders.NFCeController.Emitir(String xml)
   em PDV.BLL.control.FiscalController.EmitirDocFiscal(String xml, EnumTipoDocFiscal tipoDoc)
   em PDV.BLL.control.FiscalController.TransmitirNfCeContingenciaPendenteEnvio(DocumentoFiscal doc)

               -------------- Error (2025-09-22 14:53:56.6743) --------------
               
               Call Site: PDV.BLL.control.FiscalController.TransmitirNfCeContingenciaPendenteEnvio
               Exception Type: System.Runtime.InteropServices.COMException
               Exception Message: Favor preencher o parâmetro aXmlNota
               Stack Trace:    em NFCeX.IspdNFCeX.EnviarNFSincrono(String aNumLote, String aXmlNota, Boolean aCompactado)
   em PDV.BLL.control.fiscal.nfceBuilders.NFCeController.Emitir(String xml)
   em PDV.BLL.control.FiscalController.EmitirDocFiscal(String xml, EnumTipoDocFiscal tipoDoc)
   em PDV.BLL.control.FiscalController.TransmitirNfCeContingenciaPendenteEnvio(DocumentoFiscal doc)

               -------------- Error (2025-09-22 14:53:56.7163) --------------
               
               Call Site: PDV.BLL.control.FiscalController.TransmitirNfCeContingenciaPendenteEnvio
               Exception Type: System.Runtime.InteropServices.COMException
               Exception Message: Favor preencher o parâmetro aXmlNota
               Stack Trace:    em NFCeX.IspdNFCeX.EnviarNFSincrono(String aNumLote, String aXmlNota, Boolean aCompactado)
   em PDV.BLL.control.fiscal.nfceBuilders.NFCeController.Emitir(String xml)
   em PDV.BLL.control.FiscalController.EmitirDocFiscal(String xml, EnumTipoDocFiscal tipoDoc)
   em PDV.BLL.control.FiscalController.TransmitirNfCeContingenciaPendenteEnvio(DocumentoFiscal doc)

               -------------- Error (2025-09-22 14:53:56.7522) --------------
               
               Call Site: PDV.BLL.control.FiscalController.TransmitirNfCeContingenciaPendenteEnvio
               Exception Type: System.Runtime.InteropServices.COMException
               Exception Message: Favor preencher o parâmetro aXmlNota
               Stack Trace:    em NFCeX.IspdNFCeX.EnviarNFSincrono(String aNumLote, String aXmlNota, Boolean aCompactado)
   em PDV.BLL.control.fiscal.nfceBuilders.NFCeController.Emitir(String xml)
   em PDV.BLL.control.FiscalController.EmitirDocFiscal(String xml, EnumTipoDocFiscal tipoDoc)
   em PDV.BLL.control.FiscalController.TransmitirNfCeContingenciaPendenteEnvio(DocumentoFiscal doc)

               -------------- Error (2025-09-22 14:53:56.8272) --------------
               
               Call Site: PDV.BLL.control.FiscalController.TransmitirNfCeContingenciaPendenteEnvio
               Exception Type: System.Runtime.InteropServices.COMException
               Exception Message: Favor preencher o parâmetro aXmlNota
               Stack Trace:    em NFCeX.IspdNFCeX.EnviarNFSincrono(String aNumLote, String aXmlNota, Boolean aCompactado)
   em PDV.BLL.control.fiscal.nfceBuilders.NFCeController.Emitir(String xml)
   em PDV.BLL.control.FiscalController.EmitirDocFiscal(String xml, EnumTipoDocFiscal tipoDoc)
   em PDV.BLL.control.FiscalController.TransmitirNfCeContingenciaPendenteEnvio(DocumentoFiscal doc)

               -------------- Error (2025-09-22 14:53:56.8872) --------------
               
               Call Site: PDV.BLL.control.FiscalController.TransmitirNfCeContingenciaPendenteEnvio
               Exception Type: System.Runtime.InteropServices.COMException
               Exception Message: Favor preencher o parâmetro aXmlNota
               Stack Trace:    em NFCeX.IspdNFCeX.EnviarNFSincrono(String aNumLote, String aXmlNota, Boolean aCompactado)
   em PDV.BLL.control.fiscal.nfceBuilders.NFCeController.Emitir(String xml)
   em PDV.BLL.control.FiscalController.EmitirDocFiscal(String xml, EnumTipoDocFiscal tipoDoc)
   em PDV.BLL.control.FiscalController.TransmitirNfCeContingenciaPendenteEnvio(DocumentoFiscal doc)

               -------------- Error (2025-09-22 14:53:56.9661) --------------
               
               Call Site: PDV.BLL.control.FiscalController.TransmitirNfCeContingenciaPendenteEnvio
               Exception Type: System.Runtime.InteropServices.COMException
               Exception Message: Favor preencher o parâmetro aXmlNota
               Stack Trace:    em NFCeX.IspdNFCeX.EnviarNFSincrono(String aNumLote, String aXmlNota, Boolean aCompactado)
   em PDV.BLL.control.fiscal.nfceBuilders.NFCeController.Emitir(String xml)
   em PDV.BLL.control.FiscalController.EmitirDocFiscal(String xml, EnumTipoDocFiscal tipoDoc)
   em PDV.BLL.control.FiscalController.TransmitirNfCeContingenciaPendenteEnvio(DocumentoFiscal doc)

               -------------- Error (2025-09-22 14:53:57.0291) --------------
               
               Call Site: PDV.BLL.control.FiscalController.TransmitirNfCeContingenciaPendenteEnvio
               Exception Type: System.Runtime.InteropServices.COMException
               Exception Message: Favor preencher o parâmetro aXmlNota
               Stack Trace:    em NFCeX.IspdNFCeX.EnviarNFSincrono(String aNumLote, String aXmlNota, Boolean aCompactado)
   em PDV.BLL.control.fiscal.nfceBuilders.NFCeController.Emitir(String xml)
   em PDV.BLL.control.FiscalController.EmitirDocFiscal(String xml, EnumTipoDocFiscal tipoDoc)
   em PDV.BLL.control.FiscalController.TransmitirNfCeContingenciaPendenteEnvio(DocumentoFiscal doc)

               -------------- Error (2025-09-22 14:53:57.0990) --------------
               
               Call Site: PDV.BLL.control.FiscalController.TransmitirNfCeContingenciaPendenteEnvio
               Exception Type: System.Runtime.InteropServices.COMException
               Exception Message: Favor preencher o parâmetro aXmlNota
               Stack Trace:    em NFCeX.IspdNFCeX.EnviarNFSincrono(String aNumLote, String aXmlNota, Boolean aCompactado)
   em PDV.BLL.control.fiscal.nfceBuilders.NFCeController.Emitir(String xml)
   em PDV.BLL.control.FiscalController.EmitirDocFiscal(String xml, EnumTipoDocFiscal tipoDoc)
   em PDV.BLL.control.FiscalController.TransmitirNfCeContingenciaPendenteEnvio(DocumentoFiscal doc)

               -------------- Error (2025-09-22 14:53:57.1600) --------------
               
               Call Site: PDV.BLL.control.FiscalController.TransmitirNfCeContingenciaPendenteEnvio
               Exception Type: System.Runtime.InteropServices.COMException
               Exception Message: Favor preencher o parâmetro aXmlNota
               Stack Trace:    em NFCeX.IspdNFCeX.EnviarNFSincrono(String aNumLote, String aXmlNota, Boolean aCompactado)
   em PDV.BLL.control.fiscal.nfceBuilders.NFCeController.Emitir(String xml)
   em PDV.BLL.control.FiscalController.EmitirDocFiscal(String xml, EnumTipoDocFiscal tipoDoc)
   em PDV.BLL.control.FiscalController.TransmitirNfCeContingenciaPendenteEnvio(DocumentoFiscal doc)

               -------------- Error (2025-09-22 14:53:57.2000) --------------
               
               Call Site: PDV.BLL.control.FiscalController.TransmitirNfCeContingenciaPendenteEnvio
               Exception Type: System.Runtime.InteropServices.COMException
               Exception Message: Favor preencher o parâmetro aXmlNota
               Stack Trace:    em NFCeX.IspdNFCeX.EnviarNFSincrono(String aNumLote, String aXmlNota, Boolean aCompactado)
   em PDV.BLL.control.fiscal.nfceBuilders.NFCeController.Emitir(String xml)
   em PDV.BLL.control.FiscalController.EmitirDocFiscal(String xml, EnumTipoDocFiscal tipoDoc)
   em PDV.BLL.control.FiscalController.TransmitirNfCeContingenciaPendenteEnvio(DocumentoFiscal doc)

               -------------- Error (2025-09-22 14:53:57.2449) --------------
               
               Call Site: PDV.BLL.control.FiscalController.TransmitirNfCeContingenciaPendenteEnvio
               Exception Type: System.Runtime.InteropServices.COMException
               Exception Message: Favor preencher o parâmetro aXmlNota
               Stack Trace:    em NFCeX.IspdNFCeX.EnviarNFSincrono(String aNumLote, String aXmlNota, Boolean aCompactado)
   em PDV.BLL.control.fiscal.nfceBuilders.NFCeController.Emitir(String xml)
   em PDV.BLL.control.FiscalController.EmitirDocFiscal(String xml, EnumTipoDocFiscal tipoDoc)
   em PDV.BLL.control.FiscalController.TransmitirNfCeContingenciaPendenteEnvio(DocumentoFiscal doc)

               -------------- Error (2025-09-22 14:53:57.2799) --------------
               
               Call Site: PDV.BLL.control.FiscalController.TransmitirNfCeContingenciaPendenteEnvio
               Exception Type: System.Runtime.InteropServices.COMException
               Exception Message: Favor preencher o parâmetro aXmlNota
               Stack Trace:    em NFCeX.IspdNFCeX.EnviarNFSincrono(String aNumLote, String aXmlNota, Boolean aCompactado)
   em PDV.BLL.control.fiscal.nfceBuilders.NFCeController.Emitir(String xml)
   em PDV.BLL.control.FiscalController.EmitirDocFiscal(String xml, EnumTipoDocFiscal tipoDoc)
   em PDV.BLL.control.FiscalController.TransmitirNfCeContingenciaPendenteEnvio(DocumentoFiscal doc)

               -------------- Error (2025-09-22 14:53:57.3219) --------------
               
               Call Site: PDV.BLL.control.FiscalController.TransmitirNfCeContingenciaPendenteEnvio
               Exception Type: System.Runtime.InteropServices.COMException
               Exception Message: Favor preencher o parâmetro aXmlNota
               Stack Trace:    em NFCeX.IspdNFCeX.EnviarNFSincrono(String aNumLote, String aXmlNota, Boolean aCompactado)
   em PDV.BLL.control.fiscal.nfceBuilders.NFCeController.Emitir(String xml)
   em PDV.BLL.control.FiscalController.EmitirDocFiscal(String xml, EnumTipoDocFiscal tipoDoc)
   em PDV.BLL.control.FiscalController.TransmitirNfCeContingenciaPendenteEnvio(DocumentoFiscal doc)

               -------------- Error (2025-09-22 14:53:57.3689) --------------
               
               Call Site: PDV.BLL.control.FiscalController.TransmitirNfCeContingenciaPendenteEnvio
               Exception Type: System.Runtime.InteropServices.COMException
               Exception Message: Favor preencher o parâmetro aXmlNota
               Stack Trace:    em NFCeX.IspdNFCeX.EnviarNFSincrono(String aNumLote, String aXmlNota, Boolean aCompactado)
   em PDV.BLL.control.fiscal.nfceBuilders.NFCeController.Emitir(String xml)
   em PDV.BLL.control.FiscalController.EmitirDocFiscal(String xml, EnumTipoDocFiscal tipoDoc)
   em PDV.BLL.control.FiscalController.TransmitirNfCeContingenciaPendenteEnvio(DocumentoFiscal doc)

               -------------- Error (2025-09-22 14:53:57.4138) --------------
               
               Call Site: PDV.BLL.control.FiscalController.TransmitirNfCeContingenciaPendenteEnvio
               Exception Type: System.Runtime.InteropServices.COMException
               Exception Message: Favor preencher o parâmetro aXmlNota
               Stack Trace:    em NFCeX.IspdNFCeX.EnviarNFSincrono(String aNumLote, String aXmlNota, Boolean aCompactado)
   em PDV.BLL.control.fiscal.nfceBuilders.NFCeController.Emitir(String xml)
   em PDV.BLL.control.FiscalController.EmitirDocFiscal(String xml, EnumTipoDocFiscal tipoDoc)
   em PDV.BLL.control.FiscalController.TransmitirNfCeContingenciaPendenteEnvio(DocumentoFiscal doc)

               -------------- Error (2025-09-22 14:53:57.4608) --------------
               
               Call Site: PDV.BLL.control.FiscalController.TransmitirNfCeContingenciaPendenteEnvio
               Exception Type: System.Runtime.InteropServices.COMException
               Exception Message: Favor preencher o parâmetro aXmlNota
               Stack Trace:    em NFCeX.IspdNFCeX.EnviarNFSincrono(String aNumLote, String aXmlNota, Boolean aCompactado)
   em PDV.BLL.control.fiscal.nfceBuilders.NFCeController.Emitir(String xml)
   em PDV.BLL.control.FiscalController.EmitirDocFiscal(String xml, EnumTipoDocFiscal tipoDoc)
   em PDV.BLL.control.FiscalController.TransmitirNfCeContingenciaPendenteEnvio(DocumentoFiscal doc)

               -------------- Error (2025-09-22 14:53:57.5158) --------------
               
               Call Site: PDV.BLL.control.FiscalController.TransmitirNfCeContingenciaPendenteEnvio
               Exception Type: System.Runtime.InteropServices.COMException
               Exception Message: Favor preencher o parâmetro aXmlNota
               Stack Trace:    em NFCeX.IspdNFCeX.EnviarNFSincrono(String aNumLote, String aXmlNota, Boolean aCompactado)
   em PDV.BLL.control.fiscal.nfceBuilders.NFCeController.Emitir(String xml)
   em PDV.BLL.control.FiscalController.EmitirDocFiscal(String xml, EnumTipoDocFiscal tipoDoc)
   em PDV.BLL.control.FiscalController.TransmitirNfCeContingenciaPendenteEnvio(DocumentoFiscal doc)

               -------------- Error (2025-09-22 14:53:57.5528) --------------
               
               Call Site: PDV.BLL.control.FiscalController.TransmitirNfCeContingenciaPendenteEnvio
               Exception Type: System.Runtime.InteropServices.COMException
               Exception Message: Favor preencher o parâmetro aXmlNota
               Stack Trace:    em NFCeX.IspdNFCeX.EnviarNFSincrono(String aNumLote, String aXmlNota, Boolean aCompactado)
   em PDV.BLL.control.fiscal.nfceBuilders.NFCeController.Emitir(String xml)
   em PDV.BLL.control.FiscalController.EmitirDocFiscal(String xml, EnumTipoDocFiscal tipoDoc)
   em PDV.BLL.control.FiscalController.TransmitirNfCeContingenciaPendenteEnvio(DocumentoFiscal doc)

               -------------- Error (2025-09-22 14:53:58.2743) --------------
               
               Call Site: PDV.BLL.control.fiscal.nfceBuilders.NFCeController.CancelarNfSubstituicao
               Exception Type: System.Exception
               Exception Message: Chave da NFC-e inválida ou ausente
               Stack Trace:    em PDV.BLL.control.fiscal.nfceBuilders.NFCeController.CancelarNfSubstituicao(DocumentoFiscal doc, String idNfceReferenciada)

               -------------- Error (2025-09-22 14:53:58.2743) --------------
               
               Call Site: PDV.BLL.control.FiscalController.ValidarNfCePendenteRespostaSefaz
               Exception Type: System.Xml.XmlException
               Exception Message: Dados no nível raiz inválidos. Linha 1, posição 1.
               Stack Trace:    em System.Xml.XmlTextReaderImpl.Throw(Exception e)
   em System.Xml.XmlTextReaderImpl.Throw(String res, String arg)
   em System.Xml.XmlTextReaderImpl.ParseRootLevelWhitespace()
   em System.Xml.XmlTextReaderImpl.ParseDocumentContent()
   em System.Xml.XmlTextReaderImpl.Read()
   em System.Xml.XmlLoader.Load(XmlDocument doc, XmlReader reader, Boolean preserveWhitespace)
   em System.Xml.XmlDocument.Load(XmlReader reader)
   em System.Xml.XmlDocument.LoadXml(String xml)
   em MS.Helper.XMLHelper.GetValueFromXMLByXpath(String xpath, String xml)
   em PDV.BLL.control.DocFiscalController.ConstruirCancelamentoNf(String xml, EnumTipoDocFiscal tipo)
   em PDV.BLL.control.FiscalController.ValidarNfCePendenteRespostaSefaz(DocumentoFiscal doc, String chaveReferenciada)

