2025-09-22 14:53:56.1116: Transmitindo para a SEFAZ a NFC-e id: 42250929005632000200650010000183109669916027 que foi emitida em contingência off-line na data: 19/09/2025 12:24:30...
2025-09-22 14:53:56.1406: Verificando versão para atualização de PDV.
2025-09-22 14:53:56.3565: Transmitindo para a SEFAZ a NFC-e id: 42250929005632000200650010000183119215458373 que foi emitida em contingência off-line na data: 19/09/2025 12:34:36...
2025-09-22 14:53:56.3935: Transmitindo para a SEFAZ a NFC-e id: 42250929005632000200650010000183139222197703 que foi emitida em contingência off-line na data: 19/09/2025 12:57:44...
2025-09-22 14:53:56.4814: Transmitindo para a SEFAZ a NFC-e id: 42250929005632000200650010000183149260316827 que foi emitida em contingência off-line na data: 19/09/2025 13:08:57...
2025-09-22 14:53:56.5164: Transmitindo para a SEFAZ a NFC-e id: 42250929005632000200650010000183159834350060 que foi emitida em contingência off-line na data: 19/09/2025 13:10:05...
2025-09-22 14:53:56.5863: Transmitindo para a SEFAZ a NFC-e id: 42250929005632000200650010000183169104072783 que foi emitida em contingência off-line na data: 19/09/2025 13:24:11...
2025-09-22 14:53:56.6273: Transmitindo para a SEFAZ a NFC-e id: 42250929005632000200650010000183179266260370 que foi emitida em contingência off-line na data: 19/09/2025 13:48:13...
2025-09-22 14:53:56.6793: Transmitindo para a SEFAZ a NFC-e id: 42250929005632000200650010000183189341047957 que foi emitida em contingência off-line na data: 19/09/2025 13:54:25...
2025-09-22 14:53:56.7163: Transmitindo para a SEFAZ a NFC-e id: 42250929005632000200650010000183199826885390 que foi emitida em contingência off-line na data: 19/09/2025 14:53:22...
2025-09-22 14:53:56.7522: Transmitindo para a SEFAZ a NFC-e id: 42250929005632000200650010000183209223648363 que foi emitida em contingência off-line na data: 19/09/2025 14:54:42...
2025-09-22 14:53:56.7822: Atualização
2025-09-22 14:53:56.8272: Transmitindo para a SEFAZ a NFC-e id: 42250929005632000200650010000183219853842743 que foi emitida em contingência off-line na data: 19/09/2025 15:00:58...
2025-09-22 14:53:56.8872: Transmitindo para a SEFAZ a NFC-e id: 42250929005632000200650010000183229977911213 que foi emitida em contingência off-line na data: 19/09/2025 15:04:05...
2025-09-22 14:53:56.9661: Transmitindo para a SEFAZ a NFC-e id: 42250929005632000200650010000183239696077594 que foi emitida em contingência off-line na data: 19/09/2025 15:05:58...
2025-09-22 14:53:57.0291: Transmitindo para a SEFAZ a NFC-e id: 42250929005632000200650010000180809441926642 que foi emitida em contingência off-line na data: 10/09/2025 18:23:03...
2025-09-22 14:53:57.1030: Transmitindo para a SEFAZ a NFC-e id: 42250929005632000200650010000181419601142455 que foi emitida em contingência off-line na data: 12/09/2025 18:02:39...
2025-09-22 14:53:57.1600: Transmitindo para a SEFAZ a NFC-e id: 42250929005632000200650010000183099730499604 que foi emitida em contingência off-line na data: 19/09/2025 11:43:48...
2025-09-22 14:53:57.2000: Transmitindo para a SEFAZ a NFC-e id: 42250929005632000200650010000183089891166081 que foi emitida em contingência off-line na data: 19/09/2025 11:37:27...
2025-09-22 14:53:57.2449: Transmitindo para a SEFAZ a NFC-e id: 42250929005632000200650010000183079524904219 que foi emitida em contingência off-line na data: 19/09/2025 11:12:09...
2025-09-22 14:53:57.2799: Transmitindo para a SEFAZ a NFC-e id: 42250929005632000200650010000183069318583502 que foi emitida em contingência off-line na data: 19/09/2025 10:53:43...
2025-09-22 14:53:57.3219: Transmitindo para a SEFAZ a NFC-e id: 42250929005632000200650010000183059565269785 que foi emitida em contingência off-line na data: 19/09/2025 10:29:42...
2025-09-22 14:53:57.3689: Transmitindo para a SEFAZ a NFC-e id: 42250929005632000200650010000183049869497403 que foi emitida em contingência off-line na data: 19/09/2025 10:27:06...
2025-09-22 14:53:57.4138: Transmitindo para a SEFAZ a NFC-e id: 42250929005632000200650010000183029879208523 que foi emitida em contingência off-line na data: 19/09/2025 08:56:04...
2025-09-22 14:53:57.4608: Transmitindo para a SEFAZ a NFC-e id: 42250929005632000200650010000183019636289806 que foi emitida em contingência off-line na data: 19/09/2025 08:51:55...
2025-09-22 14:53:57.5158: Transmitindo para a SEFAZ a NFC-e id: 42250929005632000200650010000183009505481994 que foi emitida em contingência off-line na data: 19/09/2025 08:51:13...
2025-09-22 14:53:57.8336: Validando situação da NFC-e id: 42250929005632000200650010000183101554037556 que ficou pendente por motivo de entrada em contingência off-line na data: 19/09/2025 12:34:36...
2025-09-22 14:53:58.2273: A NFC-e Id: 42250929005632000200650010000183101554037556 consta como autorizada e será cancelada por motivo de entrada em contingência off-line.
