2025-09-22 14:55:04.8637: Transmitindo para a SEFAZ a NFC-e id: 42250929005632000200650010000183109669916027 que foi emitida em contingência off-line na data: 19/09/2025 12:24:30...
2025-09-22 14:55:04.8837: Verificando versão para atualização de PDV.
2025-09-22 14:55:05.2235: Transmitindo para a SEFAZ a NFC-e id: 42250929005632000200650010000183119215458373 que foi emitida em contingência off-line na data: 19/09/2025 12:34:36...
2025-09-22 14:55:05.2605: Transmitindo para a SEFAZ a NFC-e id: 42250929005632000200650010000183139222197703 que foi emitida em contingência off-line na data: 19/09/2025 12:57:44...
2025-09-22 14:55:05.2935: Transmitindo para a SEFAZ a NFC-e id: 42250929005632000200650010000183149260316827 que foi emitida em contingência off-line na data: 19/09/2025 13:08:57...
2025-09-22 14:55:05.3694: Transmitindo para a SEFAZ a NFC-e id: 42250929005632000200650010000183159834350060 que foi emitida em contingência off-line na data: 19/09/2025 13:10:05...
2025-09-22 14:55:05.4324: Transmitindo para a SEFAZ a NFC-e id: 42250929005632000200650010000183169104072783 que foi emitida em contingência off-line na data: 19/09/2025 13:24:11...
2025-09-22 14:55:05.4833: Transmitindo para a SEFAZ a NFC-e id: 42250929005632000200650010000183179266260370 que foi emitida em contingência off-line na data: 19/09/2025 13:48:13...
2025-09-22 14:55:05.5103: Atualização
2025-09-22 14:55:05.5723: Transmitindo para a SEFAZ a NFC-e id: 42250929005632000200650010000183189341047957 que foi emitida em contingência off-line na data: 19/09/2025 13:54:25...
2025-09-22 14:55:05.6832: Transmitindo para a SEFAZ a NFC-e id: 42250929005632000200650010000183199826885390 que foi emitida em contingência off-line na data: 19/09/2025 14:53:22...
2025-09-22 14:55:05.7182: Transmitindo para a SEFAZ a NFC-e id: 42250929005632000200650010000183209223648363 que foi emitida em contingência off-line na data: 19/09/2025 14:54:42...
2025-09-22 14:55:05.7882: Transmitindo para a SEFAZ a NFC-e id: 42250929005632000200650010000183219853842743 que foi emitida em contingência off-line na data: 19/09/2025 15:00:58...
2025-09-22 14:55:05.8211: Transmitindo para a SEFAZ a NFC-e id: 42250929005632000200650010000183229977911213 que foi emitida em contingência off-line na data: 19/09/2025 15:04:05...
2025-09-22 14:55:05.8711: Transmitindo para a SEFAZ a NFC-e id: 42250929005632000200650010000183239696077594 que foi emitida em contingência off-line na data: 19/09/2025 15:05:58...
2025-09-22 14:55:05.9131: Transmitindo para a SEFAZ a NFC-e id: 42250929005632000200650010000180809441926642 que foi emitida em contingência off-line na data: 10/09/2025 18:23:03...
2025-09-22 14:55:05.9460: Transmitindo para a SEFAZ a NFC-e id: 42250929005632000200650010000181419601142455 que foi emitida em contingência off-line na data: 12/09/2025 18:02:39...
2025-09-22 14:55:05.9860: Transmitindo para a SEFAZ a NFC-e id: 42250929005632000200650010000183099730499604 que foi emitida em contingência off-line na data: 19/09/2025 11:43:48...
2025-09-22 14:55:06.0130: Transmitindo para a SEFAZ a NFC-e id: 42250929005632000200650010000183089891166081 que foi emitida em contingência off-line na data: 19/09/2025 11:37:27...
2025-09-22 14:55:06.0540: Transmitindo para a SEFAZ a NFC-e id: 42250929005632000200650010000183079524904219 que foi emitida em contingência off-line na data: 19/09/2025 11:12:09...
2025-09-22 14:55:06.0860: Transmitindo para a SEFAZ a NFC-e id: 42250929005632000200650010000183069318583502 que foi emitida em contingência off-line na data: 19/09/2025 10:53:43...
2025-09-22 14:55:06.1239: Transmitindo para a SEFAZ a NFC-e id: 42250929005632000200650010000183059565269785 que foi emitida em contingência off-line na data: 19/09/2025 10:29:42...
2025-09-22 14:55:06.1519: Transmitindo para a SEFAZ a NFC-e id: 42250929005632000200650010000183049869497403 que foi emitida em contingência off-line na data: 19/09/2025 10:27:06...
2025-09-22 14:55:06.1809: Transmitindo para a SEFAZ a NFC-e id: 42250929005632000200650010000183029879208523 que foi emitida em contingência off-line na data: 19/09/2025 08:56:04...
2025-09-22 14:55:06.2329: Transmitindo para a SEFAZ a NFC-e id: 42250929005632000200650010000183019636289806 que foi emitida em contingência off-line na data: 19/09/2025 08:51:55...
2025-09-22 14:55:06.2629: Transmitindo para a SEFAZ a NFC-e id: 42250929005632000200650010000183009505481994 que foi emitida em contingência off-line na data: 19/09/2025 08:51:13...
2025-09-22 14:55:06.6136: Validando situação da NFC-e id: 42250929005632000200650010000183101554037556 que ficou pendente por motivo de entrada em contingência off-line na data: 19/09/2025 12:34:36...
2025-09-22 14:55:06.9371: A NFC-e Id: 42250929005632000200650010000183101554037556 consta como autorizada e será cancelada por motivo de entrada em contingência off-line.
2025-09-22 14:55:27.9660: Transmitindo para a SEFAZ a NFC-e id: 42250929005632000200650010000183109669916027 que foi emitida em contingência off-line na data: 19/09/2025 12:24:30...
2025-09-22 14:55:28.1867: Transmitindo para a SEFAZ a NFC-e id: 42250929005632000200650010000183119215458373 que foi emitida em contingência off-line na data: 19/09/2025 12:34:36...
2025-09-22 14:55:28.2197: Transmitindo para a SEFAZ a NFC-e id: 42250929005632000200650010000183139222197703 que foi emitida em contingência off-line na data: 19/09/2025 12:57:44...
2025-09-22 14:55:28.2577: Transmitindo para a SEFAZ a NFC-e id: 42250929005632000200650010000183149260316827 que foi emitida em contingência off-line na data: 19/09/2025 13:08:57...
2025-09-22 14:55:28.2916: Transmitindo para a SEFAZ a NFC-e id: 42250929005632000200650010000183159834350060 que foi emitida em contingência off-line na data: 19/09/2025 13:10:05...
2025-09-22 14:55:28.3216: Transmitindo para a SEFAZ a NFC-e id: 42250929005632000200650010000183169104072783 que foi emitida em contingência off-line na data: 19/09/2025 13:24:11...
2025-09-22 14:55:28.3566: Transmitindo para a SEFAZ a NFC-e id: 42250929005632000200650010000183179266260370 que foi emitida em contingência off-line na data: 19/09/2025 13:48:13...
2025-09-22 14:55:28.3976: Transmitindo para a SEFAZ a NFC-e id: 42250929005632000200650010000183189341047957 que foi emitida em contingência off-line na data: 19/09/2025 13:54:25...
2025-09-22 14:55:28.4306: Transmitindo para a SEFAZ a NFC-e id: 42250929005632000200650010000183199826885390 que foi emitida em contingência off-line na data: 19/09/2025 14:53:22...
2025-09-22 14:55:28.4666: Transmitindo para a SEFAZ a NFC-e id: 42250929005632000200650010000183209223648363 que foi emitida em contingência off-line na data: 19/09/2025 14:54:42...
2025-09-22 14:55:28.5005: Transmitindo para a SEFAZ a NFC-e id: 42250929005632000200650010000183219853842743 que foi emitida em contingência off-line na data: 19/09/2025 15:00:58...
2025-09-22 14:55:28.5395: Transmitindo para a SEFAZ a NFC-e id: 42250929005632000200650010000183229977911213 que foi emitida em contingência off-line na data: 19/09/2025 15:04:05...
2025-09-22 14:55:28.5705: Transmitindo para a SEFAZ a NFC-e id: 42250929005632000200650010000183239696077594 que foi emitida em contingência off-line na data: 19/09/2025 15:05:58...
2025-09-22 14:55:28.6055: Transmitindo para a SEFAZ a NFC-e id: 42250929005632000200650010000180809441926642 que foi emitida em contingência off-line na data: 10/09/2025 18:23:03...
2025-09-22 14:55:28.6474: Transmitindo para a SEFAZ a NFC-e id: 42250929005632000200650010000181419601142455 que foi emitida em contingência off-line na data: 12/09/2025 18:02:39...
2025-09-22 14:55:28.6704: Transmitindo para a SEFAZ a NFC-e id: 42250929005632000200650010000183099730499604 que foi emitida em contingência off-line na data: 19/09/2025 11:43:48...
2025-09-22 14:55:28.7044: Transmitindo para a SEFAZ a NFC-e id: 42250929005632000200650010000183089891166081 que foi emitida em contingência off-line na data: 19/09/2025 11:37:27...
2025-09-22 14:55:28.7414: Transmitindo para a SEFAZ a NFC-e id: 42250929005632000200650010000183079524904219 que foi emitida em contingência off-line na data: 19/09/2025 11:12:09...
2025-09-22 14:55:28.7744: Transmitindo para a SEFAZ a NFC-e id: 42250929005632000200650010000183069318583502 que foi emitida em contingência off-line na data: 19/09/2025 10:53:43...
2025-09-22 14:55:28.8213: Transmitindo para a SEFAZ a NFC-e id: 42250929005632000200650010000183059565269785 que foi emitida em contingência off-line na data: 19/09/2025 10:29:42...
2025-09-22 14:55:28.8533: Transmitindo para a SEFAZ a NFC-e id: 42250929005632000200650010000183049869497403 que foi emitida em contingência off-line na data: 19/09/2025 10:27:06...
2025-09-22 14:55:28.8833: Transmitindo para a SEFAZ a NFC-e id: 42250929005632000200650010000183029879208523 que foi emitida em contingência off-line na data: 19/09/2025 08:56:04...
2025-09-22 14:55:28.9353: Transmitindo para a SEFAZ a NFC-e id: 42250929005632000200650010000183019636289806 que foi emitida em contingência off-line na data: 19/09/2025 08:51:55...
2025-09-22 14:55:28.9772: Transmitindo para a SEFAZ a NFC-e id: 42250929005632000200650010000183009505481994 que foi emitida em contingência off-line na data: 19/09/2025 08:51:13...
2025-09-22 14:55:29.2823: Validando situação da NFC-e id: 42250929005632000200650010000183101554037556 que ficou pendente por motivo de entrada em contingência off-line na data: 19/09/2025 12:34:36...
2025-09-22 14:55:29.5812: A NFC-e Id: 42250929005632000200650010000183101554037556 consta como autorizada e será cancelada por motivo de entrada em contingência off-line.
