 2025-10-16 10:25:17.1116|Item ignorado: MARGARINA CLAYBOM CREMOSA 250G (Código: 11690) - Estoque menor que 5: 0,00
 2025-10-16 10:25:17.1396|Item ignorado: HAMBURGUER FRANGO PERDIGÃO CAIXA (Código: 11467) - Estoque menor que 5: 0,00
 2025-10-16 10:25:17.1396|Item ignorado: BATATA PALITO SADIA 2KG (Código: 11470) - Estoque menor que 5: 0,00
 2025-10-16 10:25:17.1906|Item ignorado: Pão Integral Maçã, Quinoa e Castanha Panco Vida Pacote 380g (Código: 11733) - Estoque menor que 5: 0,00
 2025-10-16 10:25:17.1976|Item ignorado: Prato Pronto Filé de Coxa e Sobrecoxa com Legumes Congelado Aurora 320g (Código: 11754) - Estoque menor que 5: 0,00
 2025-10-16 10:25:17.1976|Item ignorado: Pastel de Queijo Aurora 350g (Código: 11756) - Estoque menor que 5: 0,00
 2025-10-16 10:25:55.7270|Item ignorado: Creme Dental Oral-B 100% Menta Refrescante 175g (Código: 12031) - Estoque menor que 5: 0,00
 2025-10-16 10:25:55.7270|Item ignorado: Bebida Mista Alcoólica Gaseificada Moscow Mule Skol Beats 269ml (Código: 15095125691) - Estoque menor que 5: 0,00
 2025-10-16 10:25:55.7270|Item ignorado: Cerveja Tíger Puro Malt Crystal 350ml (Código: 10539) - Estoque menor que 5: 0,00
 2025-10-16 10:25:55.7440|Item ignorado: Cerveja 55 Pilsen Wienbier 473ml (Código: 10688) - Estoque menor que 5: 0,00
 2025-10-16 10:25:55.7440|Item ignorado: Sorvete Vegano Chocolate Avelã Kibon 800ml (Código: 10983) - Estoque menor que 5: 0,00
 2025-10-16 10:25:55.7650|Item ignorado: Torta Mousse de Chocolate Mr. Bey (Código: 11903) - Estoque menor que 5: 0,00
 2025-10-16 10:25:55.7650|Item ignorado: Energético Red Bull Coco e Açaí 250ml (Código: 10230) - Estoque menor que 5: 0,00
 2025-10-16 10:25:55.7650|Item ignorado: Energético The Pitaya Edition Red Bull 250ml (Código: 10228) - Estoque menor que 5: 0,00
 2025-10-16 10:25:55.7780|Item ignorado: AZEITONA VALE FERTIL VERDE SEM CAROCO SACHE 120GR (Código: 11154) - Estoque menor que 5: 0,00
 2025-10-16 10:26:44.8254|Item ignorado: PRESUNTO SUÍNO FATIADO PERDIGÃO 200g (Código: 11664) - Estoque menor que 5: 0,00
 2025-10-16 10:27:19.8338|Item ignorado: Eisenbahn Cerveja Weizenbier 355 ml (Código: 10904) - Estoque menor que 5: 0,00
 2025-10-16 10:27:20.0257|Item ignorado: ROSQUINHA DE COCO  RANCHEIRO (Código: 11714) - Estoque menor que 5: 0,00
 2025-10-16 10:27:20.0257|Item ignorado: Milho em Conserva Bonduelle Tradicional 170g (Código: 11715) - Estoque menor que 5: 0,00
 2025-10-16 10:27:20.0257|Item ignorado: Browniw Melhor Bocado 60 Gr (Código: 11724) - Estoque menor que 5: 0,00
 2025-10-16 10:27:20.0257|Item ignorado: Bisnaguinha 30% Integral Panco 300g (Código: 11729) - Estoque menor que 5: 0,00
 2025-10-16 10:28:02.7404|Item ignorado: Sorvete Fruttare  Manga 60g (Código: 11029) - Estoque menor que 5: 0,00
 2025-10-16 10:28:02.7434|Item ignorado: Amendoim  Torrado Tabasco Pettiz 110g (Código: 11032) - Estoque menor que 5: 0,00
 2025-10-16 10:28:02.7434|Item ignorado: Energético Lichia Vibe 2l (Código: 11070) - Estoque menor que 5: 0,00
 2025-10-16 10:28:02.7434|Item ignorado: Torcida Sabor Camarão com Pimenta 70g (Código: 11106) - Estoque menor que 5: 0,00
 2025-10-16 10:28:02.7434|Item ignorado: Torcida Sabor Pao de Alho 70g (Código: 11108) - Estoque menor que 5: 0,00
 2025-10-16 10:28:02.7434|Item ignorado: MASSA LASANHA GALO 200GR (Código: 11128) - Estoque menor que 5: 0,00
 2025-10-16 10:28:02.7573|Item ignorado: Chopp White Draft 600ml (Código: 10383) - Estoque menor que 5: 0,00
 2025-10-16 10:28:02.7573|Item ignorado: Alfajor Sonho de Cacau Doce de Leite Embalagem 50g (Código: 10380) - Estoque menor que 5: 0,00
 2025-10-16 10:28:02.7573|Item ignorado: Energético Blue Xtreme Vibe 2l (Código: 11069) - Estoque menor que 5: 0,00
 2025-10-16 10:28:02.8513|Item ignorado: Chocolate Ao Leite Alpino Nestlé 25g (Código: 10363) - Estoque menor que 5: 0,00
 2025-10-16 10:28:02.8513|Item ignorado: Chocolate Talento Dark Nibs de Cacau Garoto 75g (Código: 10332) - Estoque menor que 5: 0,00
 2025-10-16 10:28:02.8513|Item ignorado: Chocolate Lacta Intense 60% Cacau Laranja 85g (Código: 10329) - Estoque menor que 5: 0,00
 2025-10-16 10:28:02.8513|Item ignorado: Cerveja Budweiser 310ml (Código: 10296) - Estoque menor que 5: 0,00
 2025-10-16 10:28:02.8513|Item ignorado: Drink Pronto Beats Drinks Mint Sabor Mojito Lata Skol 269ml (Código: 10256) - Estoque menor que 5: 0,00
 2025-10-16 10:28:02.8853|Item ignorado: Ben  Jerrys Salted Caramel Core 458ml (Código: 76840003716) - Estoque menor que 5: 0,00
 2025-10-16 10:28:47.7226|Item ignorado: Dori Amendoim Tipo Japonês 70g (Código: 10635) - Estoque menor que 5: 0,00
 2025-10-16 10:28:47.7226|Item ignorado: Saladade Massa com Atum e Molho de Iogurte e Limão Ateliê 240g (Código: 11570) - Estoque menor que 5: 0,00
 2025-10-16 10:28:47.7386|Item ignorado: Bebida Alcoólica Jack Danniels  Coca-Cola 350ml (Código: 11767) - Estoque menor que 5: 0,00
 2025-10-16 10:28:47.7386|Item ignorado: SNACK SALG BACON ROMANATO 80GR (Código: 11777) - Estoque menor que 5: 0,00
 2025-10-16 10:28:47.8615|Item ignorado: CAFE 3 CORACOES CAPPUCCINO CLASSIC 200GR (Código: 11322) - Estoque menor que 5: 0,00
 2025-10-16 10:28:47.8895|Item ignorado: Chocolate Barra Milka Milkinis Tradicional 87,5g (Código: 10701) - Estoque menor que 5: 0,00
 2025-10-16 10:28:47.8895|Item ignorado: SUCRILHOS KELLOGGS ORIGIN 240G (Código: 12011) - Estoque menor que 5: 0,00
 2025-10-16 10:28:47.8985|Item ignorado: Sorvete Nata e Chocolate Duo Nobrelli Pote 1,3l (Código: 11793) - Estoque menor que 5: 0,00
 2025-10-16 10:28:47.8985|Item ignorado: Bolinho de Chocolate Seven Boys 35g (Código: 11796) - Estoque menor que 5: 0,00
 2025-10-16 10:28:47.8985|Item ignorado: Pão Wrap Tá Pronto Original Wickbold 270g (Código: 11800) - Estoque menor que 5: 0,00
 2025-10-16 10:28:47.8985|Item ignorado: Pão sem Casca Wickbold Tradicional 450g (Código: 11801) - Estoque menor que 5: 0,00
 2025-10-16 10:28:47.8985|Item ignorado: Pão de Forma Integral Aveia Linhaça Chia E Quinoa Zero Lactose 5 Zeros Wickbold 400g (Código: 11807) - Estoque menor que 5: 0,00
 2025-10-16 10:28:47.9355|Item ignorado: Pão de Forma Estar Leve Wickbold 300g (Código: 11808) - Estoque menor que 5: 0,00
 2025-10-16 10:28:47.9355|Item ignorado: Pão de Forma Estar Leve Bread Integral Wickbold 430g (Código: 11809) - Estoque menor que 5: 0,00
 2025-10-16 10:28:47.9565|Item ignorado: Molho Barbecue Sabor Defumado Quero Em Embalagem Squeeze 210g (Código: 11835) - Estoque menor que 5: 0,00
 2025-10-16 10:28:47.9565|Item ignorado: MMS AO  LEITE 80G (Código: 11843) - Estoque menor que 5: 0,00
 2025-10-16 10:28:47.9655|Item ignorado: Pão Integral Freekeh  Nozes Wickbold 100% Nutrição Pacote 400g (Código: 11847) - Estoque menor que 5: 0,00
 2025-10-16 10:28:47.9655|Item ignorado: Pão de Forma Integral Forno Wickbold 100% Nutrição 500g (Código: 11848) - Estoque menor que 5: 0,00
 2025-10-16 10:28:47.9655|Item ignorado: CHIMICHURRI FPF ALIMENTOS 10G (Código: 11864) - Estoque menor que 5: 0,00
 2025-10-16 10:28:47.9764|Item ignorado: PANETONNE BAUDUCCO FRUTAS 400GR (Código: 11867) - Estoque menor que 5: 0,00
 2025-10-16 10:28:47.9764|Item ignorado: Salgadinho de Milho Original Dippas Doritos 84g (Código: 11868) - Estoque menor que 5: 0,00
 2025-10-16 10:28:47.9764|Item ignorado: BISNAGÃO SEVEN BOYS (Código: 11879) - Estoque menor que 5: 0,00
 2025-10-16 10:28:47.9764|Item ignorado: WRAP WICKBOLD TA PRONTO INTEGRAL 270GR (Código: 11881) - Estoque menor que 5: 0,00
 2025-10-16 10:28:47.9764|Item ignorado: Panetone com Gotas de Chocolate Seven Boys 400g (Código: 11885) - Estoque menor que 5: 0,00
 2025-10-16 10:28:47.9764|Item ignorado: Ricota Fresca Itamontês 500g (Código: 11961) - Estoque menor que 5: 0,00
 2025-10-16 10:29:24.8796|Item ignorado: Torcida Sabor Calabresa 70g (Código: 11107) - Estoque menor que 5: 0,00
 2025-10-16 10:29:24.8926|Item ignorado: PILHA PANASONIC AA 4PC (Código: 11314) - Estoque menor que 5: 0,00
 2025-10-16 10:29:24.8926|Item ignorado: Cerveja Eisenbahn American Ipa Long Neck 355ml (Código: 10562) - Estoque menor que 5: 0,00
 2025-10-16 10:30:00.0439|Item ignorado: Torcida Sabor Vinagrete 70g (Código: 11111) - Estoque menor que 5: 0,00
 2025-10-16 10:30:00.0439|Item ignorado: Sorvete Unicórnio Sabor Morango com Chantilly 800ml (Código: 10982) - Estoque menor que 5: 0,00
 2025-10-16 10:30:00.0439|Item ignorado: Pão Estar Leve Iogurte com Cenoura Wickbold 370g (Código: 11804) - Estoque menor que 5: 0,00
 2025-10-16 10:30:00.0679|Item ignorado: DEST VINHO TINTO PUTOS CARMIM 750ML (Código: 11710) - Estoque menor que 5: 0,00
 2025-10-16 10:30:00.0769|Item ignorado: TEAK FRANGO EMPANADO CONGELADO 100G (Código: 11454) - Estoque menor que 5: 0,00
 2025-10-16 10:30:00.0769|Item ignorado: LASANHA CALABRESA PERDIGÃO 600G (Código: 11481) - Estoque menor que 5: 0,00
 2025-10-16 10:30:00.0889|Item ignorado: LAT LEITE COND MOCA MINI 65GR (Código: 11628) - Estoque menor que 5: 0,00
 2025-10-16 10:30:00.0889|Item ignorado: SALADA ATELIE DO SABOR FRANGO AZEITONA COM MASSA 250GR (Código: 40232863554) - Estoque menor que 5: 0,00
 2025-10-16 10:30:00.0889|Item ignorado: CONG SEARA MAC CHEESE CHEDDAR E BACON 300GR (Código: 11389) - Estoque menor que 5: 0,00
 2025-10-16 10:30:00.0889|Item ignorado: SNACK ROSQUINHA MABEL CHOCOLATE 350GR (Código: 11236) - Estoque menor que 5: 0,00
 2025-10-16 10:30:00.1029|Item ignorado: Queijo Fresco Itamontes Peca 500g (Código: 11963) - Estoque menor que 5: 0,00
 2025-10-16 10:30:00.1029|Item ignorado: Vegan crunchy Orgânico Sabor Chocolate Bio2 200g (Código: 11773) - Estoque menor que 5: 0,00
 2025-10-16 10:30:00.1029|Item ignorado: Jack Daniels tennessee cola lata 330ml (Código: 10409) - Estoque menor que 5: 0,00
 2025-10-16 10:30:00.2078|Item ignorado: Torta Holandesa Congelada Sobremesas Premium Mr. Bey140g com 2un (Código: 11904) - Estoque menor que 5: 0,00
 2025-10-16 10:30:00.3277|Item ignorado: PAD PAO WICKBOLD FORMA TRADICIONAL (Código: 11878) - Estoque menor que 5: 0,00
 2025-10-16 10:30:00.3277|Item ignorado: MARGARINA BECEL COM SAL 500G (Código: 11997) - Estoque menor que 5: 0,00
 2025-10-16 10:30:00.3277|Item ignorado: Chocolate Alpino White Top 90g (Código: 10349) - Estoque menor que 5: 0,00
 2025-10-16 10:30:00.3357|Item ignorado: BRIGADEIRO OURO DE MINAS 50G (Código: 11499) - Estoque menor que 5: 0,00
 2025-10-16 10:30:00.3357|Item ignorado: Desodorante Aerosol Above Sport Energy Women 150ml (Código: 10801) - Estoque menor que 5: 0,00
 2025-10-16 10:30:00.3357|Item ignorado: MAIONESE  HEMMER 390ML SACHE (Código: 11893) - Estoque menor que 5: 0,00
 2025-10-16 10:30:00.3357|Item ignorado: Cerveja 59 473ml IPA (Código: 10690) - Estoque menor que 5: 0,00
 2025-10-16 10:30:00.3517|Item ignorado: Isotônico I9 Uva Verde Powerade Garrafa 500ml (Código: 10182) - Estoque menor que 5: 0,00
 2025-10-16 10:30:00.3517|Item ignorado: Lays Stax Cheddar 156g (Código: 10438) - Estoque menor que 5: 0,00
 2025-10-16 10:30:00.3517|Item ignorado: Baton Tablete ao leite Crocante 90g (Código: 10669) - Estoque menor que 5: 0,00
 2025-10-16 10:30:00.3517|Item ignorado: Chocolate White Top Alpino Nestlé 85g (Código: 10677) - Estoque menor que 5: 0,00
 2025-10-16 10:30:00.3517|Item ignorado: Composto Lácteo Instantâneo C/ Fibras Ninho 380g Forti+ (Código: 10717) - Estoque menor que 5: 0,00
 2025-10-16 10:30:00.3517|Item ignorado: Desodorante Feminino Above Lady Aerosol 150ml (Código: 10802) - Estoque menor que 5: 0,00
 2025-10-16 10:30:00.3517|Item ignorado: Sorvete Kibon Magnum  Vegano  Amendoas  90ML (Código: 10930) - Estoque menor que 5: 0,00
 2025-10-16 10:30:41.7472|Item ignorado: Sorvete Inspirações Merengue Morango Kibon 1,3l (Código: 10991) - Estoque menor que 5: 0,00
 2025-10-16 10:30:41.7472|Item ignorado: Água De Coco Coco Quadrado Maracujá 1L (Código: 10995) - Estoque menor que 5: 0,00
 2025-10-16 10:30:41.7472|Item ignorado: Sorvete Inspirações Sabor Cocada Cremosa Kibon 1,3l (Código: 10992) - Estoque menor que 5: 0,00
 2025-10-16 10:30:42.2019|Item ignorado: BURRITO Sabor Frango com Requeijão Seara 100g (Código: 11660) - Estoque menor que 5: 0,00
 2025-10-16 10:30:42.2019|Item ignorado: Pão de Brioche Fatiado Tradicional Paderri 350g (Código: 11560) - Estoque menor que 5: 0,00
 2025-10-16 10:31:21.6017|Item ignorado: SANDUINCHE  NATURAL  PEITO PERU 160GR (Código: 40232714573) - Estoque menor que 5: 0,00
 2025-10-16 10:31:21.6017|Item ignorado: Crepe Paderri Doce Leite Embalagem 32g (Código: 11590) - Estoque menor que 5: 0,00
 2025-10-16 10:31:21.6017|Item ignorado: DONUTS RING DE COOKIES AND CREAM (Código: 789563664486) - Estoque menor que 5: 0,00
 2025-10-16 10:31:21.6017|Item ignorado: Fettuccine Bolonhesa Seara 350g (Código: 11663) - Estoque menor que 5: 0,00
 2025-10-16 10:31:21.6017|Item ignorado: BATATA NOISETTES AIR FRYER 400G15+ (Código: 11693) - Estoque menor que 5: 0,00
 2025-10-16 10:31:21.6017|Item ignorado: PENNE PARISIENSE CG SEARA 350GR (Código: 11659) - Estoque menor que 5: 0,00
 2025-10-16 10:31:21.6177|Item ignorado: ISOT GATORADE MELANCIA E MGO 500ML (Código: 11487) - Estoque menor que 5: 0,00
 2025-10-16 10:31:21.6177|Item ignorado: PEITO DE PERU FATIADO SADIA SOLTÍSSIMO 200G (Código: 11665) - Estoque menor que 5: 0,00
 2025-10-16 10:31:21.6636|Item ignorado: Catuaba Raizes Amargas Selvagem 1l (Código: 11551) - Estoque menor que 5: 0,00
 2025-10-16 10:31:21.6636|Item ignorado: Peito de Frango Na Chapa Aurora 110g (Código: 11755) - Estoque menor que 5: 0,00
 2025-10-16 10:31:21.6636|Item ignorado: PRANTO PRONTO FILÉ DE TILAPIA COM MANTEIGA DE LIMAO AURORA (Código: 11708) - Estoque menor que 5: 0,00
 2025-10-16 10:31:21.6636|Item ignorado: Pão de Hambúrguer Wickbold com Gergelim 200g (Código: 11805) - Estoque menor que 5: 0,00
 2025-10-16 10:31:21.6636|Item ignorado: Pão Integral Maçã Canela E Passas Wickbold 500g (Código: 11802) - Estoque menor que 5: 0,00
 2025-10-16 10:31:21.6636|Item ignorado: Brioche Frango Grelhado e Temperado Atelie (Código: 11851) - Estoque menor que 5: 0,00
 2025-10-16 10:31:21.6796|Item ignorado: Bisnaguinha Seven Boys (Código: 11810) - Estoque menor que 5: 0,00
 2025-10-16 10:31:21.8485|Item ignorado: PAO WICKBOLD FORMA SEM GLUTEN (S/ LACTOSE) 300GR (Código: 11969) - Estoque menor que 5: 0,00
 2025-10-16 10:31:21.8515|Item ignorado: Prato Pronto Filé de Peito de Frango Recheado, Purê de Batata Doce e Legumes Aurora 340g (Código: 11753) - Estoque menor que 5: 0,00
 2025-10-16 10:31:21.8745|Item ignorado: PRESUNTO FATIADO RESFRIADO 180G VACUO SADIA (Código: 11461) - Estoque menor que 5: 0,00
 2025-10-16 10:31:21.9105|Item ignorado: HAMBÚRGUER TRADICIONAL  PERDIGÃO 672G (Código: 11466) - Estoque menor que 5: 0,00
 2025-10-16 10:31:21.9105|Item ignorado: Beats Drink Pronto Beats Ginger Sabor Moscow Mule (Código: 10908) - Estoque menor que 5: 0,00
 2025-10-16 10:31:21.9155|Item ignorado: Açaí Congelado Demarchi Morango 205g (Código: 10960) - Estoque menor que 5: 0,00
 2025-10-16 10:31:21.9155|Item ignorado: Açai Sport Banana Demarchi Embalagem 200g (Código: 10962) - Estoque menor que 5: 0,00
 2025-10-16 10:31:21.9155|Item ignorado: Açaí Sport Demarchi Guaraná e Banana 900g (Código: 10963) - Estoque menor que 5: 0,00
 2025-10-16 10:31:21.9155|Item ignorado: SNACK SENSACOES FRANGO 70G (Código: 11737) - Estoque menor que 5: 0,00
 2025-10-16 10:31:46.2235|Item ignorado: Chopp Tous Les Fruits Forbes Draft 600ml (Código: 10381) - Estoque menor que 5: 0,00
 2025-10-16 10:31:46.2295|Item ignorado: DEST AGUARDENTE TERRA BRAZILIS 200ML (Código: 11549) - Estoque menor que 5: 0,00
 2025-10-16 10:31:46.4913|Item ignorado: Alimento Pronto Legumes a Vapor Temperado Congelado Aurora 100g (Código: 11757) - Estoque menor que 5: 0,00
 2025-10-16 10:31:46.4973|Item ignorado: Vinho Tinto Argentino La Grupa Malbec Garrafa 900ml (Código: 11219) - Estoque menor que 5: 0,00
 2025-10-16 10:31:46.4973|Item ignorado: VINHO CHALISE ROSE SUAVE 750ML (Código: 11230) - Estoque menor que 5: 0,00
 2025-10-16 10:31:46.4973|Item ignorado: Açai Sport Demarchi Com Guaraná 910g (Código: 11231) - Estoque menor que 5: 0,00
 2025-10-16 10:31:46.5073|Item ignorado: MARGARINA ORIGINAL COM SAL BECEL 250G (Código: 11480) - Estoque menor que 5: 0,00
 2025-10-16 10:31:46.5073|Item ignorado: DOCE QUEBRA QUEIXO ZEZINHO DOCES 51GR (Código: 11500) - Estoque menor que 5: 0,00
 2025-10-16 10:31:46.5073|Item ignorado: PALHA ITALIANA OURO DE MINAS 50GR (Código: 11501) - Estoque menor que 5: 0,00
 2025-10-16 10:32:14.9808|Item ignorado: CHA MAGUARY NATURAL HIBISCO ROMA GOJIBERRY 335ML (Código: 11409) - Estoque menor que 5: 0,00
 2025-10-16 10:32:14.9808|Item ignorado: CHÁ NATURAL TEA  MAGUARY CHÁ BRANCO COM PITAYA E SAB0R AMORA 355ML (Código: 11408) - Estoque menor que 5: 0,00
 2025-10-16 10:32:15.0657|Item ignorado: Snack lays american barbecue 86gr (Código: 10434) - Estoque menor que 5: 0,00
 2025-10-16 10:32:15.0737|Item ignorado: VB Refresca sabor Limão Velho Barreiro 350ml (Código: 10547) - Estoque menor que 5: 0,00
 2025-10-16 10:32:15.0737|Item ignorado: Pão de Forma Integral Sabor Maçã, Canela e Castanha Panco 350g (Código: 12097) - Estoque menor que 5: 0,00
 2025-10-16 10:32:15.0867|Item ignorado: Goiabada Rb Amore 300g (Código: 10891) - Estoque menor que 5: 0,00
 2025-10-16 10:32:15.0867|Item ignorado: Pão Forma Grãos Sabor Castanha e Quinoa Wickbold 350g (Código: 11803) - Estoque menor que 5: 0,00
 2025-10-16 10:32:53.0363|Item ignorado: CONG SADIA TORTA DE  ABROBINHA COM  CREAM CHEESE 500GR (Código: 11451) - Estoque menor que 5: 0,00
 2025-10-16 10:32:53.0363|Item ignorado: PAO DE LEITE PANDERRI GOTAS DE CHOCOLATE 264G (Código: 11567) - Estoque menor que 5: 0,00
 2025-10-16 10:32:53.0633|Item ignorado: Salada Ateliê Ovo de Codorna 250g (Código: 11568) - Estoque menor que 5: 0,00
 2025-10-16 10:32:53.0633|Item ignorado: SAND ATELIE BRIOCHE SALAME 150GR (Código: 11574) - Estoque menor que 5: 0,00
 2025-10-16 10:33:29.3649|Item ignorado: EMP A BASE PEITO  FRANGO RECH C/ PRES PERU QJO  PERDIGÃO (Código: 11615) - Estoque menor que 5: 0,00
 2025-10-16 10:33:29.3689|Item ignorado: DONUT RING BRIGADEIRO QUALYCON (Código: 11621) - Estoque menor que 5: 0,00
 2025-10-16 10:33:29.5048|Item ignorado: GOIABADA  PREDILECTA 500G (Código: 11370) - Estoque menor que 5: 0,00
 2025-10-16 10:33:29.5328|Item ignorado: HIG REPELENTE OFF LOC FAMILY 60ml (Código: 11131) - Estoque menor que 5: 0,00
 2025-10-16 10:33:29.5388|Item ignorado: Batata Frita Ondulada Outback Costela Barbecue Ruffles 65g (Código: 11836) - Estoque menor que 5: 0,00
 2025-10-16 10:33:29.5388|Item ignorado: Pão de Forma Seven Boys TradIcional 450g (Código: 11806) - Estoque menor que 5: 0,00
 2025-10-16 10:33:29.5957|Item ignorado: Picolé Muita Fruta Sabor Manga Kibon 83g (Código: 10849) - Estoque menor que 5: 0,00
 2025-10-16 10:33:29.5957|Item ignorado: TABLETE DOCURA DA FAZENDA DOCE DE LEITE 55GR (Código: 11502) - Estoque menor que 5: 0,00
 2025-10-16 10:33:29.6047|Item ignorado: Pão de Forma Integral Forno Wickbold 100% Nutrição 500g (Código: 11849) - Estoque menor que 5: 0,00
 2025-10-16 10:33:29.6417|Item ignorado: Cerveja Goose Island Long Neck Midway 355ml (Código: 11925) - Estoque menor que 5: 0,00
 2025-10-16 10:33:29.6417|Item ignorado: Pepperoni Fatiado Seara Gourmet 100g (Código: 11943) - Estoque menor que 5: 0,00
 2025-10-16 10:33:29.6417|Item ignorado: Queijo Parmesão Ralado Vigor 50g (Código: 12197) - Estoque menor que 5: 0,00
 2025-10-16 10:33:29.6487|Item ignorado: FF SALADA ATELIE DO SABOR DE ATUM 250GR (Código: 12250) - Estoque menor que 5: 0,00
 2025-10-16 10:33:29.6487|Item ignorado: REFRI IT LARANJA PET 2L (Código: 11891) - Estoque menor que 5: 0,00
 2025-10-16 10:33:29.6487|Item ignorado: Arroz Carnaroli Camil Gourmet Culinária Italiana Caixa 1kg (Código: 11772) - Estoque menor que 5: 0,00
 2025-10-16 10:33:29.6487|Item ignorado: Fralda Descartável Supersec Tamanho G Pampers Com 16 Unidades (Código: 12014) - Estoque menor que 5: 0,00
 2025-10-16 10:33:29.6487|Item ignorado: Queijo Frescal Polenghi Ultrafiltrado 400g (Código: 11960) - Estoque menor que 5: 0,00
 2025-10-16 10:34:07.9900|Item ignorado: CONG HOT POCKET X PICANHA 145GR (Código: 11444) - Estoque menor que 5: 0,00
 2025-10-16 10:34:07.9930|Item ignorado: Pão de Forma 100% Nutrição Tradicional com 56,7% de Cereais Integrasis Wickbold 400g (Código: 11967) - Estoque menor que 5: 0,00
 2025-10-16 10:34:07.9930|Item ignorado: LAT QJ TIROLEZ MINAS FRESCAL (Código: 12112) - Estoque menor que 5: 0,00
 2025-10-16 10:34:07.9930|Item ignorado: DOCE DE LEITE NOPONTO COM CHOCOLATE 50GR (Código: 11504) - Estoque menor que 5: 0,00
 2025-10-16 10:34:08.0090|Item ignorado: Chocolate Ao Leite Crunch Nestlé 22,5g (Código: 10364) - Estoque menor que 5: 0,00
 2025-10-16 10:34:08.0410|Item ignorado: Pão Brioche  Wickbold 450g (Código: 11837) - Estoque menor que 5: 0,00
 2025-10-16 10:34:08.0410|Item ignorado: Pão Integral Multigrãos Chia E Macadâmia Wickbold 350g (Código: 11966) - Estoque menor que 5: 0,00
 2025-10-16 10:34:08.0410|Item ignorado: Farinha de Milho Flocada Cuscuz Maratá 500g (Código: 11990) - Estoque menor que 5: 0,00
 2025-10-16 10:34:08.0600|Item ignorado: Hambúrge Bovino Seara 150G (Código: 11945) - Estoque menor que 5: 0,00
 2025-10-16 10:34:08.0600|Item ignorado: DEST BANANAZINHA 200ML (Código: 11550) - Estoque menor que 5: 0,00
 2025-10-16 10:34:08.0600|Item ignorado: LIMP DIABO VERDE GRANULADO 300GR (Código: 11994) - Estoque menor que 5: 0,00
 2025-10-16 10:34:08.0700|Item ignorado: BEIJO DE MOCA OURO DE MINAS 50GR (Código: 11505) - Estoque menor que 5: 0,00
 2025-10-16 10:34:08.0700|Item ignorado: Chocolate Alpino Black Top 85g (Código: 10330) - Estoque menor que 5: 0,00
 2025-10-16 10:34:08.0940|Item ignorado: Tapete Higiênico Sanol Dog 7 Unidades (Código: 10114) - Estoque menor que 5: 0,00
 2025-10-16 10:34:08.1559|Item ignorado: Vinho Tinto Vilena Bordô Suave Garrafa 1 Litro (Código: 11880) - Estoque menor que 5: 0,00
 2025-10-16 10:34:08.1559|Item ignorado: PAO WICKBOLD HAMBURGUER ORIGINAL 200G (Código: 11894) - Estoque menor que 5: 0,00
 2025-10-16 10:34:08.1559|Item ignorado: Ferrero Collection 12 Unis 134g (Código: 11906) - Estoque menor que 5: 0,00
 2025-10-16 10:34:46.8281|Item ignorado: COXINHA DE FRANGO FRITA 110G (Código: 10043) - Estoque menor que 5: 0,00
 2025-10-16 10:34:46.8870|Item ignorado: Pao de Batata Requeijão (Código: 10031) - Estoque menor que 5: 0,00
 2025-10-16 10:34:46.8870|Item ignorado: MISTO PEITO PERU SELECT (Código: 10036) - Estoque menor que 5: 0,00
 2025-10-16 10:34:46.8870|Item ignorado: Pao de batata integral com peito de peru e cream Cheese (Código: 10034) - Estoque menor que 5: 0,00
 2025-10-16 10:34:46.8870|Item ignorado: Pão de Batata Calabresa (Código: 10032) - Estoque menor que 5: 0,00
 2025-10-16 10:34:46.9010|Item ignorado: COXINHA DE FRANGO C/REQUEIJÃO PREMIUM (Código: 10035) - Estoque menor que 5: 0,00
 2025-10-16 10:34:46.9010|Item ignorado: TORTA FATIADA DE FRANGO (Código: 10037) - Estoque menor que 5: 0,00
 2025-10-16 10:34:46.9010|Item ignorado: Donut Chocolate (Código: 10039) - Estoque menor que 5: 0,00
 2025-10-16 10:34:46.9010|Item ignorado: Donut Doce Leite 70g (Código: 10040) - Estoque menor que 5: 0,00
 2025-10-16 10:34:46.9010|Item ignorado: Donut Recheio Creme (Código: 10042) - Estoque menor que 5: 0,00
 2025-10-16 10:34:46.9140|Item ignorado: Donut Recheio Chocolate (Código: 10041) - Estoque menor que 5: 0,00
 2025-10-16 10:34:46.9140|Item ignorado: COXINHA DE CALABRESA C/REQUEIJÃO (Código: 10045) - Estoque menor que 5: 0,00
 2025-10-16 10:34:46.9140|Item ignorado: COXINHA DE QUEIJO 100G - (Código: 10046) - Estoque menor que 5: 0,00
 2025-10-16 10:34:46.9140|Item ignorado: COXINHA DE COSTELA (Código: 10044) - Estoque menor que 5: 0,00
 2025-10-16 10:34:46.9580|Item ignorado: TORRONE MONTEVERGINE COM AMENDOIM 45GR (Código: 11297) - Estoque menor que 5: 0,00
 2025-10-16 10:34:46.9580|Item ignorado: BARRA PROTEICA NUTRATA GREGO BAR BOLO DE FESTA 40GR (Código: 11304) - Estoque menor que 5: 0,00
 2025-10-16 10:34:46.9660|Item ignorado: ENERG RED BULL WIN EDT PERA CANELA 250ML (Código: 11206) - Estoque menor que 5: 0,00
 2025-10-16 10:34:46.9660|Item ignorado: Batata Pré-frita Crinkle Congelada Extracrocante Airfryer Mccain 500g (Código: 11829) - Estoque menor que 5: 0,00
 2025-10-16 10:34:47.0140|Item ignorado: Sorvete Tradicional Napolitano Nobrelli 1,3l (Código: 11403) - Estoque menor que 5: 0,00
 2025-10-16 10:34:47.0140|Item ignorado: Bom bomzin  Garoto (Código: 11404) - Estoque menor que 5: 0,00
 2025-10-16 10:34:47.0140|Item ignorado: QUEIJO AMERICAN CHEESE SCAR 160g (Código: 11405) - Estoque menor que 5: 0,00
 2025-10-16 10:34:47.0140|Item ignorado: PACOTE DE PAO DE QUEIJO QUALYCON (Código: 11416) - Estoque menor que 5: 0,00
 2025-10-16 10:34:47.0240|Item ignorado: ANEL DE CEBOLA  EMPANADO P!CKERS 1,05KG (Código: 11418) - Estoque menor que 5: 0,00
 2025-10-16 10:34:47.0649|Item ignorado: Acerola De Marchi 1.020kg (Código: 11419) - Estoque menor que 5: 0,00
 2025-10-16 10:34:47.0649|Item ignorado: MACARRAO SADIA HOT BOWLS MINI ALMONDEGAS 300G (Código: 11452) - Estoque menor que 5: 0,00
 2025-10-16 10:35:27.5000|Item ignorado: CHEESEBURGUER 105G (Código: 11422) - Estoque menor que 5: 0,00
 2025-10-16 10:35:27.5000|Item ignorado: BRAHMA DUPLO MALTE  269ML (Código: 11436) - Estoque menor que 5: 0,00
 2025-10-16 10:35:27.5080|Item ignorado: FF SADIA HOT POCKET BACON 145G (Código: 11445) - Estoque menor que 5: 0,00
 2025-10-16 10:35:27.5080|Item ignorado: CONG SADIA HOT POCKET XCHEDDAR CREM 145GR (Código: 11446) - Estoque menor que 5: 0,00
 2025-10-16 10:35:27.5360|Item ignorado: LASANHA BOLONHESA  PERDIGÃO 600G (Código: 11478) - Estoque menor que 5: 0,00
 2025-10-16 10:35:27.5400|Item ignorado: PINGO DE MEL BELMONTE DOCE COM LEITE 50GR (Código: 11503) - Estoque menor que 5: 0,00
 2025-10-16 10:35:27.5400|Item ignorado: DOCE DE LEITE NOPONTO COM CHOCOLATE 50GR (Código: 11512) - Estoque menor que 5: 0,00
 2025-10-16 10:35:27.5400|Item ignorado: COCADA PALACIO 50GR (Código: 11513) - Estoque menor que 5: 0,00
 2025-10-16 10:35:27.5400|Item ignorado: PROTEINA TEXTUALIZADA  DE SOJA  PTS MEDIA ESCURA 500G (Código: 11540) - Estoque menor que 5: 0,00
 2025-10-16 10:35:27.5570|Item ignorado: PROTEINA TEXTUALIZADA  DE SOJA  PTS MEDIA 250G (Código: 11541) - Estoque menor que 5: 0,00
 2025-10-16 10:35:27.5570|Item ignorado: PASTA DE AMENDOIM COM CACAU BIO2 900G (Código: 11557) - Estoque menor que 5: 0,00
 2025-10-16 10:35:27.5570|Item ignorado: CHIA EM GRÃOS BIO2 250G (Código: 11558) - Estoque menor que 5: 0,00
 2025-10-16 10:35:27.5570|Item ignorado: QUINOA  FLOCOS BIO2 250G (Código: 11559) - Estoque menor que 5: 0,00
 2025-10-16 10:35:27.5719|Item ignorado: FF SAND ATELIE DO SABOR SALPICAO 125GR (Código: 11576) - Estoque menor que 5: 0,00
 2025-10-16 10:35:27.5719|Item ignorado: WRAP ATELIE DO SABOR TEXMEX 165GR (Código: 11577) - Estoque menor que 5: 0,00
 2025-10-16 10:35:27.5719|Item ignorado: WRAP PEITO PERU ATELIE SB 170GR (Código: 40232863622) - Estoque menor que 5: 0,00
 2025-10-16 10:35:27.5909|Item ignorado: CAFE CAPPUCCINO 3 CORACOES CLASSICO 20GR (Código: 11597) - Estoque menor que 5: 0,00
 2025-10-16 10:35:27.5909|Item ignorado: FF SALADA MUSSAR BUFALA 250GR (Código: 40232714757) - Estoque menor que 5: 0,00
 2025-10-16 10:35:27.5909|Item ignorado: Burrito Hot Hit de Costela com Barbecue Seara 100g (Código: 11661) - Estoque menor que 5: 0,00
 2025-10-16 10:35:27.6159|Item ignorado: Dori Amendoim Torrado e Salgado 70g (Código: 10634) - Estoque menor que 5: 0,00
 2025-10-16 10:35:27.6309|Item ignorado: Cerveja 58 Ruby com Vinho Wienbier 473 Ml (Código: 10689) - Estoque menor que 5: 0,00
 2025-10-16 10:35:27.6349|Item ignorado: Chocolate Garoto Talento Dark 50% Laranja 75g (Código: 10703) - Estoque menor que 5: 0,00
 2025-10-16 10:35:27.6489|Item ignorado: Desodorante Above For Men Sport Energy Aerosol 90g (Código: 10804) - Estoque menor que 5: 0,00
 2025-10-16 10:35:27.6489|Item ignorado: Bala Halls Mini Extra Forte Unidade 15g (Código: 10817) - Estoque menor que 5: 0,00
 2025-10-16 10:35:27.6489|Item ignorado: Bala Halls Mini Melancia 15g (Código: 10818) - Estoque menor que 5: 0,00
 2025-10-16 10:35:27.6489|Item ignorado: Cerveja Lager Puro Malte Gold Therezópolis 350ml (Código: 10870) - Estoque menor que 5: 0,00
 2025-10-16 10:35:27.6649|Item ignorado: Açai Sport Demarchi Morango 900g (Código: 10964) - Estoque menor que 5: 0,00
 2025-10-16 10:35:27.6649|Item ignorado: Sorvete Picolé Ruby Magnum 71g (Código: 10967) - Estoque menor que 5: 0,00
 2025-10-16 10:35:27.6649|Item ignorado: Picolé Sabor Cajá Fruttare Kibon 58g (Código: 10972) - Estoque menor que 5: 0,00
 2025-10-16 10:35:27.6819|Item ignorado: Sorvete de Massa 2 em 1 Sabor Iogurte e Frutas Vermelhas Cremosíssimo Kibon 2l (Código: 10989) - Estoque menor que 5: 0,00
 2025-10-16 10:35:27.6819|Item ignorado: Sorvete Inspirações Brownie Kibon 1,3l (Código: 10990) - Estoque menor que 5: 0,00
 2025-10-16 10:35:27.6819|Item ignorado: Pão Integral Grão Castanha do Pará e Quinoa Wickbold 450g (Código: 11968) - Estoque menor que 5: 0,00
 2025-10-16 10:35:27.7019|Item ignorado: SALADA DE FRANGO CAESER (Código: 40232714672) - Estoque menor que 5: 0,00
 2025-10-16 10:35:27.7129|Item ignorado: DEST WHISKEY JACK DANIELS APPLE 700ML (Código: 11988) - Estoque menor que 5: 0,00
 2025-10-16 10:35:27.7129|Item ignorado: Shampoo Anticaspa Women Hidratação Intensa Clear 400ml (Código: 11992) - Estoque menor que 5: 0,00
 2025-10-16 10:35:27.7129|Item ignorado: Escova Dental Oral-B Pro Media 1un (Código: 12034) - Estoque menor que 5: 0,00
 2025-10-16 10:35:27.7129|Item ignorado: LEITE EM  PÓ PIRACANJUBA 400G (Código: 12048) - Estoque menor que 5: 0,00
 2025-10-16 10:35:27.7298|Item ignorado: Margarina Qualy Cremosa com Sal 500g (Código: 12111) - Estoque menor que 5: 0,00
 2025-10-16 10:35:27.7298|Item ignorado: Algodão Topz Hidrófilo Rolo 50g (Código: 10744) - Estoque menor que 5: 0,00
 2025-10-16 10:35:27.7438|Item ignorado: Barra de Cereal Joy Nuts Zero Açúcar Avelã + Nibs de Cacau 25g (Código: 10706) - Estoque menor que 5: 0,00
 2025-10-16 10:35:27.7438|Item ignorado: Açaí Original com Guaraná Mãe Terra 700ml (Código: 10961) - Estoque menor que 5: 0,00
 2025-10-16 10:35:27.7438|Item ignorado: PAO FORMA INTEGRAL WICKBOLD 400G (Código: 11877) - Estoque menor que 5: 0,00
 2025-10-16 10:35:27.7598|Item ignorado: FF SALADA MASSA FRANGO VEGETAIS ATELIE 240GR (Código: 11571) - Estoque menor que 5: 0,00
 2025-10-16 10:35:27.7598|Item ignorado: COCA COLA 1,5L  NORMAL (Código: 11691) - Estoque menor que 5: 0,00
 2025-10-16 10:35:27.7598|Item ignorado: Cerveja Puro Malte Skol 269ml (Código: 10188) - Estoque menor que 5: 0,00
 2025-10-16 10:35:27.7598|Item ignorado: PAO DE LEITE PADERRI 280G (Código: 11566) - Estoque menor que 5: 0,00
 2025-10-16 10:35:27.7768|Item ignorado: MOLHO PRONTO BRANCO 200GR  Italac (Código: 11775) - Estoque menor que 5: 0,00
 2025-10-16 10:35:27.7768|Item ignorado: CANINHA DA ROÇA  500ML (Código: 11543) - Estoque menor que 5: 0,00
 2025-10-16 10:35:27.7768|Item ignorado: AMACIANTE URCA FLORAL  BOUQUET 2LT (Código: 11979) - Estoque menor que 5: 0,00
 2025-10-16 10:35:27.8358|Item ignorado: Energético Red Bull Sugarfree 355ML (Código: 11026) - Estoque menor que 5: 0,00
 2025-10-16 10:35:27.8358|Item ignorado: CONG ACAI MAE TERRA PREMIUM 1 5LT (Código: 11232) - Estoque menor que 5: 0,00
 2025-10-16 10:35:27.8358|Item ignorado: MORTADELA FATIADA DEFUMADO VACUO 180G SADIA (Código: 11460) - Estoque menor que 5: 0,00
 2025-10-16 10:35:27.8358|Item ignorado: CHEESEBACON BBQ (Código: 11423) - Estoque menor que 5: 0,00
 2025-10-16 10:35:27.8358|Item ignorado: CAFÉ PILÃO TRADICIONAL VÁCUO 500GR (Código: 11170) - Estoque menor que 5: 0,00
 2025-10-16 10:35:27.8518|Item ignorado: GRAO DE BICO CAMIL PRONTO 380GR (Código: 11200) - Estoque menor que 5: 0,00
 2025-10-16 10:35:27.8518|Item ignorado: BROWNIE CLAUS CREME DE AVELA 80GR (Código: 11267) - Estoque menor que 5: 0,00
 2025-10-16 10:35:27.8518|Item ignorado: MAC CHEESE CHEDDAR CG SEARA 300G (Código: 11388) - Estoque menor que 5: 0,00
 2025-10-16 10:35:27.8518|Item ignorado: BRAHMA DUPLO MALTE TRIGO  350ML (Código: 11433) - Estoque menor que 5: 0,00
 2025-10-16 10:35:27.8518|Item ignorado: GRANOLA  E CRÓQUI  ORIGINAL 30G (Código: 11421) - Estoque menor que 5: 0,00
 2025-10-16 10:35:27.8518|Item ignorado: BRAHMA DUPLO MALTE  TOSTADA 350ML (Código: 11434) - Estoque menor que 5: 0,00
 2025-10-16 10:35:27.8678|Item ignorado: CONG MAC SADIA HOT BOWLS CARBONARA 300GR (Código: 11453) - Estoque menor que 5: 0,00
 2025-10-16 10:35:27.8678|Item ignorado: QUEIJO PARMESAO SERENISSIMA RALADO 50G (Código: 11521) - Estoque menor que 5: 0,00
 2025-10-16 10:35:27.8678|Item ignorado: Creme de Queijo Tradicional Quatá 180g (Código: 11959) - Estoque menor que 5: 0,00
 2025-10-16 10:36:06.6308|Item ignorado: BISC ARROZ CAMIL INTEGRAL CHIA LINHACA 90GR (Código: 11484) - Estoque menor que 5: 0,00
 2025-10-16 10:36:06.6328|Item ignorado: REQUEIJÃO LIGHT  QUALY 200G (Código: 11479) - Estoque menor que 5: 0,00
 2025-10-16 10:36:06.6328|Item ignorado: SANDUINCHE ATELIE  SABOR FRANGO CMS 125GR (Código: 40232863653) - Estoque menor que 5: 0,00
 2025-10-16 10:36:06.6328|Item ignorado: Paçoca Caseira Casarão Embalagem 90g (Código: 11506) - Estoque menor que 5: 0,00
 2025-10-16 10:36:06.6328|Item ignorado: COOKIES 7 GRÃOS CACAU 150g (Código: 11490) - Estoque menor que 5: 0,00
 2025-10-16 10:36:06.6328|Item ignorado: SNACK MUCILON MEU PRIM LANCH ABOBRINHA  35GR (Código: 11498) - Estoque menor que 5: 0,00
 2025-10-16 10:36:06.6328|Item ignorado: EMPANADO PRESUNTO E QUEIJO CG SEARA 110GR (Código: 11508) - Estoque menor que 5: 0,00
 2025-10-16 10:36:06.6508|Item ignorado: SANDUINCHE  ATELIE DO SABOR ATUM 160GR (Código: 40232714597) - Estoque menor que 5: 0,00
 2025-10-16 10:36:06.6508|Item ignorado: CARREGADOR KAPBOM TURPO TIPO C KA 5005 (Código: 11515) - Estoque menor que 5: 0,00
 2025-10-16 10:36:06.6508|Item ignorado: Queijo de Minas Coronata 740g (Código: 11962) - Estoque menor que 5: 0,00
 2025-10-16 10:36:06.6508|Item ignorado: Cerveja Colorado Appia Trigo Com Mel 600ml (Código: 10578) - Estoque menor que 5: 0,00
 2025-10-16 10:36:06.6708|Item ignorado: Supino Original  30G (Código: 11307) - Estoque menor que 5: 0,00
 2025-10-16 10:36:06.6708|Item ignorado: Tapete Higiênico Turma da Mônica 7 Unidades (Código: 10102) - Estoque menor que 5: 0,00
 2025-10-16 10:36:06.6708|Item ignorado: Energético Flying Horse 2 litros (Código: 10514) - Estoque menor que 5: 0,00
 2025-10-16 10:36:35.8528|Item ignorado: GRANOLA JASMINE MEL E FRUTAS INTEGRAL 300GR (Código: 11539) - Estoque menor que 5: 0,00
 2025-10-16 10:36:35.8918|Item ignorado: Bombom alpino ao leite 195g      pacote 15 unidades (Código: 11678) - Estoque menor que 5: 0,00
 2025-10-16 10:37:04.3752|Item ignorado: Cerveja Eisenbahn Vienna Lager Long Neck 355ml (Código: 10569) - Estoque menor que 5: 0,00
