MARGARINA CLAYBOM CREMOSA 250G - Código: 11690
HAMBURGUER FRANGO PERDIGÃO CAIXA - Código: 11467
BATATA PALITO SADIA 2KG - Código: 11470
Pão Integral Maçã, Quinoa e Castanha Panco Vida Pacote 380g - Código: 11733
Prato Pronto Filé de Coxa e Sobrecoxa com Legumes Congelado Aurora 320g - Código: 11754
Pastel de Queijo Aurora 350g - Código: 11756
Creme Dental Oral-B 100% Menta Refrescante 175g - Código: 12031
Bebida Mista Alcoólica Gaseificada Moscow Mule Skol Beats 269ml - Código: 15095125691
Cerveja Tíger Puro Malt Crystal 350ml - Código: 10539
Cerveja 55 Pilsen Wienbier 473ml - Código: 10688
Sorvete Vegano Chocolate Avelã Kibon 800ml - Código: 10983
Torta Mousse de Chocolate Mr. Bey - Código: 11903
Energético Red Bull Coco e Açaí 250ml - Código: 10230
Energético The Pitaya Edition Red Bull 250ml - Código: 10228
AZEITONA VALE FERTIL VERDE SEM CAROCO SACHE 120GR - Código: 11154
PRESUNTO SUÍNO FATIADO PERDIGÃO 200g - Código: 11664
Eisenbahn Cerveja Weizenbier 355 ml - Código: 10904
ROSQUINHA DE COCO  RANCHEIRO - Código: 11714
Milho em Conserva Bonduelle Tradicional 170g - Código: 11715
Browniw Melhor Bocado 60 Gr - Código: 11724
Bisnaguinha 30% Integral Panco 300g - Código: 11729
Sorvete Fruttare  Manga 60g - Código: 11029
Amendoim  Torrado Tabasco Pettiz 110g - Código: 11032
Energético Lichia Vibe 2l - Código: 11070
Torcida Sabor Camarão com Pimenta 70g - Código: 11106
Torcida Sabor Pao de Alho 70g - Código: 11108
MASSA LASANHA GALO 200GR - Código: 11128
Chopp White Draft 600ml - Código: 10383
Alfajor Sonho de Cacau Doce de Leite Embalagem 50g - Código: 10380
Energético Blue Xtreme Vibe 2l - Código: 11069
Chocolate Ao Leite Alpino Nestlé 25g - Código: 10363
Chocolate Talento Dark Nibs de Cacau Garoto 75g - Código: 10332
Chocolate Lacta Intense 60% Cacau Laranja 85g - Código: 10329
Cerveja Budweiser 310ml - Código: 10296
Drink Pronto Beats Drinks Mint Sabor Mojito Lata Skol 269ml - Código: 10256
Ben  Jerrys Salted Caramel Core 458ml - Código: 76840003716
Dori Amendoim Tipo Japonês 70g - Código: 10635
Saladade Massa com Atum e Molho de Iogurte e Limão Ateliê 240g - Código: 11570
Bebida Alcoólica Jack Danniels  Coca-Cola 350ml - Código: 11767
SNACK SALG BACON ROMANATO 80GR - Código: 11777
CAFE 3 CORACOES CAPPUCCINO CLASSIC 200GR - Código: 11322
Chocolate Barra Milka Milkinis Tradicional 87,5g - Código: 10701
SUCRILHOS KELLOGGS ORIGIN 240G - Código: 12011
Sorvete Nata e Chocolate Duo Nobrelli Pote 1,3l - Código: 11793
Bolinho de Chocolate Seven Boys 35g - Código: 11796
Pão Wrap Tá Pronto Original Wickbold 270g - Código: 11800
Pão sem Casca Wickbold Tradicional 450g - Código: 11801
Pão de Forma Integral Aveia Linhaça Chia E Quinoa Zero Lactose 5 Zeros Wickbold 400g - Código: 11807
Pão de Forma Estar Leve Wickbold 300g - Código: 11808
Pão de Forma Estar Leve Bread Integral Wickbold 430g - Código: 11809
Molho Barbecue Sabor Defumado Quero Em Embalagem Squeeze 210g - Código: 11835
MMS AO  LEITE 80G - Código: 11843
Pão Integral Freekeh  Nozes Wickbold 100% Nutrição Pacote 400g - Código: 11847
Pão de Forma Integral Forno Wickbold 100% Nutrição 500g - Código: 11848
CHIMICHURRI FPF ALIMENTOS 10G - Código: 11864
PANETONNE BAUDUCCO FRUTAS 400GR - Código: 11867
Salgadinho de Milho Original Dippas Doritos 84g - Código: 11868
BISNAGÃO SEVEN BOYS - Código: 11879
WRAP WICKBOLD TA PRONTO INTEGRAL 270GR - Código: 11881
Panetone com Gotas de Chocolate Seven Boys 400g - Código: 11885
Ricota Fresca Itamontês 500g - Código: 11961
Torcida Sabor Calabresa 70g - Código: 11107
PILHA PANASONIC AA 4PC - Código: 11314
Cerveja Eisenbahn American Ipa Long Neck 355ml - Código: 10562
Torcida Sabor Vinagrete 70g - Código: 11111
Sorvete Unicórnio Sabor Morango com Chantilly 800ml - Código: 10982
Pão Estar Leve Iogurte com Cenoura Wickbold 370g - Código: 11804
DEST VINHO TINTO PUTOS CARMIM 750ML - Código: 11710
TEAK FRANGO EMPANADO CONGELADO 100G - Código: 11454
LASANHA CALABRESA PERDIGÃO 600G - Código: 11481
LAT LEITE COND MOCA MINI 65GR - Código: 11628
SALADA ATELIE DO SABOR FRANGO AZEITONA COM MASSA 250GR - Código: 40232863554
CONG SEARA MAC CHEESE CHEDDAR E BACON 300GR - Código: 11389
SNACK ROSQUINHA MABEL CHOCOLATE 350GR - Código: 11236
Queijo Fresco Itamontes Peca 500g - Código: 11963
Vegan crunchy Orgânico Sabor Chocolate Bio2 200g - Código: 11773
Jack Daniels tennessee cola lata 330ml - Código: 10409
Torta Holandesa Congelada Sobremesas Premium Mr. Bey140g com 2un - Código: 11904
PAD PAO WICKBOLD FORMA TRADICIONAL - Código: 11878
MARGARINA BECEL COM SAL 500G - Código: 11997
Chocolate Alpino White Top 90g - Código: 10349
BRIGADEIRO OURO DE MINAS 50G - Código: 11499
Desodorante Aerosol Above Sport Energy Women 150ml - Código: 10801
MAIONESE  HEMMER 390ML SACHE - Código: 11893
Cerveja 59 473ml IPA - Código: 10690
Isotônico I9 Uva Verde Powerade Garrafa 500ml - Código: 10182
Lays Stax Cheddar 156g - Código: 10438
Baton Tablete ao leite Crocante 90g - Código: 10669
Chocolate White Top Alpino Nestlé 85g - Código: 10677
Composto Lácteo Instantâneo C/ Fibras Ninho 380g Forti+ - Código: 10717
Desodorante Feminino Above Lady Aerosol 150ml - Código: 10802
Sorvete Kibon Magnum  Vegano  Amendoas  90ML - Código: 10930
Sorvete Inspirações Merengue Morango Kibon 1,3l - Código: 10991
Água De Coco Coco Quadrado Maracujá 1L - Código: 10995
Sorvete Inspirações Sabor Cocada Cremosa Kibon 1,3l - Código: 10992
BURRITO Sabor Frango com Requeijão Seara 100g - Código: 11660
Pão de Brioche Fatiado Tradicional Paderri 350g - Código: 11560
SANDUINCHE  NATURAL  PEITO PERU 160GR - Código: 40232714573
Crepe Paderri Doce Leite Embalagem 32g - Código: 11590
DONUTS RING DE COOKIES AND CREAM - Código: 789563664486
Fettuccine Bolonhesa Seara 350g - Código: 11663
BATATA NOISETTES AIR FRYER 400G15+ - Código: 11693
PENNE PARISIENSE CG SEARA 350GR - Código: 11659
ISOT GATORADE MELANCIA E MGO 500ML - Código: 11487
PEITO DE PERU FATIADO SADIA SOLTÍSSIMO 200G - Código: 11665
Catuaba Raizes Amargas Selvagem 1l - Código: 11551
Peito de Frango Na Chapa Aurora 110g - Código: 11755
PRANTO PRONTO FILÉ DE TILAPIA COM MANTEIGA DE LIMAO AURORA - Código: 11708
Pão de Hambúrguer Wickbold com Gergelim 200g - Código: 11805
Pão Integral Maçã Canela E Passas Wickbold 500g - Código: 11802
Brioche Frango Grelhado e Temperado Atelie - Código: 11851
Bisnaguinha Seven Boys - Código: 11810
PAO WICKBOLD FORMA SEM GLUTEN (S/ LACTOSE) 300GR - Código: 11969
Prato Pronto Filé de Peito de Frango Recheado, Purê de Batata Doce e Legumes Aurora 340g - Código: 11753
PRESUNTO FATIADO RESFRIADO 180G VACUO SADIA - Código: 11461
HAMBÚRGUER TRADICIONAL  PERDIGÃO 672G - Código: 11466
Beats Drink Pronto Beats Ginger Sabor Moscow Mule - Código: 10908
Açaí Congelado Demarchi Morango 205g - Código: 10960
Açai Sport Banana Demarchi Embalagem 200g - Código: 10962
Açaí Sport Demarchi Guaraná e Banana 900g - Código: 10963
SNACK SENSACOES FRANGO 70G - Código: 11737
Chopp Tous Les Fruits Forbes Draft 600ml - Código: 10381
DEST AGUARDENTE TERRA BRAZILIS 200ML - Código: 11549
Alimento Pronto Legumes a Vapor Temperado Congelado Aurora 100g - Código: 11757
Vinho Tinto Argentino La Grupa Malbec Garrafa 900ml - Código: 11219
VINHO CHALISE ROSE SUAVE 750ML - Código: 11230
Açai Sport Demarchi Com Guaraná 910g - Código: 11231
MARGARINA ORIGINAL COM SAL BECEL 250G - Código: 11480
DOCE QUEBRA QUEIXO ZEZINHO DOCES 51GR - Código: 11500
PALHA ITALIANA OURO DE MINAS 50GR - Código: 11501
CHA MAGUARY NATURAL HIBISCO ROMA GOJIBERRY 335ML - Código: 11409
CHÁ NATURAL TEA  MAGUARY CHÁ BRANCO COM PITAYA E SAB0R AMORA 355ML - Código: 11408
Snack lays american barbecue 86gr - Código: 10434
VB Refresca sabor Limão Velho Barreiro 350ml - Código: 10547
Pão de Forma Integral Sabor Maçã, Canela e Castanha Panco 350g - Código: 12097
Goiabada Rb Amore 300g - Código: 10891
Pão Forma Grãos Sabor Castanha e Quinoa Wickbold 350g - Código: 11803
CONG SADIA TORTA DE  ABROBINHA COM  CREAM CHEESE 500GR - Código: 11451
PAO DE LEITE PANDERRI GOTAS DE CHOCOLATE 264G - Código: 11567
Salada Ateliê Ovo de Codorna 250g - Código: 11568
SAND ATELIE BRIOCHE SALAME 150GR - Código: 11574
EMP A BASE PEITO  FRANGO RECH C/ PRES PERU QJO  PERDIGÃO - Código: 11615
DONUT RING BRIGADEIRO QUALYCON - Código: 11621
GOIABADA  PREDILECTA 500G - Código: 11370
HIG REPELENTE OFF LOC FAMILY 60ml - Código: 11131
Batata Frita Ondulada Outback Costela Barbecue Ruffles 65g - Código: 11836
Pão de Forma Seven Boys TradIcional 450g - Código: 11806
Picolé Muita Fruta Sabor Manga Kibon 83g - Código: 10849
TABLETE DOCURA DA FAZENDA DOCE DE LEITE 55GR - Código: 11502
Pão de Forma Integral Forno Wickbold 100% Nutrição 500g - Código: 11849
Cerveja Goose Island Long Neck Midway 355ml - Código: 11925
Pepperoni Fatiado Seara Gourmet 100g - Código: 11943
Queijo Parmesão Ralado Vigor 50g - Código: 12197
FF SALADA ATELIE DO SABOR DE ATUM 250GR - Código: 12250
REFRI IT LARANJA PET 2L - Código: 11891
Arroz Carnaroli Camil Gourmet Culinária Italiana Caixa 1kg - Código: 11772
Fralda Descartável Supersec Tamanho G Pampers Com 16 Unidades - Código: 12014
Queijo Frescal Polenghi Ultrafiltrado 400g - Código: 11960
CONG HOT POCKET X PICANHA 145GR - Código: 11444
Pão de Forma 100% Nutrição Tradicional com 56,7% de Cereais Integrasis Wickbold 400g - Código: 11967
LAT QJ TIROLEZ MINAS FRESCAL - Código: 12112
DOCE DE LEITE NOPONTO COM CHOCOLATE 50GR - Código: 11504
Chocolate Ao Leite Crunch Nestlé 22,5g - Código: 10364
Pão Brioche  Wickbold 450g - Código: 11837
Pão Integral Multigrãos Chia E Macadâmia Wickbold 350g - Código: 11966
Farinha de Milho Flocada Cuscuz Maratá 500g - Código: 11990
Hambúrge Bovino Seara 150G - Código: 11945
DEST BANANAZINHA 200ML - Código: 11550
LIMP DIABO VERDE GRANULADO 300GR - Código: 11994
BEIJO DE MOCA OURO DE MINAS 50GR - Código: 11505
Chocolate Alpino Black Top 85g - Código: 10330
Tapete Higiênico Sanol Dog 7 Unidades - Código: 10114
Vinho Tinto Vilena Bordô Suave Garrafa 1 Litro - Código: 11880
PAO WICKBOLD HAMBURGUER ORIGINAL 200G - Código: 11894
Ferrero Collection 12 Unis 134g - Código: 11906
COXINHA DE FRANGO FRITA 110G - Código: 10043
Pao de Batata Requeijão - Código: 10031
MISTO PEITO PERU SELECT - Código: 10036
Pao de batata integral com peito de peru e cream Cheese - Código: 10034
Pão de Batata Calabresa - Código: 10032
COXINHA DE FRANGO C/REQUEIJÃO PREMIUM - Código: 10035
TORTA FATIADA DE FRANGO - Código: 10037
Donut Chocolate - Código: 10039
Donut Doce Leite 70g - Código: 10040
Donut Recheio Creme - Código: 10042
Donut Recheio Chocolate - Código: 10041
COXINHA DE CALABRESA C/REQUEIJÃO - Código: 10045
COXINHA DE QUEIJO 100G - - Código: 10046
COXINHA DE COSTELA - Código: 10044
TORRONE MONTEVERGINE COM AMENDOIM 45GR - Código: 11297
BARRA PROTEICA NUTRATA GREGO BAR BOLO DE FESTA 40GR - Código: 11304
ENERG RED BULL WIN EDT PERA CANELA 250ML - Código: 11206
Batata Pré-frita Crinkle Congelada Extracrocante Airfryer Mccain 500g - Código: 11829
Sorvete Tradicional Napolitano Nobrelli 1,3l - Código: 11403
Bom bomzin  Garoto - Código: 11404
QUEIJO AMERICAN CHEESE SCAR 160g - Código: 11405
PACOTE DE PAO DE QUEIJO QUALYCON - Código: 11416
ANEL DE CEBOLA  EMPANADO P!CKERS 1,05KG - Código: 11418
Acerola De Marchi 1.020kg - Código: 11419
MACARRAO SADIA HOT BOWLS MINI ALMONDEGAS 300G - Código: 11452
CHEESEBURGUER 105G - Código: 11422
BRAHMA DUPLO MALTE  269ML - Código: 11436
FF SADIA HOT POCKET BACON 145G - Código: 11445
CONG SADIA HOT POCKET XCHEDDAR CREM 145GR - Código: 11446
LASANHA BOLONHESA  PERDIGÃO 600G - Código: 11478
PINGO DE MEL BELMONTE DOCE COM LEITE 50GR - Código: 11503
DOCE DE LEITE NOPONTO COM CHOCOLATE 50GR - Código: 11512
COCADA PALACIO 50GR - Código: 11513
PROTEINA TEXTUALIZADA  DE SOJA  PTS MEDIA ESCURA 500G - Código: 11540
PROTEINA TEXTUALIZADA  DE SOJA  PTS MEDIA 250G - Código: 11541
PASTA DE AMENDOIM COM CACAU BIO2 900G - Código: 11557
CHIA EM GRÃOS BIO2 250G - Código: 11558
QUINOA  FLOCOS BIO2 250G - Código: 11559
FF SAND ATELIE DO SABOR SALPICAO 125GR - Código: 11576
WRAP ATELIE DO SABOR TEXMEX 165GR - Código: 11577
WRAP PEITO PERU ATELIE SB 170GR - Código: 40232863622
CAFE CAPPUCCINO 3 CORACOES CLASSICO 20GR - Código: 11597
FF SALADA MUSSAR BUFALA 250GR - Código: 40232714757
Burrito Hot Hit de Costela com Barbecue Seara 100g - Código: 11661
Dori Amendoim Torrado e Salgado 70g - Código: 10634
Cerveja 58 Ruby com Vinho Wienbier 473 Ml - Código: 10689
Chocolate Garoto Talento Dark 50% Laranja 75g - Código: 10703
Desodorante Above For Men Sport Energy Aerosol 90g - Código: 10804
Bala Halls Mini Extra Forte Unidade 15g - Código: 10817
Bala Halls Mini Melancia 15g - Código: 10818
Cerveja Lager Puro Malte Gold Therezópolis 350ml - Código: 10870
Açai Sport Demarchi Morango 900g - Código: 10964
Sorvete Picolé Ruby Magnum 71g - Código: 10967
Picolé Sabor Cajá Fruttare Kibon 58g - Código: 10972
Sorvete de Massa 2 em 1 Sabor Iogurte e Frutas Vermelhas Cremosíssimo Kibon 2l - Código: 10989
Sorvete Inspirações Brownie Kibon 1,3l - Código: 10990
Pão Integral Grão Castanha do Pará e Quinoa Wickbold 450g - Código: 11968
SALADA DE FRANGO CAESER - Código: 40232714672
DEST WHISKEY JACK DANIELS APPLE 700ML - Código: 11988
Shampoo Anticaspa Women Hidratação Intensa Clear 400ml - Código: 11992
Escova Dental Oral-B Pro Media 1un - Código: 12034
LEITE EM  PÓ PIRACANJUBA 400G - Código: 12048
Margarina Qualy Cremosa com Sal 500g - Código: 12111
Algodão Topz Hidrófilo Rolo 50g - Código: 10744
Barra de Cereal Joy Nuts Zero Açúcar Avelã + Nibs de Cacau 25g - Código: 10706
Açaí Original com Guaraná Mãe Terra 700ml - Código: 10961
PAO FORMA INTEGRAL WICKBOLD 400G - Código: 11877
FF SALADA MASSA FRANGO VEGETAIS ATELIE 240GR - Código: 11571
COCA COLA 1,5L  NORMAL - Código: 11691
Cerveja Puro Malte Skol 269ml - Código: 10188
PAO DE LEITE PADERRI 280G - Código: 11566
MOLHO PRONTO BRANCO 200GR  Italac - Código: 11775
CANINHA DA ROÇA  500ML - Código: 11543
AMACIANTE URCA FLORAL  BOUQUET 2LT - Código: 11979
Energético Red Bull Sugarfree 355ML - Código: 11026
CONG ACAI MAE TERRA PREMIUM 1 5LT - Código: 11232
MORTADELA FATIADA DEFUMADO VACUO 180G SADIA - Código: 11460
CHEESEBACON BBQ - Código: 11423
CAFÉ PILÃO TRADICIONAL VÁCUO 500GR - Código: 11170
GRAO DE BICO CAMIL PRONTO 380GR - Código: 11200
BROWNIE CLAUS CREME DE AVELA 80GR - Código: 11267
MAC CHEESE CHEDDAR CG SEARA 300G - Código: 11388
BRAHMA DUPLO MALTE TRIGO  350ML - Código: 11433
GRANOLA  E CRÓQUI  ORIGINAL 30G - Código: 11421
BRAHMA DUPLO MALTE  TOSTADA 350ML - Código: 11434
CONG MAC SADIA HOT BOWLS CARBONARA 300GR - Código: 11453
QUEIJO PARMESAO SERENISSIMA RALADO 50G - Código: 11521
Creme de Queijo Tradicional Quatá 180g - Código: 11959
BISC ARROZ CAMIL INTEGRAL CHIA LINHACA 90GR - Código: 11484
REQUEIJÃO LIGHT  QUALY 200G - Código: 11479
SANDUINCHE ATELIE  SABOR FRANGO CMS 125GR - Código: 40232863653
Paçoca Caseira Casarão Embalagem 90g - Código: 11506
COOKIES 7 GRÃOS CACAU 150g - Código: 11490
SNACK MUCILON MEU PRIM LANCH ABOBRINHA  35GR - Código: 11498
EMPANADO PRESUNTO E QUEIJO CG SEARA 110GR - Código: 11508
SANDUINCHE  ATELIE DO SABOR ATUM 160GR - Código: 40232714597
CARREGADOR KAPBOM TURPO TIPO C KA 5005 - Código: 11515
Queijo de Minas Coronata 740g - Código: 11962
Cerveja Colorado Appia Trigo Com Mel 600ml - Código: 10578
Supino Original  30G - Código: 11307
Tapete Higiênico Turma da Mônica 7 Unidades - Código: 10102
Energético Flying Horse 2 litros - Código: 10514
GRANOLA JASMINE MEL E FRUTAS INTEGRAL 300GR - Código: 11539
Bombom alpino ao leite 195g      pacote 15 unidades - Código: 11678
Cerveja Eisenbahn Vienna Lager Long Neck 355ml - Código: 10569
