2025-10-13 08:03:31.1040: Verificando versão para atualização de PDV.
2025-10-13 08:03:31.6046: Atualização
2025-10-13 08:03:58.0186: Iniciando rotina de sincronização de caixa...
2025-10-13 08:06:11.2520: Iniciando rotina de sincronização de caixa...
2025-10-13 08:19:14.1192: Calculando totais da venda...
2025-10-13 08:20:23.7828: Validando desconto atribuído ao cliente...
2025-10-13 08:20:29.0768: Iniciando finalização da venda Id 5824...
2025-10-13 08:20:29.0768: Verificando repique de troco...
2025-10-13 08:20:29.0768: Calculando totais da venda...
2025-10-13 08:20:31.0076: Finalizando Venda não fiscal...
2025-10-13 08:20:31.4233: Venda finalizada com sucesso!
2025-10-13 08:20:31.4233: Realizando rotinas pós-venda...
2025-10-13 08:20:31.5243: Enviando e-mail...
2025-10-13 08:20:31.5243: Iniciando rotina de sincronização da venda 5824...
2025-10-13 08:20:31.9117: Todas as rotinas da venda 5824 foram concluídas com sucesso!
2025-10-13 08:45:47.4203: Calculando totais da venda...
2025-10-13 08:57:12.2211: Calculando totais da venda...
2025-10-13 09:03:14.4625: Calculando totais da venda...
2025-10-13 09:03:23.5828: Iniciando finalização da venda Id 5825...
2025-10-13 09:03:23.5828: Verificando repique de troco...
2025-10-13 09:03:23.5828: Calculando totais da venda...
2025-10-13 09:03:24.8859: Aguarde, estamos realizando a emissão da NFC-e...
2025-10-13 09:03:24.9681: Validando NFC-e...
2025-10-13 09:03:24.9681: Tipo de emissão NFC-e: NORMAL
2025-10-13 09:03:24.9761: Gerando XML de NFC-e...
2025-10-13 09:03:24.9951: Realizando conversão da venda para XML...
2025-10-13 09:03:25.0875: Conversão realizada com sucesso para a NFC-e id: NFe42251029005632000200650010000189761323801727
2025-10-13 09:03:25.1267: Assinando XML...
2025-10-13 09:03:25.9660: XML assinado com sucesso!
2025-10-13 09:03:25.9660: Enviando NFC-e para a SEFAZ...
2025-10-13 09:03:40.2647: Retorno da SEFAZ: 100 - Autorizado o uso da NF-e
2025-10-13 09:03:40.2647: Numeração de NFC-e atualizada para Nr. 18977
2025-10-13 09:03:40.2876: Finalizando Venda e validando NF emitida...
2025-10-13 09:03:40.3263: Venda finalizada com sucesso!
2025-10-13 09:03:40.3263: Realizando rotinas pós-venda...
2025-10-13 09:03:40.3263: Enviando e-mail...
2025-10-13 09:03:40.3263: Iniciando rotina de sincronização da venda 5825...
2025-10-13 09:03:40.3263: Todas as rotinas da venda 5825 foram concluídas com sucesso!
2025-10-13 09:03:40.3263: Imprimindo DANFe...
2025-10-13 09:17:23.3115: Calculando totais da venda...
2025-10-13 09:17:41.5483: Validando desconto atribuído ao cliente...
2025-10-13 09:19:27.0380: Iniciando finalização da venda Id 5826...
2025-10-13 09:19:27.0390: Verificando repique de troco...
2025-10-13 09:19:27.0390: Calculando totais da venda...
2025-10-13 09:19:30.2191: Aguarde, estamos realizando a emissão da NFC-e...
2025-10-13 09:19:30.3164: Validando NFC-e...
2025-10-13 09:19:30.3204: Tipo de emissão NFC-e: NORMAL
2025-10-13 09:19:30.3204: Gerando XML de NFC-e...
2025-10-13 09:19:30.3204: Realizando conversão da venda para XML...
2025-10-13 09:19:30.3204: Conversão realizada com sucesso para a NFC-e id: NFe42251029005632000200650010000189771522657771
2025-10-13 09:19:30.3364: Assinando XML...
2025-10-13 09:19:30.3924: XML assinado com sucesso!
2025-10-13 09:19:30.3924: Enviando NFC-e para a SEFAZ...
2025-10-13 09:19:31.0214: Retorno da SEFAZ: 100 - Autorizado o uso da NF-e
2025-10-13 09:19:31.0224: Numeração de NFC-e atualizada para Nr. 18978
2025-10-13 09:19:31.0384: Finalizando Venda e validando NF emitida...
2025-10-13 09:19:31.4385: Venda finalizada com sucesso!
2025-10-13 09:19:31.4385: Realizando rotinas pós-venda...
2025-10-13 09:19:31.4385: Enviando e-mail...
2025-10-13 09:19:31.4455: Iniciando rotina de sincronização da venda 5826...
2025-10-13 09:19:31.4455: Todas as rotinas da venda 5826 foram concluídas com sucesso!
2025-10-13 09:19:31.4455: Imprimindo DANFe...
2025-10-13 09:27:42.7063: Calculando totais da venda...
2025-10-13 09:28:17.6900: Iniciando finalização da venda Id 5827...
2025-10-13 09:28:17.6900: Verificando repique de troco...
2025-10-13 09:28:17.6900: Calculando totais da venda...
2025-10-13 09:28:19.4385: Aguarde, estamos realizando a emissão da NFC-e...
2025-10-13 09:28:19.5130: Validando NFC-e...
2025-10-13 09:28:19.5130: Tipo de emissão NFC-e: NORMAL
2025-10-13 09:28:19.5130: Gerando XML de NFC-e...
2025-10-13 09:28:19.5130: Realizando conversão da venda para XML...
2025-10-13 09:28:19.5260: Conversão realizada com sucesso para a NFC-e id: NFe42251029005632000200650010000189781408300417
2025-10-13 09:28:19.5260: Assinando XML...
2025-10-13 09:28:19.5820: XML assinado com sucesso!
2025-10-13 09:28:19.5820: Enviando NFC-e para a SEFAZ...
2025-10-13 09:28:20.1695: Retorno da SEFAZ: 100 - Autorizado o uso da NF-e
2025-10-13 09:28:20.1695: Numeração de NFC-e atualizada para Nr. 18979
2025-10-13 09:28:20.1825: Finalizando Venda e validando NF emitida...
2025-10-13 09:28:20.5554: Venda finalizada com sucesso!
2025-10-13 09:28:20.5554: Realizando rotinas pós-venda...
2025-10-13 09:28:20.5554: Enviando e-mail...
2025-10-13 09:28:20.5554: Iniciando rotina de sincronização da venda 5827...
2025-10-13 09:28:20.5554: Todas as rotinas da venda 5827 foram concluídas com sucesso!
2025-10-13 09:28:20.5554: Imprimindo DANFe...
2025-10-13 10:08:06.0142: Calculando totais da venda...
2025-10-13 10:08:11.9712: Validando desconto atribuído ao cliente...
2025-10-13 10:11:37.3246: Iniciando finalização da venda Id 5828...
2025-10-13 10:11:37.3246: Verificando repique de troco...
2025-10-13 10:11:37.3246: Calculando totais da venda...
2025-10-13 10:11:38.9926: Aguarde, estamos realizando a emissão da NFC-e...
2025-10-13 10:11:39.0769: Validando NFC-e...
2025-10-13 10:11:39.0769: Tipo de emissão NFC-e: NORMAL
2025-10-13 10:11:39.0769: Gerando XML de NFC-e...
2025-10-13 10:11:39.0769: Realizando conversão da venda para XML...
2025-10-13 10:11:39.0919: Conversão realizada com sucesso para a NFC-e id: NFe42251029005632000200650010000189791648972689
2025-10-13 10:11:39.0919: Assinando XML...
2025-10-13 10:11:39.1715: XML assinado com sucesso!
2025-10-13 10:11:39.1715: Enviando NFC-e para a SEFAZ...
2025-10-13 10:11:39.9723: Retorno da SEFAZ: 100 - Autorizado o uso da NF-e
2025-10-13 10:11:39.9723: Numeração de NFC-e atualizada para Nr. 18980
2025-10-13 10:11:39.9942: Finalizando Venda e validando NF emitida...
2025-10-13 10:11:40.3706: Venda finalizada com sucesso!
2025-10-13 10:11:40.3706: Realizando rotinas pós-venda...
2025-10-13 10:11:40.3706: Enviando e-mail...
2025-10-13 10:11:42.6756: Iniciando rotina de sincronização da venda 5828...
2025-10-13 10:11:42.6756: Todas as rotinas da venda 5828 foram concluídas com sucesso!
2025-10-13 10:11:42.6756: Imprimindo DANFe...
2025-10-13 10:43:58.7086: Calculando totais da venda...
2025-10-13 10:44:14.5777: Validando desconto atribuído ao cliente...
2025-10-13 10:45:25.3322: Iniciando finalização da venda Id 5829...
2025-10-13 10:45:25.3322: Verificando repique de troco...
2025-10-13 10:45:25.3322: Calculando totais da venda...
2025-10-13 10:45:26.0294: Aguarde, estamos realizando a emissão da NFC-e...
2025-10-13 10:45:26.0954: Validando NFC-e...
2025-10-13 10:45:26.0954: Tipo de emissão NFC-e: NORMAL
2025-10-13 10:45:26.0954: Gerando XML de NFC-e...
2025-10-13 10:45:26.0954: Realizando conversão da venda para XML...
2025-10-13 10:45:26.1074: Conversão realizada com sucesso para a NFC-e id: NFe42251029005632000200650010000189801971897210
2025-10-13 10:45:26.1074: Assinando XML...
2025-10-13 10:45:26.1883: XML assinado com sucesso!
2025-10-13 10:45:26.1883: Enviando NFC-e para a SEFAZ...
2025-10-13 10:45:26.9793: Retorno da SEFAZ: 100 - Autorizado o uso da NF-e
2025-10-13 10:45:26.9793: Numeração de NFC-e atualizada para Nr. 18981
2025-10-13 10:45:27.0053: Finalizando Venda e validando NF emitida...
2025-10-13 10:45:27.0542: Venda finalizada com sucesso!
2025-10-13 10:45:27.0542: Realizando rotinas pós-venda...
2025-10-13 10:45:27.0542: Enviando e-mail...
2025-10-13 10:45:27.0542: Iniciando rotina de sincronização da venda 5829...
2025-10-13 10:45:27.0542: Todas as rotinas da venda 5829 foram concluídas com sucesso!
2025-10-13 10:45:27.0542: Imprimindo DANFe...
