2025-10-13 11:52:45.0520: Verificando versão para atualização de PDV.
2025-10-13 11:52:45.3858: Atualização
2025-10-13 11:55:02.4593: Calculando totais da venda...
2025-10-13 11:55:12.1784: Iniciando finalização da venda Id 5834...
2025-10-13 11:55:12.1794: Verificando repique de troco...
2025-10-13 11:55:12.1794: Calculando totais da venda...
2025-10-13 11:55:13.2488: Aguarde, estamos realizando a emissão da NFC-e...
2025-10-13 11:55:13.3178: Validando NFC-e...
2025-10-13 11:55:13.3428: Tipo de emissão NFC-e: NORMAL
2025-10-13 11:55:13.3428: Gerando XML de NFC-e...
2025-10-13 11:55:13.3527: Realizando conversão da venda para XML...
2025-10-13 11:55:13.4687: Conversão realizada com sucesso para a NFC-e id: NFe42251029005632000200650010000189851819420739
2025-10-13 11:55:13.8025: Assinando XML...
2025-10-13 11:55:14.0463: XML assinado com sucesso!
2025-10-13 11:55:14.0463: Enviando NFC-e para a SEFAZ...
2025-10-13 11:55:14.4480: Retorno da SEFAZ: 100 - Autorizado o uso da NF-e
2025-10-13 11:55:14.4480: Numeração de NFC-e atualizada para Nr. 18986
2025-10-13 11:55:14.4650: Finalizando Venda e validando NF emitida...
2025-10-13 11:55:14.5000: Venda finalizada com sucesso!
2025-10-13 11:55:14.5000: Realizando rotinas pós-venda...
2025-10-13 11:55:14.5160: Enviando e-mail...
2025-10-13 11:55:14.5269: Iniciando rotina de sincronização da venda 5834...
2025-10-13 11:55:14.5269: Todas as rotinas da venda 5834 foram concluídas com sucesso!
2025-10-13 11:55:14.5269: Imprimindo DANFe...
2025-10-13 12:06:22.6063: Calculando totais da venda...
2025-10-13 12:06:53.3306: Validando desconto atribuído ao cliente...
2025-10-13 12:07:08.9390: Iniciando finalização da venda Id 5835...
2025-10-13 12:07:08.9390: Verificando repique de troco...
2025-10-13 12:07:08.9390: Calculando totais da venda...
2025-10-13 12:07:10.2580: Finalizando Venda não fiscal...
2025-10-13 12:07:10.6208: Venda finalizada com sucesso!
2025-10-13 12:07:10.6208: Realizando rotinas pós-venda...
2025-10-13 12:07:10.6208: Enviando e-mail...
2025-10-13 12:07:10.6208: Iniciando rotina de sincronização da venda 5835...
2025-10-13 12:07:10.6208: Todas as rotinas da venda 5835 foram concluídas com sucesso!
