2025-10-13 11:00:17.3493: Verificando versão para atualização de PDV.
2025-10-13 11:00:17.9020: Atualização
2025-10-13 11:02:04.5086: Iniciando finalização da venda Id 5831...
2025-10-13 11:02:04.5086: Verificando repique de troco...
2025-10-13 11:02:04.5086: Calculando totais da venda...
2025-10-13 11:02:06.3248: Aguarde, estamos realizando a emissão da NFC-e...
2025-10-13 11:02:06.3965: Validando NFC-e...
2025-10-13 11:02:06.4255: Tipo de emissão NFC-e: NORMAL
2025-10-13 11:02:06.4255: Gerando XML de NFC-e...
2025-10-13 11:02:06.4365: Realizando conversão da venda para XML...
2025-10-13 11:02:06.5604: Conversão realizada com sucesso para a NFC-e id: NFe42251029005632000200650010000189811714774485
2025-10-13 11:02:06.9052: Assinando XML...
2025-10-13 11:02:07.1660: XML assinado com sucesso!
2025-10-13 11:02:07.1660: Enviando NFC-e para a SEFAZ...
2025-10-13 11:02:07.5668: Retorno da SEFAZ: 100 - Autorizado o uso da NF-e
2025-10-13 11:02:07.5668: Numeração de NFC-e atualizada para Nr. 18982
2025-10-13 11:02:07.5918: Finalizando Venda e validando NF emitida...
2025-10-13 11:02:07.6298: Venda finalizada com sucesso!
2025-10-13 11:02:07.6298: Realizando rotinas pós-venda...
2025-10-13 11:02:07.6497: Enviando e-mail...
2025-10-13 11:02:07.6497: Iniciando rotina de sincronização da venda 5831...
2025-10-13 11:02:07.6497: Todas as rotinas da venda 5831 foram concluídas com sucesso!
2025-10-13 11:02:07.6497: Imprimindo DANFe...
2025-10-13 11:02:57.3391: Iniciando finalização da venda Id 5830...
2025-10-13 11:02:57.3391: Verificando repique de troco...
2025-10-13 11:02:57.3391: Calculando totais da venda...
2025-10-13 11:02:58.4606: Aguarde, estamos realizando a emissão da NFC-e...
2025-10-13 11:02:58.5479: Validando NFC-e...
2025-10-13 11:02:58.5479: Tipo de emissão NFC-e: NORMAL
2025-10-13 11:02:58.5539: Gerando XML de NFC-e...
2025-10-13 11:02:58.5539: Realizando conversão da venda para XML...
2025-10-13 11:02:58.5539: Conversão realizada com sucesso para a NFC-e id: NFe42251029005632000200650010000189821705063374
2025-10-13 11:02:58.5539: Assinando XML...
2025-10-13 11:02:58.6339: XML assinado com sucesso!
2025-10-13 11:02:58.6339: Enviando NFC-e para a SEFAZ...
2025-10-13 11:02:58.9717: Retorno da SEFAZ: 100 - Autorizado o uso da NF-e
2025-10-13 11:02:58.9717: Numeração de NFC-e atualizada para Nr. 18983
2025-10-13 11:02:58.9857: Finalizando Venda e validando NF emitida...
2025-10-13 11:02:59.0157: Venda finalizada com sucesso!
2025-10-13 11:02:59.0157: Realizando rotinas pós-venda...
2025-10-13 11:02:59.0157: Enviando e-mail...
2025-10-13 11:02:59.0157: Iniciando rotina de sincronização da venda 5830...
2025-10-13 11:02:59.0157: Todas as rotinas da venda 5830 foram concluídas com sucesso!
2025-10-13 11:02:59.0157: Imprimindo DANFe...
2025-10-13 11:16:11.8762: Calculando totais da venda...
2025-10-13 11:29:23.7527: Calculando totais da venda...
2025-10-13 11:31:28.6079: Calculando totais da venda...
2025-10-13 11:31:35.6035: Iniciando finalização da venda Id 5833...
2025-10-13 11:31:35.6035: Verificando repique de troco...
2025-10-13 11:31:35.6035: Calculando totais da venda...
2025-10-13 11:31:37.0437: Aguarde, estamos realizando a emissão da NFC-e...
2025-10-13 11:31:37.1106: Validando NFC-e...
2025-10-13 11:31:37.1306: Tipo de emissão NFC-e: NORMAL
2025-10-13 11:31:37.1306: Gerando XML de NFC-e...
2025-10-13 11:31:37.1326: Realizando conversão da venda para XML...
2025-10-13 11:31:37.1776: Conversão realizada com sucesso para a NFC-e id: NFe42251029005632000200650010000189831287929042
2025-10-13 11:31:37.1776: Assinando XML...
2025-10-13 11:31:37.2595: XML assinado com sucesso!
2025-10-13 11:31:37.2595: Enviando NFC-e para a SEFAZ...
2025-10-13 11:31:38.0630: Retorno da SEFAZ: 100 - Autorizado o uso da NF-e
2025-10-13 11:31:38.0630: Numeração de NFC-e atualizada para Nr. 18984
2025-10-13 11:31:38.0920: Finalizando Venda e validando NF emitida...
2025-10-13 11:31:38.6217: Venda finalizada com sucesso!
2025-10-13 11:31:38.6217: Realizando rotinas pós-venda...
2025-10-13 11:31:38.6217: Enviando e-mail...
2025-10-13 11:31:38.6437: Iniciando rotina de sincronização da venda 5833...
2025-10-13 11:31:38.6537: Todas as rotinas da venda 5833 foram concluídas com sucesso!
2025-10-13 11:31:38.6537: Imprimindo DANFe...
2025-10-13 11:34:18.0757: Calculando totais da venda...
2025-10-13 11:34:53.5149: Calculando totais da venda...
2025-10-13 11:35:28.0556: Validando desconto atribuído ao cliente...
2025-10-13 11:36:11.4828: Iniciando finalização da venda Id 5832...
2025-10-13 11:36:11.4828: Verificando repique de troco...
2025-10-13 11:36:11.4828: Calculando totais da venda...
2025-10-13 11:36:16.1989: Aguarde, estamos realizando a emissão da NFC-e...
2025-10-13 11:36:16.3428: Validando NFC-e...
2025-10-13 11:36:16.3728: Tipo de emissão NFC-e: NORMAL
2025-10-13 11:36:16.3728: Gerando XML de NFC-e...
2025-10-13 11:36:16.3728: Realizando conversão da venda para XML...
2025-10-13 11:36:16.4547: Conversão realizada com sucesso para a NFC-e id: NFe42251029005632000200650010000189841201979698
2025-10-13 11:36:16.4547: Assinando XML...
2025-10-13 11:36:16.5247: XML assinado com sucesso!
2025-10-13 11:36:16.5247: Enviando NFC-e para a SEFAZ...
2025-10-13 11:36:17.0863: Retorno da SEFAZ: 100 - Autorizado o uso da NF-e
2025-10-13 11:36:17.0863: Numeração de NFC-e atualizada para Nr. 18985
2025-10-13 11:36:17.1083: Finalizando Venda e validando NF emitida...
2025-10-13 11:36:17.2362: Venda finalizada com sucesso!
2025-10-13 11:36:17.2942: Realizando rotinas pós-venda...
2025-10-13 11:36:17.2942: Enviando e-mail...
2025-10-13 11:36:17.3372: Iniciando rotina de sincronização da venda 5832...
2025-10-13 11:36:17.4201: Todas as rotinas da venda 5832 foram concluídas com sucesso!
2025-10-13 11:36:17.4201: Imprimindo DANFe...
