2025-10-13 12:31:08.0932: Verificando versão para atualização de PDV.
2025-10-13 12:31:08.4170: Atualização
2025-10-13 12:32:09.5042: Calculando totais da venda...
2025-10-13 12:32:37.7354: Iniciando finalização da venda Id 5837...
2025-10-13 12:32:37.7354: Verificando repique de troco...
2025-10-13 12:32:37.7354: Calculando totais da venda...
2025-10-13 12:32:39.0649: Aguarde, estamos realizando a emissão da NFC-e...
2025-10-13 12:32:39.1379: Validando NFC-e...
2025-10-13 12:32:39.1479: Tipo de emissão NFC-e: NORMAL
2025-10-13 12:32:39.1479: Gerando XML de NFC-e...
2025-10-13 12:32:39.1479: Realizando conversão da venda para XML...
2025-10-13 12:32:39.2308: Conversão realizada com sucesso para a NFC-e id: NFe42251029005632000200650010000189861503960870
2025-10-13 12:32:39.5437: Assinando XML...
2025-10-13 12:32:39.7952: XML assinado com sucesso!
2025-10-13 12:32:39.7952: Enviando NFC-e para a SEFAZ...
2025-10-13 12:32:40.4682: Retorno da SEFAZ: 100 - Autorizado o uso da NF-e
2025-10-13 12:32:40.4682: Numeração de NFC-e atualizada para Nr. 18987
2025-10-13 12:32:40.4882: Finalizando Venda e validando NF emitida...
2025-10-13 12:32:40.8880: Venda finalizada com sucesso!
2025-10-13 12:32:40.8880: Realizando rotinas pós-venda...
2025-10-13 12:32:40.9060: Enviando e-mail...
2025-10-13 12:32:40.9060: Iniciando rotina de sincronização da venda 5837...
2025-10-13 12:32:40.9060: Todas as rotinas da venda 5837 foram concluídas com sucesso!
2025-10-13 12:32:40.9060: Imprimindo DANFe...
2025-10-13 12:33:01.0623: Calculando totais da venda...
2025-10-13 12:33:10.4618: Iniciando finalização da venda Id 5836...
2025-10-13 12:33:10.4618: Verificando repique de troco...
2025-10-13 12:33:10.4618: Calculando totais da venda...
2025-10-13 12:33:11.6910: Aguarde, estamos realizando a emissão da NFC-e...
2025-10-13 12:33:11.7679: Validando NFC-e...
2025-10-13 12:33:11.7769: Tipo de emissão NFC-e: NORMAL
2025-10-13 12:33:11.7769: Gerando XML de NFC-e...
2025-10-13 12:33:11.7769: Realizando conversão da venda para XML...
2025-10-13 12:33:11.8038: Conversão realizada com sucesso para a NFC-e id: NFe42251029005632000200650010000189871726006716
2025-10-13 12:33:11.8038: Assinando XML...
2025-10-13 12:33:11.8698: XML assinado com sucesso!
2025-10-13 12:33:11.8698: Enviando NFC-e para a SEFAZ...
2025-10-13 12:33:12.3135: Retorno da SEFAZ: 100 - Autorizado o uso da NF-e
2025-10-13 12:33:12.3135: Numeração de NFC-e atualizada para Nr. 18988
2025-10-13 12:33:12.3285: Finalizando Venda e validando NF emitida...
2025-10-13 12:33:12.3565: Venda finalizada com sucesso!
2025-10-13 12:33:12.3565: Realizando rotinas pós-venda...
2025-10-13 12:33:12.3565: Enviando e-mail...
2025-10-13 12:33:12.3565: Iniciando rotina de sincronização da venda 5836...
2025-10-13 12:33:12.3565: Todas as rotinas da venda 5836 foram concluídas com sucesso!
2025-10-13 12:33:12.3565: Imprimindo DANFe...
2025-10-13 12:38:53.6874: Calculando totais da venda...
2025-10-13 12:40:20.2670: Calculando totais da venda...
2025-10-13 12:40:53.4099: Iniciando finalização da venda Id 5839...
2025-10-13 12:40:53.4099: Verificando repique de troco...
2025-10-13 12:40:53.4099: Calculando totais da venda...
2025-10-13 12:40:54.3793: Aguarde, estamos realizando a emissão da NFC-e...
2025-10-13 12:40:54.4522: Validando NFC-e...
2025-10-13 12:40:54.4762: Tipo de emissão NFC-e: NORMAL
2025-10-13 12:40:54.4762: Gerando XML de NFC-e...
2025-10-13 12:40:54.4762: Realizando conversão da venda para XML...
2025-10-13 12:40:54.5162: Conversão realizada com sucesso para a NFC-e id: NFe42251029005632000200650010000189881500989104
2025-10-13 12:40:54.5162: Assinando XML...
2025-10-13 12:40:54.5752: XML assinado com sucesso!
2025-10-13 12:40:54.5752: Enviando NFC-e para a SEFAZ...
2025-10-13 12:40:55.1377: Retorno da SEFAZ: 100 - Autorizado o uso da NF-e
2025-10-13 12:40:55.1377: Numeração de NFC-e atualizada para Nr. 18989
2025-10-13 12:40:55.1527: Finalizando Venda e validando NF emitida...
2025-10-13 12:40:55.5565: Venda finalizada com sucesso!
2025-10-13 12:40:55.5565: Realizando rotinas pós-venda...
2025-10-13 12:40:55.5565: Enviando e-mail...
2025-10-13 12:40:55.5565: Iniciando rotina de sincronização da venda 5839...
2025-10-13 12:40:55.5565: Todas as rotinas da venda 5839 foram concluídas com sucesso!
2025-10-13 12:40:55.5565: Imprimindo DANFe...
2025-10-13 12:45:58.0078: Calculando totais da venda...
2025-10-13 12:46:43.5509: Iniciando finalização da venda Id 5840...
2025-10-13 12:46:43.5509: Verificando repique de troco...
2025-10-13 12:46:43.5509: Calculando totais da venda...
2025-10-13 12:46:44.7591: Aguarde, estamos realizando a emissão da NFC-e...
2025-10-13 12:46:44.8251: Validando NFC-e...
2025-10-13 12:46:44.9610: Tipo de emissão NFC-e: NORMAL
2025-10-13 12:46:44.9610: Gerando XML de NFC-e...
2025-10-13 12:46:44.9610: Realizando conversão da venda para XML...
2025-10-13 12:46:45.0070: Conversão realizada com sucesso para a NFC-e id: NFe42251029005632000200650010000189891839638747
2025-10-13 12:46:45.0070: Assinando XML...
2025-10-13 12:46:45.0630: XML assinado com sucesso!
2025-10-13 12:46:45.0630: Enviando NFC-e para a SEFAZ...
2025-10-13 12:46:45.6886: Retorno da SEFAZ: 100 - Autorizado o uso da NF-e
2025-10-13 12:46:45.6886: Numeração de NFC-e atualizada para Nr. 18990
2025-10-13 12:46:45.7046: Finalizando Venda e validando NF emitida...
2025-10-13 12:46:46.1633: Venda finalizada com sucesso!
2025-10-13 12:46:46.1843: Realizando rotinas pós-venda...
2025-10-13 12:46:46.1843: Enviando e-mail...
2025-10-13 12:46:46.1843: Iniciando rotina de sincronização da venda 5840...
2025-10-13 12:46:46.1843: Todas as rotinas da venda 5840 foram concluídas com sucesso!
2025-10-13 12:46:46.1843: Imprimindo DANFe...
2025-10-13 12:58:11.9104: Calculando totais da venda...
2025-10-13 12:59:33.1452: Calculando totais da venda...
2025-10-13 13:07:31.0848: Iniciando finalização da venda Id 5841...
2025-10-13 13:07:31.0858: Verificando repique de troco...
2025-10-13 13:07:31.0858: Calculando totais da venda...
2025-10-13 13:07:32.4680: Aguarde, estamos realizando a emissão da NFC-e...
2025-10-13 13:07:32.5749: Validando NFC-e...
2025-10-13 13:07:32.5959: Tipo de emissão NFC-e: NORMAL
2025-10-13 13:07:32.5959: Gerando XML de NFC-e...
2025-10-13 13:07:32.5959: Realizando conversão da venda para XML...
2025-10-13 13:07:32.6459: Conversão realizada com sucesso para a NFC-e id: NFe42251029005632000200650010000189901222923036
2025-10-13 13:07:32.6459: Assinando XML...
2025-10-13 13:07:32.7078: XML assinado com sucesso!
2025-10-13 13:07:32.7078: Enviando NFC-e para a SEFAZ...
2025-10-13 13:07:33.6832: Retorno da SEFAZ: 100 - Autorizado o uso da NF-e
2025-10-13 13:07:33.6832: Numeração de NFC-e atualizada para Nr. 18991
2025-10-13 13:07:33.7032: Finalizando Venda e validando NF emitida...
2025-10-13 13:07:34.1749: Venda finalizada com sucesso!
2025-10-13 13:07:34.1829: Realizando rotinas pós-venda...
2025-10-13 13:07:34.1829: Enviando e-mail...
2025-10-13 13:07:34.1829: Iniciando rotina de sincronização da venda 5841...
2025-10-13 13:07:34.1829: Todas as rotinas da venda 5841 foram concluídas com sucesso!
2025-10-13 13:07:34.1829: Imprimindo DANFe...
2025-10-13 13:09:13.9074: Calculando totais da venda...
2025-10-13 13:09:19.4710: Validando desconto atribuído ao cliente...
2025-10-13 13:10:09.4512: Iniciando finalização da venda Id 5842...
2025-10-13 13:10:09.4512: Verificando repique de troco...
2025-10-13 13:10:09.4512: Calculando totais da venda...
2025-10-13 13:10:10.7923: Aguarde, estamos realizando a emissão da NFC-e...
2025-10-13 13:10:10.9652: Validando NFC-e...
2025-10-13 13:10:10.9822: Tipo de emissão NFC-e: NORMAL
2025-10-13 13:10:10.9822: Gerando XML de NFC-e...
2025-10-13 13:10:10.9822: Realizando conversão da venda para XML...
2025-10-13 13:10:11.0192: Conversão realizada com sucesso para a NFC-e id: NFe42251029005632000200650010000189911813477183
2025-10-13 13:10:11.0192: Assinando XML...
2025-10-13 13:10:11.1081: XML assinado com sucesso!
2025-10-13 13:10:11.1081: Enviando NFC-e para a SEFAZ...
2025-10-13 13:10:11.9067: Retorno da SEFAZ: 100 - Autorizado o uso da NF-e
2025-10-13 13:10:11.9067: Numeração de NFC-e atualizada para Nr. 18992
2025-10-13 13:10:11.9216: Finalizando Venda e validando NF emitida...
2025-10-13 13:10:12.5922: Venda finalizada com sucesso!
2025-10-13 13:10:12.6062: Realizando rotinas pós-venda...
2025-10-13 13:10:12.6062: Enviando e-mail...
2025-10-13 13:10:12.6062: Iniciando rotina de sincronização da venda 5842...
2025-10-13 13:10:12.6062: Todas as rotinas da venda 5842 foram concluídas com sucesso!
2025-10-13 13:10:12.6062: Imprimindo DANFe...
2025-10-13 13:10:46.0896: Calculando totais da venda...
2025-10-13 13:11:10.1398: Iniciando finalização da venda Id 5843...
2025-10-13 13:11:10.1398: Verificando repique de troco...
2025-10-13 13:11:10.1398: Calculando totais da venda...
2025-10-13 13:11:11.5269: Aguarde, estamos realizando a emissão da NFC-e...
2025-10-13 13:11:11.7168: Validando NFC-e...
2025-10-13 13:11:11.7308: Tipo de emissão NFC-e: NORMAL
2025-10-13 13:11:11.7308: Gerando XML de NFC-e...
2025-10-13 13:11:11.7308: Realizando conversão da venda para XML...
2025-10-13 13:11:11.7847: Conversão realizada com sucesso para a NFC-e id: NFe42251029005632000200650010000189921227415920
2025-10-13 13:11:11.7847: Assinando XML...
2025-10-13 13:11:11.8657: XML assinado com sucesso!
2025-10-13 13:11:11.8657: Enviando NFC-e para a SEFAZ...
2025-10-13 13:11:12.8661: Retorno da SEFAZ: 100 - Autorizado o uso da NF-e
2025-10-13 13:11:12.8671: Numeração de NFC-e atualizada para Nr. 18993
2025-10-13 13:11:12.8671: Finalizando Venda e validando NF emitida...
2025-10-13 13:11:13.6726: Venda finalizada com sucesso!
2025-10-13 13:11:13.6726: Realizando rotinas pós-venda...
2025-10-13 13:11:13.6796: Enviando e-mail...
2025-10-13 13:11:13.6796: Iniciando rotina de sincronização da venda 5843...
2025-10-13 13:11:13.6796: Todas as rotinas da venda 5843 foram concluídas com sucesso!
2025-10-13 13:11:13.6796: Imprimindo DANFe...
2025-10-13 13:50:22.7711: Calculando totais da venda...
2025-10-13 13:51:11.2022: Iniciando finalização da venda Id 5844...
2025-10-13 13:51:11.2022: Verificando repique de troco...
2025-10-13 13:51:11.2022: Calculando totais da venda...
2025-10-13 13:51:14.4143: Aguarde, estamos realizando a emissão da NFC-e...
2025-10-13 13:51:15.3237: Validando NFC-e...
2025-10-13 13:51:15.3237: Tipo de emissão NFC-e: NORMAL
2025-10-13 13:51:15.3237: Gerando XML de NFC-e...
2025-10-13 13:51:15.3537: Realizando conversão da venda para XML...
2025-10-13 13:51:15.3967: Conversão realizada com sucesso para a NFC-e id: NFe42251029005632000200650010000189931698324035
2025-10-13 13:51:15.4067: Assinando XML...
2025-10-13 13:51:15.5746: XML assinado com sucesso!
2025-10-13 13:51:15.5746: Enviando NFC-e para a SEFAZ...
2025-10-13 13:51:18.5197: Retorno da SEFAZ: 100 - Autorizado o uso da NF-e
2025-10-13 13:51:19.1583: Numeração de NFC-e atualizada para Nr. 18994
2025-10-13 13:51:19.2113: Finalizando Venda e validando NF emitida...
2025-10-13 13:51:20.3626: Venda finalizada com sucesso!
2025-10-13 13:51:20.4186: Realizando rotinas pós-venda...
2025-10-13 13:51:20.4186: Enviando e-mail...
2025-10-13 13:51:24.9448: Iniciando rotina de sincronização da venda 5844...
2025-10-13 13:51:24.9448: Todas as rotinas da venda 5844 foram concluídas com sucesso!
2025-10-13 13:51:24.9448: Imprimindo DANFe...
2025-10-13 13:59:31.9557: Calculando totais da venda...
