2025-10-10 16:04:54.1380: Iniciando finalização da venda Id 5800...
2025-10-10 16:04:54.1380: Verificando repique de troco...
2025-10-10 16:04:54.1380: Calculando totais da venda...
2025-10-10 16:04:55.2729: Aguarde, estamos realizando a emissão da NFC-e...
2025-10-10 16:04:55.3715: Validando NFC-e...
2025-10-10 16:04:55.3715: Tipo de emissão NFC-e: NORMAL
2025-10-10 16:04:55.3715: Gerando XML de NFC-e...
2025-10-10 16:04:55.3715: Realizando conversão da venda para XML...
2025-10-10 16:04:55.3964: Conversão realizada com sucesso para a NFC-e id: NFe42251029005632000200650010000189601323076399
2025-10-10 16:04:55.3994: Assinando XML...
2025-10-10 16:04:55.6634: XML assinado com sucesso!
2025-10-10 16:04:55.6634: Enviando NFC-e para a SEFAZ...
2025-10-10 16:04:56.3869: Retorno da SEFAZ: 100 - Autorizado o uso da NF-e
2025-10-10 16:04:56.3869: Numeração de NFC-e atualizada para Nr. 18961
2025-10-10 16:04:56.4059: Finalizando Venda e validando NF emitida...
2025-10-10 16:04:56.8526: Venda finalizada com sucesso!
2025-10-10 16:04:56.8526: Realizando rotinas pós-venda...
2025-10-10 16:04:56.8526: Enviando e-mail...
2025-10-10 16:04:56.8526: Iniciando rotina de sincronização da venda 5800...
2025-10-10 16:04:56.8526: Todas as rotinas da venda 5800 foram concluídas com sucesso!
2025-10-10 16:04:56.8526: Imprimindo DANFe...
2025-10-10 16:08:01.5691: Calculando totais da venda...
2025-10-10 16:08:08.7964: Validando desconto atribuído ao cliente...
2025-10-10 16:08:18.1453: Iniciando finalização da venda Id 5801...
2025-10-10 16:08:18.1453: Verificando repique de troco...
2025-10-10 16:08:18.1453: Calculando totais da venda...
2025-10-10 16:08:19.5399: Aguarde, estamos realizando a emissão da NFC-e...
2025-10-10 16:08:19.6557: Validando NFC-e...
2025-10-10 16:08:19.6557: Tipo de emissão NFC-e: NORMAL
2025-10-10 16:08:19.6557: Gerando XML de NFC-e...
2025-10-10 16:08:19.6637: Realizando conversão da venda para XML...
2025-10-10 16:08:19.6637: Conversão realizada com sucesso para a NFC-e id: NFe42251029005632000200650010000189611184803910
2025-10-10 16:08:19.6787: Assinando XML...
2025-10-10 16:08:19.7507: XML assinado com sucesso!
2025-10-10 16:08:19.7507: Enviando NFC-e para a SEFAZ...
2025-10-10 16:08:20.3703: Retorno da SEFAZ: 100 - Autorizado o uso da NF-e
2025-10-10 16:08:20.3703: Numeração de NFC-e atualizada para Nr. 18962
2025-10-10 16:08:20.3893: Finalizando Venda e validando NF emitida...
2025-10-10 16:08:20.8600: Venda finalizada com sucesso!
2025-10-10 16:08:20.8600: Realizando rotinas pós-venda...
2025-10-10 16:08:20.8600: Enviando e-mail...
2025-10-10 16:08:20.8600: Iniciando rotina de sincronização da venda 5801...
2025-10-10 16:08:20.8600: Todas as rotinas da venda 5801 foram concluídas com sucesso!
2025-10-10 16:08:20.8600: Imprimindo DANFe...
2025-10-10 16:10:07.2314: Calculando totais da venda...
2025-10-10 16:10:15.7929: Iniciando finalização da venda Id 5802...
2025-10-10 16:10:15.7929: Verificando repique de troco...
2025-10-10 16:10:15.7929: Calculando totais da venda...
2025-10-10 16:10:17.4492: Aguarde, estamos realizando a emissão da NFC-e...
2025-10-10 16:10:17.5488: Validando NFC-e...
2025-10-10 16:10:17.5538: Tipo de emissão NFC-e: NORMAL
2025-10-10 16:10:17.5538: Gerando XML de NFC-e...
2025-10-10 16:10:17.5538: Realizando conversão da venda para XML...
2025-10-10 16:10:17.5538: Conversão realizada com sucesso para a NFC-e id: NFe42251029005632000200650010000189621275246166
2025-10-10 16:10:17.5538: Assinando XML...
2025-10-10 16:10:17.6428: XML assinado com sucesso!
2025-10-10 16:10:17.6428: Enviando NFC-e para a SEFAZ...
2025-10-10 16:10:18.2678: Retorno da SEFAZ: 100 - Autorizado o uso da NF-e
2025-10-10 16:10:18.2678: Numeração de NFC-e atualizada para Nr. 18963
2025-10-10 16:10:18.2888: Finalizando Venda e validando NF emitida...
2025-10-10 16:10:18.7415: Venda finalizada com sucesso!
2025-10-10 16:10:18.7415: Realizando rotinas pós-venda...
2025-10-10 16:10:18.7415: Enviando e-mail...
2025-10-10 16:10:18.7415: Iniciando rotina de sincronização da venda 5802...
2025-10-10 16:10:18.7415: Todas as rotinas da venda 5802 foram concluídas com sucesso!
2025-10-10 16:10:18.7415: Imprimindo DANFe...
2025-10-10 16:19:33.8833: Calculando totais da venda...
2025-10-10 16:24:08.3847: Iniciando finalização da venda Id 5803...
2025-10-10 16:24:08.3847: Verificando repique de troco...
2025-10-10 16:24:08.3847: Calculando totais da venda...
2025-10-10 16:24:10.6023: Aguarde, estamos realizando a emissão da NFC-e...
2025-10-10 16:24:10.7116: Validando NFC-e...
2025-10-10 16:24:10.7116: Tipo de emissão NFC-e: NORMAL
2025-10-10 16:24:10.7116: Gerando XML de NFC-e...
2025-10-10 16:24:10.7116: Realizando conversão da venda para XML...
2025-10-10 16:24:10.7286: Conversão realizada com sucesso para a NFC-e id: NFe42251029005632000200650010000189631885222527
2025-10-10 16:24:10.7286: Assinando XML...
2025-10-10 16:24:10.8055: XML assinado com sucesso!
2025-10-10 16:24:10.8055: Enviando NFC-e para a SEFAZ...
2025-10-10 16:24:11.4738: Retorno da SEFAZ: 100 - Autorizado o uso da NF-e
2025-10-10 16:24:11.4738: Numeração de NFC-e atualizada para Nr. 18964
2025-10-10 16:24:11.4948: Finalizando Venda e validando NF emitida...
2025-10-10 16:24:11.9526: Venda finalizada com sucesso!
2025-10-10 16:24:11.9526: Realizando rotinas pós-venda...
2025-10-10 16:24:11.9526: Enviando e-mail...
2025-10-10 16:24:11.9526: Iniciando rotina de sincronização da venda 5803...
2025-10-10 16:24:11.9526: Todas as rotinas da venda 5803 foram concluídas com sucesso!
2025-10-10 16:24:11.9526: Imprimindo DANFe...
2025-10-10 16:51:58.7687: Iniciando rotina de sincronização da venda 5804...
2025-10-10 16:52:39.9665: Iniciando rotina de sincronização da venda 5698...
2025-10-10 17:17:20.8616: Calculando totais da venda...
2025-10-10 17:17:41.6454: Validando desconto atribuído ao cliente...
2025-10-10 17:19:03.5890: Iniciando finalização da venda Id 5805...
2025-10-10 17:19:03.5890: Verificando repique de troco...
2025-10-10 17:19:03.5890: Calculando totais da venda...
2025-10-10 17:19:06.1206: Aguarde, estamos realizando a emissão da NFC-e...
2025-10-10 17:19:06.2008: Validando NFC-e...
2025-10-10 17:19:06.2008: Tipo de emissão NFC-e: NORMAL
2025-10-10 17:19:06.2008: Gerando XML de NFC-e...
2025-10-10 17:19:06.2158: Realizando conversão da venda para XML...
2025-10-10 17:19:06.2318: Conversão realizada com sucesso para a NFC-e id: NFe42251029005632000200650010000189641613100011
2025-10-10 17:19:06.2318: Assinando XML...
2025-10-10 17:19:06.4071: XML assinado com sucesso!
2025-10-10 17:19:06.4071: Enviando NFC-e para a SEFAZ...
2025-10-10 17:19:07.1829: Retorno da SEFAZ: 100 - Autorizado o uso da NF-e
2025-10-10 17:19:07.1829: Numeração de NFC-e atualizada para Nr. 18965
2025-10-10 17:19:07.2039: Finalizando Venda e validando NF emitida...
2025-10-10 17:19:07.7651: Venda finalizada com sucesso!
2025-10-10 17:19:07.7651: Realizando rotinas pós-venda...
2025-10-10 17:19:07.7651: Enviando e-mail...
2025-10-10 17:19:07.7651: Iniciando rotina de sincronização da venda 5805...
2025-10-10 17:19:07.7781: Todas as rotinas da venda 5805 foram concluídas com sucesso!
2025-10-10 17:19:07.7781: Imprimindo DANFe...
2025-10-10 17:22:23.7229: Calculando totais da venda...
2025-10-10 17:22:46.1067: Iniciando finalização da venda Id 5806...
2025-10-10 17:22:46.1067: Verificando repique de troco...
2025-10-10 17:22:46.1067: Calculando totais da venda...
2025-10-10 17:22:47.1029: Aguarde, estamos realizando a emissão da NFC-e...
2025-10-10 17:22:47.1832: Validando NFC-e...
2025-10-10 17:22:47.1832: Tipo de emissão NFC-e: NORMAL
2025-10-10 17:22:47.1832: Gerando XML de NFC-e...
2025-10-10 17:22:47.1832: Realizando conversão da venda para XML...
2025-10-10 17:22:47.1982: Conversão realizada com sucesso para a NFC-e id: NFe42251029005632000200650010000189651558530444
2025-10-10 17:22:47.1982: Assinando XML...
2025-10-10 17:22:47.2552: XML assinado com sucesso!
2025-10-10 17:22:47.2552: Enviando NFC-e para a SEFAZ...
2025-10-10 17:22:47.8500: Retorno da SEFAZ: 100 - Autorizado o uso da NF-e
2025-10-10 17:22:47.8510: Numeração de NFC-e atualizada para Nr. 18966
2025-10-10 17:22:47.8680: Finalizando Venda e validando NF emitida...
2025-10-10 17:22:48.3003: Venda finalizada com sucesso!
2025-10-10 17:22:48.3003: Realizando rotinas pós-venda...
2025-10-10 17:22:48.3073: Enviando e-mail...
2025-10-10 17:22:48.3073: Iniciando rotina de sincronização da venda 5806...
2025-10-10 17:22:48.3073: Todas as rotinas da venda 5806 foram concluídas com sucesso!
2025-10-10 17:22:48.3073: Imprimindo DANFe...
2025-10-10 17:25:30.8246: Calculando totais da venda...
2025-10-10 17:26:43.1920: Iniciando finalização da venda Id 5807...
2025-10-10 17:26:43.1920: Verificando repique de troco...
2025-10-10 17:26:43.1920: Calculando totais da venda...
2025-10-10 17:26:44.6124: Aguarde, estamos realizando a emissão da NFC-e...
2025-10-10 17:26:44.6921: Validando NFC-e...
2025-10-10 17:26:44.6921: Tipo de emissão NFC-e: NORMAL
2025-10-10 17:26:44.6951: Gerando XML de NFC-e...
2025-10-10 17:26:44.6951: Realizando conversão da venda para XML...
2025-10-10 17:26:44.6951: Conversão realizada com sucesso para a NFC-e id: NFe42251029005632000200650010000189661400835744
2025-10-10 17:26:44.6951: Assinando XML...
2025-10-10 17:26:44.7671: XML assinado com sucesso!
2025-10-10 17:26:44.7671: Enviando NFC-e para a SEFAZ...
2025-10-10 17:26:45.4279: Retorno da SEFAZ: 100 - Autorizado o uso da NF-e
2025-10-10 17:26:45.4289: Numeração de NFC-e atualizada para Nr. 18967
2025-10-10 17:26:45.4289: Finalizando Venda e validando NF emitida...
2025-10-10 17:26:45.8744: Venda finalizada com sucesso!
2025-10-10 17:26:45.8744: Realizando rotinas pós-venda...
2025-10-10 17:26:45.8744: Enviando e-mail...
2025-10-10 17:26:45.8744: Iniciando rotina de sincronização da venda 5807...
2025-10-10 17:26:45.8824: Todas as rotinas da venda 5807 foram concluídas com sucesso!
2025-10-10 17:26:45.8824: Imprimindo DANFe...
2025-10-10 17:30:03.5161: Calculando totais da venda...
2025-10-10 17:44:33.5201: Calculando totais da venda...
2025-10-10 17:44:39.0920: Validando desconto atribuído ao cliente...
2025-10-10 17:45:21.4475: Iniciando finalização da venda Id 5809...
2025-10-10 17:45:21.4475: Verificando repique de troco...
2025-10-10 17:45:21.4475: Calculando totais da venda...
2025-10-10 17:45:22.5627: Aguarde, estamos realizando a emissão da NFC-e...
2025-10-10 17:45:22.6491: Validando NFC-e...
2025-10-10 17:45:22.6491: Tipo de emissão NFC-e: NORMAL
2025-10-10 17:45:22.6491: Gerando XML de NFC-e...
2025-10-10 17:45:22.6491: Realizando conversão da venda para XML...
2025-10-10 17:45:22.6661: Conversão realizada com sucesso para a NFC-e id: NFe42251029005632000200650010000189671493524431
2025-10-10 17:45:22.6661: Assinando XML...
2025-10-10 17:45:22.7240: XML assinado com sucesso!
2025-10-10 17:45:22.7240: Enviando NFC-e para a SEFAZ...
2025-10-10 17:45:23.8858: Retorno da SEFAZ: 100 - Autorizado o uso da NF-e
2025-10-10 17:45:23.8858: Numeração de NFC-e atualizada para Nr. 18968
2025-10-10 17:45:23.9108: Finalizando Venda e validando NF emitida...
2025-10-10 17:45:24.3539: Venda finalizada com sucesso!
2025-10-10 17:45:24.3539: Realizando rotinas pós-venda...
2025-10-10 17:45:24.3539: Enviando e-mail...
2025-10-10 17:45:24.3539: Iniciando rotina de sincronização da venda 5809...
2025-10-10 17:45:24.3539: Todas as rotinas da venda 5809 foram concluídas com sucesso!
2025-10-10 17:45:24.3539: Imprimindo DANFe...
2025-10-10 17:45:48.1995: Calculando totais da venda...
2025-10-10 17:45:55.4944: Iniciando finalização da venda Id 5810...
2025-10-10 17:45:55.4944: Verificando repique de troco...
2025-10-10 17:45:55.4944: Calculando totais da venda...
2025-10-10 17:45:56.5517: Finalizando Venda não fiscal...
2025-10-10 17:45:56.5997: Venda finalizada com sucesso!
2025-10-10 17:45:56.5997: Realizando rotinas pós-venda...
2025-10-10 17:45:56.6007: Enviando e-mail...
2025-10-10 17:45:56.6007: Iniciando rotina de sincronização da venda 5810...
2025-10-10 17:45:56.6007: Todas as rotinas da venda 5810 foram concluídas com sucesso!
2025-10-10 17:51:14.8768: Calculando totais da venda...
2025-10-10 17:51:41.3485: Calculando totais da venda...
2025-10-10 17:54:25.0187: Iniciando finalização da venda Id 5811...
2025-10-10 17:54:25.0187: Verificando repique de troco...
2025-10-10 17:54:25.0187: Calculando totais da venda...
2025-10-10 17:54:26.4422: Aguarde, estamos realizando a emissão da NFC-e...
2025-10-10 17:54:26.5213: Validando NFC-e...
2025-10-10 17:54:26.5263: Tipo de emissão NFC-e: NORMAL
2025-10-10 17:54:26.5263: Gerando XML de NFC-e...
2025-10-10 17:54:26.5263: Realizando conversão da venda para XML...
2025-10-10 17:54:26.5413: Conversão realizada com sucesso para a NFC-e id: NFe42251029005632000200650010000189681180311029
2025-10-10 17:54:26.5413: Assinando XML...
2025-10-10 17:54:26.6278: XML assinado com sucesso!
2025-10-10 17:54:26.6278: Enviando NFC-e para a SEFAZ...
2025-10-10 17:54:27.3555: Retorno da SEFAZ: 100 - Autorizado o uso da NF-e
2025-10-10 17:54:27.3555: Numeração de NFC-e atualizada para Nr. 18969
2025-10-10 17:54:27.3785: Finalizando Venda e validando NF emitida...
2025-10-10 17:54:27.8363: Venda finalizada com sucesso!
2025-10-10 17:54:27.8363: Realizando rotinas pós-venda...
2025-10-10 17:54:27.8363: Enviando e-mail...
2025-10-10 17:54:30.9540: Iniciando rotina de sincronização da venda 5811...
2025-10-10 17:54:30.9540: Todas as rotinas da venda 5811 foram concluídas com sucesso!
2025-10-10 17:54:30.9540: Imprimindo DANFe...
2025-10-10 17:57:57.1373: Iniciando rotina de sincronização de caixa...
2025-10-10 17:58:03.6687: Iniciando rotina de sincronização de caixa...
2025-10-10 17:58:40.1914: Iniciando rotina de sincronização de caixa...
2025-10-10 18:11:35.1867: Calculando totais da venda...
2025-10-10 18:11:58.3629: Iniciando finalização da venda Id 5812...
2025-10-10 18:11:58.3629: Verificando repique de troco...
2025-10-10 18:11:58.3629: Calculando totais da venda...
2025-10-10 18:11:59.7647: Finalizando Venda não fiscal...
2025-10-10 18:12:00.1905: Venda finalizada com sucesso!
2025-10-10 18:12:00.1905: Realizando rotinas pós-venda...
2025-10-10 18:12:00.1905: Enviando e-mail...
2025-10-10 18:12:00.1905: Iniciando rotina de sincronização da venda 5812...
2025-10-10 18:12:00.1945: Todas as rotinas da venda 5812 foram concluídas com sucesso!
2025-10-10 18:13:05.7542: Calculando totais da venda...
2025-10-10 18:13:14.9938: Calculando totais da venda...
2025-10-10 18:13:23.0858: Validando desconto atribuído ao cliente...
2025-10-10 18:13:41.3052: Iniciando finalização da venda Id 5813...
2025-10-10 18:13:41.3052: Verificando repique de troco...
2025-10-10 18:13:41.3052: Calculando totais da venda...
2025-10-10 18:13:42.9409: Finalizando Venda não fiscal...
2025-10-10 18:13:43.4117: Venda finalizada com sucesso!
2025-10-10 18:13:43.4117: Realizando rotinas pós-venda...
2025-10-10 18:13:43.4117: Enviando e-mail...
2025-10-10 18:13:43.4117: Iniciando rotina de sincronização da venda 5813...
2025-10-10 18:13:43.4137: Todas as rotinas da venda 5813 foram concluídas com sucesso!
2025-10-10 18:39:23.2208: Calculando totais da venda...
2025-10-10 18:40:22.2763: Calculando totais da venda...
2025-10-10 18:42:16.4271: Iniciando finalização da venda Id 5814...
2025-10-10 18:42:16.4271: Verificando repique de troco...
2025-10-10 18:42:16.4291: Calculando totais da venda...
2025-10-10 18:42:17.7866: Aguarde, estamos realizando a emissão da NFC-e...
2025-10-10 18:42:17.8944: Validando NFC-e...
2025-10-10 18:42:17.9044: Tipo de emissão NFC-e: NORMAL
2025-10-10 18:42:17.9044: Gerando XML de NFC-e...
2025-10-10 18:42:17.9174: Realizando conversão da venda para XML...
2025-10-10 18:42:17.9337: Conversão realizada com sucesso para a NFC-e id: NFe42251029005632000200650010000189691811230732
2025-10-10 18:42:17.9337: Assinando XML...
2025-10-10 18:42:18.0948: XML assinado com sucesso!
2025-10-10 18:42:18.0948: Enviando NFC-e para a SEFAZ...
2025-10-10 18:42:19.0064: Retorno da SEFAZ: 100 - Autorizado o uso da NF-e
2025-10-10 18:42:19.0085: Numeração de NFC-e atualizada para Nr. 18970
2025-10-10 18:42:19.0346: Finalizando Venda e validando NF emitida...
2025-10-10 18:42:19.5283: Venda finalizada com sucesso!
2025-10-10 18:42:19.5283: Realizando rotinas pós-venda...
2025-10-10 18:42:19.5283: Enviando e-mail...
2025-10-10 18:42:19.5283: Iniciando rotina de sincronização da venda 5814...
2025-10-10 18:42:19.5283: Todas as rotinas da venda 5814 foram concluídas com sucesso!
2025-10-10 18:42:19.5283: Imprimindo DANFe...
2025-10-10 19:03:21.6649: Calculando totais da venda...
2025-10-10 19:04:23.8244: Iniciando finalização da venda Id 5815...
2025-10-10 19:04:23.8244: Verificando repique de troco...
2025-10-10 19:04:23.8244: Calculando totais da venda...
2025-10-10 19:04:28.4924: Aguarde, estamos realizando a emissão da NFC-e...
2025-10-10 19:04:28.5693: Validando NFC-e...
2025-10-10 19:04:28.5693: Tipo de emissão NFC-e: NORMAL
2025-10-10 19:04:28.5693: Gerando XML de NFC-e...
2025-10-10 19:04:28.5693: Realizando conversão da venda para XML...
2025-10-10 19:04:28.5853: Conversão realizada com sucesso para a NFC-e id: NFe42251029005632000200650010000189701249084598
2025-10-10 19:04:28.5853: Assinando XML...
2025-10-10 19:04:28.6521: XML assinado com sucesso!
2025-10-10 19:04:28.6521: Enviando NFC-e para a SEFAZ...
2025-10-10 19:04:29.2419: Retorno da SEFAZ: 100 - Autorizado o uso da NF-e
2025-10-10 19:04:29.2419: Numeração de NFC-e atualizada para Nr. 18971
2025-10-10 19:04:29.2659: Finalizando Venda e validando NF emitida...
2025-10-10 19:04:29.6804: Venda finalizada com sucesso!
2025-10-10 19:04:29.6804: Realizando rotinas pós-venda...
2025-10-10 19:04:29.6804: Enviando e-mail...
2025-10-10 19:04:29.6804: Iniciando rotina de sincronização da venda 5815...
2025-10-10 19:04:29.6804: Todas as rotinas da venda 5815 foram concluídas com sucesso!
2025-10-10 19:04:29.6804: Imprimindo DANFe...
2025-10-10 19:12:53.5974: Iniciando rotina de sincronização de caixa...
