                   -------------- Error (2025-10-11 10:10:03.5935) --------------
                   
                   Call Site: PDV.Telas.VwErro.Show
                   Exception Type: System.Reflection.TargetInvocationException
                   Exception Message: Uma exceção foi acionada pelo destino de uma chamada.
                   Stack Trace:    em System.RuntimeTypeHandle.CreateInstance(RuntimeType type, Boolean publicOnly, Boolean noCheck, Boolean& canBeCached, RuntimeMethodHandleInternal& ctor, Boolean& bNeedSecurityCheck)
   em System.RuntimeType.CreateInstanceSlow(Boolean publicOnly, Boolean skipCheckThis, Boolean fillCache, StackCrawlMark& stackMark)
   em System.RuntimeType.CreateInstanceDefaultCtor(Boolean publicOnly, Boolean skipCheckThis, Boolean fillCache, StackCrawlMark& stackMark)
   em System.Activator.CreateInstance(Type type, Boolean nonPublic)
   em System.RuntimeType.CreateInstanceImpl(BindingFlags bindingAttr, Binder binder, Object[] args, CultureInfo culture, Object[] activationAttributes, StackCrawlMark& stackMark)
   em System.Activator.CreateInstance(Type type, BindingFlags bindingAttr, Binder binder, Object[] args, CultureInfo culture, Object[] activationAttributes)
   em System.Activator.CreateInstance(Type type, Object[] args)
   em System.Xaml.Schema.SafeReflectionInvoker.CreateInstanceCritical(Type type, Object[] arguments)
   em System.Xaml.Schema.SafeReflectionInvoker.CreateInstance(Type type, Object[] arguments)
   em System.Xaml.Schema.XamlTypeInvoker.CreateInstance(Object[] arguments)
   em MS.Internal.Xaml.Runtime.ClrObjectRuntime.CreateInstanceWithCtor(XamlType xamlType, Object[] args)
   em MS.Internal.Xaml.Runtime.ClrObjectRuntime.CreateInstance(XamlType xamlType, Object[] args)
   em MS.Internal.Xaml.Runtime.PartialTrustTolerantRuntime.CreateInstance(XamlType xamlType, Object[] args)
   em System.Xaml.XamlObjectWriter.Logic_CreateAndAssignToParentStart(ObjectWriterContext ctx)
   em System.Xaml.XamlObjectWriter.WriteStartMember(XamlMember property)
   em System.Xaml.XamlWriter.WriteNode(XamlReader reader)
   em System.Windows.Markup.WpfXamlLoader.TransformNodes(XamlReader xamlReader, XamlObjectWriter xamlWriter, Boolean onlyLoadOneNode, Boolean skipJournaledProperties, Boolean shouldPassLineNumberInfo, IXamlLineInfo xamlLineInfo, IXamlLineInfoConsumer xamlLineInfoConsumer, XamlContextStack`1 stack, IStyleConnector styleConnector)
   em System.Windows.Markup.WpfXamlLoader.Load(XamlReader xamlReader, IXamlObjectWriterFactory writerFactory, Boolean skipJournaledProperties, Object rootObject, XamlObjectWriterSettings settings, Uri baseUri)
   em System.Windows.Markup.WpfXamlLoader.LoadBaml(XamlReader xamlReader, Boolean skipJournaledProperties, Object rootObject, XamlAccessLevel accessLevel, Uri baseUri)
   em System.Windows.Markup.XamlReader.LoadBaml(Stream stream, ParserContext parserContext, Object parent, Boolean closeStream)
   em System.Windows.Application.LoadBamlStreamWithSyncInfo(Stream stream, ParserContext pc)
   em System.Windows.Application.LoadComponent(Uri resourceLocator, Boolean bSkipJournaledProperties)
   em System.Windows.Application.DoStartup()
   em System.Windows.Application.<.ctor>b__1_0(Object unused)
   em System.Windows.Threading.ExceptionWrapper.InternalRealCall(Delegate callback, Object args, Int32 numArgs)
   em System.Windows.Threading.ExceptionWrapper.TryCatchWhen(Object source, Delegate callback, Object args, Int32 numArgs, Delegate catchHandler)
                   Inner Exception: System.Reflection.TargetInvocationException: Uma exceção foi acionada pelo destino de uma chamada. ---> System.NullReferenceException: Referência de objeto não definida para uma instância de um objeto.
   em PDV.Telas.VwFundoPrincipal..ctor()
   --- Fim do rastreamento de pilha de exceções internas ---
   em System.RuntimeTypeHandle.CreateInstance(RuntimeType type, Boolean publicOnly, Boolean noCheck, Boolean& canBeCached, RuntimeMethodHandleInternal& ctor, Boolean& bNeedSecurityCheck)
   em System.RuntimeType.CreateInstanceSlow(Boolean publicOnly, Boolean skipCheckThis, Boolean fillCache, StackCrawlMark& stackMark)
   em System.RuntimeType.CreateInstanceDefaultCtor(Boolean publicOnly, Boolean skipCheckThis, Boolean fillCache, StackCrawlMark& stackMark)
   em System.Activator.CreateInstance(Type type, Boolean nonPublic)
   em System.RuntimeType.CreateInstanceImpl(BindingFlags bindingAttr, Binder binder, Object[] args, CultureInfo culture, Object[] activationAttributes, StackCrawlMark& stackMark)
   em System.Activator.CreateInstance(Type type, BindingFlags bindingAttr, Binder binder, Object[] args, CultureInfo culture, Object[] activationAttributes)
   em System.Activator.CreateInstance(Type type, Object[] args)
   em System.Xaml.Schema.SafeReflectionInvoker.CreateInstanceCritical(Type type, Object[] arguments)
   em System.Xaml.Schema.SafeReflectionInvoker.CreateInstance(Type type, Object[] arguments)
   em System.Xaml.Schema.XamlTypeInvoker.CreateInstance(Object[] arguments)
   em MS.Internal.Xaml.Runtime.ClrObjectRuntime.CreateInstanceWithCtor(XamlType xamlType, Object[] args)
   em MS.Internal.Xaml.Runtime.ClrObjectRuntime.CreateInstance(XamlType xamlType, Object[] args)
   em MS.Internal.Xaml.Runtime.PartialTrustTolerantRuntime.CreateInstance(XamlType xamlType, Object[] args)
   em System.Xaml.XamlObjectWriter.Logic_CreateAndAssignToParentStart(ObjectWriterContext ctx)
   em System.Xaml.XamlObjectWriter.WriteStartMember(XamlMember property)
   em System.Xaml.XamlWriter.WriteNode(XamlReader reader)
   em System.Windows.Markup.WpfXamlLoader.TransformNodes(XamlReader xamlReader, XamlObjectWriter xamlWriter, Boolean onlyLoadOneNode, Boolean skipJournaledProperties, Boolean shouldPassLineNumberInfo, IXamlLineInfo xamlLineInfo, IXamlLineInfoConsumer xamlLineInfoConsumer, XamlContextStack`1 stack, IStyleConnector styleConnector)
   em System.Windows.Markup.WpfXamlLoader.Load(XamlReader xamlReader, IXamlObjectWriterFactory writerFactory, Boolean skipJournaledProperties, Object rootObject, XamlObjectWriterSettings settings, Uri baseUri)
   em System.Windows.Markup.WpfXamlLoader.LoadBaml(XamlReader xamlReader, Boolean skipJournaledProperties, Object rootObject, XamlAccessLevel accessLevel, Uri baseUri)
   em System.Windows.Markup.XamlReader.LoadBaml(Stream stream, ParserContext parserContext, Object parent, Boolean closeStream)
   em System.Windows.Application.LoadBamlStreamWithSyncInfo(Stream stream, ParserContext pc)
   em System.Windows.Application.LoadComponent(Uri resourceLocator, Boolean bSkipJournaledProperties)
   em System.Windows.Application.DoStartup()
   em System.Windows.Application.<.ctor>b__1_0(Object unused)
   em System.Windows.Threading.ExceptionWrapper.InternalRealCall(Delegate callback, Object args, Int32 numArgs)
   em System.Windows.Threading.ExceptionWrapper.TryCatchWhen(Object source, Delegate callback, Object args, Int32 numArgs, Delegate catchHandler) System.Object: 
System.NullReferenceException: Referência de objeto não definida para uma instância de um objeto.
   em PDV.Telas.VwFundoPrincipal..ctor()

