 2025-10-14 08:01:37.9145|Enviando caixa 298
 2025-10-14 08:01:37.9484|Não existe nenhuma Operação de Caixa pendente de sincronização!
 2025-10-14 08:03:15.3427|Não existe nenhum Caixa pendente de sincronização!
 2025-10-14 08:03:16.0097|Enviando operação de caixa 1006 - suprimento
 2025-10-14 08:15:59.4235|Clientes processados: 0 - Enviados: 0 - Recebidos: 0
 2025-10-14 08:15:59.4235|Não existe nenhum cliente pendente de sincronização!
 2025-10-14 08:15:59.6543|Enviando NFC-e - chave: 42250929005632000200650010000183119215458373 . . .
 2025-10-14 08:15:59.7210|Enviando NFC-e - chave: 42250929005632000200650010000183129434461970 . . .
 2025-10-14 08:15:59.7285|Enviando NFC-e - chave: 42251029005632000200650010000190131308147057 . . .
 2025-10-14 08:16:01.0969|Venda: IdLocal 5868: Documento Fiscal Id:4887  -> IdWeb 11001949
 2025-10-14 08:16:01.0969|NFC-e chave: 42251029005632000200650010000190131308147057 enviada com sucesso!
 2025-10-14 08:23:02.6746|Clientes processados: 0 - Enviados: 0 - Recebidos: 0
 2025-10-14 08:23:02.6746|Não existe nenhum cliente pendente de sincronização!
 2025-10-14 08:23:02.8156|Enviando NFC-e - chave: 42250929005632000200650010000183119215458373 . . .
 2025-10-14 08:23:02.8296|Enviando NFC-e - chave: 42250929005632000200650010000183129434461970 . . .
 2025-10-14 08:23:02.8416|Enviando NFC-e - chave: 42251029005632000200650010000190141947256765 . . .
 2025-10-14 08:23:03.8087|Venda: IdLocal 5869: Documento Fiscal Id:4888  -> IdWeb 11001990
 2025-10-14 08:23:03.8087|NFC-e chave: 42251029005632000200650010000190141947256765 enviada com sucesso!
 2025-10-14 08:29:54.4254|Recebendo operador 15948: Operador
 2025-10-14 08:29:54.4344|Recebendo operador 15949: Gerencia
 2025-10-14 08:29:54.5837|Recebendo vendedores 948578: PAULO DANNY MONTEIRO
 2025-10-14 08:29:54.6027|Recebendo vendedores 1002522: CONSUMO CENTRO
 2025-10-14 08:29:54.6297|Recebendo vendedores 1031580: CONSUMO KELLYM WALERIA DOS SANTOS
 2025-10-14 08:29:54.6467|Recebendo vendedores 1031581: CONSUMO PAULO DANNY MONTEIRO
 2025-10-14 08:29:54.6627|Recebendo vendedores 1031583: CONSUMO JAQUELINE PEREIRA VAZ
 2025-10-14 08:29:54.6786|Recebendo vendedores 1038321: CONUSMO WELVIS TEIXEIRA ALVEZ
 2025-10-14 08:29:54.6966|Recebendo vendedores 1057686: CONSUMO THIAGO PEREIRA VAZ
 2025-10-14 08:29:54.7306|Recebendo vendedores 1057687: CONSUMO LUCAS VAZ DA ROSA
 2025-10-14 08:29:54.7466|Recebendo vendedores 1070825: VENDA PARCEIRO (ACIMA 30% S/ COMISSAO)
 2025-10-14 08:29:54.8246|Recebendo vendedores 1090892: GABRIELA PEREIRA
 2025-10-14 08:29:54.8405|Recebendo vendedores 1190705: CONSUMO GABRIELA PEREIRA
 2025-10-14 08:29:54.9650|Não existe nenhum Contato Comercial pendente de sincronização!
 2025-10-14 08:29:54.9880|Clientes processados: 0 - Enviados: 0 - Recebidos: 0
 2025-10-14 08:29:54.9880|Não existe nenhum cliente pendente de sincronização!
 2025-10-14 08:29:55.0090|Não existe nenhum Caixa pendente de sincronização!
 2025-10-14 08:29:55.0090|Não existe nenhuma Operação de Caixa pendente de sincronização!
 2025-10-14 08:29:55.1516|Enviando NFC-e - chave: 42250929005632000200650010000183119215458373 . . .
 2025-10-14 08:29:55.2073|Enviando NFC-e - chave: 42250929005632000200650010000183129434461970 . . .
 2025-10-14 08:29:55.4266|Recebendo itens - 3 item(s).
 2025-10-14 08:29:56.6491|Recebendo itens - 3 itens importados de 3
 2025-10-14 08:29:57.0266|Total de itens recebidos: 3
 2025-10-14 08:29:57.2671|Não existe nenhuma promoção pendente de sincronização!
 2025-10-14 08:29:57.4738|Não existe nenhum lote pendente de sincronização!
 2025-10-14 08:29:57.6845|Recebendo Depósito: Geral
 2025-10-14 08:43:40.6349|Recebendo operador 15948: Operador
 2025-10-14 08:43:40.6349|Recebendo operador 15949: Gerencia
 2025-10-14 08:43:40.8375|Recebendo vendedores 948578: PAULO DANNY MONTEIRO
 2025-10-14 08:43:40.8585|Recebendo vendedores 1002522: CONSUMO CENTRO
 2025-10-14 08:43:40.8775|Recebendo vendedores 1031580: CONSUMO KELLYM WALERIA DOS SANTOS
 2025-10-14 08:43:40.9045|Recebendo vendedores 1031581: CONSUMO PAULO DANNY MONTEIRO
 2025-10-14 08:43:40.9215|Recebendo vendedores 1031583: CONSUMO JAQUELINE PEREIRA VAZ
 2025-10-14 08:43:40.9375|Recebendo vendedores 1038321: CONUSMO WELVIS TEIXEIRA ALVEZ
 2025-10-14 08:43:40.9544|Recebendo vendedores 1057686: CONSUMO THIAGO PEREIRA VAZ
 2025-10-14 08:43:40.9704|Recebendo vendedores 1057687: CONSUMO LUCAS VAZ DA ROSA
 2025-10-14 08:43:40.9894|Recebendo vendedores 1070825: VENDA PARCEIRO (ACIMA 30% S/ COMISSAO)
 2025-10-14 08:43:41.0814|Recebendo vendedores 1090892: GABRIELA PEREIRA
 2025-10-14 08:43:41.0984|Recebendo vendedores 1190705: CONSUMO GABRIELA PEREIRA
 2025-10-14 08:43:41.2491|Não existe nenhum Contato Comercial pendente de sincronização!
 2025-10-14 08:43:41.7128|Enviando cliente 14013: LILIAN FAUSTINO
 2025-10-14 08:43:41.7374|Clientes processados: 1 - Enviados: 1 - Recebidos: 0
 2025-10-14 08:45:04.6701|Recebendo cliente 1201323: LILIAN FAUSTINO
 2025-10-14 08:45:04.6701|Clientes processados: 1 - Enviados: 0 - Recebidos: 1
 2025-10-14 08:45:04.8194|Enviando NFC-e - chave: 42250929005632000200650010000183119215458373 . . .
 2025-10-14 08:45:04.8364|Enviando NFC-e - chave: 42250929005632000200650010000183129434461970 . . .
 2025-10-14 08:45:04.8364|Enviando NFC-e - chave: 42251029005632000200650010000190151698324034 . . .
 2025-10-14 08:45:05.8031|Venda: IdLocal 5870: Documento Fiscal Id:4889  -> IdWeb 11002182
 2025-10-14 08:45:05.8041|NFC-e chave: 42251029005632000200650010000190151698324034 enviada com sucesso!
 2025-10-14 08:59:54.9165|Recebendo operador 15948: Operador
 2025-10-14 08:59:54.9165|Recebendo operador 15949: Gerencia
 2025-10-14 08:59:55.0910|Recebendo vendedores 948578: PAULO DANNY MONTEIRO
 2025-10-14 08:59:55.1080|Recebendo vendedores 1002522: CONSUMO CENTRO
 2025-10-14 08:59:55.1350|Recebendo vendedores 1031580: CONSUMO KELLYM WALERIA DOS SANTOS
 2025-10-14 08:59:55.1520|Recebendo vendedores 1031581: CONSUMO PAULO DANNY MONTEIRO
 2025-10-14 08:59:55.1680|Recebendo vendedores 1031583: CONSUMO JAQUELINE PEREIRA VAZ
 2025-10-14 08:59:55.1850|Recebendo vendedores 1038321: CONUSMO WELVIS TEIXEIRA ALVEZ
 2025-10-14 08:59:55.2019|Recebendo vendedores 1057686: CONSUMO THIAGO PEREIRA VAZ
 2025-10-14 08:59:55.2339|Recebendo vendedores 1057687: CONSUMO LUCAS VAZ DA ROSA
 2025-10-14 08:59:55.2499|Recebendo vendedores 1070825: VENDA PARCEIRO (ACIMA 30% S/ COMISSAO)
 2025-10-14 08:59:55.3259|Recebendo vendedores 1090892: GABRIELA PEREIRA
 2025-10-14 08:59:55.3419|Recebendo vendedores 1190705: CONSUMO GABRIELA PEREIRA
 2025-10-14 08:59:55.4653|Não existe nenhum Contato Comercial pendente de sincronização!
 2025-10-14 08:59:55.5798|Recebendo cliente 1201323: LILIAN FAUSTINO
 2025-10-14 08:59:55.5978|Clientes processados: 1 - Enviados: 0 - Recebidos: 1
 2025-10-14 08:59:55.6607|Não existe nenhum Caixa pendente de sincronização!
 2025-10-14 08:59:55.6637|Não existe nenhuma Operação de Caixa pendente de sincronização!
 2025-10-14 08:59:55.8080|Enviando NFC-e - chave: 42250929005632000200650010000183119215458373 . . .
 2025-10-14 08:59:55.8603|Enviando NFC-e - chave: 42250929005632000200650010000183129434461970 . . .
 2025-10-14 08:59:56.0776|Recebendo itens - 1 item(s).
 2025-10-14 08:59:56.4034|Recebendo itens - 1 itens importados de 1
 2025-10-14 08:59:56.7791|Total de itens recebidos: 1
 2025-10-14 08:59:57.0057|Não existe nenhuma promoção pendente de sincronização!
 2025-10-14 08:59:57.2064|Não existe nenhum lote pendente de sincronização!
 2025-10-14 08:59:57.3958|Recebendo Depósito: Geral
 2025-10-14 09:05:05.6471|Recebendo cliente 1201323: LILIAN FAUSTINO
 2025-10-14 09:05:05.6482|Clientes processados: 1 - Enviados: 0 - Recebidos: 1
 2025-10-14 09:05:05.7871|Enviando NFC-e - chave: 42250929005632000200650010000183119215458373 . . .
 2025-10-14 09:05:05.7901|Enviando NFC-e - chave: 42250929005632000200650010000183129434461970 . . .
 2025-10-14 09:05:05.8051|Enviando NFC-e - chave: 42251029005632000200650010000190161954721430 . . .
 2025-10-14 09:05:06.9319|Venda: IdLocal 5871: Documento Fiscal Id:4890  -> IdWeb 11002468
 2025-10-14 09:05:06.9319|NFC-e chave: 42251029005632000200650010000190161954721430 enviada com sucesso!
 2025-10-14 09:29:54.3946|Recebendo operador 15948: Operador
 2025-10-14 09:29:54.4046|Recebendo operador 15949: Gerencia
 2025-10-14 09:29:54.5575|Recebendo vendedores 948578: PAULO DANNY MONTEIRO
 2025-10-14 09:29:54.5755|Recebendo vendedores 1002522: CONSUMO CENTRO
 2025-10-14 09:29:54.6024|Recebendo vendedores 1031580: CONSUMO KELLYM WALERIA DOS SANTOS
 2025-10-14 09:29:54.6184|Recebendo vendedores 1031581: CONSUMO PAULO DANNY MONTEIRO
 2025-10-14 09:29:54.6344|Recebendo vendedores 1031583: CONSUMO JAQUELINE PEREIRA VAZ
 2025-10-14 09:29:54.6504|Recebendo vendedores 1038321: CONUSMO WELVIS TEIXEIRA ALVEZ
 2025-10-14 09:29:54.6674|Recebendo vendedores 1057686: CONSUMO THIAGO PEREIRA VAZ
 2025-10-14 09:29:54.7004|Recebendo vendedores 1057687: CONSUMO LUCAS VAZ DA ROSA
 2025-10-14 09:29:54.7164|Recebendo vendedores 1070825: VENDA PARCEIRO (ACIMA 30% S/ COMISSAO)
 2025-10-14 09:29:54.7963|Recebendo vendedores 1090892: GABRIELA PEREIRA
 2025-10-14 09:29:54.8123|Recebendo vendedores 1190705: CONSUMO GABRIELA PEREIRA
 2025-10-14 09:29:54.9377|Não existe nenhum Contato Comercial pendente de sincronização!
 2025-10-14 09:29:55.0436|Recebendo cliente 1201323: LILIAN FAUSTINO
 2025-10-14 09:29:55.0616|Clientes processados: 1 - Enviados: 0 - Recebidos: 1
 2025-10-14 09:29:55.1256|Não existe nenhum Caixa pendente de sincronização!
 2025-10-14 09:29:55.1256|Não existe nenhuma Operação de Caixa pendente de sincronização!
 2025-10-14 09:29:55.2757|Enviando NFC-e - chave: 42250929005632000200650010000183119215458373 . . .
 2025-10-14 09:29:55.3312|Enviando NFC-e - chave: 42250929005632000200650010000183129434461970 . . .
 2025-10-14 09:29:55.5413|Recebendo itens - 1 item(s).
 2025-10-14 09:29:55.8307|Recebendo itens - 1 itens importados de 1
 2025-10-14 09:29:56.2060|Total de itens recebidos: 1
 2025-10-14 09:29:56.4370|Não existe nenhuma promoção pendente de sincronização!
 2025-10-14 09:29:56.6565|Não existe nenhum lote pendente de sincronização!
 2025-10-14 09:29:56.8589|Recebendo Depósito: Geral
 2025-10-14 09:59:54.6514|Recebendo operador 15948: Operador
 2025-10-14 09:59:54.6514|Recebendo operador 15949: Gerencia
 2025-10-14 09:59:54.8172|Recebendo vendedores 948578: PAULO DANNY MONTEIRO
 2025-10-14 09:59:54.8352|Recebendo vendedores 1002522: CONSUMO CENTRO
 2025-10-14 09:59:54.8532|Recebendo vendedores 1031580: CONSUMO KELLYM WALERIA DOS SANTOS
 2025-10-14 09:59:54.8712|Recebendo vendedores 1031581: CONSUMO PAULO DANNY MONTEIRO
 2025-10-14 09:59:54.8892|Recebendo vendedores 1031583: CONSUMO JAQUELINE PEREIRA VAZ
 2025-10-14 09:59:54.9142|Recebendo vendedores 1038321: CONUSMO WELVIS TEIXEIRA ALVEZ
 2025-10-14 09:59:54.9482|Recebendo vendedores 1057686: CONSUMO THIAGO PEREIRA VAZ
 2025-10-14 09:59:54.9811|Recebendo vendedores 1057687: CONSUMO LUCAS VAZ DA ROSA
 2025-10-14 09:59:55.0130|Recebendo vendedores 1070825: VENDA PARCEIRO (ACIMA 30% S/ COMISSAO)
 2025-10-14 09:59:55.1110|Recebendo vendedores 1090892: GABRIELA PEREIRA
 2025-10-14 09:59:55.1280|Recebendo vendedores 1190705: CONSUMO GABRIELA PEREIRA
 2025-10-14 09:59:55.2550|Não existe nenhum Contato Comercial pendente de sincronização!
 2025-10-14 09:59:55.3594|Recebendo cliente 1201323: LILIAN FAUSTINO
 2025-10-14 09:59:55.5383|Recebendo cliente 1201464: JEANINE TEOFILO
 2025-10-14 09:59:55.5573|Clientes processados: 2 - Enviados: 0 - Recebidos: 2
 2025-10-14 09:59:55.6173|Não existe nenhum Caixa pendente de sincronização!
 2025-10-14 09:59:55.6173|Não existe nenhuma Operação de Caixa pendente de sincronização!
 2025-10-14 09:59:55.7489|Enviando NFC-e - chave: 42250929005632000200650010000183119215458373 . . .
 2025-10-14 09:59:55.8029|Enviando NFC-e - chave: 42250929005632000200650010000183129434461970 . . .
 2025-10-14 09:59:56.0109|Não existe nenhum produto/serviço pendente de sincronização!
 2025-10-14 09:59:56.2062|Não existe nenhuma promoção pendente de sincronização!
 2025-10-14 09:59:56.3975|Não existe nenhum lote pendente de sincronização!
 2025-10-14 09:59:56.5986|Recebendo Depósito: Geral
 2025-10-14 10:29:54.4402|Recebendo operador 15948: Operador
 2025-10-14 10:29:54.4482|Recebendo operador 15949: Gerencia
 2025-10-14 10:29:54.5991|Recebendo vendedores 948578: PAULO DANNY MONTEIRO
 2025-10-14 10:29:54.6151|Recebendo vendedores 1002522: CONSUMO CENTRO
 2025-10-14 10:29:54.6431|Recebendo vendedores 1031580: CONSUMO KELLYM WALERIA DOS SANTOS
 2025-10-14 10:29:54.6601|Recebendo vendedores 1031581: CONSUMO PAULO DANNY MONTEIRO
 2025-10-14 10:29:54.6771|Recebendo vendedores 1031583: CONSUMO JAQUELINE PEREIRA VAZ
 2025-10-14 10:29:54.6931|Recebendo vendedores 1038321: CONUSMO WELVIS TEIXEIRA ALVEZ
 2025-10-14 10:29:54.7101|Recebendo vendedores 1057686: CONSUMO THIAGO PEREIRA VAZ
 2025-10-14 10:29:54.7390|Recebendo vendedores 1057687: CONSUMO LUCAS VAZ DA ROSA
 2025-10-14 10:29:54.7560|Recebendo vendedores 1070825: VENDA PARCEIRO (ACIMA 30% S/ COMISSAO)
 2025-10-14 10:29:54.8332|Recebendo vendedores 1090892: GABRIELA PEREIRA
 2025-10-14 10:29:54.8492|Recebendo vendedores 1190705: CONSUMO GABRIELA PEREIRA
 2025-10-14 10:29:54.9755|Não existe nenhum Contato Comercial pendente de sincronização!
 2025-10-14 10:29:55.0838|Recebendo cliente 1201323: LILIAN FAUSTINO
 2025-10-14 10:29:55.2752|Recebendo cliente 1201464: JEANINE TEOFILO
 2025-10-14 10:29:55.2932|Clientes processados: 2 - Enviados: 0 - Recebidos: 2
 2025-10-14 10:29:55.3523|Não existe nenhum Caixa pendente de sincronização!
 2025-10-14 10:29:55.3523|Não existe nenhuma Operação de Caixa pendente de sincronização!
 2025-10-14 10:29:55.4953|Enviando NFC-e - chave: 42250929005632000200650010000183119215458373 . . .
 2025-10-14 10:29:55.5493|Enviando NFC-e - chave: 42250929005632000200650010000183129434461970 . . .
 2025-10-14 10:29:55.7538|Não existe nenhum produto/serviço pendente de sincronização!
 2025-10-14 10:29:55.9502|Não existe nenhuma promoção pendente de sincronização!
 2025-10-14 10:29:56.1386|Não existe nenhum lote pendente de sincronização!
 2025-10-14 10:29:56.3380|Recebendo Depósito: Geral
 2025-10-14 10:30:12.5204|Recebendo operador 15948: Operador
 2025-10-14 10:30:12.5643|Recebendo operador 15949: Gerencia
 2025-10-14 10:30:12.8969|Recebendo vendedores 948578: PAULO DANNY MONTEIRO
 2025-10-14 10:30:12.9179|Recebendo vendedores 1002522: CONSUMO CENTRO
 2025-10-14 10:30:12.9439|Recebendo vendedores 1031580: CONSUMO KELLYM WALERIA DOS SANTOS
 2025-10-14 10:30:12.9649|Recebendo vendedores 1031581: CONSUMO PAULO DANNY MONTEIRO
 2025-10-14 10:30:12.9869|Recebendo vendedores 1031583: CONSUMO JAQUELINE PEREIRA VAZ
 2025-10-14 10:30:13.0089|Recebendo vendedores 1038321: CONUSMO WELVIS TEIXEIRA ALVEZ
 2025-10-14 10:30:13.0308|Recebendo vendedores 1057686: CONSUMO THIAGO PEREIRA VAZ
 2025-10-14 10:30:13.0518|Recebendo vendedores 1057687: CONSUMO LUCAS VAZ DA ROSA
 2025-10-14 10:30:13.0748|Recebendo vendedores 1070825: VENDA PARCEIRO (ACIMA 30% S/ COMISSAO)
 2025-10-14 10:30:13.1581|Recebendo vendedores 1090892: GABRIELA PEREIRA
 2025-10-14 10:30:13.1801|Recebendo vendedores 1190705: CONSUMO GABRIELA PEREIRA
 2025-10-14 10:30:13.3318|Não existe nenhum Contato Comercial pendente de sincronização!
 2025-10-14 10:30:13.7371|Enviando cliente 14015: ASTOR PALMEIRA
 2025-10-14 10:30:13.8612|Clientes processados: 1 - Enviados: 1 - Recebidos: 0
 2025-10-14 10:32:36.1205|Recebendo cliente 1201323: LILIAN FAUSTINO
 2025-10-14 10:32:36.3683|Recebendo cliente 1201464: JEANINE TEOFILO
 2025-10-14 10:32:36.4492|Recebendo cliente 1201577: ASTOR PALMEIRA
 2025-10-14 10:32:36.4642|Clientes processados: 3 - Enviados: 0 - Recebidos: 3
 2025-10-14 10:32:36.6499|Enviando NFC-e - chave: 42250929005632000200650010000183119215458373 . . .
 2025-10-14 10:32:36.6880|Enviando NFC-e - chave: 42250929005632000200650010000183129434461970 . . .
 2025-10-14 10:32:36.7225|Enviando NFC-e - chave: 42251029005632000200650010000190171288724835 . . .
 2025-10-14 10:32:37.6686|Venda: IdLocal 5872: Documento Fiscal Id:4891  -> IdWeb 11003452
 2025-10-14 10:32:37.6686|NFC-e chave: 42251029005632000200650010000190171288724835 enviada com sucesso!
 2025-10-14 10:59:54.4555|Recebendo operador 15948: Operador
 2025-10-14 10:59:54.4657|Recebendo operador 15949: Gerencia
 2025-10-14 10:59:54.6217|Recebendo vendedores 948578: PAULO DANNY MONTEIRO
 2025-10-14 10:59:54.6397|Recebendo vendedores 1002522: CONSUMO CENTRO
 2025-10-14 10:59:54.6767|Recebendo vendedores 1031580: CONSUMO KELLYM WALERIA DOS SANTOS
 2025-10-14 10:59:54.6926|Recebendo vendedores 1031581: CONSUMO PAULO DANNY MONTEIRO
 2025-10-14 10:59:54.7086|Recebendo vendedores 1031583: CONSUMO JAQUELINE PEREIRA VAZ
 2025-10-14 10:59:54.7246|Recebendo vendedores 1038321: CONUSMO WELVIS TEIXEIRA ALVEZ
 2025-10-14 10:59:54.7406|Recebendo vendedores 1057686: CONSUMO THIAGO PEREIRA VAZ
 2025-10-14 10:59:54.7566|Recebendo vendedores 1057687: CONSUMO LUCAS VAZ DA ROSA
 2025-10-14 10:59:54.7756|Recebendo vendedores 1070825: VENDA PARCEIRO (ACIMA 30% S/ COMISSAO)
 2025-10-14 10:59:54.9255|Recebendo vendedores 1090892: GABRIELA PEREIRA
 2025-10-14 10:59:54.9415|Recebendo vendedores 1190705: CONSUMO GABRIELA PEREIRA
 2025-10-14 10:59:55.0655|Não existe nenhum Contato Comercial pendente de sincronização!
 2025-10-14 10:59:55.1728|Recebendo cliente 1201323: LILIAN FAUSTINO
 2025-10-14 10:59:55.3550|Recebendo cliente 1201464: JEANINE TEOFILO
 2025-10-14 10:59:55.4382|Recebendo cliente 1201577: ASTOR PALMEIRA
 2025-10-14 10:59:55.6048|Recebendo cliente 1201616: ANDREIA BERTOCCO
 2025-10-14 10:59:55.6248|Clientes processados: 4 - Enviados: 0 - Recebidos: 4
 2025-10-14 10:59:55.6849|Não existe nenhum Caixa pendente de sincronização!
 2025-10-14 10:59:55.6849|Não existe nenhuma Operação de Caixa pendente de sincronização!
 2025-10-14 10:59:55.8202|Enviando NFC-e - chave: 42250929005632000200650010000183119215458373 . . .
 2025-10-14 10:59:55.8782|Enviando NFC-e - chave: 42250929005632000200650010000183129434461970 . . .
 2025-10-14 10:59:56.0876|Recebendo itens - 1 item(s).
 2025-10-14 10:59:56.3698|Recebendo itens - 1 itens importados de 1
 2025-10-14 10:59:56.7360|Total de itens recebidos: 1
 2025-10-14 10:59:56.9704|Não existe nenhuma promoção pendente de sincronização!
 2025-10-14 10:59:57.1670|Não existe nenhum lote pendente de sincronização!
 2025-10-14 10:59:57.3712|Recebendo Depósito: Geral
 2025-10-14 11:29:54.6861|Recebendo operador 15948: Operador
 2025-10-14 11:29:54.6861|Recebendo operador 15949: Gerencia
 2025-10-14 11:29:54.8471|Recebendo vendedores 948578: PAULO DANNY MONTEIRO
 2025-10-14 11:29:54.8771|Recebendo vendedores 1002522: CONSUMO CENTRO
 2025-10-14 11:29:54.8931|Recebendo vendedores 1031580: CONSUMO KELLYM WALERIA DOS SANTOS
 2025-10-14 11:29:54.9091|Recebendo vendedores 1031581: CONSUMO PAULO DANNY MONTEIRO
 2025-10-14 11:29:54.9261|Recebendo vendedores 1031583: CONSUMO JAQUELINE PEREIRA VAZ
 2025-10-14 11:29:54.9431|Recebendo vendedores 1038321: CONUSMO WELVIS TEIXEIRA ALVEZ
 2025-10-14 11:29:54.9731|Recebendo vendedores 1057686: CONSUMO THIAGO PEREIRA VAZ
 2025-10-14 11:29:54.9900|Recebendo vendedores 1057687: CONSUMO LUCAS VAZ DA ROSA
 2025-10-14 11:29:55.0060|Recebendo vendedores 1070825: VENDA PARCEIRO (ACIMA 30% S/ COMISSAO)
 2025-10-14 11:29:55.0850|Recebendo vendedores 1090892: GABRIELA PEREIRA
 2025-10-14 11:29:55.1010|Recebendo vendedores 1190705: CONSUMO GABRIELA PEREIRA
 2025-10-14 11:29:55.2378|Recebendo Contato Comercial 1201734: ISABELA CAROLINE DA SILVA 20%
 2025-10-14 11:29:55.4051|Recebendo cliente 1201323: LILIAN FAUSTINO
 2025-10-14 11:29:55.6012|Recebendo cliente 1201464: JEANINE TEOFILO
 2025-10-14 11:29:55.6811|Recebendo cliente 1201577: ASTOR PALMEIRA
 2025-10-14 11:29:55.8742|Recebendo cliente 1201616: ANDREIA BERTOCCO
 2025-10-14 11:29:55.8992|Recebendo cliente 1201703: VIVIANE DE OLIVEIRA
 2025-10-14 11:29:55.9214|Clientes processados: 5 - Enviados: 0 - Recebidos: 5
 2025-10-14 11:29:55.9808|Não existe nenhum Caixa pendente de sincronização!
 2025-10-14 11:29:55.9808|Não existe nenhuma Operação de Caixa pendente de sincronização!
 2025-10-14 11:29:56.1141|Enviando NFC-e - chave: 42250929005632000200650010000183119215458373 . . .
 2025-10-14 11:29:56.1715|Enviando NFC-e - chave: 42250929005632000200650010000183129434461970 . . .
 2025-10-14 11:29:56.3838|Não existe nenhum produto/serviço pendente de sincronização!
 2025-10-14 11:29:56.5889|Não existe nenhuma promoção pendente de sincronização!
 2025-10-14 11:29:56.7884|Não existe nenhum lote pendente de sincronização!
 2025-10-14 11:29:57.0002|Recebendo Depósito: Geral
 2025-10-14 11:59:54.8708|Recebendo operador 15948: Operador
 2025-10-14 11:59:54.8708|Recebendo operador 15949: Gerencia
 2025-10-14 11:59:55.0345|Recebendo vendedores 948578: PAULO DANNY MONTEIRO
 2025-10-14 11:59:55.0515|Recebendo vendedores 1002522: CONSUMO CENTRO
 2025-10-14 11:59:55.0794|Recebendo vendedores 1031580: CONSUMO KELLYM WALERIA DOS SANTOS
 2025-10-14 11:59:55.0954|Recebendo vendedores 1031581: CONSUMO PAULO DANNY MONTEIRO
 2025-10-14 11:59:55.1114|Recebendo vendedores 1031583: CONSUMO JAQUELINE PEREIRA VAZ
 2025-10-14 11:59:55.1274|Recebendo vendedores 1038321: CONUSMO WELVIS TEIXEIRA ALVEZ
 2025-10-14 11:59:55.1434|Recebendo vendedores 1057686: CONSUMO THIAGO PEREIRA VAZ
 2025-10-14 11:59:55.1764|Recebendo vendedores 1057687: CONSUMO LUCAS VAZ DA ROSA
 2025-10-14 11:59:55.1924|Recebendo vendedores 1070825: VENDA PARCEIRO (ACIMA 30% S/ COMISSAO)
 2025-10-14 11:59:55.2683|Recebendo vendedores 1090892: GABRIELA PEREIRA
 2025-10-14 11:59:55.2833|Recebendo vendedores 1190705: CONSUMO GABRIELA PEREIRA
 2025-10-14 11:59:55.4050|Não existe nenhum Contato Comercial pendente de sincronização!
 2025-10-14 11:59:55.5115|Recebendo cliente 1201323: LILIAN FAUSTINO
 2025-10-14 11:59:55.6925|Recebendo cliente 1201464: JEANINE TEOFILO
 2025-10-14 11:59:55.7727|Recebendo cliente 1201577: ASTOR PALMEIRA
 2025-10-14 11:59:55.9585|Recebendo cliente 1201616: ANDREIA BERTOCCO
 2025-10-14 11:59:55.9885|Recebendo cliente 1201703: VIVIANE DE OLIVEIRA
 2025-10-14 11:59:56.0089|Clientes processados: 5 - Enviados: 0 - Recebidos: 5
 2025-10-14 11:59:56.0729|Não existe nenhum Caixa pendente de sincronização!
 2025-10-14 11:59:56.0729|Não existe nenhuma Operação de Caixa pendente de sincronização!
 2025-10-14 11:59:56.2160|Enviando NFC-e - chave: 42250929005632000200650010000183119215458373 . . .
 2025-10-14 11:59:56.2793|Enviando NFC-e - chave: 42250929005632000200650010000183129434461970 . . .
 2025-10-14 11:59:56.4897|Não existe nenhum produto/serviço pendente de sincronização!
 2025-10-14 11:59:56.6944|Não existe nenhuma promoção pendente de sincronização!
 2025-10-14 11:59:56.8892|Não existe nenhum lote pendente de sincronização!
 2025-10-14 11:59:57.0767|Recebendo Depósito: Geral
 2025-10-14 12:15:16.2205|Recebendo cliente 1201464: JEANINE TEOFILO
 2025-10-14 12:15:16.2982|Recebendo cliente 1201577: ASTOR PALMEIRA
 2025-10-14 12:15:16.4646|Recebendo cliente 1201616: ANDREIA BERTOCCO
 2025-10-14 12:15:16.4856|Recebendo cliente 1201703: VIVIANE DE OLIVEIRA
 2025-10-14 12:15:16.5047|Clientes processados: 4 - Enviados: 0 - Recebidos: 4
 2025-10-14 12:15:17.2937|Pedido de Venda 5873 - 31531105 enviado com sucesso!
 2025-10-14 12:15:17.4389|Enviando NFC-e - chave: 42250929005632000200650010000183119215458373 . . .
 2025-10-14 12:15:17.4771|Enviando NFC-e - chave: 42250929005632000200650010000183129434461970 . . .
 2025-10-14 12:17:40.2699|Recebendo vendedores 948578: PAULO DANNY MONTEIRO
 2025-10-14 12:17:40.2939|Recebendo vendedores 1002522: CONSUMO CENTRO
 2025-10-14 12:17:40.3159|Recebendo vendedores 1031580: CONSUMO KELLYM WALERIA DOS SANTOS
 2025-10-14 12:17:40.3388|Recebendo vendedores 1031581: CONSUMO PAULO DANNY MONTEIRO
 2025-10-14 12:17:40.3608|Recebendo vendedores 1031583: CONSUMO JAQUELINE PEREIRA VAZ
 2025-10-14 12:17:40.3828|Recebendo vendedores 1038321: CONUSMO WELVIS TEIXEIRA ALVEZ
 2025-10-14 12:17:40.4048|Recebendo vendedores 1057686: CONSUMO THIAGO PEREIRA VAZ
 2025-10-14 12:17:40.4268|Recebendo vendedores 1057687: CONSUMO LUCAS VAZ DA ROSA
 2025-10-14 12:17:40.4478|Recebendo vendedores 1070825: VENDA PARCEIRO (ACIMA 30% S/ COMISSAO)
 2025-10-14 12:17:40.5287|Recebendo vendedores 1090892: GABRIELA PEREIRA
 2025-10-14 12:17:40.5497|Recebendo vendedores 1190705: CONSUMO GABRIELA PEREIRA
 2025-10-14 12:19:05.6244|Enviando cliente 14018: THAISE BLASIUS
 2025-10-14 12:19:05.8681|Recebendo cliente 1201464: JEANINE TEOFILO
 2025-10-14 12:19:05.9421|Recebendo cliente 1201577: ASTOR PALMEIRA
 2025-10-14 12:19:06.1034|Recebendo cliente 1201616: ANDREIA BERTOCCO
 2025-10-14 12:19:06.1234|Recebendo cliente 1201703: VIVIANE DE OLIVEIRA
 2025-10-14 12:19:06.1464|Recebendo cliente 1201866: ANDREI
 2025-10-14 12:19:06.1634|Clientes processados: 6 - Enviados: 1 - Recebidos: 5
 2025-10-14 12:19:06.3601|Enviando NFC-e - chave: 42250929005632000200650010000183119215458373 . . .
 2025-10-14 12:19:06.4014|Enviando NFC-e - chave: 42250929005632000200650010000183129434461970 . . .
 2025-10-14 12:19:06.4380|Enviando NFC-e - chave: 42251029005632000200650010000190181225894811 . . .
 2025-10-14 12:19:07.7621|Venda: IdLocal 5874: Documento Fiscal Id:4892  -> IdWeb 11005392
 2025-10-14 12:19:07.7621|NFC-e chave: 42251029005632000200650010000190181225894811 enviada com sucesso!
 2025-10-14 12:29:46.4362|Recebendo cliente 1201464: JEANINE TEOFILO
 2025-10-14 12:29:46.5183|Recebendo cliente 1201577: ASTOR PALMEIRA
 2025-10-14 12:29:46.6802|Recebendo cliente 1201616: ANDREIA BERTOCCO
 2025-10-14 12:29:46.7021|Recebendo cliente 1201703: VIVIANE DE OLIVEIRA
 2025-10-14 12:29:46.7251|Recebendo cliente 1201866: ANDREI
 2025-10-14 12:29:46.7947|Recebendo cliente 1201867: THAISE BLASIUS
 2025-10-14 12:29:46.8097|Clientes processados: 6 - Enviados: 0 - Recebidos: 6
 2025-10-14 12:29:47.3973|Pedido de Venda 5876 - 31531447 enviado com sucesso!
 2025-10-14 12:29:47.5401|Enviando NFC-e - chave: 42250929005632000200650010000183119215458373 . . .
 2025-10-14 12:29:47.5820|Enviando NFC-e - chave: 42250929005632000200650010000183129434461970 . . .
 2025-10-14 12:29:54.4133|Recebendo operador 15948: Operador
 2025-10-14 12:29:54.4133|Recebendo operador 15949: Gerencia
 2025-10-14 12:29:54.5720|Recebendo vendedores 948578: PAULO DANNY MONTEIRO
 2025-10-14 12:29:54.5900|Recebendo vendedores 1002522: CONSUMO CENTRO
 2025-10-14 12:29:54.6080|Recebendo vendedores 1031580: CONSUMO KELLYM WALERIA DOS SANTOS
 2025-10-14 12:29:54.6260|Recebendo vendedores 1031581: CONSUMO PAULO DANNY MONTEIRO
 2025-10-14 12:29:54.6429|Recebendo vendedores 1031583: CONSUMO JAQUELINE PEREIRA VAZ
 2025-10-14 12:29:54.6829|Recebendo vendedores 1038321: CONUSMO WELVIS TEIXEIRA ALVEZ
 2025-10-14 12:29:54.6989|Recebendo vendedores 1057686: CONSUMO THIAGO PEREIRA VAZ
 2025-10-14 12:29:54.7159|Recebendo vendedores 1057687: CONSUMO LUCAS VAZ DA ROSA
 2025-10-14 12:29:54.7329|Recebendo vendedores 1070825: VENDA PARCEIRO (ACIMA 30% S/ COMISSAO)
 2025-10-14 12:29:54.8159|Recebendo vendedores 1090892: GABRIELA PEREIRA
 2025-10-14 12:29:54.8329|Recebendo vendedores 1190705: CONSUMO GABRIELA PEREIRA
 2025-10-14 12:29:54.9658|Não existe nenhum Contato Comercial pendente de sincronização!
 2025-10-14 12:29:55.1784|Recebendo cliente 1201464: JEANINE TEOFILO
 2025-10-14 12:29:55.2620|Recebendo cliente 1201577: ASTOR PALMEIRA
 2025-10-14 12:29:55.4525|Recebendo cliente 1201616: ANDREIA BERTOCCO
 2025-10-14 12:29:55.4765|Recebendo cliente 1201703: VIVIANE DE OLIVEIRA
 2025-10-14 12:29:55.5055|Recebendo cliente 1201866: ANDREI
 2025-10-14 12:29:55.5930|Recebendo cliente 1201867: THAISE BLASIUS
 2025-10-14 12:29:55.6120|Clientes processados: 6 - Enviados: 0 - Recebidos: 6
 2025-10-14 12:29:55.6724|Não existe nenhum Caixa pendente de sincronização!
 2025-10-14 12:29:55.6724|Não existe nenhuma Operação de Caixa pendente de sincronização!
 2025-10-14 12:29:55.8157|Enviando NFC-e - chave: 42250929005632000200650010000183119215458373 . . .
 2025-10-14 12:29:55.8751|Enviando NFC-e - chave: 42250929005632000200650010000183129434461970 . . .
 2025-10-14 12:29:56.1029|Recebendo itens - 7 item(s).
 2025-10-14 12:29:57.4906|Recebendo itens - 7 itens importados de 7
 2025-10-14 12:29:57.8755|Total de itens recebidos: 7
 2025-10-14 12:29:58.1491|Não existe nenhuma promoção pendente de sincronização!
 2025-10-14 12:29:58.3527|Não existe nenhum lote pendente de sincronização!
 2025-10-14 12:29:58.5579|Recebendo Depósito: Geral
 2025-10-14 12:31:42.0947|Recebendo cliente 1201464: JEANINE TEOFILO
 2025-10-14 12:31:42.1636|Recebendo cliente 1201577: ASTOR PALMEIRA
 2025-10-14 12:31:42.3395|Recebendo cliente 1201616: ANDREIA BERTOCCO
 2025-10-14 12:31:42.3615|Recebendo cliente 1201703: VIVIANE DE OLIVEIRA
 2025-10-14 12:31:42.3815|Recebendo cliente 1201866: ANDREI
 2025-10-14 12:31:42.4515|Recebendo cliente 1201867: THAISE BLASIUS
 2025-10-14 12:31:42.4665|Clientes processados: 6 - Enviados: 0 - Recebidos: 6
 2025-10-14 12:31:42.6542|Enviando NFC-e - chave: 42250929005632000200650010000183119215458373 . . .
 2025-10-14 12:31:42.6912|Enviando NFC-e - chave: 42250929005632000200650010000183129434461970 . . .
 2025-10-14 12:31:42.7267|Enviando NFC-e - chave: 42251029005632000200650010000190191427722636 . . .
 2025-10-14 12:31:43.8220|Venda: IdLocal 5877: Documento Fiscal Id:4893  -> IdWeb 11005670
 2025-10-14 12:31:43.8220|NFC-e chave: 42251029005632000200650010000190191427722636 enviada com sucesso!
 2025-10-14 12:34:35.2791|Recebendo cliente 1201464: JEANINE TEOFILO
 2025-10-14 12:34:35.3581|Recebendo cliente 1201577: ASTOR PALMEIRA
 2025-10-14 12:34:35.5299|Recebendo cliente 1201616: ANDREIA BERTOCCO
 2025-10-14 12:34:35.5519|Recebendo cliente 1201703: VIVIANE DE OLIVEIRA
 2025-10-14 12:34:35.5729|Recebendo cliente 1201866: ANDREI
 2025-10-14 12:34:35.6419|Recebendo cliente 1201867: THAISE BLASIUS
 2025-10-14 12:34:35.6569|Clientes processados: 6 - Enviados: 0 - Recebidos: 6
 2025-10-14 12:34:35.8419|Enviando NFC-e - chave: 42250929005632000200650010000183119215458373 . . .
 2025-10-14 12:34:35.8789|Enviando NFC-e - chave: 42250929005632000200650010000183129434461970 . . .
 2025-10-14 12:34:35.9155|Enviando NFC-e - chave: 42251029005632000200650010000190201594403124 . . .
 2025-10-14 12:34:37.1281|Venda: IdLocal 5878: Documento Fiscal Id:4894  -> IdWeb 11005732
 2025-10-14 12:34:37.1281|NFC-e chave: 42251029005632000200650010000190201594403124 enviada com sucesso!
 2025-10-14 12:45:47.6053|Recebendo cliente 1201464: JEANINE TEOFILO
 2025-10-14 12:45:47.6962|Recebendo cliente 1201577: ASTOR PALMEIRA
 2025-10-14 12:45:47.8713|Recebendo cliente 1201616: ANDREIA BERTOCCO
 2025-10-14 12:45:47.8933|Recebendo cliente 1201703: VIVIANE DE OLIVEIRA
 2025-10-14 12:45:47.9183|Recebendo cliente 1201866: ANDREI
 2025-10-14 12:45:47.9942|Recebendo cliente 1201867: THAISE BLASIUS
 2025-10-14 12:45:48.0122|Clientes processados: 6 - Enviados: 0 - Recebidos: 6
 2025-10-14 12:45:48.2203|Enviando NFC-e - chave: 42250929005632000200650010000183119215458373 . . .
 2025-10-14 12:45:48.2639|Enviando NFC-e - chave: 42250929005632000200650010000183129434461970 . . .
 2025-10-14 12:45:48.3025|Enviando NFC-e - chave: 42251029005632000200650010000190211415039756 . . .
 2025-10-14 12:45:49.8329|Venda: IdLocal 5879: Documento Fiscal Id:4895  -> IdWeb 11005939
 2025-10-14 12:45:49.8329|NFC-e chave: 42251029005632000200650010000190211415039756 enviada com sucesso!
 2025-10-14 12:54:31.4143|Recebendo cliente 1201464: JEANINE TEOFILO
 2025-10-14 12:54:31.5164|Recebendo cliente 1201577: ASTOR PALMEIRA
 2025-10-14 12:54:31.6950|Recebendo cliente 1201616: ANDREIA BERTOCCO
 2025-10-14 12:54:31.7150|Recebendo cliente 1201703: VIVIANE DE OLIVEIRA
 2025-10-14 12:54:31.7389|Recebendo cliente 1201866: ANDREI
 2025-10-14 12:54:31.8131|Recebendo cliente 1201867: THAISE BLASIUS
 2025-10-14 12:54:31.8301|Clientes processados: 6 - Enviados: 0 - Recebidos: 6
 2025-10-14 12:54:32.0334|Enviando NFC-e - chave: 42250929005632000200650010000183119215458373 . . .
 2025-10-14 12:54:32.0794|Enviando NFC-e - chave: 42250929005632000200650010000183129434461970 . . .
 2025-10-14 12:54:32.1193|Enviando NFC-e - chave: 42251029005632000200650010000190221483813329 . . .
 2025-10-14 12:54:33.5955|Venda: IdLocal 5880: Documento Fiscal Id:4896  -> IdWeb 11006104
 2025-10-14 12:54:33.5955|NFC-e chave: 42251029005632000200650010000190221483813329 enviada com sucesso!
 2025-10-14 12:59:54.9488|Recebendo operador 15948: Operador
 2025-10-14 12:59:54.9488|Recebendo operador 15949: Gerencia
 2025-10-14 12:59:55.1285|Recebendo vendedores 948578: PAULO DANNY MONTEIRO
 2025-10-14 12:59:55.1625|Recebendo vendedores 1002522: CONSUMO CENTRO
 2025-10-14 12:59:55.1795|Recebendo vendedores 1031580: CONSUMO KELLYM WALERIA DOS SANTOS
 2025-10-14 12:59:55.1965|Recebendo vendedores 1031581: CONSUMO PAULO DANNY MONTEIRO
 2025-10-14 12:59:55.2135|Recebendo vendedores 1031583: CONSUMO JAQUELINE PEREIRA VAZ
 2025-10-14 12:59:55.2355|Recebendo vendedores 1038321: CONUSMO WELVIS TEIXEIRA ALVEZ
 2025-10-14 12:59:55.2575|Recebendo vendedores 1057686: CONSUMO THIAGO PEREIRA VAZ
 2025-10-14 12:59:55.2894|Recebendo vendedores 1057687: CONSUMO LUCAS VAZ DA ROSA
 2025-10-14 12:59:55.3085|Recebendo vendedores 1070825: VENDA PARCEIRO (ACIMA 30% S/ COMISSAO)
 2025-10-14 12:59:55.3904|Recebendo vendedores 1090892: GABRIELA PEREIRA
 2025-10-14 12:59:55.4084|Recebendo vendedores 1190705: CONSUMO GABRIELA PEREIRA
 2025-10-14 12:59:55.5521|Não existe nenhum Contato Comercial pendente de sincronização!
 2025-10-14 12:59:55.7835|Recebendo cliente 1201464: JEANINE TEOFILO
 2025-10-14 12:59:55.8714|Recebendo cliente 1201577: ASTOR PALMEIRA
 2025-10-14 12:59:56.0791|Recebendo cliente 1201616: ANDREIA BERTOCCO
 2025-10-14 12:59:56.1051|Recebendo cliente 1201703: VIVIANE DE OLIVEIRA
 2025-10-14 12:59:56.1321|Recebendo cliente 1201866: ANDREI
 2025-10-14 12:59:56.2245|Recebendo cliente 1201867: THAISE BLASIUS
 2025-10-14 12:59:56.2445|Clientes processados: 6 - Enviados: 0 - Recebidos: 6
 2025-10-14 12:59:56.3114|Não existe nenhum Caixa pendente de sincronização!
 2025-10-14 12:59:56.3114|Não existe nenhuma Operação de Caixa pendente de sincronização!
 2025-10-14 12:59:56.4567|Enviando NFC-e - chave: 42250929005632000200650010000183119215458373 . . .
 2025-10-14 12:59:56.5076|Enviando NFC-e - chave: 42250929005632000200650010000183129434461970 . . .
 2025-10-14 12:59:56.7303|Recebendo itens - 11 item(s).
 2025-10-14 12:59:59.8420|Recebendo itens - 11 itens importados de 11
 2025-10-14 13:00:00.2394|Total de itens recebidos: 11
 2025-10-14 13:00:00.4844|Não existe nenhuma promoção pendente de sincronização!
 2025-10-14 13:00:00.6898|Não existe nenhum lote pendente de sincronização!
 2025-10-14 13:00:00.9022|Recebendo Depósito: Geral
 2025-10-14 13:01:05.8531|Recebendo cliente 1201464: JEANINE TEOFILO
 2025-10-14 13:01:05.9410|Recebendo cliente 1201577: ASTOR PALMEIRA
 2025-10-14 13:01:06.1131|Recebendo cliente 1201616: ANDREIA BERTOCCO
 2025-10-14 13:01:06.1361|Recebendo cliente 1201703: VIVIANE DE OLIVEIRA
 2025-10-14 13:01:06.1581|Recebendo cliente 1201866: ANDREI
 2025-10-14 13:01:06.2311|Recebendo cliente 1201867: THAISE BLASIUS
 2025-10-14 13:01:06.2460|Clientes processados: 6 - Enviados: 0 - Recebidos: 6
 2025-10-14 13:01:06.4393|Enviando NFC-e - chave: 42250929005632000200650010000183119215458373 . . .
 2025-10-14 13:01:06.4860|Enviando NFC-e - chave: 42250929005632000200650010000183129434461970 . . .
 2025-10-14 13:01:06.5332|Enviando NFC-e - chave: 42251029005632000200650010000190231703542253 . . .
 2025-10-14 13:01:07.6211|Venda: IdLocal 5875: Documento Fiscal Id:4897  -> IdWeb 11006224
 2025-10-14 13:01:07.6211|NFC-e chave: 42251029005632000200650010000190231703542253 enviada com sucesso!
