2025-10-13 14:02:48.2277: Verificando versão para atualização de PDV.
2025-10-13 14:02:48.8454: Atualização
2025-10-13 14:03:07.3563: Calculando totais da venda...
2025-10-13 14:03:12.6421: Iniciando finalização da venda Id 5845...
2025-10-13 14:03:12.6421: Verificando repique de troco...
2025-10-13 14:03:12.6421: Calculando totais da venda...
2025-10-13 14:03:13.5631: Aguarde, estamos realizando a emissão da NFC-e...
2025-10-13 14:03:13.6280: Validando NFC-e...
2025-10-13 14:03:13.6820: Tipo de emissão NFC-e: NORMAL
2025-10-13 14:03:13.6820: Gerando XML de NFC-e...
2025-10-13 14:03:13.6820: Realizando conversão da venda para XML...
2025-10-13 14:03:13.9588: Conversão realizada com sucesso para a NFC-e id: NFe42251029005632000200650010000189941481566875
2025-10-13 14:03:14.3126: Assinando XML...
2025-10-13 14:03:14.6894: XML assinado com sucesso!
2025-10-13 14:03:14.6894: Enviando NFC-e para a SEFAZ...
2025-10-13 14:03:29.4297: Retorno da SEFAZ: 100 - Autorizado o uso da NF-e
2025-10-13 14:03:29.4297: Numeração de NFC-e atualizada para Nr. 18995
2025-10-13 14:03:29.4457: Finalizando Venda e validando NF emitida...
2025-10-13 14:03:29.4777: Venda finalizada com sucesso!
2025-10-13 14:03:29.4777: Realizando rotinas pós-venda...
2025-10-13 14:03:29.9127: Enviando e-mail...
2025-10-13 14:03:30.0856: Iniciando rotina de sincronização da venda 5845...
2025-10-13 14:03:30.0856: Todas as rotinas da venda 5845 foram concluídas com sucesso!
2025-10-13 14:03:30.0856: Imprimindo DANFe...
2025-10-13 14:12:18.2925: Calculando totais da venda...
2025-10-13 14:12:29.0788: Validando desconto atribuído ao cliente...
2025-10-13 14:12:32.9135: Validando desconto atribuído ao cliente...
2025-10-13 14:12:39.0527: Iniciando finalização da venda Id 5846...
2025-10-13 14:12:39.0537: Verificando repique de troco...
2025-10-13 14:12:39.0537: Calculando totais da venda...
2025-10-13 14:12:55.8183: Aguarde, estamos realizando a emissão da NFC-e...
2025-10-13 14:12:55.8863: Validando NFC-e...
2025-10-13 14:12:55.8863: Tipo de emissão NFC-e: NORMAL
2025-10-13 14:12:55.8863: Gerando XML de NFC-e...
2025-10-13 14:12:55.9013: Realizando conversão da venda para XML...
2025-10-13 14:12:55.9303: Conversão realizada com sucesso para a NFC-e id: NFe42251029005632000200650010000189951958488991
2025-10-13 14:12:55.9303: Assinando XML...
2025-10-13 14:12:55.9882: XML assinado com sucesso!
2025-10-13 14:12:55.9882: Enviando NFC-e para a SEFAZ...
2025-10-13 14:12:56.6078: Retorno da SEFAZ: 100 - Autorizado o uso da NF-e
2025-10-13 14:12:56.6078: Numeração de NFC-e atualizada para Nr. 18996
2025-10-13 14:12:56.6208: Finalizando Venda e validando NF emitida...
2025-10-13 14:12:57.0546: Venda finalizada com sucesso!
2025-10-13 14:12:57.0546: Realizando rotinas pós-venda...
2025-10-13 14:12:57.0546: Enviando e-mail...
2025-10-13 14:12:57.0546: Iniciando rotina de sincronização da venda 5846...
2025-10-13 14:12:57.0546: Todas as rotinas da venda 5846 foram concluídas com sucesso!
2025-10-13 14:12:57.0546: Imprimindo DANFe...
2025-10-13 14:14:05.5853: Cancelando NFC-e id: 42251029005632000200650010000189951958488991
2025-10-13 14:14:06.0330: Retorno da SEFAZ: 135 - Evento registrado e vinculado a NF-e
2025-10-13 14:14:06.1340: Iniciando rotina de sincronização da venda 5846...
2025-10-13 14:15:03.9154: Calculando totais da venda...
2025-10-13 14:15:10.4593: Validando desconto atribuído ao cliente...
2025-10-13 14:15:22.8167: Validando desconto atribuído ao cliente...
2025-10-13 14:15:30.1496: Iniciando finalização da venda Id 5847...
2025-10-13 14:15:30.1496: Verificando repique de troco...
2025-10-13 14:15:30.1496: Calculando totais da venda...
2025-10-13 14:16:27.7616: Aguarde, estamos realizando a emissão da NFC-e...
2025-10-13 14:16:27.8366: Validando NFC-e...
2025-10-13 14:16:27.8575: Tipo de emissão NFC-e: NORMAL
2025-10-13 14:16:27.8575: Gerando XML de NFC-e...
2025-10-13 14:16:27.8575: Realizando conversão da venda para XML...
2025-10-13 14:16:27.9055: Conversão realizada com sucesso para a NFC-e id: NFe42251029005632000200650010000189961110812120
2025-10-13 14:16:27.9055: Assinando XML...
2025-10-13 14:16:27.9625: XML assinado com sucesso!
2025-10-13 14:16:27.9625: Enviando NFC-e para a SEFAZ...
2025-10-13 14:16:28.5803: Retorno da SEFAZ: 100 - Autorizado o uso da NF-e
2025-10-13 14:16:28.5803: Numeração de NFC-e atualizada para Nr. 18997
2025-10-13 14:16:28.5932: Finalizando Venda e validando NF emitida...
2025-10-13 14:16:29.0370: Venda finalizada com sucesso!
2025-10-13 14:16:29.0370: Realizando rotinas pós-venda...
2025-10-13 14:16:29.0570: Enviando e-mail...
2025-10-13 14:16:29.0570: Iniciando rotina de sincronização da venda 5847...
2025-10-13 14:16:29.0570: Todas as rotinas da venda 5847 foram concluídas com sucesso!
2025-10-13 14:16:29.0730: Imprimindo DANFe...
2025-10-13 14:36:32.8089: Calculando totais da venda...
2025-10-13 14:36:46.8643: Calculando totais da venda...
2025-10-13 14:36:54.5365: Validando desconto atribuído ao cliente...
2025-10-13 14:38:17.0320: Iniciando finalização da venda Id 5848...
2025-10-13 14:38:17.0320: Verificando repique de troco...
2025-10-13 14:38:17.0320: Calculando totais da venda...
2025-10-13 14:38:18.9068: Aguarde, estamos realizando a emissão da NFC-e...
2025-10-13 14:38:19.0238: Validando NFC-e...
2025-10-13 14:38:19.0467: Tipo de emissão NFC-e: NORMAL
2025-10-13 14:38:19.0467: Gerando XML de NFC-e...
2025-10-13 14:38:19.0537: Realizando conversão da venda para XML...
2025-10-13 14:38:19.1057: Conversão realizada com sucesso para a NFC-e id: NFe42251029005632000200650010000189971943489207
2025-10-13 14:38:19.1057: Assinando XML...
2025-10-13 14:38:19.2266: XML assinado com sucesso!
2025-10-13 14:38:19.2266: Enviando NFC-e para a SEFAZ...
2025-10-13 14:38:19.9652: Retorno da SEFAZ: 100 - Autorizado o uso da NF-e
2025-10-13 14:38:19.9652: Numeração de NFC-e atualizada para Nr. 18998
2025-10-13 14:38:19.9862: Finalizando Venda e validando NF emitida...
2025-10-13 14:38:20.4349: Venda finalizada com sucesso!
2025-10-13 14:38:20.4349: Realizando rotinas pós-venda...
2025-10-13 14:38:20.4349: Enviando e-mail...
2025-10-13 14:38:20.4349: Iniciando rotina de sincronização da venda 5848...
2025-10-13 14:38:20.4349: Todas as rotinas da venda 5848 foram concluídas com sucesso!
2025-10-13 14:38:20.4349: Imprimindo DANFe...
2025-10-13 15:09:42.9606: Calculando totais da venda...
2025-10-13 15:10:10.1839: Iniciando finalização da venda Id 5849...
2025-10-13 15:10:10.1839: Verificando repique de troco...
2025-10-13 15:10:10.1839: Calculando totais da venda...
2025-10-13 15:10:11.6552: Aguarde, estamos realizando a emissão da NFC-e...
2025-10-13 15:10:11.7282: Validando NFC-e...
2025-10-13 15:10:11.7501: Tipo de emissão NFC-e: NORMAL
2025-10-13 15:10:11.7501: Gerando XML de NFC-e...
2025-10-13 15:10:11.7501: Realizando conversão da venda para XML...
2025-10-13 15:10:11.8041: Conversão realizada com sucesso para a NFC-e id: NFe42251029005632000200650010000189981671437145
2025-10-13 15:10:11.8041: Assinando XML...
2025-10-13 15:10:11.8771: XML assinado com sucesso!
2025-10-13 15:10:11.8771: Enviando NFC-e para a SEFAZ...
2025-10-13 15:10:12.5257: Retorno da SEFAZ: 100 - Autorizado o uso da NF-e
2025-10-13 15:10:12.5257: Numeração de NFC-e atualizada para Nr. 18999
2025-10-13 15:10:12.5407: Finalizando Venda e validando NF emitida...
2025-10-13 15:10:13.0533: Venda finalizada com sucesso!
2025-10-13 15:10:13.0533: Realizando rotinas pós-venda...
2025-10-13 15:10:13.0543: Enviando e-mail...
2025-10-13 15:10:13.0543: Iniciando rotina de sincronização da venda 5849...
2025-10-13 15:10:13.0543: Todas as rotinas da venda 5849 foram concluídas com sucesso!
2025-10-13 15:10:13.0543: Imprimindo DANFe...
2025-10-13 15:13:54.0466: Calculando totais da venda...
2025-10-13 15:14:07.6428: Validando desconto atribuído ao cliente...
2025-10-13 15:14:41.1464: Calculando totais da venda...
2025-10-13 15:21:00.5310: Calculando totais da venda...
2025-10-13 15:21:06.8669: Iniciando finalização da venda Id 5851...
2025-10-13 15:21:06.8669: Verificando repique de troco...
2025-10-13 15:21:06.8669: Calculando totais da venda...
2025-10-13 15:21:07.6839: Aguarde, estamos realizando a emissão da NFC-e...
2025-10-13 15:21:07.7778: Validando NFC-e...
2025-10-13 15:21:07.8038: Tipo de emissão NFC-e: NORMAL
2025-10-13 15:21:07.8038: Gerando XML de NFC-e...
2025-10-13 15:21:07.8038: Realizando conversão da venda para XML...
2025-10-13 15:21:07.8598: Conversão realizada com sucesso para a NFC-e id: NFe42251029005632000200650010000189991512221331
2025-10-13 15:21:07.8698: Assinando XML...
2025-10-13 15:21:07.9947: XML assinado com sucesso!
2025-10-13 15:21:07.9947: Enviando NFC-e para a SEFAZ...
2025-10-13 15:21:08.4314: Retorno da SEFAZ: 100 - Autorizado o uso da NF-e
2025-10-13 15:21:08.4314: Numeração de NFC-e atualizada para Nr. 19000
2025-10-13 15:21:08.4504: Finalizando Venda e validando NF emitida...
2025-10-13 15:21:08.5383: Venda finalizada com sucesso!
2025-10-13 15:21:08.5383: Realizando rotinas pós-venda...
2025-10-13 15:21:08.5383: Enviando e-mail...
2025-10-13 15:21:08.5383: Iniciando rotina de sincronização da venda 5851...
2025-10-13 15:21:08.5383: Todas as rotinas da venda 5851 foram concluídas com sucesso!
2025-10-13 15:21:08.5383: Imprimindo DANFe...
2025-10-13 15:31:49.2664: Calculando totais da venda...
2025-10-13 15:50:34.0130: Calculando totais da venda...
2025-10-13 15:51:50.8187: Iniciando finalização da venda Id 5853...
2025-10-13 15:51:50.8197: Verificando repique de troco...
2025-10-13 15:51:50.8197: Calculando totais da venda...
2025-10-13 15:51:51.7849: Aguarde, estamos realizando a emissão da NFC-e...
2025-10-13 15:51:51.8549: Validando NFC-e...
2025-10-13 15:51:51.8779: Tipo de emissão NFC-e: NORMAL
2025-10-13 15:51:51.8779: Gerando XML de NFC-e...
2025-10-13 15:51:51.8779: Realizando conversão da venda para XML...
2025-10-13 15:51:51.9302: Conversão realizada com sucesso para a NFC-e id: NFe42251029005632000200650010000190001514467772
2025-10-13 15:51:51.9302: Assinando XML...
2025-10-13 15:51:52.0149: XML assinado com sucesso!
2025-10-13 15:51:52.0149: Enviando NFC-e para a SEFAZ...
2025-10-13 15:51:52.4160: Retorno da SEFAZ: 100 - Autorizado o uso da NF-e
2025-10-13 15:51:52.4160: Numeração de NFC-e atualizada para Nr. 19001
2025-10-13 15:51:52.4342: Finalizando Venda e validando NF emitida...
2025-10-13 15:51:52.4822: Venda finalizada com sucesso!
2025-10-13 15:51:52.4822: Realizando rotinas pós-venda...
2025-10-13 15:51:52.4822: Enviando e-mail...
2025-10-13 15:51:52.4822: Iniciando rotina de sincronização da venda 5853...
2025-10-13 15:51:52.4822: Todas as rotinas da venda 5853 foram concluídas com sucesso!
2025-10-13 15:51:52.4822: Imprimindo DANFe...
2025-10-13 16:10:40.2819: Calculando totais da venda...
2025-10-13 16:10:46.6427: Iniciando finalização da venda Id 5854...
2025-10-13 16:10:46.6427: Verificando repique de troco...
2025-10-13 16:10:46.6427: Calculando totais da venda...
2025-10-13 16:10:47.7300: Aguarde, estamos realizando a emissão da NFC-e...
2025-10-13 16:10:47.8295: Validando NFC-e...
2025-10-13 16:10:47.8295: Tipo de emissão NFC-e: NORMAL
2025-10-13 16:10:47.8355: Gerando XML de NFC-e...
2025-10-13 16:10:47.8355: Realizando conversão da venda para XML...
2025-10-13 16:10:47.8355: Conversão realizada com sucesso para a NFC-e id: NFe42251029005632000200650010000190011996608116
2025-10-13 16:10:47.8355: Assinando XML...
2025-10-13 16:10:47.9334: XML assinado com sucesso!
2025-10-13 16:10:47.9334: Enviando NFC-e para a SEFAZ...
2025-10-13 16:10:48.6157: Retorno da SEFAZ: 100 - Autorizado o uso da NF-e
2025-10-13 16:10:48.6167: Numeração de NFC-e atualizada para Nr. 19002
2025-10-13 16:10:48.6337: Finalizando Venda e validando NF emitida...
2025-10-13 16:10:49.0738: Venda finalizada com sucesso!
2025-10-13 16:10:49.0738: Realizando rotinas pós-venda...
2025-10-13 16:10:49.0738: Enviando e-mail...
2025-10-13 16:10:49.0738: Iniciando rotina de sincronização da venda 5854...
2025-10-13 16:10:49.0738: Todas as rotinas da venda 5854 foram concluídas com sucesso!
2025-10-13 16:10:49.0738: Imprimindo DANFe...
2025-10-13 16:11:08.4177: Calculando totais da venda...
2025-10-13 16:11:36.6495: Iniciando finalização da venda Id 5855...
2025-10-13 16:11:36.6495: Verificando repique de troco...
2025-10-13 16:11:36.6495: Calculando totais da venda...
2025-10-13 16:11:37.8273: Aguarde, estamos realizando a emissão da NFC-e...
2025-10-13 16:11:37.9146: Validando NFC-e...
2025-10-13 16:11:37.9146: Tipo de emissão NFC-e: NORMAL
2025-10-13 16:11:37.9146: Gerando XML de NFC-e...
2025-10-13 16:11:37.9146: Realizando conversão da venda para XML...
2025-10-13 16:11:37.9486: Conversão realizada com sucesso para a NFC-e id: NFe42251029005632000200650010000190021502510214
2025-10-13 16:11:37.9486: Assinando XML...
2025-10-13 16:11:38.0015: XML assinado com sucesso!
2025-10-13 16:11:38.0015: Enviando NFC-e para a SEFAZ...
2025-10-13 16:11:38.4075: Retorno da SEFAZ: 100 - Autorizado o uso da NF-e
2025-10-13 16:11:38.4075: Numeração de NFC-e atualizada para Nr. 19003
2025-10-13 16:11:38.4215: Finalizando Venda e validando NF emitida...
2025-10-13 16:11:38.4535: Venda finalizada com sucesso!
2025-10-13 16:11:38.4535: Realizando rotinas pós-venda...
2025-10-13 16:11:38.4535: Enviando e-mail...
2025-10-13 16:11:38.4535: Iniciando rotina de sincronização da venda 5855...
2025-10-13 16:11:38.4535: Todas as rotinas da venda 5855 foram concluídas com sucesso!
2025-10-13 16:11:38.4535: Imprimindo DANFe...
2025-10-13 16:12:53.5618: Calculando totais da venda...
2025-10-13 16:13:34.2968: Iniciando finalização da venda Id 5856...
2025-10-13 16:13:34.2968: Verificando repique de troco...
2025-10-13 16:13:34.2968: Calculando totais da venda...
2025-10-13 16:13:35.1974: Aguarde, estamos realizando a emissão da NFC-e...
2025-10-13 16:13:35.2895: Validando NFC-e...
2025-10-13 16:13:35.2895: Tipo de emissão NFC-e: NORMAL
2025-10-13 16:13:35.2895: Gerando XML de NFC-e...
2025-10-13 16:13:35.2895: Realizando conversão da venda para XML...
2025-10-13 16:13:35.3075: Conversão realizada com sucesso para a NFC-e id: NFe42251029005632000200650010000190031387357070
2025-10-13 16:13:35.3075: Assinando XML...
2025-10-13 16:13:35.3974: XML assinado com sucesso!
2025-10-13 16:13:35.3974: Enviando NFC-e para a SEFAZ...
2025-10-13 16:13:35.7458: Retorno da SEFAZ: 100 - Autorizado o uso da NF-e
2025-10-13 16:13:35.7458: Numeração de NFC-e atualizada para Nr. 19004
2025-10-13 16:13:35.7618: Finalizando Venda e validando NF emitida...
2025-10-13 16:13:35.7942: Venda finalizada com sucesso!
2025-10-13 16:13:35.7942: Realizando rotinas pós-venda...
2025-10-13 16:13:35.7942: Enviando e-mail...
2025-10-13 16:13:35.7942: Iniciando rotina de sincronização da venda 5856...
2025-10-13 16:13:35.7942: Todas as rotinas da venda 5856 foram concluídas com sucesso!
2025-10-13 16:13:35.7942: Imprimindo DANFe...
2025-10-13 16:21:50.9253: Calculando totais da venda...
2025-10-13 16:22:07.9659: Validando desconto atribuído ao cliente...
2025-10-13 16:23:00.6696: Iniciando finalização da venda Id 5857...
2025-10-13 16:23:00.6696: Verificando repique de troco...
2025-10-13 16:23:00.6696: Calculando totais da venda...
2025-10-13 16:23:02.0168: Aguarde, estamos realizando a emissão da NFC-e...
2025-10-13 16:23:02.1288: Validando NFC-e...
2025-10-13 16:23:02.1328: Tipo de emissão NFC-e: NORMAL
2025-10-13 16:23:02.1328: Gerando XML de NFC-e...
2025-10-13 16:23:02.1328: Realizando conversão da venda para XML...
2025-10-13 16:23:02.1488: Conversão realizada com sucesso para a NFC-e id: NFe42251029005632000200650010000190041798477394
2025-10-13 16:23:02.1488: Assinando XML...
2025-10-13 16:23:02.2117: XML assinado com sucesso!
2025-10-13 16:23:02.2117: Enviando NFC-e para a SEFAZ...
2025-10-13 16:23:02.9131: Retorno da SEFAZ: 100 - Autorizado o uso da NF-e
2025-10-13 16:23:02.9131: Numeração de NFC-e atualizada para Nr. 19005
2025-10-13 16:23:02.9131: Finalizando Venda e validando NF emitida...
2025-10-13 16:23:03.4187: Venda finalizada com sucesso!
2025-10-13 16:23:03.4187: Realizando rotinas pós-venda...
2025-10-13 16:23:03.4187: Enviando e-mail...
2025-10-13 16:23:03.4187: Iniciando rotina de sincronização da venda 5857...
2025-10-13 16:23:03.4187: Todas as rotinas da venda 5857 foram concluídas com sucesso!
2025-10-13 16:23:03.4187: Imprimindo DANFe...
2025-10-13 16:44:04.3813: Calculando totais da venda...
2025-10-13 16:44:10.8412: Validando desconto atribuído ao cliente...
2025-10-13 16:45:14.4127: Validando desconto atribuído ao cliente...
2025-10-13 16:45:22.3313: Iniciando finalização da venda Id 5858...
2025-10-13 16:45:22.3313: Verificando repique de troco...
2025-10-13 16:45:22.3313: Calculando totais da venda...
2025-10-13 16:45:24.3365: Finalizando Venda não fiscal...
2025-10-13 16:45:24.8291: Venda finalizada com sucesso!
2025-10-13 16:45:24.8291: Realizando rotinas pós-venda...
2025-10-13 16:45:24.8291: Enviando e-mail...
2025-10-13 16:45:24.8291: Iniciando rotina de sincronização da venda 5858...
2025-10-13 16:45:24.8291: Todas as rotinas da venda 5858 foram concluídas com sucesso!
2025-10-13 16:46:34.4331: Calculando totais da venda...
2025-10-13 16:46:40.4900: Iniciando finalização da venda Id 5859...
2025-10-13 16:46:40.4900: Verificando repique de troco...
2025-10-13 16:46:40.4920: Calculando totais da venda...
2025-10-13 16:46:42.2640: Finalizando Venda não fiscal...
2025-10-13 16:46:42.7401: Venda finalizada com sucesso!
2025-10-13 16:46:42.7411: Realizando rotinas pós-venda...
2025-10-13 16:46:42.7411: Enviando e-mail...
2025-10-13 16:46:42.7411: Iniciando rotina de sincronização da venda 5859...
2025-10-13 16:46:42.7411: Todas as rotinas da venda 5859 foram concluídas com sucesso!
2025-10-13 17:00:42.8980: Calculando totais da venda...
2025-10-13 17:00:49.8818: Iniciando finalização da venda Id 5860...
2025-10-13 17:00:49.8818: Verificando repique de troco...
2025-10-13 17:00:49.8818: Calculando totais da venda...
2025-10-13 17:00:50.9436: Aguarde, estamos realizando a emissão da NFC-e...
2025-10-13 17:00:51.0527: Validando NFC-e...
2025-10-13 17:00:51.0656: Tipo de emissão NFC-e: NORMAL
2025-10-13 17:00:51.0656: Gerando XML de NFC-e...
2025-10-13 17:00:51.0656: Realizando conversão da venda para XML...
2025-10-13 17:00:51.0916: Conversão realizada com sucesso para a NFC-e id: NFe42251029005632000200650010000190051326048160
2025-10-13 17:00:51.0916: Assinando XML...
2025-10-13 17:00:51.2069: XML assinado com sucesso!
2025-10-13 17:00:51.2069: Enviando NFC-e para a SEFAZ...
2025-10-13 17:00:52.3282: Retorno da SEFAZ: 100 - Autorizado o uso da NF-e
2025-10-13 17:00:52.3282: Numeração de NFC-e atualizada para Nr. 19006
2025-10-13 17:00:52.3522: Finalizando Venda e validando NF emitida...
2025-10-13 17:00:52.8169: Venda finalizada com sucesso!
2025-10-13 17:00:52.8169: Realizando rotinas pós-venda...
2025-10-13 17:00:52.8169: Enviando e-mail...
2025-10-13 17:00:52.8169: Iniciando rotina de sincronização da venda 5860...
2025-10-13 17:00:52.8199: Todas as rotinas da venda 5860 foram concluídas com sucesso!
2025-10-13 17:00:52.8199: Imprimindo DANFe...
2025-10-13 17:02:10.3991: Iniciando rotina de sincronização de caixa...
2025-10-13 17:04:05.8562: Iniciando rotina de sincronização de caixa...
2025-10-13 17:04:17.3821: Iniciando rotina de sincronização de caixa...
2025-10-13 17:05:17.1903: Iniciando rotina de sincronização de caixa...
2025-10-13 17:21:19.7441: Calculando totais da venda...
2025-10-13 17:21:32.1997: Calculando totais da venda...
2025-10-13 17:22:04.9278: Iniciando finalização da venda Id 5808...
2025-10-13 17:22:04.9288: Verificando repique de troco...
2025-10-13 17:22:04.9288: Calculando totais da venda...
2025-10-13 17:22:05.7595: Aguarde, estamos realizando a emissão da NFC-e...
2025-10-13 17:22:05.8745: Validando NFC-e...
2025-10-13 17:22:05.8745: Tipo de emissão NFC-e: NORMAL
2025-10-13 17:22:05.8745: Gerando XML de NFC-e...
2025-10-13 17:22:05.8745: Realizando conversão da venda para XML...
2025-10-13 17:22:05.8965: Conversão realizada com sucesso para a NFC-e id: NFe42251029005632000200650010000190061984650550
2025-10-13 17:22:05.8975: Assinando XML...
2025-10-13 17:22:05.9844: XML assinado com sucesso!
2025-10-13 17:22:05.9844: Enviando NFC-e para a SEFAZ...
2025-10-13 17:22:06.3648: Retorno da SEFAZ: 100 - Autorizado o uso da NF-e
2025-10-13 17:22:06.3648: Numeração de NFC-e atualizada para Nr. 19007
2025-10-13 17:22:06.3848: Finalizando Venda e validando NF emitida...
2025-10-13 17:22:06.4228: Venda finalizada com sucesso!
2025-10-13 17:22:06.4228: Realizando rotinas pós-venda...
2025-10-13 17:22:06.4228: Enviando e-mail...
2025-10-13 17:22:06.4288: Iniciando rotina de sincronização da venda 5808...
2025-10-13 17:22:06.4288: Todas as rotinas da venda 5808 foram concluídas com sucesso!
2025-10-13 17:22:06.4288: Imprimindo DANFe...
2025-10-13 18:01:23.7593: Calculando totais da venda...
2025-10-13 18:02:04.8185: Iniciando finalização da venda Id 5861...
2025-10-13 18:02:04.8195: Verificando repique de troco...
2025-10-13 18:02:04.8195: Calculando totais da venda...
2025-10-13 18:02:09.5679: Aguarde, estamos realizando a emissão da NFC-e...
2025-10-13 18:02:09.6757: Validando NFC-e...
2025-10-13 18:02:09.6787: Tipo de emissão NFC-e: NORMAL
2025-10-13 18:02:09.6787: Gerando XML de NFC-e...
2025-10-13 18:02:09.6787: Realizando conversão da venda para XML...
2025-10-13 18:02:09.6787: Conversão realizada com sucesso para a NFC-e id: NFe42251029005632000200650010000190071628825130
2025-10-13 18:02:09.6787: Assinando XML...
2025-10-13 18:02:09.8065: XML assinado com sucesso!
2025-10-13 18:02:09.8065: Enviando NFC-e para a SEFAZ...
2025-10-13 18:02:10.7065: Retorno da SEFAZ: 100 - Autorizado o uso da NF-e
2025-10-13 18:02:10.7105: Numeração de NFC-e atualizada para Nr. 19008
2025-10-13 18:02:10.7342: Finalizando Venda e validando NF emitida...
2025-10-13 18:02:11.1305: Venda finalizada com sucesso!
2025-10-13 18:02:11.1305: Realizando rotinas pós-venda...
2025-10-13 18:02:11.1305: Enviando e-mail...
2025-10-13 18:02:11.1325: Iniciando rotina de sincronização da venda 5861...
2025-10-13 18:02:11.1325: Todas as rotinas da venda 5861 foram concluídas com sucesso!
2025-10-13 18:02:11.1325: Imprimindo DANFe...
2025-10-13 18:10:04.8626: Calculando totais da venda...
2025-10-13 18:10:59.2461: Iniciando finalização da venda Id 5862...
2025-10-13 18:10:59.2461: Verificando repique de troco...
2025-10-13 18:10:59.2461: Calculando totais da venda...
2025-10-13 18:11:00.0801: Aguarde, estamos realizando a emissão da NFC-e...
2025-10-13 18:11:00.1460: Validando NFC-e...
2025-10-13 18:11:00.1480: Tipo de emissão NFC-e: NORMAL
2025-10-13 18:11:00.1480: Gerando XML de NFC-e...
2025-10-13 18:11:00.1480: Realizando conversão da venda para XML...
2025-10-13 18:11:00.1660: Conversão realizada com sucesso para a NFC-e id: NFe42251029005632000200650010000190081651219132
2025-10-13 18:11:00.1660: Assinando XML...
2025-10-13 18:11:00.2310: XML assinado com sucesso!
2025-10-13 18:11:00.2310: Enviando NFC-e para a SEFAZ...
2025-10-13 18:11:00.8131: Retorno da SEFAZ: 100 - Autorizado o uso da NF-e
2025-10-13 18:11:00.8131: Numeração de NFC-e atualizada para Nr. 19009
2025-10-13 18:11:00.8271: Finalizando Venda e validando NF emitida...
2025-10-13 18:11:01.1785: Venda finalizada com sucesso!
2025-10-13 18:11:01.1785: Realizando rotinas pós-venda...
2025-10-13 18:11:01.1865: Enviando e-mail...
2025-10-13 18:11:04.4425: Iniciando rotina de sincronização da venda 5862...
2025-10-13 18:11:04.4425: Todas as rotinas da venda 5862 foram concluídas com sucesso!
2025-10-13 18:11:04.4445: Imprimindo DANFe...
2025-10-13 18:11:52.4663: Cancelando NFC-e id: 42251029005632000200650010000190081651219132
2025-10-13 18:11:52.8014: Retorno da SEFAZ: 135 - Evento registrado e vinculado a NF-e
2025-10-13 18:11:52.8784: Iniciando rotina de sincronização da venda 5862...
2025-10-13 18:15:08.4040: Calculando totais da venda...
2025-10-13 18:15:24.9485: Iniciando finalização da venda Id 5863...
2025-10-13 18:15:24.9485: Verificando repique de troco...
2025-10-13 18:15:24.9485: Calculando totais da venda...
2025-10-13 18:15:26.4159: Aguarde, estamos realizando a emissão da NFC-e...
2025-10-13 18:15:26.4958: Validando NFC-e...
2025-10-13 18:15:26.4958: Tipo de emissão NFC-e: NORMAL
2025-10-13 18:15:26.4958: Gerando XML de NFC-e...
2025-10-13 18:15:26.4958: Realizando conversão da venda para XML...
2025-10-13 18:15:26.5128: Conversão realizada com sucesso para a NFC-e id: NFe42251029005632000200650010000190091985375881
2025-10-13 18:15:26.5128: Assinando XML...
2025-10-13 18:15:26.5668: XML assinado com sucesso!
2025-10-13 18:15:26.5668: Enviando NFC-e para a SEFAZ...
2025-10-13 18:15:28.7868: Retorno da SEFAZ: 100 - Autorizado o uso da NF-e
2025-10-13 18:15:28.7868: Numeração de NFC-e atualizada para Nr. 19010
2025-10-13 18:15:28.7998: Finalizando Venda e validando NF emitida...
2025-10-13 18:15:29.1606: Venda finalizada com sucesso!
2025-10-13 18:15:29.1606: Realizando rotinas pós-venda...
2025-10-13 18:15:29.1606: Enviando e-mail...
2025-10-13 18:15:29.7488: Iniciando rotina de sincronização da venda 5863...
2025-10-13 18:15:29.7488: Todas as rotinas da venda 5863 foram concluídas com sucesso!
2025-10-13 18:15:29.7488: Imprimindo DANFe...
2025-10-13 18:16:21.7314: Calculando totais da venda...
2025-10-13 18:16:28.2924: Validando desconto atribuído ao cliente...
2025-10-13 18:17:04.2751: Iniciando finalização da venda Id 5864...
2025-10-13 18:17:04.2751: Verificando repique de troco...
2025-10-13 18:17:04.2751: Calculando totais da venda...
2025-10-13 18:17:06.6714: Aguarde, estamos realizando a emissão da NFC-e...
2025-10-13 18:17:06.7595: Validando NFC-e...
2025-10-13 18:17:06.7595: Tipo de emissão NFC-e: NORMAL
2025-10-13 18:17:06.7595: Gerando XML de NFC-e...
2025-10-13 18:17:06.7595: Realizando conversão da venda para XML...
2025-10-13 18:17:06.7755: Conversão realizada com sucesso para a NFC-e id: NFe42251029005632000200650010000190101443447754
2025-10-13 18:17:06.7755: Assinando XML...
2025-10-13 18:17:06.8295: XML assinado com sucesso!
2025-10-13 18:17:06.8295: Enviando NFC-e para a SEFAZ...
2025-10-13 18:17:07.4030: Retorno da SEFAZ: 100 - Autorizado o uso da NF-e
2025-10-13 18:17:07.4030: Numeração de NFC-e atualizada para Nr. 19011
2025-10-13 18:17:07.4170: Finalizando Venda e validando NF emitida...
2025-10-13 18:17:07.8137: Venda finalizada com sucesso!
2025-10-13 18:17:07.8137: Realizando rotinas pós-venda...
2025-10-13 18:17:07.8137: Enviando e-mail...
2025-10-13 18:17:07.8137: Iniciando rotina de sincronização da venda 5864...
2025-10-13 18:17:07.8137: Todas as rotinas da venda 5864 foram concluídas com sucesso!
2025-10-13 18:17:07.8267: Imprimindo DANFe...
2025-10-13 18:21:23.3699: Iniciando rotina de sincronização da venda 5865...
2025-10-13 18:23:24.5613: Calculando totais da venda...
2025-10-13 18:23:29.2809: Iniciando finalização da venda Id 5866...
2025-10-13 18:23:29.2809: Verificando repique de troco...
2025-10-13 18:23:29.2809: Calculando totais da venda...
2025-10-13 18:23:30.6439: Aguarde, estamos realizando a emissão da NFC-e...
2025-10-13 18:23:30.7158: Validando NFC-e...
2025-10-13 18:23:30.7158: Tipo de emissão NFC-e: NORMAL
2025-10-13 18:23:30.7158: Gerando XML de NFC-e...
2025-10-13 18:23:30.7158: Realizando conversão da venda para XML...
2025-10-13 18:23:30.7328: Conversão realizada com sucesso para a NFC-e id: NFe42251029005632000200650010000190111536136446
2025-10-13 18:23:30.7328: Assinando XML...
2025-10-13 18:23:30.7948: XML assinado com sucesso!
2025-10-13 18:23:30.7948: Enviando NFC-e para a SEFAZ...
2025-10-13 18:23:31.1107: Retorno da SEFAZ: 100 - Autorizado o uso da NF-e
2025-10-13 18:23:31.1107: Numeração de NFC-e atualizada para Nr. 19012
2025-10-13 18:23:31.1257: Finalizando Venda e validando NF emitida...
2025-10-13 18:23:31.1557: Venda finalizada com sucesso!
2025-10-13 18:23:31.1557: Realizando rotinas pós-venda...
2025-10-13 18:23:31.1557: Enviando e-mail...
2025-10-13 18:23:31.1557: Iniciando rotina de sincronização da venda 5866...
2025-10-13 18:23:31.1557: Todas as rotinas da venda 5866 foram concluídas com sucesso!
2025-10-13 18:23:31.1557: Imprimindo DANFe...
2025-10-13 18:24:31.0874: Calculando totais da venda...
2025-10-13 18:24:34.9713: Validando desconto atribuído ao cliente...
2025-10-13 18:25:58.9986: Iniciando finalização da venda Id 5867...
2025-10-13 18:25:58.9986: Verificando repique de troco...
2025-10-13 18:25:58.9986: Calculando totais da venda...
2025-10-13 18:26:02.4514: Aguarde, estamos realizando a emissão da NFC-e...
2025-10-13 18:26:02.5331: Validando NFC-e...
2025-10-13 18:26:02.5331: Tipo de emissão NFC-e: NORMAL
2025-10-13 18:26:02.5331: Gerando XML de NFC-e...
2025-10-13 18:26:02.5391: Realizando conversão da venda para XML...
2025-10-13 18:26:02.5391: Conversão realizada com sucesso para a NFC-e id: NFe42251029005632000200650010000190121382138859
2025-10-13 18:26:02.5391: Assinando XML...
2025-10-13 18:26:02.6050: XML assinado com sucesso!
2025-10-13 18:26:02.6050: Enviando NFC-e para a SEFAZ...
2025-10-13 18:26:02.9300: Retorno da SEFAZ: 100 - Autorizado o uso da NF-e
2025-10-13 18:26:02.9300: Numeração de NFC-e atualizada para Nr. 19013
2025-10-13 18:26:02.9450: Finalizando Venda e validando NF emitida...
2025-10-13 18:26:02.9690: Venda finalizada com sucesso!
2025-10-13 18:26:02.9690: Realizando rotinas pós-venda...
2025-10-13 18:26:02.9690: Enviando e-mail...
2025-10-13 18:26:02.9690: Iniciando rotina de sincronização da venda 5867...
2025-10-13 18:26:02.9690: Todas as rotinas da venda 5867 foram concluídas com sucesso!
2025-10-13 18:26:02.9690: Imprimindo DANFe...
2025-10-13 18:57:37.7333: Calculando totais da venda...
2025-10-13 19:01:30.1267: Iniciando rotina de sincronização de caixa...
