2025-10-14 08:00:27.7319: Verificando versão para atualização de PDV.
2025-10-14 08:00:28.0308: Atualização
2025-10-14 08:01:37.0311: Iniciando rotina de sincronização de caixa...
2025-10-14 08:03:15.3427: Iniciando rotina de sincronização de caixa...
2025-10-14 08:15:41.3681: Calculando totais da venda...
2025-10-14 08:15:53.1509: Iniciando finalização da venda Id 5868...
2025-10-14 08:15:53.1509: Verificando repique de troco...
2025-10-14 08:15:53.1509: Calculando totais da venda...
2025-10-14 08:15:54.6244: Aguarde, estamos realizando a emissão da NFC-e...
2025-10-14 08:15:54.6876: Validando NFC-e...
2025-10-14 08:15:54.7195: Tipo de emissão NFC-e: NORMAL
2025-10-14 08:15:54.7195: Gerando XML de NFC-e...
2025-10-14 08:15:54.7295: Realizando conversão da venda para XML...
2025-10-14 08:15:54.8220: Conversão realizada com sucesso para a NFC-e id: NFe42251029005632000200650010000190131308147057
2025-10-14 08:15:55.1455: Assinando XML...
2025-10-14 08:15:55.5108: XML assinado com sucesso!
2025-10-14 08:15:55.5108: Enviando NFC-e para a SEFAZ...
2025-10-14 08:15:57.3204: Retorno da SEFAZ: 100 - Autorizado o uso da NF-e
2025-10-14 08:15:57.3204: Numeração de NFC-e atualizada para Nr. 19014
2025-10-14 08:15:57.3374: Finalizando Venda e validando NF emitida...
2025-10-14 08:15:57.7175: Venda finalizada com sucesso!
2025-10-14 08:15:57.7175: Realizando rotinas pós-venda...
2025-10-14 08:15:57.8194: Enviando e-mail...
2025-10-14 08:15:57.8194: Iniciando rotina de sincronização da venda 5868...
2025-10-14 08:15:57.8194: Todas as rotinas da venda 5868 foram concluídas com sucesso!
2025-10-14 08:15:57.8194: Imprimindo DANFe...
2025-10-14 08:22:14.7468: Calculando totais da venda...
2025-10-14 08:22:23.1708: Validando desconto atribuído ao cliente...
2025-10-14 08:22:55.4745: Iniciando finalização da venda Id 5869...
2025-10-14 08:22:55.4745: Verificando repique de troco...
2025-10-14 08:22:55.4745: Calculando totais da venda...
2025-10-14 08:23:00.4882: Aguarde, estamos realizando a emissão da NFC-e...
2025-10-14 08:23:00.5606: Validando NFC-e...
2025-10-14 08:23:00.5606: Tipo de emissão NFC-e: NORMAL
2025-10-14 08:23:00.5606: Gerando XML de NFC-e...
2025-10-14 08:23:00.5606: Realizando conversão da venda para XML...
2025-10-14 08:23:00.5746: Conversão realizada com sucesso para a NFC-e id: NFe42251029005632000200650010000190141947256765
2025-10-14 08:23:00.5746: Assinando XML...
2025-10-14 08:23:00.6315: XML assinado com sucesso!
2025-10-14 08:23:00.6325: Enviando NFC-e para a SEFAZ...
2025-10-14 08:23:01.1840: Retorno da SEFAZ: 100 - Autorizado o uso da NF-e
2025-10-14 08:23:01.1840: Numeração de NFC-e atualizada para Nr. 19015
2025-10-14 08:23:01.1980: Finalizando Venda e validando NF emitida...
2025-10-14 08:23:01.5832: Venda finalizada com sucesso!
2025-10-14 08:23:01.5832: Realizando rotinas pós-venda...
2025-10-14 08:23:01.5832: Enviando e-mail...
2025-10-14 08:23:01.5832: Iniciando rotina de sincronização da venda 5869...
2025-10-14 08:23:01.5852: Todas as rotinas da venda 5869 foram concluídas com sucesso!
2025-10-14 08:23:01.5852: Imprimindo DANFe...
2025-10-14 08:44:05.0000: Calculando totais da venda...
2025-10-14 08:44:10.2929: Validando desconto atribuído ao cliente...
2025-10-14 08:45:01.3835: Iniciando finalização da venda Id 5870...
2025-10-14 08:45:01.3835: Verificando repique de troco...
2025-10-14 08:45:01.3835: Calculando totais da venda...
2025-10-14 08:45:02.2682: Aguarde, estamos realizando a emissão da NFC-e...
2025-10-14 08:45:02.3480: Validando NFC-e...
2025-10-14 08:45:02.3510: Tipo de emissão NFC-e: NORMAL
2025-10-14 08:45:02.3510: Gerando XML de NFC-e...
2025-10-14 08:45:02.3510: Realizando conversão da venda para XML...
2025-10-14 08:45:02.3510: Conversão realizada com sucesso para a NFC-e id: NFe42251029005632000200650010000190151698324034
2025-10-14 08:45:02.3510: Assinando XML...
2025-10-14 08:45:02.5127: XML assinado com sucesso!
2025-10-14 08:45:02.5127: Enviando NFC-e para a SEFAZ...
2025-10-14 08:45:03.0850: Retorno da SEFAZ: 100 - Autorizado o uso da NF-e
2025-10-14 08:45:03.0850: Numeração de NFC-e atualizada para Nr. 19016
2025-10-14 08:45:03.1020: Finalizando Venda e validando NF emitida...
2025-10-14 08:45:03.4808: Venda finalizada com sucesso!
2025-10-14 08:45:03.4808: Realizando rotinas pós-venda...
2025-10-14 08:45:03.4808: Enviando e-mail...
2025-10-14 08:45:03.4808: Iniciando rotina de sincronização da venda 5870...
2025-10-14 08:45:03.4918: Todas as rotinas da venda 5870 foram concluídas com sucesso!
2025-10-14 08:45:03.4918: Imprimindo DANFe...
2025-10-14 09:04:30.1742: Calculando totais da venda...
2025-10-14 09:05:01.9176: Iniciando finalização da venda Id 5871...
2025-10-14 09:05:01.9176: Verificando repique de troco...
2025-10-14 09:05:01.9176: Calculando totais da venda...
2025-10-14 09:05:03.3120: Aguarde, estamos realizando a emissão da NFC-e...
2025-10-14 09:05:03.3843: Validando NFC-e...
2025-10-14 09:05:03.3843: Tipo de emissão NFC-e: NORMAL
2025-10-14 09:05:03.3843: Gerando XML de NFC-e...
2025-10-14 09:05:03.3843: Realizando conversão da venda para XML...
2025-10-14 09:05:03.4023: Conversão realizada com sucesso para a NFC-e id: NFe42251029005632000200650010000190161954721430
2025-10-14 09:05:03.4023: Assinando XML...
2025-10-14 09:05:03.4628: XML assinado com sucesso!
2025-10-14 09:05:03.4628: Enviando NFC-e para a SEFAZ...
2025-10-14 09:05:04.1372: Retorno da SEFAZ: 100 - Autorizado o uso da NF-e
2025-10-14 09:05:04.1372: Numeração de NFC-e atualizada para Nr. 19017
2025-10-14 09:05:04.1542: Finalizando Venda e validando NF emitida...
2025-10-14 09:05:04.5314: Venda finalizada com sucesso!
2025-10-14 09:05:04.5314: Realizando rotinas pós-venda...
2025-10-14 09:05:04.5314: Enviando e-mail...
2025-10-14 09:05:04.5314: Iniciando rotina de sincronização da venda 5871...
2025-10-14 09:05:04.5314: Todas as rotinas da venda 5871 foram concluídas com sucesso!
2025-10-14 09:05:04.5314: Imprimindo DANFe...
2025-10-14 10:30:49.9869: Calculando totais da venda...
2025-10-14 10:30:53.5438: Validando desconto atribuído ao cliente...
2025-10-14 10:32:25.7301: Iniciando finalização da venda Id 5872...
2025-10-14 10:32:25.7301: Verificando repique de troco...
2025-10-14 10:32:25.7301: Calculando totais da venda...
2025-10-14 10:32:26.8705: Aguarde, estamos realizando a emissão da NFC-e...
2025-10-14 10:32:26.9504: Validando NFC-e...
2025-10-14 10:32:26.9504: Tipo de emissão NFC-e: NORMAL
2025-10-14 10:32:26.9504: Gerando XML de NFC-e...
2025-10-14 10:32:26.9504: Realizando conversão da venda para XML...
2025-10-14 10:32:26.9674: Conversão realizada com sucesso para a NFC-e id: NFe42251029005632000200650010000190171288724835
2025-10-14 10:32:26.9674: Assinando XML...
2025-10-14 10:32:27.0354: XML assinado com sucesso!
2025-10-14 10:32:27.0354: Enviando NFC-e para a SEFAZ...
2025-10-14 10:32:27.6296: Retorno da SEFAZ: 100 - Autorizado o uso da NF-e
2025-10-14 10:32:27.6296: Numeração de NFC-e atualizada para Nr. 19018
2025-10-14 10:32:27.6436: Finalizando Venda e validando NF emitida...
2025-10-14 10:32:28.0239: Venda finalizada com sucesso!
2025-10-14 10:32:28.0239: Realizando rotinas pós-venda...
2025-10-14 10:32:28.0239: Enviando e-mail...
2025-10-14 10:32:28.0239: Iniciando rotina de sincronização da venda 5872...
2025-10-14 10:32:28.0239: Todas as rotinas da venda 5872 foram concluídas com sucesso!
2025-10-14 10:32:28.0239: Imprimindo DANFe...
2025-10-14 12:14:53.5911: Calculando totais da venda...
2025-10-14 12:15:04.6920: Validando desconto atribuído ao cliente...
2025-10-14 12:15:14.5030: Iniciando finalização da venda Id 5873...
2025-10-14 12:15:14.5030: Verificando repique de troco...
2025-10-14 12:15:14.5030: Calculando totais da venda...
2025-10-14 12:15:15.4731: Finalizando Venda não fiscal...
2025-10-14 12:15:15.5098: Venda finalizada com sucesso!
2025-10-14 12:15:15.5098: Realizando rotinas pós-venda...
2025-10-14 12:15:15.5098: Enviando e-mail...
2025-10-14 12:15:15.5098: Iniciando rotina de sincronização da venda 5873...
2025-10-14 12:15:15.5098: Todas as rotinas da venda 5873 foram concluídas com sucesso!
2025-10-14 12:18:54.3574: Calculando totais da venda...
2025-10-14 12:19:02.1171: Iniciando finalização da venda Id 5874...
2025-10-14 12:19:02.1171: Verificando repique de troco...
2025-10-14 12:19:02.1171: Calculando totais da venda...
2025-10-14 12:19:03.2016: Aguarde, estamos realizando a emissão da NFC-e...
2025-10-14 12:19:03.2814: Validando NFC-e...
2025-10-14 12:19:03.2814: Tipo de emissão NFC-e: NORMAL
2025-10-14 12:19:03.2814: Gerando XML de NFC-e...
2025-10-14 12:19:03.2814: Realizando conversão da venda para XML...
2025-10-14 12:19:03.2973: Conversão realizada com sucesso para a NFC-e id: NFe42251029005632000200650010000190181225894811
2025-10-14 12:19:03.2973: Assinando XML...
2025-10-14 12:19:03.3619: XML assinado com sucesso!
2025-10-14 12:19:03.3619: Enviando NFC-e para a SEFAZ...
2025-10-14 12:19:03.9686: Retorno da SEFAZ: 100 - Autorizado o uso da NF-e
2025-10-14 12:19:03.9686: Numeração de NFC-e atualizada para Nr. 19019
2025-10-14 12:19:03.9846: Finalizando Venda e validando NF emitida...
2025-10-14 12:19:04.3634: Venda finalizada com sucesso!
2025-10-14 12:19:04.3634: Realizando rotinas pós-venda...
2025-10-14 12:19:04.3634: Enviando e-mail...
2025-10-14 12:19:04.3694: Iniciando rotina de sincronização da venda 5874...
2025-10-14 12:19:04.3694: Todas as rotinas da venda 5874 foram concluídas com sucesso!
2025-10-14 12:19:04.3694: Imprimindo DANFe...
2025-10-14 12:26:37.3062: Calculando totais da venda...
2025-10-14 12:26:46.8222: Validando desconto atribuído ao cliente...
2025-10-14 12:28:19.2368: Calculando totais da venda...
2025-10-14 12:28:55.2242: Calculando totais da venda...
2025-10-14 12:29:32.1201: Calculando totais da venda...
2025-10-14 12:29:38.1251: Validando desconto atribuído ao cliente...
2025-10-14 12:29:43.3278: Iniciando finalização da venda Id 5876...
2025-10-14 12:29:43.3278: Verificando repique de troco...
2025-10-14 12:29:43.3278: Calculando totais da venda...
2025-10-14 12:29:44.6991: Finalizando Venda não fiscal...
2025-10-14 12:29:45.1008: Venda finalizada com sucesso!
2025-10-14 12:29:45.1008: Realizando rotinas pós-venda...
2025-10-14 12:29:45.1008: Enviando e-mail...
2025-10-14 12:29:45.1008: Iniciando rotina de sincronização da venda 5876...
2025-10-14 12:29:45.1008: Todas as rotinas da venda 5876 foram concluídas com sucesso!
2025-10-14 12:31:24.7829: Calculando totais da venda...
2025-10-14 12:31:34.2156: Validando desconto atribuído ao cliente...
2025-10-14 12:31:38.5828: Iniciando finalização da venda Id 5877...
2025-10-14 12:31:38.5828: Verificando repique de troco...
2025-10-14 12:31:38.5828: Calculando totais da venda...
2025-10-14 12:31:40.2189: Aguarde, estamos realizando a emissão da NFC-e...
2025-10-14 12:31:40.2916: Validando NFC-e...
2025-10-14 12:31:40.2916: Tipo de emissão NFC-e: NORMAL
2025-10-14 12:31:40.2916: Gerando XML de NFC-e...
2025-10-14 12:31:40.2916: Realizando conversão da venda para XML...
2025-10-14 12:31:40.3056: Conversão realizada com sucesso para a NFC-e id: NFe42251029005632000200650010000190191427722636
2025-10-14 12:31:40.3056: Assinando XML...
2025-10-14 12:31:40.3665: XML assinado com sucesso!
2025-10-14 12:31:40.3665: Enviando NFC-e para a SEFAZ...
2025-10-14 12:31:40.9983: Retorno da SEFAZ: 100 - Autorizado o uso da NF-e
2025-10-14 12:31:40.9983: Numeração de NFC-e atualizada para Nr. 19020
2025-10-14 12:31:41.0202: Finalizando Venda e validando NF emitida...
2025-10-14 12:31:41.4057: Venda finalizada com sucesso!
2025-10-14 12:31:41.4057: Realizando rotinas pós-venda...
2025-10-14 12:31:41.4057: Enviando e-mail...
2025-10-14 12:31:41.4057: Iniciando rotina de sincronização da venda 5877...
2025-10-14 12:31:41.4057: Todas as rotinas da venda 5877 foram concluídas com sucesso!
2025-10-14 12:31:41.4057: Imprimindo DANFe...
2025-10-14 12:33:29.4859: Calculando totais da venda...
2025-10-14 12:33:49.8857: Validando desconto atribuído ao cliente...
2025-10-14 12:34:32.0054: Iniciando finalização da venda Id 5878...
2025-10-14 12:34:32.0054: Verificando repique de troco...
2025-10-14 12:34:32.0054: Calculando totais da venda...
2025-10-14 12:34:32.9774: Aguarde, estamos realizando a emissão da NFC-e...
2025-10-14 12:34:33.0549: Validando NFC-e...
2025-10-14 12:34:33.0549: Tipo de emissão NFC-e: NORMAL
2025-10-14 12:34:33.0549: Gerando XML de NFC-e...
2025-10-14 12:34:33.0549: Realizando conversão da venda para XML...
2025-10-14 12:34:33.0549: Conversão realizada com sucesso para a NFC-e id: NFe42251029005632000200650010000190201594403124
2025-10-14 12:34:33.0699: Assinando XML...
2025-10-14 12:34:33.1289: XML assinado com sucesso!
2025-10-14 12:34:33.1289: Enviando NFC-e para a SEFAZ...
2025-10-14 12:34:33.6928: Retorno da SEFAZ: 100 - Autorizado o uso da NF-e
2025-10-14 12:34:33.6928: Numeração de NFC-e atualizada para Nr. 19021
2025-10-14 12:34:33.7061: Finalizando Venda e validando NF emitida...
2025-10-14 12:34:34.0899: Venda finalizada com sucesso!
2025-10-14 12:34:34.0899: Realizando rotinas pós-venda...
2025-10-14 12:34:34.0899: Enviando e-mail...
2025-10-14 12:34:34.0899: Iniciando rotina de sincronização da venda 5878...
2025-10-14 12:34:34.0899: Todas as rotinas da venda 5878 foram concluídas com sucesso!
2025-10-14 12:34:34.0899: Imprimindo DANFe...
2025-10-14 12:44:21.2009: Calculando totais da venda...
2025-10-14 12:45:41.7289: Iniciando finalização da venda Id 5879...
2025-10-14 12:45:41.7289: Verificando repique de troco...
2025-10-14 12:45:41.7289: Calculando totais da venda...
2025-10-14 12:45:44.6044: Aguarde, estamos realizando a emissão da NFC-e...
2025-10-14 12:45:44.7102: Validando NFC-e...
2025-10-14 12:45:44.7102: Tipo de emissão NFC-e: NORMAL
2025-10-14 12:45:44.7102: Gerando XML de NFC-e...
2025-10-14 12:45:44.7102: Realizando conversão da venda para XML...
2025-10-14 12:45:44.7282: Conversão realizada com sucesso para a NFC-e id: NFe42251029005632000200650010000190211415039756
2025-10-14 12:45:44.7282: Assinando XML...
2025-10-14 12:45:44.8098: XML assinado com sucesso!
2025-10-14 12:45:44.8098: Enviando NFC-e para a SEFAZ...
2025-10-14 12:45:45.7955: Retorno da SEFAZ: 100 - Autorizado o uso da NF-e
2025-10-14 12:45:45.7955: Numeração de NFC-e atualizada para Nr. 19022
2025-10-14 12:45:45.8125: Finalizando Venda e validando NF emitida...
2025-10-14 12:45:46.2203: Venda finalizada com sucesso!
2025-10-14 12:45:46.2203: Realizando rotinas pós-venda...
2025-10-14 12:45:46.2203: Enviando e-mail...
2025-10-14 12:45:46.2203: Iniciando rotina de sincronização da venda 5879...
2025-10-14 12:45:46.2203: Todas as rotinas da venda 5879 foram concluídas com sucesso!
2025-10-14 12:45:46.2203: Imprimindo DANFe...
2025-10-14 12:53:29.3649: Calculando totais da venda...
2025-10-14 12:53:33.2415: Validando desconto atribuído ao cliente...
2025-10-14 12:54:27.1555: Iniciando finalização da venda Id 5880...
2025-10-14 12:54:27.1555: Verificando repique de troco...
2025-10-14 12:54:27.1555: Calculando totais da venda...
2025-10-14 12:54:28.6554: Aguarde, estamos realizando a emissão da NFC-e...
2025-10-14 12:54:28.7573: Validando NFC-e...
2025-10-14 12:54:28.7573: Tipo de emissão NFC-e: NORMAL
2025-10-14 12:54:28.7573: Gerando XML de NFC-e...
2025-10-14 12:54:28.7573: Realizando conversão da venda para XML...
2025-10-14 12:54:28.7763: Conversão realizada com sucesso para a NFC-e id: NFe42251029005632000200650010000190221483813329
2025-10-14 12:54:28.7763: Assinando XML...
2025-10-14 12:54:28.8563: XML assinado com sucesso!
2025-10-14 12:54:28.8563: Enviando NFC-e para a SEFAZ...
2025-10-14 12:54:29.5481: Retorno da SEFAZ: 100 - Autorizado o uso da NF-e
2025-10-14 12:54:29.5481: Numeração de NFC-e atualizada para Nr. 19023
2025-10-14 12:54:29.5661: Finalizando Venda e validando NF emitida...
2025-10-14 12:54:29.9593: Venda finalizada com sucesso!
2025-10-14 12:54:29.9593: Realizando rotinas pós-venda...
2025-10-14 12:54:29.9603: Enviando e-mail...
2025-10-14 12:54:29.9603: Iniciando rotina de sincronização da venda 5880...
2025-10-14 12:54:29.9603: Todas as rotinas da venda 5880 foram concluídas com sucesso!
2025-10-14 12:54:29.9603: Imprimindo DANFe...
2025-10-14 13:00:48.7613: Calculando totais da venda...
2025-10-14 13:00:55.1732: Validando desconto atribuído ao cliente...
2025-10-14 13:01:00.2568: Iniciando finalização da venda Id 5875...
2025-10-14 13:01:00.2568: Verificando repique de troco...
2025-10-14 13:01:00.2568: Calculando totais da venda...
2025-10-14 13:01:00.9934: Aguarde, estamos realizando a emissão da NFC-e...
2025-10-14 13:01:01.0996: Validando NFC-e...
2025-10-14 13:01:01.1056: Tipo de emissão NFC-e: NORMAL
2025-10-14 13:01:01.1056: Gerando XML de NFC-e...
2025-10-14 13:01:01.1056: Realizando conversão da venda para XML...
2025-10-14 13:01:01.1246: Conversão realizada com sucesso para a NFC-e id: NFe42251029005632000200650010000190231703542253
2025-10-14 13:01:01.1246: Assinando XML...
2025-10-14 13:01:01.1935: XML assinado com sucesso!
2025-10-14 13:01:01.1945: Enviando NFC-e para a SEFAZ...
2025-10-14 13:01:01.5302: Retorno da SEFAZ: 100 - Autorizado o uso da NF-e
2025-10-14 13:01:01.5302: Numeração de NFC-e atualizada para Nr. 19024
2025-10-14 13:01:01.5452: Finalizando Venda e validando NF emitida...
2025-10-14 13:01:01.5732: Venda finalizada com sucesso!
2025-10-14 13:01:01.5732: Realizando rotinas pós-venda...
2025-10-14 13:01:01.5732: Enviando e-mail...
2025-10-14 13:01:04.3468: Iniciando rotina de sincronização da venda 5875...
2025-10-14 13:01:04.3468: Todas as rotinas da venda 5875 foram concluídas com sucesso!
2025-10-14 13:01:04.3468: Imprimindo DANFe...
