2025-10-11 08:49:32.2228: Verificando versão para atualização de PDV.
2025-10-11 08:49:32.6276: Atualização
2025-10-11 08:51:26.7943: Iniciando rotina de sincronização de caixa...
2025-10-11 08:52:47.2564: Iniciando rotina de sincronização de caixa...
2025-10-11 09:38:39.5029: Calculando totais da venda...
2025-10-11 09:39:26.3588: Iniciando finalização da venda Id 5816...
2025-10-11 09:39:26.3588: Verificando repique de troco...
2025-10-11 09:39:26.3588: Calculando totais da venda...
2025-10-11 09:39:27.4242: Aguarde, estamos realizando a emissão da NFC-e...
2025-10-11 09:39:27.5229: Validando NFC-e...
2025-10-11 09:39:27.5454: Tipo de emissão NFC-e: NORMAL
2025-10-11 09:39:27.5454: Gerando XML de NFC-e...
2025-10-11 09:39:27.5594: Realizando conversão da venda para XML...
2025-10-11 09:39:27.6655: Conversão realizada com sucesso para a NFC-e id: NFe42251029005632000200650010000189711477073989
2025-10-11 09:39:28.0407: Assinando XML...
2025-10-11 09:39:28.4632: XML assinado com sucesso!
2025-10-11 09:39:28.4632: Enviando NFC-e para a SEFAZ...
2025-10-11 09:39:30.2473: Retorno da SEFAZ: 100 - Autorizado o uso da NF-e
2025-10-11 09:39:30.2473: Numeração de NFC-e atualizada para Nr. 18972
2025-10-11 09:39:30.2757: Finalizando Venda e validando NF emitida...
2025-10-11 09:39:30.6323: Venda finalizada com sucesso!
2025-10-11 09:39:30.6323: Realizando rotinas pós-venda...
2025-10-11 09:39:30.7902: Enviando e-mail...
2025-10-11 09:39:30.8672: Iniciando rotina de sincronização da venda 5816...
2025-10-11 09:39:30.8672: Todas as rotinas da venda 5816 foram concluídas com sucesso!
2025-10-11 09:39:30.8672: Imprimindo DANFe...
2025-10-11 09:40:54.7192: Iniciando rotina de sincronização de caixa...
2025-10-11 10:13:06.5836: Calculando totais da venda...
2025-10-11 10:13:10.9686: Validando desconto atribuído ao cliente...
2025-10-11 10:13:16.9490: Iniciando finalização da venda Id 5817...
2025-10-11 10:13:16.9490: Verificando repique de troco...
2025-10-11 10:13:16.9490: Calculando totais da venda...
2025-10-11 10:13:18.7183: Finalizando Venda não fiscal...
2025-10-11 10:13:19.0803: Venda finalizada com sucesso!
2025-10-11 10:13:19.0803: Realizando rotinas pós-venda...
2025-10-11 10:13:19.0803: Enviando e-mail...
2025-10-11 10:13:19.0803: Iniciando rotina de sincronização da venda 5817...
2025-10-11 10:13:19.0853: Todas as rotinas da venda 5817 foram concluídas com sucesso!
2025-10-11 10:18:21.9305: Calculando totais da venda...
2025-10-11 10:18:59.8502: Iniciando finalização da venda Id 5818...
2025-10-11 10:18:59.8502: Verificando repique de troco...
2025-10-11 10:18:59.8512: Calculando totais da venda...
2025-10-11 10:19:00.6638: Aguarde, estamos realizando a emissão da NFC-e...
2025-10-11 10:19:00.7764: Validando NFC-e...
2025-10-11 10:19:00.7764: Tipo de emissão NFC-e: NORMAL
2025-10-11 10:19:00.7764: Gerando XML de NFC-e...
2025-10-11 10:19:00.7764: Realizando conversão da venda para XML...
2025-10-11 10:19:00.7955: Conversão realizada com sucesso para a NFC-e id: NFe42251029005632000200650010000189721417286193
2025-10-11 10:19:00.7955: Assinando XML...
2025-10-11 10:19:01.1210: XML assinado com sucesso!
2025-10-11 10:19:01.1210: Enviando NFC-e para a SEFAZ...
2025-10-11 10:19:01.8603: Retorno da SEFAZ: 100 - Autorizado o uso da NF-e
2025-10-11 10:19:01.8603: Numeração de NFC-e atualizada para Nr. 18973
2025-10-11 10:19:01.8841: Finalizando Venda e validando NF emitida...
2025-10-11 10:19:02.2388: Venda finalizada com sucesso!
2025-10-11 10:19:02.2388: Realizando rotinas pós-venda...
2025-10-11 10:19:02.2388: Enviando e-mail...
2025-10-11 10:19:02.2438: Iniciando rotina de sincronização da venda 5818...
2025-10-11 10:19:02.2438: Todas as rotinas da venda 5818 foram concluídas com sucesso!
2025-10-11 10:19:02.2438: Imprimindo DANFe...
2025-10-11 11:56:19.5960: Calculando totais da venda...
2025-10-11 11:57:09.0332: Iniciando finalização da venda Id 5819...
2025-10-11 11:57:09.0332: Verificando repique de troco...
2025-10-11 11:57:09.0332: Calculando totais da venda...
2025-10-11 11:57:10.6896: Aguarde, estamos realizando a emissão da NFC-e...
2025-10-11 11:57:10.7777: Validando NFC-e...
2025-10-11 11:57:10.7777: Tipo de emissão NFC-e: NORMAL
2025-10-11 11:57:10.7777: Gerando XML de NFC-e...
2025-10-11 11:57:10.7927: Realizando conversão da venda para XML...
2025-10-11 11:57:10.8087: Conversão realizada com sucesso para a NFC-e id: NFe42251029005632000200650010000189731538382891
2025-10-11 11:57:10.8087: Assinando XML...
2025-10-11 11:57:11.2573: XML assinado com sucesso!
2025-10-11 11:57:11.2573: Enviando NFC-e para a SEFAZ...
2025-10-11 11:57:12.0243: Retorno da SEFAZ: 100 - Autorizado o uso da NF-e
2025-10-11 11:57:12.0243: Numeração de NFC-e atualizada para Nr. 18974
2025-10-11 11:57:12.0433: Finalizando Venda e validando NF emitida...
2025-10-11 11:57:12.4072: Venda finalizada com sucesso!
2025-10-11 11:57:12.4072: Realizando rotinas pós-venda...
2025-10-11 11:57:12.4072: Enviando e-mail...
2025-10-11 11:57:12.4072: Iniciando rotina de sincronização da venda 5819...
2025-10-11 11:57:12.4142: Todas as rotinas da venda 5819 foram concluídas com sucesso!
2025-10-11 11:57:12.4142: Imprimindo DANFe...
2025-10-11 12:11:05.6664: Calculando totais da venda...
2025-10-11 12:11:37.4422: Iniciando finalização da venda Id 5820...
2025-10-11 12:11:37.4422: Verificando repique de troco...
2025-10-11 12:11:37.4422: Calculando totais da venda...
2025-10-11 12:11:38.8742: Aguarde, estamos realizando a emissão da NFC-e...
2025-10-11 12:11:38.9549: Validando NFC-e...
2025-10-11 12:11:38.9599: Tipo de emissão NFC-e: NORMAL
2025-10-11 12:11:38.9599: Gerando XML de NFC-e...
2025-10-11 12:11:38.9599: Realizando conversão da venda para XML...
2025-10-11 12:11:38.9789: Conversão realizada com sucesso para a NFC-e id: NFe42251029005632000200650010000189741839638744
2025-10-11 12:11:38.9789: Assinando XML...
2025-10-11 12:11:39.0923: XML assinado com sucesso!
2025-10-11 12:11:39.0923: Enviando NFC-e para a SEFAZ...
2025-10-11 12:11:39.9399: Retorno da SEFAZ: 100 - Autorizado o uso da NF-e
2025-10-11 12:11:39.9399: Numeração de NFC-e atualizada para Nr. 18975
2025-10-11 12:11:39.9698: Finalizando Venda e validando NF emitida...
2025-10-11 12:11:40.3347: Venda finalizada com sucesso!
2025-10-11 12:11:40.3347: Realizando rotinas pós-venda...
2025-10-11 12:11:40.3357: Enviando e-mail...
2025-10-11 12:11:43.6859: Iniciando rotina de sincronização da venda 5820...
2025-10-11 12:11:43.6859: Todas as rotinas da venda 5820 foram concluídas com sucesso!
2025-10-11 12:11:43.6859: Imprimindo DANFe...
2025-10-11 12:13:57.6642: Iniciando rotina de sincronização da venda 5821...
2025-10-11 12:38:02.0408: Calculando totais da venda...
2025-10-11 12:42:43.0907: Calculando totais da venda...
2025-10-11 12:42:54.3393: Validando desconto atribuído ao cliente...
2025-10-11 12:44:03.4820: Iniciando finalização da venda Id 5823...
2025-10-11 12:44:03.4820: Verificando repique de troco...
2025-10-11 12:44:03.4820: Calculando totais da venda...
2025-10-11 12:44:06.1755: Aguarde, estamos realizando a emissão da NFC-e...
2025-10-11 12:44:06.2873: Validando NFC-e...
2025-10-11 12:44:06.2912: Tipo de emissão NFC-e: NORMAL
2025-10-11 12:44:06.2912: Gerando XML de NFC-e...
2025-10-11 12:44:06.2912: Realizando conversão da venda para XML...
2025-10-11 12:44:06.3131: Conversão realizada com sucesso para a NFC-e id: NFe42251029005632000200650010000189751508453760
2025-10-11 12:44:06.3212: Assinando XML...
2025-10-11 12:44:06.5450: XML assinado com sucesso!
2025-10-11 12:44:06.5450: Enviando NFC-e para a SEFAZ...
2025-10-11 12:44:07.4344: Retorno da SEFAZ: 100 - Autorizado o uso da NF-e
2025-10-11 12:44:07.4344: Numeração de NFC-e atualizada para Nr. 18976
2025-10-11 12:44:07.4721: Finalizando Venda e validando NF emitida...
2025-10-11 12:44:07.8299: Venda finalizada com sucesso!
2025-10-11 12:44:07.8299: Realizando rotinas pós-venda...
2025-10-11 12:44:07.8299: Enviando e-mail...
2025-10-11 12:44:07.8369: Iniciando rotina de sincronização da venda 5823...
2025-10-11 12:44:07.8369: Todas as rotinas da venda 5823 foram concluídas com sucesso!
2025-10-11 12:44:07.8369: Imprimindo DANFe...
2025-10-11 12:56:21.5106: Calculando totais da venda...
2025-10-11 12:56:31.0758: Calculando totais da venda...
2025-10-11 12:56:42.4197: Iniciando finalização da venda Id 5822...
2025-10-11 12:56:42.4197: Verificando repique de troco...
2025-10-11 12:56:42.4197: Calculando totais da venda...
2025-10-11 12:56:43.5192: Finalizando Venda não fiscal...
2025-10-11 12:56:43.5591: Venda finalizada com sucesso!
2025-10-11 12:56:43.5591: Realizando rotinas pós-venda...
2025-10-11 12:56:43.5591: Enviando e-mail...
2025-10-11 12:56:43.5591: Iniciando rotina de sincronização da venda 5822...
2025-10-11 12:56:43.5591: Todas as rotinas da venda 5822 foram concluídas com sucesso!
2025-10-11 12:57:43.1089: Iniciando rotina de sincronização de caixa...
