 2025-10-10 15:15:39.3525|Recebendo cliente 1195862: DAVI BURICH
 2025-10-10 15:15:39.5717|Recebendo cliente 1195882: LAURA RENATA
 2025-10-10 15:15:39.6549|Recebendo cliente 1195993: CAROLINA CHIEPER KROFF
 2025-10-10 15:15:39.7398|Recebendo cliente 1196012: SOPHIA REBLIN
 2025-10-10 15:15:39.8778|Recebendo cliente 1196084: GUY
 2025-10-10 15:15:39.9067|Recebendo cliente 1196234: EDUARDA ZULIANI
 2025-10-10 15:15:39.9287|Clientes processados: 7 - Enviados: 0 - Recebidos: 7
 2025-10-10 15:16:04.8279|Enviando NFC-e - chave: 42250929005632000200650010000183119215458373 . . .
 2025-10-10 15:16:04.8868|Enviando NFC-e - chave: 42250929005632000200650010000183129434461970 . . .
 2025-10-10 15:18:07.4254|Recebendo plano de pagamento 44: DINHEIRO - INATIVO
 2025-10-10 15:18:07.4344|Recebendo plano de pagamento 6: VALE_PRESENTE - Vale Presente
 2025-10-10 15:18:07.4344|Recebendo plano de pagamento 7: FIDELIDADE_CASHBACK - Vale Crédito
 2025-10-10 15:18:07.4504|Recebendo plano de pagamento 8: CREDITO - Amex Credito 2x
 2025-10-10 15:18:07.4614|Recebendo plano de pagamento 9: CREDITO - Hiper Credito 10x
 2025-10-10 15:18:07.4614|Recebendo plano de pagamento 10: CREDITO - Hiper Credito 9x
 2025-10-10 15:18:07.4784|Recebendo plano de pagamento 11: CREDITO - Hiper Credito 8x
 2025-10-10 15:18:07.4784|Recebendo plano de pagamento 12: CREDITO - Hiper Credito 7x
 2025-10-10 15:18:07.4954|Recebendo plano de pagamento 13: CREDITO - Hiper Credito 6x
 2025-10-10 15:18:07.4954|Recebendo plano de pagamento 14: CREDITO - Elo Credito 10x
 2025-10-10 15:18:07.5144|Recebendo plano de pagamento 15: CREDITO - Elo Credito 9x
 2025-10-10 15:18:07.5224|Recebendo plano de pagamento 16: CREDITO - Elo Credito 8x
 2025-10-10 15:18:07.5224|Recebendo plano de pagamento 17: CREDITO - Elo Credito 7x
 2025-10-10 15:18:07.5384|Recebendo plano de pagamento 18: CREDITO - Elo Credito 6x
 2025-10-10 15:18:07.5384|Recebendo plano de pagamento 19: CREDITO - Elo Credito 5x
 2025-10-10 15:18:07.5564|Recebendo plano de pagamento 20: CREDITO - Elo Credito 4x
 2025-10-10 15:18:07.5564|Recebendo plano de pagamento 21: CREDITO - Elo Credito 3x
 2025-10-10 15:18:07.5724|Recebendo plano de pagamento 22: CREDITO - Elo / Hiper Credito
 2025-10-10 15:18:07.5724|Recebendo plano de pagamento 23: CREDITO - Master e Visa Credito 10x
 2025-10-10 15:18:07.5883|Recebendo plano de pagamento 24: CREDITO - Master e Visa Credito 9x
 2025-10-10 15:18:07.5883|Recebendo plano de pagamento 25: CREDITO - Master e Visa Credito 8x
 2025-10-10 15:18:07.6063|Recebendo plano de pagamento 26: CREDITO - Master e Visa Credito 7x
 2025-10-10 15:18:07.6063|Recebendo plano de pagamento 27: CREDITO - Hiper Credito 5x
 2025-10-10 15:18:07.6223|Recebendo plano de pagamento 28: CREDITO - Hiper Credito 4x
 2025-10-10 15:18:07.6223|Recebendo plano de pagamento 29: CREDITO - Hiper Credito 3x
 2025-10-10 15:18:07.6403|Recebendo plano de pagamento 30: CREDITO - Hiper Credito 2x
 2025-10-10 15:18:07.6503|Recebendo plano de pagamento 31: CREDITO - Master e Visa Credito 6x
 2025-10-10 15:18:07.6503|Recebendo plano de pagamento 32: CREDITO - Master e Visa Credito 5x
 2025-10-10 15:18:07.6633|Recebendo plano de pagamento 33: CREDITO - Master e Visa Credito 4x
 2025-10-10 15:18:07.6633|Recebendo plano de pagamento 34: CREDITO - Master e Visa Credito 3x
 2025-10-10 15:18:07.6823|Recebendo plano de pagamento 35: CREDITO - Master e Visa Credito 2x
 2025-10-10 15:18:07.6823|Recebendo plano de pagamento 36: CREDITO - Amex Credito
 2025-10-10 15:18:07.6963|Recebendo plano de pagamento 37: CREDITO - Hiper Credito 1x
 2025-10-10 15:18:07.6963|Recebendo plano de pagamento 38: CREDITO - Elo Credito 2x
 2025-10-10 15:18:07.7113|Recebendo plano de pagamento 39: DEBITO - Elo Debito
 2025-10-10 15:18:07.7113|Recebendo plano de pagamento 40: DEBITO - Master / Visa Debito
 2025-10-10 15:18:07.7303|Recebendo plano de pagamento 4: PIX_ESTATICO - Pix
 2025-10-10 15:18:07.7303|Recebendo plano de pagamento 41: CREDITO - Master / Visa Credito
 2025-10-10 15:18:07.7432|Recebendo plano de pagamento 44: DINHEIRO - INATIVO
 2025-10-10 15:18:07.7432|Recebendo plano de pagamento 42: PIX_DINAMICO - Stone Pix
 2025-10-10 15:18:07.7582|Recebendo plano de pagamento 43: OUTROS - Permuta
 2025-10-10 15:18:07.7582|Recebendo plano de pagamento 45: DINHEIRO - Dinheiro.
 2025-10-10 15:18:07.7752|Recebendo plano de pagamento 46: OUTROS - Consumo Funcionário
 2025-10-10 15:18:07.7752|Recebendo plano de pagamento 47: OUTROS - Crédito Troca
 2025-10-10 15:18:07.7912|Recebendo plano de pagamento 54: VALE_REFEICAO - Consumo Funcionário
 2025-10-10 15:18:07.7912|Recebendo plano de pagamento 48: DEBITO - Master/Visa Link Débito
 2025-10-10 15:18:07.8092|Recebendo plano de pagamento 49: CREDITO - Master/Visa Link Crédito
 2025-10-10 15:18:07.8092|Recebendo plano de pagamento 50: DEBITO - Elo Link Débito
 2025-10-10 15:18:07.8252|Recebendo plano de pagamento 51: CREDITO - Elo Link Crédito
 2025-10-10 15:18:07.8252|Recebendo plano de pagamento 52: CREDITO - Amex Link Crédito
 2025-10-10 15:18:07.8412|Recebendo plano de pagamento 53: VALE_ALIMENTACAO - Voucher VR
 2025-10-10 15:18:08.6672|Não existem tributacoes pendentes de sincronização!
 2025-10-10 15:18:08.9501|Recebendo Grupo de Acesso 1853: Gerência
 2025-10-10 15:18:08.9631|Recebendo Grupo de Acesso 1854: Vendedores
 2025-10-10 15:18:11.8475|Recebendo Depósito: Geral
 2025-10-10 15:18:30.9187|Recebendo operador 15948: Operador
 2025-10-10 15:18:32.1671|Recebendo operador 15949: Gerencia
 2025-10-10 15:18:40.9869|Recebendo vendedores 948578: PAULO DANNY MONTEIRO
 2025-10-10 15:18:41.6215|Recebendo vendedores 1002522: CONSUMO CENTRO
 2025-10-10 15:18:42.2491|Recebendo vendedores 1031580: CONSUMO KELLYM WALERIA DOS SANTOS
 2025-10-10 15:18:42.8737|Recebendo vendedores 1031581: CONSUMO PAULO DANNY MONTEIRO
 2025-10-10 15:18:43.5013|Recebendo vendedores 1031583: CONSUMO JAQUELINE PEREIRA VAZ
 2025-10-10 15:18:44.1319|Recebendo vendedores 1038321: CONUSMO WELVIS TEIXEIRA ALVEZ
 2025-10-10 15:18:44.7685|Recebendo vendedores 1057686: CONSUMO THIAGO PEREIRA VAZ
 2025-10-10 15:18:45.4041|Recebendo vendedores 1057687: CONSUMO LUCAS VAZ DA ROSA
 2025-10-10 15:18:46.0337|Recebendo vendedores 1070825: VENDA PARCEIRO (ACIMA 30% S/ COMISSAO)
 2025-10-10 15:18:46.7382|Recebendo vendedores 1090892: GABRIELA PEREIRA
 2025-10-10 15:18:47.3638|Recebendo vendedores 1190705: CONSUMO GABRIELA PEREIRA
 2025-10-10 15:18:51.7221|Não existe nenhum Contato Comercial pendente de sincronização!
 2025-10-10 15:18:54.9386|Clientes processados: 0 - Enviados: 0 - Recebidos: 0
 2025-10-10 15:18:54.9386|Não existe nenhum cliente pendente de sincronização!
 2025-10-10 15:36:42.9983|Recebendo operador 15948: Operador
 2025-10-10 15:36:42.9983|Recebendo operador 15949: Gerencia
 2025-10-10 15:36:43.1769|Recebendo vendedores 948578: PAULO DANNY MONTEIRO
 2025-10-10 15:36:43.2249|Recebendo vendedores 1002522: CONSUMO CENTRO
 2025-10-10 15:36:43.2478|Recebendo vendedores 1031580: CONSUMO KELLYM WALERIA DOS SANTOS
 2025-10-10 15:36:43.2698|Recebendo vendedores 1031581: CONSUMO PAULO DANNY MONTEIRO
 2025-10-10 15:36:43.2898|Recebendo vendedores 1031583: CONSUMO JAQUELINE PEREIRA VAZ
 2025-10-10 15:36:43.3128|Recebendo vendedores 1038321: CONUSMO WELVIS TEIXEIRA ALVEZ
 2025-10-10 15:36:43.3468|Recebendo vendedores 1057686: CONSUMO THIAGO PEREIRA VAZ
 2025-10-10 15:36:43.3698|Recebendo vendedores 1057687: CONSUMO LUCAS VAZ DA ROSA
 2025-10-10 15:36:43.3898|Recebendo vendedores 1070825: VENDA PARCEIRO (ACIMA 30% S/ COMISSAO)
 2025-10-10 15:36:43.4867|Recebendo vendedores 1090892: GABRIELA PEREIRA
 2025-10-10 15:36:43.5097|Recebendo vendedores 1190705: CONSUMO GABRIELA PEREIRA
 2025-10-10 15:36:43.6826|Não existe nenhum Contato Comercial pendente de sincronização!
 2025-10-10 15:36:43.8535|Recebendo cliente 1195796: JULIANA ALBES ARAUJO
 2025-10-10 15:36:44.1223|Recebendo cliente 1195862: DAVI BURICH
 2025-10-10 15:36:44.3552|Recebendo cliente 1195882: LAURA RENATA
 2025-10-10 15:36:44.4691|Recebendo cliente 1195993: CAROLINA CHIEPER KROFF
 2025-10-10 15:36:44.5795|Recebendo cliente 1196012: SOPHIA REBLIN
 2025-10-10 15:36:44.7334|Recebendo cliente 1196084: GUY
 2025-10-10 15:36:44.7664|Recebendo cliente 1196234: EDUARDA ZULIANI
 2025-10-10 15:36:44.7943|Clientes processados: 7 - Enviados: 0 - Recebidos: 7
 2025-10-10 15:36:44.8773|Não existe nenhum Caixa pendente de sincronização!
 2025-10-10 15:36:44.8773|Não existe nenhuma Operação de Caixa pendente de sincronização!
 2025-10-10 15:37:15.2392|Enviando NFC-e - chave: 42250929005632000200650010000183119215458373 . . .
 2025-10-10 15:37:15.3182|Enviando NFC-e - chave: 42250929005632000200650010000183129434461970 . . .
 2025-10-10 15:37:15.6367|Recebendo itens - 4 item(s).
 2025-10-10 15:37:18.2923|Recebendo itens - 4 itens importados de 4
 2025-10-10 15:37:18.6716|Total de itens recebidos: 4
 2025-10-10 15:37:19.0044|Não existe nenhuma promoção pendente de sincronização!
 2025-10-10 15:37:19.2856|Não existe nenhum lote pendente de sincronização!
 2025-10-10 15:37:19.5698|Recebendo Depósito: Geral
 2025-10-10 16:04:57.6224|Recebendo cliente 1195796: JULIANA ALBES ARAUJO
 2025-10-10 16:04:57.9422|Recebendo cliente 1195862: DAVI BURICH
 2025-10-10 16:04:58.1910|Recebendo cliente 1195882: LAURA RENATA
 2025-10-10 16:04:58.2810|Recebendo cliente 1195993: CAROLINA CHIEPER KROFF
 2025-10-10 16:04:58.3719|Recebendo cliente 1196012: SOPHIA REBLIN
 2025-10-10 16:04:58.5208|Recebendo cliente 1196084: GUY
 2025-10-10 16:04:58.5488|Recebendo cliente 1196234: EDUARDA ZULIANI
 2025-10-10 16:04:58.5778|Recebendo cliente 1196355: FABIANA CEREGATTI
 2025-10-10 16:04:58.6001|Clientes processados: 8 - Enviados: 0 - Recebidos: 8
 2025-10-10 16:05:21.1526|Enviando NFC-e - chave: 42250929005632000200650010000183119215458373 . . .
 2025-10-10 16:05:21.2162|Enviando NFC-e - chave: 42250929005632000200650010000183129434461970 . . .
 2025-10-10 16:05:21.2847|Enviando NFC-e - chave: 42251029005632000200650010000189601323076399 . . .
 2025-10-10 16:05:22.2710|Venda: IdLocal 5800: Documento Fiscal Id:4832  -> IdWeb 10949577
 2025-10-10 16:05:22.2710|NFC-e chave: 42251029005632000200650010000189601323076399 enviada com sucesso!
 2025-10-10 16:06:40.8600|Recebendo operador 15948: Operador
 2025-10-10 16:06:40.8690|Recebendo operador 15949: Gerencia
 2025-10-10 16:06:41.0507|Recebendo vendedores 948578: PAULO DANNY MONTEIRO
 2025-10-10 16:06:41.0897|Recebendo vendedores 1002522: CONSUMO CENTRO
 2025-10-10 16:06:41.1107|Recebendo vendedores 1031580: CONSUMO KELLYM WALERIA DOS SANTOS
 2025-10-10 16:06:41.1317|Recebendo vendedores 1031581: CONSUMO PAULO DANNY MONTEIRO
 2025-10-10 16:06:41.1556|Recebendo vendedores 1031583: CONSUMO JAQUELINE PEREIRA VAZ
 2025-10-10 16:06:41.1776|Recebendo vendedores 1038321: CONUSMO WELVIS TEIXEIRA ALVEZ
 2025-10-10 16:06:41.2256|Recebendo vendedores 1057686: CONSUMO THIAGO PEREIRA VAZ
 2025-10-10 16:06:41.2466|Recebendo vendedores 1057687: CONSUMO LUCAS VAZ DA ROSA
 2025-10-10 16:06:41.2686|Recebendo vendedores 1070825: VENDA PARCEIRO (ACIMA 30% S/ COMISSAO)
 2025-10-10 16:06:41.3611|Recebendo vendedores 1090892: GABRIELA PEREIRA
 2025-10-10 16:06:41.3811|Recebendo vendedores 1190705: CONSUMO GABRIELA PEREIRA
 2025-10-10 16:06:41.5463|Não existe nenhum Contato Comercial pendente de sincronização!
 2025-10-10 16:06:41.6833|Recebendo cliente 1195796: JULIANA ALBES ARAUJO
 2025-10-10 16:06:41.9178|Recebendo cliente 1195862: DAVI BURICH
 2025-10-10 16:06:42.1517|Recebendo cliente 1195882: LAURA RENATA
 2025-10-10 16:06:42.2656|Recebendo cliente 1195993: CAROLINA CHIEPER KROFF
 2025-10-10 16:06:42.3725|Recebendo cliente 1196012: SOPHIA REBLIN
 2025-10-10 16:06:42.5330|Recebendo cliente 1196084: GUY
 2025-10-10 16:06:42.5680|Recebendo cliente 1196234: EDUARDA ZULIANI
 2025-10-10 16:06:42.6040|Recebendo cliente 1196355: FABIANA CEREGATTI
 2025-10-10 16:06:42.6360|Clientes processados: 8 - Enviados: 0 - Recebidos: 8
 2025-10-10 16:06:42.7148|Não existe nenhum Caixa pendente de sincronização!
 2025-10-10 16:06:42.7148|Não existe nenhuma Operação de Caixa pendente de sincronização!
 2025-10-10 16:07:02.0516|Enviando NFC-e - chave: 42250929005632000200650010000183119215458373 . . .
 2025-10-10 16:07:02.1269|Enviando NFC-e - chave: 42250929005632000200650010000183129434461970 . . .
 2025-10-10 16:07:02.3858|Recebendo itens - 11 item(s).
 2025-10-10 16:07:05.6271|Recebendo itens - 11 itens importados de 11
 2025-10-10 16:07:06.0048|Total de itens recebidos: 11
 2025-10-10 16:07:06.2862|Não existe nenhuma promoção pendente de sincronização!
 2025-10-10 16:07:06.4960|Não existe nenhum lote pendente de sincronização!
 2025-10-10 16:07:06.6974|Recebendo Depósito: Geral
 2025-10-10 16:08:21.3136|Recebendo cliente 1195796: JULIANA ALBES ARAUJO
 2025-10-10 16:08:21.6174|Recebendo cliente 1195862: DAVI BURICH
 2025-10-10 16:08:21.8502|Recebendo cliente 1195882: LAURA RENATA
 2025-10-10 16:08:21.9362|Recebendo cliente 1195993: CAROLINA CHIEPER KROFF
 2025-10-10 16:08:22.0181|Recebendo cliente 1196012: SOPHIA REBLIN
 2025-10-10 16:08:22.1695|Recebendo cliente 1196084: GUY
 2025-10-10 16:08:22.1924|Recebendo cliente 1196234: EDUARDA ZULIANI
 2025-10-10 16:08:22.2244|Recebendo cliente 1196355: FABIANA CEREGATTI
 2025-10-10 16:08:22.2474|Clientes processados: 8 - Enviados: 0 - Recebidos: 8
 2025-10-10 16:08:44.3123|Enviando NFC-e - chave: 42250929005632000200650010000183119215458373 . . .
 2025-10-10 16:08:44.3748|Enviando NFC-e - chave: 42250929005632000200650010000183129434461970 . . .
 2025-10-10 16:08:44.4387|Enviando NFC-e - chave: 42251029005632000200650010000189611184803910 . . .
 2025-10-10 16:08:45.4038|Venda: IdLocal 5801: Documento Fiscal Id:4833  -> IdWeb 10949662
 2025-10-10 16:08:45.4038|NFC-e chave: 42251029005632000200650010000189611184803910 enviada com sucesso!
 2025-10-10 16:10:19.1909|Recebendo cliente 1195796: JULIANA ALBES ARAUJO
 2025-10-10 16:10:19.4807|Recebendo cliente 1195862: DAVI BURICH
 2025-10-10 16:10:19.6995|Recebendo cliente 1195882: LAURA RENATA
 2025-10-10 16:10:19.7895|Recebendo cliente 1195993: CAROLINA CHIEPER KROFF
 2025-10-10 16:10:19.8734|Recebendo cliente 1196012: SOPHIA REBLIN
 2025-10-10 16:10:20.0177|Recebendo cliente 1196084: GUY
 2025-10-10 16:10:20.0447|Recebendo cliente 1196234: EDUARDA ZULIANI
 2025-10-10 16:10:20.0687|Recebendo cliente 1196355: FABIANA CEREGATTI
 2025-10-10 16:10:20.0916|Clientes processados: 8 - Enviados: 0 - Recebidos: 8
 2025-10-10 16:10:39.7299|Enviando NFC-e - chave: 42250929005632000200650010000183119215458373 . . .
 2025-10-10 16:10:39.7888|Enviando NFC-e - chave: 42250929005632000200650010000183129434461970 . . .
 2025-10-10 16:10:39.8444|Enviando NFC-e - chave: 42251029005632000200650010000189621275246166 . . .
 2025-10-10 16:10:40.9668|Venda: IdLocal 5802: Documento Fiscal Id:4834  -> IdWeb 10949725
 2025-10-10 16:10:40.9668|NFC-e chave: 42251029005632000200650010000189621275246166 enviada com sucesso!
 2025-10-10 16:24:13.2168|Recebendo cliente 1195796: JULIANA ALBES ARAUJO
 2025-10-10 16:24:13.5143|Recebendo cliente 1195862: DAVI BURICH
 2025-10-10 16:24:13.7242|Recebendo cliente 1195882: LAURA RENATA
 2025-10-10 16:24:13.8092|Recebendo cliente 1195993: CAROLINA CHIEPER KROFF
 2025-10-10 16:24:13.8956|Recebendo cliente 1196012: SOPHIA REBLIN
 2025-10-10 16:24:14.0315|Recebendo cliente 1196084: GUY
 2025-10-10 16:24:14.0595|Recebendo cliente 1196234: EDUARDA ZULIANI
 2025-10-10 16:24:14.0835|Recebendo cliente 1196355: FABIANA CEREGATTI
 2025-10-10 16:24:14.1049|Clientes processados: 8 - Enviados: 0 - Recebidos: 8
 2025-10-10 16:24:36.5074|Enviando NFC-e - chave: 42250929005632000200650010000183119215458373 . . .
 2025-10-10 16:24:36.5693|Enviando NFC-e - chave: 42250929005632000200650010000183129434461970 . . .
 2025-10-10 16:24:36.6303|Enviando NFC-e - chave: 42251029005632000200650010000189631885222527 . . .
 2025-10-10 16:24:37.5828|Venda: IdLocal 5803: Documento Fiscal Id:4835  -> IdWeb 10950057
 2025-10-10 16:24:37.5828|NFC-e chave: 42251029005632000200650010000189631885222527 enviada com sucesso!
 2025-10-10 16:36:40.3224|Recebendo operador 15948: Operador
 2025-10-10 16:36:40.3224|Recebendo operador 15949: Gerencia
 2025-10-10 16:36:40.4994|Recebendo vendedores 948578: PAULO DANNY MONTEIRO
 2025-10-10 16:36:40.5413|Recebendo vendedores 1002522: CONSUMO CENTRO
 2025-10-10 16:36:40.5613|Recebendo vendedores 1031580: CONSUMO KELLYM WALERIA DOS SANTOS
 2025-10-10 16:36:40.5823|Recebendo vendedores 1031581: CONSUMO PAULO DANNY MONTEIRO
 2025-10-10 16:36:40.6063|Recebendo vendedores 1031583: CONSUMO JAQUELINE PEREIRA VAZ
 2025-10-10 16:36:40.6273|Recebendo vendedores 1038321: CONUSMO WELVIS TEIXEIRA ALVEZ
 2025-10-10 16:36:40.6503|Recebendo vendedores 1057686: CONSUMO THIAGO PEREIRA VAZ
 2025-10-10 16:36:40.6922|Recebendo vendedores 1057687: CONSUMO LUCAS VAZ DA ROSA
 2025-10-10 16:36:40.7122|Recebendo vendedores 1070825: VENDA PARCEIRO (ACIMA 30% S/ COMISSAO)
 2025-10-10 16:36:40.8092|Recebendo vendedores 1090892: GABRIELA PEREIRA
 2025-10-10 16:36:40.8282|Recebendo vendedores 1190705: CONSUMO GABRIELA PEREIRA
 2025-10-10 16:36:40.9822|Não existe nenhum Contato Comercial pendente de sincronização!
 2025-10-10 16:36:41.1321|Recebendo cliente 1195796: JULIANA ALBES ARAUJO
 2025-10-10 16:36:41.2400|Recebendo cliente 1195993: CAROLINA CHIEPER KROFF
 2025-10-10 16:36:41.3529|Recebendo cliente 1196012: SOPHIA REBLIN
 2025-10-10 16:36:41.5069|Recebendo cliente 1196084: GUY
 2025-10-10 16:36:41.5389|Recebendo cliente 1196234: EDUARDA ZULIANI
 2025-10-10 16:36:41.5718|Recebendo cliente 1196355: FABIANA CEREGATTI
 2025-10-10 16:36:41.6012|Clientes processados: 6 - Enviados: 0 - Recebidos: 6
 2025-10-10 16:36:41.6782|Não existe nenhum Caixa pendente de sincronização!
 2025-10-10 16:36:41.6842|Não existe nenhuma Operação de Caixa pendente de sincronização!
 2025-10-10 16:37:01.2270|Enviando NFC-e - chave: 42250929005632000200650010000183119215458373 . . .
 2025-10-10 16:37:01.3014|Enviando NFC-e - chave: 42250929005632000200650010000183129434461970 . . .
 2025-10-10 16:37:01.5398|Recebendo itens - 4 item(s).
 2025-10-10 16:37:03.5448|Recebendo itens - 4 itens importados de 4
 2025-10-10 16:37:03.9115|Total de itens recebidos: 4
 2025-10-10 16:37:04.1710|Não existe nenhuma promoção pendente de sincronização!
 2025-10-10 16:37:04.3716|Não existe nenhum lote pendente de sincronização!
 2025-10-10 16:37:04.6075|Recebendo Depósito: Geral
 2025-10-10 17:06:38.5863|Recebendo operador 15948: Operador
 2025-10-10 17:06:38.5863|Recebendo operador 15949: Gerencia
 2025-10-10 17:06:38.7522|Recebendo vendedores 948578: PAULO DANNY MONTEIRO
 2025-10-10 17:06:38.7905|Recebendo vendedores 1002522: CONSUMO CENTRO
 2025-10-10 17:06:38.8085|Recebendo vendedores 1031580: CONSUMO KELLYM WALERIA DOS SANTOS
 2025-10-10 17:06:38.8265|Recebendo vendedores 1031581: CONSUMO PAULO DANNY MONTEIRO
 2025-10-10 17:06:38.8445|Recebendo vendedores 1031583: CONSUMO JAQUELINE PEREIRA VAZ
 2025-10-10 17:06:38.8625|Recebendo vendedores 1038321: CONUSMO WELVIS TEIXEIRA ALVEZ
 2025-10-10 17:06:38.8805|Recebendo vendedores 1057686: CONSUMO THIAGO PEREIRA VAZ
 2025-10-10 17:06:38.9104|Recebendo vendedores 1057687: CONSUMO LUCAS VAZ DA ROSA
 2025-10-10 17:06:38.9284|Recebendo vendedores 1070825: VENDA PARCEIRO (ACIMA 30% S/ COMISSAO)
 2025-10-10 17:06:39.0094|Recebendo vendedores 1090892: GABRIELA PEREIRA
 2025-10-10 17:06:39.0274|Recebendo vendedores 1190705: CONSUMO GABRIELA PEREIRA
 2025-10-10 17:06:39.1729|Não existe nenhum Contato Comercial pendente de sincronização!
 2025-10-10 17:06:39.3033|Recebendo cliente 1195796: JULIANA ALBES ARAUJO
 2025-10-10 17:06:39.3957|Recebendo cliente 1195993: CAROLINA CHIEPER KROFF
 2025-10-10 17:06:39.4886|Recebendo cliente 1196012: SOPHIA REBLIN
 2025-10-10 17:06:39.6203|Recebendo cliente 1196084: GUY
 2025-10-10 17:06:39.6503|Recebendo cliente 1196234: EDUARDA ZULIANI
 2025-10-10 17:06:39.6763|Recebendo cliente 1196355: FABIANA CEREGATTI
 2025-10-10 17:06:39.8812|Recebendo cliente 1196563: RAFAEL DIEGUES ROSA
 2025-10-10 17:06:39.9032|Clientes processados: 7 - Enviados: 0 - Recebidos: 7
 2025-10-10 17:06:39.9740|Não existe nenhum Caixa pendente de sincronização!
 2025-10-10 17:06:39.9780|Não existe nenhuma Operação de Caixa pendente de sincronização!
 2025-10-10 17:06:59.5152|Enviando NFC-e - chave: 42250929005632000200650010000183119215458373 . . .
 2025-10-10 17:06:59.6037|Enviando NFC-e - chave: 42250929005632000200650010000183129434461970 . . .
 2025-10-10 17:06:59.8306|Recebendo itens - 1 item(s).
 2025-10-10 17:07:00.1466|Recebendo itens - 1 itens importados de 1
 2025-10-10 17:07:00.5054|Total de itens recebidos: 1
 2025-10-10 17:07:00.7509|Não existe nenhuma promoção pendente de sincronização!
 2025-10-10 17:07:00.9500|Não existe nenhum lote pendente de sincronização!
 2025-10-10 17:07:01.1513|Recebendo Depósito: Geral
 2025-10-10 17:19:09.6778|Recebendo cliente 1195796: JULIANA ALBES ARAUJO
 2025-10-10 17:19:09.8857|Recebendo cliente 1196084: GUY
 2025-10-10 17:19:09.9096|Recebendo cliente 1196234: EDUARDA ZULIANI
 2025-10-10 17:19:09.9316|Recebendo cliente 1196355: FABIANA CEREGATTI
 2025-10-10 17:19:10.1394|Recebendo cliente 1196563: RAFAEL DIEGUES ROSA
 2025-10-10 17:19:10.3130|Recebendo cliente 1196699: JOAO FERNANDES
 2025-10-10 17:19:10.3280|Clientes processados: 6 - Enviados: 0 - Recebidos: 6
 2025-10-10 17:19:32.5403|Enviando NFC-e - chave: 42250929005632000200650010000183119215458373 . . .
 2025-10-10 17:19:32.5946|Enviando NFC-e - chave: 42250929005632000200650010000183129434461970 . . .
 2025-10-10 17:19:32.6419|Enviando NFC-e - chave: 42251029005632000200650010000189641613100011 . . .
 2025-10-10 17:19:34.3003|Venda: IdLocal 5805: Documento Fiscal Id:4836  -> IdWeb 10951585
 2025-10-10 17:19:34.3003|NFC-e chave: 42251029005632000200650010000189641613100011 enviada com sucesso!
 2025-10-10 17:22:49.3350|Recebendo cliente 1195796: JULIANA ALBES ARAUJO
 2025-10-10 17:22:49.3350|Recebendo cliente 1196234: EDUARDA ZULIANI
 2025-10-10 17:22:49.3350|Recebendo cliente 1196355: FABIANA CEREGATTI
 2025-10-10 17:22:49.6266|Recebendo cliente 1196563: RAFAEL DIEGUES ROSA
 2025-10-10 17:22:49.6838|Recebendo cliente 1196720: FERNANDO GOUDEL
 2025-10-10 17:22:49.6988|Clientes processados: 5 - Enviados: 0 - Recebidos: 5
 2025-10-10 17:23:12.1807|Enviando NFC-e - chave: 42250929005632000200650010000183119215458373 . . .
 2025-10-10 17:23:12.2307|Enviando NFC-e - chave: 42250929005632000200650010000183129434461970 . . .
 2025-10-10 17:23:12.2811|Enviando NFC-e - chave: 42251029005632000200650010000189651558530444 . . .
 2025-10-10 17:23:13.2574|Venda: IdLocal 5806: Documento Fiscal Id:4837  -> IdWeb 10951713
 2025-10-10 17:23:13.2574|NFC-e chave: 42251029005632000200650010000189651558530444 enviada com sucesso!
 2025-10-10 17:25:13.5907|Recebendo operador 15948: Operador
 2025-10-10 17:25:13.6407|Recebendo operador 15949: Gerencia
 2025-10-10 17:25:14.0195|Recebendo vendedores 948578: PAULO DANNY MONTEIRO
 2025-10-10 17:25:14.0415|Recebendo vendedores 1002522: CONSUMO CENTRO
 2025-10-10 17:25:14.0695|Recebendo vendedores 1031580: CONSUMO KELLYM WALERIA DOS SANTOS
 2025-10-10 17:25:14.0915|Recebendo vendedores 1031581: CONSUMO PAULO DANNY MONTEIRO
 2025-10-10 17:25:14.1184|Recebendo vendedores 1031583: CONSUMO JAQUELINE PEREIRA VAZ
 2025-10-10 17:25:14.1404|Recebendo vendedores 1038321: CONUSMO WELVIS TEIXEIRA ALVEZ
 2025-10-10 17:25:14.1674|Recebendo vendedores 1057686: CONSUMO THIAGO PEREIRA VAZ
 2025-10-10 17:25:14.1894|Recebendo vendedores 1057687: CONSUMO LUCAS VAZ DA ROSA
 2025-10-10 17:25:14.2154|Recebendo vendedores 1070825: VENDA PARCEIRO (ACIMA 30% S/ COMISSAO)
 2025-10-10 17:25:14.3073|Recebendo vendedores 1090892: GABRIELA PEREIRA
 2025-10-10 17:25:14.3343|Recebendo vendedores 1190705: CONSUMO GABRIELA PEREIRA
 2025-10-10 17:25:14.5051|Não existe nenhum Contato Comercial pendente de sincronização!
 2025-10-10 17:25:14.9465|Enviando cliente 13985: FERNANDA MENDES NOGUEIRA SILVA VIANA
 2025-10-10 17:25:15.1429|Clientes processados: 1 - Enviados: 1 - Recebidos: 0
 2025-10-10 17:26:47.2913|Recebendo cliente 1195796: JULIANA ALBES ARAUJO
 2025-10-10 17:26:47.2913|Recebendo cliente 1196234: EDUARDA ZULIANI
 2025-10-10 17:26:47.2913|Recebendo cliente 1196355: FABIANA CEREGATTI
 2025-10-10 17:26:47.5660|Recebendo cliente 1196563: RAFAEL DIEGUES ROSA
 2025-10-10 17:26:47.6317|Recebendo cliente 1196723: FERNANDA MENDES NOGUEIRA SILVA VIANA
 2025-10-10 17:26:47.6657|Clientes processados: 5 - Enviados: 0 - Recebidos: 5
 2025-10-10 17:27:10.0293|Enviando NFC-e - chave: 42250929005632000200650010000183119215458373 . . .
 2025-10-10 17:27:10.0743|Enviando NFC-e - chave: 42250929005632000200650010000183129434461970 . . .
 2025-10-10 17:27:10.1245|Enviando NFC-e - chave: 42251029005632000200650010000189661400835744 . . .
 2025-10-10 17:27:11.1918|Venda: IdLocal 5807: Documento Fiscal Id:4838  -> IdWeb 10951842
 2025-10-10 17:27:11.1918|NFC-e chave: 42251029005632000200650010000189661400835744 enviada com sucesso!
 2025-10-10 17:36:38.7539|Recebendo operador 15948: Operador
 2025-10-10 17:36:38.7639|Recebendo operador 15949: Gerencia
 2025-10-10 17:36:38.9228|Recebendo vendedores 948578: PAULO DANNY MONTEIRO
 2025-10-10 17:36:38.9547|Recebendo vendedores 1002522: CONSUMO CENTRO
 2025-10-10 17:36:38.9727|Recebendo vendedores 1031580: CONSUMO KELLYM WALERIA DOS SANTOS
 2025-10-10 17:36:38.9907|Recebendo vendedores 1031581: CONSUMO PAULO DANNY MONTEIRO
 2025-10-10 17:36:39.0087|Recebendo vendedores 1031583: CONSUMO JAQUELINE PEREIRA VAZ
 2025-10-10 17:36:39.0267|Recebendo vendedores 1038321: CONUSMO WELVIS TEIXEIRA ALVEZ
 2025-10-10 17:36:39.0447|Recebendo vendedores 1057686: CONSUMO THIAGO PEREIRA VAZ
 2025-10-10 17:36:39.0787|Recebendo vendedores 1057687: CONSUMO LUCAS VAZ DA ROSA
 2025-10-10 17:36:39.0967|Recebendo vendedores 1070825: VENDA PARCEIRO (ACIMA 30% S/ COMISSAO)
 2025-10-10 17:36:39.1766|Recebendo vendedores 1090892: GABRIELA PEREIRA
 2025-10-10 17:36:39.1946|Recebendo vendedores 1190705: CONSUMO GABRIELA PEREIRA
 2025-10-10 17:36:39.3340|Não existe nenhum Contato Comercial pendente de sincronização!
 2025-10-10 17:36:39.4560|Recebendo cliente 1195796: JULIANA ALBES ARAUJO
 2025-10-10 17:36:39.4860|Recebendo cliente 1196234: EDUARDA ZULIANI
 2025-10-10 17:36:39.5130|Recebendo cliente 1196355: FABIANA CEREGATTI
 2025-10-10 17:36:39.7223|Recebendo cliente 1196563: RAFAEL DIEGUES ROSA
 2025-10-10 17:36:39.8156|Recebendo cliente 1196723: FERNANDA MENDES NOGUEIRA SILVA VIANA
 2025-10-10 17:36:39.8366|Clientes processados: 5 - Enviados: 0 - Recebidos: 5
 2025-10-10 17:36:39.9056|Não existe nenhum Caixa pendente de sincronização!
 2025-10-10 17:36:39.9056|Não existe nenhuma Operação de Caixa pendente de sincronização!
 2025-10-10 17:36:59.5650|Enviando NFC-e - chave: 42250929005632000200650010000183119215458373 . . .
 2025-10-10 17:36:59.6368|Enviando NFC-e - chave: 42250929005632000200650010000183129434461970 . . .
 2025-10-10 17:36:59.9082|Recebendo itens - 14 item(s).
 2025-10-10 17:37:03.8967|Recebendo itens - 14 itens importados de 14
 2025-10-10 17:37:04.2973|Total de itens recebidos: 14
 2025-10-10 17:37:04.5584|Não existe nenhuma promoção pendente de sincronização!
 2025-10-10 17:37:04.7639|Não existe nenhum lote pendente de sincronização!
 2025-10-10 17:37:04.9740|Recebendo Depósito: Geral
 2025-10-10 17:45:25.8396|Recebendo cliente 1195796: JULIANA ALBES ARAUJO
 2025-10-10 17:45:25.8396|Recebendo cliente 1196234: EDUARDA ZULIANI
 2025-10-10 17:45:25.8516|Recebendo cliente 1196355: FABIANA CEREGATTI
 2025-10-10 17:45:26.1043|Recebendo cliente 1196563: RAFAEL DIEGUES ROSA
 2025-10-10 17:45:26.1958|Recebendo cliente 1196723: FERNANDA MENDES NOGUEIRA SILVA VIANA
 2025-10-10 17:45:26.2537|Recebendo cliente 1196760: EDUARDA SILVA
 2025-10-10 17:45:26.2687|Clientes processados: 6 - Enviados: 0 - Recebidos: 6
 2025-10-10 17:45:48.5799|Enviando NFC-e - chave: 42250929005632000200650010000183119215458373 . . .
 2025-10-10 17:45:48.6472|Enviando NFC-e - chave: 42250929005632000200650010000183129434461970 . . .
 2025-10-10 17:45:48.6931|Enviando NFC-e - chave: 42251029005632000200650010000189671493524431 . . .
 2025-10-10 17:45:49.9614|Venda: IdLocal 5809: Documento Fiscal Id:4839  -> IdWeb 10952429
 2025-10-10 17:45:49.9614|NFC-e chave: 42251029005632000200650010000189671493524431 enviada com sucesso!
 2025-10-10 17:45:57.0228|Recebendo cliente 1195796: JULIANA ALBES ARAUJO
 2025-10-10 17:45:57.0228|Recebendo cliente 1196234: EDUARDA ZULIANI
 2025-10-10 17:45:57.0228|Recebendo cliente 1196355: FABIANA CEREGATTI
 2025-10-10 17:45:57.3092|Recebendo cliente 1196563: RAFAEL DIEGUES ROSA
 2025-10-10 17:45:57.3972|Recebendo cliente 1196723: FERNANDA MENDES NOGUEIRA SILVA VIANA
 2025-10-10 17:45:57.5706|Recebendo cliente 1196785: NAIOBI HOFFMANN
 2025-10-10 17:45:57.5706|Clientes processados: 6 - Enviados: 0 - Recebidos: 6
 2025-10-10 17:46:10.4303|Pedido de Venda 5810 - 31470785 enviado com sucesso!
 2025-10-10 17:46:17.3809|Enviando NFC-e - chave: 42250929005632000200650010000183119215458373 . . .
 2025-10-10 17:46:17.4469|Enviando NFC-e - chave: 42250929005632000200650010000183129434461970 . . .
 2025-10-10 17:54:32.5237|Recebendo cliente 1195796: JULIANA ALBES ARAUJO
 2025-10-10 17:54:32.5237|Recebendo cliente 1196234: EDUARDA ZULIANI
 2025-10-10 17:54:32.5237|Recebendo cliente 1196355: FABIANA CEREGATTI
 2025-10-10 17:54:32.8061|Recebendo cliente 1196563: RAFAEL DIEGUES ROSA
 2025-10-10 17:54:32.8984|Recebendo cliente 1196723: FERNANDA MENDES NOGUEIRA SILVA VIANA
 2025-10-10 17:54:33.0945|Recebendo cliente 1196785: NAIOBI HOFFMANN
 2025-10-10 17:54:33.1164|Clientes processados: 6 - Enviados: 0 - Recebidos: 6
 2025-10-10 17:54:55.6629|Enviando NFC-e - chave: 42250929005632000200650010000183119215458373 . . .
 2025-10-10 17:54:55.7209|Enviando NFC-e - chave: 42250929005632000200650010000183129434461970 . . .
 2025-10-10 17:54:55.7779|Enviando NFC-e - chave: 42251029005632000200650010000189681180311029 . . .
 2025-10-10 17:54:57.2659|Venda: IdLocal 5811: Documento Fiscal Id:4840  -> IdWeb 10952723
 2025-10-10 17:54:57.2659|NFC-e chave: 42251029005632000200650010000189681180311029 enviada com sucesso!
 2025-10-10 17:57:57.9024|Enviando caixa 293
 2025-10-10 17:57:57.9154|Não existe nenhuma Operação de Caixa pendente de sincronização!
 2025-10-10 17:58:03.9986|Enviando caixa 293
 2025-10-10 17:58:04.3687|Enviando caixa 294
 2025-10-10 17:58:04.3687|Não existe nenhuma Operação de Caixa pendente de sincronização!
 2025-10-10 17:58:40.1944|Não existe nenhum Caixa pendente de sincronização!
 2025-10-10 17:58:40.5577|Enviando operação de caixa 974 - suprimento
 2025-10-10 18:06:38.7017|Recebendo operador 15948: Operador
 2025-10-10 18:06:38.7017|Recebendo operador 15949: Gerencia
 2025-10-10 18:06:38.8639|Recebendo vendedores 948578: PAULO DANNY MONTEIRO
 2025-10-10 18:06:38.8829|Recebendo vendedores 1002522: CONSUMO CENTRO
 2025-10-10 18:06:38.9019|Recebendo vendedores 1031580: CONSUMO KELLYM WALERIA DOS SANTOS
 2025-10-10 18:06:38.9208|Recebendo vendedores 1031581: CONSUMO PAULO DANNY MONTEIRO
 2025-10-10 18:06:38.9398|Recebendo vendedores 1031583: CONSUMO JAQUELINE PEREIRA VAZ
 2025-10-10 18:06:38.9808|Recebendo vendedores 1038321: CONUSMO WELVIS TEIXEIRA ALVEZ
 2025-10-10 18:06:38.9988|Recebendo vendedores 1057686: CONSUMO THIAGO PEREIRA VAZ
 2025-10-10 18:06:39.0168|Recebendo vendedores 1057687: CONSUMO LUCAS VAZ DA ROSA
 2025-10-10 18:06:39.0358|Recebendo vendedores 1070825: VENDA PARCEIRO (ACIMA 30% S/ COMISSAO)
 2025-10-10 18:06:39.1128|Recebendo vendedores 1090892: GABRIELA PEREIRA
 2025-10-10 18:06:39.1328|Recebendo vendedores 1190705: CONSUMO GABRIELA PEREIRA
 2025-10-10 18:06:39.2730|Não existe nenhum Contato Comercial pendente de sincronização!
 2025-10-10 18:06:39.3967|Recebendo cliente 1195796: JULIANA ALBES ARAUJO
 2025-10-10 18:06:39.4277|Recebendo cliente 1196234: EDUARDA ZULIANI
 2025-10-10 18:06:39.4536|Recebendo cliente 1196355: FABIANA CEREGATTI
 2025-10-10 18:06:39.6558|Recebendo cliente 1196563: RAFAEL DIEGUES ROSA
 2025-10-10 18:06:39.7492|Recebendo cliente 1196723: FERNANDA MENDES NOGUEIRA SILVA VIANA
 2025-10-10 18:06:39.9575|Recebendo cliente 1196785: NAIOBI HOFFMANN
 2025-10-10 18:06:39.9785|Clientes processados: 6 - Enviados: 0 - Recebidos: 6
 2025-10-10 18:06:40.0485|Não existe nenhum Caixa pendente de sincronização!
 2025-10-10 18:06:40.0485|Não existe nenhuma Operação de Caixa pendente de sincronização!
 2025-10-10 18:06:59.7152|Enviando NFC-e - chave: 42250929005632000200650010000183119215458373 . . .
 2025-10-10 18:06:59.7997|Enviando NFC-e - chave: 42250929005632000200650010000183129434461970 . . .
 2025-10-10 18:07:00.0437|Recebendo itens - 10 item(s).
 2025-10-10 18:07:03.4392|Recebendo itens - 10 itens importados de 10
 2025-10-10 18:07:03.8365|Total de itens recebidos: 10
 2025-10-10 18:07:04.1293|Não existe nenhuma promoção pendente de sincronização!
 2025-10-10 18:07:04.3454|Não existe nenhum lote pendente de sincronização!
 2025-10-10 18:07:04.5581|Recebendo Depósito: Geral
 2025-10-10 18:12:01.3366|Recebendo cliente 1195796: JULIANA ALBES ARAUJO
 2025-10-10 18:12:01.3366|Recebendo cliente 1196234: EDUARDA ZULIANI
 2025-10-10 18:12:01.3506|Recebendo cliente 1196355: FABIANA CEREGATTI
 2025-10-10 18:12:01.6144|Recebendo cliente 1196563: RAFAEL DIEGUES ROSA
 2025-10-10 18:12:01.7017|Recebendo cliente 1196723: FERNANDA MENDES NOGUEIRA SILVA VIANA
 2025-10-10 18:12:01.8845|Recebendo cliente 1196785: NAIOBI HOFFMANN
 2025-10-10 18:12:01.8995|Clientes processados: 6 - Enviados: 0 - Recebidos: 6
 2025-10-10 18:12:10.0347|Pedido de Venda 5812 - 31471503 enviado com sucesso!
 2025-10-10 18:12:24.9136|Enviando NFC-e - chave: 42250929005632000200650010000183119215458373 . . .
 2025-10-10 18:12:24.9601|Enviando NFC-e - chave: 42250929005632000200650010000183129434461970 . . .
 2025-10-10 18:13:44.2828|Recebendo cliente 1195796: JULIANA ALBES ARAUJO
 2025-10-10 18:13:44.2888|Recebendo cliente 1196355: FABIANA CEREGATTI
 2025-10-10 18:13:44.5729|Recebendo cliente 1196563: RAFAEL DIEGUES ROSA
 2025-10-10 18:13:44.6489|Recebendo cliente 1196723: FERNANDA MENDES NOGUEIRA SILVA VIANA
 2025-10-10 18:13:44.8487|Recebendo cliente 1196785: NAIOBI HOFFMANN
 2025-10-10 18:13:44.8647|Clientes processados: 5 - Enviados: 0 - Recebidos: 5
 2025-10-10 18:13:52.0396|Pedido de Venda 5813 - 31471563 enviado com sucesso!
 2025-10-10 18:14:07.5671|Enviando NFC-e - chave: 42250929005632000200650010000183119215458373 . . .
 2025-10-10 18:14:07.6240|Enviando NFC-e - chave: 42250929005632000200650010000183129434461970 . . .
 2025-10-10 18:36:38.5699|Recebendo operador 15948: Operador
 2025-10-10 18:36:38.5699|Recebendo operador 15949: Gerencia
 2025-10-10 18:36:38.7468|Recebendo vendedores 948578: PAULO DANNY MONTEIRO
 2025-10-10 18:36:38.7648|Recebendo vendedores 1002522: CONSUMO CENTRO
 2025-10-10 18:36:38.7828|Recebendo vendedores 1031580: CONSUMO KELLYM WALERIA DOS SANTOS
 2025-10-10 18:36:38.8008|Recebendo vendedores 1031581: CONSUMO PAULO DANNY MONTEIRO
 2025-10-10 18:36:38.8218|Recebendo vendedores 1031583: CONSUMO JAQUELINE PEREIRA VAZ
 2025-10-10 18:36:38.8528|Recebendo vendedores 1038321: CONUSMO WELVIS TEIXEIRA ALVEZ
 2025-10-10 18:36:38.8708|Recebendo vendedores 1057686: CONSUMO THIAGO PEREIRA VAZ
 2025-10-10 18:36:38.8887|Recebendo vendedores 1057687: CONSUMO LUCAS VAZ DA ROSA
 2025-10-10 18:36:38.9077|Recebendo vendedores 1070825: VENDA PARCEIRO (ACIMA 30% S/ COMISSAO)
 2025-10-10 18:36:38.9917|Recebendo vendedores 1090892: GABRIELA PEREIRA
 2025-10-10 18:36:39.0107|Recebendo vendedores 1190705: CONSUMO GABRIELA PEREIRA
 2025-10-10 18:36:39.1520|Não existe nenhum Contato Comercial pendente de sincronização!
 2025-10-10 18:36:39.2744|Recebendo cliente 1195796: JULIANA ALBES ARAUJO
 2025-10-10 18:36:39.3014|Recebendo cliente 1196355: FABIANA CEREGATTI
 2025-10-10 18:36:39.5147|Recebendo cliente 1196563: RAFAEL DIEGUES ROSA
 2025-10-10 18:36:39.6096|Recebendo cliente 1196723: FERNANDA MENDES NOGUEIRA SILVA VIANA
 2025-10-10 18:36:39.8206|Recebendo cliente 1196785: NAIOBI HOFFMANN
 2025-10-10 18:36:39.8507|Recebendo cliente 1196896: LUCIANE OLIVEIRA 
 2025-10-10 18:36:39.8747|Clientes processados: 6 - Enviados: 0 - Recebidos: 6
 2025-10-10 18:36:39.9458|Não existe nenhum Caixa pendente de sincronização!
 2025-10-10 18:36:39.9458|Não existe nenhuma Operação de Caixa pendente de sincronização!
 2025-10-10 18:36:59.6162|Enviando NFC-e - chave: 42250929005632000200650010000183119215458373 . . .
 2025-10-10 18:36:59.6878|Enviando NFC-e - chave: 42250929005632000200650010000183129434461970 . . .
 2025-10-10 18:36:59.9271|Recebendo itens - 3 item(s).
 2025-10-10 18:37:01.5164|Recebendo itens - 3 itens importados de 3
 2025-10-10 18:37:01.8815|Total de itens recebidos: 3
 2025-10-10 18:37:02.1408|Não existe nenhuma promoção pendente de sincronização!
 2025-10-10 18:37:02.3438|Não existe nenhum lote pendente de sincronização!
 2025-10-10 18:37:02.5436|Recebendo Depósito: Geral
 2025-10-10 18:42:20.6910|Recebendo cliente 1195796: JULIANA ALBES ARAUJO
 2025-10-10 18:42:20.6980|Recebendo cliente 1196355: FABIANA CEREGATTI
 2025-10-10 18:42:20.9828|Recebendo cliente 1196563: RAFAEL DIEGUES ROSA
 2025-10-10 18:42:21.0958|Recebendo cliente 1196723: FERNANDA MENDES NOGUEIRA SILVA VIANA
 2025-10-10 18:42:21.2853|Recebendo cliente 1196785: NAIOBI HOFFMANN
 2025-10-10 18:42:21.3271|Recebendo cliente 1196896: LUCIANE OLIVEIRA 
 2025-10-10 18:42:21.3471|Clientes processados: 6 - Enviados: 0 - Recebidos: 6
 2025-10-10 18:42:43.7309|Enviando NFC-e - chave: 42250929005632000200650010000183119215458373 . . .
 2025-10-10 18:42:43.7799|Enviando NFC-e - chave: 42250929005632000200650010000183129434461970 . . .
 2025-10-10 18:42:43.8307|Enviando NFC-e - chave: 42251029005632000200650010000189691811230732 . . .
 2025-10-10 18:42:45.3720|Venda: IdLocal 5814: Documento Fiscal Id:4841  -> IdWeb 10954096
 2025-10-10 18:42:45.3720|NFC-e chave: 42251029005632000200650010000189691811230732 enviada com sucesso!
 2025-10-10 19:01:57.8715|Recebendo vendedores 948578: PAULO DANNY MONTEIRO
 2025-10-10 19:01:57.8936|Recebendo vendedores 1002522: CONSUMO CENTRO
 2025-10-10 19:01:57.9166|Recebendo vendedores 1031580: CONSUMO KELLYM WALERIA DOS SANTOS
 2025-10-10 19:01:57.9417|Recebendo vendedores 1031581: CONSUMO PAULO DANNY MONTEIRO
 2025-10-10 19:01:57.9637|Recebendo vendedores 1031583: CONSUMO JAQUELINE PEREIRA VAZ
 2025-10-10 19:01:57.9886|Recebendo vendedores 1038321: CONUSMO WELVIS TEIXEIRA ALVEZ
 2025-10-10 19:01:58.0106|Recebendo vendedores 1057686: CONSUMO THIAGO PEREIRA VAZ
 2025-10-10 19:01:58.0356|Recebendo vendedores 1057687: CONSUMO LUCAS VAZ DA ROSA
 2025-10-10 19:01:58.0586|Recebendo vendedores 1070825: VENDA PARCEIRO (ACIMA 30% S/ COMISSAO)
 2025-10-10 19:01:58.1506|Recebendo vendedores 1090892: GABRIELA PEREIRA
 2025-10-10 19:01:58.1725|Recebendo vendedores 1190705: CONSUMO GABRIELA PEREIRA
 2025-10-10 19:04:31.4366|Enviando cliente 13989: LUCIANA VIEIRA PIMENTEL
 2025-10-10 19:04:31.4575|Recebendo cliente 1195796: JULIANA ALBES ARAUJO
 2025-10-10 19:04:31.4655|Recebendo cliente 1196355: FABIANA CEREGATTI
 2025-10-10 19:04:31.7233|Recebendo cliente 1196563: RAFAEL DIEGUES ROSA
 2025-10-10 19:04:31.7888|Recebendo cliente 1196723: FERNANDA MENDES NOGUEIRA SILVA VIANA
 2025-10-10 19:04:31.9707|Recebendo cliente 1196785: NAIOBI HOFFMANN
 2025-10-10 19:04:31.9907|Recebendo cliente 1196896: LUCIANE OLIVEIRA 
 2025-10-10 19:04:32.1544|Recebendo cliente 1196928: ANGEL EMANUELY
 2025-10-10 19:04:32.1704|Clientes processados: 8 - Enviados: 1 - Recebidos: 7
 2025-10-10 19:04:55.0441|Enviando NFC-e - chave: 42250929005632000200650010000183119215458373 . . .
 2025-10-10 19:04:55.1020|Enviando NFC-e - chave: 42250929005632000200650010000183129434461970 . . .
 2025-10-10 19:04:55.1483|Enviando NFC-e - chave: 42251029005632000200650010000189701249084598 . . .
 2025-10-10 19:04:56.1454|Venda: IdLocal 5815: Documento Fiscal Id:4842  -> IdWeb 10954845
 2025-10-10 19:04:56.1454|NFC-e chave: 42251029005632000200650010000189701249084598 enviada com sucesso!
 2025-10-10 19:06:38.4814|Recebendo operador 15948: Operador
 2025-10-10 19:06:38.4927|Recebendo operador 15949: Gerencia
 2025-10-10 19:06:38.6566|Recebendo vendedores 948578: PAULO DANNY MONTEIRO
 2025-10-10 19:06:38.6893|Recebendo vendedores 1002522: CONSUMO CENTRO
 2025-10-10 19:06:38.7073|Recebendo vendedores 1031580: CONSUMO KELLYM WALERIA DOS SANTOS
 2025-10-10 19:06:38.7253|Recebendo vendedores 1031581: CONSUMO PAULO DANNY MONTEIRO
 2025-10-10 19:06:38.7433|Recebendo vendedores 1031583: CONSUMO JAQUELINE PEREIRA VAZ
 2025-10-10 19:06:38.7623|Recebendo vendedores 1038321: CONUSMO WELVIS TEIXEIRA ALVEZ
 2025-10-10 19:06:38.7953|Recebendo vendedores 1057686: CONSUMO THIAGO PEREIRA VAZ
 2025-10-10 19:06:38.8132|Recebendo vendedores 1057687: CONSUMO LUCAS VAZ DA ROSA
 2025-10-10 19:06:38.8312|Recebendo vendedores 1070825: VENDA PARCEIRO (ACIMA 30% S/ COMISSAO)
 2025-10-10 19:06:38.9094|Recebendo vendedores 1090892: GABRIELA PEREIRA
 2025-10-10 19:06:38.9263|Recebendo vendedores 1190705: CONSUMO GABRIELA PEREIRA
 2025-10-10 19:06:39.0671|Não existe nenhum Contato Comercial pendente de sincronização!
 2025-10-10 19:06:39.1228|Recebendo cliente 1196355: FABIANA CEREGATTI
 2025-10-10 19:06:39.3372|Recebendo cliente 1196563: RAFAEL DIEGUES ROSA
 2025-10-10 19:06:39.4305|Recebendo cliente 1196723: FERNANDA MENDES NOGUEIRA SILVA VIANA
 2025-10-10 19:06:39.6300|Recebendo cliente 1196785: NAIOBI HOFFMANN
 2025-10-10 19:06:39.6651|Recebendo cliente 1196896: LUCIANE OLIVEIRA 
 2025-10-10 19:06:39.7786|Recebendo cliente 1196967: LUCIANA VIEIRA PIMENTEL
 2025-10-10 19:06:39.8006|Clientes processados: 6 - Enviados: 0 - Recebidos: 6
 2025-10-10 19:06:39.8697|Não existe nenhum Caixa pendente de sincronização!
 2025-10-10 19:06:39.8697|Não existe nenhuma Operação de Caixa pendente de sincronização!
 2025-10-10 19:06:59.2617|Enviando NFC-e - chave: 42250929005632000200650010000183119215458373 . . .
 2025-10-10 19:06:59.3352|Enviando NFC-e - chave: 42250929005632000200650010000183129434461970 . . .
 2025-10-10 19:06:59.5931|Recebendo itens - 7 item(s).
 2025-10-10 19:07:02.2719|Recebendo itens - 7 itens importados de 7
 2025-10-10 19:07:02.6359|Total de itens recebidos: 7
 2025-10-10 19:07:02.8949|Não existe nenhuma promoção pendente de sincronização!
 2025-10-10 19:07:03.0974|Não existe nenhum lote pendente de sincronização!
 2025-10-10 19:07:03.2979|Recebendo Depósito: Geral
 2025-10-10 19:12:54.4864|Enviando caixa 294
 2025-10-10 19:12:54.4864|Não existe nenhuma Operação de Caixa pendente de sincronização!
